[0.045s] Invoking command in '/home/nagisa/fishbot_ws/build/dwb_plugins': AMENT_PREFIX_PATH=/home/nagisa/fishbot_ws/install/dwb_core:/home/nagisa/fishbot_ws/install/nav2_core:/home/nagisa/fishbot_ws/install/nav2_costmap_2d:/home/nagisa/fishbot_ws/install/nav_2d_utils:/home/nagisa/fishbot_ws/install/nav2_map_server:/home/nagisa/fishbot_ws/install/nav2_lifecycle_manager:/home/nagisa/fishbot_ws/install/nav2_util:/home/nagisa/fishbot_ws/install/nav2_voxel_grid:/home/nagisa/fishbot_ws/install/nav2_msgs:/home/nagisa/fishbot_ws/install/dwb_msgs:/home/nagisa/fishbot_ws/install/nav_2d_msgs:/home/nagisa/fishbot_ws/install/nav2_common:${AMENT_PREFIX_PATH} CMAKE_PREFIX_PATH=/home/nagisa/fishbot_ws/install/dwb_core:/home/nagisa/fishbot_ws/install/nav2_core:/home/nagisa/fishbot_ws/install/nav2_costmap_2d:/home/nagisa/fishbot_ws/install/nav_2d_utils:/home/nagisa/fishbot_ws/install/nav2_map_server:/home/nagisa/fishbot_ws/install/nav2_lifecycle_manager:/home/nagisa/fishbot_ws/install/nav2_util:/home/nagisa/fishbot_ws/install/nav2_voxel_grid:/home/nagisa/fishbot_ws/install/nav2_msgs:/home/nagisa/fishbot_ws/install/dwb_msgs:/home/nagisa/fishbot_ws/install/nav_2d_msgs:/home/nagisa/fishbot_ws/install/nav2_common:/opt/ros/humble LD_LIBRARY_PATH=/home/nagisa/fishbot_ws/install/dwb_core/lib:/home/nagisa/fishbot_ws/install/nav2_costmap_2d/lib:/home/nagisa/fishbot_ws/install/nav_2d_utils/lib:/home/nagisa/fishbot_ws/install/nav2_map_server/lib:/home/nagisa/fishbot_ws/install/nav2_lifecycle_manager/lib:/home/nagisa/fishbot_ws/install/nav2_util/lib:/home/nagisa/fishbot_ws/install/nav2_voxel_grid/lib:/home/nagisa/fishbot_ws/install/nav2_msgs/lib:/home/nagisa/fishbot_ws/install/dwb_msgs/lib:/home/nagisa/fishbot_ws/install/nav_2d_msgs/lib:${LD_LIBRARY_PATH} PYTHONPATH=/home/nagisa/fishbot_ws/install/nav2_msgs/local/lib/python3.10/dist-packages:/home/nagisa/fishbot_ws/install/dwb_msgs/local/lib/python3.10/dist-packages:/home/nagisa/fishbot_ws/install/nav_2d_msgs/local/lib/python3.10/dist-packages:/home/nagisa/fishbot_ws/install/nav2_common/local/lib/python3.10/dist-packages:${PYTHONPATH} /usr/bin/cmake --build /home/nagisa/fishbot_ws/build/dwb_plugins -- -j12 -l12
[0.114s] [35m[1mConsolidate compiler generated dependencies of target gtest_main[0m
[0.114s] [35m[1mConsolidate compiler generated dependencies of target gtest[0m
[0.119s] [35m[1mConsolidate compiler generated dependencies of target standard_traj_generator[0m
[0.132s] [ 11%] Built target gtest
[0.132s] [ 23%] Built target gtest_main
[0.149s] [ 52%] Built target standard_traj_generator
[0.150s] [35m[1mConsolidate compiler generated dependencies of target vtest[0m
[0.167s] [ 64%] Built target vtest
[0.169s] [35m[1mConsolidate compiler generated dependencies of target kinematic_parameters_test[0m
[0.169s] [35m[1mConsolidate compiler generated dependencies of target twist_gen_test[0m
[0.169s] [35m[1mConsolidate compiler generated dependencies of target speed_limit_test[0m
[0.191s] [ 88%] Built target speed_limit_test
[0.192s] [ 88%] Built target kinematic_parameters_test
[0.192s] [100%] Built target twist_gen_test
[0.204s] Invoked command in '/home/nagisa/fishbot_ws/build/dwb_plugins' returned '0': AMENT_PREFIX_PATH=/home/nagisa/fishbot_ws/install/dwb_core:/home/nagisa/fishbot_ws/install/nav2_core:/home/nagisa/fishbot_ws/install/nav2_costmap_2d:/home/nagisa/fishbot_ws/install/nav_2d_utils:/home/nagisa/fishbot_ws/install/nav2_map_server:/home/nagisa/fishbot_ws/install/nav2_lifecycle_manager:/home/nagisa/fishbot_ws/install/nav2_util:/home/nagisa/fishbot_ws/install/nav2_voxel_grid:/home/nagisa/fishbot_ws/install/nav2_msgs:/home/nagisa/fishbot_ws/install/dwb_msgs:/home/nagisa/fishbot_ws/install/nav_2d_msgs:/home/nagisa/fishbot_ws/install/nav2_common:${AMENT_PREFIX_PATH} CMAKE_PREFIX_PATH=/home/nagisa/fishbot_ws/install/dwb_core:/home/nagisa/fishbot_ws/install/nav2_core:/home/nagisa/fishbot_ws/install/nav2_costmap_2d:/home/nagisa/fishbot_ws/install/nav_2d_utils:/home/nagisa/fishbot_ws/install/nav2_map_server:/home/nagisa/fishbot_ws/install/nav2_lifecycle_manager:/home/nagisa/fishbot_ws/install/nav2_util:/home/nagisa/fishbot_ws/install/nav2_voxel_grid:/home/nagisa/fishbot_ws/install/nav2_msgs:/home/nagisa/fishbot_ws/install/dwb_msgs:/home/nagisa/fishbot_ws/install/nav_2d_msgs:/home/nagisa/fishbot_ws/install/nav2_common:/opt/ros/humble LD_LIBRARY_PATH=/home/nagisa/fishbot_ws/install/dwb_core/lib:/home/nagisa/fishbot_ws/install/nav2_costmap_2d/lib:/home/nagisa/fishbot_ws/install/nav_2d_utils/lib:/home/nagisa/fishbot_ws/install/nav2_map_server/lib:/home/nagisa/fishbot_ws/install/nav2_lifecycle_manager/lib:/home/nagisa/fishbot_ws/install/nav2_util/lib:/home/nagisa/fishbot_ws/install/nav2_voxel_grid/lib:/home/nagisa/fishbot_ws/install/nav2_msgs/lib:/home/nagisa/fishbot_ws/install/dwb_msgs/lib:/home/nagisa/fishbot_ws/install/nav_2d_msgs/lib:${LD_LIBRARY_PATH} PYTHONPATH=/home/nagisa/fishbot_ws/install/nav2_msgs/local/lib/python3.10/dist-packages:/home/nagisa/fishbot_ws/install/dwb_msgs/local/lib/python3.10/dist-packages:/home/nagisa/fishbot_ws/install/nav_2d_msgs/local/lib/python3.10/dist-packages:/home/nagisa/fishbot_ws/install/nav2_common/local/lib/python3.10/dist-packages:${PYTHONPATH} /usr/bin/cmake --build /home/nagisa/fishbot_ws/build/dwb_plugins -- -j12 -l12
[0.287s] Invoking command in '/home/nagisa/fishbot_ws/build/dwb_plugins': AMENT_PREFIX_PATH=/home/nagisa/fishbot_ws/install/dwb_core:/home/nagisa/fishbot_ws/install/nav2_core:/home/nagisa/fishbot_ws/install/nav2_costmap_2d:/home/nagisa/fishbot_ws/install/nav_2d_utils:/home/nagisa/fishbot_ws/install/nav2_map_server:/home/nagisa/fishbot_ws/install/nav2_lifecycle_manager:/home/nagisa/fishbot_ws/install/nav2_util:/home/nagisa/fishbot_ws/install/nav2_voxel_grid:/home/nagisa/fishbot_ws/install/nav2_msgs:/home/nagisa/fishbot_ws/install/dwb_msgs:/home/nagisa/fishbot_ws/install/nav_2d_msgs:/home/nagisa/fishbot_ws/install/nav2_common:${AMENT_PREFIX_PATH} CMAKE_PREFIX_PATH=/home/nagisa/fishbot_ws/install/dwb_core:/home/nagisa/fishbot_ws/install/nav2_core:/home/nagisa/fishbot_ws/install/nav2_costmap_2d:/home/nagisa/fishbot_ws/install/nav_2d_utils:/home/nagisa/fishbot_ws/install/nav2_map_server:/home/nagisa/fishbot_ws/install/nav2_lifecycle_manager:/home/nagisa/fishbot_ws/install/nav2_util:/home/nagisa/fishbot_ws/install/nav2_voxel_grid:/home/nagisa/fishbot_ws/install/nav2_msgs:/home/nagisa/fishbot_ws/install/dwb_msgs:/home/nagisa/fishbot_ws/install/nav_2d_msgs:/home/nagisa/fishbot_ws/install/nav2_common:/opt/ros/humble LD_LIBRARY_PATH=/home/nagisa/fishbot_ws/install/dwb_core/lib:/home/nagisa/fishbot_ws/install/nav2_costmap_2d/lib:/home/nagisa/fishbot_ws/install/nav_2d_utils/lib:/home/nagisa/fishbot_ws/install/nav2_map_server/lib:/home/nagisa/fishbot_ws/install/nav2_lifecycle_manager/lib:/home/nagisa/fishbot_ws/install/nav2_util/lib:/home/nagisa/fishbot_ws/install/nav2_voxel_grid/lib:/home/nagisa/fishbot_ws/install/nav2_msgs/lib:/home/nagisa/fishbot_ws/install/dwb_msgs/lib:/home/nagisa/fishbot_ws/install/nav_2d_msgs/lib:${LD_LIBRARY_PATH} PYTHONPATH=/home/nagisa/fishbot_ws/install/nav2_msgs/local/lib/python3.10/dist-packages:/home/nagisa/fishbot_ws/install/dwb_msgs/local/lib/python3.10/dist-packages:/home/nagisa/fishbot_ws/install/nav_2d_msgs/local/lib/python3.10/dist-packages:/home/nagisa/fishbot_ws/install/nav2_common/local/lib/python3.10/dist-packages:${PYTHONPATH} /usr/bin/cmake --install /home/nagisa/fishbot_ws/build/dwb_plugins
[0.297s] -- Install configuration: "Release"
[0.299s] -- Up-to-date: /home/nagisa/fishbot_ws/install/dwb_plugins/lib/libstandard_traj_generator.so
[0.300s] -- Up-to-date: /home/nagisa/fishbot_ws/install/dwb_plugins/include/
[0.300s] -- Up-to-date: /home/nagisa/fishbot_ws/install/dwb_plugins/include//dwb_plugins
[0.301s] -- Up-to-date: /home/nagisa/fishbot_ws/install/dwb_plugins/include//dwb_plugins/one_d_velocity_iterator.hpp
[0.301s] -- Up-to-date: /home/nagisa/fishbot_ws/install/dwb_plugins/include//dwb_plugins/kinematic_parameters.hpp
[0.301s] -- Up-to-date: /home/nagisa/fishbot_ws/install/dwb_plugins/include//dwb_plugins/xy_theta_iterator.hpp
[0.301s] -- Up-to-date: /home/nagisa/fishbot_ws/install/dwb_plugins/include//dwb_plugins/standard_traj_generator.hpp
[0.301s] -- Up-to-date: /home/nagisa/fishbot_ws/install/dwb_plugins/include//dwb_plugins/velocity_iterator.hpp
[0.301s] -- Up-to-date: /home/nagisa/fishbot_ws/install/dwb_plugins/include//dwb_plugins/limited_accel_generator.hpp
[0.302s] -- Up-to-date: /home/nagisa/fishbot_ws/install/dwb_plugins/share/dwb_plugins/plugins.xml
[0.302s] -- Up-to-date: /home/nagisa/fishbot_ws/install/dwb_plugins/share/dwb_plugins/environment/library_path.sh
[0.302s] -- Up-to-date: /home/nagisa/fishbot_ws/install/dwb_plugins/share/dwb_plugins/environment/library_path.dsv
[0.302s] -- Up-to-date: /home/nagisa/fishbot_ws/install/dwb_plugins/share/dwb_plugins/plugins.xml
[0.303s] -- Up-to-date: /home/nagisa/fishbot_ws/install/dwb_plugins/share/ament_index/resource_index/package_run_dependencies/dwb_plugins
[0.303s] -- Up-to-date: /home/nagisa/fishbot_ws/install/dwb_plugins/share/ament_index/resource_index/parent_prefix_path/dwb_plugins
[0.303s] -- Up-to-date: /home/nagisa/fishbot_ws/install/dwb_plugins/share/dwb_plugins/environment/ament_prefix_path.sh
[0.304s] -- Up-to-date: /home/nagisa/fishbot_ws/install/dwb_plugins/share/dwb_plugins/environment/ament_prefix_path.dsv
[0.304s] -- Up-to-date: /home/nagisa/fishbot_ws/install/dwb_plugins/share/dwb_plugins/environment/path.sh
[0.304s] -- Up-to-date: /home/nagisa/fishbot_ws/install/dwb_plugins/share/dwb_plugins/environment/path.dsv
[0.304s] -- Up-to-date: /home/nagisa/fishbot_ws/install/dwb_plugins/share/dwb_plugins/local_setup.bash
[0.304s] -- Up-to-date: /home/nagisa/fishbot_ws/install/dwb_plugins/share/dwb_plugins/local_setup.sh
[0.304s] -- Up-to-date: /home/nagisa/fishbot_ws/install/dwb_plugins/share/dwb_plugins/local_setup.zsh
[0.304s] -- Up-to-date: /home/nagisa/fishbot_ws/install/dwb_plugins/share/dwb_plugins/local_setup.dsv
[0.304s] -- Installing: /home/nagisa/fishbot_ws/install/dwb_plugins/share/dwb_plugins/package.dsv
[0.304s] -- Up-to-date: /home/nagisa/fishbot_ws/install/dwb_plugins/share/ament_index/resource_index/packages/dwb_plugins
[0.305s] -- Up-to-date: /home/nagisa/fishbot_ws/install/dwb_plugins/share/ament_index/resource_index/dwb_core__pluginlib__plugin/dwb_plugins
[0.305s] -- Up-to-date: /home/nagisa/fishbot_ws/install/dwb_plugins/share/dwb_plugins/cmake/ament_cmake_export_include_directories-extras.cmake
[0.306s] -- Up-to-date: /home/nagisa/fishbot_ws/install/dwb_plugins/share/dwb_plugins/cmake/ament_cmake_export_libraries-extras.cmake
[0.306s] -- Up-to-date: /home/nagisa/fishbot_ws/install/dwb_plugins/share/dwb_plugins/cmake/dwb_pluginsConfig.cmake
[0.306s] -- Up-to-date: /home/nagisa/fishbot_ws/install/dwb_plugins/share/dwb_plugins/cmake/dwb_pluginsConfig-version.cmake
[0.306s] -- Up-to-date: /home/nagisa/fishbot_ws/install/dwb_plugins/share/dwb_plugins/package.xml
[0.309s] Invoked command in '/home/nagisa/fishbot_ws/build/dwb_plugins' returned '0': AMENT_PREFIX_PATH=/home/nagisa/fishbot_ws/install/dwb_core:/home/nagisa/fishbot_ws/install/nav2_core:/home/nagisa/fishbot_ws/install/nav2_costmap_2d:/home/nagisa/fishbot_ws/install/nav_2d_utils:/home/nagisa/fishbot_ws/install/nav2_map_server:/home/nagisa/fishbot_ws/install/nav2_lifecycle_manager:/home/nagisa/fishbot_ws/install/nav2_util:/home/nagisa/fishbot_ws/install/nav2_voxel_grid:/home/nagisa/fishbot_ws/install/nav2_msgs:/home/nagisa/fishbot_ws/install/dwb_msgs:/home/nagisa/fishbot_ws/install/nav_2d_msgs:/home/nagisa/fishbot_ws/install/nav2_common:${AMENT_PREFIX_PATH} CMAKE_PREFIX_PATH=/home/nagisa/fishbot_ws/install/dwb_core:/home/nagisa/fishbot_ws/install/nav2_core:/home/nagisa/fishbot_ws/install/nav2_costmap_2d:/home/nagisa/fishbot_ws/install/nav_2d_utils:/home/nagisa/fishbot_ws/install/nav2_map_server:/home/nagisa/fishbot_ws/install/nav2_lifecycle_manager:/home/nagisa/fishbot_ws/install/nav2_util:/home/nagisa/fishbot_ws/install/nav2_voxel_grid:/home/nagisa/fishbot_ws/install/nav2_msgs:/home/nagisa/fishbot_ws/install/dwb_msgs:/home/nagisa/fishbot_ws/install/nav_2d_msgs:/home/nagisa/fishbot_ws/install/nav2_common:/opt/ros/humble LD_LIBRARY_PATH=/home/nagisa/fishbot_ws/install/dwb_core/lib:/home/nagisa/fishbot_ws/install/nav2_costmap_2d/lib:/home/nagisa/fishbot_ws/install/nav_2d_utils/lib:/home/nagisa/fishbot_ws/install/nav2_map_server/lib:/home/nagisa/fishbot_ws/install/nav2_lifecycle_manager/lib:/home/nagisa/fishbot_ws/install/nav2_util/lib:/home/nagisa/fishbot_ws/install/nav2_voxel_grid/lib:/home/nagisa/fishbot_ws/install/nav2_msgs/lib:/home/nagisa/fishbot_ws/install/dwb_msgs/lib:/home/nagisa/fishbot_ws/install/nav_2d_msgs/lib:${LD_LIBRARY_PATH} PYTHONPATH=/home/nagisa/fishbot_ws/install/nav2_msgs/local/lib/python3.10/dist-packages:/home/nagisa/fishbot_ws/install/dwb_msgs/local/lib/python3.10/dist-packages:/home/nagisa/fishbot_ws/install/nav_2d_msgs/local/lib/python3.10/dist-packages:/home/nagisa/fishbot_ws/install/nav2_common/local/lib/python3.10/dist-packages:${PYTHONPATH} /usr/bin/cmake --install /home/nagisa/fishbot_ws/build/dwb_plugins
