[0.032s] Invoking command in '/home/nagisa/fishbot_ws/build/nav2_planner': AMENT_PREFIX_PATH=/home/nagisa/fishbot_ws/install/nav2_core:/home/nagisa/fishbot_ws/install/nav2_costmap_2d:/home/nagisa/fishbot_ws/install/nav2_map_server:/home/nagisa/fishbot_ws/install/nav2_lifecycle_manager:/home/nagisa/fishbot_ws/install/nav2_util:/home/nagisa/fishbot_ws/install/nav2_voxel_grid:/home/nagisa/fishbot_ws/install/nav2_msgs:/home/nagisa/fishbot_ws/install/nav2_common:${AMENT_PREFIX_PATH} CMAKE_PREFIX_PATH=/home/nagisa/fishbot_ws/install/nav2_core:/home/nagisa/fishbot_ws/install/nav2_costmap_2d:/home/nagisa/fishbot_ws/install/nav2_map_server:/home/nagisa/fishbot_ws/install/nav2_lifecycle_manager:/home/nagisa/fishbot_ws/install/nav2_util:/home/nagisa/fishbot_ws/install/nav2_voxel_grid:/home/nagisa/fishbot_ws/install/nav2_msgs:/home/nagisa/fishbot_ws/install/nav2_common:/opt/ros/humble LD_LIBRARY_PATH=/home/nagisa/fishbot_ws/install/nav2_costmap_2d/lib:/home/nagisa/fishbot_ws/install/nav2_map_server/lib:/home/nagisa/fishbot_ws/install/nav2_lifecycle_manager/lib:/home/nagisa/fishbot_ws/install/nav2_util/lib:/home/nagisa/fishbot_ws/install/nav2_voxel_grid/lib:/home/nagisa/fishbot_ws/install/nav2_msgs/lib:${LD_LIBRARY_PATH} PYTHONPATH=/home/nagisa/fishbot_ws/install/nav2_msgs/local/lib/python3.10/dist-packages:/home/nagisa/fishbot_ws/install/nav2_common/local/lib/python3.10/dist-packages:${PYTHONPATH} /usr/bin/cmake --build /home/nagisa/fishbot_ws/build/nav2_planner -- -j12 -l12
[0.100s] [35m[1mConsolidate compiler generated dependencies of target gtest_main[0m
[0.102s] [35m[1mConsolidate compiler generated dependencies of target gtest[0m
[0.103s] [35m[1mConsolidate compiler generated dependencies of target planner_server_core[0m
[0.118s] [ 20%] Built target gtest_main
[0.119s] [ 40%] Built target gtest
[0.130s] [ 60%] Built target planner_server_core
[0.150s] [35m[1mConsolidate compiler generated dependencies of target test_dynamic_parameters[0m
[0.150s] [35m[1mConsolidate compiler generated dependencies of target planner_server[0m
[0.174s] [ 80%] Built target test_dynamic_parameters
[0.174s] [100%] Built target planner_server
[0.186s] Invoked command in '/home/nagisa/fishbot_ws/build/nav2_planner' returned '0': AMENT_PREFIX_PATH=/home/nagisa/fishbot_ws/install/nav2_core:/home/nagisa/fishbot_ws/install/nav2_costmap_2d:/home/nagisa/fishbot_ws/install/nav2_map_server:/home/nagisa/fishbot_ws/install/nav2_lifecycle_manager:/home/nagisa/fishbot_ws/install/nav2_util:/home/nagisa/fishbot_ws/install/nav2_voxel_grid:/home/nagisa/fishbot_ws/install/nav2_msgs:/home/nagisa/fishbot_ws/install/nav2_common:${AMENT_PREFIX_PATH} CMAKE_PREFIX_PATH=/home/nagisa/fishbot_ws/install/nav2_core:/home/nagisa/fishbot_ws/install/nav2_costmap_2d:/home/nagisa/fishbot_ws/install/nav2_map_server:/home/nagisa/fishbot_ws/install/nav2_lifecycle_manager:/home/nagisa/fishbot_ws/install/nav2_util:/home/nagisa/fishbot_ws/install/nav2_voxel_grid:/home/nagisa/fishbot_ws/install/nav2_msgs:/home/nagisa/fishbot_ws/install/nav2_common:/opt/ros/humble LD_LIBRARY_PATH=/home/nagisa/fishbot_ws/install/nav2_costmap_2d/lib:/home/nagisa/fishbot_ws/install/nav2_map_server/lib:/home/nagisa/fishbot_ws/install/nav2_lifecycle_manager/lib:/home/nagisa/fishbot_ws/install/nav2_util/lib:/home/nagisa/fishbot_ws/install/nav2_voxel_grid/lib:/home/nagisa/fishbot_ws/install/nav2_msgs/lib:${LD_LIBRARY_PATH} PYTHONPATH=/home/nagisa/fishbot_ws/install/nav2_msgs/local/lib/python3.10/dist-packages:/home/nagisa/fishbot_ws/install/nav2_common/local/lib/python3.10/dist-packages:${PYTHONPATH} /usr/bin/cmake --build /home/nagisa/fishbot_ws/build/nav2_planner -- -j12 -l12
[0.236s] Invoking command in '/home/nagisa/fishbot_ws/build/nav2_planner': AMENT_PREFIX_PATH=/home/nagisa/fishbot_ws/install/nav2_core:/home/nagisa/fishbot_ws/install/nav2_costmap_2d:/home/nagisa/fishbot_ws/install/nav2_map_server:/home/nagisa/fishbot_ws/install/nav2_lifecycle_manager:/home/nagisa/fishbot_ws/install/nav2_util:/home/nagisa/fishbot_ws/install/nav2_voxel_grid:/home/nagisa/fishbot_ws/install/nav2_msgs:/home/nagisa/fishbot_ws/install/nav2_common:${AMENT_PREFIX_PATH} CMAKE_PREFIX_PATH=/home/nagisa/fishbot_ws/install/nav2_core:/home/nagisa/fishbot_ws/install/nav2_costmap_2d:/home/nagisa/fishbot_ws/install/nav2_map_server:/home/nagisa/fishbot_ws/install/nav2_lifecycle_manager:/home/nagisa/fishbot_ws/install/nav2_util:/home/nagisa/fishbot_ws/install/nav2_voxel_grid:/home/nagisa/fishbot_ws/install/nav2_msgs:/home/nagisa/fishbot_ws/install/nav2_common:/opt/ros/humble LD_LIBRARY_PATH=/home/nagisa/fishbot_ws/install/nav2_costmap_2d/lib:/home/nagisa/fishbot_ws/install/nav2_map_server/lib:/home/nagisa/fishbot_ws/install/nav2_lifecycle_manager/lib:/home/nagisa/fishbot_ws/install/nav2_util/lib:/home/nagisa/fishbot_ws/install/nav2_voxel_grid/lib:/home/nagisa/fishbot_ws/install/nav2_msgs/lib:${LD_LIBRARY_PATH} PYTHONPATH=/home/nagisa/fishbot_ws/install/nav2_msgs/local/lib/python3.10/dist-packages:/home/nagisa/fishbot_ws/install/nav2_common/local/lib/python3.10/dist-packages:${PYTHONPATH} /usr/bin/cmake --install /home/nagisa/fishbot_ws/build/nav2_planner
[0.245s] -- Install configuration: "Release"
[0.248s] -- Up-to-date: /home/nagisa/fishbot_ws/install/nav2_planner/lib/libplanner_server_core.so
[0.250s] -- Up-to-date: /home/nagisa/fishbot_ws/install/nav2_planner/lib/nav2_planner/planner_server
[0.250s] -- Up-to-date: /home/nagisa/fishbot_ws/install/nav2_planner/include/
[0.251s] -- Up-to-date: /home/nagisa/fishbot_ws/install/nav2_planner/include//nav2_planner
[0.251s] -- Up-to-date: /home/nagisa/fishbot_ws/install/nav2_planner/include//nav2_planner/planner_server.hpp
[0.252s] -- Up-to-date: /home/nagisa/fishbot_ws/install/nav2_planner/share/nav2_planner/environment/library_path.sh
[0.252s] -- Up-to-date: /home/nagisa/fishbot_ws/install/nav2_planner/share/nav2_planner/environment/library_path.dsv
[0.253s] -- Up-to-date: /home/nagisa/fishbot_ws/install/nav2_planner/share/ament_index/resource_index/package_run_dependencies/nav2_planner
[0.254s] -- Up-to-date: /home/nagisa/fishbot_ws/install/nav2_planner/share/ament_index/resource_index/parent_prefix_path/nav2_planner
[0.254s] -- Up-to-date: /home/nagisa/fishbot_ws/install/nav2_planner/share/nav2_planner/environment/ament_prefix_path.sh
[0.254s] -- Up-to-date: /home/nagisa/fishbot_ws/install/nav2_planner/share/nav2_planner/environment/ament_prefix_path.dsv
[0.254s] -- Up-to-date: /home/nagisa/fishbot_ws/install/nav2_planner/share/nav2_planner/environment/path.sh
[0.254s] -- Up-to-date: /home/nagisa/fishbot_ws/install/nav2_planner/share/nav2_planner/environment/path.dsv
[0.254s] -- Up-to-date: /home/nagisa/fishbot_ws/install/nav2_planner/share/nav2_planner/local_setup.bash
[0.254s] -- Up-to-date: /home/nagisa/fishbot_ws/install/nav2_planner/share/nav2_planner/local_setup.sh
[0.254s] -- Up-to-date: /home/nagisa/fishbot_ws/install/nav2_planner/share/nav2_planner/local_setup.zsh
[0.254s] -- Up-to-date: /home/nagisa/fishbot_ws/install/nav2_planner/share/nav2_planner/local_setup.dsv
[0.254s] -- Installing: /home/nagisa/fishbot_ws/install/nav2_planner/share/nav2_planner/package.dsv
[0.255s] -- Up-to-date: /home/nagisa/fishbot_ws/install/nav2_planner/share/ament_index/resource_index/packages/nav2_planner
[0.255s] -- Up-to-date: /home/nagisa/fishbot_ws/install/nav2_planner/share/ament_index/resource_index/rclcpp_components/nav2_planner
[0.256s] -- Up-to-date: /home/nagisa/fishbot_ws/install/nav2_planner/share/nav2_planner/cmake/ament_cmake_export_include_directories-extras.cmake
[0.256s] -- Up-to-date: /home/nagisa/fishbot_ws/install/nav2_planner/share/nav2_planner/cmake/ament_cmake_export_libraries-extras.cmake
[0.256s] -- Up-to-date: /home/nagisa/fishbot_ws/install/nav2_planner/share/nav2_planner/cmake/ament_cmake_export_dependencies-extras.cmake
[0.256s] -- Up-to-date: /home/nagisa/fishbot_ws/install/nav2_planner/share/nav2_planner/cmake/nav2_plannerConfig.cmake
[0.257s] -- Up-to-date: /home/nagisa/fishbot_ws/install/nav2_planner/share/nav2_planner/cmake/nav2_plannerConfig-version.cmake
[0.257s] -- Up-to-date: /home/nagisa/fishbot_ws/install/nav2_planner/share/nav2_planner/package.xml
[0.260s] Invoked command in '/home/nagisa/fishbot_ws/build/nav2_planner' returned '0': AMENT_PREFIX_PATH=/home/nagisa/fishbot_ws/install/nav2_core:/home/nagisa/fishbot_ws/install/nav2_costmap_2d:/home/nagisa/fishbot_ws/install/nav2_map_server:/home/nagisa/fishbot_ws/install/nav2_lifecycle_manager:/home/nagisa/fishbot_ws/install/nav2_util:/home/nagisa/fishbot_ws/install/nav2_voxel_grid:/home/nagisa/fishbot_ws/install/nav2_msgs:/home/nagisa/fishbot_ws/install/nav2_common:${AMENT_PREFIX_PATH} CMAKE_PREFIX_PATH=/home/nagisa/fishbot_ws/install/nav2_core:/home/nagisa/fishbot_ws/install/nav2_costmap_2d:/home/nagisa/fishbot_ws/install/nav2_map_server:/home/nagisa/fishbot_ws/install/nav2_lifecycle_manager:/home/nagisa/fishbot_ws/install/nav2_util:/home/nagisa/fishbot_ws/install/nav2_voxel_grid:/home/nagisa/fishbot_ws/install/nav2_msgs:/home/nagisa/fishbot_ws/install/nav2_common:/opt/ros/humble LD_LIBRARY_PATH=/home/nagisa/fishbot_ws/install/nav2_costmap_2d/lib:/home/nagisa/fishbot_ws/install/nav2_map_server/lib:/home/nagisa/fishbot_ws/install/nav2_lifecycle_manager/lib:/home/nagisa/fishbot_ws/install/nav2_util/lib:/home/nagisa/fishbot_ws/install/nav2_voxel_grid/lib:/home/nagisa/fishbot_ws/install/nav2_msgs/lib:${LD_LIBRARY_PATH} PYTHONPATH=/home/nagisa/fishbot_ws/install/nav2_msgs/local/lib/python3.10/dist-packages:/home/nagisa/fishbot_ws/install/nav2_common/local/lib/python3.10/dist-packages:${PYTHONPATH} /usr/bin/cmake --install /home/nagisa/fishbot_ws/build/nav2_planner
