[0.144s] Invoking command in '/home/nagisa/fishbot_ws/build/nav2_velocity_smoother': AMENT_PREFIX_PATH=/home/nagisa/fishbot_ws/install/nav2_util:/home/nagisa/fishbot_ws/install/nav2_msgs:/home/nagisa/fishbot_ws/install/nav2_common:${AMENT_PREFIX_PATH} CMAKE_PREFIX_PATH=/home/nagisa/fishbot_ws/install/nav2_util:/home/nagisa/fishbot_ws/install/nav2_msgs:/home/nagisa/fishbot_ws/install/nav2_common:/opt/ros/humble LD_LIBRARY_PATH=/home/nagisa/fishbot_ws/install/nav2_util/lib:/home/nagisa/fishbot_ws/install/nav2_msgs/lib:${LD_LIBRARY_PATH} PYTHONPATH=/home/nagisa/fishbot_ws/install/nav2_msgs/local/lib/python3.10/dist-packages:/home/nagisa/fishbot_ws/install/nav2_common/local/lib/python3.10/dist-packages:${PYTHONPATH} /usr/bin/cmake /home/nagisa/fishbot_ws/src/navigation2/nav2_velocity_smoother -DCMAKE_INSTALL_PREFIX=/home/nagisa/fishbot_ws/install/nav2_velocity_smoother
[0.453s] -- The C compiler identification is GNU 11.4.0
[0.640s] -- The CXX compiler identification is GNU 11.4.0
[0.677s] -- Detecting C compiler ABI info
[0.914s] -- Detecting C compiler ABI info - done
[0.933s] -- Check for working C compiler: /usr/bin/cc - skipped
[0.934s] -- Detecting C compile features
[0.935s] -- Detecting C compile features - done
[0.942s] -- Detecting CXX compiler ABI info
[1.229s] -- Detecting CXX compiler ABI info - done
[1.254s] -- Check for working CXX compiler: /usr/bin/c++ - skipped
[1.256s] -- Detecting CXX compile features
[1.256s] -- Detecting CXX compile features - done
[1.263s] -- Found ament_cmake: 1.3.10 (/opt/ros/humble/share/ament_cmake/cmake)
[1.714s] -- Found Python3: /usr/bin/python3 (found version "3.10.12") found components: Interpreter 
[2.068s] -- Found nav2_common: 1.1.16 (/home/nagisa/fishbot_ws/install/nav2_common/share/nav2_common/cmake)
[2.087s] -- Found rclcpp: 16.0.10 (/opt/ros/humble/share/rclcpp/cmake)
[2.282s] -- Found rosidl_generator_c: 3.1.5 (/opt/ros/humble/share/rosidl_generator_c/cmake)
[2.306s] -- Found rosidl_adapter: 3.1.5 (/opt/ros/humble/share/rosidl_adapter/cmake)
[2.353s] -- Found rosidl_generator_cpp: 3.1.5 (/opt/ros/humble/share/rosidl_generator_cpp/cmake)
[2.445s] -- Using all available rosidl_typesupport_c: rosidl_typesupport_fastrtps_c;rosidl_typesupport_introspection_c
[2.535s] -- Using all available rosidl_typesupport_cpp: rosidl_typesupport_fastrtps_cpp;rosidl_typesupport_introspection_cpp
[2.746s] -- Found rmw_implementation_cmake: 6.1.2 (/opt/ros/humble/share/rmw_implementation_cmake/cmake)
[2.761s] -- Found rmw_fastrtps_cpp: 6.2.7 (/opt/ros/humble/share/rmw_fastrtps_cpp/cmake)
[3.162s] -- Found OpenSSL: /usr/lib/x86_64-linux-gnu/libcrypto.so (found version "3.0.2")  
[3.243s] -- Found FastRTPS: /opt/ros/humble/include  
[3.347s] -- Using RMW implementation 'rmw_fastrtps_cpp' as default
[3.424s] -- Looking for pthread.h
[3.717s] -- Looking for pthread.h - found
[3.718s] -- Performing Test CMAKE_HAVE_LIBC_PTHREAD
[3.972s] -- Performing Test CMAKE_HAVE_LIBC_PTHREAD - Success
[3.975s] -- Found Threads: TRUE  
[4.192s] -- Found rclcpp_components: 16.0.10 (/opt/ros/humble/share/rclcpp_components/cmake)
[4.263s] -- Found geometry_msgs: 4.2.4 (/opt/ros/humble/share/geometry_msgs/cmake)
[4.295s] -- Found nav2_util: 1.1.16 (/home/nagisa/fishbot_ws/install/nav2_util/share/nav2_util/cmake)
[4.652s] -- Found eigen3_cmake_module: 0.1.1 (/opt/ros/humble/share/eigen3_cmake_module/cmake)
[4.652s] -- Found Eigen3: TRUE (found version "3.4.0") 
[4.653s] -- Ensuring Eigen3 include directory is part of orocos-kdl CMake target
[4.833s] -- Setting build type to Release as none was specified.
[4.932s] -- Found ament_lint_auto: 0.12.11 (/opt/ros/humble/share/ament_lint_auto/cmake)
[5.291s] -- Found gtest sources under '/opt/ros/humble/src/gtest_vendor': C++ tests using 'Google Test' will be built
[5.362s] -- Added test 'cppcheck' to perform static code analysis on C / C++ code
[5.363s] -- Configured cppcheck include dirs: /home/nagisa/fishbot_ws/src/navigation2/nav2_velocity_smoother/include
[5.364s] -- Configured cppcheck exclude dirs and/or files: 
[5.367s] -- Added test 'cpplint' to check C / C++ code against the Google style
[5.367s] -- Configured cpplint exclude dirs and/or files: 
[5.368s] -- Added test 'lint_cmake' to check CMake code style
[5.371s] -- Added test 'uncrustify' to check C / C++ code style
[5.371s] -- Configured uncrustify additional arguments: 
[5.373s] -- Added test 'xmllint' to check XML markup files
[5.385s] -- Configuring done
[5.682s] -- Generating done
[5.689s] -- Build files have been written to: /home/nagisa/fishbot_ws/build/nav2_velocity_smoother
[5.719s] Invoked command in '/home/nagisa/fishbot_ws/build/nav2_velocity_smoother' returned '0': AMENT_PREFIX_PATH=/home/nagisa/fishbot_ws/install/nav2_util:/home/nagisa/fishbot_ws/install/nav2_msgs:/home/nagisa/fishbot_ws/install/nav2_common:${AMENT_PREFIX_PATH} CMAKE_PREFIX_PATH=/home/nagisa/fishbot_ws/install/nav2_util:/home/nagisa/fishbot_ws/install/nav2_msgs:/home/nagisa/fishbot_ws/install/nav2_common:/opt/ros/humble LD_LIBRARY_PATH=/home/nagisa/fishbot_ws/install/nav2_util/lib:/home/nagisa/fishbot_ws/install/nav2_msgs/lib:${LD_LIBRARY_PATH} PYTHONPATH=/home/nagisa/fishbot_ws/install/nav2_msgs/local/lib/python3.10/dist-packages:/home/nagisa/fishbot_ws/install/nav2_common/local/lib/python3.10/dist-packages:${PYTHONPATH} /usr/bin/cmake /home/nagisa/fishbot_ws/src/navigation2/nav2_velocity_smoother -DCMAKE_INSTALL_PREFIX=/home/nagisa/fishbot_ws/install/nav2_velocity_smoother
[5.731s] Invoking command in '/home/nagisa/fishbot_ws/build/nav2_velocity_smoother': AMENT_PREFIX_PATH=/home/nagisa/fishbot_ws/install/nav2_util:/home/nagisa/fishbot_ws/install/nav2_msgs:/home/nagisa/fishbot_ws/install/nav2_common:${AMENT_PREFIX_PATH} CMAKE_PREFIX_PATH=/home/nagisa/fishbot_ws/install/nav2_util:/home/nagisa/fishbot_ws/install/nav2_msgs:/home/nagisa/fishbot_ws/install/nav2_common:/opt/ros/humble LD_LIBRARY_PATH=/home/nagisa/fishbot_ws/install/nav2_util/lib:/home/nagisa/fishbot_ws/install/nav2_msgs/lib:${LD_LIBRARY_PATH} PYTHONPATH=/home/nagisa/fishbot_ws/install/nav2_msgs/local/lib/python3.10/dist-packages:/home/nagisa/fishbot_ws/install/nav2_common/local/lib/python3.10/dist-packages:${PYTHONPATH} /usr/bin/cmake --build /home/nagisa/fishbot_ws/build/nav2_velocity_smoother -- -j12 -l12
[5.987s] [ 10%] [32mBuilding CXX object gtest/CMakeFiles/gtest_main.dir/src/gtest_main.cc.o[0m
[6.008s] [ 20%] [32mBuilding CXX object CMakeFiles/velocity_smoother_core.dir/src/velocity_smoother.cpp.o[0m
[6.012s] [ 30%] [32mBuilding CXX object gtest/CMakeFiles/gtest.dir/src/gtest-all.cc.o[0m
[13.688s] [ 40%] [32m[1mLinking CXX static library libgtest_main.a[0m
[13.962s] [ 40%] Built target gtest_main
