[0.011s] Invoking command in '/home/nagisa/fishbot_ws/build/nav2_voxel_grid': AMENT_PREFIX_PATH=/home/nagisa/fishbot_ws/install/nav2_common:${AMENT_PREFIX_PATH} CMAKE_PREFIX_PATH=/home/nagisa/fishbot_ws/install/nav2_common:/opt/ros/humble PYTHONPATH=/home/nagisa/fishbot_ws/install/nav2_common/local/lib/python3.10/dist-packages:${PYTHONPATH} /usr/bin/cmake /home/nagisa/fishbot_ws/src/navigation2/nav2_voxel_grid -DCMAKE_INSTALL_PREFIX=/home/nagisa/fishbot_ws/install/nav2_voxel_grid
[0.064s] -- The C compiler identification is GNU 11.4.0
[0.121s] -- The CXX compiler identification is GNU 11.4.0
[0.128s] -- Detecting C compiler ABI info
[0.198s] -- Detecting C compiler ABI info - done
[0.204s] -- Check for working C compiler: /usr/bin/cc - skipped
[0.204s] -- Detecting C compile features
[0.205s] -- Detecting C compile features - done
[0.207s] -- Detecting CXX compiler ABI info
[0.288s] -- Detecting CXX compiler ABI info - done
[0.294s] -- Check for working CXX compiler: /usr/bin/c++ - skipped
[0.295s] -- Detecting CXX compile features
[0.295s] -- Detecting CXX compile features - done
[0.297s] -- Found ament_cmake: 1.3.10 (/opt/ros/humble/share/ament_cmake/cmake)
[0.435s] -- Found Python3: /usr/bin/python3 (found version "3.10.12") found components: Interpreter 
[0.511s] -- Found nav2_common: 1.1.16 (/home/nagisa/fishbot_ws/install/nav2_common/share/nav2_common/cmake)
[0.515s] -- Found rclcpp: 16.0.10 (/opt/ros/humble/share/rclcpp/cmake)
[0.561s] -- Found rosidl_generator_c: 3.1.5 (/opt/ros/humble/share/rosidl_generator_c/cmake)
[0.565s] -- Found rosidl_adapter: 3.1.5 (/opt/ros/humble/share/rosidl_adapter/cmake)
[0.572s] -- Found rosidl_generator_cpp: 3.1.5 (/opt/ros/humble/share/rosidl_generator_cpp/cmake)
[0.583s] -- Using all available rosidl_typesupport_c: rosidl_typesupport_fastrtps_c;rosidl_typesupport_introspection_c
[0.597s] -- Using all available rosidl_typesupport_cpp: rosidl_typesupport_fastrtps_cpp;rosidl_typesupport_introspection_cpp
[0.669s] -- Found rmw_implementation_cmake: 6.1.2 (/opt/ros/humble/share/rmw_implementation_cmake/cmake)
[0.675s] -- Found rmw_fastrtps_cpp: 6.2.7 (/opt/ros/humble/share/rmw_fastrtps_cpp/cmake)
[0.806s] -- Found OpenSSL: /usr/lib/x86_64-linux-gnu/libcrypto.so (found version "3.0.2")  
[0.835s] -- Found FastRTPS: /opt/ros/humble/include  
[0.872s] -- Using RMW implementation 'rmw_fastrtps_cpp' as default
[0.890s] -- Looking for pthread.h
[0.986s] -- Looking for pthread.h - found
[0.986s] -- Performing Test CMAKE_HAVE_LIBC_PTHREAD
[1.064s] -- Performing Test CMAKE_HAVE_LIBC_PTHREAD - Success
[1.065s] -- Found Threads: TRUE  
[1.146s] -- Setting build type to Release as none was specified.
[1.149s] -- Found ament_lint_auto: 0.12.11 (/opt/ros/humble/share/ament_lint_auto/cmake)
[1.241s] -- Found gtest sources under '/opt/ros/humble/src/gtest_vendor': C++ tests using 'Google Test' will be built
[1.251s] -- Added test 'cppcheck' to perform static code analysis on C / C++ code
[1.252s] -- Configured cppcheck include dirs: /home/nagisa/fishbot_ws/src/navigation2/nav2_voxel_grid/include
[1.252s] -- Configured cppcheck exclude dirs and/or files: 
[1.253s] -- Added test 'cpplint' to check C / C++ code against the Google style
[1.253s] -- Configured cpplint exclude dirs and/or files: 
[1.255s] -- Added test 'lint_cmake' to check CMake code style
[1.257s] -- Added test 'uncrustify' to check C / C++ code style
[1.258s] -- Configured uncrustify additional arguments: 
[1.259s] -- Added test 'xmllint' to check XML markup files
[1.261s] -- Configuring done
[1.277s] -- Generating done
[1.279s] -- Build files have been written to: /home/nagisa/fishbot_ws/build/nav2_voxel_grid
[1.287s] Invoked command in '/home/nagisa/fishbot_ws/build/nav2_voxel_grid' returned '0': AMENT_PREFIX_PATH=/home/nagisa/fishbot_ws/install/nav2_common:${AMENT_PREFIX_PATH} CMAKE_PREFIX_PATH=/home/nagisa/fishbot_ws/install/nav2_common:/opt/ros/humble PYTHONPATH=/home/nagisa/fishbot_ws/install/nav2_common/local/lib/python3.10/dist-packages:${PYTHONPATH} /usr/bin/cmake /home/nagisa/fishbot_ws/src/navigation2/nav2_voxel_grid -DCMAKE_INSTALL_PREFIX=/home/nagisa/fishbot_ws/install/nav2_voxel_grid
[1.289s] Invoking command in '/home/nagisa/fishbot_ws/build/nav2_voxel_grid': AMENT_PREFIX_PATH=/home/nagisa/fishbot_ws/install/nav2_common:${AMENT_PREFIX_PATH} CMAKE_PREFIX_PATH=/home/nagisa/fishbot_ws/install/nav2_common:/opt/ros/humble PYTHONPATH=/home/nagisa/fishbot_ws/install/nav2_common/local/lib/python3.10/dist-packages:${PYTHONPATH} /usr/bin/cmake --build /home/nagisa/fishbot_ws/build/nav2_voxel_grid -- -j12 -l12
[1.347s] [ 10%] [32mBuilding CXX object CMakeFiles/voxel_grid.dir/src/voxel_grid.cpp.o[0m
[1.347s] [ 20%] [32mBuilding CXX object gtest/CMakeFiles/gtest_main.dir/src/gtest_main.cc.o[0m
[1.357s] [ 30%] [32mBuilding CXX object gtest/CMakeFiles/gtest.dir/src/gtest-all.cc.o[0m
[4.777s] [ 40%] [32m[1mLinking CXX static library libgtest_main.a[0m
[5.688s] [ 40%] Built target gtest_main
[13.421s] [ 50%] [32m[1mLinking CXX shared library libvoxel_grid.so[0m
[13.890s] [ 50%] Built target voxel_grid
[19.084s] [ 60%] [32m[1mLinking CXX static library libgtest.a[0m
[19.194s] [ 60%] Built target gtest
[19.272s] [ 70%] [32mBuilding CXX object test/CMakeFiles/voxel_grid_bresenham_3d.dir/voxel_grid_bresenham_3d.cpp.o[0m
[19.294s] [ 80%] [32mBuilding CXX object test/CMakeFiles/voxel_grid_tests.dir/voxel_grid_tests.cpp.o[0m
[27.567s] [ 90%] [32m[1mLinking CXX executable voxel_grid_tests[0m
[27.742s] [100%] [32m[1mLinking CXX executable voxel_grid_bresenham_3d[0m
[27.907s] [100%] Built target voxel_grid_tests
[27.956s] [100%] Built target voxel_grid_bresenham_3d
[28.002s] Invoked command in '/home/nagisa/fishbot_ws/build/nav2_voxel_grid' returned '0': AMENT_PREFIX_PATH=/home/nagisa/fishbot_ws/install/nav2_common:${AMENT_PREFIX_PATH} CMAKE_PREFIX_PATH=/home/nagisa/fishbot_ws/install/nav2_common:/opt/ros/humble PYTHONPATH=/home/nagisa/fishbot_ws/install/nav2_common/local/lib/python3.10/dist-packages:${PYTHONPATH} /usr/bin/cmake --build /home/nagisa/fishbot_ws/build/nav2_voxel_grid -- -j12 -l12
[28.140s] Invoking command in '/home/nagisa/fishbot_ws/build/nav2_voxel_grid': AMENT_PREFIX_PATH=/home/nagisa/fishbot_ws/install/nav2_common:${AMENT_PREFIX_PATH} CMAKE_PREFIX_PATH=/home/nagisa/fishbot_ws/install/nav2_common:/opt/ros/humble PYTHONPATH=/home/nagisa/fishbot_ws/install/nav2_common/local/lib/python3.10/dist-packages:${PYTHONPATH} /usr/bin/cmake --install /home/nagisa/fishbot_ws/build/nav2_voxel_grid
[28.166s] -- Install configuration: "Release"
[28.166s] -- Installing: /home/nagisa/fishbot_ws/install/nav2_voxel_grid/lib/libvoxel_grid.so
[28.166s] -- Set runtime path of "/home/nagisa/fishbot_ws/install/nav2_voxel_grid/lib/libvoxel_grid.so" to ""
[28.167s] -- Installing: /home/nagisa/fishbot_ws/install/nav2_voxel_grid/include
[28.167s] -- Installing: /home/nagisa/fishbot_ws/install/nav2_voxel_grid/include/nav2_voxel_grid
[28.167s] -- Installing: /home/nagisa/fishbot_ws/install/nav2_voxel_grid/include/nav2_voxel_grid/voxel_grid.hpp
[28.167s] -- Installing: /home/nagisa/fishbot_ws/install/nav2_voxel_grid/share/nav2_voxel_grid/environment/library_path.sh
[28.167s] -- Installing: /home/nagisa/fishbot_ws/install/nav2_voxel_grid/share/nav2_voxel_grid/environment/library_path.dsv
[28.170s] -- Installing: /home/nagisa/fishbot_ws/install/nav2_voxel_grid/share/ament_index/resource_index/package_run_dependencies/nav2_voxel_grid
[28.177s] -- Installing: /home/nagisa/fishbot_ws/install/nav2_voxel_grid/share/ament_index/resource_index/parent_prefix_path/nav2_voxel_grid
[28.177s] -- Installing: /home/nagisa/fishbot_ws/install/nav2_voxel_grid/share/nav2_voxel_grid/environment/ament_prefix_path.sh
[28.177s] -- Installing: /home/nagisa/fishbot_ws/install/nav2_voxel_grid/share/nav2_voxel_grid/environment/ament_prefix_path.dsv
[28.177s] -- Installing: /home/nagisa/fishbot_ws/install/nav2_voxel_grid/share/nav2_voxel_grid/environment/path.sh
[28.177s] -- Installing: /home/nagisa/fishbot_ws/install/nav2_voxel_grid/share/nav2_voxel_grid/environment/path.dsv
[28.179s] -- Installing: /home/nagisa/fishbot_ws/install/nav2_voxel_grid/share/nav2_voxel_grid/local_setup.bash
[28.179s] -- Installing: /home/nagisa/fishbot_ws/install/nav2_voxel_grid/share/nav2_voxel_grid/local_setup.sh
[28.179s] -- Installing: /home/nagisa/fishbot_ws/install/nav2_voxel_grid/share/nav2_voxel_grid/local_setup.zsh
[28.179s] -- Installing: /home/nagisa/fishbot_ws/install/nav2_voxel_grid/share/nav2_voxel_grid/local_setup.dsv
[28.180s] -- Installing: /home/nagisa/fishbot_ws/install/nav2_voxel_grid/share/nav2_voxel_grid/package.dsv
[28.180s] -- Installing: /home/nagisa/fishbot_ws/install/nav2_voxel_grid/share/ament_index/resource_index/packages/nav2_voxel_grid
[28.180s] -- Installing: /home/nagisa/fishbot_ws/install/nav2_voxel_grid/share/nav2_voxel_grid/cmake/ament_cmake_export_dependencies-extras.cmake
[28.180s] -- Installing: /home/nagisa/fishbot_ws/install/nav2_voxel_grid/share/nav2_voxel_grid/cmake/ament_cmake_export_include_directories-extras.cmake
[28.180s] -- Installing: /home/nagisa/fishbot_ws/install/nav2_voxel_grid/share/nav2_voxel_grid/cmake/ament_cmake_export_libraries-extras.cmake
[28.180s] -- Installing: /home/nagisa/fishbot_ws/install/nav2_voxel_grid/share/nav2_voxel_grid/cmake/nav2_voxel_gridConfig.cmake
[28.180s] -- Installing: /home/nagisa/fishbot_ws/install/nav2_voxel_grid/share/nav2_voxel_grid/cmake/nav2_voxel_gridConfig-version.cmake
[28.180s] -- Installing: /home/nagisa/fishbot_ws/install/nav2_voxel_grid/share/nav2_voxel_grid/package.xml
[28.181s] Invoked command in '/home/nagisa/fishbot_ws/build/nav2_voxel_grid' returned '0': AMENT_PREFIX_PATH=/home/nagisa/fishbot_ws/install/nav2_common:${AMENT_PREFIX_PATH} CMAKE_PREFIX_PATH=/home/nagisa/fishbot_ws/install/nav2_common:/opt/ros/humble PYTHONPATH=/home/nagisa/fishbot_ws/install/nav2_common/local/lib/python3.10/dist-packages:${PYTHONPATH} /usr/bin/cmake --install /home/nagisa/fishbot_ws/build/nav2_voxel_grid
