[0.018s] Invoking command in '/home/nagisa/candpy_ws/build/cpp_pkg': CMAKE_PREFIX_PATH=/opt/ros/humble /usr/bin/cmake --build /home/nagisa/candpy_ws/build/cpp_pkg -- -j12 -l12
[0.066s] [35m[1mConsolidate compiler generated dependencies of target node_template_node[0m
[0.084s] [ 66%] Built target tx_qq_node
[0.085s] [ 66%] Built target qq_node
[0.085s] [ 83%] [32mBuilding CXX object CMakeFiles/node_template_node.dir/src/node_template_node.cpp.o[0m
[7.717s] [100%] [32m[1mLinking CXX executable node_template_node[0m
[8.126s] [100%] Built target node_template_node
[8.139s] Invoked command in '/home/nagisa/candpy_ws/build/cpp_pkg' returned '0': CMAKE_PREFIX_PATH=/opt/ros/humble /usr/bin/cmake --build /home/nagisa/candpy_ws/build/cpp_pkg -- -j12 -l12
[8.198s] Invoking command in '/home/nagisa/candpy_ws/build/cpp_pkg': CMAKE_PREFIX_PATH=/opt/ros/humble /usr/bin/cmake --install /home/nagisa/candpy_ws/build/cpp_pkg
[8.205s] -- Install configuration: ""
[8.206s] -- Up-to-date: /home/nagisa/candpy_ws/install/cpp_pkg/share/ament_index/resource_index/package_run_dependencies/cpp_pkg
[8.206s] -- Up-to-date: /home/nagisa/candpy_ws/install/cpp_pkg/share/ament_index/resource_index/parent_prefix_path/cpp_pkg
[8.206s] -- Up-to-date: /home/nagisa/candpy_ws/install/cpp_pkg/share/cpp_pkg/environment/ament_prefix_path.sh
[8.206s] -- Installing: /home/nagisa/candpy_ws/install/cpp_pkg/share/cpp_pkg/environment/ament_prefix_path.dsv
[8.206s] -- Up-to-date: /home/nagisa/candpy_ws/install/cpp_pkg/share/cpp_pkg/environment/path.sh
[8.206s] -- Installing: /home/nagisa/candpy_ws/install/cpp_pkg/share/cpp_pkg/environment/path.dsv
[8.207s] -- Up-to-date: /home/nagisa/candpy_ws/install/cpp_pkg/share/cpp_pkg/local_setup.bash
[8.207s] -- Up-to-date: /home/nagisa/candpy_ws/install/cpp_pkg/share/cpp_pkg/local_setup.sh
[8.207s] -- Up-to-date: /home/nagisa/candpy_ws/install/cpp_pkg/share/cpp_pkg/local_setup.zsh
[8.207s] -- Installing: /home/nagisa/candpy_ws/install/cpp_pkg/share/cpp_pkg/local_setup.dsv
[8.207s] -- Installing: /home/nagisa/candpy_ws/install/cpp_pkg/share/cpp_pkg/package.dsv
[8.208s] -- Up-to-date: /home/nagisa/candpy_ws/install/cpp_pkg/share/ament_index/resource_index/packages/cpp_pkg
[8.208s] -- Up-to-date: /home/nagisa/candpy_ws/install/cpp_pkg/share/cpp_pkg/cmake/cpp_pkgConfig.cmake
[8.208s] -- Up-to-date: /home/nagisa/candpy_ws/install/cpp_pkg/share/cpp_pkg/cmake/cpp_pkgConfig-version.cmake
[8.208s] -- Installing: /home/nagisa/candpy_ws/install/cpp_pkg/share/cpp_pkg/package.xml
[8.210s] -- Installing: /home/nagisa/candpy_ws/install/cpp_pkg/lib/cpp_pkg/qq_node
[8.213s] -- Set runtime path of "/home/nagisa/candpy_ws/install/cpp_pkg/lib/cpp_pkg/qq_node" to ""
[8.215s] -- Up-to-date: /home/nagisa/candpy_ws/install/cpp_pkg/lib/cpp_pkg/tx_qq_node
[8.215s] -- Installing: /home/nagisa/candpy_ws/install/cpp_pkg/lib/cpp_pkg/node_template_node
[8.219s] -- Set runtime path of "/home/nagisa/candpy_ws/install/cpp_pkg/lib/cpp_pkg/node_template_node" to ""
[8.221s] Invoked command in '/home/nagisa/candpy_ws/build/cpp_pkg' returned '0': CMAKE_PREFIX_PATH=/opt/ros/humble /usr/bin/cmake --install /home/nagisa/candpy_ws/build/cpp_pkg
