[0.541s] Invoking command in '/home/nagisa/candpy_ws/src/py_pkg': PYTHONPATH=/home/nagisa/candpy_ws/build/py_pkg/prefix_override:/usr/lib/python3/dist-packages/colcon_core/task/python/colcon_distutils_commands:/home/nagisa/candpy_ws/install/py_pkg/lib/python3.10/site-packages:${PYTHONPATH} /usr/bin/python3 -W ignore:setup.py install is deprecated setup.py egg_info --egg-base ../../build/py_pkg build --build-base /home/nagisa/candpy_ws/build/py_pkg/build install --record /home/nagisa/candpy_ws/build/py_pkg/install.log --single-version-externally-managed install_data
[0.776s] running egg_info
[0.776s] writing ../../build/py_pkg/py_pkg.egg-info/PKG-INFO
[0.777s] writing dependency_links to ../../build/py_pkg/py_pkg.egg-info/dependency_links.txt
[0.777s] writing entry points to ../../build/py_pkg/py_pkg.egg-info/entry_points.txt
[0.777s] writing requirements to ../../build/py_pkg/py_pkg.egg-info/requires.txt
[0.777s] writing top-level names to ../../build/py_pkg/py_pkg.egg-info/top_level.txt
[0.779s] reading manifest file '../../build/py_pkg/py_pkg.egg-info/SOURCES.txt'
[0.779s] writing manifest file '../../build/py_pkg/py_pkg.egg-info/SOURCES.txt'
[0.779s] running build
[0.779s] running build_py
[0.780s] running install
[0.780s] running install_lib
[0.781s] running install_data
[0.781s] running install_egg_info
[0.783s] removing '/home/nagisa/candpy_ws/install/py_pkg/lib/python3.10/site-packages/py_pkg-0.0.0-py3.10.egg-info' (and everything under it)
[0.783s] Copying ../../build/py_pkg/py_pkg.egg-info to /home/nagisa/candpy_ws/install/py_pkg/lib/python3.10/site-packages/py_pkg-0.0.0-py3.10.egg-info
[0.783s] running install_scripts
[0.803s] writing list of installed files to '/home/nagisa/candpy_ws/build/py_pkg/install.log'
[0.821s] Invoked command in '/home/nagisa/candpy_ws/src/py_pkg' returned '0': PYTHONPATH=/home/nagisa/candpy_ws/build/py_pkg/prefix_override:/usr/lib/python3/dist-packages/colcon_core/task/python/colcon_distutils_commands:/home/nagisa/candpy_ws/install/py_pkg/lib/python3.10/site-packages:${PYTHONPATH} /usr/bin/python3 -W ignore:setup.py install is deprecated setup.py egg_info --egg-base ../../build/py_pkg build --build-base /home/nagisa/candpy_ws/build/py_pkg/build install --record /home/nagisa/candpy_ws/build/py_pkg/install.log --single-version-externally-managed install_data
