[0.031s] Invoking command in '/home/nagisa/fishbot_ws/build/nav2_smac_planner': AMENT_PREFIX_PATH=/home/nagisa/fishbot_ws/install/nav2_core:/home/nagisa/fishbot_ws/install/nav2_costmap_2d:/home/nagisa/fishbot_ws/install/nav2_map_server:/home/nagisa/fishbot_ws/install/nav2_lifecycle_manager:/home/nagisa/fishbot_ws/install/nav2_util:/home/nagisa/fishbot_ws/install/nav2_voxel_grid:/home/nagisa/fishbot_ws/install/nav2_msgs:/home/nagisa/fishbot_ws/install/nav2_common:${AMENT_PREFIX_PATH} CMAKE_PREFIX_PATH=/home/nagisa/fishbot_ws/install/nav2_core:/home/nagisa/fishbot_ws/install/nav2_costmap_2d:/home/nagisa/fishbot_ws/install/nav2_map_server:/home/nagisa/fishbot_ws/install/nav2_lifecycle_manager:/home/nagisa/fishbot_ws/install/nav2_util:/home/nagisa/fishbot_ws/install/nav2_voxel_grid:/home/nagisa/fishbot_ws/install/nav2_msgs:/home/nagisa/fishbot_ws/install/nav2_common:/opt/ros/humble LD_LIBRARY_PATH=/home/nagisa/fishbot_ws/install/nav2_costmap_2d/lib:/home/nagisa/fishbot_ws/install/nav2_map_server/lib:/home/nagisa/fishbot_ws/install/nav2_lifecycle_manager/lib:/home/nagisa/fishbot_ws/install/nav2_util/lib:/home/nagisa/fishbot_ws/install/nav2_voxel_grid/lib:/home/nagisa/fishbot_ws/install/nav2_msgs/lib:${LD_LIBRARY_PATH} PYTHONPATH=/home/nagisa/fishbot_ws/install/nav2_msgs/local/lib/python3.10/dist-packages:/home/nagisa/fishbot_ws/install/nav2_common/local/lib/python3.10/dist-packages:${PYTHONPATH} /usr/bin/cmake --build /home/nagisa/fishbot_ws/build/nav2_smac_planner -- -j12 -l12
[0.099s] [35m[1mConsolidate compiler generated dependencies of target gtest_main[0m
[0.101s] [35m[1mConsolidate compiler generated dependencies of target gtest[0m
[0.104s] [35m[1mConsolidate compiler generated dependencies of target nav2_smac_planner_lattice[0m
[0.117s] [  3%] Built target gtest_main
[0.118s] [  6%] Built target gtest
[0.119s] [35m[1mConsolidate compiler generated dependencies of target nav2_smac_planner_2d[0m
[0.122s] [35m[1mConsolidate compiler generated dependencies of target nav2_smac_planner[0m
[0.168s] [  8%] [32mBuilding CXX object CMakeFiles/nav2_smac_planner_lattice.dir/src/a_star.cpp.o[0m
[0.168s] [ 10%] [32mBuilding CXX object CMakeFiles/nav2_smac_planner_lattice.dir/src/collision_checker.cpp.o[0m
[0.168s] [ 11%] [32mBuilding CXX object CMakeFiles/nav2_smac_planner_lattice.dir/src/node_lattice.cpp.o[0m
[0.170s] [ 13%] [32mBuilding CXX object CMakeFiles/nav2_smac_planner_lattice.dir/src/node_hybrid.cpp.o[0m
[0.172s] [ 15%] [32mBuilding CXX object CMakeFiles/nav2_smac_planner_lattice.dir/src/analytic_expansion.cpp.o[0m
[0.172s] [ 16%] [32mBuilding CXX object CMakeFiles/nav2_smac_planner_lattice.dir/src/node_2d.cpp.o[0m
[0.172s] [ 18%] [32mBuilding CXX object CMakeFiles/nav2_smac_planner_lattice.dir/src/costmap_downsampler.cpp.o[0m
[0.179s] [ 20%] [32mBuilding CXX object CMakeFiles/nav2_smac_planner_lattice.dir/src/node_basic.cpp.o[0m
[0.179s] [ 22%] [32mBuilding CXX object CMakeFiles/nav2_smac_planner_2d.dir/src/node_lattice.cpp.o[0m
[0.199s] [ 40%] Built target nav2_smac_planner
[0.219s] [35m[1mConsolidate compiler generated dependencies of target test_node2d[0m
[0.219s] [35m[1mConsolidate compiler generated dependencies of target test_costmap_downsampler[0m
[0.219s] [35m[1mConsolidate compiler generated dependencies of target test_nodehybrid[0m
[0.245s] [ 44%] Built target test_node2d
[0.247s] [ 47%] Built target test_costmap_downsampler
[0.256s] [ 50%] Built target test_nodehybrid
[0.267s] [35m[1mConsolidate compiler generated dependencies of target test_nodebasic[0m
[0.269s] [35m[1mConsolidate compiler generated dependencies of target test_collision_checker[0m
[0.276s] [35m[1mConsolidate compiler generated dependencies of target test_a_star[0m
[0.297s] [ 54%] Built target test_nodebasic
[0.307s] [ 57%] Built target test_collision_checker
[0.311s] [ 61%] Built target test_a_star
[0.325s] [35m[1mConsolidate compiler generated dependencies of target test_smac_hybrid[0m
[0.332s] [35m[1mConsolidate compiler generated dependencies of target test_lattice_node[0m
[0.370s] [ 64%] Built target test_smac_hybrid
[0.371s] [ 67%] Built target test_lattice_node
[23.137s] [ 69%] [32m[1mLinking CXX shared library libnav2_smac_planner_2d.so[0m
[23.881s] [ 84%] Built target nav2_smac_planner_2d
[23.923s] [ 86%] [32mBuilding CXX object test/CMakeFiles/test_smac_2d.dir/test_smac_2d.cpp.o[0m
[27.016s] [ 88%] [32m[1mLinking CXX shared library libnav2_smac_planner_lattice.so[0m
[27.633s] [ 91%] Built target nav2_smac_planner_lattice
[27.666s] [ 94%] [32mBuilding CXX object test/CMakeFiles/test_smac_lattice.dir/test_smac_lattice.cpp.o[0m
[27.666s] [ 94%] [32mBuilding CXX object test/CMakeFiles/test_smoother.dir/test_smoother.cpp.o[0m
[33.160s] [ 96%] [32m[1mLinking CXX executable test_smac_2d[0m
[33.591s] [ 96%] Built target test_smac_2d
[36.124s] [ 98%] [32m[1mLinking CXX executable test_smac_lattice[0m
[36.470s] [100%] [32m[1mLinking CXX executable test_smoother[0m
[36.535s] [100%] Built target test_smac_lattice
[36.949s] [100%] Built target test_smoother
[37.031s] Invoked command in '/home/nagisa/fishbot_ws/build/nav2_smac_planner' returned '0': AMENT_PREFIX_PATH=/home/nagisa/fishbot_ws/install/nav2_core:/home/nagisa/fishbot_ws/install/nav2_costmap_2d:/home/nagisa/fishbot_ws/install/nav2_map_server:/home/nagisa/fishbot_ws/install/nav2_lifecycle_manager:/home/nagisa/fishbot_ws/install/nav2_util:/home/nagisa/fishbot_ws/install/nav2_voxel_grid:/home/nagisa/fishbot_ws/install/nav2_msgs:/home/nagisa/fishbot_ws/install/nav2_common:${AMENT_PREFIX_PATH} CMAKE_PREFIX_PATH=/home/nagisa/fishbot_ws/install/nav2_core:/home/nagisa/fishbot_ws/install/nav2_costmap_2d:/home/nagisa/fishbot_ws/install/nav2_map_server:/home/nagisa/fishbot_ws/install/nav2_lifecycle_manager:/home/nagisa/fishbot_ws/install/nav2_util:/home/nagisa/fishbot_ws/install/nav2_voxel_grid:/home/nagisa/fishbot_ws/install/nav2_msgs:/home/nagisa/fishbot_ws/install/nav2_common:/opt/ros/humble LD_LIBRARY_PATH=/home/nagisa/fishbot_ws/install/nav2_costmap_2d/lib:/home/nagisa/fishbot_ws/install/nav2_map_server/lib:/home/nagisa/fishbot_ws/install/nav2_lifecycle_manager/lib:/home/nagisa/fishbot_ws/install/nav2_util/lib:/home/nagisa/fishbot_ws/install/nav2_voxel_grid/lib:/home/nagisa/fishbot_ws/install/nav2_msgs/lib:${LD_LIBRARY_PATH} PYTHONPATH=/home/nagisa/fishbot_ws/install/nav2_msgs/local/lib/python3.10/dist-packages:/home/nagisa/fishbot_ws/install/nav2_common/local/lib/python3.10/dist-packages:${PYTHONPATH} /usr/bin/cmake --build /home/nagisa/fishbot_ws/build/nav2_smac_planner -- -j12 -l12
[37.192s] Invoking command in '/home/nagisa/fishbot_ws/build/nav2_smac_planner': AMENT_PREFIX_PATH=/home/nagisa/fishbot_ws/install/nav2_core:/home/nagisa/fishbot_ws/install/nav2_costmap_2d:/home/nagisa/fishbot_ws/install/nav2_map_server:/home/nagisa/fishbot_ws/install/nav2_lifecycle_manager:/home/nagisa/fishbot_ws/install/nav2_util:/home/nagisa/fishbot_ws/install/nav2_voxel_grid:/home/nagisa/fishbot_ws/install/nav2_msgs:/home/nagisa/fishbot_ws/install/nav2_common:${AMENT_PREFIX_PATH} CMAKE_PREFIX_PATH=/home/nagisa/fishbot_ws/install/nav2_core:/home/nagisa/fishbot_ws/install/nav2_costmap_2d:/home/nagisa/fishbot_ws/install/nav2_map_server:/home/nagisa/fishbot_ws/install/nav2_lifecycle_manager:/home/nagisa/fishbot_ws/install/nav2_util:/home/nagisa/fishbot_ws/install/nav2_voxel_grid:/home/nagisa/fishbot_ws/install/nav2_msgs:/home/nagisa/fishbot_ws/install/nav2_common:/opt/ros/humble LD_LIBRARY_PATH=/home/nagisa/fishbot_ws/install/nav2_costmap_2d/lib:/home/nagisa/fishbot_ws/install/nav2_map_server/lib:/home/nagisa/fishbot_ws/install/nav2_lifecycle_manager/lib:/home/nagisa/fishbot_ws/install/nav2_util/lib:/home/nagisa/fishbot_ws/install/nav2_voxel_grid/lib:/home/nagisa/fishbot_ws/install/nav2_msgs/lib:${LD_LIBRARY_PATH} PYTHONPATH=/home/nagisa/fishbot_ws/install/nav2_msgs/local/lib/python3.10/dist-packages:/home/nagisa/fishbot_ws/install/nav2_common/local/lib/python3.10/dist-packages:${PYTHONPATH} /usr/bin/cmake --install /home/nagisa/fishbot_ws/build/nav2_smac_planner
[37.200s] -- Install configuration: "Release"
[37.201s] -- Installing: /home/nagisa/fishbot_ws/install/nav2_smac_planner/share/nav2_smac_planner/smac_plugin_hybrid.xml
[37.201s] -- Installing: /home/nagisa/fishbot_ws/install/nav2_smac_planner/share/nav2_smac_planner/smac_plugin_2d.xml
[37.202s] -- Installing: /home/nagisa/fishbot_ws/install/nav2_smac_planner/share/nav2_smac_planner/smac_plugin_lattice.xml
[37.203s] -- Installing: /home/nagisa/fishbot_ws/install/nav2_smac_planner/lib/libnav2_smac_planner.so
[37.205s] -- Set runtime path of "/home/nagisa/fishbot_ws/install/nav2_smac_planner/lib/libnav2_smac_planner.so" to ""
[37.205s] -- Installing: /home/nagisa/fishbot_ws/install/nav2_smac_planner/lib/libnav2_smac_planner_2d.so
[37.207s] -- Set runtime path of "/home/nagisa/fishbot_ws/install/nav2_smac_planner/lib/libnav2_smac_planner_2d.so" to ""
[37.207s] -- Installing: /home/nagisa/fishbot_ws/install/nav2_smac_planner/lib/libnav2_smac_planner_lattice.so
[37.208s] -- Set runtime path of "/home/nagisa/fishbot_ws/install/nav2_smac_planner/lib/libnav2_smac_planner_lattice.so" to ""
[37.208s] -- Installing: /home/nagisa/fishbot_ws/install/nav2_smac_planner/include/
[37.208s] -- Installing: /home/nagisa/fishbot_ws/install/nav2_smac_planner/include//nav2_smac_planner
[37.208s] -- Installing: /home/nagisa/fishbot_ws/install/nav2_smac_planner/include//nav2_smac_planner/smac_planner_hybrid.hpp
[37.209s] -- Installing: /home/nagisa/fishbot_ws/install/nav2_smac_planner/include//nav2_smac_planner/analytic_expansion.hpp
[37.209s] -- Installing: /home/nagisa/fishbot_ws/install/nav2_smac_planner/include//nav2_smac_planner/node_hybrid.hpp
[37.209s] -- Installing: /home/nagisa/fishbot_ws/install/nav2_smac_planner/include//nav2_smac_planner/a_star.hpp
[37.209s] -- Installing: /home/nagisa/fishbot_ws/install/nav2_smac_planner/include//nav2_smac_planner/smac_planner_lattice.hpp
[37.209s] -- Installing: /home/nagisa/fishbot_ws/install/nav2_smac_planner/include//nav2_smac_planner/collision_checker.hpp
[37.209s] -- Installing: /home/nagisa/fishbot_ws/install/nav2_smac_planner/include//nav2_smac_planner/smac_planner_2d.hpp
[37.211s] -- Installing: /home/nagisa/fishbot_ws/install/nav2_smac_planner/include//nav2_smac_planner/node_lattice.hpp
[37.211s] -- Installing: /home/nagisa/fishbot_ws/install/nav2_smac_planner/include//nav2_smac_planner/costmap_downsampler.hpp
[37.211s] -- Installing: /home/nagisa/fishbot_ws/install/nav2_smac_planner/include//nav2_smac_planner/node_basic.hpp
[37.211s] -- Installing: /home/nagisa/fishbot_ws/install/nav2_smac_planner/include//nav2_smac_planner/utils.hpp
[37.211s] -- Installing: /home/nagisa/fishbot_ws/install/nav2_smac_planner/include//nav2_smac_planner/thirdparty
[37.211s] -- Installing: /home/nagisa/fishbot_ws/install/nav2_smac_planner/include//nav2_smac_planner/thirdparty/robin_hood.h
[37.211s] -- Installing: /home/nagisa/fishbot_ws/install/nav2_smac_planner/include//nav2_smac_planner/node_2d.hpp
[37.211s] -- Installing: /home/nagisa/fishbot_ws/install/nav2_smac_planner/include//nav2_smac_planner/constants.hpp
[37.211s] -- Installing: /home/nagisa/fishbot_ws/install/nav2_smac_planner/include//nav2_smac_planner/smoother.hpp
[37.211s] -- Installing: /home/nagisa/fishbot_ws/install/nav2_smac_planner/include//nav2_smac_planner/types.hpp
[37.211s] -- Installing: /home/nagisa/fishbot_ws/install/nav2_smac_planner/share/nav2_smac_planner/sample_primitives
[37.212s] -- Installing: /home/nagisa/fishbot_ws/install/nav2_smac_planner/share/nav2_smac_planner/sample_primitives/5cm_resolution
[37.212s] -- Installing: /home/nagisa/fishbot_ws/install/nav2_smac_planner/share/nav2_smac_planner/sample_primitives/5cm_resolution/0.5m_turning_radius
[37.212s] -- Installing: /home/nagisa/fishbot_ws/install/nav2_smac_planner/share/nav2_smac_planner/sample_primitives/5cm_resolution/0.5m_turning_radius/all_trajectories.png
[37.213s] -- Installing: /home/nagisa/fishbot_ws/install/nav2_smac_planner/share/nav2_smac_planner/sample_primitives/5cm_resolution/0.5m_turning_radius/omni
[37.213s] -- Installing: /home/nagisa/fishbot_ws/install/nav2_smac_planner/share/nav2_smac_planner/sample_primitives/5cm_resolution/0.5m_turning_radius/omni/output.json
[37.214s] -- Installing: /home/nagisa/fishbot_ws/install/nav2_smac_planner/share/nav2_smac_planner/sample_primitives/5cm_resolution/0.5m_turning_radius/diff
[37.214s] -- Installing: /home/nagisa/fishbot_ws/install/nav2_smac_planner/share/nav2_smac_planner/sample_primitives/5cm_resolution/0.5m_turning_radius/diff/output.json
[37.215s] -- Installing: /home/nagisa/fishbot_ws/install/nav2_smac_planner/share/nav2_smac_planner/sample_primitives/5cm_resolution/0.5m_turning_radius/ackermann
[37.216s] -- Installing: /home/nagisa/fishbot_ws/install/nav2_smac_planner/share/nav2_smac_planner/sample_primitives/5cm_resolution/0.5m_turning_radius/ackermann/output.json
[37.217s] -- Installing: /home/nagisa/fishbot_ws/install/nav2_smac_planner/share/nav2_smac_planner/sample_primitives/5cm_resolution/1m_turning_radius
[37.217s] -- Installing: /home/nagisa/fishbot_ws/install/nav2_smac_planner/share/nav2_smac_planner/sample_primitives/5cm_resolution/1m_turning_radius/all_trajectories.png
[37.218s] -- Installing: /home/nagisa/fishbot_ws/install/nav2_smac_planner/share/nav2_smac_planner/sample_primitives/5cm_resolution/1m_turning_radius/omni
[37.218s] -- Installing: /home/nagisa/fishbot_ws/install/nav2_smac_planner/share/nav2_smac_planner/sample_primitives/5cm_resolution/1m_turning_radius/omni/output.json
[37.219s] -- Installing: /home/nagisa/fishbot_ws/install/nav2_smac_planner/share/nav2_smac_planner/sample_primitives/5cm_resolution/1m_turning_radius/diff
[37.220s] -- Installing: /home/nagisa/fishbot_ws/install/nav2_smac_planner/share/nav2_smac_planner/sample_primitives/5cm_resolution/1m_turning_radius/diff/output.json
[37.221s] -- Installing: /home/nagisa/fishbot_ws/install/nav2_smac_planner/share/nav2_smac_planner/sample_primitives/5cm_resolution/1m_turning_radius/ackermann
[37.221s] -- Installing: /home/nagisa/fishbot_ws/install/nav2_smac_planner/share/nav2_smac_planner/sample_primitives/5cm_resolution/1m_turning_radius/ackermann/output.json
[37.223s] -- Installing: /home/nagisa/fishbot_ws/install/nav2_smac_planner/share/nav2_smac_planner/environment/library_path.sh
[37.224s] -- Installing: /home/nagisa/fishbot_ws/install/nav2_smac_planner/share/nav2_smac_planner/environment/library_path.dsv
[37.225s] -- Installing: /home/nagisa/fishbot_ws/install/nav2_smac_planner/share/ament_index/resource_index/package_run_dependencies/nav2_smac_planner
[37.226s] -- Installing: /home/nagisa/fishbot_ws/install/nav2_smac_planner/share/ament_index/resource_index/parent_prefix_path/nav2_smac_planner
[37.227s] -- Installing: /home/nagisa/fishbot_ws/install/nav2_smac_planner/share/nav2_smac_planner/environment/ament_prefix_path.sh
[37.228s] -- Installing: /home/nagisa/fishbot_ws/install/nav2_smac_planner/share/nav2_smac_planner/environment/ament_prefix_path.dsv
[37.228s] -- Installing: /home/nagisa/fishbot_ws/install/nav2_smac_planner/share/nav2_smac_planner/environment/path.sh
[37.229s] -- Installing: /home/nagisa/fishbot_ws/install/nav2_smac_planner/share/nav2_smac_planner/environment/path.dsv
[37.229s] -- Installing: /home/nagisa/fishbot_ws/install/nav2_smac_planner/share/nav2_smac_planner/local_setup.bash
[37.229s] -- Installing: /home/nagisa/fishbot_ws/install/nav2_smac_planner/share/nav2_smac_planner/local_setup.sh
[37.230s] -- Installing: /home/nagisa/fishbot_ws/install/nav2_smac_planner/share/nav2_smac_planner/local_setup.zsh
[37.230s] -- Installing: /home/nagisa/fishbot_ws/install/nav2_smac_planner/share/nav2_smac_planner/local_setup.dsv
[37.231s] -- Installing: /home/nagisa/fishbot_ws/install/nav2_smac_planner/share/nav2_smac_planner/package.dsv
[37.231s] -- Installing: /home/nagisa/fishbot_ws/install/nav2_smac_planner/share/ament_index/resource_index/packages/nav2_smac_planner
[37.232s] -- Installing: /home/nagisa/fishbot_ws/install/nav2_smac_planner/share/ament_index/resource_index/nav2_core__pluginlib__plugin/nav2_smac_planner
[37.232s] -- Installing: /home/nagisa/fishbot_ws/install/nav2_smac_planner/share/nav2_smac_planner/cmake/ament_cmake_export_include_directories-extras.cmake
[37.233s] -- Installing: /home/nagisa/fishbot_ws/install/nav2_smac_planner/share/nav2_smac_planner/cmake/ament_cmake_export_libraries-extras.cmake
[37.234s] -- Installing: /home/nagisa/fishbot_ws/install/nav2_smac_planner/share/nav2_smac_planner/cmake/ament_cmake_export_dependencies-extras.cmake
[37.235s] -- Installing: /home/nagisa/fishbot_ws/install/nav2_smac_planner/share/nav2_smac_planner/cmake/nav2_smac_plannerConfig.cmake
[37.235s] -- Installing: /home/nagisa/fishbot_ws/install/nav2_smac_planner/share/nav2_smac_planner/cmake/nav2_smac_plannerConfig-version.cmake
[37.235s] -- Installing: /home/nagisa/fishbot_ws/install/nav2_smac_planner/share/nav2_smac_planner/package.xml
[37.259s] Invoked command in '/home/nagisa/fishbot_ws/build/nav2_smac_planner' returned '0': AMENT_PREFIX_PATH=/home/nagisa/fishbot_ws/install/nav2_core:/home/nagisa/fishbot_ws/install/nav2_costmap_2d:/home/nagisa/fishbot_ws/install/nav2_map_server:/home/nagisa/fishbot_ws/install/nav2_lifecycle_manager:/home/nagisa/fishbot_ws/install/nav2_util:/home/nagisa/fishbot_ws/install/nav2_voxel_grid:/home/nagisa/fishbot_ws/install/nav2_msgs:/home/nagisa/fishbot_ws/install/nav2_common:${AMENT_PREFIX_PATH} CMAKE_PREFIX_PATH=/home/nagisa/fishbot_ws/install/nav2_core:/home/nagisa/fishbot_ws/install/nav2_costmap_2d:/home/nagisa/fishbot_ws/install/nav2_map_server:/home/nagisa/fishbot_ws/install/nav2_lifecycle_manager:/home/nagisa/fishbot_ws/install/nav2_util:/home/nagisa/fishbot_ws/install/nav2_voxel_grid:/home/nagisa/fishbot_ws/install/nav2_msgs:/home/nagisa/fishbot_ws/install/nav2_common:/opt/ros/humble LD_LIBRARY_PATH=/home/nagisa/fishbot_ws/install/nav2_costmap_2d/lib:/home/nagisa/fishbot_ws/install/nav2_map_server/lib:/home/nagisa/fishbot_ws/install/nav2_lifecycle_manager/lib:/home/nagisa/fishbot_ws/install/nav2_util/lib:/home/nagisa/fishbot_ws/install/nav2_voxel_grid/lib:/home/nagisa/fishbot_ws/install/nav2_msgs/lib:${LD_LIBRARY_PATH} PYTHONPATH=/home/nagisa/fishbot_ws/install/nav2_msgs/local/lib/python3.10/dist-packages:/home/nagisa/fishbot_ws/install/nav2_common/local/lib/python3.10/dist-packages:${PYTHONPATH} /usr/bin/cmake --install /home/nagisa/fishbot_ws/build/nav2_smac_planner
