-- The C compiler identification is GNU 11.4.0
-- The CXX compiler identification is GNU 11.4.0
-- Detecting C compiler ABI info
-- Detecting C compiler ABI info - done
-- Check for working C compiler: /usr/bin/cc - skipped
-- Detecting C compile features
-- Detecting C compile features - done
-- Detecting CXX compiler ABI info
-- Detecting CXX compiler ABI info - done
-- Check for working CXX compiler: /usr/bin/c++ - skipped
-- Detecting CXX compile features
-- Detecting CXX compile features - done
-- Found ament_cmake: 1.3.10 (/opt/ros/humble/share/ament_cmake/cmake)
-- Found Python3: /usr/bin/python3 (found version "3.10.12") found components: Interpreter 
-- Found nav2_common: 1.1.16 (/home/nagisa/fishbot_ws/install/nav2_common/share/nav2_common/cmake)
-- Found angles: 1.15.0 (/opt/ros/humble/share/angles/cmake)
-- Found nav2_costmap_2d: 1.1.16 (/home/nagisa/fishbot_ws/install/nav2_costmap_2d/share/nav2_costmap_2d/cmake)
-- Found rosidl_generator_c: 3.1.5 (/opt/ros/humble/share/rosidl_generator_c/cmake)
-- Found rosidl_adapter: 3.1.5 (/opt/ros/humble/share/rosidl_adapter/cmake)
-- Found rosidl_generator_cpp: 3.1.5 (/opt/ros/humble/share/rosidl_generator_cpp/cmake)
-- Using all available rosidl_typesupport_c: rosidl_typesupport_fastrtps_c;rosidl_typesupport_introspection_c
-- Using all available rosidl_typesupport_cpp: rosidl_typesupport_fastrtps_cpp;rosidl_typesupport_introspection_cpp
-- Found rmw_implementation_cmake: 6.1.2 (/opt/ros/humble/share/rmw_implementation_cmake/cmake)
-- Found rmw_fastrtps_cpp: 6.2.7 (/opt/ros/humble/share/rmw_fastrtps_cpp/cmake)
-- Found OpenSSL: /usr/lib/x86_64-linux-gnu/libcrypto.so (found version "3.0.2")  
-- Found FastRTPS: /opt/ros/humble/include  
-- Using RMW implementation 'rmw_fastrtps_cpp' as default
-- Looking for pthread.h
-- Looking for pthread.h - found
-- Performing Test CMAKE_HAVE_LIBC_PTHREAD
-- Performing Test CMAKE_HAVE_LIBC_PTHREAD - Success
-- Found Threads: TRUE  
-- Found Eigen3: TRUE (found version "3.4.0") 
-- Ensuring Eigen3 include directory is part of orocos-kdl CMake target
-- Found costmap_queue: 1.1.16 (/home/nagisa/fishbot_ws/install/costmap_queue/share/costmap_queue/cmake)
-- Found dwb_core: 1.1.16 (/home/nagisa/fishbot_ws/install/dwb_core/share/dwb_core/cmake)
-- Setting build type to Release as none was specified.
-- Found ament_lint_auto: 0.12.11 (/opt/ros/humble/share/ament_lint_auto/cmake)
-- Found gtest sources under '/opt/ros/humble/src/gtest_vendor': C++ tests using 'Google Test' will be built
-- Added test 'cppcheck' to perform static code analysis on C / C++ code
-- Configured cppcheck include dirs: /home/nagisa/fishbot_ws/src/navigation2/nav2_dwb_controller/dwb_critics/include
-- Configured cppcheck exclude dirs and/or files: 
-- Added test 'cpplint' to check C / C++ code against the Google style
-- Configured cpplint exclude dirs and/or files: 
-- Added test 'lint_cmake' to check CMake code style
-- Added test 'uncrustify' to check C / C++ code style
-- Configured uncrustify additional arguments: 
-- Added test 'xmllint' to check XML markup files
-- Configuring done
-- Generating done
-- Build files have been written to: /home/nagisa/fishbot_ws/build/dwb_critics
[  3%] [32mBuilding CXX object gtest/CMakeFiles/gtest.dir/src/gtest-all.cc.o[0m
[ 11%] [32mBuilding CXX object CMakeFiles/dwb_critics.dir/src/alignment_util.cpp.o[0m
[  7%] [32mBuilding CXX object CMakeFiles/dwb_critics.dir/src/map_grid.cpp.o[0m
[ 14%] [32mBuilding CXX object gtest/CMakeFiles/gtest_main.dir/src/gtest_main.cc.o[0m
[ 18%] [32mBuilding CXX object CMakeFiles/dwb_critics.dir/src/path_dist.cpp.o[0m
[ 22%] [32mBuilding CXX object CMakeFiles/dwb_critics.dir/src/base_obstacle.cpp.o[0m
[ 25%] [32mBuilding CXX object CMakeFiles/dwb_critics.dir/src/path_align.cpp.o[0m
[ 29%] [32mBuilding CXX object CMakeFiles/dwb_critics.dir/src/oscillation.cpp.o[0m
[ 33%] [32mBuilding CXX object CMakeFiles/dwb_critics.dir/src/goal_dist.cpp.o[0m
[ 37%] [32mBuilding CXX object CMakeFiles/dwb_critics.dir/src/obstacle_footprint.cpp.o[0m
[ 40%] [32mBuilding CXX object CMakeFiles/dwb_critics.dir/src/goal_align.cpp.o[0m
[ 44%] [32mBuilding CXX object CMakeFiles/dwb_critics.dir/src/prefer_forward.cpp.o[0m
[ 48%] [32m[1mLinking CXX static library libgtest_main.a[0m
[ 48%] Built target gtest_main
[ 51%] [32mBuilding CXX object CMakeFiles/dwb_critics.dir/src/rotate_to_goal.cpp.o[0m
[ 55%] [32mBuilding CXX object CMakeFiles/dwb_critics.dir/src/twirling.cpp.o[0m
[ 59%] [32m[1mLinking CXX static library libgtest.a[0m
[ 59%] Built target gtest
[ 62%] [32m[1mLinking CXX shared library libdwb_critics.so[0m
[ 62%] Built target dwb_critics
[ 74%] [32mBuilding CXX object test/CMakeFiles/twirling_tests.dir/twirling_test.cpp.o[0m
[ 74%] [32mBuilding CXX object test/CMakeFiles/prefer_forward_tests.dir/prefer_forward_test.cpp.o[0m
[ 74%] [32mBuilding CXX object test/CMakeFiles/obstacle_footprint_tests.dir/obstacle_footprint_test.cpp.o[0m
[ 77%] [32mBuilding CXX object test/CMakeFiles/base_obstacle_tests.dir/base_obstacle_test.cpp.o[0m
[ 81%] [32mBuilding CXX object test/CMakeFiles/alignment_util_tests.dir/alignment_util_test.cpp.o[0m
[ 85%] [32m[1mLinking CXX executable alignment_util_tests[0m
[ 85%] Built target alignment_util_tests
[ 88%] [32m[1mLinking CXX executable twirling_tests[0m
[ 92%] [32m[1mLinking CXX executable base_obstacle_tests[0m
[ 92%] Built target twirling_tests
[ 92%] Built target base_obstacle_tests
[ 96%] [32m[1mLinking CXX executable prefer_forward_tests[0m
[100%] [32m[1mLinking CXX executable obstacle_footprint_tests[0m
[100%] Built target prefer_forward_tests
[100%] Built target obstacle_footprint_tests
-- Install configuration: "Release"
-- Installing: /home/nagisa/fishbot_ws/install/dwb_critics/lib/libdwb_critics.so
-- Set runtime path of "/home/nagisa/fishbot_ws/install/dwb_critics/lib/libdwb_critics.so" to ""
-- Installing: /home/nagisa/fishbot_ws/install/dwb_critics/include/
-- Installing: /home/nagisa/fishbot_ws/install/dwb_critics/include//dwb_critics
-- Installing: /home/nagisa/fishbot_ws/install/dwb_critics/include//dwb_critics/map_grid.hpp
-- Installing: /home/nagisa/fishbot_ws/install/dwb_critics/include//dwb_critics/goal_align.hpp
-- Installing: /home/nagisa/fishbot_ws/install/dwb_critics/include//dwb_critics/alignment_util.hpp
-- Installing: /home/nagisa/fishbot_ws/install/dwb_critics/include//dwb_critics/obstacle_footprint.hpp
-- Installing: /home/nagisa/fishbot_ws/install/dwb_critics/include//dwb_critics/path_dist.hpp
-- Installing: /home/nagisa/fishbot_ws/install/dwb_critics/include//dwb_critics/rotate_to_goal.hpp
-- Installing: /home/nagisa/fishbot_ws/install/dwb_critics/include//dwb_critics/line_iterator.hpp
-- Installing: /home/nagisa/fishbot_ws/install/dwb_critics/include//dwb_critics/base_obstacle.hpp
-- Installing: /home/nagisa/fishbot_ws/install/dwb_critics/include//dwb_critics/twirling.hpp
-- Installing: /home/nagisa/fishbot_ws/install/dwb_critics/include//dwb_critics/path_align.hpp
-- Installing: /home/nagisa/fishbot_ws/install/dwb_critics/include//dwb_critics/prefer_forward.hpp
-- Installing: /home/nagisa/fishbot_ws/install/dwb_critics/include//dwb_critics/oscillation.hpp
-- Installing: /home/nagisa/fishbot_ws/install/dwb_critics/include//dwb_critics/goal_dist.hpp
-- Installing: /home/nagisa/fishbot_ws/install/dwb_critics/share/dwb_critics/default_critics.xml
-- Installing: /home/nagisa/fishbot_ws/install/dwb_critics/share/dwb_critics/environment/library_path.sh
-- Installing: /home/nagisa/fishbot_ws/install/dwb_critics/share/dwb_critics/environment/library_path.dsv
-- Up-to-date: /home/nagisa/fishbot_ws/install/dwb_critics/share/dwb_critics/default_critics.xml
-- Installing: /home/nagisa/fishbot_ws/install/dwb_critics/share/ament_index/resource_index/package_run_dependencies/dwb_critics
-- Installing: /home/nagisa/fishbot_ws/install/dwb_critics/share/ament_index/resource_index/parent_prefix_path/dwb_critics
-- Installing: /home/nagisa/fishbot_ws/install/dwb_critics/share/dwb_critics/environment/ament_prefix_path.sh
-- Installing: /home/nagisa/fishbot_ws/install/dwb_critics/share/dwb_critics/environment/ament_prefix_path.dsv
-- Installing: /home/nagisa/fishbot_ws/install/dwb_critics/share/dwb_critics/environment/path.sh
-- Installing: /home/nagisa/fishbot_ws/install/dwb_critics/share/dwb_critics/environment/path.dsv
-- Installing: /home/nagisa/fishbot_ws/install/dwb_critics/share/dwb_critics/local_setup.bash
-- Installing: /home/nagisa/fishbot_ws/install/dwb_critics/share/dwb_critics/local_setup.sh
-- Installing: /home/nagisa/fishbot_ws/install/dwb_critics/share/dwb_critics/local_setup.zsh
-- Installing: /home/nagisa/fishbot_ws/install/dwb_critics/share/dwb_critics/local_setup.dsv
-- Installing: /home/nagisa/fishbot_ws/install/dwb_critics/share/dwb_critics/package.dsv
-- Installing: /home/nagisa/fishbot_ws/install/dwb_critics/share/ament_index/resource_index/packages/dwb_critics
-- Installing: /home/nagisa/fishbot_ws/install/dwb_critics/share/ament_index/resource_index/dwb_core__pluginlib__plugin/dwb_critics
-- Installing: /home/nagisa/fishbot_ws/install/dwb_critics/share/dwb_critics/cmake/ament_cmake_export_include_directories-extras.cmake
-- Installing: /home/nagisa/fishbot_ws/install/dwb_critics/share/dwb_critics/cmake/ament_cmake_export_libraries-extras.cmake
-- Installing: /home/nagisa/fishbot_ws/install/dwb_critics/share/dwb_critics/cmake/ament_cmake_export_dependencies-extras.cmake
-- Installing: /home/nagisa/fishbot_ws/install/dwb_critics/share/dwb_critics/cmake/dwb_criticsConfig.cmake
-- Installing: /home/nagisa/fishbot_ws/install/dwb_critics/share/dwb_critics/cmake/dwb_criticsConfig-version.cmake
-- Installing: /home/nagisa/fishbot_ws/install/dwb_critics/share/dwb_critics/package.xml
