[0.212s] Invoking command in '/home/nagisa/fishbot_ws/build/dwb_critics': AMENT_PREFIX_PATH=/home/nagisa/fishbot_ws/install/dwb_core:/home/nagisa/fishbot_ws/install/nav2_core:/home/nagisa/fishbot_ws/install/costmap_queue:/home/nagisa/fishbot_ws/install/nav2_costmap_2d:/home/nagisa/fishbot_ws/install/nav_2d_utils:/home/nagisa/fishbot_ws/install/nav2_map_server:/home/nagisa/fishbot_ws/install/nav2_lifecycle_manager:/home/nagisa/fishbot_ws/install/nav2_util:/home/nagisa/fishbot_ws/install/nav2_voxel_grid:/home/nagisa/fishbot_ws/install/nav2_msgs:/home/nagisa/fishbot_ws/install/dwb_msgs:/home/nagisa/fishbot_ws/install/nav_2d_msgs:/home/nagisa/fishbot_ws/install/nav2_common:${AMENT_PREFIX_PATH} CMAKE_PREFIX_PATH=/home/nagisa/fishbot_ws/install/dwb_core:/home/nagisa/fishbot_ws/install/nav2_core:/home/nagisa/fishbot_ws/install/costmap_queue:/home/nagisa/fishbot_ws/install/nav2_costmap_2d:/home/nagisa/fishbot_ws/install/nav_2d_utils:/home/nagisa/fishbot_ws/install/nav2_map_server:/home/nagisa/fishbot_ws/install/nav2_lifecycle_manager:/home/nagisa/fishbot_ws/install/nav2_util:/home/nagisa/fishbot_ws/install/nav2_voxel_grid:/home/nagisa/fishbot_ws/install/nav2_msgs:/home/nagisa/fishbot_ws/install/dwb_msgs:/home/nagisa/fishbot_ws/install/nav_2d_msgs:/home/nagisa/fishbot_ws/install/nav2_common:/opt/ros/humble LD_LIBRARY_PATH=/home/nagisa/fishbot_ws/install/dwb_core/lib:/home/nagisa/fishbot_ws/install/costmap_queue/lib:/home/nagisa/fishbot_ws/install/nav2_costmap_2d/lib:/home/nagisa/fishbot_ws/install/nav_2d_utils/lib:/home/nagisa/fishbot_ws/install/nav2_map_server/lib:/home/nagisa/fishbot_ws/install/nav2_lifecycle_manager/lib:/home/nagisa/fishbot_ws/install/nav2_util/lib:/home/nagisa/fishbot_ws/install/nav2_voxel_grid/lib:/home/nagisa/fishbot_ws/install/nav2_msgs/lib:/home/nagisa/fishbot_ws/install/dwb_msgs/lib:/home/nagisa/fishbot_ws/install/nav_2d_msgs/lib:${LD_LIBRARY_PATH} PYTHONPATH=/home/nagisa/fishbot_ws/install/nav2_msgs/local/lib/python3.10/dist-packages:/home/nagisa/fishbot_ws/install/dwb_msgs/local/lib/python3.10/dist-packages:/home/nagisa/fishbot_ws/install/nav_2d_msgs/local/lib/python3.10/dist-packages:/home/nagisa/fishbot_ws/install/nav2_common/local/lib/python3.10/dist-packages:${PYTHONPATH} /usr/bin/cmake /home/nagisa/fishbot_ws/src/navigation2/nav2_dwb_controller/dwb_critics -DCMAKE_INSTALL_PREFIX=/home/nagisa/fishbot_ws/install/dwb_critics
[0.440s] -- The C compiler identification is GNU 11.4.0
[0.656s] -- The CXX compiler identification is GNU 11.4.0
[0.677s] -- Detecting C compiler ABI info
[0.977s] -- Detecting C compiler ABI info - done
[1.002s] -- Check for working C compiler: /usr/bin/cc - skipped
[1.003s] -- Detecting C compile features
[1.004s] -- Detecting C compile features - done
[1.020s] -- Detecting CXX compiler ABI info
[1.413s] -- Detecting CXX compiler ABI info - done
[1.456s] -- Check for working CXX compiler: /usr/bin/c++ - skipped
[1.457s] -- Detecting CXX compile features
[1.457s] -- Detecting CXX compile features - done
[1.457s] -- Found ament_cmake: 1.3.10 (/opt/ros/humble/share/ament_cmake/cmake)
[2.070s] -- Found Python3: /usr/bin/python3 (found version "3.10.12") found components: Interpreter 
[2.495s] -- Found nav2_common: 1.1.16 (/home/nagisa/fishbot_ws/install/nav2_common/share/nav2_common/cmake)
[2.507s] -- Found angles: 1.15.0 (/opt/ros/humble/share/angles/cmake)
[2.513s] -- Found nav2_costmap_2d: 1.1.16 (/home/nagisa/fishbot_ws/install/nav2_costmap_2d/share/nav2_costmap_2d/cmake)
[2.693s] -- Found rosidl_generator_c: 3.1.5 (/opt/ros/humble/share/rosidl_generator_c/cmake)
[2.713s] -- Found rosidl_adapter: 3.1.5 (/opt/ros/humble/share/rosidl_adapter/cmake)
[2.740s] -- Found rosidl_generator_cpp: 3.1.5 (/opt/ros/humble/share/rosidl_generator_cpp/cmake)
[2.783s] -- Using all available rosidl_typesupport_c: rosidl_typesupport_fastrtps_c;rosidl_typesupport_introspection_c
[2.855s] -- Using all available rosidl_typesupport_cpp: rosidl_typesupport_fastrtps_cpp;rosidl_typesupport_introspection_cpp
[3.256s] -- Found rmw_implementation_cmake: 6.1.2 (/opt/ros/humble/share/rmw_implementation_cmake/cmake)
[3.270s] -- Found rmw_fastrtps_cpp: 6.2.7 (/opt/ros/humble/share/rmw_fastrtps_cpp/cmake)
[3.765s] -- Found OpenSSL: /usr/lib/x86_64-linux-gnu/libcrypto.so (found version "3.0.2")  
[3.868s] -- Found FastRTPS: /opt/ros/humble/include  
[4.024s] -- Using RMW implementation 'rmw_fastrtps_cpp' as default
[4.058s] -- Looking for pthread.h
[4.398s] -- Looking for pthread.h - found
[4.398s] -- Performing Test CMAKE_HAVE_LIBC_PTHREAD
[4.728s] -- Performing Test CMAKE_HAVE_LIBC_PTHREAD - Success
[4.733s] -- Found Threads: TRUE  
[5.599s] -- Found Eigen3: TRUE (found version "3.4.0") 
[5.599s] -- Ensuring Eigen3 include directory is part of orocos-kdl CMake target
[6.015s] -- Found costmap_queue: 1.1.16 (/home/nagisa/fishbot_ws/install/costmap_queue/share/costmap_queue/cmake)
[6.029s] -- Found dwb_core: 1.1.16 (/home/nagisa/fishbot_ws/install/dwb_core/share/dwb_core/cmake)
[6.410s] -- Setting build type to Release as none was specified.
[8.391s] -- Found ament_lint_auto: 0.12.11 (/opt/ros/humble/share/ament_lint_auto/cmake)
[8.740s] -- Found gtest sources under '/opt/ros/humble/src/gtest_vendor': C++ tests using 'Google Test' will be built
[8.799s] -- Added test 'cppcheck' to perform static code analysis on C / C++ code
[8.803s] -- Configured cppcheck include dirs: /home/nagisa/fishbot_ws/src/navigation2/nav2_dwb_controller/dwb_critics/include
[8.804s] -- Configured cppcheck exclude dirs and/or files: 
[8.809s] -- Added test 'cpplint' to check C / C++ code against the Google style
[8.809s] -- Configured cpplint exclude dirs and/or files: 
[8.814s] -- Added test 'lint_cmake' to check CMake code style
[8.820s] -- Added test 'uncrustify' to check C / C++ code style
[8.821s] -- Configured uncrustify additional arguments: 
[8.823s] -- Added test 'xmllint' to check XML markup files
[8.834s] -- Configuring done
[9.656s] -- Generating done
[9.665s] -- Build files have been written to: /home/nagisa/fishbot_ws/build/dwb_critics
[9.713s] Invoked command in '/home/nagisa/fishbot_ws/build/dwb_critics' returned '0': AMENT_PREFIX_PATH=/home/nagisa/fishbot_ws/install/dwb_core:/home/nagisa/fishbot_ws/install/nav2_core:/home/nagisa/fishbot_ws/install/costmap_queue:/home/nagisa/fishbot_ws/install/nav2_costmap_2d:/home/nagisa/fishbot_ws/install/nav_2d_utils:/home/nagisa/fishbot_ws/install/nav2_map_server:/home/nagisa/fishbot_ws/install/nav2_lifecycle_manager:/home/nagisa/fishbot_ws/install/nav2_util:/home/nagisa/fishbot_ws/install/nav2_voxel_grid:/home/nagisa/fishbot_ws/install/nav2_msgs:/home/nagisa/fishbot_ws/install/dwb_msgs:/home/nagisa/fishbot_ws/install/nav_2d_msgs:/home/nagisa/fishbot_ws/install/nav2_common:${AMENT_PREFIX_PATH} CMAKE_PREFIX_PATH=/home/nagisa/fishbot_ws/install/dwb_core:/home/nagisa/fishbot_ws/install/nav2_core:/home/nagisa/fishbot_ws/install/costmap_queue:/home/nagisa/fishbot_ws/install/nav2_costmap_2d:/home/nagisa/fishbot_ws/install/nav_2d_utils:/home/nagisa/fishbot_ws/install/nav2_map_server:/home/nagisa/fishbot_ws/install/nav2_lifecycle_manager:/home/nagisa/fishbot_ws/install/nav2_util:/home/nagisa/fishbot_ws/install/nav2_voxel_grid:/home/nagisa/fishbot_ws/install/nav2_msgs:/home/nagisa/fishbot_ws/install/dwb_msgs:/home/nagisa/fishbot_ws/install/nav_2d_msgs:/home/nagisa/fishbot_ws/install/nav2_common:/opt/ros/humble LD_LIBRARY_PATH=/home/nagisa/fishbot_ws/install/dwb_core/lib:/home/nagisa/fishbot_ws/install/costmap_queue/lib:/home/nagisa/fishbot_ws/install/nav2_costmap_2d/lib:/home/nagisa/fishbot_ws/install/nav_2d_utils/lib:/home/nagisa/fishbot_ws/install/nav2_map_server/lib:/home/nagisa/fishbot_ws/install/nav2_lifecycle_manager/lib:/home/nagisa/fishbot_ws/install/nav2_util/lib:/home/nagisa/fishbot_ws/install/nav2_voxel_grid/lib:/home/nagisa/fishbot_ws/install/nav2_msgs/lib:/home/nagisa/fishbot_ws/install/dwb_msgs/lib:/home/nagisa/fishbot_ws/install/nav_2d_msgs/lib:${LD_LIBRARY_PATH} PYTHONPATH=/home/nagisa/fishbot_ws/install/nav2_msgs/local/lib/python3.10/dist-packages:/home/nagisa/fishbot_ws/install/dwb_msgs/local/lib/python3.10/dist-packages:/home/nagisa/fishbot_ws/install/nav_2d_msgs/local/lib/python3.10/dist-packages:/home/nagisa/fishbot_ws/install/nav2_common/local/lib/python3.10/dist-packages:${PYTHONPATH} /usr/bin/cmake /home/nagisa/fishbot_ws/src/navigation2/nav2_dwb_controller/dwb_critics -DCMAKE_INSTALL_PREFIX=/home/nagisa/fishbot_ws/install/dwb_critics
[9.715s] Invoking command in '/home/nagisa/fishbot_ws/build/dwb_critics': AMENT_PREFIX_PATH=/home/nagisa/fishbot_ws/install/dwb_core:/home/nagisa/fishbot_ws/install/nav2_core:/home/nagisa/fishbot_ws/install/costmap_queue:/home/nagisa/fishbot_ws/install/nav2_costmap_2d:/home/nagisa/fishbot_ws/install/nav_2d_utils:/home/nagisa/fishbot_ws/install/nav2_map_server:/home/nagisa/fishbot_ws/install/nav2_lifecycle_manager:/home/nagisa/fishbot_ws/install/nav2_util:/home/nagisa/fishbot_ws/install/nav2_voxel_grid:/home/nagisa/fishbot_ws/install/nav2_msgs:/home/nagisa/fishbot_ws/install/dwb_msgs:/home/nagisa/fishbot_ws/install/nav_2d_msgs:/home/nagisa/fishbot_ws/install/nav2_common:${AMENT_PREFIX_PATH} CMAKE_PREFIX_PATH=/home/nagisa/fishbot_ws/install/dwb_core:/home/nagisa/fishbot_ws/install/nav2_core:/home/nagisa/fishbot_ws/install/costmap_queue:/home/nagisa/fishbot_ws/install/nav2_costmap_2d:/home/nagisa/fishbot_ws/install/nav_2d_utils:/home/nagisa/fishbot_ws/install/nav2_map_server:/home/nagisa/fishbot_ws/install/nav2_lifecycle_manager:/home/nagisa/fishbot_ws/install/nav2_util:/home/nagisa/fishbot_ws/install/nav2_voxel_grid:/home/nagisa/fishbot_ws/install/nav2_msgs:/home/nagisa/fishbot_ws/install/dwb_msgs:/home/nagisa/fishbot_ws/install/nav_2d_msgs:/home/nagisa/fishbot_ws/install/nav2_common:/opt/ros/humble LD_LIBRARY_PATH=/home/nagisa/fishbot_ws/install/dwb_core/lib:/home/nagisa/fishbot_ws/install/costmap_queue/lib:/home/nagisa/fishbot_ws/install/nav2_costmap_2d/lib:/home/nagisa/fishbot_ws/install/nav_2d_utils/lib:/home/nagisa/fishbot_ws/install/nav2_map_server/lib:/home/nagisa/fishbot_ws/install/nav2_lifecycle_manager/lib:/home/nagisa/fishbot_ws/install/nav2_util/lib:/home/nagisa/fishbot_ws/install/nav2_voxel_grid/lib:/home/nagisa/fishbot_ws/install/nav2_msgs/lib:/home/nagisa/fishbot_ws/install/dwb_msgs/lib:/home/nagisa/fishbot_ws/install/nav_2d_msgs/lib:${LD_LIBRARY_PATH} PYTHONPATH=/home/nagisa/fishbot_ws/install/nav2_msgs/local/lib/python3.10/dist-packages:/home/nagisa/fishbot_ws/install/dwb_msgs/local/lib/python3.10/dist-packages:/home/nagisa/fishbot_ws/install/nav_2d_msgs/local/lib/python3.10/dist-packages:/home/nagisa/fishbot_ws/install/nav2_common/local/lib/python3.10/dist-packages:${PYTHONPATH} /usr/bin/cmake --build /home/nagisa/fishbot_ws/build/dwb_critics -- -j12 -l12
[9.940s] [  3%] [32mBuilding CXX object gtest/CMakeFiles/gtest.dir/src/gtest-all.cc.o[0m
[9.940s] [ 11%] [32mBuilding CXX object CMakeFiles/dwb_critics.dir/src/alignment_util.cpp.o[0m
[9.940s] [  7%] [32mBuilding CXX object CMakeFiles/dwb_critics.dir/src/map_grid.cpp.o[0m
[9.966s] [ 14%] [32mBuilding CXX object gtest/CMakeFiles/gtest_main.dir/src/gtest_main.cc.o[0m
[9.967s] [ 18%] [32mBuilding CXX object CMakeFiles/dwb_critics.dir/src/path_dist.cpp.o[0m
[9.967s] [ 22%] [32mBuilding CXX object CMakeFiles/dwb_critics.dir/src/base_obstacle.cpp.o[0m
[9.967s] [ 25%] [32mBuilding CXX object CMakeFiles/dwb_critics.dir/src/path_align.cpp.o[0m
[9.967s] [ 29%] [32mBuilding CXX object CMakeFiles/dwb_critics.dir/src/oscillation.cpp.o[0m
[9.968s] [ 33%] [32mBuilding CXX object CMakeFiles/dwb_critics.dir/src/goal_dist.cpp.o[0m
[9.977s] [ 37%] [32mBuilding CXX object CMakeFiles/dwb_critics.dir/src/obstacle_footprint.cpp.o[0m
[9.987s] [ 40%] [32mBuilding CXX object CMakeFiles/dwb_critics.dir/src/goal_align.cpp.o[0m
[9.987s] [ 44%] [32mBuilding CXX object CMakeFiles/dwb_critics.dir/src/prefer_forward.cpp.o[0m
[12.910s] [ 48%] [32m[1mLinking CXX static library libgtest_main.a[0m
[13.092s] [ 48%] Built target gtest_main
[13.163s] [ 51%] [32mBuilding CXX object CMakeFiles/dwb_critics.dir/src/rotate_to_goal.cpp.o[0m
[16.599s] [ 55%] [32mBuilding CXX object CMakeFiles/dwb_critics.dir/src/twirling.cpp.o[0m
[53.223s] [ 59%] [32m[1mLinking CXX static library libgtest.a[0m
[53.283s] [ 59%] Built target gtest
[55.107s] [ 62%] [32m[1mLinking CXX shared library libdwb_critics.so[0m
[55.572s] [ 62%] Built target dwb_critics
[55.607s] [ 74%] [32mBuilding CXX object test/CMakeFiles/twirling_tests.dir/twirling_test.cpp.o[0m
[55.608s] [ 74%] [32mBuilding CXX object test/CMakeFiles/prefer_forward_tests.dir/prefer_forward_test.cpp.o[0m
[55.608s] [ 74%] [32mBuilding CXX object test/CMakeFiles/obstacle_footprint_tests.dir/obstacle_footprint_test.cpp.o[0m
[55.608s] [ 77%] [32mBuilding CXX object test/CMakeFiles/base_obstacle_tests.dir/base_obstacle_test.cpp.o[0m
[55.609s] [ 81%] [32mBuilding CXX object test/CMakeFiles/alignment_util_tests.dir/alignment_util_test.cpp.o[0m
[59.254s] [ 85%] [32m[1mLinking CXX executable alignment_util_tests[0m
[59.562s] [ 85%] Built target alignment_util_tests
[61.496s] [ 88%] [32m[1mLinking CXX executable twirling_tests[0m
[61.597s] [ 92%] [32m[1mLinking CXX executable base_obstacle_tests[0m
[61.808s] [ 92%] Built target twirling_tests
[61.923s] [ 92%] Built target base_obstacle_tests
[61.952s] [ 96%] [32m[1mLinking CXX executable prefer_forward_tests[0m
[62.036s] [100%] [32m[1mLinking CXX executable obstacle_footprint_tests[0m
[62.260s] [100%] Built target prefer_forward_tests
[62.349s] [100%] Built target obstacle_footprint_tests
[62.432s] Invoked command in '/home/nagisa/fishbot_ws/build/dwb_critics' returned '0': AMENT_PREFIX_PATH=/home/nagisa/fishbot_ws/install/dwb_core:/home/nagisa/fishbot_ws/install/nav2_core:/home/nagisa/fishbot_ws/install/costmap_queue:/home/nagisa/fishbot_ws/install/nav2_costmap_2d:/home/nagisa/fishbot_ws/install/nav_2d_utils:/home/nagisa/fishbot_ws/install/nav2_map_server:/home/nagisa/fishbot_ws/install/nav2_lifecycle_manager:/home/nagisa/fishbot_ws/install/nav2_util:/home/nagisa/fishbot_ws/install/nav2_voxel_grid:/home/nagisa/fishbot_ws/install/nav2_msgs:/home/nagisa/fishbot_ws/install/dwb_msgs:/home/nagisa/fishbot_ws/install/nav_2d_msgs:/home/nagisa/fishbot_ws/install/nav2_common:${AMENT_PREFIX_PATH} CMAKE_PREFIX_PATH=/home/nagisa/fishbot_ws/install/dwb_core:/home/nagisa/fishbot_ws/install/nav2_core:/home/nagisa/fishbot_ws/install/costmap_queue:/home/nagisa/fishbot_ws/install/nav2_costmap_2d:/home/nagisa/fishbot_ws/install/nav_2d_utils:/home/nagisa/fishbot_ws/install/nav2_map_server:/home/nagisa/fishbot_ws/install/nav2_lifecycle_manager:/home/nagisa/fishbot_ws/install/nav2_util:/home/nagisa/fishbot_ws/install/nav2_voxel_grid:/home/nagisa/fishbot_ws/install/nav2_msgs:/home/nagisa/fishbot_ws/install/dwb_msgs:/home/nagisa/fishbot_ws/install/nav_2d_msgs:/home/nagisa/fishbot_ws/install/nav2_common:/opt/ros/humble LD_LIBRARY_PATH=/home/nagisa/fishbot_ws/install/dwb_core/lib:/home/nagisa/fishbot_ws/install/costmap_queue/lib:/home/nagisa/fishbot_ws/install/nav2_costmap_2d/lib:/home/nagisa/fishbot_ws/install/nav_2d_utils/lib:/home/nagisa/fishbot_ws/install/nav2_map_server/lib:/home/nagisa/fishbot_ws/install/nav2_lifecycle_manager/lib:/home/nagisa/fishbot_ws/install/nav2_util/lib:/home/nagisa/fishbot_ws/install/nav2_voxel_grid/lib:/home/nagisa/fishbot_ws/install/nav2_msgs/lib:/home/nagisa/fishbot_ws/install/dwb_msgs/lib:/home/nagisa/fishbot_ws/install/nav_2d_msgs/lib:${LD_LIBRARY_PATH} PYTHONPATH=/home/nagisa/fishbot_ws/install/nav2_msgs/local/lib/python3.10/dist-packages:/home/nagisa/fishbot_ws/install/dwb_msgs/local/lib/python3.10/dist-packages:/home/nagisa/fishbot_ws/install/nav_2d_msgs/local/lib/python3.10/dist-packages:/home/nagisa/fishbot_ws/install/nav2_common/local/lib/python3.10/dist-packages:${PYTHONPATH} /usr/bin/cmake --build /home/nagisa/fishbot_ws/build/dwb_critics -- -j12 -l12
[62.569s] Invoking command in '/home/nagisa/fishbot_ws/build/dwb_critics': AMENT_PREFIX_PATH=/home/nagisa/fishbot_ws/install/dwb_core:/home/nagisa/fishbot_ws/install/nav2_core:/home/nagisa/fishbot_ws/install/costmap_queue:/home/nagisa/fishbot_ws/install/nav2_costmap_2d:/home/nagisa/fishbot_ws/install/nav_2d_utils:/home/nagisa/fishbot_ws/install/nav2_map_server:/home/nagisa/fishbot_ws/install/nav2_lifecycle_manager:/home/nagisa/fishbot_ws/install/nav2_util:/home/nagisa/fishbot_ws/install/nav2_voxel_grid:/home/nagisa/fishbot_ws/install/nav2_msgs:/home/nagisa/fishbot_ws/install/dwb_msgs:/home/nagisa/fishbot_ws/install/nav_2d_msgs:/home/nagisa/fishbot_ws/install/nav2_common:${AMENT_PREFIX_PATH} CMAKE_PREFIX_PATH=/home/nagisa/fishbot_ws/install/dwb_core:/home/nagisa/fishbot_ws/install/nav2_core:/home/nagisa/fishbot_ws/install/costmap_queue:/home/nagisa/fishbot_ws/install/nav2_costmap_2d:/home/nagisa/fishbot_ws/install/nav_2d_utils:/home/nagisa/fishbot_ws/install/nav2_map_server:/home/nagisa/fishbot_ws/install/nav2_lifecycle_manager:/home/nagisa/fishbot_ws/install/nav2_util:/home/nagisa/fishbot_ws/install/nav2_voxel_grid:/home/nagisa/fishbot_ws/install/nav2_msgs:/home/nagisa/fishbot_ws/install/dwb_msgs:/home/nagisa/fishbot_ws/install/nav_2d_msgs:/home/nagisa/fishbot_ws/install/nav2_common:/opt/ros/humble LD_LIBRARY_PATH=/home/nagisa/fishbot_ws/install/dwb_core/lib:/home/nagisa/fishbot_ws/install/costmap_queue/lib:/home/nagisa/fishbot_ws/install/nav2_costmap_2d/lib:/home/nagisa/fishbot_ws/install/nav_2d_utils/lib:/home/nagisa/fishbot_ws/install/nav2_map_server/lib:/home/nagisa/fishbot_ws/install/nav2_lifecycle_manager/lib:/home/nagisa/fishbot_ws/install/nav2_util/lib:/home/nagisa/fishbot_ws/install/nav2_voxel_grid/lib:/home/nagisa/fishbot_ws/install/nav2_msgs/lib:/home/nagisa/fishbot_ws/install/dwb_msgs/lib:/home/nagisa/fishbot_ws/install/nav_2d_msgs/lib:${LD_LIBRARY_PATH} PYTHONPATH=/home/nagisa/fishbot_ws/install/nav2_msgs/local/lib/python3.10/dist-packages:/home/nagisa/fishbot_ws/install/dwb_msgs/local/lib/python3.10/dist-packages:/home/nagisa/fishbot_ws/install/nav_2d_msgs/local/lib/python3.10/dist-packages:/home/nagisa/fishbot_ws/install/nav2_common/local/lib/python3.10/dist-packages:${PYTHONPATH} /usr/bin/cmake --install /home/nagisa/fishbot_ws/build/dwb_critics
[62.578s] -- Install configuration: "Release"
[62.578s] -- Installing: /home/nagisa/fishbot_ws/install/dwb_critics/lib/libdwb_critics.so
[62.579s] -- Set runtime path of "/home/nagisa/fishbot_ws/install/dwb_critics/lib/libdwb_critics.so" to ""
[62.579s] -- Installing: /home/nagisa/fishbot_ws/install/dwb_critics/include/
[62.580s] -- Installing: /home/nagisa/fishbot_ws/install/dwb_critics/include//dwb_critics
[62.580s] -- Installing: /home/nagisa/fishbot_ws/install/dwb_critics/include//dwb_critics/map_grid.hpp
[62.580s] -- Installing: /home/nagisa/fishbot_ws/install/dwb_critics/include//dwb_critics/goal_align.hpp
[62.580s] -- Installing: /home/nagisa/fishbot_ws/install/dwb_critics/include//dwb_critics/alignment_util.hpp
[62.580s] -- Installing: /home/nagisa/fishbot_ws/install/dwb_critics/include//dwb_critics/obstacle_footprint.hpp
[62.580s] -- Installing: /home/nagisa/fishbot_ws/install/dwb_critics/include//dwb_critics/path_dist.hpp
[62.581s] -- Installing: /home/nagisa/fishbot_ws/install/dwb_critics/include//dwb_critics/rotate_to_goal.hpp
[62.581s] -- Installing: /home/nagisa/fishbot_ws/install/dwb_critics/include//dwb_critics/line_iterator.hpp
[62.581s] -- Installing: /home/nagisa/fishbot_ws/install/dwb_critics/include//dwb_critics/base_obstacle.hpp
[62.581s] -- Installing: /home/nagisa/fishbot_ws/install/dwb_critics/include//dwb_critics/twirling.hpp
[62.581s] -- Installing: /home/nagisa/fishbot_ws/install/dwb_critics/include//dwb_critics/path_align.hpp
[62.582s] -- Installing: /home/nagisa/fishbot_ws/install/dwb_critics/include//dwb_critics/prefer_forward.hpp
[62.582s] -- Installing: /home/nagisa/fishbot_ws/install/dwb_critics/include//dwb_critics/oscillation.hpp
[62.582s] -- Installing: /home/nagisa/fishbot_ws/install/dwb_critics/include//dwb_critics/goal_dist.hpp
[62.582s] -- Installing: /home/nagisa/fishbot_ws/install/dwb_critics/share/dwb_critics/default_critics.xml
[62.584s] -- Installing: /home/nagisa/fishbot_ws/install/dwb_critics/share/dwb_critics/environment/library_path.sh
[62.585s] -- Installing: /home/nagisa/fishbot_ws/install/dwb_critics/share/dwb_critics/environment/library_path.dsv
[62.585s] -- Up-to-date: /home/nagisa/fishbot_ws/install/dwb_critics/share/dwb_critics/default_critics.xml
[62.586s] -- Installing: /home/nagisa/fishbot_ws/install/dwb_critics/share/ament_index/resource_index/package_run_dependencies/dwb_critics
[62.586s] -- Installing: /home/nagisa/fishbot_ws/install/dwb_critics/share/ament_index/resource_index/parent_prefix_path/dwb_critics
[62.588s] -- Installing: /home/nagisa/fishbot_ws/install/dwb_critics/share/dwb_critics/environment/ament_prefix_path.sh
[62.588s] -- Installing: /home/nagisa/fishbot_ws/install/dwb_critics/share/dwb_critics/environment/ament_prefix_path.dsv
[62.588s] -- Installing: /home/nagisa/fishbot_ws/install/dwb_critics/share/dwb_critics/environment/path.sh
[62.589s] -- Installing: /home/nagisa/fishbot_ws/install/dwb_critics/share/dwb_critics/environment/path.dsv
[62.589s] -- Installing: /home/nagisa/fishbot_ws/install/dwb_critics/share/dwb_critics/local_setup.bash
[62.589s] -- Installing: /home/nagisa/fishbot_ws/install/dwb_critics/share/dwb_critics/local_setup.sh
[62.590s] -- Installing: /home/nagisa/fishbot_ws/install/dwb_critics/share/dwb_critics/local_setup.zsh
[62.590s] -- Installing: /home/nagisa/fishbot_ws/install/dwb_critics/share/dwb_critics/local_setup.dsv
[62.590s] -- Installing: /home/nagisa/fishbot_ws/install/dwb_critics/share/dwb_critics/package.dsv
[62.591s] -- Installing: /home/nagisa/fishbot_ws/install/dwb_critics/share/ament_index/resource_index/packages/dwb_critics
[62.591s] -- Installing: /home/nagisa/fishbot_ws/install/dwb_critics/share/ament_index/resource_index/dwb_core__pluginlib__plugin/dwb_critics
[62.592s] -- Installing: /home/nagisa/fishbot_ws/install/dwb_critics/share/dwb_critics/cmake/ament_cmake_export_include_directories-extras.cmake
[62.592s] -- Installing: /home/nagisa/fishbot_ws/install/dwb_critics/share/dwb_critics/cmake/ament_cmake_export_libraries-extras.cmake
[62.593s] -- Installing: /home/nagisa/fishbot_ws/install/dwb_critics/share/dwb_critics/cmake/ament_cmake_export_dependencies-extras.cmake
[62.593s] -- Installing: /home/nagisa/fishbot_ws/install/dwb_critics/share/dwb_critics/cmake/dwb_criticsConfig.cmake
[62.593s] -- Installing: /home/nagisa/fishbot_ws/install/dwb_critics/share/dwb_critics/cmake/dwb_criticsConfig-version.cmake
[62.594s] -- Installing: /home/nagisa/fishbot_ws/install/dwb_critics/share/dwb_critics/package.xml
[62.608s] Invoked command in '/home/nagisa/fishbot_ws/build/dwb_critics' returned '0': AMENT_PREFIX_PATH=/home/nagisa/fishbot_ws/install/dwb_core:/home/nagisa/fishbot_ws/install/nav2_core:/home/nagisa/fishbot_ws/install/costmap_queue:/home/nagisa/fishbot_ws/install/nav2_costmap_2d:/home/nagisa/fishbot_ws/install/nav_2d_utils:/home/nagisa/fishbot_ws/install/nav2_map_server:/home/nagisa/fishbot_ws/install/nav2_lifecycle_manager:/home/nagisa/fishbot_ws/install/nav2_util:/home/nagisa/fishbot_ws/install/nav2_voxel_grid:/home/nagisa/fishbot_ws/install/nav2_msgs:/home/nagisa/fishbot_ws/install/dwb_msgs:/home/nagisa/fishbot_ws/install/nav_2d_msgs:/home/nagisa/fishbot_ws/install/nav2_common:${AMENT_PREFIX_PATH} CMAKE_PREFIX_PATH=/home/nagisa/fishbot_ws/install/dwb_core:/home/nagisa/fishbot_ws/install/nav2_core:/home/nagisa/fishbot_ws/install/costmap_queue:/home/nagisa/fishbot_ws/install/nav2_costmap_2d:/home/nagisa/fishbot_ws/install/nav_2d_utils:/home/nagisa/fishbot_ws/install/nav2_map_server:/home/nagisa/fishbot_ws/install/nav2_lifecycle_manager:/home/nagisa/fishbot_ws/install/nav2_util:/home/nagisa/fishbot_ws/install/nav2_voxel_grid:/home/nagisa/fishbot_ws/install/nav2_msgs:/home/nagisa/fishbot_ws/install/dwb_msgs:/home/nagisa/fishbot_ws/install/nav_2d_msgs:/home/nagisa/fishbot_ws/install/nav2_common:/opt/ros/humble LD_LIBRARY_PATH=/home/nagisa/fishbot_ws/install/dwb_core/lib:/home/nagisa/fishbot_ws/install/costmap_queue/lib:/home/nagisa/fishbot_ws/install/nav2_costmap_2d/lib:/home/nagisa/fishbot_ws/install/nav_2d_utils/lib:/home/nagisa/fishbot_ws/install/nav2_map_server/lib:/home/nagisa/fishbot_ws/install/nav2_lifecycle_manager/lib:/home/nagisa/fishbot_ws/install/nav2_util/lib:/home/nagisa/fishbot_ws/install/nav2_voxel_grid/lib:/home/nagisa/fishbot_ws/install/nav2_msgs/lib:/home/nagisa/fishbot_ws/install/dwb_msgs/lib:/home/nagisa/fishbot_ws/install/nav_2d_msgs/lib:${LD_LIBRARY_PATH} PYTHONPATH=/home/nagisa/fishbot_ws/install/nav2_msgs/local/lib/python3.10/dist-packages:/home/nagisa/fishbot_ws/install/dwb_msgs/local/lib/python3.10/dist-packages:/home/nagisa/fishbot_ws/install/nav_2d_msgs/local/lib/python3.10/dist-packages:/home/nagisa/fishbot_ws/install/nav2_common/local/lib/python3.10/dist-packages:${PYTHONPATH} /usr/bin/cmake --install /home/nagisa/fishbot_ws/build/dwb_critics
