[0.018s] Invoking command in '/home/nagisa/fishbot_ws/build/nav2_velocity_smoother': AMENT_PREFIX_PATH=/home/nagisa/fishbot_ws/install/nav2_util:/home/nagisa/fishbot_ws/install/nav2_msgs:/home/nagisa/fishbot_ws/install/nav2_common:${AMENT_PREFIX_PATH} CMAKE_PREFIX_PATH=/home/nagisa/fishbot_ws/install/nav2_util:/home/nagisa/fishbot_ws/install/nav2_msgs:/home/nagisa/fishbot_ws/install/nav2_common:/opt/ros/humble LD_LIBRARY_PATH=/home/nagisa/fishbot_ws/install/nav2_util/lib:/home/nagisa/fishbot_ws/install/nav2_msgs/lib:${LD_LIBRARY_PATH} PYTHONPATH=/home/nagisa/fishbot_ws/install/nav2_msgs/local/lib/python3.10/dist-packages:/home/nagisa/fishbot_ws/install/nav2_common/local/lib/python3.10/dist-packages:${PYTHONPATH} /usr/bin/cmake --build /home/nagisa/fishbot_ws/build/nav2_velocity_smoother -- -j12 -l12
[0.096s] [ 40%] Built target gtest_main
[0.096s] [ 40%] Built target gtest
[0.105s] [ 60%] Built target velocity_smoother_core
[0.146s] [100%] Built target velocity_smoother
[0.146s] [100%] Built target velocity_smoother_tests
[0.157s] Invoked command in '/home/nagisa/fishbot_ws/build/nav2_velocity_smoother' returned '0': AMENT_PREFIX_PATH=/home/nagisa/fishbot_ws/install/nav2_util:/home/nagisa/fishbot_ws/install/nav2_msgs:/home/nagisa/fishbot_ws/install/nav2_common:${AMENT_PREFIX_PATH} CMAKE_PREFIX_PATH=/home/nagisa/fishbot_ws/install/nav2_util:/home/nagisa/fishbot_ws/install/nav2_msgs:/home/nagisa/fishbot_ws/install/nav2_common:/opt/ros/humble LD_LIBRARY_PATH=/home/nagisa/fishbot_ws/install/nav2_util/lib:/home/nagisa/fishbot_ws/install/nav2_msgs/lib:${LD_LIBRARY_PATH} PYTHONPATH=/home/nagisa/fishbot_ws/install/nav2_msgs/local/lib/python3.10/dist-packages:/home/nagisa/fishbot_ws/install/nav2_common/local/lib/python3.10/dist-packages:${PYTHONPATH} /usr/bin/cmake --build /home/nagisa/fishbot_ws/build/nav2_velocity_smoother -- -j12 -l12
[0.215s] Invoking command in '/home/nagisa/fishbot_ws/build/nav2_velocity_smoother': AMENT_PREFIX_PATH=/home/nagisa/fishbot_ws/install/nav2_util:/home/nagisa/fishbot_ws/install/nav2_msgs:/home/nagisa/fishbot_ws/install/nav2_common:${AMENT_PREFIX_PATH} CMAKE_PREFIX_PATH=/home/nagisa/fishbot_ws/install/nav2_util:/home/nagisa/fishbot_ws/install/nav2_msgs:/home/nagisa/fishbot_ws/install/nav2_common:/opt/ros/humble LD_LIBRARY_PATH=/home/nagisa/fishbot_ws/install/nav2_util/lib:/home/nagisa/fishbot_ws/install/nav2_msgs/lib:${LD_LIBRARY_PATH} PYTHONPATH=/home/nagisa/fishbot_ws/install/nav2_msgs/local/lib/python3.10/dist-packages:/home/nagisa/fishbot_ws/install/nav2_common/local/lib/python3.10/dist-packages:${PYTHONPATH} /usr/bin/cmake --install /home/nagisa/fishbot_ws/build/nav2_velocity_smoother
[0.225s] -- Install configuration: "Release"
[0.227s] -- Up-to-date: /home/nagisa/fishbot_ws/install/nav2_velocity_smoother/lib/libvelocity_smoother_core.so
[0.229s] -- Up-to-date: /home/nagisa/fishbot_ws/install/nav2_velocity_smoother/lib/nav2_velocity_smoother/velocity_smoother
[0.230s] -- Up-to-date: /home/nagisa/fishbot_ws/install/nav2_velocity_smoother/include/
[0.230s] -- Up-to-date: /home/nagisa/fishbot_ws/install/nav2_velocity_smoother/include//nav2_velocity_smoother
[0.230s] -- Up-to-date: /home/nagisa/fishbot_ws/install/nav2_velocity_smoother/include//nav2_velocity_smoother/velocity_smoother.hpp
[0.232s] -- Up-to-date: /home/nagisa/fishbot_ws/install/nav2_velocity_smoother/share/nav2_velocity_smoother/environment/library_path.sh
[0.232s] -- Up-to-date: /home/nagisa/fishbot_ws/install/nav2_velocity_smoother/share/nav2_velocity_smoother/environment/library_path.dsv
[0.232s] -- Up-to-date: /home/nagisa/fishbot_ws/install/nav2_velocity_smoother/share/ament_index/resource_index/package_run_dependencies/nav2_velocity_smoother
[0.233s] -- Up-to-date: /home/nagisa/fishbot_ws/install/nav2_velocity_smoother/share/ament_index/resource_index/parent_prefix_path/nav2_velocity_smoother
[0.233s] -- Up-to-date: /home/nagisa/fishbot_ws/install/nav2_velocity_smoother/share/nav2_velocity_smoother/environment/ament_prefix_path.sh
[0.233s] -- Up-to-date: /home/nagisa/fishbot_ws/install/nav2_velocity_smoother/share/nav2_velocity_smoother/environment/ament_prefix_path.dsv
[0.233s] -- Up-to-date: /home/nagisa/fishbot_ws/install/nav2_velocity_smoother/share/nav2_velocity_smoother/environment/path.sh
[0.233s] -- Up-to-date: /home/nagisa/fishbot_ws/install/nav2_velocity_smoother/share/nav2_velocity_smoother/environment/path.dsv
[0.234s] -- Up-to-date: /home/nagisa/fishbot_ws/install/nav2_velocity_smoother/share/nav2_velocity_smoother/local_setup.bash
[0.234s] -- Up-to-date: /home/nagisa/fishbot_ws/install/nav2_velocity_smoother/share/nav2_velocity_smoother/local_setup.sh
[0.234s] -- Up-to-date: /home/nagisa/fishbot_ws/install/nav2_velocity_smoother/share/nav2_velocity_smoother/local_setup.zsh
[0.234s] -- Up-to-date: /home/nagisa/fishbot_ws/install/nav2_velocity_smoother/share/nav2_velocity_smoother/local_setup.dsv
[0.234s] -- Installing: /home/nagisa/fishbot_ws/install/nav2_velocity_smoother/share/nav2_velocity_smoother/package.dsv
[0.234s] -- Up-to-date: /home/nagisa/fishbot_ws/install/nav2_velocity_smoother/share/ament_index/resource_index/packages/nav2_velocity_smoother
[0.234s] -- Up-to-date: /home/nagisa/fishbot_ws/install/nav2_velocity_smoother/share/ament_index/resource_index/rclcpp_components/nav2_velocity_smoother
[0.235s] -- Up-to-date: /home/nagisa/fishbot_ws/install/nav2_velocity_smoother/share/nav2_velocity_smoother/cmake/ament_cmake_export_include_directories-extras.cmake
[0.235s] -- Up-to-date: /home/nagisa/fishbot_ws/install/nav2_velocity_smoother/share/nav2_velocity_smoother/cmake/ament_cmake_export_libraries-extras.cmake
[0.235s] -- Up-to-date: /home/nagisa/fishbot_ws/install/nav2_velocity_smoother/share/nav2_velocity_smoother/cmake/ament_cmake_export_dependencies-extras.cmake
[0.235s] -- Up-to-date: /home/nagisa/fishbot_ws/install/nav2_velocity_smoother/share/nav2_velocity_smoother/cmake/nav2_velocity_smootherConfig.cmake
[0.235s] -- Up-to-date: /home/nagisa/fishbot_ws/install/nav2_velocity_smoother/share/nav2_velocity_smoother/cmake/nav2_velocity_smootherConfig-version.cmake
[0.235s] -- Up-to-date: /home/nagisa/fishbot_ws/install/nav2_velocity_smoother/share/nav2_velocity_smoother/package.xml
[0.238s] Invoked command in '/home/nagisa/fishbot_ws/build/nav2_velocity_smoother' returned '0': AMENT_PREFIX_PATH=/home/nagisa/fishbot_ws/install/nav2_util:/home/nagisa/fishbot_ws/install/nav2_msgs:/home/nagisa/fishbot_ws/install/nav2_common:${AMENT_PREFIX_PATH} CMAKE_PREFIX_PATH=/home/nagisa/fishbot_ws/install/nav2_util:/home/nagisa/fishbot_ws/install/nav2_msgs:/home/nagisa/fishbot_ws/install/nav2_common:/opt/ros/humble LD_LIBRARY_PATH=/home/nagisa/fishbot_ws/install/nav2_util/lib:/home/nagisa/fishbot_ws/install/nav2_msgs/lib:${LD_LIBRARY_PATH} PYTHONPATH=/home/nagisa/fishbot_ws/install/nav2_msgs/local/lib/python3.10/dist-packages:/home/nagisa/fishbot_ws/install/nav2_common/local/lib/python3.10/dist-packages:${PYTHONPATH} /usr/bin/cmake --install /home/nagisa/fishbot_ws/build/nav2_velocity_smoother
