[0.018s] Invoking command in '/home/nagisa/candpy_ws/build/cpp_pkg': CMAKE_PREFIX_PATH=/opt/ros/humble /usr/bin/cmake --build /home/nagisa/candpy_ws/build/cpp_pkg -- -j12 -l12
[0.045s] -- Found ament_cmake: 1.3.10 (/opt/ros/humble/share/ament_cmake/cmake)
[0.162s] -- Found rclcpp: 16.0.10 (/opt/ros/humble/share/rclcpp/cmake)
[0.188s] -- Found rosidl_generator_c: 3.1.5 (/opt/ros/humble/share/rosidl_generator_c/cmake)
[0.190s] -- Found rosidl_adapter: 3.1.5 (/opt/ros/humble/share/rosidl_adapter/cmake)
[0.196s] -- Found rosidl_generator_cpp: 3.1.5 (/opt/ros/humble/share/rosidl_generator_cpp/cmake)
[0.204s] -- Using all available rosidl_typesupport_c: rosidl_typesupport_fastrtps_c;rosidl_typesupport_introspection_c
[0.215s] -- Using all available rosidl_typesupport_cpp: rosidl_typesupport_fastrtps_cpp;rosidl_typesupport_introspection_cpp
[0.244s] -- Found rmw_implementation_cmake: 6.1.2 (/opt/ros/humble/share/rmw_implementation_cmake/cmake)
[0.245s] -- Found rmw_fastrtps_cpp: 6.2.7 (/opt/ros/humble/share/rmw_fastrtps_cpp/cmake)
[0.342s] -- Using RMW implementation 'rmw_fastrtps_cpp' as default
[0.383s] -- Found ament_lint_auto: 0.12.11 (/opt/ros/humble/share/ament_lint_auto/cmake)
[0.475s] -- Added test 'cppcheck' to perform static code analysis on C / C++ code
[0.475s] -- Configured cppcheck include dirs: 
[0.475s] -- Configured cppcheck exclude dirs and/or files: 
[0.475s] -- Added test 'lint_cmake' to check CMake code style
[0.476s] -- Added test 'uncrustify' to check C / C++ code style
[0.476s] -- Configured uncrustify additional arguments: 
[0.476s] -- Added test 'xmllint' to check XML markup files
[0.477s] [31mCMake Error at /opt/ros/humble/share/ament_cmake_target_dependencies/cmake/ament_target_dependencies.cmake:77 (message):
[0.478s]   ament_target_dependencies() the passed package name 'tx_qq_node' was not
[0.478s]   found before
[0.478s] Call Stack (most recent call first):
[0.478s]   CMakeLists.txt:35 (ament_target_dependencies)
[0.478s] 
[0.478s] -- Configuring incomplete, errors occurred!
[0.478s] See also "/home/nagisa/candpy_ws/build/cpp_pkg/CMakeFiles/CMakeOutput.log".
[0.478s] [0m
[0.485s] gmake: *** [Makefile:308：cmake_check_build_system] 错误 1
[0.487s] Invoked command in '/home/nagisa/candpy_ws/build/cpp_pkg' returned '2': CMAKE_PREFIX_PATH=/opt/ros/humble /usr/bin/cmake --build /home/nagisa/candpy_ws/build/cpp_pkg -- -j12 -l12
