[0.062s] Invoking command in '/home/nagisa/fishbot_ws/build/nav2_behavior_tree': CMAKE_PREFIX_PATH=/home/nagisa/fishbot_ws/install/nav2_util:/home/nagisa/fishbot_ws/install/nav2_msgs:/home/nagisa/fishbot_ws/install/nav2_common:/home/nagisa/fishbot_ws/install/nav2_system_tests:/home/nagisa/fishbot_ws/install/nav2_bringup:/home/nagisa/fishbot_ws/install/nav2_graceful_controller:/home/nagisa/fishbot_ws/install/navigation2:/home/nagisa/fishbot_ws/install/nav2_smoother:/home/nagisa/fishbot_ws/install/nav2_dwb_controller:/home/nagisa/fishbot_ws/install/nav2_controller:/home/nagisa/fishbot_ws/install/dwb_plugins:/home/nagisa/fishbot_ws/install/dwb_critics:/home/nagisa/fishbot_ws/install/dwb_core:/home/nagisa/fishbot_ws/install/nav_2d_utils:/home/nagisa/fishbot_ws/install/dwb_msgs:/home/nagisa/fishbot_ws/install/nav_2d_msgs:/home/nagisa/fishbot_ws/install/nav2_waypoint_follower:/home/nagisa/fishbot_ws/install/nav2_theta_star_planner:/home/nagisa/fishbot_ws/install/nav2_smac_planner:/home/nagisa/fishbot_ws/install/nav2_rotation_shim_controller:/home/nagisa/fishbot_ws/install/nav2_regulated_pure_pursuit_controller:/home/nagisa/fishbot_ws/install/nav2_planner:/home/nagisa/fishbot_ws/install/nav2_navfn_planner:/home/nagisa/fishbot_ws/install/nav2_mppi_controller:/home/nagisa/fishbot_ws/install/nav2_constrained_smoother:/home/nagisa/fishbot_ws/install/nav2_bt_navigator:/home/nagisa/fishbot_ws/install/nav2_behaviors:/home/nagisa/fishbot_ws/install/nav2_core:/home/nagisa/fishbot_ws/install/nav2_collision_monitor:/home/nagisa/fishbot_ws/install/costmap_queue:/home/nagisa/fishbot_ws/install/nav2_costmap_2d:/home/nagisa/fishbot_ws/install/nav2_voxel_grid:/home/nagisa/fishbot_ws/install/nav2_velocity_smoother:/home/nagisa/fishbot_ws/install/nav2_rviz_plugins:/home/nagisa/fishbot_ws/install/nav2_map_server:/home/nagisa/fishbot_ws/install/nav2_lifecycle_manager:/home/nagisa/fishbot_ws/install/nav2_behavior_tree:/home/nagisa/fishbot_ws/install/nav2_amcl:/home/nagisa/fishbot_ws/install/fishbot_navigation2:/home/nagisa/fishbot_ws/install/fishbot_cartographer:/home/nagisa/fishbot_ws/install/cartographer_rviz:/home/nagisa/fishbot_ws/install/cartographer_ros:/home/nagisa/fishbot_ws/install/cartographer_ros_msgs:/home/nagisa/fishbot_ws/install/cartographer:/home/nagisa/fishbot_ws/install/nav2_simple_commander:/home/nagisa/fishbot_ws/install/fishbot_description:/opt/ros/humble LD_LIBRARY_PATH=/home/nagisa/fishbot_ws/install/nav2_util/lib:/home/nagisa/fishbot_ws/install/nav2_msgs/lib:/home/nagisa/fishbot_ws/install/nav2_graceful_controller/lib:/home/nagisa/fishbot_ws/install/nav2_smoother/lib:/home/nagisa/fishbot_ws/install/nav2_controller/lib:/home/nagisa/fishbot_ws/install/dwb_plugins/lib:/home/nagisa/fishbot_ws/install/dwb_critics/lib:/home/nagisa/fishbot_ws/install/dwb_core/lib:/home/nagisa/fishbot_ws/install/nav_2d_utils/lib:/home/nagisa/fishbot_ws/install/dwb_msgs/lib:/home/nagisa/fishbot_ws/install/nav_2d_msgs/lib:/home/nagisa/fishbot_ws/install/nav2_waypoint_follower/lib:/home/nagisa/fishbot_ws/install/nav2_theta_star_planner/lib:/home/nagisa/fishbot_ws/install/nav2_smac_planner/lib:/home/nagisa/fishbot_ws/install/nav2_rotation_shim_controller/lib:/home/nagisa/fishbot_ws/install/nav2_regulated_pure_pursuit_controller/lib:/home/nagisa/fishbot_ws/install/nav2_planner/lib:/home/nagisa/fishbot_ws/install/nav2_navfn_planner/lib:/home/nagisa/fishbot_ws/install/nav2_mppi_controller/lib:/home/nagisa/fishbot_ws/install/nav2_constrained_smoother/lib:/home/nagisa/fishbot_ws/install/nav2_bt_navigator/lib:/home/nagisa/fishbot_ws/install/nav2_behaviors/lib:/home/nagisa/fishbot_ws/install/nav2_collision_monitor/lib:/home/nagisa/fishbot_ws/install/costmap_queue/lib:/home/nagisa/fishbot_ws/install/nav2_costmap_2d/lib:/home/nagisa/fishbot_ws/install/nav2_voxel_grid/lib:/home/nagisa/fishbot_ws/install/nav2_velocity_smoother/lib:/home/nagisa/fishbot_ws/install/nav2_rviz_plugins/lib:/home/nagisa/fishbot_ws/install/nav2_map_server/lib:/home/nagisa/fishbot_ws/install/nav2_lifecycle_manager/lib:/home/nagisa/fishbot_ws/install/nav2_behavior_tree/lib:/home/nagisa/fishbot_ws/install/nav2_amcl/lib:/home/nagisa/fishbot_ws/install/cartographer_rviz/lib:/home/nagisa/fishbot_ws/install/cartographer_ros/lib:/home/nagisa/fishbot_ws/install/cartographer_ros_msgs/lib:/usr/lib/x86_64-linux-gnu/gazebo-11/plugins:/opt/ros/humble/opt/rviz_ogre_vendor/lib:/opt/ros/humble/lib/x86_64-linux-gnu:/opt/ros/humble/lib /usr/bin/cmake --build /home/nagisa/fishbot_ws/build/nav2_behavior_tree -- -j12 -l12
[0.295s] [  1%] Built target nav2_compute_path_through_poses_action_bt_node
[0.315s] [  2%] Built target nav2_behavior_tree
[0.334s] [  3%] Built target nav2_controller_cancel_bt_node
[0.334s] [  4%] Built target nav2_wait_cancel_bt_node
[0.338s] [  5%] Built target nav2_compute_path_to_pose_action_bt_node
[0.343s] [  5%] Built target nav2_smooth_path_action_bt_node
[0.349s] [  6%] Built target nav2_drive_on_heading_cancel_bt_node
[0.350s] [  7%] Built target nav2_back_up_cancel_bt_node
[0.350s] [  8%] Built target nav2_assisted_teleop_cancel_bt_node
[0.355s] [  9%] Built target nav2_follow_path_action_bt_node
[0.362s] [ 10%] Built target nav2_spin_cancel_bt_node
[0.364s] [ 11%] Built target nav2_back_up_action_bt_node
[0.436s] [ 12%] Built target nav2_spin_action_bt_node
[0.448s] [ 13%] Built target nav2_drive_on_heading_bt_node
[0.449s] [ 14%] Built target nav2_goal_reached_condition_bt_node
[0.483s] [ 15%] Built target nav2_is_path_valid_condition_bt_node
[0.483s] [ 16%] Built target nav2_wait_action_bt_node
[0.483s] [ 17%] Built target nav2_is_stuck_condition_bt_node
[0.485s] [ 18%] Built target nav2_clear_costmap_service_bt_node
[0.487s] [ 19%] Built target nav2_assisted_teleop_action_bt_node
[0.490s] [ 19%] Built target nav2_goal_updated_condition_bt_node
[0.496s] [ 21%] Built target nav2_transform_available_condition_bt_node
[0.496s] [ 21%] Built target nav2_globally_updated_goal_condition_bt_node
[0.503s] [ 22%] Built target nav2_time_expired_condition_bt_node
[0.541s] [ 23%] Built target nav2_path_expiring_timer_condition
[0.568s] [ 25%] Built target nav2_truncate_path_local_action_bt_node
[0.568s] [ 25%] Built target nav2_distance_traveled_condition_bt_node
[0.574s] [ 26%] Built target nav2_is_battery_charging_condition_bt_node
[0.579s] [ 27%] Built target nav2_rate_controller_bt_node
[0.583s] [ 28%] Built target nav2_initial_pose_received_condition_bt_node
[0.584s] [ 29%] Built target nav2_is_battery_low_condition_bt_node
[0.595s] [ 30%] Built target nav2_reinitialize_global_localization_service_bt_node
[0.598s] [ 31%] Built target nav2_distance_controller_bt_node
[0.599s] [ 32%] Built target nav2_speed_controller_bt_node
[0.607s] [ 33%] Built target nav2_truncate_path_action_bt_node
[0.621s] [ 34%] Built target nav2_goal_updater_node_bt_node
[0.663s] [ 36%] Built target nav2_navigate_to_pose_action_bt_node
[0.663s] [ 36%] Built target nav2_path_longer_on_approach_bt_node
[0.676s] [ 37%] Built target nav2_pipeline_sequence_bt_node
[0.688s] [ 38%] Built target nav2_navigate_through_poses_action_bt_node
[0.689s] [ 39%] Built target nav2_recovery_node_bt_node
[0.689s] [ 40%] Built target nav2_remove_passed_goals_action_bt_node
[0.693s] [ 41%] Built target nav2_get_pose_from_path_action_bt_node
[0.700s] [ 42%] Built target nav2_controller_selector_bt_node
[0.706s] [ 43%] Built target nav2_single_trigger_bt_node
[0.706s] [ 44%] Built target nav2_planner_selector_bt_node
[0.706s] [ 45%] Built target nav2_smoother_selector_bt_node
[0.719s] [ 46%] Built target nav2_round_robin_node_bt_node
[0.743s] [ 47%] Built target gtest_main
[0.751s] [ 48%] Built target nav2_goal_updated_controller_bt_node
[0.751s] [ 48%] Built target gtest
[0.757s] [ 49%] Built target nav2_goal_checker_selector_bt_node
[0.763s] [ 50%] Built target nav2_progress_checker_selector_bt_node
[0.832s] [ 51%] Built target test_condition_path_expiring_timer
[0.839s] [ 52%] Built target test_bt_conversions
[0.839s] [ 52%] Built target test_condition_time_expired
[0.842s] [ 53%] Built target test_condition_goal_reached
[0.842s] [ 54%] Built target test_condition_distance_traveled
[0.844s] [ 55%] Built target test_condition_is_battery_charging
[0.869s] [ 57%] Built target test_condition_is_battery_low
[0.870s] [ 57%] Built target test_condition_goal_updated
[0.870s] [ 58%] Built target test_condition_transform_available
[0.870s] [ 59%] Built target test_condition_is_stuck
[0.870s] [ 61%] Built target test_condition_globally_updated_goal
[0.870s] [ 61%] Built target test_condition_initial_pose_received
[0.922s] [ 62%] Built target test_decorator_rate_controller
[0.926s] [ 63%] Built target test_condition_is_path_valid
[0.937s] [ 64%] Built target test_single_trigger_node
[0.940s] [ 65%] Built target test_control_recovery_node
[0.941s] [ 66%] Built target test_goal_updated_controller
[0.941s] [ 67%] Built target test_goal_updater_node
[0.948s] [ 68%] Built target test_control_pipeline_sequence
[0.948s] [ 69%] Built target test_control_round_robin_node
[0.951s] [ 70%] Built target test_bt_action_node
[0.954s] [ 71%] Built target test_decorator_speed_controller
[0.955s] [ 72%] Built target test_decorator_path_longer_on_approach
[0.955s] [ 73%] Built target test_decorator_distance_controller
[0.998s] [ 74%] Built target test_action_spin_action
[1.011s] [ 75%] Built target test_action_drive_on_heading
[1.020s] [ 76%] Built target test_action_back_up_action
[1.029s] [ 77%] Built target test_action_assisted_teleop_action
[1.029s] [ 78%] Built target test_action_assisted_teleop_cancel_action
[1.034s] [ 79%] Built target test_action_wait_action
[1.037s] [ 80%] Built target test_action_controller_cancel_action
[1.037s] [ 81%] Built target test_action_drive_on_heading_cancel_action
[1.047s] [ 82%] Built target test_action_spin_cancel_action
[1.047s] [ 83%] Built target test_action_clear_costmap_service
[1.051s] [ 84%] Built target test_action_wait_cancel_action
[1.060s] [ 85%] Built target test_action_back_up_cancel_action
[1.106s] [ 86%] Built target test_action_reinitialize_global_localization_service
[1.108s] [ 87%] Built target test_truncate_path_action
[1.111s] [ 88%] Built target test_action_compute_path_to_pose_action
[1.114s] [ 89%] Built target test_action_compute_path_through_poses_action
[1.120s] [ 89%] Built target test_action_follow_path_action
[1.120s] [ 90%] Built target test_action_navigate_through_poses_action
[1.122s] [ 91%] Built target test_action_smooth_path_action
[1.122s] [ 92%] Built target test_action_navigate_to_pose_action
[1.123s] [ 93%] Built target test_remove_passed_goals_action
[1.128s] [ 94%] Built target test_planner_selector_node
[1.130s] [ 95%] Built target test_get_pose_from_path_action
[1.133s] [ 96%] Built target test_truncate_path_local_action
[1.172s] [ 97%] Built target test_progress_checker_selector_node
[1.173s] [ 98%] Built target test_smoother_selector_node
[1.173s] [ 99%] Built target test_controller_selector_node
[1.174s] [100%] Built target test_goal_checker_selector_node
[1.191s] Invoked command in '/home/nagisa/fishbot_ws/build/nav2_behavior_tree' returned '0': CMAKE_PREFIX_PATH=/home/nagisa/fishbot_ws/install/nav2_util:/home/nagisa/fishbot_ws/install/nav2_msgs:/home/nagisa/fishbot_ws/install/nav2_common:/home/nagisa/fishbot_ws/install/nav2_system_tests:/home/nagisa/fishbot_ws/install/nav2_bringup:/home/nagisa/fishbot_ws/install/nav2_graceful_controller:/home/nagisa/fishbot_ws/install/navigation2:/home/nagisa/fishbot_ws/install/nav2_smoother:/home/nagisa/fishbot_ws/install/nav2_dwb_controller:/home/nagisa/fishbot_ws/install/nav2_controller:/home/nagisa/fishbot_ws/install/dwb_plugins:/home/nagisa/fishbot_ws/install/dwb_critics:/home/nagisa/fishbot_ws/install/dwb_core:/home/nagisa/fishbot_ws/install/nav_2d_utils:/home/nagisa/fishbot_ws/install/dwb_msgs:/home/nagisa/fishbot_ws/install/nav_2d_msgs:/home/nagisa/fishbot_ws/install/nav2_waypoint_follower:/home/nagisa/fishbot_ws/install/nav2_theta_star_planner:/home/nagisa/fishbot_ws/install/nav2_smac_planner:/home/nagisa/fishbot_ws/install/nav2_rotation_shim_controller:/home/nagisa/fishbot_ws/install/nav2_regulated_pure_pursuit_controller:/home/nagisa/fishbot_ws/install/nav2_planner:/home/nagisa/fishbot_ws/install/nav2_navfn_planner:/home/nagisa/fishbot_ws/install/nav2_mppi_controller:/home/nagisa/fishbot_ws/install/nav2_constrained_smoother:/home/nagisa/fishbot_ws/install/nav2_bt_navigator:/home/nagisa/fishbot_ws/install/nav2_behaviors:/home/nagisa/fishbot_ws/install/nav2_core:/home/nagisa/fishbot_ws/install/nav2_collision_monitor:/home/nagisa/fishbot_ws/install/costmap_queue:/home/nagisa/fishbot_ws/install/nav2_costmap_2d:/home/nagisa/fishbot_ws/install/nav2_voxel_grid:/home/nagisa/fishbot_ws/install/nav2_velocity_smoother:/home/nagisa/fishbot_ws/install/nav2_rviz_plugins:/home/nagisa/fishbot_ws/install/nav2_map_server:/home/nagisa/fishbot_ws/install/nav2_lifecycle_manager:/home/nagisa/fishbot_ws/install/nav2_behavior_tree:/home/nagisa/fishbot_ws/install/nav2_amcl:/home/nagisa/fishbot_ws/install/fishbot_navigation2:/home/nagisa/fishbot_ws/install/fishbot_cartographer:/home/nagisa/fishbot_ws/install/cartographer_rviz:/home/nagisa/fishbot_ws/install/cartographer_ros:/home/nagisa/fishbot_ws/install/cartographer_ros_msgs:/home/nagisa/fishbot_ws/install/cartographer:/home/nagisa/fishbot_ws/install/nav2_simple_commander:/home/nagisa/fishbot_ws/install/fishbot_description:/opt/ros/humble LD_LIBRARY_PATH=/home/nagisa/fishbot_ws/install/nav2_util/lib:/home/nagisa/fishbot_ws/install/nav2_msgs/lib:/home/nagisa/fishbot_ws/install/nav2_graceful_controller/lib:/home/nagisa/fishbot_ws/install/nav2_smoother/lib:/home/nagisa/fishbot_ws/install/nav2_controller/lib:/home/nagisa/fishbot_ws/install/dwb_plugins/lib:/home/nagisa/fishbot_ws/install/dwb_critics/lib:/home/nagisa/fishbot_ws/install/dwb_core/lib:/home/nagisa/fishbot_ws/install/nav_2d_utils/lib:/home/nagisa/fishbot_ws/install/dwb_msgs/lib:/home/nagisa/fishbot_ws/install/nav_2d_msgs/lib:/home/nagisa/fishbot_ws/install/nav2_waypoint_follower/lib:/home/nagisa/fishbot_ws/install/nav2_theta_star_planner/lib:/home/nagisa/fishbot_ws/install/nav2_smac_planner/lib:/home/nagisa/fishbot_ws/install/nav2_rotation_shim_controller/lib:/home/nagisa/fishbot_ws/install/nav2_regulated_pure_pursuit_controller/lib:/home/nagisa/fishbot_ws/install/nav2_planner/lib:/home/nagisa/fishbot_ws/install/nav2_navfn_planner/lib:/home/nagisa/fishbot_ws/install/nav2_mppi_controller/lib:/home/nagisa/fishbot_ws/install/nav2_constrained_smoother/lib:/home/nagisa/fishbot_ws/install/nav2_bt_navigator/lib:/home/nagisa/fishbot_ws/install/nav2_behaviors/lib:/home/nagisa/fishbot_ws/install/nav2_collision_monitor/lib:/home/nagisa/fishbot_ws/install/costmap_queue/lib:/home/nagisa/fishbot_ws/install/nav2_costmap_2d/lib:/home/nagisa/fishbot_ws/install/nav2_voxel_grid/lib:/home/nagisa/fishbot_ws/install/nav2_velocity_smoother/lib:/home/nagisa/fishbot_ws/install/nav2_rviz_plugins/lib:/home/nagisa/fishbot_ws/install/nav2_map_server/lib:/home/nagisa/fishbot_ws/install/nav2_lifecycle_manager/lib:/home/nagisa/fishbot_ws/install/nav2_behavior_tree/lib:/home/nagisa/fishbot_ws/install/nav2_amcl/lib:/home/nagisa/fishbot_ws/install/cartographer_rviz/lib:/home/nagisa/fishbot_ws/install/cartographer_ros/lib:/home/nagisa/fishbot_ws/install/cartographer_ros_msgs/lib:/usr/lib/x86_64-linux-gnu/gazebo-11/plugins:/opt/ros/humble/opt/rviz_ogre_vendor/lib:/opt/ros/humble/lib/x86_64-linux-gnu:/opt/ros/humble/lib /usr/bin/cmake --build /home/nagisa/fishbot_ws/build/nav2_behavior_tree -- -j12 -l12
[2.006s] Invoking command in '/home/nagisa/fishbot_ws/build/nav2_behavior_tree': CMAKE_PREFIX_PATH=/home/nagisa/fishbot_ws/install/nav2_util:/home/nagisa/fishbot_ws/install/nav2_msgs:/home/nagisa/fishbot_ws/install/nav2_common:/home/nagisa/fishbot_ws/install/nav2_system_tests:/home/nagisa/fishbot_ws/install/nav2_bringup:/home/nagisa/fishbot_ws/install/nav2_graceful_controller:/home/nagisa/fishbot_ws/install/navigation2:/home/nagisa/fishbot_ws/install/nav2_smoother:/home/nagisa/fishbot_ws/install/nav2_dwb_controller:/home/nagisa/fishbot_ws/install/nav2_controller:/home/nagisa/fishbot_ws/install/dwb_plugins:/home/nagisa/fishbot_ws/install/dwb_critics:/home/nagisa/fishbot_ws/install/dwb_core:/home/nagisa/fishbot_ws/install/nav_2d_utils:/home/nagisa/fishbot_ws/install/dwb_msgs:/home/nagisa/fishbot_ws/install/nav_2d_msgs:/home/nagisa/fishbot_ws/install/nav2_waypoint_follower:/home/nagisa/fishbot_ws/install/nav2_theta_star_planner:/home/nagisa/fishbot_ws/install/nav2_smac_planner:/home/nagisa/fishbot_ws/install/nav2_rotation_shim_controller:/home/nagisa/fishbot_ws/install/nav2_regulated_pure_pursuit_controller:/home/nagisa/fishbot_ws/install/nav2_planner:/home/nagisa/fishbot_ws/install/nav2_navfn_planner:/home/nagisa/fishbot_ws/install/nav2_mppi_controller:/home/nagisa/fishbot_ws/install/nav2_constrained_smoother:/home/nagisa/fishbot_ws/install/nav2_bt_navigator:/home/nagisa/fishbot_ws/install/nav2_behaviors:/home/nagisa/fishbot_ws/install/nav2_core:/home/nagisa/fishbot_ws/install/nav2_collision_monitor:/home/nagisa/fishbot_ws/install/costmap_queue:/home/nagisa/fishbot_ws/install/nav2_costmap_2d:/home/nagisa/fishbot_ws/install/nav2_voxel_grid:/home/nagisa/fishbot_ws/install/nav2_velocity_smoother:/home/nagisa/fishbot_ws/install/nav2_rviz_plugins:/home/nagisa/fishbot_ws/install/nav2_map_server:/home/nagisa/fishbot_ws/install/nav2_lifecycle_manager:/home/nagisa/fishbot_ws/install/nav2_behavior_tree:/home/nagisa/fishbot_ws/install/nav2_amcl:/home/nagisa/fishbot_ws/install/fishbot_navigation2:/home/nagisa/fishbot_ws/install/fishbot_cartographer:/home/nagisa/fishbot_ws/install/cartographer_rviz:/home/nagisa/fishbot_ws/install/cartographer_ros:/home/nagisa/fishbot_ws/install/cartographer_ros_msgs:/home/nagisa/fishbot_ws/install/cartographer:/home/nagisa/fishbot_ws/install/nav2_simple_commander:/home/nagisa/fishbot_ws/install/fishbot_description:/opt/ros/humble LD_LIBRARY_PATH=/home/nagisa/fishbot_ws/install/nav2_util/lib:/home/nagisa/fishbot_ws/install/nav2_msgs/lib:/home/nagisa/fishbot_ws/install/nav2_graceful_controller/lib:/home/nagisa/fishbot_ws/install/nav2_smoother/lib:/home/nagisa/fishbot_ws/install/nav2_controller/lib:/home/nagisa/fishbot_ws/install/dwb_plugins/lib:/home/nagisa/fishbot_ws/install/dwb_critics/lib:/home/nagisa/fishbot_ws/install/dwb_core/lib:/home/nagisa/fishbot_ws/install/nav_2d_utils/lib:/home/nagisa/fishbot_ws/install/dwb_msgs/lib:/home/nagisa/fishbot_ws/install/nav_2d_msgs/lib:/home/nagisa/fishbot_ws/install/nav2_waypoint_follower/lib:/home/nagisa/fishbot_ws/install/nav2_theta_star_planner/lib:/home/nagisa/fishbot_ws/install/nav2_smac_planner/lib:/home/nagisa/fishbot_ws/install/nav2_rotation_shim_controller/lib:/home/nagisa/fishbot_ws/install/nav2_regulated_pure_pursuit_controller/lib:/home/nagisa/fishbot_ws/install/nav2_planner/lib:/home/nagisa/fishbot_ws/install/nav2_navfn_planner/lib:/home/nagisa/fishbot_ws/install/nav2_mppi_controller/lib:/home/nagisa/fishbot_ws/install/nav2_constrained_smoother/lib:/home/nagisa/fishbot_ws/install/nav2_bt_navigator/lib:/home/nagisa/fishbot_ws/install/nav2_behaviors/lib:/home/nagisa/fishbot_ws/install/nav2_collision_monitor/lib:/home/nagisa/fishbot_ws/install/costmap_queue/lib:/home/nagisa/fishbot_ws/install/nav2_costmap_2d/lib:/home/nagisa/fishbot_ws/install/nav2_voxel_grid/lib:/home/nagisa/fishbot_ws/install/nav2_velocity_smoother/lib:/home/nagisa/fishbot_ws/install/nav2_rviz_plugins/lib:/home/nagisa/fishbot_ws/install/nav2_map_server/lib:/home/nagisa/fishbot_ws/install/nav2_lifecycle_manager/lib:/home/nagisa/fishbot_ws/install/nav2_behavior_tree/lib:/home/nagisa/fishbot_ws/install/nav2_amcl/lib:/home/nagisa/fishbot_ws/install/cartographer_rviz/lib:/home/nagisa/fishbot_ws/install/cartographer_ros/lib:/home/nagisa/fishbot_ws/install/cartographer_ros_msgs/lib:/usr/lib/x86_64-linux-gnu/gazebo-11/plugins:/opt/ros/humble/opt/rviz_ogre_vendor/lib:/opt/ros/humble/lib/x86_64-linux-gnu:/opt/ros/humble/lib /usr/bin/cmake --install /home/nagisa/fishbot_ws/build/nav2_behavior_tree
[2.019s] -- Install configuration: "Release"
[2.020s] -- Up-to-date: /home/nagisa/fishbot_ws/install/nav2_behavior_tree/lib/libnav2_behavior_tree.so
[2.020s] -- Up-to-date: /home/nagisa/fishbot_ws/install/nav2_behavior_tree/lib/libnav2_compute_path_to_pose_action_bt_node.so
[2.020s] -- Up-to-date: /home/nagisa/fishbot_ws/install/nav2_behavior_tree/lib/libnav2_compute_path_through_poses_action_bt_node.so
[2.021s] -- Up-to-date: /home/nagisa/fishbot_ws/install/nav2_behavior_tree/lib/libnav2_controller_cancel_bt_node.so
[2.021s] -- Up-to-date: /home/nagisa/fishbot_ws/install/nav2_behavior_tree/lib/libnav2_wait_cancel_bt_node.so
[2.022s] -- Up-to-date: /home/nagisa/fishbot_ws/install/nav2_behavior_tree/lib/libnav2_spin_cancel_bt_node.so
[2.022s] -- Up-to-date: /home/nagisa/fishbot_ws/install/nav2_behavior_tree/lib/libnav2_back_up_cancel_bt_node.so
[2.023s] -- Up-to-date: /home/nagisa/fishbot_ws/install/nav2_behavior_tree/lib/libnav2_assisted_teleop_cancel_bt_node.so
[2.023s] -- Up-to-date: /home/nagisa/fishbot_ws/install/nav2_behavior_tree/lib/libnav2_drive_on_heading_cancel_bt_node.so
[2.024s] -- Up-to-date: /home/nagisa/fishbot_ws/install/nav2_behavior_tree/lib/libnav2_smooth_path_action_bt_node.so
[2.024s] -- Up-to-date: /home/nagisa/fishbot_ws/install/nav2_behavior_tree/lib/libnav2_follow_path_action_bt_node.so
[2.025s] -- Up-to-date: /home/nagisa/fishbot_ws/install/nav2_behavior_tree/lib/libnav2_back_up_action_bt_node.so
[2.025s] -- Up-to-date: /home/nagisa/fishbot_ws/install/nav2_behavior_tree/lib/libnav2_drive_on_heading_bt_node.so
[2.025s] -- Up-to-date: /home/nagisa/fishbot_ws/install/nav2_behavior_tree/lib/libnav2_spin_action_bt_node.so
[2.026s] -- Up-to-date: /home/nagisa/fishbot_ws/install/nav2_behavior_tree/lib/libnav2_wait_action_bt_node.so
[2.026s] -- Up-to-date: /home/nagisa/fishbot_ws/install/nav2_behavior_tree/lib/libnav2_assisted_teleop_action_bt_node.so
[2.027s] -- Up-to-date: /home/nagisa/fishbot_ws/install/nav2_behavior_tree/lib/libnav2_clear_costmap_service_bt_node.so
[2.027s] -- Up-to-date: /home/nagisa/fishbot_ws/install/nav2_behavior_tree/lib/libnav2_is_stuck_condition_bt_node.so
[2.028s] -- Up-to-date: /home/nagisa/fishbot_ws/install/nav2_behavior_tree/lib/libnav2_transform_available_condition_bt_node.so
[2.028s] -- Up-to-date: /home/nagisa/fishbot_ws/install/nav2_behavior_tree/lib/libnav2_goal_reached_condition_bt_node.so
[2.028s] -- Up-to-date: /home/nagisa/fishbot_ws/install/nav2_behavior_tree/lib/libnav2_globally_updated_goal_condition_bt_node.so
[2.029s] -- Up-to-date: /home/nagisa/fishbot_ws/install/nav2_behavior_tree/lib/libnav2_goal_updated_condition_bt_node.so
[2.029s] -- Up-to-date: /home/nagisa/fishbot_ws/install/nav2_behavior_tree/lib/libnav2_is_path_valid_condition_bt_node.so
[2.029s] -- Up-to-date: /home/nagisa/fishbot_ws/install/nav2_behavior_tree/lib/libnav2_time_expired_condition_bt_node.so
[2.030s] -- Up-to-date: /home/nagisa/fishbot_ws/install/nav2_behavior_tree/lib/libnav2_path_expiring_timer_condition.so
[2.030s] -- Up-to-date: /home/nagisa/fishbot_ws/install/nav2_behavior_tree/lib/libnav2_distance_traveled_condition_bt_node.so
[2.031s] -- Up-to-date: /home/nagisa/fishbot_ws/install/nav2_behavior_tree/lib/libnav2_initial_pose_received_condition_bt_node.so
[2.032s] -- Up-to-date: /home/nagisa/fishbot_ws/install/nav2_behavior_tree/lib/libnav2_is_battery_charging_condition_bt_node.so
[2.033s] -- Up-to-date: /home/nagisa/fishbot_ws/install/nav2_behavior_tree/lib/libnav2_is_battery_low_condition_bt_node.so
[2.033s] -- Up-to-date: /home/nagisa/fishbot_ws/install/nav2_behavior_tree/lib/libnav2_reinitialize_global_localization_service_bt_node.so
[2.033s] -- Up-to-date: /home/nagisa/fishbot_ws/install/nav2_behavior_tree/lib/libnav2_rate_controller_bt_node.so
[2.034s] -- Up-to-date: /home/nagisa/fishbot_ws/install/nav2_behavior_tree/lib/libnav2_distance_controller_bt_node.so
[2.034s] -- Up-to-date: /home/nagisa/fishbot_ws/install/nav2_behavior_tree/lib/libnav2_speed_controller_bt_node.so
[2.035s] -- Up-to-date: /home/nagisa/fishbot_ws/install/nav2_behavior_tree/lib/libnav2_truncate_path_action_bt_node.so
[2.035s] -- Up-to-date: /home/nagisa/fishbot_ws/install/nav2_behavior_tree/lib/libnav2_truncate_path_local_action_bt_node.so
[2.035s] -- Up-to-date: /home/nagisa/fishbot_ws/install/nav2_behavior_tree/lib/libnav2_goal_updater_node_bt_node.so
[2.036s] -- Up-to-date: /home/nagisa/fishbot_ws/install/nav2_behavior_tree/lib/libnav2_path_longer_on_approach_bt_node.so
[2.036s] -- Up-to-date: /home/nagisa/fishbot_ws/install/nav2_behavior_tree/lib/libnav2_recovery_node_bt_node.so
[2.037s] -- Up-to-date: /home/nagisa/fishbot_ws/install/nav2_behavior_tree/lib/libnav2_navigate_to_pose_action_bt_node.so
[2.037s] -- Up-to-date: /home/nagisa/fishbot_ws/install/nav2_behavior_tree/lib/libnav2_navigate_through_poses_action_bt_node.so
[2.037s] -- Up-to-date: /home/nagisa/fishbot_ws/install/nav2_behavior_tree/lib/libnav2_remove_passed_goals_action_bt_node.so
[2.038s] -- Up-to-date: /home/nagisa/fishbot_ws/install/nav2_behavior_tree/lib/libnav2_get_pose_from_path_action_bt_node.so
[2.038s] -- Up-to-date: /home/nagisa/fishbot_ws/install/nav2_behavior_tree/lib/libnav2_pipeline_sequence_bt_node.so
[2.038s] -- Up-to-date: /home/nagisa/fishbot_ws/install/nav2_behavior_tree/lib/libnav2_round_robin_node_bt_node.so
[2.039s] -- Up-to-date: /home/nagisa/fishbot_ws/install/nav2_behavior_tree/lib/libnav2_single_trigger_bt_node.so
[2.039s] -- Up-to-date: /home/nagisa/fishbot_ws/install/nav2_behavior_tree/lib/libnav2_planner_selector_bt_node.so
[2.040s] -- Up-to-date: /home/nagisa/fishbot_ws/install/nav2_behavior_tree/lib/libnav2_controller_selector_bt_node.so
[2.041s] -- Up-to-date: /home/nagisa/fishbot_ws/install/nav2_behavior_tree/lib/libnav2_smoother_selector_bt_node.so
[2.042s] -- Up-to-date: /home/nagisa/fishbot_ws/install/nav2_behavior_tree/lib/libnav2_goal_checker_selector_bt_node.so
[2.043s] -- Up-to-date: /home/nagisa/fishbot_ws/install/nav2_behavior_tree/lib/libnav2_progress_checker_selector_bt_node.so
[2.044s] -- Up-to-date: /home/nagisa/fishbot_ws/install/nav2_behavior_tree/lib/libnav2_goal_updated_controller_bt_node.so
[2.044s] -- Up-to-date: /home/nagisa/fishbot_ws/install/nav2_behavior_tree/include/
[2.044s] -- Up-to-date: /home/nagisa/fishbot_ws/install/nav2_behavior_tree/include//nav2_behavior_tree
[2.045s] -- Up-to-date: /home/nagisa/fishbot_ws/install/nav2_behavior_tree/include//nav2_behavior_tree/plugins
[2.046s] -- Up-to-date: /home/nagisa/fishbot_ws/install/nav2_behavior_tree/include//nav2_behavior_tree/plugins/control
[2.047s] -- Up-to-date: /home/nagisa/fishbot_ws/install/nav2_behavior_tree/include//nav2_behavior_tree/plugins/control/recovery_node.hpp
[2.047s] -- Up-to-date: /home/nagisa/fishbot_ws/install/nav2_behavior_tree/include//nav2_behavior_tree/plugins/control/round_robin_node.hpp
[2.047s] -- Up-to-date: /home/nagisa/fishbot_ws/install/nav2_behavior_tree/include//nav2_behavior_tree/plugins/control/pipeline_sequence.hpp
[2.047s] -- Up-to-date: /home/nagisa/fishbot_ws/install/nav2_behavior_tree/include//nav2_behavior_tree/plugins/condition
[2.047s] -- Up-to-date: /home/nagisa/fishbot_ws/install/nav2_behavior_tree/include//nav2_behavior_tree/plugins/condition/goal_reached_condition.hpp
[2.047s] -- Up-to-date: /home/nagisa/fishbot_ws/install/nav2_behavior_tree/include//nav2_behavior_tree/plugins/condition/time_expired_condition.hpp
[2.048s] -- Up-to-date: /home/nagisa/fishbot_ws/install/nav2_behavior_tree/include//nav2_behavior_tree/plugins/condition/distance_traveled_condition.hpp
[2.048s] -- Up-to-date: /home/nagisa/fishbot_ws/install/nav2_behavior_tree/include//nav2_behavior_tree/plugins/condition/path_expiring_timer_condition.hpp
[2.048s] -- Up-to-date: /home/nagisa/fishbot_ws/install/nav2_behavior_tree/include//nav2_behavior_tree/plugins/condition/is_path_valid_condition.hpp
[2.048s] -- Up-to-date: /home/nagisa/fishbot_ws/install/nav2_behavior_tree/include//nav2_behavior_tree/plugins/condition/initial_pose_received_condition.hpp
[2.048s] -- Up-to-date: /home/nagisa/fishbot_ws/install/nav2_behavior_tree/include//nav2_behavior_tree/plugins/condition/transform_available_condition.hpp
[2.048s] -- Up-to-date: /home/nagisa/fishbot_ws/install/nav2_behavior_tree/include//nav2_behavior_tree/plugins/condition/is_battery_low_condition.hpp
[2.048s] -- Up-to-date: /home/nagisa/fishbot_ws/install/nav2_behavior_tree/include//nav2_behavior_tree/plugins/condition/is_battery_charging_condition.hpp
[2.048s] -- Up-to-date: /home/nagisa/fishbot_ws/install/nav2_behavior_tree/include//nav2_behavior_tree/plugins/condition/goal_updated_condition.hpp
[2.048s] -- Up-to-date: /home/nagisa/fishbot_ws/install/nav2_behavior_tree/include//nav2_behavior_tree/plugins/condition/globally_updated_goal_condition.hpp
[2.048s] -- Up-to-date: /home/nagisa/fishbot_ws/install/nav2_behavior_tree/include//nav2_behavior_tree/plugins/condition/is_stuck_condition.hpp
[2.048s] -- Up-to-date: /home/nagisa/fishbot_ws/install/nav2_behavior_tree/include//nav2_behavior_tree/plugins/action
[2.049s] -- Up-to-date: /home/nagisa/fishbot_ws/install/nav2_behavior_tree/include//nav2_behavior_tree/plugins/action/compute_path_to_pose_action.hpp
[2.049s] -- Up-to-date: /home/nagisa/fishbot_ws/install/nav2_behavior_tree/include//nav2_behavior_tree/plugins/action/navigate_through_poses_action.hpp
[2.049s] -- Up-to-date: /home/nagisa/fishbot_ws/install/nav2_behavior_tree/include//nav2_behavior_tree/plugins/action/wait_cancel_node.hpp
[2.049s] -- Up-to-date: /home/nagisa/fishbot_ws/install/nav2_behavior_tree/include//nav2_behavior_tree/plugins/action/remove_passed_goals_action.hpp
[2.050s] -- Up-to-date: /home/nagisa/fishbot_ws/install/nav2_behavior_tree/include//nav2_behavior_tree/plugins/action/smoother_selector_node.hpp
[2.050s] -- Up-to-date: /home/nagisa/fishbot_ws/install/nav2_behavior_tree/include//nav2_behavior_tree/plugins/action/spin_cancel_node.hpp
[2.050s] -- Up-to-date: /home/nagisa/fishbot_ws/install/nav2_behavior_tree/include//nav2_behavior_tree/plugins/action/planner_selector_node.hpp
[2.050s] -- Up-to-date: /home/nagisa/fishbot_ws/install/nav2_behavior_tree/include//nav2_behavior_tree/plugins/action/wait_action.hpp
[2.050s] -- Up-to-date: /home/nagisa/fishbot_ws/install/nav2_behavior_tree/include//nav2_behavior_tree/plugins/action/controller_cancel_node.hpp
[2.050s] -- Up-to-date: /home/nagisa/fishbot_ws/install/nav2_behavior_tree/include//nav2_behavior_tree/plugins/action/truncate_path_action.hpp
[2.051s] -- Up-to-date: /home/nagisa/fishbot_ws/install/nav2_behavior_tree/include//nav2_behavior_tree/plugins/action/get_pose_from_path_action.hpp
[2.051s] -- Up-to-date: /home/nagisa/fishbot_ws/install/nav2_behavior_tree/include//nav2_behavior_tree/plugins/action/assisted_teleop_cancel_node.hpp
[2.051s] -- Up-to-date: /home/nagisa/fishbot_ws/install/nav2_behavior_tree/include//nav2_behavior_tree/plugins/action/truncate_path_local_action.hpp
[2.051s] -- Up-to-date: /home/nagisa/fishbot_ws/install/nav2_behavior_tree/include//nav2_behavior_tree/plugins/action/back_up_cancel_node.hpp
[2.051s] -- Up-to-date: /home/nagisa/fishbot_ws/install/nav2_behavior_tree/include//nav2_behavior_tree/plugins/action/drive_on_heading_cancel_node.hpp
[2.051s] -- Up-to-date: /home/nagisa/fishbot_ws/install/nav2_behavior_tree/include//nav2_behavior_tree/plugins/action/controller_selector_node.hpp
[2.051s] -- Up-to-date: /home/nagisa/fishbot_ws/install/nav2_behavior_tree/include//nav2_behavior_tree/plugins/action/assisted_teleop_action.hpp
[2.051s] -- Up-to-date: /home/nagisa/fishbot_ws/install/nav2_behavior_tree/include//nav2_behavior_tree/plugins/action/progress_checker_selector_node.hpp
[2.052s] -- Up-to-date: /home/nagisa/fishbot_ws/install/nav2_behavior_tree/include//nav2_behavior_tree/plugins/action/drive_on_heading_action.hpp
[2.052s] -- Up-to-date: /home/nagisa/fishbot_ws/install/nav2_behavior_tree/include//nav2_behavior_tree/plugins/action/clear_costmap_service.hpp
[2.052s] -- Up-to-date: /home/nagisa/fishbot_ws/install/nav2_behavior_tree/include//nav2_behavior_tree/plugins/action/smooth_path_action.hpp
[2.052s] -- Up-to-date: /home/nagisa/fishbot_ws/install/nav2_behavior_tree/include//nav2_behavior_tree/plugins/action/compute_path_through_poses_action.hpp
[2.052s] -- Up-to-date: /home/nagisa/fishbot_ws/install/nav2_behavior_tree/include//nav2_behavior_tree/plugins/action/navigate_to_pose_action.hpp
[2.052s] -- Up-to-date: /home/nagisa/fishbot_ws/install/nav2_behavior_tree/include//nav2_behavior_tree/plugins/action/back_up_action.hpp
[2.053s] -- Up-to-date: /home/nagisa/fishbot_ws/install/nav2_behavior_tree/include//nav2_behavior_tree/plugins/action/goal_checker_selector_node.hpp
[2.053s] -- Up-to-date: /home/nagisa/fishbot_ws/install/nav2_behavior_tree/include//nav2_behavior_tree/plugins/action/spin_action.hpp
[2.053s] -- Up-to-date: /home/nagisa/fishbot_ws/install/nav2_behavior_tree/include//nav2_behavior_tree/plugins/action/reinitialize_global_localization_service.hpp
[2.053s] -- Up-to-date: /home/nagisa/fishbot_ws/install/nav2_behavior_tree/include//nav2_behavior_tree/plugins/action/follow_path_action.hpp
[2.053s] -- Up-to-date: /home/nagisa/fishbot_ws/install/nav2_behavior_tree/include//nav2_behavior_tree/plugins/decorator
[2.053s] -- Up-to-date: /home/nagisa/fishbot_ws/install/nav2_behavior_tree/include//nav2_behavior_tree/plugins/decorator/distance_controller.hpp
[2.053s] -- Up-to-date: /home/nagisa/fishbot_ws/install/nav2_behavior_tree/include//nav2_behavior_tree/plugins/decorator/rate_controller.hpp
[2.053s] -- Up-to-date: /home/nagisa/fishbot_ws/install/nav2_behavior_tree/include//nav2_behavior_tree/plugins/decorator/single_trigger_node.hpp
[2.054s] -- Up-to-date: /home/nagisa/fishbot_ws/install/nav2_behavior_tree/include//nav2_behavior_tree/plugins/decorator/path_longer_on_approach.hpp
[2.054s] -- Up-to-date: /home/nagisa/fishbot_ws/install/nav2_behavior_tree/include//nav2_behavior_tree/plugins/decorator/goal_updater_node.hpp
[2.054s] -- Up-to-date: /home/nagisa/fishbot_ws/install/nav2_behavior_tree/include//nav2_behavior_tree/plugins/decorator/goal_updated_controller.hpp
[2.054s] -- Up-to-date: /home/nagisa/fishbot_ws/install/nav2_behavior_tree/include//nav2_behavior_tree/plugins/decorator/speed_controller.hpp
[2.054s] -- Up-to-date: /home/nagisa/fishbot_ws/install/nav2_behavior_tree/include//nav2_behavior_tree/bt_action_node.hpp
[2.054s] -- Up-to-date: /home/nagisa/fishbot_ws/install/nav2_behavior_tree/include//nav2_behavior_tree/bt_service_node.hpp
[2.054s] -- Up-to-date: /home/nagisa/fishbot_ws/install/nav2_behavior_tree/include//nav2_behavior_tree/bt_action_server_impl.hpp
[2.054s] -- Up-to-date: /home/nagisa/fishbot_ws/install/nav2_behavior_tree/include//nav2_behavior_tree/bt_conversions.hpp
[2.054s] -- Up-to-date: /home/nagisa/fishbot_ws/install/nav2_behavior_tree/include//nav2_behavior_tree/bt_action_server.hpp
[2.054s] -- Up-to-date: /home/nagisa/fishbot_ws/install/nav2_behavior_tree/include//nav2_behavior_tree/behavior_tree_engine.hpp
[2.054s] -- Up-to-date: /home/nagisa/fishbot_ws/install/nav2_behavior_tree/include//nav2_behavior_tree/bt_cancel_action_node.hpp
[2.054s] -- Up-to-date: /home/nagisa/fishbot_ws/install/nav2_behavior_tree/include//nav2_behavior_tree/ros_topic_logger.hpp
[2.055s] -- Up-to-date: /home/nagisa/fishbot_ws/install/nav2_behavior_tree/share/nav2_behavior_tree/nav2_tree_nodes.xml
[2.055s] -- Up-to-date: /home/nagisa/fishbot_ws/install/nav2_behavior_tree/share/nav2_behavior_tree/environment/library_path.sh
[2.055s] -- Up-to-date: /home/nagisa/fishbot_ws/install/nav2_behavior_tree/share/nav2_behavior_tree/environment/library_path.dsv
[2.055s] -- Up-to-date: /home/nagisa/fishbot_ws/install/nav2_behavior_tree/share/ament_index/resource_index/package_run_dependencies/nav2_behavior_tree
[2.055s] -- Up-to-date: /home/nagisa/fishbot_ws/install/nav2_behavior_tree/share/ament_index/resource_index/parent_prefix_path/nav2_behavior_tree
[2.055s] -- Up-to-date: /home/nagisa/fishbot_ws/install/nav2_behavior_tree/share/nav2_behavior_tree/environment/ament_prefix_path.sh
[2.055s] -- Up-to-date: /home/nagisa/fishbot_ws/install/nav2_behavior_tree/share/nav2_behavior_tree/environment/ament_prefix_path.dsv
[2.055s] -- Up-to-date: /home/nagisa/fishbot_ws/install/nav2_behavior_tree/share/nav2_behavior_tree/environment/path.sh
[2.055s] -- Up-to-date: /home/nagisa/fishbot_ws/install/nav2_behavior_tree/share/nav2_behavior_tree/environment/path.dsv
[2.055s] -- Up-to-date: /home/nagisa/fishbot_ws/install/nav2_behavior_tree/share/nav2_behavior_tree/local_setup.bash
[2.055s] -- Up-to-date: /home/nagisa/fishbot_ws/install/nav2_behavior_tree/share/nav2_behavior_tree/local_setup.sh
[2.055s] -- Up-to-date: /home/nagisa/fishbot_ws/install/nav2_behavior_tree/share/nav2_behavior_tree/local_setup.zsh
[2.055s] -- Up-to-date: /home/nagisa/fishbot_ws/install/nav2_behavior_tree/share/nav2_behavior_tree/local_setup.dsv
[2.055s] -- Installing: /home/nagisa/fishbot_ws/install/nav2_behavior_tree/share/nav2_behavior_tree/package.dsv
[2.055s] -- Up-to-date: /home/nagisa/fishbot_ws/install/nav2_behavior_tree/share/ament_index/resource_index/packages/nav2_behavior_tree
[2.055s] -- Up-to-date: /home/nagisa/fishbot_ws/install/nav2_behavior_tree/share/nav2_behavior_tree/cmake/ament_cmake_export_include_directories-extras.cmake
[2.055s] -- Up-to-date: /home/nagisa/fishbot_ws/install/nav2_behavior_tree/share/nav2_behavior_tree/cmake/ament_cmake_export_libraries-extras.cmake
[2.055s] -- Up-to-date: /home/nagisa/fishbot_ws/install/nav2_behavior_tree/share/nav2_behavior_tree/cmake/ament_cmake_export_dependencies-extras.cmake
[2.055s] -- Up-to-date: /home/nagisa/fishbot_ws/install/nav2_behavior_tree/share/nav2_behavior_tree/cmake/nav2_behavior_treeConfig.cmake
[2.055s] -- Up-to-date: /home/nagisa/fishbot_ws/install/nav2_behavior_tree/share/nav2_behavior_tree/cmake/nav2_behavior_treeConfig-version.cmake
[2.056s] -- Up-to-date: /home/nagisa/fishbot_ws/install/nav2_behavior_tree/share/nav2_behavior_tree/package.xml
[2.060s] Invoked command in '/home/nagisa/fishbot_ws/build/nav2_behavior_tree' returned '0': CMAKE_PREFIX_PATH=/home/nagisa/fishbot_ws/install/nav2_util:/home/nagisa/fishbot_ws/install/nav2_msgs:/home/nagisa/fishbot_ws/install/nav2_common:/home/nagisa/fishbot_ws/install/nav2_system_tests:/home/nagisa/fishbot_ws/install/nav2_bringup:/home/nagisa/fishbot_ws/install/nav2_graceful_controller:/home/nagisa/fishbot_ws/install/navigation2:/home/nagisa/fishbot_ws/install/nav2_smoother:/home/nagisa/fishbot_ws/install/nav2_dwb_controller:/home/nagisa/fishbot_ws/install/nav2_controller:/home/nagisa/fishbot_ws/install/dwb_plugins:/home/nagisa/fishbot_ws/install/dwb_critics:/home/nagisa/fishbot_ws/install/dwb_core:/home/nagisa/fishbot_ws/install/nav_2d_utils:/home/nagisa/fishbot_ws/install/dwb_msgs:/home/nagisa/fishbot_ws/install/nav_2d_msgs:/home/nagisa/fishbot_ws/install/nav2_waypoint_follower:/home/nagisa/fishbot_ws/install/nav2_theta_star_planner:/home/nagisa/fishbot_ws/install/nav2_smac_planner:/home/nagisa/fishbot_ws/install/nav2_rotation_shim_controller:/home/nagisa/fishbot_ws/install/nav2_regulated_pure_pursuit_controller:/home/nagisa/fishbot_ws/install/nav2_planner:/home/nagisa/fishbot_ws/install/nav2_navfn_planner:/home/nagisa/fishbot_ws/install/nav2_mppi_controller:/home/nagisa/fishbot_ws/install/nav2_constrained_smoother:/home/nagisa/fishbot_ws/install/nav2_bt_navigator:/home/nagisa/fishbot_ws/install/nav2_behaviors:/home/nagisa/fishbot_ws/install/nav2_core:/home/nagisa/fishbot_ws/install/nav2_collision_monitor:/home/nagisa/fishbot_ws/install/costmap_queue:/home/nagisa/fishbot_ws/install/nav2_costmap_2d:/home/nagisa/fishbot_ws/install/nav2_voxel_grid:/home/nagisa/fishbot_ws/install/nav2_velocity_smoother:/home/nagisa/fishbot_ws/install/nav2_rviz_plugins:/home/nagisa/fishbot_ws/install/nav2_map_server:/home/nagisa/fishbot_ws/install/nav2_lifecycle_manager:/home/nagisa/fishbot_ws/install/nav2_behavior_tree:/home/nagisa/fishbot_ws/install/nav2_amcl:/home/nagisa/fishbot_ws/install/fishbot_navigation2:/home/nagisa/fishbot_ws/install/fishbot_cartographer:/home/nagisa/fishbot_ws/install/cartographer_rviz:/home/nagisa/fishbot_ws/install/cartographer_ros:/home/nagisa/fishbot_ws/install/cartographer_ros_msgs:/home/nagisa/fishbot_ws/install/cartographer:/home/nagisa/fishbot_ws/install/nav2_simple_commander:/home/nagisa/fishbot_ws/install/fishbot_description:/opt/ros/humble LD_LIBRARY_PATH=/home/nagisa/fishbot_ws/install/nav2_util/lib:/home/nagisa/fishbot_ws/install/nav2_msgs/lib:/home/nagisa/fishbot_ws/install/nav2_graceful_controller/lib:/home/nagisa/fishbot_ws/install/nav2_smoother/lib:/home/nagisa/fishbot_ws/install/nav2_controller/lib:/home/nagisa/fishbot_ws/install/dwb_plugins/lib:/home/nagisa/fishbot_ws/install/dwb_critics/lib:/home/nagisa/fishbot_ws/install/dwb_core/lib:/home/nagisa/fishbot_ws/install/nav_2d_utils/lib:/home/nagisa/fishbot_ws/install/dwb_msgs/lib:/home/nagisa/fishbot_ws/install/nav_2d_msgs/lib:/home/nagisa/fishbot_ws/install/nav2_waypoint_follower/lib:/home/nagisa/fishbot_ws/install/nav2_theta_star_planner/lib:/home/nagisa/fishbot_ws/install/nav2_smac_planner/lib:/home/nagisa/fishbot_ws/install/nav2_rotation_shim_controller/lib:/home/nagisa/fishbot_ws/install/nav2_regulated_pure_pursuit_controller/lib:/home/nagisa/fishbot_ws/install/nav2_planner/lib:/home/nagisa/fishbot_ws/install/nav2_navfn_planner/lib:/home/nagisa/fishbot_ws/install/nav2_mppi_controller/lib:/home/nagisa/fishbot_ws/install/nav2_constrained_smoother/lib:/home/nagisa/fishbot_ws/install/nav2_bt_navigator/lib:/home/nagisa/fishbot_ws/install/nav2_behaviors/lib:/home/nagisa/fishbot_ws/install/nav2_collision_monitor/lib:/home/nagisa/fishbot_ws/install/costmap_queue/lib:/home/nagisa/fishbot_ws/install/nav2_costmap_2d/lib:/home/nagisa/fishbot_ws/install/nav2_voxel_grid/lib:/home/nagisa/fishbot_ws/install/nav2_velocity_smoother/lib:/home/nagisa/fishbot_ws/install/nav2_rviz_plugins/lib:/home/nagisa/fishbot_ws/install/nav2_map_server/lib:/home/nagisa/fishbot_ws/install/nav2_lifecycle_manager/lib:/home/nagisa/fishbot_ws/install/nav2_behavior_tree/lib:/home/nagisa/fishbot_ws/install/nav2_amcl/lib:/home/nagisa/fishbot_ws/install/cartographer_rviz/lib:/home/nagisa/fishbot_ws/install/cartographer_ros/lib:/home/nagisa/fishbot_ws/install/cartographer_ros_msgs/lib:/usr/lib/x86_64-linux-gnu/gazebo-11/plugins:/opt/ros/humble/opt/rviz_ogre_vendor/lib:/opt/ros/humble/lib/x86_64-linux-gnu:/opt/ros/humble/lib /usr/bin/cmake --install /home/nagisa/fishbot_ws/build/nav2_behavior_tree
