[0.031s] Invoking command in '/home/nagisa/fishbot_ws/build/nav_2d_utils': AMENT_PREFIX_PATH=/home/nagisa/fishbot_ws/install/nav2_util:/home/nagisa/fishbot_ws/install/nav2_msgs:/home/nagisa/fishbot_ws/install/nav_2d_msgs:/home/nagisa/fishbot_ws/install/nav2_common:${AMENT_PREFIX_PATH} CMAKE_PREFIX_PATH=/home/nagisa/fishbot_ws/install/nav2_util:/home/nagisa/fishbot_ws/install/nav2_msgs:/home/nagisa/fishbot_ws/install/nav_2d_msgs:/home/nagisa/fishbot_ws/install/nav2_common:/opt/ros/humble LD_LIBRARY_PATH=/home/nagisa/fishbot_ws/install/nav2_util/lib:/home/nagisa/fishbot_ws/install/nav2_msgs/lib:/home/nagisa/fishbot_ws/install/nav_2d_msgs/lib:${LD_LIBRARY_PATH} PYTHONPATH=/home/nagisa/fishbot_ws/install/nav2_msgs/local/lib/python3.10/dist-packages:/home/nagisa/fishbot_ws/install/nav_2d_msgs/local/lib/python3.10/dist-packages:/home/nagisa/fishbot_ws/install/nav2_common/local/lib/python3.10/dist-packages:${PYTHONPATH} /usr/bin/cmake --build /home/nagisa/fishbot_ws/build/nav_2d_utils -- -j12 -l12
[0.103s] [35m[1mConsolidate compiler generated dependencies of target conversions[0m
[0.103s] [35m[1mConsolidate compiler generated dependencies of target gtest_main[0m
[0.108s] [35m[1mConsolidate compiler generated dependencies of target path_ops[0m
[0.123s] [  6%] [32mBuilding CXX object gtest/CMakeFiles/gtest.dir/src/gtest-all.cc.o[0m
[0.124s] [ 18%] Built target gtest_main
[0.136s] [ 31%] Built target path_ops
[0.153s] [ 43%] Built target conversions
[0.243s] [ 50%] [32mBuilding CXX object CMakeFiles/tf_help.dir/src/tf_help.cpp.o[0m
[162.774s] [ 56%] [32m[1mLinking CXX static library libgtest.a[0m
[162.916s] [ 56%] Built target gtest
[325.232s] [ 62%] [32m[1mLinking CXX shared library libtf_help.so[0m
[325.664s] [ 62%] Built target tf_help
[325.725s] [ 68%] [32mBuilding CXX object test/CMakeFiles/path_ops_tests.dir/path_ops_test.cpp.o[0m
[327.418s] [ 75%] [32m[1mLinking CXX executable path_ops_tests[0m
[328.614s] [ 75%] Built target path_ops_tests
[328.647s] [ 81%] [32mBuilding CXX object test/CMakeFiles/tf_help_tests.dir/tf_help_test.cpp.o[0m
[332.973s] [ 87%] [32m[1mLinking CXX executable tf_help_tests[0m
[333.218s] [ 87%] Built target tf_help_tests
[333.260s] [ 93%] [32mBuilding CXX object test/CMakeFiles/2d_utils_tests.dir/2d_utils_test.cpp.o[0m
[337.840s] [100%] [32m[1mLinking CXX executable 2d_utils_tests[0m
[338.133s] [100%] Built target 2d_utils_tests
