[0.032s] Invoking command in '/home/nagisa/fishbot_ws/build/cartographer': CMAKE_PREFIX_PATH=${CMAKE_PREFIX_PATH}:/home/nagisa/fishbot_ws/install/fishbot_description:/opt/ros/humble /usr/bin/cmake --build /home/nagisa/fishbot_ws/build/cartographer -- -j12 -l12
[0.121s] [  1%] Built target gtest
[0.129s] [  1%] Built target cartographer_detect_changes
[0.161s] [  2%] Built target gmock
[0.196s] [  2%] Built target gmock_main
[0.300s] [ 54%] Built target cartographer
[0.332s] [ 54%] Built target cartographer_print_configuration
[0.336s] [ 55%] Built target cartographer_pbstream
[0.337s] [ 56%] Built target cartographer_autogenerate_ground_truth
[0.342s] [ 57%] Built target cartographer_test_library
[0.351s] [ 57%] Built target cartographer_compute_relations_metrics
[0.382s] [ 57%] Built target cartographer.common.fixed_ratio_sampler_test
[0.395s] [ 57%] Built target cartographer.common.task_test
[0.395s] [ 58%] Built target cartographer.common.math_test
[0.397s] [ 59%] Built target cartographer.common.internal.blocking_queue_test
[0.401s] [ 60%] Built target cartographer.common.thread_pool_test
[0.402s] [ 61%] Built target cartographer.common.configuration_files_test
[0.402s] [ 61%] Built target cartographer.io.fake_file_writer_test
[0.404s] [ 61%] Built target cartographer.common.lua_parameter_dictionary_test
[0.405s] [ 62%] Built target cartographer.common.internal.rate_timer_test
[0.408s] [ 62%] Built target cartographer.io.points_processor_pipeline_builder_test
[0.412s] [ 63%] Built target cartographer.io.internal.in_memory_proto_stream_test
[0.416s] [ 64%] Built target cartographer.io.probability_grid_points_processor_test
[0.442s] [ 65%] Built target cartographer.io.proto_stream_test
[0.447s] [ 66%] Built target cartographer.mapping.2d.map_limits_test
[0.447s] [ 66%] Built target cartographer.io.serialization_format_migration_test
[0.447s] [ 67%] Built target cartographer.mapping.2d.range_data_inserter_2d_test
[0.453s] [ 67%] Built target cartographer.io.proto_stream_deserializer_test
[0.454s] [ 67%] Built target cartographer.mapping.2d.probability_grid_test
[0.455s] [ 67%] Built target cartographer.mapping.3d.hybrid_grid_test
[0.457s] [ 68%] Built target cartographer.mapping.2d.xy_index_test
[0.466s] [ 68%] Built target cartographer.mapping.2d.submap_2d_test
[0.468s] [ 68%] Built target cartographer.mapping.3d.submap_3d_test
[0.473s] [ 69%] Built target cartographer.mapping.3d.range_data_inserter_3d_test
[0.481s] [ 69%] Built target cartographer.mapping.imu_tracker_test
[0.493s] [ 70%] Built target cartographer.mapping.id_test
[0.494s] [ 71%] Built target cartographer.mapping.internal.2d.pose_graph_2d_test
[0.495s] [ 71%] Built target cartographer.mapping.internal.2d.overlapping_submaps_trimmer_2d_test
[0.499s] [ 72%] Built target cartographer.mapping.internal.2d.normal_estimation_2d_test
[0.502s] [ 72%] Built target cartographer.mapping.internal.2d.scan_matching.correlative_scan_matcher_test
[0.502s] [ 72%] Built target cartographer.mapping.internal.2d.ray_to_pixel_mask_test
[0.508s] [ 73%] Built target cartographer.mapping.internal.2d.scan_matching.fast_correlative_scan_matcher_2d_test
[0.514s] [ 74%] Built target cartographer.mapping.internal.2d.scan_matching.occupied_space_cost_function_2d_test
[0.521s] [ 75%] Built target cartographer.mapping.internal.2d.scan_matching.ceres_scan_matcher_2d_test
[0.529s] [ 75%] Built target cartographer.mapping.internal.2d.scan_matching.interpolated_tsdf_2d_test
[0.531s] [ 76%] Built target cartographer.mapping.internal.2d.tsdf_2d_test
[0.533s] [ 76%] Built target cartographer.mapping.internal.2d.tsd_value_converter_test
[0.533s] [ 77%] Built target cartographer.mapping.internal.2d.scan_matching.tsdf_match_cost_function_2d_test
[0.539s] [ 77%] Built target cartographer.mapping.internal.2d.scan_matching.real_time_correlative_scan_matcher_2d_test
[0.547s] [ 78%] Built target cartographer.mapping.internal.2d.tsdf_range_data_inserter_2d_test
[0.549s] [ 78%] Built target cartographer.mapping.internal.3d.local_trajectory_builder_3d_test
[0.553s] [ 78%] Built target cartographer.mapping.internal.3d.rotation_parameterization_test
[0.564s] [ 79%] Built target cartographer.mapping.internal.3d.pose_graph_3d_test
[0.574s] [ 79%] Built target cartographer.mapping.internal.3d.scan_matching.fast_correlative_scan_matcher_3d_test
[0.574s] [ 80%] Built target cartographer.mapping.internal.3d.scan_matching.intensity_cost_function_3d_test
[0.577s] [ 80%] Built target cartographer.mapping.internal.3d.scan_matching.interpolated_grid_test
[0.579s] [ 81%] Built target cartographer.mapping.internal.3d.scan_matching.ceres_scan_matcher_3d_test
[0.587s] [ 82%] Built target cartographer.mapping.internal.3d.scan_matching.rotation_delta_cost_functor_3d_test
[0.589s] [ 83%] Built target cartographer.mapping.internal.connected_components_test
[0.590s] [ 83%] Built target cartographer.mapping.internal.3d.scan_matching.real_time_correlative_scan_matcher_3d_test
[0.590s] [ 83%] Built target cartographer.mapping.internal.constraints.constraint_builder_2d_test
[0.593s] [ 83%] Built target cartographer.mapping.internal.3d.scan_matching.rotational_scan_matcher_test
[0.595s] [ 84%] Built target cartographer.mapping.internal.3d.scan_matching.precomputation_grid_3d_test
[0.597s] [ 85%] Built target cartographer.mapping.internal.constraints.constraint_builder_3d_test
[0.617s] [ 85%] Built target cartographer.mapping.internal.motion_filter_test
[0.627s] [ 86%] Built target cartographer.mapping.map_builder_test
[0.631s] [ 87%] Built target cartographer.mapping.internal.optimization.cost_functions.landmark_cost_function_2d_test
[0.632s] [ 86%] Built target cartographer.mapping.internal.optimization.cost_functions.landmark_cost_function_3d_test
[0.633s] [ 88%] Built target cartographer.mapping.internal.optimization.cost_functions.spa_cost_function_2d_test
[0.635s] [ 89%] Built target cartographer.mapping.internal.range_data_collator_test
[0.639s] [ 90%] Built target cartographer.mapping.probability_values_test
[0.642s] [ 90%] Built target cartographer.mapping.internal.trajectory_connectivity_state_test
[0.646s] [ 90%] Built target cartographer.mapping.pose_extrapolator_test
[0.649s] [ 90%] Built target cartographer.mapping.pose_graph_trimmer_test
[0.655s] [ 90%] Built target cartographer.mapping.internal.optimization.optimization_problem_3d_test
[0.655s] [ 91%] Built target cartographer.mapping.pose_graph_test
[0.664s] [ 92%] Built target cartographer.mapping.trajectory_node_test
[0.673s] [ 92%] Built target cartographer.mapping.submaps_test
[0.675s] [ 92%] Built target cartographer.mapping.value_conversion_tables_test
[0.680s] [ 93%] Built target cartographer.sensor.internal.ordered_multi_queue_test
[0.688s] [ 94%] Built target cartographer.sensor.compressed_point_cloud_test
[0.689s] [ 95%] Built target cartographer.sensor.internal.voxel_filter_test
[0.690s] [ 95%] Built target cartographer.sensor.internal.trajectory_collator_test
[0.694s] [ 96%] Built target cartographer.sensor.point_cloud_test
[0.696s] [ 96%] Built target cartographer.sensor.internal.collator_test
[0.700s] [ 97%] Built target cartographer.sensor.landmark_data_test
[0.700s] [ 97%] Built target cartographer.sensor.map_by_time_test
[0.705s] [ 98%] Built target cartographer.transform.rigid_transform_test
[0.706s] [ 98%] Built target cartographer.sensor.range_data_test
[0.712s] [ 98%] Built target cartographer.transform.timestamped_transform_test
[0.716s] [100%] Built target cartographer.transform.transform_interpolation_buffer_test
[0.722s] [100%] Built target cartographer.transform.transform_test
[0.734s] Invoked command in '/home/nagisa/fishbot_ws/build/cartographer' returned '0': CMAKE_PREFIX_PATH=${CMAKE_PREFIX_PATH}:/home/nagisa/fishbot_ws/install/fishbot_description:/opt/ros/humble /usr/bin/cmake --build /home/nagisa/fishbot_ws/build/cartographer -- -j12 -l12
[2.234s] Invoking command in '/home/nagisa/fishbot_ws/build/cartographer': CMAKE_PREFIX_PATH=${CMAKE_PREFIX_PATH}:/home/nagisa/fishbot_ws/install/fishbot_description:/opt/ros/humble /usr/bin/cmake --install /home/nagisa/fishbot_ws/build/cartographer
[2.243s] -- Install configuration: "Release"
[2.244s] -- Up-to-date: /home/nagisa/fishbot_ws/install/cartographer/share/cartographer/package.xml
[2.244s] -- Up-to-date: /home/nagisa/fishbot_ws/install/cartographer/share/cartographer//configuration_files
[2.244s] -- Up-to-date: /home/nagisa/fishbot_ws/install/cartographer/share/cartographer//configuration_files/trajectory_builder_3d.lua
[2.244s] -- Up-to-date: /home/nagisa/fishbot_ws/install/cartographer/share/cartographer//configuration_files/pose_graph.lua
[2.244s] -- Up-to-date: /home/nagisa/fishbot_ws/install/cartographer/share/cartographer//configuration_files/trajectory_builder_2d.lua
[2.244s] -- Up-to-date: /home/nagisa/fishbot_ws/install/cartographer/share/cartographer//configuration_files/map_builder.lua
[2.244s] -- Up-to-date: /home/nagisa/fishbot_ws/install/cartographer/share/cartographer//configuration_files/map_builder_server.lua
[2.244s] -- Up-to-date: /home/nagisa/fishbot_ws/install/cartographer/share/cartographer//configuration_files/trajectory_builder.lua
[2.245s] -- Up-to-date: /home/nagisa/fishbot_ws/install/cartographer/share/cartographer//cmake
[2.245s] -- Up-to-date: /home/nagisa/fishbot_ws/install/cartographer/share/cartographer//cmake/functions.cmake
[2.245s] -- Up-to-date: /home/nagisa/fishbot_ws/install/cartographer/share/cartographer//cmake/modules
[2.245s] -- Up-to-date: /home/nagisa/fishbot_ws/install/cartographer/share/cartographer//cmake/modules/FindEigen3.cmake
[2.245s] -- Up-to-date: /home/nagisa/fishbot_ws/install/cartographer/share/cartographer//cmake/modules/FindSphinx.cmake
[2.246s] -- Up-to-date: /home/nagisa/fishbot_ws/install/cartographer/share/cartographer//cmake/modules/FindGMock.cmake
[2.246s] -- Up-to-date: /home/nagisa/fishbot_ws/install/cartographer/share/cartographer//cmake/modules/FindLuaGoogle.cmake
[2.246s] -- Up-to-date: /home/nagisa/fishbot_ws/install/cartographer/bin/cartographer_autogenerate_ground_truth
[2.246s] -- Up-to-date: /home/nagisa/fishbot_ws/install/cartographer/bin/cartographer_compute_relations_metrics
[2.246s] -- Up-to-date: /home/nagisa/fishbot_ws/install/cartographer/bin/cartographer_pbstream
[2.246s] -- Up-to-date: /home/nagisa/fishbot_ws/install/cartographer/bin/cartographer_print_configuration
[2.247s] -- Up-to-date: /home/nagisa/fishbot_ws/install/cartographer/lib/libcartographer.a
[2.247s] -- Up-to-date: /home/nagisa/fishbot_ws/install/cartographer/include/cartographer/common/configuration_file_resolver.h
[2.247s] -- Up-to-date: /home/nagisa/fishbot_ws/install/cartographer/include/cartographer/common/fixed_ratio_sampler.h
[2.247s] -- Up-to-date: /home/nagisa/fishbot_ws/install/cartographer/include/cartographer/common/histogram.h
[2.247s] -- Up-to-date: /home/nagisa/fishbot_ws/install/cartographer/include/cartographer/common/lua.h
[2.247s] -- Up-to-date: /home/nagisa/fishbot_ws/install/cartographer/include/cartographer/common/lua_parameter_dictionary.h
[2.247s] -- Up-to-date: /home/nagisa/fishbot_ws/install/cartographer/include/cartographer/common/math.h
[2.248s] -- Up-to-date: /home/nagisa/fishbot_ws/install/cartographer/include/cartographer/common/port.h
[2.248s] -- Up-to-date: /home/nagisa/fishbot_ws/install/cartographer/include/cartographer/common/task.h
[2.248s] -- Up-to-date: /home/nagisa/fishbot_ws/install/cartographer/include/cartographer/common/thread_pool.h
[2.248s] -- Up-to-date: /home/nagisa/fishbot_ws/install/cartographer/include/cartographer/common/time.h
[2.248s] -- Up-to-date: /home/nagisa/fishbot_ws/install/cartographer/include/cartographer/ground_truth/autogenerate_ground_truth.h
[2.248s] -- Up-to-date: /home/nagisa/fishbot_ws/install/cartographer/include/cartographer/ground_truth/relations_text_file.h
[2.249s] -- Up-to-date: /home/nagisa/fishbot_ws/install/cartographer/include/cartographer/io/color.h
[2.249s] -- Up-to-date: /home/nagisa/fishbot_ws/install/cartographer/include/cartographer/io/coloring_points_processor.h
[2.249s] -- Up-to-date: /home/nagisa/fishbot_ws/install/cartographer/include/cartographer/io/counting_points_processor.h
[2.249s] -- Up-to-date: /home/nagisa/fishbot_ws/install/cartographer/include/cartographer/io/draw_trajectories.h
[2.249s] -- Up-to-date: /home/nagisa/fishbot_ws/install/cartographer/include/cartographer/io/file_writer.h
[2.249s] -- Up-to-date: /home/nagisa/fishbot_ws/install/cartographer/include/cartographer/io/fixed_ratio_sampling_points_processor.h
[2.250s] -- Up-to-date: /home/nagisa/fishbot_ws/install/cartographer/include/cartographer/io/frame_id_filtering_points_processor.h
[2.250s] -- Up-to-date: /home/nagisa/fishbot_ws/install/cartographer/include/cartographer/io/hybrid_grid_points_processor.h
[2.250s] -- Up-to-date: /home/nagisa/fishbot_ws/install/cartographer/include/cartographer/io/image.h
[2.250s] -- Up-to-date: /home/nagisa/fishbot_ws/install/cartographer/include/cartographer/io/intensity_to_color_points_processor.h
[2.250s] -- Up-to-date: /home/nagisa/fishbot_ws/install/cartographer/include/cartographer/io/min_max_range_filtering_points_processor.h
[2.250s] -- Up-to-date: /home/nagisa/fishbot_ws/install/cartographer/include/cartographer/io/null_points_processor.h
[2.250s] -- Up-to-date: /home/nagisa/fishbot_ws/install/cartographer/include/cartographer/io/outlier_removing_points_processor.h
[2.251s] -- Up-to-date: /home/nagisa/fishbot_ws/install/cartographer/include/cartographer/io/pcd_writing_points_processor.h
[2.251s] -- Up-to-date: /home/nagisa/fishbot_ws/install/cartographer/include/cartographer/io/ply_writing_points_processor.h
[2.251s] -- Up-to-date: /home/nagisa/fishbot_ws/install/cartographer/include/cartographer/io/points_batch.h
[2.251s] -- Up-to-date: /home/nagisa/fishbot_ws/install/cartographer/include/cartographer/io/points_processor.h
[2.252s] -- Up-to-date: /home/nagisa/fishbot_ws/install/cartographer/include/cartographer/io/points_processor_pipeline_builder.h
[2.252s] -- Up-to-date: /home/nagisa/fishbot_ws/install/cartographer/include/cartographer/io/probability_grid_points_processor.h
[2.252s] -- Up-to-date: /home/nagisa/fishbot_ws/install/cartographer/include/cartographer/io/proto_stream.h
[2.252s] -- Up-to-date: /home/nagisa/fishbot_ws/install/cartographer/include/cartographer/io/proto_stream_deserializer.h
[2.253s] -- Up-to-date: /home/nagisa/fishbot_ws/install/cartographer/include/cartographer/io/proto_stream_interface.h
[2.253s] -- Up-to-date: /home/nagisa/fishbot_ws/install/cartographer/include/cartographer/io/serialization_format_migration.h
[2.253s] -- Up-to-date: /home/nagisa/fishbot_ws/install/cartographer/include/cartographer/io/submap_painter.h
[2.253s] -- Up-to-date: /home/nagisa/fishbot_ws/install/cartographer/include/cartographer/io/vertical_range_filtering_points_processor.h
[2.253s] -- Up-to-date: /home/nagisa/fishbot_ws/install/cartographer/include/cartographer/io/xray_points_processor.h
[2.253s] -- Up-to-date: /home/nagisa/fishbot_ws/install/cartographer/include/cartographer/io/xyz_writing_points_processor.h
[2.253s] -- Up-to-date: /home/nagisa/fishbot_ws/install/cartographer/include/cartographer/mapping/2d/grid_2d.h
[2.253s] -- Up-to-date: /home/nagisa/fishbot_ws/install/cartographer/include/cartographer/mapping/2d/map_limits.h
[2.253s] -- Up-to-date: /home/nagisa/fishbot_ws/install/cartographer/include/cartographer/mapping/2d/probability_grid.h
[2.253s] -- Up-to-date: /home/nagisa/fishbot_ws/install/cartographer/include/cartographer/mapping/2d/probability_grid_range_data_inserter_2d.h
[2.253s] -- Up-to-date: /home/nagisa/fishbot_ws/install/cartographer/include/cartographer/mapping/2d/submap_2d.h
[2.254s] -- Up-to-date: /home/nagisa/fishbot_ws/install/cartographer/include/cartographer/mapping/2d/xy_index.h
[2.254s] -- Up-to-date: /home/nagisa/fishbot_ws/install/cartographer/include/cartographer/mapping/3d/hybrid_grid.h
[2.254s] -- Up-to-date: /home/nagisa/fishbot_ws/install/cartographer/include/cartographer/mapping/3d/range_data_inserter_3d.h
[2.254s] -- Up-to-date: /home/nagisa/fishbot_ws/install/cartographer/include/cartographer/mapping/3d/submap_3d.h
[2.255s] -- Up-to-date: /home/nagisa/fishbot_ws/install/cartographer/include/cartographer/mapping/detect_floors.h
[2.255s] -- Up-to-date: /home/nagisa/fishbot_ws/install/cartographer/include/cartographer/mapping/grid_interface.h
[2.255s] -- Up-to-date: /home/nagisa/fishbot_ws/install/cartographer/include/cartographer/mapping/id.h
[2.255s] -- Up-to-date: /home/nagisa/fishbot_ws/install/cartographer/include/cartographer/mapping/imu_tracker.h
[2.255s] -- Up-to-date: /home/nagisa/fishbot_ws/install/cartographer/include/cartographer/mapping/map_builder.h
[2.256s] -- Up-to-date: /home/nagisa/fishbot_ws/install/cartographer/include/cartographer/mapping/map_builder_interface.h
[2.256s] -- Up-to-date: /home/nagisa/fishbot_ws/install/cartographer/include/cartographer/mapping/pose_extrapolator.h
[2.256s] -- Up-to-date: /home/nagisa/fishbot_ws/install/cartographer/include/cartographer/mapping/pose_extrapolator_interface.h
[2.256s] -- Up-to-date: /home/nagisa/fishbot_ws/install/cartographer/include/cartographer/mapping/pose_graph.h
[2.256s] -- Up-to-date: /home/nagisa/fishbot_ws/install/cartographer/include/cartographer/mapping/pose_graph_interface.h
[2.256s] -- Up-to-date: /home/nagisa/fishbot_ws/install/cartographer/include/cartographer/mapping/pose_graph_trimmer.h
[2.256s] -- Up-to-date: /home/nagisa/fishbot_ws/install/cartographer/include/cartographer/mapping/probability_values.h
[2.256s] -- Up-to-date: /home/nagisa/fishbot_ws/install/cartographer/include/cartographer/mapping/range_data_inserter_interface.h
[2.257s] -- Up-to-date: /home/nagisa/fishbot_ws/install/cartographer/include/cartographer/mapping/submaps.h
[2.257s] -- Up-to-date: /home/nagisa/fishbot_ws/install/cartographer/include/cartographer/mapping/trajectory_builder_interface.h
[2.257s] -- Up-to-date: /home/nagisa/fishbot_ws/install/cartographer/include/cartographer/mapping/trajectory_node.h
[2.257s] -- Up-to-date: /home/nagisa/fishbot_ws/install/cartographer/include/cartographer/mapping/value_conversion_tables.h
[2.257s] -- Up-to-date: /home/nagisa/fishbot_ws/install/cartographer/include/cartographer/metrics/counter.h
[2.257s] -- Up-to-date: /home/nagisa/fishbot_ws/install/cartographer/include/cartographer/metrics/family_factory.h
[2.257s] -- Up-to-date: /home/nagisa/fishbot_ws/install/cartographer/include/cartographer/metrics/gauge.h
[2.257s] -- Up-to-date: /home/nagisa/fishbot_ws/install/cartographer/include/cartographer/metrics/histogram.h
[2.258s] -- Up-to-date: /home/nagisa/fishbot_ws/install/cartographer/include/cartographer/metrics/register.h
[2.258s] -- Up-to-date: /home/nagisa/fishbot_ws/install/cartographer/include/cartographer/sensor/collator_interface.h
[2.258s] -- Up-to-date: /home/nagisa/fishbot_ws/install/cartographer/include/cartographer/sensor/compressed_point_cloud.h
[2.258s] -- Up-to-date: /home/nagisa/fishbot_ws/install/cartographer/include/cartographer/sensor/data.h
[2.258s] -- Up-to-date: /home/nagisa/fishbot_ws/install/cartographer/include/cartographer/sensor/fixed_frame_pose_data.h
[2.259s] -- Up-to-date: /home/nagisa/fishbot_ws/install/cartographer/include/cartographer/sensor/imu_data.h
[2.259s] -- Up-to-date: /home/nagisa/fishbot_ws/install/cartographer/include/cartographer/sensor/landmark_data.h
[2.259s] -- Up-to-date: /home/nagisa/fishbot_ws/install/cartographer/include/cartographer/sensor/map_by_time.h
[2.259s] -- Up-to-date: /home/nagisa/fishbot_ws/install/cartographer/include/cartographer/sensor/odometry_data.h
[2.259s] -- Up-to-date: /home/nagisa/fishbot_ws/install/cartographer/include/cartographer/sensor/point_cloud.h
[2.259s] -- Up-to-date: /home/nagisa/fishbot_ws/install/cartographer/include/cartographer/sensor/range_data.h
[2.259s] -- Up-to-date: /home/nagisa/fishbot_ws/install/cartographer/include/cartographer/sensor/rangefinder_point.h
[2.260s] -- Up-to-date: /home/nagisa/fishbot_ws/install/cartographer/include/cartographer/sensor/timed_point_cloud_data.h
[2.260s] -- Up-to-date: /home/nagisa/fishbot_ws/install/cartographer/include/cartographer/transform/rigid_transform.h
[2.260s] -- Up-to-date: /home/nagisa/fishbot_ws/install/cartographer/include/cartographer/transform/timestamped_transform.h
[2.260s] -- Up-to-date: /home/nagisa/fishbot_ws/install/cartographer/include/cartographer/transform/transform.h
[2.260s] -- Up-to-date: /home/nagisa/fishbot_ws/install/cartographer/include/cartographer/transform/transform_interpolation_buffer.h
[2.260s] -- Up-to-date: /home/nagisa/fishbot_ws/install/cartographer/include/cartographer/io/fake_file_writer.h
[2.260s] -- Up-to-date: /home/nagisa/fishbot_ws/install/cartographer/include/cartographer/transform/rigid_transform_test_helpers.h
[2.261s] -- Up-to-date: /home/nagisa/fishbot_ws/install/cartographer/include/cartographer/common/proto/ceres_solver_options.pb.h
[2.261s] -- Up-to-date: /home/nagisa/fishbot_ws/install/cartographer/include/cartographer/ground_truth/proto/relations.pb.h
[2.261s] -- Up-to-date: /home/nagisa/fishbot_ws/install/cartographer/include/cartographer/mapping/proto/cell_limits_2d.pb.h
[2.261s] -- Up-to-date: /home/nagisa/fishbot_ws/install/cartographer/include/cartographer/mapping/proto/connected_components.pb.h
[2.261s] -- Up-to-date: /home/nagisa/fishbot_ws/install/cartographer/include/cartographer/mapping/proto/grid_2d.pb.h
[2.261s] -- Up-to-date: /home/nagisa/fishbot_ws/install/cartographer/include/cartographer/mapping/proto/grid_2d_options.pb.h
[2.261s] -- Up-to-date: /home/nagisa/fishbot_ws/install/cartographer/include/cartographer/mapping/proto/hybrid_grid.pb.h
[2.262s] -- Up-to-date: /home/nagisa/fishbot_ws/install/cartographer/include/cartographer/mapping/proto/local_trajectory_builder_options_2d.pb.h
[2.262s] -- Up-to-date: /home/nagisa/fishbot_ws/install/cartographer/include/cartographer/mapping/proto/local_trajectory_builder_options_3d.pb.h
[2.262s] -- Up-to-date: /home/nagisa/fishbot_ws/install/cartographer/include/cartographer/mapping/proto/map_builder_options.pb.h
[2.262s] -- Up-to-date: /home/nagisa/fishbot_ws/install/cartographer/include/cartographer/mapping/proto/map_limits.pb.h
[2.262s] -- Up-to-date: /home/nagisa/fishbot_ws/install/cartographer/include/cartographer/mapping/proto/motion_filter_options.pb.h
[2.262s] -- Up-to-date: /home/nagisa/fishbot_ws/install/cartographer/include/cartographer/mapping/proto/normal_estimation_options_2d.pb.h
[2.262s] -- Up-to-date: /home/nagisa/fishbot_ws/install/cartographer/include/cartographer/mapping/proto/pose_extrapolator_options.pb.h
[2.262s] -- Up-to-date: /home/nagisa/fishbot_ws/install/cartographer/include/cartographer/mapping/proto/pose_graph.pb.h
[2.263s] -- Up-to-date: /home/nagisa/fishbot_ws/install/cartographer/include/cartographer/mapping/proto/pose_graph/constraint_builder_options.pb.h
[2.263s] -- Up-to-date: /home/nagisa/fishbot_ws/install/cartographer/include/cartographer/mapping/proto/pose_graph/optimization_problem_options.pb.h
[2.263s] -- Up-to-date: /home/nagisa/fishbot_ws/install/cartographer/include/cartographer/mapping/proto/pose_graph_options.pb.h
[2.263s] -- Up-to-date: /home/nagisa/fishbot_ws/install/cartographer/include/cartographer/mapping/proto/probability_grid.pb.h
[2.263s] -- Up-to-date: /home/nagisa/fishbot_ws/install/cartographer/include/cartographer/mapping/proto/probability_grid_range_data_inserter_options_2d.pb.h
[2.263s] -- Up-to-date: /home/nagisa/fishbot_ws/install/cartographer/include/cartographer/mapping/proto/range_data_inserter_options.pb.h
[2.263s] -- Up-to-date: /home/nagisa/fishbot_ws/install/cartographer/include/cartographer/mapping/proto/range_data_inserter_options_3d.pb.h
[2.263s] -- Up-to-date: /home/nagisa/fishbot_ws/install/cartographer/include/cartographer/mapping/proto/scan_matching/ceres_scan_matcher_options_2d.pb.h
[2.263s] -- Up-to-date: /home/nagisa/fishbot_ws/install/cartographer/include/cartographer/mapping/proto/scan_matching/ceres_scan_matcher_options_3d.pb.h
[2.263s] -- Up-to-date: /home/nagisa/fishbot_ws/install/cartographer/include/cartographer/mapping/proto/scan_matching/fast_correlative_scan_matcher_options_2d.pb.h
[2.263s] -- Up-to-date: /home/nagisa/fishbot_ws/install/cartographer/include/cartographer/mapping/proto/scan_matching/fast_correlative_scan_matcher_options_3d.pb.h
[2.264s] -- Up-to-date: /home/nagisa/fishbot_ws/install/cartographer/include/cartographer/mapping/proto/scan_matching/real_time_correlative_scan_matcher_options.pb.h
[2.264s] -- Up-to-date: /home/nagisa/fishbot_ws/install/cartographer/include/cartographer/mapping/proto/serialization.pb.h
[2.265s] -- Up-to-date: /home/nagisa/fishbot_ws/install/cartographer/include/cartographer/mapping/proto/submap.pb.h
[2.265s] -- Up-to-date: /home/nagisa/fishbot_ws/install/cartographer/include/cartographer/mapping/proto/submap_visualization.pb.h
[2.265s] -- Up-to-date: /home/nagisa/fishbot_ws/install/cartographer/include/cartographer/mapping/proto/submaps_options_2d.pb.h
[2.265s] -- Up-to-date: /home/nagisa/fishbot_ws/install/cartographer/include/cartographer/mapping/proto/submaps_options_3d.pb.h
[2.265s] -- Up-to-date: /home/nagisa/fishbot_ws/install/cartographer/include/cartographer/mapping/proto/trajectory.pb.h
[2.265s] -- Up-to-date: /home/nagisa/fishbot_ws/install/cartographer/include/cartographer/mapping/proto/trajectory_builder_options.pb.h
[2.265s] -- Up-to-date: /home/nagisa/fishbot_ws/install/cartographer/include/cartographer/mapping/proto/trajectory_node_data.pb.h
[2.265s] -- Up-to-date: /home/nagisa/fishbot_ws/install/cartographer/include/cartographer/mapping/proto/tsdf_2d.pb.h
[2.265s] -- Up-to-date: /home/nagisa/fishbot_ws/install/cartographer/include/cartographer/mapping/proto/tsdf_range_data_inserter_options_2d.pb.h
[2.265s] -- Up-to-date: /home/nagisa/fishbot_ws/install/cartographer/include/cartographer/sensor/proto/adaptive_voxel_filter_options.pb.h
[2.265s] -- Up-to-date: /home/nagisa/fishbot_ws/install/cartographer/include/cartographer/sensor/proto/sensor.pb.h
[2.265s] -- Up-to-date: /home/nagisa/fishbot_ws/install/cartographer/include/cartographer/transform/proto/timestamped_transform.pb.h
[2.265s] -- Up-to-date: /home/nagisa/fishbot_ws/install/cartographer/include/cartographer/transform/proto/transform.pb.h
[2.265s] -- Up-to-date: /home/nagisa/fishbot_ws/install/cartographer/share/cartographer/cmake/CartographerTargets.cmake
[2.265s] -- Up-to-date: /home/nagisa/fishbot_ws/install/cartographer/share/cartographer/cmake/CartographerTargets-release.cmake
[2.265s] -- Up-to-date: /home/nagisa/fishbot_ws/install/cartographer/share/cartographer/cartographer-config.cmake
[2.266s] Invoked command in '/home/nagisa/fishbot_ws/build/cartographer' returned '0': CMAKE_PREFIX_PATH=${CMAKE_PREFIX_PATH}:/home/nagisa/fishbot_ws/install/fishbot_description:/opt/ros/humble /usr/bin/cmake --install /home/nagisa/fishbot_ws/build/cartographer
