[0.046s] Invoking command in '/home/nagisa/fishbot_ws/build/nav2_costmap_2d': CMAKE_PREFIX_PATH=/home/nagisa/fishbot_ws/install/nav2_map_server:/home/nagisa/fishbot_ws/install/nav2_lifecycle_manager:/home/nagisa/fishbot_ws/install/nav2_util:/home/nagisa/fishbot_ws/install/nav2_voxel_grid:/home/nagisa/fishbot_ws/install/nav2_msgs:/home/nagisa/fishbot_ws/install/nav2_common:/home/nagisa/fishbot_ws/install/nav2_system_tests:/home/nagisa/fishbot_ws/install/nav2_bringup:/home/nagisa/fishbot_ws/install/nav2_graceful_controller:/home/nagisa/fishbot_ws/install/navigation2:/home/nagisa/fishbot_ws/install/nav2_smoother:/home/nagisa/fishbot_ws/install/nav2_dwb_controller:/home/nagisa/fishbot_ws/install/nav2_controller:/home/nagisa/fishbot_ws/install/dwb_plugins:/home/nagisa/fishbot_ws/install/dwb_critics:/home/nagisa/fishbot_ws/install/dwb_core:/home/nagisa/fishbot_ws/install/nav_2d_utils:/home/nagisa/fishbot_ws/install/dwb_msgs:/home/nagisa/fishbot_ws/install/nav_2d_msgs:/home/nagisa/fishbot_ws/install/nav2_waypoint_follower:/home/nagisa/fishbot_ws/install/nav2_theta_star_planner:/home/nagisa/fishbot_ws/install/nav2_smac_planner:/home/nagisa/fishbot_ws/install/nav2_rotation_shim_controller:/home/nagisa/fishbot_ws/install/nav2_regulated_pure_pursuit_controller:/home/nagisa/fishbot_ws/install/nav2_planner:/home/nagisa/fishbot_ws/install/nav2_navfn_planner:/home/nagisa/fishbot_ws/install/nav2_mppi_controller:/home/nagisa/fishbot_ws/install/nav2_constrained_smoother:/home/nagisa/fishbot_ws/install/nav2_bt_navigator:/home/nagisa/fishbot_ws/install/nav2_behaviors:/home/nagisa/fishbot_ws/install/nav2_core:/home/nagisa/fishbot_ws/install/nav2_collision_monitor:/home/nagisa/fishbot_ws/install/costmap_queue:/home/nagisa/fishbot_ws/install/nav2_costmap_2d:/home/nagisa/fishbot_ws/install/nav2_velocity_smoother:/home/nagisa/fishbot_ws/install/nav2_rviz_plugins:/home/nagisa/fishbot_ws/install/nav2_behavior_tree:/home/nagisa/fishbot_ws/install/nav2_amcl:/home/nagisa/fishbot_ws/install/fishbot_navigation2:/home/nagisa/fishbot_ws/install/fishbot_cartographer:/home/nagisa/fishbot_ws/install/cartographer_rviz:/home/nagisa/fishbot_ws/install/cartographer_ros:/home/nagisa/fishbot_ws/install/cartographer_ros_msgs:/home/nagisa/fishbot_ws/install/cartographer:/home/nagisa/fishbot_ws/install/nav2_simple_commander:/home/nagisa/fishbot_ws/install/fishbot_description:/opt/ros/humble LD_LIBRARY_PATH=/home/nagisa/fishbot_ws/install/nav2_map_server/lib:/home/nagisa/fishbot_ws/install/nav2_lifecycle_manager/lib:/home/nagisa/fishbot_ws/install/nav2_util/lib:/home/nagisa/fishbot_ws/install/nav2_voxel_grid/lib:/home/nagisa/fishbot_ws/install/nav2_msgs/lib:/home/nagisa/fishbot_ws/install/nav2_graceful_controller/lib:/home/nagisa/fishbot_ws/install/nav2_smoother/lib:/home/nagisa/fishbot_ws/install/nav2_controller/lib:/home/nagisa/fishbot_ws/install/dwb_plugins/lib:/home/nagisa/fishbot_ws/install/dwb_critics/lib:/home/nagisa/fishbot_ws/install/dwb_core/lib:/home/nagisa/fishbot_ws/install/nav_2d_utils/lib:/home/nagisa/fishbot_ws/install/dwb_msgs/lib:/home/nagisa/fishbot_ws/install/nav_2d_msgs/lib:/home/nagisa/fishbot_ws/install/nav2_waypoint_follower/lib:/home/nagisa/fishbot_ws/install/nav2_theta_star_planner/lib:/home/nagisa/fishbot_ws/install/nav2_smac_planner/lib:/home/nagisa/fishbot_ws/install/nav2_rotation_shim_controller/lib:/home/nagisa/fishbot_ws/install/nav2_regulated_pure_pursuit_controller/lib:/home/nagisa/fishbot_ws/install/nav2_planner/lib:/home/nagisa/fishbot_ws/install/nav2_navfn_planner/lib:/home/nagisa/fishbot_ws/install/nav2_mppi_controller/lib:/home/nagisa/fishbot_ws/install/nav2_constrained_smoother/lib:/home/nagisa/fishbot_ws/install/nav2_bt_navigator/lib:/home/nagisa/fishbot_ws/install/nav2_behaviors/lib:/home/nagisa/fishbot_ws/install/nav2_collision_monitor/lib:/home/nagisa/fishbot_ws/install/costmap_queue/lib:/home/nagisa/fishbot_ws/install/nav2_costmap_2d/lib:/home/nagisa/fishbot_ws/install/nav2_velocity_smoother/lib:/home/nagisa/fishbot_ws/install/nav2_rviz_plugins/lib:/home/nagisa/fishbot_ws/install/nav2_behavior_tree/lib:/home/nagisa/fishbot_ws/install/nav2_amcl/lib:/home/nagisa/fishbot_ws/install/cartographer_rviz/lib:/home/nagisa/fishbot_ws/install/cartographer_ros/lib:/home/nagisa/fishbot_ws/install/cartographer_ros_msgs/lib:/usr/lib/x86_64-linux-gnu/gazebo-11/plugins:/opt/ros/humble/opt/rviz_ogre_vendor/lib:/opt/ros/humble/lib/x86_64-linux-gnu:/opt/ros/humble/lib /usr/bin/cmake --build /home/nagisa/fishbot_ws/build/nav2_costmap_2d -- -j12 -l12
[0.150s] [  2%] Built target gtest
[0.150s] [  4%] Built target gtest_main
[0.180s] [ 21%] Built target nav2_costmap_2d_core
[0.250s] [ 26%] Built target filters
[0.250s] [ 29%] Built target nav2_costmap_2d_cloud
[0.253s] [ 31%] Built target array_parser_test
[0.254s] [ 34%] Built target costmap_convesion_test
[0.254s] [ 39%] Built target nav2_costmap_2d_client
[0.261s] [ 41%] Built target collision_footprint_test
[0.263s] [ 43%] Built target costmap_filter_test
[0.265s] [ 46%] Built target costmap_filter_service_test
[0.265s] [ 48%] Built target nav2_costmap_2d_markers
[0.268s] [ 51%] Built target declare_parameter_test
[0.270s] [ 53%] Built target copy_window_test
[0.272s] [ 63%] Built target layers
[0.315s] [ 65%] Built target dyn_params_tests
[0.316s] [ 68%] Built target costmap_bresenham_2d
[0.320s] [ 70%] Built target keepout_filter_test
[0.331s] [ 73%] Built target order_layer
[0.332s] [ 75%] Built target binary_filter_test
[0.337s] [ 78%] Built target speed_filter_test
[0.342s] [ 80%] Built target plugin_api_order
[0.344s] [ 82%] Built target footprint_tests_exec
[0.347s] [ 85%] Built target nav2_costmap_2d
[0.348s] [ 92%] Built target test_collision_checker_exec
[0.349s] [ 92%] Built target denoise_layer_test
[0.355s] [ 95%] Built target inflation_tests_exec
[0.378s] [ 97%] Built target range_tests_exec
[0.379s] [100%] Built target obstacle_tests_exec
[0.394s] Invoked command in '/home/nagisa/fishbot_ws/build/nav2_costmap_2d' returned '0': CMAKE_PREFIX_PATH=/home/nagisa/fishbot_ws/install/nav2_map_server:/home/nagisa/fishbot_ws/install/nav2_lifecycle_manager:/home/nagisa/fishbot_ws/install/nav2_util:/home/nagisa/fishbot_ws/install/nav2_voxel_grid:/home/nagisa/fishbot_ws/install/nav2_msgs:/home/nagisa/fishbot_ws/install/nav2_common:/home/nagisa/fishbot_ws/install/nav2_system_tests:/home/nagisa/fishbot_ws/install/nav2_bringup:/home/nagisa/fishbot_ws/install/nav2_graceful_controller:/home/nagisa/fishbot_ws/install/navigation2:/home/nagisa/fishbot_ws/install/nav2_smoother:/home/nagisa/fishbot_ws/install/nav2_dwb_controller:/home/nagisa/fishbot_ws/install/nav2_controller:/home/nagisa/fishbot_ws/install/dwb_plugins:/home/nagisa/fishbot_ws/install/dwb_critics:/home/nagisa/fishbot_ws/install/dwb_core:/home/nagisa/fishbot_ws/install/nav_2d_utils:/home/nagisa/fishbot_ws/install/dwb_msgs:/home/nagisa/fishbot_ws/install/nav_2d_msgs:/home/nagisa/fishbot_ws/install/nav2_waypoint_follower:/home/nagisa/fishbot_ws/install/nav2_theta_star_planner:/home/nagisa/fishbot_ws/install/nav2_smac_planner:/home/nagisa/fishbot_ws/install/nav2_rotation_shim_controller:/home/nagisa/fishbot_ws/install/nav2_regulated_pure_pursuit_controller:/home/nagisa/fishbot_ws/install/nav2_planner:/home/nagisa/fishbot_ws/install/nav2_navfn_planner:/home/nagisa/fishbot_ws/install/nav2_mppi_controller:/home/nagisa/fishbot_ws/install/nav2_constrained_smoother:/home/nagisa/fishbot_ws/install/nav2_bt_navigator:/home/nagisa/fishbot_ws/install/nav2_behaviors:/home/nagisa/fishbot_ws/install/nav2_core:/home/nagisa/fishbot_ws/install/nav2_collision_monitor:/home/nagisa/fishbot_ws/install/costmap_queue:/home/nagisa/fishbot_ws/install/nav2_costmap_2d:/home/nagisa/fishbot_ws/install/nav2_velocity_smoother:/home/nagisa/fishbot_ws/install/nav2_rviz_plugins:/home/nagisa/fishbot_ws/install/nav2_behavior_tree:/home/nagisa/fishbot_ws/install/nav2_amcl:/home/nagisa/fishbot_ws/install/fishbot_navigation2:/home/nagisa/fishbot_ws/install/fishbot_cartographer:/home/nagisa/fishbot_ws/install/cartographer_rviz:/home/nagisa/fishbot_ws/install/cartographer_ros:/home/nagisa/fishbot_ws/install/cartographer_ros_msgs:/home/nagisa/fishbot_ws/install/cartographer:/home/nagisa/fishbot_ws/install/nav2_simple_commander:/home/nagisa/fishbot_ws/install/fishbot_description:/opt/ros/humble LD_LIBRARY_PATH=/home/nagisa/fishbot_ws/install/nav2_map_server/lib:/home/nagisa/fishbot_ws/install/nav2_lifecycle_manager/lib:/home/nagisa/fishbot_ws/install/nav2_util/lib:/home/nagisa/fishbot_ws/install/nav2_voxel_grid/lib:/home/nagisa/fishbot_ws/install/nav2_msgs/lib:/home/nagisa/fishbot_ws/install/nav2_graceful_controller/lib:/home/nagisa/fishbot_ws/install/nav2_smoother/lib:/home/nagisa/fishbot_ws/install/nav2_controller/lib:/home/nagisa/fishbot_ws/install/dwb_plugins/lib:/home/nagisa/fishbot_ws/install/dwb_critics/lib:/home/nagisa/fishbot_ws/install/dwb_core/lib:/home/nagisa/fishbot_ws/install/nav_2d_utils/lib:/home/nagisa/fishbot_ws/install/dwb_msgs/lib:/home/nagisa/fishbot_ws/install/nav_2d_msgs/lib:/home/nagisa/fishbot_ws/install/nav2_waypoint_follower/lib:/home/nagisa/fishbot_ws/install/nav2_theta_star_planner/lib:/home/nagisa/fishbot_ws/install/nav2_smac_planner/lib:/home/nagisa/fishbot_ws/install/nav2_rotation_shim_controller/lib:/home/nagisa/fishbot_ws/install/nav2_regulated_pure_pursuit_controller/lib:/home/nagisa/fishbot_ws/install/nav2_planner/lib:/home/nagisa/fishbot_ws/install/nav2_navfn_planner/lib:/home/nagisa/fishbot_ws/install/nav2_mppi_controller/lib:/home/nagisa/fishbot_ws/install/nav2_constrained_smoother/lib:/home/nagisa/fishbot_ws/install/nav2_bt_navigator/lib:/home/nagisa/fishbot_ws/install/nav2_behaviors/lib:/home/nagisa/fishbot_ws/install/nav2_collision_monitor/lib:/home/nagisa/fishbot_ws/install/costmap_queue/lib:/home/nagisa/fishbot_ws/install/nav2_costmap_2d/lib:/home/nagisa/fishbot_ws/install/nav2_velocity_smoother/lib:/home/nagisa/fishbot_ws/install/nav2_rviz_plugins/lib:/home/nagisa/fishbot_ws/install/nav2_behavior_tree/lib:/home/nagisa/fishbot_ws/install/nav2_amcl/lib:/home/nagisa/fishbot_ws/install/cartographer_rviz/lib:/home/nagisa/fishbot_ws/install/cartographer_ros/lib:/home/nagisa/fishbot_ws/install/cartographer_ros_msgs/lib:/usr/lib/x86_64-linux-gnu/gazebo-11/plugins:/opt/ros/humble/opt/rviz_ogre_vendor/lib:/opt/ros/humble/lib/x86_64-linux-gnu:/opt/ros/humble/lib /usr/bin/cmake --build /home/nagisa/fishbot_ws/build/nav2_costmap_2d -- -j12 -l12
[0.739s] Invoking command in '/home/nagisa/fishbot_ws/build/nav2_costmap_2d': CMAKE_PREFIX_PATH=/home/nagisa/fishbot_ws/install/nav2_map_server:/home/nagisa/fishbot_ws/install/nav2_lifecycle_manager:/home/nagisa/fishbot_ws/install/nav2_util:/home/nagisa/fishbot_ws/install/nav2_voxel_grid:/home/nagisa/fishbot_ws/install/nav2_msgs:/home/nagisa/fishbot_ws/install/nav2_common:/home/nagisa/fishbot_ws/install/nav2_system_tests:/home/nagisa/fishbot_ws/install/nav2_bringup:/home/nagisa/fishbot_ws/install/nav2_graceful_controller:/home/nagisa/fishbot_ws/install/navigation2:/home/nagisa/fishbot_ws/install/nav2_smoother:/home/nagisa/fishbot_ws/install/nav2_dwb_controller:/home/nagisa/fishbot_ws/install/nav2_controller:/home/nagisa/fishbot_ws/install/dwb_plugins:/home/nagisa/fishbot_ws/install/dwb_critics:/home/nagisa/fishbot_ws/install/dwb_core:/home/nagisa/fishbot_ws/install/nav_2d_utils:/home/nagisa/fishbot_ws/install/dwb_msgs:/home/nagisa/fishbot_ws/install/nav_2d_msgs:/home/nagisa/fishbot_ws/install/nav2_waypoint_follower:/home/nagisa/fishbot_ws/install/nav2_theta_star_planner:/home/nagisa/fishbot_ws/install/nav2_smac_planner:/home/nagisa/fishbot_ws/install/nav2_rotation_shim_controller:/home/nagisa/fishbot_ws/install/nav2_regulated_pure_pursuit_controller:/home/nagisa/fishbot_ws/install/nav2_planner:/home/nagisa/fishbot_ws/install/nav2_navfn_planner:/home/nagisa/fishbot_ws/install/nav2_mppi_controller:/home/nagisa/fishbot_ws/install/nav2_constrained_smoother:/home/nagisa/fishbot_ws/install/nav2_bt_navigator:/home/nagisa/fishbot_ws/install/nav2_behaviors:/home/nagisa/fishbot_ws/install/nav2_core:/home/nagisa/fishbot_ws/install/nav2_collision_monitor:/home/nagisa/fishbot_ws/install/costmap_queue:/home/nagisa/fishbot_ws/install/nav2_costmap_2d:/home/nagisa/fishbot_ws/install/nav2_velocity_smoother:/home/nagisa/fishbot_ws/install/nav2_rviz_plugins:/home/nagisa/fishbot_ws/install/nav2_behavior_tree:/home/nagisa/fishbot_ws/install/nav2_amcl:/home/nagisa/fishbot_ws/install/fishbot_navigation2:/home/nagisa/fishbot_ws/install/fishbot_cartographer:/home/nagisa/fishbot_ws/install/cartographer_rviz:/home/nagisa/fishbot_ws/install/cartographer_ros:/home/nagisa/fishbot_ws/install/cartographer_ros_msgs:/home/nagisa/fishbot_ws/install/cartographer:/home/nagisa/fishbot_ws/install/nav2_simple_commander:/home/nagisa/fishbot_ws/install/fishbot_description:/opt/ros/humble LD_LIBRARY_PATH=/home/nagisa/fishbot_ws/install/nav2_map_server/lib:/home/nagisa/fishbot_ws/install/nav2_lifecycle_manager/lib:/home/nagisa/fishbot_ws/install/nav2_util/lib:/home/nagisa/fishbot_ws/install/nav2_voxel_grid/lib:/home/nagisa/fishbot_ws/install/nav2_msgs/lib:/home/nagisa/fishbot_ws/install/nav2_graceful_controller/lib:/home/nagisa/fishbot_ws/install/nav2_smoother/lib:/home/nagisa/fishbot_ws/install/nav2_controller/lib:/home/nagisa/fishbot_ws/install/dwb_plugins/lib:/home/nagisa/fishbot_ws/install/dwb_critics/lib:/home/nagisa/fishbot_ws/install/dwb_core/lib:/home/nagisa/fishbot_ws/install/nav_2d_utils/lib:/home/nagisa/fishbot_ws/install/dwb_msgs/lib:/home/nagisa/fishbot_ws/install/nav_2d_msgs/lib:/home/nagisa/fishbot_ws/install/nav2_waypoint_follower/lib:/home/nagisa/fishbot_ws/install/nav2_theta_star_planner/lib:/home/nagisa/fishbot_ws/install/nav2_smac_planner/lib:/home/nagisa/fishbot_ws/install/nav2_rotation_shim_controller/lib:/home/nagisa/fishbot_ws/install/nav2_regulated_pure_pursuit_controller/lib:/home/nagisa/fishbot_ws/install/nav2_planner/lib:/home/nagisa/fishbot_ws/install/nav2_navfn_planner/lib:/home/nagisa/fishbot_ws/install/nav2_mppi_controller/lib:/home/nagisa/fishbot_ws/install/nav2_constrained_smoother/lib:/home/nagisa/fishbot_ws/install/nav2_bt_navigator/lib:/home/nagisa/fishbot_ws/install/nav2_behaviors/lib:/home/nagisa/fishbot_ws/install/nav2_collision_monitor/lib:/home/nagisa/fishbot_ws/install/costmap_queue/lib:/home/nagisa/fishbot_ws/install/nav2_costmap_2d/lib:/home/nagisa/fishbot_ws/install/nav2_velocity_smoother/lib:/home/nagisa/fishbot_ws/install/nav2_rviz_plugins/lib:/home/nagisa/fishbot_ws/install/nav2_behavior_tree/lib:/home/nagisa/fishbot_ws/install/nav2_amcl/lib:/home/nagisa/fishbot_ws/install/cartographer_rviz/lib:/home/nagisa/fishbot_ws/install/cartographer_ros/lib:/home/nagisa/fishbot_ws/install/cartographer_ros_msgs/lib:/usr/lib/x86_64-linux-gnu/gazebo-11/plugins:/opt/ros/humble/opt/rviz_ogre_vendor/lib:/opt/ros/humble/lib/x86_64-linux-gnu:/opt/ros/humble/lib /usr/bin/cmake --install /home/nagisa/fishbot_ws/build/nav2_costmap_2d
[0.751s] -- Install configuration: "Release"
[0.751s] -- Up-to-date: /home/nagisa/fishbot_ws/install/nav2_costmap_2d/lib/liblayers.so
[0.752s] -- Up-to-date: /home/nagisa/fishbot_ws/install/nav2_costmap_2d/lib/libfilters.so
[0.752s] -- Up-to-date: /home/nagisa/fishbot_ws/install/nav2_costmap_2d/lib/libnav2_costmap_2d_core.so
[0.753s] -- Up-to-date: /home/nagisa/fishbot_ws/install/nav2_costmap_2d/lib/libnav2_costmap_2d_client.so
[0.759s] -- Up-to-date: /home/nagisa/fishbot_ws/install/nav2_costmap_2d/lib/nav2_costmap_2d/nav2_costmap_2d_markers
[0.761s] -- Up-to-date: /home/nagisa/fishbot_ws/install/nav2_costmap_2d/lib/nav2_costmap_2d/nav2_costmap_2d_cloud
[0.763s] -- Up-to-date: /home/nagisa/fishbot_ws/install/nav2_costmap_2d/lib/nav2_costmap_2d/nav2_costmap_2d
[0.764s] -- Up-to-date: /home/nagisa/fishbot_ws/install/nav2_costmap_2d/share/nav2_costmap_2d/costmap_plugins.xml
[0.765s] -- Up-to-date: /home/nagisa/fishbot_ws/install/nav2_costmap_2d/include/nav2_costmap_2d
[0.765s] -- Up-to-date: /home/nagisa/fishbot_ws/install/nav2_costmap_2d/include/nav2_costmap_2d/nav2_costmap_2d
[0.765s] -- Up-to-date: /home/nagisa/fishbot_ws/install/nav2_costmap_2d/include/nav2_costmap_2d/nav2_costmap_2d/voxel_layer.hpp
[0.765s] -- Up-to-date: /home/nagisa/fishbot_ws/install/nav2_costmap_2d/include/nav2_costmap_2d/nav2_costmap_2d/denoise
[0.766s] -- Up-to-date: /home/nagisa/fishbot_ws/install/nav2_costmap_2d/include/nav2_costmap_2d/nav2_costmap_2d/denoise/image_processing.hpp
[0.766s] -- Up-to-date: /home/nagisa/fishbot_ws/install/nav2_costmap_2d/include/nav2_costmap_2d/nav2_costmap_2d/denoise/image.hpp
[0.766s] -- Up-to-date: /home/nagisa/fishbot_ws/install/nav2_costmap_2d/include/nav2_costmap_2d/nav2_costmap_2d/costmap_2d_publisher.hpp
[0.766s] -- Up-to-date: /home/nagisa/fishbot_ws/install/nav2_costmap_2d/include/nav2_costmap_2d/nav2_costmap_2d/costmap_subscriber.hpp
[0.766s] -- Up-to-date: /home/nagisa/fishbot_ws/install/nav2_costmap_2d/include/nav2_costmap_2d/nav2_costmap_2d/costmap_math.hpp
[0.767s] -- Up-to-date: /home/nagisa/fishbot_ws/install/nav2_costmap_2d/include/nav2_costmap_2d/nav2_costmap_2d/layer.hpp
[0.767s] -- Up-to-date: /home/nagisa/fishbot_ws/install/nav2_costmap_2d/include/nav2_costmap_2d/nav2_costmap_2d/observation_buffer.hpp
[0.767s] -- Up-to-date: /home/nagisa/fishbot_ws/install/nav2_costmap_2d/include/nav2_costmap_2d/nav2_costmap_2d/costmap_2d.hpp
[0.767s] -- Up-to-date: /home/nagisa/fishbot_ws/install/nav2_costmap_2d/include/nav2_costmap_2d/nav2_costmap_2d/denoise_layer.hpp
[0.767s] -- Up-to-date: /home/nagisa/fishbot_ws/install/nav2_costmap_2d/include/nav2_costmap_2d/nav2_costmap_2d/obstacle_layer.hpp
[0.767s] -- Up-to-date: /home/nagisa/fishbot_ws/install/nav2_costmap_2d/include/nav2_costmap_2d/nav2_costmap_2d/footprint_collision_checker.hpp
[0.767s] -- Up-to-date: /home/nagisa/fishbot_ws/install/nav2_costmap_2d/include/nav2_costmap_2d/nav2_costmap_2d/footprint_subscriber.hpp
[0.767s] -- Up-to-date: /home/nagisa/fishbot_ws/install/nav2_costmap_2d/include/nav2_costmap_2d/nav2_costmap_2d/observation.hpp
[0.767s] -- Up-to-date: /home/nagisa/fishbot_ws/install/nav2_costmap_2d/include/nav2_costmap_2d/nav2_costmap_2d/costmap_topic_collision_checker.hpp
[0.767s] -- Up-to-date: /home/nagisa/fishbot_ws/install/nav2_costmap_2d/include/nav2_costmap_2d/nav2_costmap_2d/exceptions.hpp
[0.767s] -- Up-to-date: /home/nagisa/fishbot_ws/install/nav2_costmap_2d/include/nav2_costmap_2d/nav2_costmap_2d/clear_costmap_service.hpp
[0.767s] -- Up-to-date: /home/nagisa/fishbot_ws/install/nav2_costmap_2d/include/nav2_costmap_2d/nav2_costmap_2d/costmap_filters
[0.768s] -- Up-to-date: /home/nagisa/fishbot_ws/install/nav2_costmap_2d/include/nav2_costmap_2d/nav2_costmap_2d/costmap_filters/keepout_filter.hpp
[0.768s] -- Up-to-date: /home/nagisa/fishbot_ws/install/nav2_costmap_2d/include/nav2_costmap_2d/nav2_costmap_2d/costmap_filters/speed_filter.hpp
[0.768s] -- Up-to-date: /home/nagisa/fishbot_ws/install/nav2_costmap_2d/include/nav2_costmap_2d/nav2_costmap_2d/costmap_filters/costmap_filter.hpp
[0.768s] -- Up-to-date: /home/nagisa/fishbot_ws/install/nav2_costmap_2d/include/nav2_costmap_2d/nav2_costmap_2d/costmap_filters/filter_values.hpp
[0.768s] -- Up-to-date: /home/nagisa/fishbot_ws/install/nav2_costmap_2d/include/nav2_costmap_2d/nav2_costmap_2d/costmap_filters/binary_filter.hpp
[0.768s] -- Up-to-date: /home/nagisa/fishbot_ws/install/nav2_costmap_2d/include/nav2_costmap_2d/nav2_costmap_2d/costmap_2d_ros.hpp
[0.769s] -- Up-to-date: /home/nagisa/fishbot_ws/install/nav2_costmap_2d/include/nav2_costmap_2d/nav2_costmap_2d/cost_values.hpp
[0.769s] -- Up-to-date: /home/nagisa/fishbot_ws/install/nav2_costmap_2d/include/nav2_costmap_2d/nav2_costmap_2d/array_parser.hpp
[0.769s] -- Up-to-date: /home/nagisa/fishbot_ws/install/nav2_costmap_2d/include/nav2_costmap_2d/nav2_costmap_2d/footprint.hpp
[0.769s] -- Up-to-date: /home/nagisa/fishbot_ws/install/nav2_costmap_2d/include/nav2_costmap_2d/nav2_costmap_2d/static_layer.hpp
[0.769s] -- Up-to-date: /home/nagisa/fishbot_ws/install/nav2_costmap_2d/include/nav2_costmap_2d/nav2_costmap_2d/costmap_layer.hpp
[0.769s] -- Up-to-date: /home/nagisa/fishbot_ws/install/nav2_costmap_2d/include/nav2_costmap_2d/nav2_costmap_2d/range_sensor_layer.hpp
[0.769s] -- Up-to-date: /home/nagisa/fishbot_ws/install/nav2_costmap_2d/include/nav2_costmap_2d/nav2_costmap_2d/inflation_layer.hpp
[0.769s] -- Up-to-date: /home/nagisa/fishbot_ws/install/nav2_costmap_2d/include/nav2_costmap_2d/nav2_costmap_2d/layered_costmap.hpp
[0.769s] -- Up-to-date: /home/nagisa/fishbot_ws/install/nav2_costmap_2d/share/nav2_costmap_2d/test/regression/order_layer.xml
[0.769s] -- Up-to-date: /home/nagisa/fishbot_ws/install/nav2_costmap_2d/share/nav2_costmap_2d/environment/library_path.sh
[0.769s] -- Up-to-date: /home/nagisa/fishbot_ws/install/nav2_costmap_2d/share/nav2_costmap_2d/environment/library_path.dsv
[0.769s] -- Up-to-date: /home/nagisa/fishbot_ws/install/nav2_costmap_2d/share/nav2_costmap_2d/costmap_plugins.xml
[0.769s] -- Up-to-date: /home/nagisa/fishbot_ws/install/nav2_costmap_2d/share/ament_index/resource_index/package_run_dependencies/nav2_costmap_2d
[0.770s] -- Up-to-date: /home/nagisa/fishbot_ws/install/nav2_costmap_2d/share/ament_index/resource_index/parent_prefix_path/nav2_costmap_2d
[0.770s] -- Up-to-date: /home/nagisa/fishbot_ws/install/nav2_costmap_2d/share/nav2_costmap_2d/environment/ament_prefix_path.sh
[0.770s] -- Up-to-date: /home/nagisa/fishbot_ws/install/nav2_costmap_2d/share/nav2_costmap_2d/environment/ament_prefix_path.dsv
[0.770s] -- Up-to-date: /home/nagisa/fishbot_ws/install/nav2_costmap_2d/share/nav2_costmap_2d/environment/path.sh
[0.770s] -- Up-to-date: /home/nagisa/fishbot_ws/install/nav2_costmap_2d/share/nav2_costmap_2d/environment/path.dsv
[0.770s] -- Up-to-date: /home/nagisa/fishbot_ws/install/nav2_costmap_2d/share/nav2_costmap_2d/local_setup.bash
[0.770s] -- Up-to-date: /home/nagisa/fishbot_ws/install/nav2_costmap_2d/share/nav2_costmap_2d/local_setup.sh
[0.770s] -- Up-to-date: /home/nagisa/fishbot_ws/install/nav2_costmap_2d/share/nav2_costmap_2d/local_setup.zsh
[0.770s] -- Up-to-date: /home/nagisa/fishbot_ws/install/nav2_costmap_2d/share/nav2_costmap_2d/local_setup.dsv
[0.770s] -- Installing: /home/nagisa/fishbot_ws/install/nav2_costmap_2d/share/nav2_costmap_2d/package.dsv
[0.770s] -- Up-to-date: /home/nagisa/fishbot_ws/install/nav2_costmap_2d/share/ament_index/resource_index/packages/nav2_costmap_2d
[0.770s] -- Up-to-date: /home/nagisa/fishbot_ws/install/nav2_costmap_2d/share/ament_index/resource_index/nav2_costmap_2d__pluginlib__plugin/nav2_costmap_2d
[0.772s] -- Up-to-date: /home/nagisa/fishbot_ws/install/nav2_costmap_2d/share/nav2_costmap_2d/cmake/export_nav2_costmap_2dExport.cmake
[0.772s] -- Up-to-date: /home/nagisa/fishbot_ws/install/nav2_costmap_2d/share/nav2_costmap_2d/cmake/export_nav2_costmap_2dExport-release.cmake
[0.772s] -- Up-to-date: /home/nagisa/fishbot_ws/install/nav2_costmap_2d/share/nav2_costmap_2d/cmake/ament_cmake_export_targets-extras.cmake
[0.772s] -- Up-to-date: /home/nagisa/fishbot_ws/install/nav2_costmap_2d/share/nav2_costmap_2d/cmake/ament_cmake_export_dependencies-extras.cmake
[0.772s] -- Up-to-date: /home/nagisa/fishbot_ws/install/nav2_costmap_2d/share/nav2_costmap_2d/cmake/nav2_costmap_2dConfig.cmake
[0.773s] -- Up-to-date: /home/nagisa/fishbot_ws/install/nav2_costmap_2d/share/nav2_costmap_2d/cmake/nav2_costmap_2dConfig-version.cmake
[0.773s] -- Up-to-date: /home/nagisa/fishbot_ws/install/nav2_costmap_2d/share/nav2_costmap_2d/package.xml
[0.776s] -- Up-to-date: /home/nagisa/fishbot_ws/install/nav2_costmap_2d/lib/liborder_layer.so
[0.778s] Invoked command in '/home/nagisa/fishbot_ws/build/nav2_costmap_2d' returned '0': CMAKE_PREFIX_PATH=/home/nagisa/fishbot_ws/install/nav2_map_server:/home/nagisa/fishbot_ws/install/nav2_lifecycle_manager:/home/nagisa/fishbot_ws/install/nav2_util:/home/nagisa/fishbot_ws/install/nav2_voxel_grid:/home/nagisa/fishbot_ws/install/nav2_msgs:/home/nagisa/fishbot_ws/install/nav2_common:/home/nagisa/fishbot_ws/install/nav2_system_tests:/home/nagisa/fishbot_ws/install/nav2_bringup:/home/nagisa/fishbot_ws/install/nav2_graceful_controller:/home/nagisa/fishbot_ws/install/navigation2:/home/nagisa/fishbot_ws/install/nav2_smoother:/home/nagisa/fishbot_ws/install/nav2_dwb_controller:/home/nagisa/fishbot_ws/install/nav2_controller:/home/nagisa/fishbot_ws/install/dwb_plugins:/home/nagisa/fishbot_ws/install/dwb_critics:/home/nagisa/fishbot_ws/install/dwb_core:/home/nagisa/fishbot_ws/install/nav_2d_utils:/home/nagisa/fishbot_ws/install/dwb_msgs:/home/nagisa/fishbot_ws/install/nav_2d_msgs:/home/nagisa/fishbot_ws/install/nav2_waypoint_follower:/home/nagisa/fishbot_ws/install/nav2_theta_star_planner:/home/nagisa/fishbot_ws/install/nav2_smac_planner:/home/nagisa/fishbot_ws/install/nav2_rotation_shim_controller:/home/nagisa/fishbot_ws/install/nav2_regulated_pure_pursuit_controller:/home/nagisa/fishbot_ws/install/nav2_planner:/home/nagisa/fishbot_ws/install/nav2_navfn_planner:/home/nagisa/fishbot_ws/install/nav2_mppi_controller:/home/nagisa/fishbot_ws/install/nav2_constrained_smoother:/home/nagisa/fishbot_ws/install/nav2_bt_navigator:/home/nagisa/fishbot_ws/install/nav2_behaviors:/home/nagisa/fishbot_ws/install/nav2_core:/home/nagisa/fishbot_ws/install/nav2_collision_monitor:/home/nagisa/fishbot_ws/install/costmap_queue:/home/nagisa/fishbot_ws/install/nav2_costmap_2d:/home/nagisa/fishbot_ws/install/nav2_velocity_smoother:/home/nagisa/fishbot_ws/install/nav2_rviz_plugins:/home/nagisa/fishbot_ws/install/nav2_behavior_tree:/home/nagisa/fishbot_ws/install/nav2_amcl:/home/nagisa/fishbot_ws/install/fishbot_navigation2:/home/nagisa/fishbot_ws/install/fishbot_cartographer:/home/nagisa/fishbot_ws/install/cartographer_rviz:/home/nagisa/fishbot_ws/install/cartographer_ros:/home/nagisa/fishbot_ws/install/cartographer_ros_msgs:/home/nagisa/fishbot_ws/install/cartographer:/home/nagisa/fishbot_ws/install/nav2_simple_commander:/home/nagisa/fishbot_ws/install/fishbot_description:/opt/ros/humble LD_LIBRARY_PATH=/home/nagisa/fishbot_ws/install/nav2_map_server/lib:/home/nagisa/fishbot_ws/install/nav2_lifecycle_manager/lib:/home/nagisa/fishbot_ws/install/nav2_util/lib:/home/nagisa/fishbot_ws/install/nav2_voxel_grid/lib:/home/nagisa/fishbot_ws/install/nav2_msgs/lib:/home/nagisa/fishbot_ws/install/nav2_graceful_controller/lib:/home/nagisa/fishbot_ws/install/nav2_smoother/lib:/home/nagisa/fishbot_ws/install/nav2_controller/lib:/home/nagisa/fishbot_ws/install/dwb_plugins/lib:/home/nagisa/fishbot_ws/install/dwb_critics/lib:/home/nagisa/fishbot_ws/install/dwb_core/lib:/home/nagisa/fishbot_ws/install/nav_2d_utils/lib:/home/nagisa/fishbot_ws/install/dwb_msgs/lib:/home/nagisa/fishbot_ws/install/nav_2d_msgs/lib:/home/nagisa/fishbot_ws/install/nav2_waypoint_follower/lib:/home/nagisa/fishbot_ws/install/nav2_theta_star_planner/lib:/home/nagisa/fishbot_ws/install/nav2_smac_planner/lib:/home/nagisa/fishbot_ws/install/nav2_rotation_shim_controller/lib:/home/nagisa/fishbot_ws/install/nav2_regulated_pure_pursuit_controller/lib:/home/nagisa/fishbot_ws/install/nav2_planner/lib:/home/nagisa/fishbot_ws/install/nav2_navfn_planner/lib:/home/nagisa/fishbot_ws/install/nav2_mppi_controller/lib:/home/nagisa/fishbot_ws/install/nav2_constrained_smoother/lib:/home/nagisa/fishbot_ws/install/nav2_bt_navigator/lib:/home/nagisa/fishbot_ws/install/nav2_behaviors/lib:/home/nagisa/fishbot_ws/install/nav2_collision_monitor/lib:/home/nagisa/fishbot_ws/install/costmap_queue/lib:/home/nagisa/fishbot_ws/install/nav2_costmap_2d/lib:/home/nagisa/fishbot_ws/install/nav2_velocity_smoother/lib:/home/nagisa/fishbot_ws/install/nav2_rviz_plugins/lib:/home/nagisa/fishbot_ws/install/nav2_behavior_tree/lib:/home/nagisa/fishbot_ws/install/nav2_amcl/lib:/home/nagisa/fishbot_ws/install/cartographer_rviz/lib:/home/nagisa/fishbot_ws/install/cartographer_ros/lib:/home/nagisa/fishbot_ws/install/cartographer_ros_msgs/lib:/usr/lib/x86_64-linux-gnu/gazebo-11/plugins:/opt/ros/humble/opt/rviz_ogre_vendor/lib:/opt/ros/humble/lib/x86_64-linux-gnu:/opt/ros/humble/lib /usr/bin/cmake --install /home/nagisa/fishbot_ws/build/nav2_costmap_2d
