[0.017s] Invoking command in '/home/nagisa/fishbot_ws/build/nav2_rviz_plugins': AMENT_PREFIX_PATH=/home/nagisa/fishbot_ws/install/nav2_lifecycle_manager:/home/nagisa/fishbot_ws/install/nav2_util:/home/nagisa/fishbot_ws/install/nav2_msgs:/home/nagisa/fishbot_ws/install/nav2_common:${AMENT_PREFIX_PATH} CMAKE_PREFIX_PATH=/home/nagisa/fishbot_ws/install/nav2_lifecycle_manager:/home/nagisa/fishbot_ws/install/nav2_util:/home/nagisa/fishbot_ws/install/nav2_msgs:/home/nagisa/fishbot_ws/install/nav2_common:/opt/ros/humble LD_LIBRARY_PATH=/home/nagisa/fishbot_ws/install/nav2_lifecycle_manager/lib:/home/nagisa/fishbot_ws/install/nav2_util/lib:/home/nagisa/fishbot_ws/install/nav2_msgs/lib:${LD_LIBRARY_PATH} PYTHONPATH=/home/nagisa/fishbot_ws/install/nav2_msgs/local/lib/python3.10/dist-packages:/home/nagisa/fishbot_ws/install/nav2_common/local/lib/python3.10/dist-packages:${PYTHONPATH} /usr/bin/cmake /home/nagisa/fishbot_ws/src/navigation2/nav2_rviz_plugins -DCMAKE_INSTALL_PREFIX=/home/nagisa/fishbot_ws/install/nav2_rviz_plugins
[0.084s] -- The C compiler identification is GNU 11.4.0
[0.151s] -- The CXX compiler identification is GNU 11.4.0
[0.161s] -- Detecting C compiler ABI info
[0.270s] -- Detecting C compiler ABI info - done
[0.276s] -- Check for working C compiler: /usr/bin/cc - skipped
[0.276s] -- Detecting C compile features
[0.276s] -- Detecting C compile features - done
[0.279s] -- Detecting CXX compiler ABI info
[0.372s] -- Detecting CXX compiler ABI info - done
[0.378s] -- Check for working CXX compiler: /usr/bin/c++ - skipped
[0.378s] -- Detecting CXX compile features
[0.379s] -- Detecting CXX compile features - done
[0.382s] -- Found ament_cmake: 1.3.10 (/opt/ros/humble/share/ament_cmake/cmake)
[0.532s] -- Found Python3: /usr/bin/python3 (found version "3.10.12") found components: Interpreter 
[0.641s] -- Found geometry_msgs: 4.2.4 (/opt/ros/humble/share/geometry_msgs/cmake)
[0.689s] -- Found rosidl_generator_c: 3.1.5 (/opt/ros/humble/share/rosidl_generator_c/cmake)
[0.697s] -- Found rosidl_adapter: 3.1.5 (/opt/ros/humble/share/rosidl_adapter/cmake)
[0.707s] -- Found rosidl_generator_cpp: 3.1.5 (/opt/ros/humble/share/rosidl_generator_cpp/cmake)
[0.720s] -- Using all available rosidl_typesupport_c: rosidl_typesupport_fastrtps_c;rosidl_typesupport_introspection_c
[0.736s] -- Using all available rosidl_typesupport_cpp: rosidl_typesupport_fastrtps_cpp;rosidl_typesupport_introspection_cpp
[0.769s] -- Found nav2_util: 1.1.16 (/home/nagisa/fishbot_ws/install/nav2_util/share/nav2_util/cmake)
[0.891s] -- Found rmw_implementation_cmake: 6.1.2 (/opt/ros/humble/share/rmw_implementation_cmake/cmake)
[0.894s] -- Found rmw_fastrtps_cpp: 6.2.7 (/opt/ros/humble/share/rmw_fastrtps_cpp/cmake)
[0.987s] -- Found OpenSSL: /usr/lib/x86_64-linux-gnu/libcrypto.so (found version "3.0.2")  
[1.012s] -- Found FastRTPS: /opt/ros/humble/include  
[1.052s] -- Using RMW implementation 'rmw_fastrtps_cpp' as default
[1.061s] -- Looking for pthread.h
[1.150s] -- Looking for pthread.h - found
[1.150s] -- Performing Test CMAKE_HAVE_LIBC_PTHREAD
[1.235s] -- Performing Test CMAKE_HAVE_LIBC_PTHREAD - Success
[1.236s] -- Found Threads: TRUE  
[1.329s] -- Found eigen3_cmake_module: 0.1.1 (/opt/ros/humble/share/eigen3_cmake_module/cmake)
[1.330s] -- Found Eigen3: TRUE (found version "3.4.0") 
[1.330s] -- Ensuring Eigen3 include directory is part of orocos-kdl CMake target
[1.379s] -- Found nav2_lifecycle_manager: 1.1.16 (/home/nagisa/fishbot_ws/install/nav2_lifecycle_manager/share/nav2_lifecycle_manager/cmake)
[1.448s] -- Found pluginlib: 5.1.0 (/opt/ros/humble/share/pluginlib/cmake)
[1.521s] -- Found rviz_common: 11.2.13 (/opt/ros/humble/share/rviz_common/cmake)
[1.535s] -- Setting assimp_DIR to: '/opt/ros/humble/share/rviz_assimp_vendor/cmake/../../../opt/rviz_assimp_vendor/lib/cmake/assimp-4.1'
[1.549s] -- Setting OGRE_DIR to: '/opt/ros/humble/share/rviz_ogre_vendor/cmake/../../../opt/rviz_ogre_vendor/lib/OGRE/cmake'
[1.554s] -- Found OGRE
[1.554s] --   static     : OFF
[1.554s] --   components : HLMS;MeshLodGenerator;Overlay;Paging;Property;RTShaderSystem;Terrain;Volume
[1.554s] --   plugins    : Plugin_BSPSceneManager;Plugin_OctreeSceneManager;Plugin_PCZSceneManager;Plugin_ParticleFX;RenderSystem_GL;RenderSystem_GL3Plus;Codec_STBI
[1.554s] --   media      : /opt/ros/humble/opt/rviz_ogre_vendor/share/OGRE/Media
[1.554s] -- OGRE_LIBRARIES: OgreHLMS;OgreMeshLodGenerator;OgreOverlay;OgrePaging;OgreProperty;OgreRTShaderSystem;OgreTerrain;OgreVolume;OgreMain
[1.554s] -- OGRE_LIBRARY_DIRS: /opt/ros/humble/opt/rviz_ogre_vendor/lib
[1.555s] -- OGRE_PLUGINS: Plugin_BSPSceneManager;Plugin_OctreeSceneManager;Plugin_PCZSceneManager;Plugin_ParticleFX;RenderSystem_GL;RenderSystem_GL3Plus;Codec_STBI
[1.555s] -- OGRE_PLUGIN_DIR: /opt/ros/humble/opt/rviz_ogre_vendor/lib/OGRE
[1.555s] -- rviz_ogre_vendor::OgreOverlay for IMPORTED_LOCATION_RELEASE: /opt/ros/humble/opt/rviz_ogre_vendor/lib/libOgreOverlay.so
[1.555s] -- rviz_ogre_vendor::OgreOverlay for IMPORTED_LOCATION_DEBUG: /opt/ros/humble/opt/rviz_ogre_vendor/lib/libOgreOverlay.so
[1.555s] -- rviz_ogre_vendor::OgreMain for IMPORTED_LOCATION_RELEASE: /opt/ros/humble/opt/rviz_ogre_vendor/lib/libOgreMain.so
[1.555s] -- rviz_ogre_vendor::OgreMain for IMPORTED_LOCATION_DEBUG: /opt/ros/humble/opt/rviz_ogre_vendor/lib/libOgreMain.so
[1.582s] -- Found ZLIB: /usr/lib/x86_64-linux-gnu/libz.so (found version "1.2.11") 
[1.589s] -- Found OpenGL: /usr/lib/x86_64-linux-gnu/libOpenGL.so   
[1.701s] -- Found X11: /usr/include   
[1.702s] -- Looking for XOpenDisplay in /usr/lib/x86_64-linux-gnu/libX11.so;/usr/lib/x86_64-linux-gnu/libXext.so
[1.803s] -- Looking for XOpenDisplay in /usr/lib/x86_64-linux-gnu/libX11.so;/usr/lib/x86_64-linux-gnu/libXext.so - found
[1.803s] -- Looking for gethostbyname
[1.887s] -- Looking for gethostbyname - found
[1.887s] -- Looking for connect
[1.969s] -- Looking for connect - found
[1.969s] -- Looking for remove
[2.048s] -- Looking for remove - found
[2.048s] -- Looking for shmat
[2.125s] -- Looking for shmat - found
[2.125s] -- Looking for IceConnectionNumber in ICE
[2.204s] -- Looking for IceConnectionNumber in ICE - found
[2.314s] -- library: /usr/lib/x86_64-linux-gnu/libcurl.so
[2.389s] -- Found rviz_default_plugins: 11.2.13 (/opt/ros/humble/share/rviz_default_plugins/cmake)
[2.541s] -- Found ament_lint_auto: 0.12.11 (/opt/ros/humble/share/ament_lint_auto/cmake)
[2.645s] -- Added test 'copyright' to check source files copyright and LICENSE
[2.649s] -- Added test 'cppcheck' to perform static code analysis on C / C++ code
[2.649s] -- Configured cppcheck include dirs: /home/nagisa/fishbot_ws/src/navigation2/nav2_rviz_plugins/include
[2.649s] -- Configured cppcheck exclude dirs and/or files: 
[2.651s] -- Added test 'cpplint' to check C / C++ code against the Google style
[2.651s] -- Configured cpplint exclude dirs and/or files: 
[2.652s] -- Added test 'lint_cmake' to check CMake code style
[2.653s] -- Added test 'uncrustify' to check C / C++ code style
[2.653s] -- Configured uncrustify additional arguments: 
[2.654s] -- Added test 'xmllint' to check XML markup files
[2.659s] -- Configuring done
[2.785s] -- Generating done
[2.787s] -- Build files have been written to: /home/nagisa/fishbot_ws/build/nav2_rviz_plugins
[2.801s] Invoked command in '/home/nagisa/fishbot_ws/build/nav2_rviz_plugins' returned '0': AMENT_PREFIX_PATH=/home/nagisa/fishbot_ws/install/nav2_lifecycle_manager:/home/nagisa/fishbot_ws/install/nav2_util:/home/nagisa/fishbot_ws/install/nav2_msgs:/home/nagisa/fishbot_ws/install/nav2_common:${AMENT_PREFIX_PATH} CMAKE_PREFIX_PATH=/home/nagisa/fishbot_ws/install/nav2_lifecycle_manager:/home/nagisa/fishbot_ws/install/nav2_util:/home/nagisa/fishbot_ws/install/nav2_msgs:/home/nagisa/fishbot_ws/install/nav2_common:/opt/ros/humble LD_LIBRARY_PATH=/home/nagisa/fishbot_ws/install/nav2_lifecycle_manager/lib:/home/nagisa/fishbot_ws/install/nav2_util/lib:/home/nagisa/fishbot_ws/install/nav2_msgs/lib:${LD_LIBRARY_PATH} PYTHONPATH=/home/nagisa/fishbot_ws/install/nav2_msgs/local/lib/python3.10/dist-packages:/home/nagisa/fishbot_ws/install/nav2_common/local/lib/python3.10/dist-packages:${PYTHONPATH} /usr/bin/cmake /home/nagisa/fishbot_ws/src/navigation2/nav2_rviz_plugins -DCMAKE_INSTALL_PREFIX=/home/nagisa/fishbot_ws/install/nav2_rviz_plugins
[2.806s] Invoking command in '/home/nagisa/fishbot_ws/build/nav2_rviz_plugins': AMENT_PREFIX_PATH=/home/nagisa/fishbot_ws/install/nav2_lifecycle_manager:/home/nagisa/fishbot_ws/install/nav2_util:/home/nagisa/fishbot_ws/install/nav2_msgs:/home/nagisa/fishbot_ws/install/nav2_common:${AMENT_PREFIX_PATH} CMAKE_PREFIX_PATH=/home/nagisa/fishbot_ws/install/nav2_lifecycle_manager:/home/nagisa/fishbot_ws/install/nav2_util:/home/nagisa/fishbot_ws/install/nav2_msgs:/home/nagisa/fishbot_ws/install/nav2_common:/opt/ros/humble LD_LIBRARY_PATH=/home/nagisa/fishbot_ws/install/nav2_lifecycle_manager/lib:/home/nagisa/fishbot_ws/install/nav2_util/lib:/home/nagisa/fishbot_ws/install/nav2_msgs/lib:${LD_LIBRARY_PATH} PYTHONPATH=/home/nagisa/fishbot_ws/install/nav2_msgs/local/lib/python3.10/dist-packages:/home/nagisa/fishbot_ws/install/nav2_common/local/lib/python3.10/dist-packages:${PYTHONPATH} /usr/bin/cmake --build /home/nagisa/fishbot_ws/build/nav2_rviz_plugins -- -j12 -l12
[2.872s] [ 14%] [34m[1mAutomatic MOC for target nav2_rviz_plugins[0m
[3.734s] [ 14%] Built target nav2_rviz_plugins_autogen
[3.762s] [ 28%] [32mBuilding CXX object CMakeFiles/nav2_rviz_plugins.dir/nav2_rviz_plugins_autogen/mocs_compilation.cpp.o[0m
[3.762s] [ 57%] [32mBuilding CXX object CMakeFiles/nav2_rviz_plugins.dir/src/goal_tool.cpp.o[0m
[3.762s] [ 57%] [32mBuilding CXX object CMakeFiles/nav2_rviz_plugins.dir/src/particle_cloud_display/flat_weighted_arrows_array.cpp.o[0m
[3.762s] [ 71%] [32mBuilding CXX object CMakeFiles/nav2_rviz_plugins.dir/src/particle_cloud_display/particle_cloud_display.cpp.o[0m
[3.763s] [ 85%] [32mBuilding CXX object CMakeFiles/nav2_rviz_plugins.dir/src/nav2_panel.cpp.o[0m
[24.859s] [100%] [32m[1mLinking CXX shared library libnav2_rviz_plugins.so[0m
[34.744s] [100%] Built target nav2_rviz_plugins
[35.029s] Invoked command in '/home/nagisa/fishbot_ws/build/nav2_rviz_plugins' returned '0': AMENT_PREFIX_PATH=/home/nagisa/fishbot_ws/install/nav2_lifecycle_manager:/home/nagisa/fishbot_ws/install/nav2_util:/home/nagisa/fishbot_ws/install/nav2_msgs:/home/nagisa/fishbot_ws/install/nav2_common:${AMENT_PREFIX_PATH} CMAKE_PREFIX_PATH=/home/nagisa/fishbot_ws/install/nav2_lifecycle_manager:/home/nagisa/fishbot_ws/install/nav2_util:/home/nagisa/fishbot_ws/install/nav2_msgs:/home/nagisa/fishbot_ws/install/nav2_common:/opt/ros/humble LD_LIBRARY_PATH=/home/nagisa/fishbot_ws/install/nav2_lifecycle_manager/lib:/home/nagisa/fishbot_ws/install/nav2_util/lib:/home/nagisa/fishbot_ws/install/nav2_msgs/lib:${LD_LIBRARY_PATH} PYTHONPATH=/home/nagisa/fishbot_ws/install/nav2_msgs/local/lib/python3.10/dist-packages:/home/nagisa/fishbot_ws/install/nav2_common/local/lib/python3.10/dist-packages:${PYTHONPATH} /usr/bin/cmake --build /home/nagisa/fishbot_ws/build/nav2_rviz_plugins -- -j12 -l12
[35.331s] Invoking command in '/home/nagisa/fishbot_ws/build/nav2_rviz_plugins': AMENT_PREFIX_PATH=/home/nagisa/fishbot_ws/install/nav2_lifecycle_manager:/home/nagisa/fishbot_ws/install/nav2_util:/home/nagisa/fishbot_ws/install/nav2_msgs:/home/nagisa/fishbot_ws/install/nav2_common:${AMENT_PREFIX_PATH} CMAKE_PREFIX_PATH=/home/nagisa/fishbot_ws/install/nav2_lifecycle_manager:/home/nagisa/fishbot_ws/install/nav2_util:/home/nagisa/fishbot_ws/install/nav2_msgs:/home/nagisa/fishbot_ws/install/nav2_common:/opt/ros/humble LD_LIBRARY_PATH=/home/nagisa/fishbot_ws/install/nav2_lifecycle_manager/lib:/home/nagisa/fishbot_ws/install/nav2_util/lib:/home/nagisa/fishbot_ws/install/nav2_msgs/lib:${LD_LIBRARY_PATH} PYTHONPATH=/home/nagisa/fishbot_ws/install/nav2_msgs/local/lib/python3.10/dist-packages:/home/nagisa/fishbot_ws/install/nav2_common/local/lib/python3.10/dist-packages:${PYTHONPATH} /usr/bin/cmake --install /home/nagisa/fishbot_ws/build/nav2_rviz_plugins
[35.347s] -- Install configuration: ""
[35.349s] -- Installing: /home/nagisa/fishbot_ws/install/nav2_rviz_plugins/share/nav2_rviz_plugins/plugins_description.xml
[35.351s] -- Installing: /home/nagisa/fishbot_ws/install/nav2_rviz_plugins/lib/libnav2_rviz_plugins.so
[35.396s] -- Set runtime path of "/home/nagisa/fishbot_ws/install/nav2_rviz_plugins/lib/libnav2_rviz_plugins.so" to ""
[35.397s] -- Installing: /home/nagisa/fishbot_ws/install/nav2_rviz_plugins/include/
[35.397s] -- Installing: /home/nagisa/fishbot_ws/install/nav2_rviz_plugins/include//nav2_rviz_plugins
[35.398s] -- Installing: /home/nagisa/fishbot_ws/install/nav2_rviz_plugins/include//nav2_rviz_plugins/particle_cloud_display
[35.399s] -- Installing: /home/nagisa/fishbot_ws/install/nav2_rviz_plugins/include//nav2_rviz_plugins/particle_cloud_display/particle_cloud_display.hpp
[35.401s] -- Installing: /home/nagisa/fishbot_ws/install/nav2_rviz_plugins/include//nav2_rviz_plugins/particle_cloud_display/flat_weighted_arrows_array.hpp
[35.401s] -- Installing: /home/nagisa/fishbot_ws/install/nav2_rviz_plugins/include//nav2_rviz_plugins/goal_tool.hpp
[35.403s] -- Installing: /home/nagisa/fishbot_ws/install/nav2_rviz_plugins/include//nav2_rviz_plugins/ros_action_qevent.hpp
[35.405s] -- Installing: /home/nagisa/fishbot_ws/install/nav2_rviz_plugins/include//nav2_rviz_plugins/goal_common.hpp
[35.408s] -- Installing: /home/nagisa/fishbot_ws/install/nav2_rviz_plugins/include//nav2_rviz_plugins/nav2_panel.hpp
[35.409s] -- Installing: /home/nagisa/fishbot_ws/install/nav2_rviz_plugins/include//nav2_rviz_plugins/goal_pose_updater.hpp
[35.416s] -- Installing: /home/nagisa/fishbot_ws/install/nav2_rviz_plugins/share/nav2_rviz_plugins/environment/library_path.sh
[35.418s] -- Installing: /home/nagisa/fishbot_ws/install/nav2_rviz_plugins/share/nav2_rviz_plugins/environment/library_path.dsv
[35.423s] -- Installing: /home/nagisa/fishbot_ws/install/nav2_rviz_plugins/share/ament_index/resource_index/package_run_dependencies/nav2_rviz_plugins
[35.425s] -- Installing: /home/nagisa/fishbot_ws/install/nav2_rviz_plugins/share/ament_index/resource_index/parent_prefix_path/nav2_rviz_plugins
[35.430s] -- Installing: /home/nagisa/fishbot_ws/install/nav2_rviz_plugins/share/nav2_rviz_plugins/environment/ament_prefix_path.sh
[35.431s] -- Installing: /home/nagisa/fishbot_ws/install/nav2_rviz_plugins/share/nav2_rviz_plugins/environment/ament_prefix_path.dsv
[35.433s] -- Installing: /home/nagisa/fishbot_ws/install/nav2_rviz_plugins/share/nav2_rviz_plugins/environment/path.sh
[35.433s] -- Installing: /home/nagisa/fishbot_ws/install/nav2_rviz_plugins/share/nav2_rviz_plugins/environment/path.dsv
[35.434s] -- Installing: /home/nagisa/fishbot_ws/install/nav2_rviz_plugins/share/nav2_rviz_plugins/local_setup.bash
[35.436s] -- Installing: /home/nagisa/fishbot_ws/install/nav2_rviz_plugins/share/nav2_rviz_plugins/local_setup.sh
[35.437s] -- Installing: /home/nagisa/fishbot_ws/install/nav2_rviz_plugins/share/nav2_rviz_plugins/local_setup.zsh
[35.438s] -- Installing: /home/nagisa/fishbot_ws/install/nav2_rviz_plugins/share/nav2_rviz_plugins/local_setup.dsv
[35.439s] -- Installing: /home/nagisa/fishbot_ws/install/nav2_rviz_plugins/share/nav2_rviz_plugins/package.dsv
[35.441s] -- Installing: /home/nagisa/fishbot_ws/install/nav2_rviz_plugins/share/ament_index/resource_index/packages/nav2_rviz_plugins
[35.442s] -- Installing: /home/nagisa/fishbot_ws/install/nav2_rviz_plugins/share/ament_index/resource_index/rviz_common__pluginlib__plugin/nav2_rviz_plugins
[35.446s] -- Installing: /home/nagisa/fishbot_ws/install/nav2_rviz_plugins/share/nav2_rviz_plugins/cmake/nav2_rviz_pluginsExport.cmake
[35.447s] -- Installing: /home/nagisa/fishbot_ws/install/nav2_rviz_plugins/share/nav2_rviz_plugins/cmake/nav2_rviz_pluginsExport-noconfig.cmake
[35.449s] -- Installing: /home/nagisa/fishbot_ws/install/nav2_rviz_plugins/share/nav2_rviz_plugins/cmake/ament_cmake_export_include_directories-extras.cmake
[35.451s] -- Installing: /home/nagisa/fishbot_ws/install/nav2_rviz_plugins/share/nav2_rviz_plugins/cmake/ament_cmake_export_targets-extras.cmake
[35.453s] -- Installing: /home/nagisa/fishbot_ws/install/nav2_rviz_plugins/share/nav2_rviz_plugins/cmake/ament_cmake_export_dependencies-extras.cmake
[35.455s] -- Installing: /home/nagisa/fishbot_ws/install/nav2_rviz_plugins/share/nav2_rviz_plugins/cmake/nav2_rviz_pluginsConfig.cmake
[35.456s] -- Installing: /home/nagisa/fishbot_ws/install/nav2_rviz_plugins/share/nav2_rviz_plugins/cmake/nav2_rviz_pluginsConfig-version.cmake
[35.457s] -- Installing: /home/nagisa/fishbot_ws/install/nav2_rviz_plugins/share/nav2_rviz_plugins/package.xml
[35.469s] Invoked command in '/home/nagisa/fishbot_ws/build/nav2_rviz_plugins' returned '0': AMENT_PREFIX_PATH=/home/nagisa/fishbot_ws/install/nav2_lifecycle_manager:/home/nagisa/fishbot_ws/install/nav2_util:/home/nagisa/fishbot_ws/install/nav2_msgs:/home/nagisa/fishbot_ws/install/nav2_common:${AMENT_PREFIX_PATH} CMAKE_PREFIX_PATH=/home/nagisa/fishbot_ws/install/nav2_lifecycle_manager:/home/nagisa/fishbot_ws/install/nav2_util:/home/nagisa/fishbot_ws/install/nav2_msgs:/home/nagisa/fishbot_ws/install/nav2_common:/opt/ros/humble LD_LIBRARY_PATH=/home/nagisa/fishbot_ws/install/nav2_lifecycle_manager/lib:/home/nagisa/fishbot_ws/install/nav2_util/lib:/home/nagisa/fishbot_ws/install/nav2_msgs/lib:${LD_LIBRARY_PATH} PYTHONPATH=/home/nagisa/fishbot_ws/install/nav2_msgs/local/lib/python3.10/dist-packages:/home/nagisa/fishbot_ws/install/nav2_common/local/lib/python3.10/dist-packages:${PYTHONPATH} /usr/bin/cmake --install /home/nagisa/fishbot_ws/build/nav2_rviz_plugins
