[0.016s] Invoking command in '/home/nagisa/fishbot_ws/build/dwb_msgs': AMENT_PREFIX_PATH=/home/nagisa/fishbot_ws/install/nav_2d_msgs:${AMENT_PREFIX_PATH} CMAKE_PREFIX_PATH=/home/nagisa/fishbot_ws/install/nav_2d_msgs:/opt/ros/humble LD_LIBRARY_PATH=/home/nagisa/fishbot_ws/install/nav_2d_msgs/lib:${LD_LIBRARY_PATH} PYTHONPATH=/home/nagisa/fishbot_ws/install/nav_2d_msgs/local/lib/python3.10/dist-packages:${PYTHONPATH} /usr/bin/cmake --build /home/nagisa/fishbot_ws/build/dwb_msgs -- -j12 -l12
[0.093s] [  1%] Built target dwb_msgs__cpp
[0.099s] [ 12%] Built target dwb_msgs__rosidl_generator_c
[0.118s] [ 12%] Built target ament_cmake_python_copy_dwb_msgs
[0.134s] [ 24%] Built target dwb_msgs__rosidl_typesupport_cpp
[0.134s] [ 35%] Built target dwb_msgs__rosidl_typesupport_introspection_cpp
[0.139s] [ 47%] Built target dwb_msgs__rosidl_typesupport_c
[0.140s] [ 58%] Built target dwb_msgs__rosidl_typesupport_introspection_c
[0.143s] [ 78%] Built target dwb_msgs__rosidl_typesupport_fastrtps_cpp
[0.143s] [ 82%] Built target dwb_msgs__rosidl_typesupport_fastrtps_c
[0.171s] [ 82%] Built target dwb_msgs
[0.198s] [ 83%] Built target dwb_msgs__py
[0.233s] [ 93%] Built target dwb_msgs__rosidl_generator_py
[0.264s] [ 97%] Built target dwb_msgs__rosidl_typesupport_fastrtps_c__pyext
[0.264s] [ 97%] Built target dwb_msgs__rosidl_typesupport_introspection_c__pyext
[0.265s] [100%] Built target dwb_msgs__rosidl_typesupport_c__pyext
[0.331s] running egg_info
[0.332s] writing dwb_msgs.egg-info/PKG-INFO
[0.332s] writing dependency_links to dwb_msgs.egg-info/dependency_links.txt
[0.332s] writing top-level names to dwb_msgs.egg-info/top_level.txt
[0.335s] reading manifest file 'dwb_msgs.egg-info/SOURCES.txt'
[0.336s] writing manifest file 'dwb_msgs.egg-info/SOURCES.txt'
[0.361s] [100%] Built target ament_cmake_python_build_dwb_msgs_egg
[0.374s] Invoked command in '/home/nagisa/fishbot_ws/build/dwb_msgs' returned '0': AMENT_PREFIX_PATH=/home/nagisa/fishbot_ws/install/nav_2d_msgs:${AMENT_PREFIX_PATH} CMAKE_PREFIX_PATH=/home/nagisa/fishbot_ws/install/nav_2d_msgs:/opt/ros/humble LD_LIBRARY_PATH=/home/nagisa/fishbot_ws/install/nav_2d_msgs/lib:${LD_LIBRARY_PATH} PYTHONPATH=/home/nagisa/fishbot_ws/install/nav_2d_msgs/local/lib/python3.10/dist-packages:${PYTHONPATH} /usr/bin/cmake --build /home/nagisa/fishbot_ws/build/dwb_msgs -- -j12 -l12
[0.787s] Invoking command in '/home/nagisa/fishbot_ws/build/dwb_msgs': AMENT_PREFIX_PATH=/home/nagisa/fishbot_ws/install/nav_2d_msgs:${AMENT_PREFIX_PATH} CMAKE_PREFIX_PATH=/home/nagisa/fishbot_ws/install/nav_2d_msgs:/opt/ros/humble LD_LIBRARY_PATH=/home/nagisa/fishbot_ws/install/nav_2d_msgs/lib:${LD_LIBRARY_PATH} PYTHONPATH=/home/nagisa/fishbot_ws/install/nav_2d_msgs/local/lib/python3.10/dist-packages:${PYTHONPATH} /usr/bin/cmake --install /home/nagisa/fishbot_ws/build/dwb_msgs
[0.797s] -- Install configuration: ""
[0.802s] -- Up-to-date: /home/nagisa/fishbot_ws/install/dwb_msgs/share/ament_index/resource_index/rosidl_interfaces/dwb_msgs
[0.803s] -- Up-to-date: /home/nagisa/fishbot_ws/install/dwb_msgs/include/dwb_msgs/dwb_msgs
[0.803s] -- Up-to-date: /home/nagisa/fishbot_ws/install/dwb_msgs/include/dwb_msgs/dwb_msgs/srv
[0.804s] -- Up-to-date: /home/nagisa/fishbot_ws/install/dwb_msgs/include/dwb_msgs/dwb_msgs/srv/debug_local_plan.h
[0.804s] -- Up-to-date: /home/nagisa/fishbot_ws/install/dwb_msgs/include/dwb_msgs/dwb_msgs/srv/generate_trajectory.h
[0.804s] -- Up-to-date: /home/nagisa/fishbot_ws/install/dwb_msgs/include/dwb_msgs/dwb_msgs/srv/detail
[0.804s] -- Up-to-date: /home/nagisa/fishbot_ws/install/dwb_msgs/include/dwb_msgs/dwb_msgs/srv/detail/get_critic_score__functions.c
[0.805s] -- Up-to-date: /home/nagisa/fishbot_ws/install/dwb_msgs/include/dwb_msgs/dwb_msgs/srv/detail/debug_local_plan__struct.h
[0.805s] -- Up-to-date: /home/nagisa/fishbot_ws/install/dwb_msgs/include/dwb_msgs/dwb_msgs/srv/detail/debug_local_plan__functions.c
[0.805s] -- Up-to-date: /home/nagisa/fishbot_ws/install/dwb_msgs/include/dwb_msgs/dwb_msgs/srv/detail/generate_twists__functions.c
[0.805s] -- Up-to-date: /home/nagisa/fishbot_ws/install/dwb_msgs/include/dwb_msgs/dwb_msgs/srv/detail/generate_trajectory__functions.c
[0.805s] -- Up-to-date: /home/nagisa/fishbot_ws/install/dwb_msgs/include/dwb_msgs/dwb_msgs/srv/detail/generate_trajectory__functions.h
[0.805s] -- Up-to-date: /home/nagisa/fishbot_ws/install/dwb_msgs/include/dwb_msgs/dwb_msgs/srv/detail/generate_twists__functions.h
[0.805s] -- Up-to-date: /home/nagisa/fishbot_ws/install/dwb_msgs/include/dwb_msgs/dwb_msgs/srv/detail/debug_local_plan__functions.h
[0.805s] -- Up-to-date: /home/nagisa/fishbot_ws/install/dwb_msgs/include/dwb_msgs/dwb_msgs/srv/detail/generate_trajectory__struct.h
[0.805s] -- Up-to-date: /home/nagisa/fishbot_ws/install/dwb_msgs/include/dwb_msgs/dwb_msgs/srv/detail/get_critic_score__type_support.h
[0.805s] -- Up-to-date: /home/nagisa/fishbot_ws/install/dwb_msgs/include/dwb_msgs/dwb_msgs/srv/detail/generate_twists__struct.h
[0.805s] -- Up-to-date: /home/nagisa/fishbot_ws/install/dwb_msgs/include/dwb_msgs/dwb_msgs/srv/detail/generate_twists__type_support.h
[0.806s] -- Up-to-date: /home/nagisa/fishbot_ws/install/dwb_msgs/include/dwb_msgs/dwb_msgs/srv/detail/score_trajectory__functions.h
[0.806s] -- Up-to-date: /home/nagisa/fishbot_ws/install/dwb_msgs/include/dwb_msgs/dwb_msgs/srv/detail/score_trajectory__functions.c
[0.806s] -- Up-to-date: /home/nagisa/fishbot_ws/install/dwb_msgs/include/dwb_msgs/dwb_msgs/srv/detail/get_critic_score__functions.h
[0.806s] -- Up-to-date: /home/nagisa/fishbot_ws/install/dwb_msgs/include/dwb_msgs/dwb_msgs/srv/detail/get_critic_score__struct.h
[0.806s] -- Up-to-date: /home/nagisa/fishbot_ws/install/dwb_msgs/include/dwb_msgs/dwb_msgs/srv/detail/score_trajectory__type_support.h
[0.806s] -- Up-to-date: /home/nagisa/fishbot_ws/install/dwb_msgs/include/dwb_msgs/dwb_msgs/srv/detail/score_trajectory__struct.h
[0.807s] -- Up-to-date: /home/nagisa/fishbot_ws/install/dwb_msgs/include/dwb_msgs/dwb_msgs/srv/detail/generate_trajectory__type_support.h
[0.807s] -- Up-to-date: /home/nagisa/fishbot_ws/install/dwb_msgs/include/dwb_msgs/dwb_msgs/srv/detail/debug_local_plan__type_support.h
[0.807s] -- Up-to-date: /home/nagisa/fishbot_ws/install/dwb_msgs/include/dwb_msgs/dwb_msgs/srv/get_critic_score.h
[0.807s] -- Up-to-date: /home/nagisa/fishbot_ws/install/dwb_msgs/include/dwb_msgs/dwb_msgs/srv/score_trajectory.h
[0.807s] -- Up-to-date: /home/nagisa/fishbot_ws/install/dwb_msgs/include/dwb_msgs/dwb_msgs/srv/generate_twists.h
[0.808s] -- Up-to-date: /home/nagisa/fishbot_ws/install/dwb_msgs/include/dwb_msgs/dwb_msgs/msg
[0.808s] -- Up-to-date: /home/nagisa/fishbot_ws/install/dwb_msgs/include/dwb_msgs/dwb_msgs/msg/rosidl_generator_c__visibility_control.h
[0.808s] -- Up-to-date: /home/nagisa/fishbot_ws/install/dwb_msgs/include/dwb_msgs/dwb_msgs/msg/trajectory_score.h
[0.808s] -- Up-to-date: /home/nagisa/fishbot_ws/install/dwb_msgs/include/dwb_msgs/dwb_msgs/msg/detail
[0.808s] -- Up-to-date: /home/nagisa/fishbot_ws/install/dwb_msgs/include/dwb_msgs/dwb_msgs/msg/detail/trajectory2_d__type_support.h
[0.808s] -- Up-to-date: /home/nagisa/fishbot_ws/install/dwb_msgs/include/dwb_msgs/dwb_msgs/msg/detail/trajectory_score__functions.h
[0.808s] -- Up-to-date: /home/nagisa/fishbot_ws/install/dwb_msgs/include/dwb_msgs/dwb_msgs/msg/detail/trajectory2_d__struct.h
[0.808s] -- Up-to-date: /home/nagisa/fishbot_ws/install/dwb_msgs/include/dwb_msgs/dwb_msgs/msg/detail/critic_score__functions.c
[0.809s] -- Up-to-date: /home/nagisa/fishbot_ws/install/dwb_msgs/include/dwb_msgs/dwb_msgs/msg/detail/critic_score__type_support.h
[0.809s] -- Up-to-date: /home/nagisa/fishbot_ws/install/dwb_msgs/include/dwb_msgs/dwb_msgs/msg/detail/trajectory2_d__functions.c
[0.809s] -- Up-to-date: /home/nagisa/fishbot_ws/install/dwb_msgs/include/dwb_msgs/dwb_msgs/msg/detail/trajectory_score__type_support.h
[0.809s] -- Up-to-date: /home/nagisa/fishbot_ws/install/dwb_msgs/include/dwb_msgs/dwb_msgs/msg/detail/local_plan_evaluation__type_support.h
[0.809s] -- Up-to-date: /home/nagisa/fishbot_ws/install/dwb_msgs/include/dwb_msgs/dwb_msgs/msg/detail/local_plan_evaluation__functions.h
[0.809s] -- Up-to-date: /home/nagisa/fishbot_ws/install/dwb_msgs/include/dwb_msgs/dwb_msgs/msg/detail/local_plan_evaluation__struct.h
[0.809s] -- Up-to-date: /home/nagisa/fishbot_ws/install/dwb_msgs/include/dwb_msgs/dwb_msgs/msg/detail/critic_score__functions.h
[0.809s] -- Up-to-date: /home/nagisa/fishbot_ws/install/dwb_msgs/include/dwb_msgs/dwb_msgs/msg/detail/local_plan_evaluation__functions.c
[0.809s] -- Up-to-date: /home/nagisa/fishbot_ws/install/dwb_msgs/include/dwb_msgs/dwb_msgs/msg/detail/critic_score__struct.h
[0.809s] -- Up-to-date: /home/nagisa/fishbot_ws/install/dwb_msgs/include/dwb_msgs/dwb_msgs/msg/detail/trajectory_score__struct.h
[0.809s] -- Up-to-date: /home/nagisa/fishbot_ws/install/dwb_msgs/include/dwb_msgs/dwb_msgs/msg/detail/trajectory_score__functions.c
[0.809s] -- Up-to-date: /home/nagisa/fishbot_ws/install/dwb_msgs/include/dwb_msgs/dwb_msgs/msg/detail/trajectory2_d__functions.h
[0.810s] -- Up-to-date: /home/nagisa/fishbot_ws/install/dwb_msgs/include/dwb_msgs/dwb_msgs/msg/trajectory2_d.h
[0.810s] -- Up-to-date: /home/nagisa/fishbot_ws/install/dwb_msgs/include/dwb_msgs/dwb_msgs/msg/critic_score.h
[0.810s] -- Up-to-date: /home/nagisa/fishbot_ws/install/dwb_msgs/include/dwb_msgs/dwb_msgs/msg/local_plan_evaluation.h
[0.810s] -- Up-to-date: /home/nagisa/fishbot_ws/install/dwb_msgs/share/dwb_msgs/environment/library_path.sh
[0.810s] -- Up-to-date: /home/nagisa/fishbot_ws/install/dwb_msgs/share/dwb_msgs/environment/library_path.dsv
[0.810s] -- Up-to-date: /home/nagisa/fishbot_ws/install/dwb_msgs/lib/libdwb_msgs__rosidl_generator_c.so
[0.811s] -- Up-to-date: /home/nagisa/fishbot_ws/install/dwb_msgs/include/dwb_msgs/dwb_msgs
[0.811s] -- Up-to-date: /home/nagisa/fishbot_ws/install/dwb_msgs/include/dwb_msgs/dwb_msgs/srv
[0.811s] -- Up-to-date: /home/nagisa/fishbot_ws/install/dwb_msgs/include/dwb_msgs/dwb_msgs/srv/detail
[0.811s] -- Up-to-date: /home/nagisa/fishbot_ws/install/dwb_msgs/include/dwb_msgs/dwb_msgs/srv/detail/generate_trajectory__rosidl_typesupport_fastrtps_c.h
[0.811s] -- Up-to-date: /home/nagisa/fishbot_ws/install/dwb_msgs/include/dwb_msgs/dwb_msgs/srv/detail/score_trajectory__rosidl_typesupport_fastrtps_c.h
[0.812s] -- Up-to-date: /home/nagisa/fishbot_ws/install/dwb_msgs/include/dwb_msgs/dwb_msgs/srv/detail/debug_local_plan__rosidl_typesupport_fastrtps_c.h
[0.812s] -- Up-to-date: /home/nagisa/fishbot_ws/install/dwb_msgs/include/dwb_msgs/dwb_msgs/srv/detail/generate_twists__rosidl_typesupport_fastrtps_c.h
[0.812s] -- Up-to-date: /home/nagisa/fishbot_ws/install/dwb_msgs/include/dwb_msgs/dwb_msgs/srv/detail/get_critic_score__rosidl_typesupport_fastrtps_c.h
[0.812s] -- Up-to-date: /home/nagisa/fishbot_ws/install/dwb_msgs/include/dwb_msgs/dwb_msgs/msg
[0.812s] -- Up-to-date: /home/nagisa/fishbot_ws/install/dwb_msgs/include/dwb_msgs/dwb_msgs/msg/rosidl_typesupport_fastrtps_c__visibility_control.h
[0.812s] -- Up-to-date: /home/nagisa/fishbot_ws/install/dwb_msgs/include/dwb_msgs/dwb_msgs/msg/detail
[0.813s] -- Up-to-date: /home/nagisa/fishbot_ws/install/dwb_msgs/include/dwb_msgs/dwb_msgs/msg/detail/critic_score__rosidl_typesupport_fastrtps_c.h
[0.813s] -- Up-to-date: /home/nagisa/fishbot_ws/install/dwb_msgs/include/dwb_msgs/dwb_msgs/msg/detail/trajectory_score__rosidl_typesupport_fastrtps_c.h
[0.813s] -- Up-to-date: /home/nagisa/fishbot_ws/install/dwb_msgs/include/dwb_msgs/dwb_msgs/msg/detail/trajectory2_d__rosidl_typesupport_fastrtps_c.h
[0.813s] -- Up-to-date: /home/nagisa/fishbot_ws/install/dwb_msgs/include/dwb_msgs/dwb_msgs/msg/detail/local_plan_evaluation__rosidl_typesupport_fastrtps_c.h
[0.813s] -- Up-to-date: /home/nagisa/fishbot_ws/install/dwb_msgs/lib/libdwb_msgs__rosidl_typesupport_fastrtps_c.so
[0.813s] -- Up-to-date: /home/nagisa/fishbot_ws/install/dwb_msgs/include/dwb_msgs/dwb_msgs
[0.813s] -- Up-to-date: /home/nagisa/fishbot_ws/install/dwb_msgs/include/dwb_msgs/dwb_msgs/srv
[0.814s] -- Up-to-date: /home/nagisa/fishbot_ws/install/dwb_msgs/include/dwb_msgs/dwb_msgs/srv/debug_local_plan.hpp
[0.814s] -- Up-to-date: /home/nagisa/fishbot_ws/install/dwb_msgs/include/dwb_msgs/dwb_msgs/srv/generate_twists.hpp
[0.814s] -- Up-to-date: /home/nagisa/fishbot_ws/install/dwb_msgs/include/dwb_msgs/dwb_msgs/srv/detail
[0.814s] -- Up-to-date: /home/nagisa/fishbot_ws/install/dwb_msgs/include/dwb_msgs/dwb_msgs/srv/detail/debug_local_plan__builder.hpp
[0.814s] -- Up-to-date: /home/nagisa/fishbot_ws/install/dwb_msgs/include/dwb_msgs/dwb_msgs/srv/detail/get_critic_score__builder.hpp
[0.815s] -- Up-to-date: /home/nagisa/fishbot_ws/install/dwb_msgs/include/dwb_msgs/dwb_msgs/srv/detail/debug_local_plan__struct.hpp
[0.815s] -- Up-to-date: /home/nagisa/fishbot_ws/install/dwb_msgs/include/dwb_msgs/dwb_msgs/srv/detail/generate_twists__struct.hpp
[0.815s] -- Up-to-date: /home/nagisa/fishbot_ws/install/dwb_msgs/include/dwb_msgs/dwb_msgs/srv/detail/get_critic_score__traits.hpp
[0.815s] -- Up-to-date: /home/nagisa/fishbot_ws/install/dwb_msgs/include/dwb_msgs/dwb_msgs/srv/detail/generate_trajectory__traits.hpp
[0.815s] -- Up-to-date: /home/nagisa/fishbot_ws/install/dwb_msgs/include/dwb_msgs/dwb_msgs/srv/detail/score_trajectory__builder.hpp
[0.816s] -- Up-to-date: /home/nagisa/fishbot_ws/install/dwb_msgs/include/dwb_msgs/dwb_msgs/srv/detail/get_critic_score__struct.hpp
[0.816s] -- Up-to-date: /home/nagisa/fishbot_ws/install/dwb_msgs/include/dwb_msgs/dwb_msgs/srv/detail/generate_trajectory__builder.hpp
[0.816s] -- Up-to-date: /home/nagisa/fishbot_ws/install/dwb_msgs/include/dwb_msgs/dwb_msgs/srv/detail/score_trajectory__struct.hpp
[0.816s] -- Up-to-date: /home/nagisa/fishbot_ws/install/dwb_msgs/include/dwb_msgs/dwb_msgs/srv/detail/debug_local_plan__traits.hpp
[0.817s] -- Up-to-date: /home/nagisa/fishbot_ws/install/dwb_msgs/include/dwb_msgs/dwb_msgs/srv/detail/generate_twists__builder.hpp
[0.817s] -- Up-to-date: /home/nagisa/fishbot_ws/install/dwb_msgs/include/dwb_msgs/dwb_msgs/srv/detail/generate_trajectory__struct.hpp
[0.817s] -- Up-to-date: /home/nagisa/fishbot_ws/install/dwb_msgs/include/dwb_msgs/dwb_msgs/srv/detail/generate_twists__traits.hpp
[0.817s] -- Up-to-date: /home/nagisa/fishbot_ws/install/dwb_msgs/include/dwb_msgs/dwb_msgs/srv/detail/score_trajectory__traits.hpp
[0.817s] -- Up-to-date: /home/nagisa/fishbot_ws/install/dwb_msgs/include/dwb_msgs/dwb_msgs/srv/get_critic_score.hpp
[0.817s] -- Up-to-date: /home/nagisa/fishbot_ws/install/dwb_msgs/include/dwb_msgs/dwb_msgs/srv/generate_trajectory.hpp
[0.817s] -- Up-to-date: /home/nagisa/fishbot_ws/install/dwb_msgs/include/dwb_msgs/dwb_msgs/srv/score_trajectory.hpp
[0.817s] -- Up-to-date: /home/nagisa/fishbot_ws/install/dwb_msgs/include/dwb_msgs/dwb_msgs/msg
[0.817s] -- Up-to-date: /home/nagisa/fishbot_ws/install/dwb_msgs/include/dwb_msgs/dwb_msgs/msg/local_plan_evaluation.hpp
[0.817s] -- Up-to-date: /home/nagisa/fishbot_ws/install/dwb_msgs/include/dwb_msgs/dwb_msgs/msg/critic_score.hpp
[0.818s] -- Up-to-date: /home/nagisa/fishbot_ws/install/dwb_msgs/include/dwb_msgs/dwb_msgs/msg/detail
[0.818s] -- Up-to-date: /home/nagisa/fishbot_ws/install/dwb_msgs/include/dwb_msgs/dwb_msgs/msg/detail/trajectory_score__builder.hpp
[0.818s] -- Up-to-date: /home/nagisa/fishbot_ws/install/dwb_msgs/include/dwb_msgs/dwb_msgs/msg/detail/critic_score__struct.hpp
[0.818s] -- Up-to-date: /home/nagisa/fishbot_ws/install/dwb_msgs/include/dwb_msgs/dwb_msgs/msg/detail/local_plan_evaluation__builder.hpp
[0.818s] -- Up-to-date: /home/nagisa/fishbot_ws/install/dwb_msgs/include/dwb_msgs/dwb_msgs/msg/detail/critic_score__builder.hpp
[0.819s] -- Up-to-date: /home/nagisa/fishbot_ws/install/dwb_msgs/include/dwb_msgs/dwb_msgs/msg/detail/local_plan_evaluation__traits.hpp
[0.819s] -- Up-to-date: /home/nagisa/fishbot_ws/install/dwb_msgs/include/dwb_msgs/dwb_msgs/msg/detail/local_plan_evaluation__struct.hpp
[0.819s] -- Up-to-date: /home/nagisa/fishbot_ws/install/dwb_msgs/include/dwb_msgs/dwb_msgs/msg/detail/critic_score__traits.hpp
[0.819s] -- Up-to-date: /home/nagisa/fishbot_ws/install/dwb_msgs/include/dwb_msgs/dwb_msgs/msg/detail/trajectory_score__traits.hpp
[0.819s] -- Up-to-date: /home/nagisa/fishbot_ws/install/dwb_msgs/include/dwb_msgs/dwb_msgs/msg/detail/trajectory_score__struct.hpp
[0.819s] -- Up-to-date: /home/nagisa/fishbot_ws/install/dwb_msgs/include/dwb_msgs/dwb_msgs/msg/detail/trajectory2_d__traits.hpp
[0.819s] -- Up-to-date: /home/nagisa/fishbot_ws/install/dwb_msgs/include/dwb_msgs/dwb_msgs/msg/detail/trajectory2_d__struct.hpp
[0.820s] -- Up-to-date: /home/nagisa/fishbot_ws/install/dwb_msgs/include/dwb_msgs/dwb_msgs/msg/detail/trajectory2_d__builder.hpp
[0.820s] -- Up-to-date: /home/nagisa/fishbot_ws/install/dwb_msgs/include/dwb_msgs/dwb_msgs/msg/trajectory_score.hpp
[0.820s] -- Up-to-date: /home/nagisa/fishbot_ws/install/dwb_msgs/include/dwb_msgs/dwb_msgs/msg/trajectory2_d.hpp
[0.820s] -- Up-to-date: /home/nagisa/fishbot_ws/install/dwb_msgs/include/dwb_msgs/dwb_msgs
[0.820s] -- Up-to-date: /home/nagisa/fishbot_ws/install/dwb_msgs/include/dwb_msgs/dwb_msgs/srv
[0.820s] -- Up-to-date: /home/nagisa/fishbot_ws/install/dwb_msgs/include/dwb_msgs/dwb_msgs/srv/detail
[0.820s] -- Up-to-date: /home/nagisa/fishbot_ws/install/dwb_msgs/include/dwb_msgs/dwb_msgs/srv/detail/debug_local_plan__rosidl_typesupport_fastrtps_cpp.hpp
[0.820s] -- Up-to-date: /home/nagisa/fishbot_ws/install/dwb_msgs/include/dwb_msgs/dwb_msgs/srv/detail/generate_twists__rosidl_typesupport_fastrtps_cpp.hpp
[0.820s] -- Up-to-date: /home/nagisa/fishbot_ws/install/dwb_msgs/include/dwb_msgs/dwb_msgs/srv/detail/get_critic_score__rosidl_typesupport_fastrtps_cpp.hpp
[0.820s] -- Up-to-date: /home/nagisa/fishbot_ws/install/dwb_msgs/include/dwb_msgs/dwb_msgs/srv/detail/score_trajectory__rosidl_typesupport_fastrtps_cpp.hpp
[0.820s] -- Up-to-date: /home/nagisa/fishbot_ws/install/dwb_msgs/include/dwb_msgs/dwb_msgs/srv/detail/dds_fastrtps
[0.820s] -- Up-to-date: /home/nagisa/fishbot_ws/install/dwb_msgs/include/dwb_msgs/dwb_msgs/srv/detail/generate_trajectory__rosidl_typesupport_fastrtps_cpp.hpp
[0.820s] -- Up-to-date: /home/nagisa/fishbot_ws/install/dwb_msgs/include/dwb_msgs/dwb_msgs/msg
[0.820s] -- Up-to-date: /home/nagisa/fishbot_ws/install/dwb_msgs/include/dwb_msgs/dwb_msgs/msg/rosidl_typesupport_fastrtps_cpp__visibility_control.h
[0.820s] -- Up-to-date: /home/nagisa/fishbot_ws/install/dwb_msgs/include/dwb_msgs/dwb_msgs/msg/detail
[0.820s] -- Up-to-date: /home/nagisa/fishbot_ws/install/dwb_msgs/include/dwb_msgs/dwb_msgs/msg/detail/critic_score__rosidl_typesupport_fastrtps_cpp.hpp
[0.820s] -- Up-to-date: /home/nagisa/fishbot_ws/install/dwb_msgs/include/dwb_msgs/dwb_msgs/msg/detail/trajectory_score__rosidl_typesupport_fastrtps_cpp.hpp
[0.821s] -- Up-to-date: /home/nagisa/fishbot_ws/install/dwb_msgs/include/dwb_msgs/dwb_msgs/msg/detail/trajectory2_d__rosidl_typesupport_fastrtps_cpp.hpp
[0.821s] -- Up-to-date: /home/nagisa/fishbot_ws/install/dwb_msgs/include/dwb_msgs/dwb_msgs/msg/detail/local_plan_evaluation__rosidl_typesupport_fastrtps_cpp.hpp
[0.821s] -- Up-to-date: /home/nagisa/fishbot_ws/install/dwb_msgs/include/dwb_msgs/dwb_msgs/msg/detail/dds_fastrtps
[0.821s] -- Up-to-date: /home/nagisa/fishbot_ws/install/dwb_msgs/lib/libdwb_msgs__rosidl_typesupport_fastrtps_cpp.so
[0.821s] -- Up-to-date: /home/nagisa/fishbot_ws/install/dwb_msgs/include/dwb_msgs/dwb_msgs
[0.821s] -- Up-to-date: /home/nagisa/fishbot_ws/install/dwb_msgs/include/dwb_msgs/dwb_msgs/srv
[0.821s] -- Up-to-date: /home/nagisa/fishbot_ws/install/dwb_msgs/include/dwb_msgs/dwb_msgs/srv/detail
[0.822s] -- Up-to-date: /home/nagisa/fishbot_ws/install/dwb_msgs/include/dwb_msgs/dwb_msgs/srv/detail/score_trajectory__rosidl_typesupport_introspection_c.h
[0.822s] -- Up-to-date: /home/nagisa/fishbot_ws/install/dwb_msgs/include/dwb_msgs/dwb_msgs/srv/detail/generate_trajectory__rosidl_typesupport_introspection_c.h
[0.822s] -- Up-to-date: /home/nagisa/fishbot_ws/install/dwb_msgs/include/dwb_msgs/dwb_msgs/srv/detail/debug_local_plan__rosidl_typesupport_introspection_c.h
[0.822s] -- Up-to-date: /home/nagisa/fishbot_ws/install/dwb_msgs/include/dwb_msgs/dwb_msgs/srv/detail/generate_twists__type_support.c
[0.823s] -- Up-to-date: /home/nagisa/fishbot_ws/install/dwb_msgs/include/dwb_msgs/dwb_msgs/srv/detail/generate_twists__rosidl_typesupport_introspection_c.h
[0.823s] -- Up-to-date: /home/nagisa/fishbot_ws/install/dwb_msgs/include/dwb_msgs/dwb_msgs/srv/detail/generate_trajectory__type_support.c
[0.823s] -- Up-to-date: /home/nagisa/fishbot_ws/install/dwb_msgs/include/dwb_msgs/dwb_msgs/srv/detail/score_trajectory__type_support.c
[0.823s] -- Up-to-date: /home/nagisa/fishbot_ws/install/dwb_msgs/include/dwb_msgs/dwb_msgs/srv/detail/get_critic_score__type_support.c
[0.823s] -- Up-to-date: /home/nagisa/fishbot_ws/install/dwb_msgs/include/dwb_msgs/dwb_msgs/srv/detail/get_critic_score__rosidl_typesupport_introspection_c.h
[0.824s] -- Up-to-date: /home/nagisa/fishbot_ws/install/dwb_msgs/include/dwb_msgs/dwb_msgs/srv/detail/debug_local_plan__type_support.c
[0.824s] -- Up-to-date: /home/nagisa/fishbot_ws/install/dwb_msgs/include/dwb_msgs/dwb_msgs/msg
[0.824s] -- Up-to-date: /home/nagisa/fishbot_ws/install/dwb_msgs/include/dwb_msgs/dwb_msgs/msg/rosidl_typesupport_introspection_c__visibility_control.h
[0.824s] -- Up-to-date: /home/nagisa/fishbot_ws/install/dwb_msgs/include/dwb_msgs/dwb_msgs/msg/detail
[0.824s] -- Up-to-date: /home/nagisa/fishbot_ws/install/dwb_msgs/include/dwb_msgs/dwb_msgs/msg/detail/critic_score__rosidl_typesupport_introspection_c.h
[0.824s] -- Up-to-date: /home/nagisa/fishbot_ws/install/dwb_msgs/include/dwb_msgs/dwb_msgs/msg/detail/local_plan_evaluation__type_support.c
[0.824s] -- Up-to-date: /home/nagisa/fishbot_ws/install/dwb_msgs/include/dwb_msgs/dwb_msgs/msg/detail/trajectory_score__rosidl_typesupport_introspection_c.h
[0.824s] -- Up-to-date: /home/nagisa/fishbot_ws/install/dwb_msgs/include/dwb_msgs/dwb_msgs/msg/detail/critic_score__type_support.c
[0.824s] -- Up-to-date: /home/nagisa/fishbot_ws/install/dwb_msgs/include/dwb_msgs/dwb_msgs/msg/detail/local_plan_evaluation__rosidl_typesupport_introspection_c.h
[0.824s] -- Up-to-date: /home/nagisa/fishbot_ws/install/dwb_msgs/include/dwb_msgs/dwb_msgs/msg/detail/trajectory2_d__rosidl_typesupport_introspection_c.h
[0.824s] -- Up-to-date: /home/nagisa/fishbot_ws/install/dwb_msgs/include/dwb_msgs/dwb_msgs/msg/detail/trajectory2_d__type_support.c
[0.824s] -- Up-to-date: /home/nagisa/fishbot_ws/install/dwb_msgs/include/dwb_msgs/dwb_msgs/msg/detail/trajectory_score__type_support.c
[0.824s] -- Up-to-date: /home/nagisa/fishbot_ws/install/dwb_msgs/lib/libdwb_msgs__rosidl_typesupport_introspection_c.so
[0.824s] -- Up-to-date: /home/nagisa/fishbot_ws/install/dwb_msgs/lib/libdwb_msgs__rosidl_typesupport_c.so
[0.824s] -- Up-to-date: /home/nagisa/fishbot_ws/install/dwb_msgs/include/dwb_msgs/dwb_msgs
[0.824s] -- Up-to-date: /home/nagisa/fishbot_ws/install/dwb_msgs/include/dwb_msgs/dwb_msgs/srv
[0.824s] -- Up-to-date: /home/nagisa/fishbot_ws/install/dwb_msgs/include/dwb_msgs/dwb_msgs/srv/detail
[0.824s] -- Up-to-date: /home/nagisa/fishbot_ws/install/dwb_msgs/include/dwb_msgs/dwb_msgs/srv/detail/get_critic_score__type_support.cpp
[0.825s] -- Up-to-date: /home/nagisa/fishbot_ws/install/dwb_msgs/include/dwb_msgs/dwb_msgs/srv/detail/generate_twists__type_support.cpp
[0.825s] -- Up-to-date: /home/nagisa/fishbot_ws/install/dwb_msgs/include/dwb_msgs/dwb_msgs/srv/detail/generate_trajectory__type_support.cpp
[0.825s] -- Up-to-date: /home/nagisa/fishbot_ws/install/dwb_msgs/include/dwb_msgs/dwb_msgs/srv/detail/score_trajectory__type_support.cpp
[0.825s] -- Up-to-date: /home/nagisa/fishbot_ws/install/dwb_msgs/include/dwb_msgs/dwb_msgs/srv/detail/generate_trajectory__rosidl_typesupport_introspection_cpp.hpp
[0.825s] -- Up-to-date: /home/nagisa/fishbot_ws/install/dwb_msgs/include/dwb_msgs/dwb_msgs/srv/detail/generate_twists__rosidl_typesupport_introspection_cpp.hpp
[0.825s] -- Up-to-date: /home/nagisa/fishbot_ws/install/dwb_msgs/include/dwb_msgs/dwb_msgs/srv/detail/debug_local_plan__rosidl_typesupport_introspection_cpp.hpp
[0.825s] -- Up-to-date: /home/nagisa/fishbot_ws/install/dwb_msgs/include/dwb_msgs/dwb_msgs/srv/detail/get_critic_score__rosidl_typesupport_introspection_cpp.hpp
[0.825s] -- Up-to-date: /home/nagisa/fishbot_ws/install/dwb_msgs/include/dwb_msgs/dwb_msgs/srv/detail/debug_local_plan__type_support.cpp
[0.825s] -- Up-to-date: /home/nagisa/fishbot_ws/install/dwb_msgs/include/dwb_msgs/dwb_msgs/srv/detail/score_trajectory__rosidl_typesupport_introspection_cpp.hpp
[0.825s] -- Up-to-date: /home/nagisa/fishbot_ws/install/dwb_msgs/include/dwb_msgs/dwb_msgs/msg
[0.826s] -- Up-to-date: /home/nagisa/fishbot_ws/install/dwb_msgs/include/dwb_msgs/dwb_msgs/msg/detail
[0.826s] -- Up-to-date: /home/nagisa/fishbot_ws/install/dwb_msgs/include/dwb_msgs/dwb_msgs/msg/detail/trajectory_score__type_support.cpp
[0.826s] -- Up-to-date: /home/nagisa/fishbot_ws/install/dwb_msgs/include/dwb_msgs/dwb_msgs/msg/detail/critic_score__type_support.cpp
[0.826s] -- Up-to-date: /home/nagisa/fishbot_ws/install/dwb_msgs/include/dwb_msgs/dwb_msgs/msg/detail/local_plan_evaluation__rosidl_typesupport_introspection_cpp.hpp
[0.826s] -- Up-to-date: /home/nagisa/fishbot_ws/install/dwb_msgs/include/dwb_msgs/dwb_msgs/msg/detail/trajectory2_d__type_support.cpp
[0.826s] -- Up-to-date: /home/nagisa/fishbot_ws/install/dwb_msgs/include/dwb_msgs/dwb_msgs/msg/detail/trajectory2_d__rosidl_typesupport_introspection_cpp.hpp
[0.826s] -- Up-to-date: /home/nagisa/fishbot_ws/install/dwb_msgs/include/dwb_msgs/dwb_msgs/msg/detail/trajectory_score__rosidl_typesupport_introspection_cpp.hpp
[0.826s] -- Up-to-date: /home/nagisa/fishbot_ws/install/dwb_msgs/include/dwb_msgs/dwb_msgs/msg/detail/critic_score__rosidl_typesupport_introspection_cpp.hpp
[0.826s] -- Up-to-date: /home/nagisa/fishbot_ws/install/dwb_msgs/include/dwb_msgs/dwb_msgs/msg/detail/local_plan_evaluation__type_support.cpp
[0.826s] -- Up-to-date: /home/nagisa/fishbot_ws/install/dwb_msgs/lib/libdwb_msgs__rosidl_typesupport_introspection_cpp.so
[0.826s] -- Up-to-date: /home/nagisa/fishbot_ws/install/dwb_msgs/lib/libdwb_msgs__rosidl_typesupport_cpp.so
[0.826s] -- Up-to-date: /home/nagisa/fishbot_ws/install/dwb_msgs/share/dwb_msgs/environment/pythonpath.sh
[0.826s] -- Up-to-date: /home/nagisa/fishbot_ws/install/dwb_msgs/share/dwb_msgs/environment/pythonpath.dsv
[0.827s] -- Up-to-date: /home/nagisa/fishbot_ws/install/dwb_msgs/local/lib/python3.10/dist-packages/dwb_msgs-1.1.16-py3.10.egg-info
[0.828s] -- Installing: /home/nagisa/fishbot_ws/install/dwb_msgs/local/lib/python3.10/dist-packages/dwb_msgs-1.1.16-py3.10.egg-info/dependency_links.txt
[0.828s] -- Installing: /home/nagisa/fishbot_ws/install/dwb_msgs/local/lib/python3.10/dist-packages/dwb_msgs-1.1.16-py3.10.egg-info/SOURCES.txt
[0.829s] -- Installing: /home/nagisa/fishbot_ws/install/dwb_msgs/local/lib/python3.10/dist-packages/dwb_msgs-1.1.16-py3.10.egg-info/top_level.txt
[0.829s] -- Installing: /home/nagisa/fishbot_ws/install/dwb_msgs/local/lib/python3.10/dist-packages/dwb_msgs-1.1.16-py3.10.egg-info/PKG-INFO
[0.829s] -- Up-to-date: /home/nagisa/fishbot_ws/install/dwb_msgs/local/lib/python3.10/dist-packages/dwb_msgs
[0.829s] -- Up-to-date: /home/nagisa/fishbot_ws/install/dwb_msgs/local/lib/python3.10/dist-packages/dwb_msgs/srv
[0.829s] -- Up-to-date: /home/nagisa/fishbot_ws/install/dwb_msgs/local/lib/python3.10/dist-packages/dwb_msgs/srv/_generate_trajectory_s.c
[0.829s] -- Up-to-date: /home/nagisa/fishbot_ws/install/dwb_msgs/local/lib/python3.10/dist-packages/dwb_msgs/srv/__init__.py
[0.830s] -- Up-to-date: /home/nagisa/fishbot_ws/install/dwb_msgs/local/lib/python3.10/dist-packages/dwb_msgs/srv/_score_trajectory_s.c
[0.830s] -- Up-to-date: /home/nagisa/fishbot_ws/install/dwb_msgs/local/lib/python3.10/dist-packages/dwb_msgs/srv/_generate_twists_s.c
[0.830s] -- Up-to-date: /home/nagisa/fishbot_ws/install/dwb_msgs/local/lib/python3.10/dist-packages/dwb_msgs/srv/_get_critic_score_s.c
[0.830s] -- Up-to-date: /home/nagisa/fishbot_ws/install/dwb_msgs/local/lib/python3.10/dist-packages/dwb_msgs/srv/_get_critic_score.py
[0.831s] -- Up-to-date: /home/nagisa/fishbot_ws/install/dwb_msgs/local/lib/python3.10/dist-packages/dwb_msgs/srv/_generate_trajectory.py
[0.831s] -- Up-to-date: /home/nagisa/fishbot_ws/install/dwb_msgs/local/lib/python3.10/dist-packages/dwb_msgs/srv/_debug_local_plan.py
[0.831s] -- Up-to-date: /home/nagisa/fishbot_ws/install/dwb_msgs/local/lib/python3.10/dist-packages/dwb_msgs/srv/_debug_local_plan_s.c
[0.831s] -- Up-to-date: /home/nagisa/fishbot_ws/install/dwb_msgs/local/lib/python3.10/dist-packages/dwb_msgs/srv/_score_trajectory.py
[0.831s] -- Up-to-date: /home/nagisa/fishbot_ws/install/dwb_msgs/local/lib/python3.10/dist-packages/dwb_msgs/srv/_generate_twists.py
[0.831s] -- Up-to-date: /home/nagisa/fishbot_ws/install/dwb_msgs/local/lib/python3.10/dist-packages/dwb_msgs/_dwb_msgs_s.ep.rosidl_typesupport_introspection_c.c
[0.831s] -- Up-to-date: /home/nagisa/fishbot_ws/install/dwb_msgs/local/lib/python3.10/dist-packages/dwb_msgs/_dwb_msgs_s.ep.rosidl_typesupport_c.c
[0.831s] -- Up-to-date: /home/nagisa/fishbot_ws/install/dwb_msgs/local/lib/python3.10/dist-packages/dwb_msgs/msg
[0.831s] -- Up-to-date: /home/nagisa/fishbot_ws/install/dwb_msgs/local/lib/python3.10/dist-packages/dwb_msgs/msg/_critic_score.py
[0.831s] -- Up-to-date: /home/nagisa/fishbot_ws/install/dwb_msgs/local/lib/python3.10/dist-packages/dwb_msgs/msg/__init__.py
[0.831s] -- Up-to-date: /home/nagisa/fishbot_ws/install/dwb_msgs/local/lib/python3.10/dist-packages/dwb_msgs/msg/_trajectory_score.py
[0.831s] -- Up-to-date: /home/nagisa/fishbot_ws/install/dwb_msgs/local/lib/python3.10/dist-packages/dwb_msgs/msg/_trajectory2_d.py
[0.831s] -- Up-to-date: /home/nagisa/fishbot_ws/install/dwb_msgs/local/lib/python3.10/dist-packages/dwb_msgs/msg/_local_plan_evaluation.py
[0.831s] -- Up-to-date: /home/nagisa/fishbot_ws/install/dwb_msgs/local/lib/python3.10/dist-packages/dwb_msgs/msg/_trajectory2_d_s.c
[0.832s] -- Up-to-date: /home/nagisa/fishbot_ws/install/dwb_msgs/local/lib/python3.10/dist-packages/dwb_msgs/msg/_trajectory_score_s.c
[0.832s] -- Up-to-date: /home/nagisa/fishbot_ws/install/dwb_msgs/local/lib/python3.10/dist-packages/dwb_msgs/msg/_local_plan_evaluation_s.c
[0.832s] -- Up-to-date: /home/nagisa/fishbot_ws/install/dwb_msgs/local/lib/python3.10/dist-packages/dwb_msgs/msg/_critic_score_s.c
[0.832s] -- Up-to-date: /home/nagisa/fishbot_ws/install/dwb_msgs/local/lib/python3.10/dist-packages/dwb_msgs/__init__.py
[0.832s] -- Up-to-date: /home/nagisa/fishbot_ws/install/dwb_msgs/local/lib/python3.10/dist-packages/dwb_msgs/dwb_msgs_s__rosidl_typesupport_fastrtps_c.cpython-310-x86_64-linux-gnu.so
[0.832s] -- Up-to-date: /home/nagisa/fishbot_ws/install/dwb_msgs/local/lib/python3.10/dist-packages/dwb_msgs/libdwb_msgs__rosidl_generator_py.so
[0.832s] -- Up-to-date: /home/nagisa/fishbot_ws/install/dwb_msgs/local/lib/python3.10/dist-packages/dwb_msgs/dwb_msgs_s__rosidl_typesupport_c.cpython-310-x86_64-linux-gnu.so
[0.833s] -- Up-to-date: /home/nagisa/fishbot_ws/install/dwb_msgs/local/lib/python3.10/dist-packages/dwb_msgs/dwb_msgs_s__rosidl_typesupport_introspection_c.cpython-310-x86_64-linux-gnu.so
[0.833s] -- Up-to-date: /home/nagisa/fishbot_ws/install/dwb_msgs/local/lib/python3.10/dist-packages/dwb_msgs/_dwb_msgs_s.ep.rosidl_typesupport_fastrtps_c.c
[0.868s] Listing '/home/nagisa/fishbot_ws/install/dwb_msgs/local/lib/python3.10/dist-packages/dwb_msgs'...
[0.868s] Listing '/home/nagisa/fishbot_ws/install/dwb_msgs/local/lib/python3.10/dist-packages/dwb_msgs/msg'...
[0.868s] Listing '/home/nagisa/fishbot_ws/install/dwb_msgs/local/lib/python3.10/dist-packages/dwb_msgs/srv'...
[0.873s] -- Up-to-date: /home/nagisa/fishbot_ws/install/dwb_msgs/local/lib/python3.10/dist-packages/dwb_msgs/dwb_msgs_s__rosidl_typesupport_fastrtps_c.cpython-310-x86_64-linux-gnu.so
[0.875s] -- Up-to-date: /home/nagisa/fishbot_ws/install/dwb_msgs/local/lib/python3.10/dist-packages/dwb_msgs/dwb_msgs_s__rosidl_typesupport_introspection_c.cpython-310-x86_64-linux-gnu.so
[0.877s] -- Up-to-date: /home/nagisa/fishbot_ws/install/dwb_msgs/local/lib/python3.10/dist-packages/dwb_msgs/dwb_msgs_s__rosidl_typesupport_c.cpython-310-x86_64-linux-gnu.so
[0.879s] -- Up-to-date: /home/nagisa/fishbot_ws/install/dwb_msgs/lib/libdwb_msgs__rosidl_generator_py.so
[0.880s] -- Up-to-date: /home/nagisa/fishbot_ws/install/dwb_msgs/share/dwb_msgs/msg/CriticScore.idl
[0.880s] -- Up-to-date: /home/nagisa/fishbot_ws/install/dwb_msgs/share/dwb_msgs/msg/LocalPlanEvaluation.idl
[0.880s] -- Up-to-date: /home/nagisa/fishbot_ws/install/dwb_msgs/share/dwb_msgs/msg/Trajectory2D.idl
[0.880s] -- Up-to-date: /home/nagisa/fishbot_ws/install/dwb_msgs/share/dwb_msgs/msg/TrajectoryScore.idl
[0.880s] -- Up-to-date: /home/nagisa/fishbot_ws/install/dwb_msgs/share/dwb_msgs/srv/DebugLocalPlan.idl
[0.881s] -- Up-to-date: /home/nagisa/fishbot_ws/install/dwb_msgs/share/dwb_msgs/srv/GenerateTrajectory.idl
[0.881s] -- Up-to-date: /home/nagisa/fishbot_ws/install/dwb_msgs/share/dwb_msgs/srv/GenerateTwists.idl
[0.881s] -- Up-to-date: /home/nagisa/fishbot_ws/install/dwb_msgs/share/dwb_msgs/srv/GetCriticScore.idl
[0.881s] -- Up-to-date: /home/nagisa/fishbot_ws/install/dwb_msgs/share/dwb_msgs/srv/ScoreTrajectory.idl
[0.882s] -- Up-to-date: /home/nagisa/fishbot_ws/install/dwb_msgs/share/dwb_msgs/msg/CriticScore.msg
[0.882s] -- Up-to-date: /home/nagisa/fishbot_ws/install/dwb_msgs/share/dwb_msgs/msg/LocalPlanEvaluation.msg
[0.882s] -- Up-to-date: /home/nagisa/fishbot_ws/install/dwb_msgs/share/dwb_msgs/msg/Trajectory2D.msg
[0.882s] -- Up-to-date: /home/nagisa/fishbot_ws/install/dwb_msgs/share/dwb_msgs/msg/TrajectoryScore.msg
[0.882s] -- Up-to-date: /home/nagisa/fishbot_ws/install/dwb_msgs/share/dwb_msgs/srv/DebugLocalPlan.srv
[0.882s] -- Up-to-date: /home/nagisa/fishbot_ws/install/dwb_msgs/share/dwb_msgs/srv/DebugLocalPlan_Request.msg
[0.882s] -- Up-to-date: /home/nagisa/fishbot_ws/install/dwb_msgs/share/dwb_msgs/srv/DebugLocalPlan_Response.msg
[0.882s] -- Up-to-date: /home/nagisa/fishbot_ws/install/dwb_msgs/share/dwb_msgs/srv/GenerateTrajectory.srv
[0.882s] -- Up-to-date: /home/nagisa/fishbot_ws/install/dwb_msgs/share/dwb_msgs/srv/GenerateTrajectory_Request.msg
[0.882s] -- Up-to-date: /home/nagisa/fishbot_ws/install/dwb_msgs/share/dwb_msgs/srv/GenerateTrajectory_Response.msg
[0.882s] -- Up-to-date: /home/nagisa/fishbot_ws/install/dwb_msgs/share/dwb_msgs/srv/GenerateTwists.srv
[0.882s] -- Up-to-date: /home/nagisa/fishbot_ws/install/dwb_msgs/share/dwb_msgs/srv/GenerateTwists_Request.msg
[0.883s] -- Up-to-date: /home/nagisa/fishbot_ws/install/dwb_msgs/share/dwb_msgs/srv/GenerateTwists_Response.msg
[0.883s] -- Up-to-date: /home/nagisa/fishbot_ws/install/dwb_msgs/share/dwb_msgs/srv/GetCriticScore.srv
[0.883s] -- Up-to-date: /home/nagisa/fishbot_ws/install/dwb_msgs/share/dwb_msgs/srv/GetCriticScore_Request.msg
[0.883s] -- Up-to-date: /home/nagisa/fishbot_ws/install/dwb_msgs/share/dwb_msgs/srv/GetCriticScore_Response.msg
[0.883s] -- Up-to-date: /home/nagisa/fishbot_ws/install/dwb_msgs/share/dwb_msgs/srv/ScoreTrajectory.srv
[0.883s] -- Up-to-date: /home/nagisa/fishbot_ws/install/dwb_msgs/share/dwb_msgs/srv/ScoreTrajectory_Request.msg
[0.883s] -- Up-to-date: /home/nagisa/fishbot_ws/install/dwb_msgs/share/dwb_msgs/srv/ScoreTrajectory_Response.msg
[0.883s] -- Up-to-date: /home/nagisa/fishbot_ws/install/dwb_msgs/share/ament_index/resource_index/package_run_dependencies/dwb_msgs
[0.884s] -- Up-to-date: /home/nagisa/fishbot_ws/install/dwb_msgs/share/ament_index/resource_index/parent_prefix_path/dwb_msgs
[0.884s] -- Up-to-date: /home/nagisa/fishbot_ws/install/dwb_msgs/share/dwb_msgs/environment/ament_prefix_path.sh
[0.884s] -- Up-to-date: /home/nagisa/fishbot_ws/install/dwb_msgs/share/dwb_msgs/environment/ament_prefix_path.dsv
[0.884s] -- Up-to-date: /home/nagisa/fishbot_ws/install/dwb_msgs/share/dwb_msgs/environment/path.sh
[0.884s] -- Up-to-date: /home/nagisa/fishbot_ws/install/dwb_msgs/share/dwb_msgs/environment/path.dsv
[0.884s] -- Up-to-date: /home/nagisa/fishbot_ws/install/dwb_msgs/share/dwb_msgs/local_setup.bash
[0.884s] -- Up-to-date: /home/nagisa/fishbot_ws/install/dwb_msgs/share/dwb_msgs/local_setup.sh
[0.884s] -- Up-to-date: /home/nagisa/fishbot_ws/install/dwb_msgs/share/dwb_msgs/local_setup.zsh
[0.884s] -- Up-to-date: /home/nagisa/fishbot_ws/install/dwb_msgs/share/dwb_msgs/local_setup.dsv
[0.884s] -- Installing: /home/nagisa/fishbot_ws/install/dwb_msgs/share/dwb_msgs/package.dsv
[0.885s] -- Up-to-date: /home/nagisa/fishbot_ws/install/dwb_msgs/share/ament_index/resource_index/packages/dwb_msgs
[0.887s] -- Up-to-date: /home/nagisa/fishbot_ws/install/dwb_msgs/share/dwb_msgs/cmake/export_dwb_msgs__rosidl_generator_cExport.cmake
[0.887s] -- Up-to-date: /home/nagisa/fishbot_ws/install/dwb_msgs/share/dwb_msgs/cmake/export_dwb_msgs__rosidl_generator_cExport-noconfig.cmake
[0.888s] -- Up-to-date: /home/nagisa/fishbot_ws/install/dwb_msgs/share/dwb_msgs/cmake/export_dwb_msgs__rosidl_typesupport_fastrtps_cExport.cmake
[0.888s] -- Up-to-date: /home/nagisa/fishbot_ws/install/dwb_msgs/share/dwb_msgs/cmake/export_dwb_msgs__rosidl_typesupport_fastrtps_cExport-noconfig.cmake
[0.890s] -- Up-to-date: /home/nagisa/fishbot_ws/install/dwb_msgs/share/dwb_msgs/cmake/export_dwb_msgs__rosidl_generator_cppExport.cmake
[0.891s] -- Up-to-date: /home/nagisa/fishbot_ws/install/dwb_msgs/share/dwb_msgs/cmake/export_dwb_msgs__rosidl_typesupport_fastrtps_cppExport.cmake
[0.891s] -- Up-to-date: /home/nagisa/fishbot_ws/install/dwb_msgs/share/dwb_msgs/cmake/export_dwb_msgs__rosidl_typesupport_fastrtps_cppExport-noconfig.cmake
[0.892s] -- Up-to-date: /home/nagisa/fishbot_ws/install/dwb_msgs/share/dwb_msgs/cmake/dwb_msgs__rosidl_typesupport_introspection_cExport.cmake
[0.892s] -- Up-to-date: /home/nagisa/fishbot_ws/install/dwb_msgs/share/dwb_msgs/cmake/dwb_msgs__rosidl_typesupport_introspection_cExport-noconfig.cmake
[0.892s] -- Up-to-date: /home/nagisa/fishbot_ws/install/dwb_msgs/share/dwb_msgs/cmake/dwb_msgs__rosidl_typesupport_cExport.cmake
[0.893s] -- Up-to-date: /home/nagisa/fishbot_ws/install/dwb_msgs/share/dwb_msgs/cmake/dwb_msgs__rosidl_typesupport_cExport-noconfig.cmake
[0.893s] -- Up-to-date: /home/nagisa/fishbot_ws/install/dwb_msgs/share/dwb_msgs/cmake/dwb_msgs__rosidl_typesupport_introspection_cppExport.cmake
[0.893s] -- Up-to-date: /home/nagisa/fishbot_ws/install/dwb_msgs/share/dwb_msgs/cmake/dwb_msgs__rosidl_typesupport_introspection_cppExport-noconfig.cmake
[0.894s] -- Up-to-date: /home/nagisa/fishbot_ws/install/dwb_msgs/share/dwb_msgs/cmake/dwb_msgs__rosidl_typesupport_cppExport.cmake
[0.894s] -- Up-to-date: /home/nagisa/fishbot_ws/install/dwb_msgs/share/dwb_msgs/cmake/dwb_msgs__rosidl_typesupport_cppExport-noconfig.cmake
[0.894s] -- Up-to-date: /home/nagisa/fishbot_ws/install/dwb_msgs/share/dwb_msgs/cmake/export_dwb_msgs__rosidl_generator_pyExport.cmake
[0.895s] -- Up-to-date: /home/nagisa/fishbot_ws/install/dwb_msgs/share/dwb_msgs/cmake/export_dwb_msgs__rosidl_generator_pyExport-noconfig.cmake
[0.895s] -- Up-to-date: /home/nagisa/fishbot_ws/install/dwb_msgs/share/dwb_msgs/cmake/rosidl_cmake-extras.cmake
[0.895s] -- Up-to-date: /home/nagisa/fishbot_ws/install/dwb_msgs/share/dwb_msgs/cmake/ament_cmake_export_dependencies-extras.cmake
[0.895s] -- Up-to-date: /home/nagisa/fishbot_ws/install/dwb_msgs/share/dwb_msgs/cmake/ament_cmake_export_include_directories-extras.cmake
[0.895s] -- Up-to-date: /home/nagisa/fishbot_ws/install/dwb_msgs/share/dwb_msgs/cmake/ament_cmake_export_libraries-extras.cmake
[0.895s] -- Up-to-date: /home/nagisa/fishbot_ws/install/dwb_msgs/share/dwb_msgs/cmake/ament_cmake_export_targets-extras.cmake
[0.896s] -- Up-to-date: /home/nagisa/fishbot_ws/install/dwb_msgs/share/dwb_msgs/cmake/rosidl_cmake_export_typesupport_targets-extras.cmake
[0.896s] -- Up-to-date: /home/nagisa/fishbot_ws/install/dwb_msgs/share/dwb_msgs/cmake/rosidl_cmake_export_typesupport_libraries-extras.cmake
[0.896s] -- Up-to-date: /home/nagisa/fishbot_ws/install/dwb_msgs/share/dwb_msgs/cmake/dwb_msgsConfig.cmake
[0.896s] -- Up-to-date: /home/nagisa/fishbot_ws/install/dwb_msgs/share/dwb_msgs/cmake/dwb_msgsConfig-version.cmake
[0.896s] -- Up-to-date: /home/nagisa/fishbot_ws/install/dwb_msgs/share/dwb_msgs/package.xml
[0.899s] Invoked command in '/home/nagisa/fishbot_ws/build/dwb_msgs' returned '0': AMENT_PREFIX_PATH=/home/nagisa/fishbot_ws/install/nav_2d_msgs:${AMENT_PREFIX_PATH} CMAKE_PREFIX_PATH=/home/nagisa/fishbot_ws/install/nav_2d_msgs:/opt/ros/humble LD_LIBRARY_PATH=/home/nagisa/fishbot_ws/install/nav_2d_msgs/lib:${LD_LIBRARY_PATH} PYTHONPATH=/home/nagisa/fishbot_ws/install/nav_2d_msgs/local/lib/python3.10/dist-packages:${PYTHONPATH} /usr/bin/cmake --install /home/nagisa/fishbot_ws/build/dwb_msgs
