[0.019s] Invoking command in '/home/nagisa/fishbot_ws/build/nav2_util': AMENT_PREFIX_PATH=/home/nagisa/fishbot_ws/install/nav2_msgs:/home/nagisa/fishbot_ws/install/nav2_common:${AMENT_PREFIX_PATH} CMAKE_PREFIX_PATH=/home/nagisa/fishbot_ws/install/nav2_msgs:/home/nagisa/fishbot_ws/install/nav2_common:/opt/ros/humble LD_LIBRARY_PATH=/home/nagisa/fishbot_ws/install/nav2_msgs/lib:${LD_LIBRARY_PATH} PYTHONPATH=/home/nagisa/fishbot_ws/install/nav2_msgs/local/lib/python3.10/dist-packages:/home/nagisa/fishbot_ws/install/nav2_common/local/lib/python3.10/dist-packages:${PYTHONPATH} /usr/bin/cmake --build /home/nagisa/fishbot_ws/build/nav2_util -- -j12 -l12
[0.143s] [  5%] Built target gtest_main
[0.144s] [ 10%] Built target gtest
[0.176s] [ 15%] Built target test_execution_timer
[0.177s] [ 40%] Built target nav2_util_core
[0.223s] [ 45%] Built target lifecycle_bringup
[0.225s] [ 50%] Built target test_lifecycle_cli_node
[0.225s] [ 55%] Built target test_geometry_utils
[0.225s] [ 60%] Built target test_string_utils
[0.227s] [ 65%] Built target test_odometry_utils
[0.230s] [ 75%] Built target test_validation_messages
[0.230s] [ 72%] Built target test_node_utils
[0.230s] [ 80%] Built target test_lifecycle_utils
[0.231s] [ 85%] Built target test_lifecycle_node
[0.232s] [ 90%] Built target test_service_client
[0.233s] [ 95%] Built target test_actions
[0.234s] [100%] Built target test_robot_utils
[0.247s] Invoked command in '/home/nagisa/fishbot_ws/build/nav2_util' returned '0': AMENT_PREFIX_PATH=/home/nagisa/fishbot_ws/install/nav2_msgs:/home/nagisa/fishbot_ws/install/nav2_common:${AMENT_PREFIX_PATH} CMAKE_PREFIX_PATH=/home/nagisa/fishbot_ws/install/nav2_msgs:/home/nagisa/fishbot_ws/install/nav2_common:/opt/ros/humble LD_LIBRARY_PATH=/home/nagisa/fishbot_ws/install/nav2_msgs/lib:${LD_LIBRARY_PATH} PYTHONPATH=/home/nagisa/fishbot_ws/install/nav2_msgs/local/lib/python3.10/dist-packages:/home/nagisa/fishbot_ws/install/nav2_common/local/lib/python3.10/dist-packages:${PYTHONPATH} /usr/bin/cmake --build /home/nagisa/fishbot_ws/build/nav2_util -- -j12 -l12
[0.311s] Invoking command in '/home/nagisa/fishbot_ws/build/nav2_util': AMENT_PREFIX_PATH=/home/nagisa/fishbot_ws/install/nav2_msgs:/home/nagisa/fishbot_ws/install/nav2_common:${AMENT_PREFIX_PATH} CMAKE_PREFIX_PATH=/home/nagisa/fishbot_ws/install/nav2_msgs:/home/nagisa/fishbot_ws/install/nav2_common:/opt/ros/humble LD_LIBRARY_PATH=/home/nagisa/fishbot_ws/install/nav2_msgs/lib:${LD_LIBRARY_PATH} PYTHONPATH=/home/nagisa/fishbot_ws/install/nav2_msgs/local/lib/python3.10/dist-packages:/home/nagisa/fishbot_ws/install/nav2_common/local/lib/python3.10/dist-packages:${PYTHONPATH} /usr/bin/cmake --install /home/nagisa/fishbot_ws/build/nav2_util
[0.321s] -- Install configuration: "Release"
[0.321s] -- Up-to-date: /home/nagisa/fishbot_ws/install/nav2_util/include/
[0.321s] -- Up-to-date: /home/nagisa/fishbot_ws/install/nav2_util/include//nav2_util
[0.321s] -- Up-to-date: /home/nagisa/fishbot_ws/install/nav2_util/include//nav2_util/occ_grid_values.hpp
[0.322s] -- Up-to-date: /home/nagisa/fishbot_ws/install/nav2_util/include//nav2_util/string_utils.hpp
[0.322s] -- Up-to-date: /home/nagisa/fishbot_ws/install/nav2_util/include//nav2_util/node_utils.hpp
[0.322s] -- Up-to-date: /home/nagisa/fishbot_ws/install/nav2_util/include//nav2_util/validate_messages.hpp
[0.322s] -- Up-to-date: /home/nagisa/fishbot_ws/install/nav2_util/include//nav2_util/robot_utils.hpp
[0.322s] -- Up-to-date: /home/nagisa/fishbot_ws/install/nav2_util/include//nav2_util/node_thread.hpp
[0.322s] -- Up-to-date: /home/nagisa/fishbot_ws/install/nav2_util/include//nav2_util/geometry_utils.hpp
[0.322s] -- Up-to-date: /home/nagisa/fishbot_ws/install/nav2_util/include//nav2_util/costmap.hpp
[0.323s] -- Up-to-date: /home/nagisa/fishbot_ws/install/nav2_util/include//nav2_util/lifecycle_node.hpp
[0.323s] -- Up-to-date: /home/nagisa/fishbot_ws/install/nav2_util/include//nav2_util/line_iterator.hpp
[0.323s] -- Up-to-date: /home/nagisa/fishbot_ws/install/nav2_util/include//nav2_util/odometry_utils.hpp
[0.323s] -- Up-to-date: /home/nagisa/fishbot_ws/install/nav2_util/include//nav2_util/lifecycle_utils.hpp
[0.323s] -- Up-to-date: /home/nagisa/fishbot_ws/install/nav2_util/include//nav2_util/service_client.hpp
[0.323s] -- Up-to-date: /home/nagisa/fishbot_ws/install/nav2_util/include//nav2_util/execution_timer.hpp
[0.323s] -- Up-to-date: /home/nagisa/fishbot_ws/install/nav2_util/include//nav2_util/simple_action_server.hpp
[0.323s] -- Up-to-date: /home/nagisa/fishbot_ws/install/nav2_util/include//nav2_util/clear_entirely_costmap_service_client.hpp
[0.323s] -- Up-to-date: /home/nagisa/fishbot_ws/install/nav2_util/include//nav2_util/lifecycle_service_client.hpp
[0.324s] -- Up-to-date: /home/nagisa/fishbot_ws/install/nav2_util/share/nav2_util/environment/library_path.sh
[0.324s] -- Up-to-date: /home/nagisa/fishbot_ws/install/nav2_util/share/nav2_util/environment/library_path.dsv
[0.324s] -- Up-to-date: /home/nagisa/fishbot_ws/install/nav2_util/share/ament_index/resource_index/package_run_dependencies/nav2_util
[0.324s] -- Up-to-date: /home/nagisa/fishbot_ws/install/nav2_util/share/ament_index/resource_index/parent_prefix_path/nav2_util
[0.324s] -- Up-to-date: /home/nagisa/fishbot_ws/install/nav2_util/share/nav2_util/environment/ament_prefix_path.sh
[0.324s] -- Up-to-date: /home/nagisa/fishbot_ws/install/nav2_util/share/nav2_util/environment/ament_prefix_path.dsv
[0.325s] -- Up-to-date: /home/nagisa/fishbot_ws/install/nav2_util/share/nav2_util/environment/path.sh
[0.325s] -- Up-to-date: /home/nagisa/fishbot_ws/install/nav2_util/share/nav2_util/environment/path.dsv
[0.325s] -- Up-to-date: /home/nagisa/fishbot_ws/install/nav2_util/share/nav2_util/local_setup.bash
[0.325s] -- Up-to-date: /home/nagisa/fishbot_ws/install/nav2_util/share/nav2_util/local_setup.sh
[0.325s] -- Up-to-date: /home/nagisa/fishbot_ws/install/nav2_util/share/nav2_util/local_setup.zsh
[0.325s] -- Up-to-date: /home/nagisa/fishbot_ws/install/nav2_util/share/nav2_util/local_setup.dsv
[0.325s] -- Installing: /home/nagisa/fishbot_ws/install/nav2_util/share/nav2_util/package.dsv
[0.326s] -- Up-to-date: /home/nagisa/fishbot_ws/install/nav2_util/share/ament_index/resource_index/packages/nav2_util
[0.326s] -- Up-to-date: /home/nagisa/fishbot_ws/install/nav2_util/share/nav2_util/cmake/ament_cmake_export_include_directories-extras.cmake
[0.326s] -- Up-to-date: /home/nagisa/fishbot_ws/install/nav2_util/share/nav2_util/cmake/ament_cmake_export_libraries-extras.cmake
[0.326s] -- Up-to-date: /home/nagisa/fishbot_ws/install/nav2_util/share/nav2_util/cmake/ament_cmake_export_dependencies-extras.cmake
[0.326s] -- Up-to-date: /home/nagisa/fishbot_ws/install/nav2_util/share/nav2_util/cmake/nav2_utilConfig.cmake
[0.326s] -- Up-to-date: /home/nagisa/fishbot_ws/install/nav2_util/share/nav2_util/cmake/nav2_utilConfig-version.cmake
[0.326s] -- Up-to-date: /home/nagisa/fishbot_ws/install/nav2_util/share/nav2_util/package.xml
[0.327s] -- Up-to-date: /home/nagisa/fishbot_ws/install/nav2_util/lib/libnav2_util_core.so
[0.329s] -- Up-to-date: /home/nagisa/fishbot_ws/install/nav2_util/lib/nav2_util/lifecycle_bringup
[0.332s] Invoked command in '/home/nagisa/fishbot_ws/build/nav2_util' returned '0': AMENT_PREFIX_PATH=/home/nagisa/fishbot_ws/install/nav2_msgs:/home/nagisa/fishbot_ws/install/nav2_common:${AMENT_PREFIX_PATH} CMAKE_PREFIX_PATH=/home/nagisa/fishbot_ws/install/nav2_msgs:/home/nagisa/fishbot_ws/install/nav2_common:/opt/ros/humble LD_LIBRARY_PATH=/home/nagisa/fishbot_ws/install/nav2_msgs/lib:${LD_LIBRARY_PATH} PYTHONPATH=/home/nagisa/fishbot_ws/install/nav2_msgs/local/lib/python3.10/dist-packages:/home/nagisa/fishbot_ws/install/nav2_common/local/lib/python3.10/dist-packages:${PYTHONPATH} /usr/bin/cmake --install /home/nagisa/fishbot_ws/build/nav2_util
