[0.033s] Invoking command in '/home/nagisa/fishbot_ws/build/nav2_core': AMENT_PREFIX_PATH=/home/nagisa/fishbot_ws/install/nav2_costmap_2d:/home/nagisa/fishbot_ws/install/nav2_map_server:/home/nagisa/fishbot_ws/install/nav2_lifecycle_manager:/home/nagisa/fishbot_ws/install/nav2_util:/home/nagisa/fishbot_ws/install/nav2_voxel_grid:/home/nagisa/fishbot_ws/install/nav2_msgs:/home/nagisa/fishbot_ws/install/nav2_common:${AMENT_PREFIX_PATH} CMAKE_PREFIX_PATH=/home/nagisa/fishbot_ws/install/nav2_costmap_2d:/home/nagisa/fishbot_ws/install/nav2_map_server:/home/nagisa/fishbot_ws/install/nav2_lifecycle_manager:/home/nagisa/fishbot_ws/install/nav2_util:/home/nagisa/fishbot_ws/install/nav2_voxel_grid:/home/nagisa/fishbot_ws/install/nav2_msgs:/home/nagisa/fishbot_ws/install/nav2_common:/opt/ros/humble LD_LIBRARY_PATH=/home/nagisa/fishbot_ws/install/nav2_costmap_2d/lib:/home/nagisa/fishbot_ws/install/nav2_map_server/lib:/home/nagisa/fishbot_ws/install/nav2_lifecycle_manager/lib:/home/nagisa/fishbot_ws/install/nav2_util/lib:/home/nagisa/fishbot_ws/install/nav2_voxel_grid/lib:/home/nagisa/fishbot_ws/install/nav2_msgs/lib:${LD_LIBRARY_PATH} PYTHONPATH=/home/nagisa/fishbot_ws/install/nav2_msgs/local/lib/python3.10/dist-packages:/home/nagisa/fishbot_ws/install/nav2_common/local/lib/python3.10/dist-packages:${PYTHONPATH} /usr/bin/cmake --build /home/nagisa/fishbot_ws/build/nav2_core -- -j12 -l12
[0.090s] Invoked command in '/home/nagisa/fishbot_ws/build/nav2_core' returned '0': AMENT_PREFIX_PATH=/home/nagisa/fishbot_ws/install/nav2_costmap_2d:/home/nagisa/fishbot_ws/install/nav2_map_server:/home/nagisa/fishbot_ws/install/nav2_lifecycle_manager:/home/nagisa/fishbot_ws/install/nav2_util:/home/nagisa/fishbot_ws/install/nav2_voxel_grid:/home/nagisa/fishbot_ws/install/nav2_msgs:/home/nagisa/fishbot_ws/install/nav2_common:${AMENT_PREFIX_PATH} CMAKE_PREFIX_PATH=/home/nagisa/fishbot_ws/install/nav2_costmap_2d:/home/nagisa/fishbot_ws/install/nav2_map_server:/home/nagisa/fishbot_ws/install/nav2_lifecycle_manager:/home/nagisa/fishbot_ws/install/nav2_util:/home/nagisa/fishbot_ws/install/nav2_voxel_grid:/home/nagisa/fishbot_ws/install/nav2_msgs:/home/nagisa/fishbot_ws/install/nav2_common:/opt/ros/humble LD_LIBRARY_PATH=/home/nagisa/fishbot_ws/install/nav2_costmap_2d/lib:/home/nagisa/fishbot_ws/install/nav2_map_server/lib:/home/nagisa/fishbot_ws/install/nav2_lifecycle_manager/lib:/home/nagisa/fishbot_ws/install/nav2_util/lib:/home/nagisa/fishbot_ws/install/nav2_voxel_grid/lib:/home/nagisa/fishbot_ws/install/nav2_msgs/lib:${LD_LIBRARY_PATH} PYTHONPATH=/home/nagisa/fishbot_ws/install/nav2_msgs/local/lib/python3.10/dist-packages:/home/nagisa/fishbot_ws/install/nav2_common/local/lib/python3.10/dist-packages:${PYTHONPATH} /usr/bin/cmake --build /home/nagisa/fishbot_ws/build/nav2_core -- -j12 -l12
[0.126s] Invoking command in '/home/nagisa/fishbot_ws/build/nav2_core': AMENT_PREFIX_PATH=/home/nagisa/fishbot_ws/install/nav2_costmap_2d:/home/nagisa/fishbot_ws/install/nav2_map_server:/home/nagisa/fishbot_ws/install/nav2_lifecycle_manager:/home/nagisa/fishbot_ws/install/nav2_util:/home/nagisa/fishbot_ws/install/nav2_voxel_grid:/home/nagisa/fishbot_ws/install/nav2_msgs:/home/nagisa/fishbot_ws/install/nav2_common:${AMENT_PREFIX_PATH} CMAKE_PREFIX_PATH=/home/nagisa/fishbot_ws/install/nav2_costmap_2d:/home/nagisa/fishbot_ws/install/nav2_map_server:/home/nagisa/fishbot_ws/install/nav2_lifecycle_manager:/home/nagisa/fishbot_ws/install/nav2_util:/home/nagisa/fishbot_ws/install/nav2_voxel_grid:/home/nagisa/fishbot_ws/install/nav2_msgs:/home/nagisa/fishbot_ws/install/nav2_common:/opt/ros/humble LD_LIBRARY_PATH=/home/nagisa/fishbot_ws/install/nav2_costmap_2d/lib:/home/nagisa/fishbot_ws/install/nav2_map_server/lib:/home/nagisa/fishbot_ws/install/nav2_lifecycle_manager/lib:/home/nagisa/fishbot_ws/install/nav2_util/lib:/home/nagisa/fishbot_ws/install/nav2_voxel_grid/lib:/home/nagisa/fishbot_ws/install/nav2_msgs/lib:${LD_LIBRARY_PATH} PYTHONPATH=/home/nagisa/fishbot_ws/install/nav2_msgs/local/lib/python3.10/dist-packages:/home/nagisa/fishbot_ws/install/nav2_common/local/lib/python3.10/dist-packages:${PYTHONPATH} /usr/bin/cmake --install /home/nagisa/fishbot_ws/build/nav2_core
[0.136s] -- Install configuration: "Release"
[0.136s] -- Up-to-date: /home/nagisa/fishbot_ws/install/nav2_core/include/
[0.137s] -- Up-to-date: /home/nagisa/fishbot_ws/install/nav2_core/include//nav2_core
[0.137s] -- Up-to-date: /home/nagisa/fishbot_ws/install/nav2_core/include//nav2_core/goal_checker.hpp
[0.138s] -- Up-to-date: /home/nagisa/fishbot_ws/install/nav2_core/include//nav2_core/controller.hpp
[0.138s] -- Up-to-date: /home/nagisa/fishbot_ws/install/nav2_core/include//nav2_core/behavior.hpp
[0.138s] -- Up-to-date: /home/nagisa/fishbot_ws/install/nav2_core/include//nav2_core/global_planner.hpp
[0.138s] -- Up-to-date: /home/nagisa/fishbot_ws/install/nav2_core/include//nav2_core/progress_checker.hpp
[0.138s] -- Up-to-date: /home/nagisa/fishbot_ws/install/nav2_core/include//nav2_core/exceptions.hpp
[0.138s] -- Up-to-date: /home/nagisa/fishbot_ws/install/nav2_core/include//nav2_core/waypoint_task_executor.hpp
[0.138s] -- Up-to-date: /home/nagisa/fishbot_ws/install/nav2_core/include//nav2_core/smoother.hpp
[0.139s] -- Up-to-date: /home/nagisa/fishbot_ws/install/nav2_core/share/ament_index/resource_index/package_run_dependencies/nav2_core
[0.139s] -- Up-to-date: /home/nagisa/fishbot_ws/install/nav2_core/share/ament_index/resource_index/parent_prefix_path/nav2_core
[0.140s] -- Up-to-date: /home/nagisa/fishbot_ws/install/nav2_core/share/nav2_core/environment/ament_prefix_path.sh
[0.140s] -- Up-to-date: /home/nagisa/fishbot_ws/install/nav2_core/share/nav2_core/environment/ament_prefix_path.dsv
[0.140s] -- Up-to-date: /home/nagisa/fishbot_ws/install/nav2_core/share/nav2_core/environment/path.sh
[0.140s] -- Up-to-date: /home/nagisa/fishbot_ws/install/nav2_core/share/nav2_core/environment/path.dsv
[0.140s] -- Up-to-date: /home/nagisa/fishbot_ws/install/nav2_core/share/nav2_core/local_setup.bash
[0.141s] -- Up-to-date: /home/nagisa/fishbot_ws/install/nav2_core/share/nav2_core/local_setup.sh
[0.141s] -- Up-to-date: /home/nagisa/fishbot_ws/install/nav2_core/share/nav2_core/local_setup.zsh
[0.141s] -- Up-to-date: /home/nagisa/fishbot_ws/install/nav2_core/share/nav2_core/local_setup.dsv
[0.141s] -- Up-to-date: /home/nagisa/fishbot_ws/install/nav2_core/share/nav2_core/package.dsv
[0.141s] -- Up-to-date: /home/nagisa/fishbot_ws/install/nav2_core/share/ament_index/resource_index/packages/nav2_core
[0.141s] -- Up-to-date: /home/nagisa/fishbot_ws/install/nav2_core/share/nav2_core/cmake/ament_cmake_export_include_directories-extras.cmake
[0.141s] -- Up-to-date: /home/nagisa/fishbot_ws/install/nav2_core/share/nav2_core/cmake/ament_cmake_export_dependencies-extras.cmake
[0.142s] -- Up-to-date: /home/nagisa/fishbot_ws/install/nav2_core/share/nav2_core/cmake/nav2_coreConfig.cmake
[0.142s] -- Up-to-date: /home/nagisa/fishbot_ws/install/nav2_core/share/nav2_core/cmake/nav2_coreConfig-version.cmake
[0.142s] -- Up-to-date: /home/nagisa/fishbot_ws/install/nav2_core/share/nav2_core/package.xml
[0.143s] Invoked command in '/home/nagisa/fishbot_ws/build/nav2_core' returned '0': AMENT_PREFIX_PATH=/home/nagisa/fishbot_ws/install/nav2_costmap_2d:/home/nagisa/fishbot_ws/install/nav2_map_server:/home/nagisa/fishbot_ws/install/nav2_lifecycle_manager:/home/nagisa/fishbot_ws/install/nav2_util:/home/nagisa/fishbot_ws/install/nav2_voxel_grid:/home/nagisa/fishbot_ws/install/nav2_msgs:/home/nagisa/fishbot_ws/install/nav2_common:${AMENT_PREFIX_PATH} CMAKE_PREFIX_PATH=/home/nagisa/fishbot_ws/install/nav2_costmap_2d:/home/nagisa/fishbot_ws/install/nav2_map_server:/home/nagisa/fishbot_ws/install/nav2_lifecycle_manager:/home/nagisa/fishbot_ws/install/nav2_util:/home/nagisa/fishbot_ws/install/nav2_voxel_grid:/home/nagisa/fishbot_ws/install/nav2_msgs:/home/nagisa/fishbot_ws/install/nav2_common:/opt/ros/humble LD_LIBRARY_PATH=/home/nagisa/fishbot_ws/install/nav2_costmap_2d/lib:/home/nagisa/fishbot_ws/install/nav2_map_server/lib:/home/nagisa/fishbot_ws/install/nav2_lifecycle_manager/lib:/home/nagisa/fishbot_ws/install/nav2_util/lib:/home/nagisa/fishbot_ws/install/nav2_voxel_grid/lib:/home/nagisa/fishbot_ws/install/nav2_msgs/lib:${LD_LIBRARY_PATH} PYTHONPATH=/home/nagisa/fishbot_ws/install/nav2_msgs/local/lib/python3.10/dist-packages:/home/nagisa/fishbot_ws/install/nav2_common/local/lib/python3.10/dist-packages:${PYTHONPATH} /usr/bin/cmake --install /home/nagisa/fishbot_ws/build/nav2_core
