[0.063s] Invoking command in '/home/nagisa/fishbot_ws/build/nav2_behaviors': AMENT_PREFIX_PATH=/home/nagisa/fishbot_ws/install/nav2_core:/home/nagisa/fishbot_ws/install/nav2_costmap_2d:/home/nagisa/fishbot_ws/install/nav2_map_server:/home/nagisa/fishbot_ws/install/nav2_lifecycle_manager:/home/nagisa/fishbot_ws/install/nav2_behavior_tree:/home/nagisa/fishbot_ws/install/nav2_util:/home/nagisa/fishbot_ws/install/nav2_voxel_grid:/home/nagisa/fishbot_ws/install/nav2_msgs:/home/nagisa/fishbot_ws/install/nav2_common:${AMENT_PREFIX_PATH} CMAKE_PREFIX_PATH=/home/nagisa/fishbot_ws/install/nav2_core:/home/nagisa/fishbot_ws/install/nav2_costmap_2d:/home/nagisa/fishbot_ws/install/nav2_map_server:/home/nagisa/fishbot_ws/install/nav2_lifecycle_manager:/home/nagisa/fishbot_ws/install/nav2_behavior_tree:/home/nagisa/fishbot_ws/install/nav2_util:/home/nagisa/fishbot_ws/install/nav2_voxel_grid:/home/nagisa/fishbot_ws/install/nav2_msgs:/home/nagisa/fishbot_ws/install/nav2_common:/opt/ros/humble LD_LIBRARY_PATH=/home/nagisa/fishbot_ws/install/nav2_costmap_2d/lib:/home/nagisa/fishbot_ws/install/nav2_map_server/lib:/home/nagisa/fishbot_ws/install/nav2_lifecycle_manager/lib:/home/nagisa/fishbot_ws/install/nav2_behavior_tree/lib:/home/nagisa/fishbot_ws/install/nav2_util/lib:/home/nagisa/fishbot_ws/install/nav2_voxel_grid/lib:/home/nagisa/fishbot_ws/install/nav2_msgs/lib:${LD_LIBRARY_PATH} PYTHONPATH=/home/nagisa/fishbot_ws/install/nav2_msgs/local/lib/python3.10/dist-packages:/home/nagisa/fishbot_ws/install/nav2_common/local/lib/python3.10/dist-packages:${PYTHONPATH} /usr/bin/cmake /home/nagisa/fishbot_ws/src/navigation2/nav2_behaviors -DCMAKE_INSTALL_PREFIX=/home/nagisa/fishbot_ws/install/nav2_behaviors
[0.170s] -- The C compiler identification is GNU 11.4.0
[0.235s] -- The CXX compiler identification is GNU 11.4.0
[0.249s] -- Detecting C compiler ABI info
[0.331s] -- Detecting C compiler ABI info - done
[0.338s] -- Check for working C compiler: /usr/bin/cc - skipped
[0.338s] -- Detecting C compile features
[0.339s] -- Detecting C compile features - done
[0.343s] -- Detecting CXX compiler ABI info
[0.439s] -- Detecting CXX compiler ABI info - done
[0.450s] -- Check for working CXX compiler: /usr/bin/c++ - skipped
[0.451s] -- Detecting CXX compile features
[0.451s] -- Detecting CXX compile features - done
[0.480s] -- Found ament_cmake: 1.3.10 (/opt/ros/humble/share/ament_cmake/cmake)
[0.729s] -- Found Python3: /usr/bin/python3 (found version "3.10.12") found components: Interpreter 
[0.876s] -- Found nav2_common: 1.1.16 (/home/nagisa/fishbot_ws/install/nav2_common/share/nav2_common/cmake)
[0.881s] -- Found rclcpp: 16.0.10 (/opt/ros/humble/share/rclcpp/cmake)
[0.961s] -- Found rosidl_generator_c: 3.1.5 (/opt/ros/humble/share/rosidl_generator_c/cmake)
[0.970s] -- Found rosidl_adapter: 3.1.5 (/opt/ros/humble/share/rosidl_adapter/cmake)
[0.985s] -- Found rosidl_generator_cpp: 3.1.5 (/opt/ros/humble/share/rosidl_generator_cpp/cmake)
[1.010s] -- Using all available rosidl_typesupport_c: rosidl_typesupport_fastrtps_c;rosidl_typesupport_introspection_c
[1.037s] -- Using all available rosidl_typesupport_cpp: rosidl_typesupport_fastrtps_cpp;rosidl_typesupport_introspection_cpp
[1.110s] -- Found rmw_implementation_cmake: 6.1.2 (/opt/ros/humble/share/rmw_implementation_cmake/cmake)
[1.116s] -- Found rmw_fastrtps_cpp: 6.2.7 (/opt/ros/humble/share/rmw_fastrtps_cpp/cmake)
[1.248s] -- Found OpenSSL: /usr/lib/x86_64-linux-gnu/libcrypto.so (found version "3.0.2")  
[1.278s] -- Found FastRTPS: /opt/ros/humble/include  
[1.320s] -- Using RMW implementation 'rmw_fastrtps_cpp' as default
[1.336s] -- Looking for pthread.h
[1.420s] -- Looking for pthread.h - found
[1.421s] -- Performing Test CMAKE_HAVE_LIBC_PTHREAD
[1.504s] -- Performing Test CMAKE_HAVE_LIBC_PTHREAD - Success
[1.506s] -- Found Threads: TRUE  
[1.583s] -- Found rclcpp_action: 16.0.10 (/opt/ros/humble/share/rclcpp_action/cmake)
[1.636s] -- Found rclcpp_lifecycle: 16.0.10 (/opt/ros/humble/share/rclcpp_lifecycle/cmake)
[1.669s] -- Found rclcpp_components: 16.0.10 (/opt/ros/humble/share/rclcpp_components/cmake)
[1.714s] -- Found nav2_behavior_tree: 1.1.16 (/home/nagisa/fishbot_ws/install/nav2_behavior_tree/share/nav2_behavior_tree/cmake)
[1.900s] -- Found eigen3_cmake_module: 0.1.1 (/opt/ros/humble/share/eigen3_cmake_module/cmake)
[1.902s] -- Found Eigen3: TRUE (found version "3.4.0") 
[1.902s] -- Ensuring Eigen3 include directory is part of orocos-kdl CMake target
[1.972s] -- Found nav2_costmap_2d: 1.1.16 (/home/nagisa/fishbot_ws/install/nav2_costmap_2d/share/nav2_costmap_2d/cmake)
[2.087s] -- Found nav2_core: 1.1.16 (/home/nagisa/fishbot_ws/install/nav2_core/share/nav2_core/cmake)
[2.098s] -- Setting build type to Release as none was specified.
[2.891s] -- Found ament_lint_auto: 0.12.11 (/opt/ros/humble/share/ament_lint_auto/cmake)
[3.015s] -- Found gtest sources under '/opt/ros/humble/src/gtest_vendor': C++ tests using 'Google Test' will be built
[3.199s] -- Added test 'copyright' to check source files copyright and LICENSE
[3.202s] -- Added test 'cppcheck' to perform static code analysis on C / C++ code
[3.204s] -- Configured cppcheck include dirs: /home/nagisa/fishbot_ws/src/navigation2/nav2_behaviors/include
[3.204s] -- Configured cppcheck exclude dirs and/or files: 
[3.207s] -- Added test 'cpplint' to check C / C++ code against the Google style
[3.207s] -- Configured cpplint exclude dirs and/or files: 
[3.208s] -- Added test 'lint_cmake' to check CMake code style
[3.211s] -- Added test 'uncrustify' to check C / C++ code style
[3.211s] -- Configured uncrustify additional arguments: 
[3.212s] -- Added test 'xmllint' to check XML markup files
[3.217s] -- Configuring done
[4.076s] -- Generating done
[4.079s] -- Build files have been written to: /home/nagisa/fishbot_ws/build/nav2_behaviors
[4.094s] Invoked command in '/home/nagisa/fishbot_ws/build/nav2_behaviors' returned '0': AMENT_PREFIX_PATH=/home/nagisa/fishbot_ws/install/nav2_core:/home/nagisa/fishbot_ws/install/nav2_costmap_2d:/home/nagisa/fishbot_ws/install/nav2_map_server:/home/nagisa/fishbot_ws/install/nav2_lifecycle_manager:/home/nagisa/fishbot_ws/install/nav2_behavior_tree:/home/nagisa/fishbot_ws/install/nav2_util:/home/nagisa/fishbot_ws/install/nav2_voxel_grid:/home/nagisa/fishbot_ws/install/nav2_msgs:/home/nagisa/fishbot_ws/install/nav2_common:${AMENT_PREFIX_PATH} CMAKE_PREFIX_PATH=/home/nagisa/fishbot_ws/install/nav2_core:/home/nagisa/fishbot_ws/install/nav2_costmap_2d:/home/nagisa/fishbot_ws/install/nav2_map_server:/home/nagisa/fishbot_ws/install/nav2_lifecycle_manager:/home/nagisa/fishbot_ws/install/nav2_behavior_tree:/home/nagisa/fishbot_ws/install/nav2_util:/home/nagisa/fishbot_ws/install/nav2_voxel_grid:/home/nagisa/fishbot_ws/install/nav2_msgs:/home/nagisa/fishbot_ws/install/nav2_common:/opt/ros/humble LD_LIBRARY_PATH=/home/nagisa/fishbot_ws/install/nav2_costmap_2d/lib:/home/nagisa/fishbot_ws/install/nav2_map_server/lib:/home/nagisa/fishbot_ws/install/nav2_lifecycle_manager/lib:/home/nagisa/fishbot_ws/install/nav2_behavior_tree/lib:/home/nagisa/fishbot_ws/install/nav2_util/lib:/home/nagisa/fishbot_ws/install/nav2_voxel_grid/lib:/home/nagisa/fishbot_ws/install/nav2_msgs/lib:${LD_LIBRARY_PATH} PYTHONPATH=/home/nagisa/fishbot_ws/install/nav2_msgs/local/lib/python3.10/dist-packages:/home/nagisa/fishbot_ws/install/nav2_common/local/lib/python3.10/dist-packages:${PYTHONPATH} /usr/bin/cmake /home/nagisa/fishbot_ws/src/navigation2/nav2_behaviors -DCMAKE_INSTALL_PREFIX=/home/nagisa/fishbot_ws/install/nav2_behaviors
[4.104s] Invoking command in '/home/nagisa/fishbot_ws/build/nav2_behaviors': AMENT_PREFIX_PATH=/home/nagisa/fishbot_ws/install/nav2_core:/home/nagisa/fishbot_ws/install/nav2_costmap_2d:/home/nagisa/fishbot_ws/install/nav2_map_server:/home/nagisa/fishbot_ws/install/nav2_lifecycle_manager:/home/nagisa/fishbot_ws/install/nav2_behavior_tree:/home/nagisa/fishbot_ws/install/nav2_util:/home/nagisa/fishbot_ws/install/nav2_voxel_grid:/home/nagisa/fishbot_ws/install/nav2_msgs:/home/nagisa/fishbot_ws/install/nav2_common:${AMENT_PREFIX_PATH} CMAKE_PREFIX_PATH=/home/nagisa/fishbot_ws/install/nav2_core:/home/nagisa/fishbot_ws/install/nav2_costmap_2d:/home/nagisa/fishbot_ws/install/nav2_map_server:/home/nagisa/fishbot_ws/install/nav2_lifecycle_manager:/home/nagisa/fishbot_ws/install/nav2_behavior_tree:/home/nagisa/fishbot_ws/install/nav2_util:/home/nagisa/fishbot_ws/install/nav2_voxel_grid:/home/nagisa/fishbot_ws/install/nav2_msgs:/home/nagisa/fishbot_ws/install/nav2_common:/opt/ros/humble LD_LIBRARY_PATH=/home/nagisa/fishbot_ws/install/nav2_costmap_2d/lib:/home/nagisa/fishbot_ws/install/nav2_map_server/lib:/home/nagisa/fishbot_ws/install/nav2_lifecycle_manager/lib:/home/nagisa/fishbot_ws/install/nav2_behavior_tree/lib:/home/nagisa/fishbot_ws/install/nav2_util/lib:/home/nagisa/fishbot_ws/install/nav2_voxel_grid/lib:/home/nagisa/fishbot_ws/install/nav2_msgs/lib:${LD_LIBRARY_PATH} PYTHONPATH=/home/nagisa/fishbot_ws/install/nav2_msgs/local/lib/python3.10/dist-packages:/home/nagisa/fishbot_ws/install/nav2_common/local/lib/python3.10/dist-packages:${PYTHONPATH} /usr/bin/cmake --build /home/nagisa/fishbot_ws/build/nav2_behaviors -- -j12 -l12
[4.170s] [  5%] [32mBuilding CXX object CMakeFiles/nav2_wait_behavior.dir/plugins/wait.cpp.o[0m
[4.170s] [ 10%] [32mBuilding CXX object CMakeFiles/nav2_drive_on_heading_behavior.dir/plugins/drive_on_heading.cpp.o[0m
[4.170s] [ 20%] [32mBuilding CXX object CMakeFiles/nav2_back_up_behavior.dir/plugins/back_up.cpp.o[0m
[4.170s] [ 20%] [32mBuilding CXX object CMakeFiles/nav2_spin_behavior.dir/plugins/spin.cpp.o[0m
[4.173s] [ 25%] [32mBuilding CXX object CMakeFiles/behavior_server_core.dir/src/behavior_server.cpp.o[0m
[4.174s] [ 30%] [32mBuilding CXX object CMakeFiles/nav2_assisted_teleop_behavior.dir/plugins/assisted_teleop.cpp.o[0m
[4.179s] [ 35%] [32mBuilding CXX object gtest/CMakeFiles/gtest.dir/src/gtest-all.cc.o[0m
[4.182s] [ 40%] [32mBuilding CXX object gtest/CMakeFiles/gtest_main.dir/src/gtest_main.cc.o[0m
[5.073s] [ 45%] [32m[1mLinking CXX static library libgtest_main.a[0m
[5.135s] [ 45%] Built target gtest_main
[15.347s] [ 50%] [32m[1mLinking CXX shared library libnav2_back_up_behavior.so[0m
[15.581s] [ 55%] [32m[1mLinking CXX shared library libnav2_spin_behavior.so[0m
[15.955s] [ 60%] [32m[1mLinking CXX shared library libnav2_wait_behavior.so[0m
[16.132s] [ 65%] [32m[1mLinking CXX shared library libnav2_drive_on_heading_behavior.so[0m
[16.140s] [ 65%] Built target nav2_back_up_behavior
[16.142s] [ 65%] Built target nav2_spin_behavior
[16.347s] [ 65%] Built target nav2_wait_behavior
[16.525s] [ 65%] Built target nav2_drive_on_heading_behavior
[17.507s] [ 70%] [32m[1mLinking CXX shared library libbehavior_server_core.so[0m
[17.910s] [ 70%] Built target behavior_server_core
[17.948s] [ 75%] [32mBuilding CXX object CMakeFiles/behavior_server.dir/src/main.cpp.o[0m
[20.568s] [ 80%] [32m[1mLinking CXX static library libgtest.a[0m
[20.623s] [ 80%] Built target gtest
[20.653s] [ 85%] [32mBuilding CXX object test/CMakeFiles/test_behaviors.dir/test_behaviors.cpp.o[0m
[22.466s] [ 90%] [32m[1mLinking CXX executable behavior_server[0m
[22.813s] [ 90%] Built target behavior_server
[25.124s] [ 95%] [32m[1mLinking CXX shared library libnav2_assisted_teleop_behavior.so[0m
[25.587s] [ 95%] Built target nav2_assisted_teleop_behavior
[31.096s] [100%] [32m[1mLinking CXX executable test_behaviors[0m
[31.592s] [100%] Built target test_behaviors
[31.676s] Invoked command in '/home/nagisa/fishbot_ws/build/nav2_behaviors' returned '0': AMENT_PREFIX_PATH=/home/nagisa/fishbot_ws/install/nav2_core:/home/nagisa/fishbot_ws/install/nav2_costmap_2d:/home/nagisa/fishbot_ws/install/nav2_map_server:/home/nagisa/fishbot_ws/install/nav2_lifecycle_manager:/home/nagisa/fishbot_ws/install/nav2_behavior_tree:/home/nagisa/fishbot_ws/install/nav2_util:/home/nagisa/fishbot_ws/install/nav2_voxel_grid:/home/nagisa/fishbot_ws/install/nav2_msgs:/home/nagisa/fishbot_ws/install/nav2_common:${AMENT_PREFIX_PATH} CMAKE_PREFIX_PATH=/home/nagisa/fishbot_ws/install/nav2_core:/home/nagisa/fishbot_ws/install/nav2_costmap_2d:/home/nagisa/fishbot_ws/install/nav2_map_server:/home/nagisa/fishbot_ws/install/nav2_lifecycle_manager:/home/nagisa/fishbot_ws/install/nav2_behavior_tree:/home/nagisa/fishbot_ws/install/nav2_util:/home/nagisa/fishbot_ws/install/nav2_voxel_grid:/home/nagisa/fishbot_ws/install/nav2_msgs:/home/nagisa/fishbot_ws/install/nav2_common:/opt/ros/humble LD_LIBRARY_PATH=/home/nagisa/fishbot_ws/install/nav2_costmap_2d/lib:/home/nagisa/fishbot_ws/install/nav2_map_server/lib:/home/nagisa/fishbot_ws/install/nav2_lifecycle_manager/lib:/home/nagisa/fishbot_ws/install/nav2_behavior_tree/lib:/home/nagisa/fishbot_ws/install/nav2_util/lib:/home/nagisa/fishbot_ws/install/nav2_voxel_grid/lib:/home/nagisa/fishbot_ws/install/nav2_msgs/lib:${LD_LIBRARY_PATH} PYTHONPATH=/home/nagisa/fishbot_ws/install/nav2_msgs/local/lib/python3.10/dist-packages:/home/nagisa/fishbot_ws/install/nav2_common/local/lib/python3.10/dist-packages:${PYTHONPATH} /usr/bin/cmake --build /home/nagisa/fishbot_ws/build/nav2_behaviors -- -j12 -l12
[31.810s] Invoking command in '/home/nagisa/fishbot_ws/build/nav2_behaviors': AMENT_PREFIX_PATH=/home/nagisa/fishbot_ws/install/nav2_core:/home/nagisa/fishbot_ws/install/nav2_costmap_2d:/home/nagisa/fishbot_ws/install/nav2_map_server:/home/nagisa/fishbot_ws/install/nav2_lifecycle_manager:/home/nagisa/fishbot_ws/install/nav2_behavior_tree:/home/nagisa/fishbot_ws/install/nav2_util:/home/nagisa/fishbot_ws/install/nav2_voxel_grid:/home/nagisa/fishbot_ws/install/nav2_msgs:/home/nagisa/fishbot_ws/install/nav2_common:${AMENT_PREFIX_PATH} CMAKE_PREFIX_PATH=/home/nagisa/fishbot_ws/install/nav2_core:/home/nagisa/fishbot_ws/install/nav2_costmap_2d:/home/nagisa/fishbot_ws/install/nav2_map_server:/home/nagisa/fishbot_ws/install/nav2_lifecycle_manager:/home/nagisa/fishbot_ws/install/nav2_behavior_tree:/home/nagisa/fishbot_ws/install/nav2_util:/home/nagisa/fishbot_ws/install/nav2_voxel_grid:/home/nagisa/fishbot_ws/install/nav2_msgs:/home/nagisa/fishbot_ws/install/nav2_common:/opt/ros/humble LD_LIBRARY_PATH=/home/nagisa/fishbot_ws/install/nav2_costmap_2d/lib:/home/nagisa/fishbot_ws/install/nav2_map_server/lib:/home/nagisa/fishbot_ws/install/nav2_lifecycle_manager/lib:/home/nagisa/fishbot_ws/install/nav2_behavior_tree/lib:/home/nagisa/fishbot_ws/install/nav2_util/lib:/home/nagisa/fishbot_ws/install/nav2_voxel_grid/lib:/home/nagisa/fishbot_ws/install/nav2_msgs/lib:${LD_LIBRARY_PATH} PYTHONPATH=/home/nagisa/fishbot_ws/install/nav2_msgs/local/lib/python3.10/dist-packages:/home/nagisa/fishbot_ws/install/nav2_common/local/lib/python3.10/dist-packages:${PYTHONPATH} /usr/bin/cmake --install /home/nagisa/fishbot_ws/build/nav2_behaviors
[31.818s] -- Install configuration: "Release"
[31.818s] -- Installing: /home/nagisa/fishbot_ws/install/nav2_behaviors/share/nav2_behaviors/behavior_plugin.xml
[31.822s] -- Installing: /home/nagisa/fishbot_ws/install/nav2_behaviors/lib/libbehavior_server_core.so
[31.823s] -- Set runtime path of "/home/nagisa/fishbot_ws/install/nav2_behaviors/lib/libbehavior_server_core.so" to ""
[31.823s] -- Installing: /home/nagisa/fishbot_ws/install/nav2_behaviors/lib/libnav2_spin_behavior.so
[31.824s] -- Set runtime path of "/home/nagisa/fishbot_ws/install/nav2_behaviors/lib/libnav2_spin_behavior.so" to ""
[31.824s] -- Installing: /home/nagisa/fishbot_ws/install/nav2_behaviors/lib/libnav2_wait_behavior.so
[31.826s] -- Set runtime path of "/home/nagisa/fishbot_ws/install/nav2_behaviors/lib/libnav2_wait_behavior.so" to ""
[31.826s] -- Installing: /home/nagisa/fishbot_ws/install/nav2_behaviors/lib/libnav2_assisted_teleop_behavior.so
[31.828s] -- Set runtime path of "/home/nagisa/fishbot_ws/install/nav2_behaviors/lib/libnav2_assisted_teleop_behavior.so" to ""
[31.828s] -- Installing: /home/nagisa/fishbot_ws/install/nav2_behaviors/lib/libnav2_drive_on_heading_behavior.so
[31.829s] -- Set runtime path of "/home/nagisa/fishbot_ws/install/nav2_behaviors/lib/libnav2_drive_on_heading_behavior.so" to ""
[31.829s] -- Installing: /home/nagisa/fishbot_ws/install/nav2_behaviors/lib/libnav2_back_up_behavior.so
[31.830s] -- Set runtime path of "/home/nagisa/fishbot_ws/install/nav2_behaviors/lib/libnav2_back_up_behavior.so" to ""
[31.830s] -- Installing: /home/nagisa/fishbot_ws/install/nav2_behaviors/lib/nav2_behaviors/behavior_server
[31.831s] -- Set runtime path of "/home/nagisa/fishbot_ws/install/nav2_behaviors/lib/nav2_behaviors/behavior_server" to ""
[31.831s] -- Installing: /home/nagisa/fishbot_ws/install/nav2_behaviors/include/
[31.832s] -- Installing: /home/nagisa/fishbot_ws/install/nav2_behaviors/include//nav2_behaviors
[31.832s] -- Installing: /home/nagisa/fishbot_ws/install/nav2_behaviors/include//nav2_behaviors/timed_behavior.hpp
[31.832s] -- Installing: /home/nagisa/fishbot_ws/install/nav2_behaviors/include//nav2_behaviors/behavior_server.hpp
[31.832s] -- Installing: /home/nagisa/fishbot_ws/install/nav2_behaviors/include//nav2_behaviors/plugins
[31.832s] -- Installing: /home/nagisa/fishbot_ws/install/nav2_behaviors/include//nav2_behaviors/plugins/assisted_teleop.hpp
[31.832s] -- Installing: /home/nagisa/fishbot_ws/install/nav2_behaviors/include//nav2_behaviors/plugins/back_up.hpp
[31.832s] -- Installing: /home/nagisa/fishbot_ws/install/nav2_behaviors/include//nav2_behaviors/plugins/drive_on_heading.hpp
[31.832s] -- Installing: /home/nagisa/fishbot_ws/install/nav2_behaviors/include//nav2_behaviors/plugins/spin.hpp
[31.833s] -- Installing: /home/nagisa/fishbot_ws/install/nav2_behaviors/include//nav2_behaviors/plugins/wait.hpp
[31.833s] -- Up-to-date: /home/nagisa/fishbot_ws/install/nav2_behaviors/share/nav2_behaviors/behavior_plugin.xml
[31.833s] -- Installing: /home/nagisa/fishbot_ws/install/nav2_behaviors/share/nav2_behaviors/plugins/
[31.833s] -- Installing: /home/nagisa/fishbot_ws/install/nav2_behaviors/share/nav2_behaviors/plugins//assisted_teleop.cpp
[31.833s] -- Installing: /home/nagisa/fishbot_ws/install/nav2_behaviors/share/nav2_behaviors/plugins//wait.cpp
[31.834s] -- Installing: /home/nagisa/fishbot_ws/install/nav2_behaviors/share/nav2_behaviors/plugins//spin.cpp
[31.834s] -- Installing: /home/nagisa/fishbot_ws/install/nav2_behaviors/share/nav2_behaviors/plugins//drive_on_heading.cpp
[31.834s] -- Installing: /home/nagisa/fishbot_ws/install/nav2_behaviors/share/nav2_behaviors/plugins//back_up.cpp
[31.836s] -- Installing: /home/nagisa/fishbot_ws/install/nav2_behaviors/share/nav2_behaviors/environment/library_path.sh
[31.836s] -- Installing: /home/nagisa/fishbot_ws/install/nav2_behaviors/share/nav2_behaviors/environment/library_path.dsv
[31.837s] -- Installing: /home/nagisa/fishbot_ws/install/nav2_behaviors/share/ament_index/resource_index/package_run_dependencies/nav2_behaviors
[31.838s] -- Installing: /home/nagisa/fishbot_ws/install/nav2_behaviors/share/ament_index/resource_index/parent_prefix_path/nav2_behaviors
[31.839s] -- Installing: /home/nagisa/fishbot_ws/install/nav2_behaviors/share/nav2_behaviors/environment/ament_prefix_path.sh
[31.839s] -- Installing: /home/nagisa/fishbot_ws/install/nav2_behaviors/share/nav2_behaviors/environment/ament_prefix_path.dsv
[31.839s] -- Installing: /home/nagisa/fishbot_ws/install/nav2_behaviors/share/nav2_behaviors/environment/path.sh
[31.840s] -- Installing: /home/nagisa/fishbot_ws/install/nav2_behaviors/share/nav2_behaviors/environment/path.dsv
[31.840s] -- Installing: /home/nagisa/fishbot_ws/install/nav2_behaviors/share/nav2_behaviors/local_setup.bash
[31.840s] -- Installing: /home/nagisa/fishbot_ws/install/nav2_behaviors/share/nav2_behaviors/local_setup.sh
[31.841s] -- Installing: /home/nagisa/fishbot_ws/install/nav2_behaviors/share/nav2_behaviors/local_setup.zsh
[31.841s] -- Installing: /home/nagisa/fishbot_ws/install/nav2_behaviors/share/nav2_behaviors/local_setup.dsv
[31.841s] -- Installing: /home/nagisa/fishbot_ws/install/nav2_behaviors/share/nav2_behaviors/package.dsv
[31.842s] -- Installing: /home/nagisa/fishbot_ws/install/nav2_behaviors/share/ament_index/resource_index/packages/nav2_behaviors
[31.842s] -- Installing: /home/nagisa/fishbot_ws/install/nav2_behaviors/share/ament_index/resource_index/nav2_core__pluginlib__plugin/nav2_behaviors
[31.843s] -- Installing: /home/nagisa/fishbot_ws/install/nav2_behaviors/share/ament_index/resource_index/rclcpp_components/nav2_behaviors
[31.843s] -- Installing: /home/nagisa/fishbot_ws/install/nav2_behaviors/share/nav2_behaviors/cmake/ament_cmake_export_include_directories-extras.cmake
[31.844s] -- Installing: /home/nagisa/fishbot_ws/install/nav2_behaviors/share/nav2_behaviors/cmake/ament_cmake_export_libraries-extras.cmake
[31.844s] -- Installing: /home/nagisa/fishbot_ws/install/nav2_behaviors/share/nav2_behaviors/cmake/ament_cmake_export_dependencies-extras.cmake
[31.845s] -- Installing: /home/nagisa/fishbot_ws/install/nav2_behaviors/share/nav2_behaviors/cmake/nav2_behaviorsConfig.cmake
[31.845s] -- Installing: /home/nagisa/fishbot_ws/install/nav2_behaviors/share/nav2_behaviors/cmake/nav2_behaviorsConfig-version.cmake
[31.846s] -- Installing: /home/nagisa/fishbot_ws/install/nav2_behaviors/share/nav2_behaviors/package.xml
[31.860s] Invoked command in '/home/nagisa/fishbot_ws/build/nav2_behaviors' returned '0': AMENT_PREFIX_PATH=/home/nagisa/fishbot_ws/install/nav2_core:/home/nagisa/fishbot_ws/install/nav2_costmap_2d:/home/nagisa/fishbot_ws/install/nav2_map_server:/home/nagisa/fishbot_ws/install/nav2_lifecycle_manager:/home/nagisa/fishbot_ws/install/nav2_behavior_tree:/home/nagisa/fishbot_ws/install/nav2_util:/home/nagisa/fishbot_ws/install/nav2_voxel_grid:/home/nagisa/fishbot_ws/install/nav2_msgs:/home/nagisa/fishbot_ws/install/nav2_common:${AMENT_PREFIX_PATH} CMAKE_PREFIX_PATH=/home/nagisa/fishbot_ws/install/nav2_core:/home/nagisa/fishbot_ws/install/nav2_costmap_2d:/home/nagisa/fishbot_ws/install/nav2_map_server:/home/nagisa/fishbot_ws/install/nav2_lifecycle_manager:/home/nagisa/fishbot_ws/install/nav2_behavior_tree:/home/nagisa/fishbot_ws/install/nav2_util:/home/nagisa/fishbot_ws/install/nav2_voxel_grid:/home/nagisa/fishbot_ws/install/nav2_msgs:/home/nagisa/fishbot_ws/install/nav2_common:/opt/ros/humble LD_LIBRARY_PATH=/home/nagisa/fishbot_ws/install/nav2_costmap_2d/lib:/home/nagisa/fishbot_ws/install/nav2_map_server/lib:/home/nagisa/fishbot_ws/install/nav2_lifecycle_manager/lib:/home/nagisa/fishbot_ws/install/nav2_behavior_tree/lib:/home/nagisa/fishbot_ws/install/nav2_util/lib:/home/nagisa/fishbot_ws/install/nav2_voxel_grid/lib:/home/nagisa/fishbot_ws/install/nav2_msgs/lib:${LD_LIBRARY_PATH} PYTHONPATH=/home/nagisa/fishbot_ws/install/nav2_msgs/local/lib/python3.10/dist-packages:/home/nagisa/fishbot_ws/install/nav2_common/local/lib/python3.10/dist-packages:${PYTHONPATH} /usr/bin/cmake --install /home/nagisa/fishbot_ws/build/nav2_behaviors
