[0.024s] Invoking command in '/home/nagisa/fishbot_ws/build/nav2_amcl': AMENT_PREFIX_PATH=/home/nagisa/fishbot_ws/install/nav2_util:/home/nagisa/fishbot_ws/install/nav2_msgs:/home/nagisa/fishbot_ws/install/nav2_common:${AMENT_PREFIX_PATH} CMAKE_PREFIX_PATH=/home/nagisa/fishbot_ws/install/nav2_util:/home/nagisa/fishbot_ws/install/nav2_msgs:/home/nagisa/fishbot_ws/install/nav2_common:/opt/ros/humble LD_LIBRARY_PATH=/home/nagisa/fishbot_ws/install/nav2_util/lib:/home/nagisa/fishbot_ws/install/nav2_msgs/lib:${LD_LIBRARY_PATH} PYTHONPATH=/home/nagisa/fishbot_ws/install/nav2_msgs/local/lib/python3.10/dist-packages:/home/nagisa/fishbot_ws/install/nav2_common/local/lib/python3.10/dist-packages:${PYTHONPATH} /usr/bin/cmake --build /home/nagisa/fishbot_ws/build/nav2_amcl -- -j12 -l12
[0.110s] [ 50%] Built target pf_lib
[0.110s] [ 50%] Built target map_lib
[0.144s] [ 83%] Built target motions_lib
[0.144s] [ 83%] Built target sensors_lib
[0.161s] [35m[1mConsolidate compiler generated dependencies of target amcl_core[0m
[0.187s] [ 91%] Built target amcl_core
[0.206s] [35m[1mConsolidate compiler generated dependencies of target amcl[0m
[0.227s] [100%] Built target amcl
[0.238s] Invoked command in '/home/nagisa/fishbot_ws/build/nav2_amcl' returned '0': AMENT_PREFIX_PATH=/home/nagisa/fishbot_ws/install/nav2_util:/home/nagisa/fishbot_ws/install/nav2_msgs:/home/nagisa/fishbot_ws/install/nav2_common:${AMENT_PREFIX_PATH} CMAKE_PREFIX_PATH=/home/nagisa/fishbot_ws/install/nav2_util:/home/nagisa/fishbot_ws/install/nav2_msgs:/home/nagisa/fishbot_ws/install/nav2_common:/opt/ros/humble LD_LIBRARY_PATH=/home/nagisa/fishbot_ws/install/nav2_util/lib:/home/nagisa/fishbot_ws/install/nav2_msgs/lib:${LD_LIBRARY_PATH} PYTHONPATH=/home/nagisa/fishbot_ws/install/nav2_msgs/local/lib/python3.10/dist-packages:/home/nagisa/fishbot_ws/install/nav2_common/local/lib/python3.10/dist-packages:${PYTHONPATH} /usr/bin/cmake --build /home/nagisa/fishbot_ws/build/nav2_amcl -- -j12 -l12
[0.290s] Invoking command in '/home/nagisa/fishbot_ws/build/nav2_amcl': AMENT_PREFIX_PATH=/home/nagisa/fishbot_ws/install/nav2_util:/home/nagisa/fishbot_ws/install/nav2_msgs:/home/nagisa/fishbot_ws/install/nav2_common:${AMENT_PREFIX_PATH} CMAKE_PREFIX_PATH=/home/nagisa/fishbot_ws/install/nav2_util:/home/nagisa/fishbot_ws/install/nav2_msgs:/home/nagisa/fishbot_ws/install/nav2_common:/opt/ros/humble LD_LIBRARY_PATH=/home/nagisa/fishbot_ws/install/nav2_util/lib:/home/nagisa/fishbot_ws/install/nav2_msgs/lib:${LD_LIBRARY_PATH} PYTHONPATH=/home/nagisa/fishbot_ws/install/nav2_msgs/local/lib/python3.10/dist-packages:/home/nagisa/fishbot_ws/install/nav2_common/local/lib/python3.10/dist-packages:${PYTHONPATH} /usr/bin/cmake --install /home/nagisa/fishbot_ws/build/nav2_amcl
[0.299s] -- Install configuration: "Release"
[0.300s] -- Installing: /home/nagisa/fishbot_ws/install/nav2_amcl/lib/libamcl_core.so
[0.308s] -- Set runtime path of "/home/nagisa/fishbot_ws/install/nav2_amcl/lib/libamcl_core.so" to ""
[0.308s] -- Installing: /home/nagisa/fishbot_ws/install/nav2_amcl/lib/nav2_amcl/amcl
[0.309s] -- Set runtime path of "/home/nagisa/fishbot_ws/install/nav2_amcl/lib/nav2_amcl/amcl" to ""
[0.310s] -- Installing: /home/nagisa/fishbot_ws/install/nav2_amcl/include/
[0.310s] -- Installing: /home/nagisa/fishbot_ws/install/nav2_amcl/include//nav2_amcl
[0.310s] -- Installing: /home/nagisa/fishbot_ws/install/nav2_amcl/include//nav2_amcl/portable_utils.hpp
[0.310s] -- Installing: /home/nagisa/fishbot_ws/install/nav2_amcl/include//nav2_amcl/motion_model
[0.310s] -- Installing: /home/nagisa/fishbot_ws/install/nav2_amcl/include//nav2_amcl/motion_model/omni_motion_model.hpp
[0.310s] -- Installing: /home/nagisa/fishbot_ws/install/nav2_amcl/include//nav2_amcl/motion_model/differential_motion_model.hpp
[0.311s] -- Installing: /home/nagisa/fishbot_ws/install/nav2_amcl/include//nav2_amcl/motion_model/motion_model.hpp
[0.311s] -- Installing: /home/nagisa/fishbot_ws/install/nav2_amcl/include//nav2_amcl/angleutils.hpp
[0.312s] -- Installing: /home/nagisa/fishbot_ws/install/nav2_amcl/include//nav2_amcl/amcl_node.hpp
[0.312s] -- Installing: /home/nagisa/fishbot_ws/install/nav2_amcl/include//nav2_amcl/pf
[0.313s] -- Installing: /home/nagisa/fishbot_ws/install/nav2_amcl/include//nav2_amcl/pf/pf_kdtree.hpp
[0.313s] -- Installing: /home/nagisa/fishbot_ws/install/nav2_amcl/include//nav2_amcl/pf/pf_vector.hpp
[0.313s] -- Installing: /home/nagisa/fishbot_ws/install/nav2_amcl/include//nav2_amcl/pf/pf_pdf.hpp
[0.313s] -- Installing: /home/nagisa/fishbot_ws/install/nav2_amcl/include//nav2_amcl/pf/pf.hpp
[0.314s] -- Installing: /home/nagisa/fishbot_ws/install/nav2_amcl/include//nav2_amcl/pf/eig3.hpp
[0.314s] -- Installing: /home/nagisa/fishbot_ws/install/nav2_amcl/include//nav2_amcl/sensors
[0.314s] -- Installing: /home/nagisa/fishbot_ws/install/nav2_amcl/include//nav2_amcl/sensors/laser
[0.315s] -- Installing: /home/nagisa/fishbot_ws/install/nav2_amcl/include//nav2_amcl/sensors/laser/laser.hpp
[0.315s] -- Installing: /home/nagisa/fishbot_ws/install/nav2_amcl/include//nav2_amcl/map
[0.315s] -- Installing: /home/nagisa/fishbot_ws/install/nav2_amcl/include//nav2_amcl/map/map.hpp
[0.316s] -- Installing: /home/nagisa/fishbot_ws/install/nav2_amcl/share/nav2_amcl/environment/library_path.sh
[0.316s] -- Installing: /home/nagisa/fishbot_ws/install/nav2_amcl/share/nav2_amcl/environment/library_path.dsv
[0.317s] -- Installing: /home/nagisa/fishbot_ws/install/nav2_amcl/share/nav2_amcl/plugins.xml
[0.317s] -- Installing: /home/nagisa/fishbot_ws/install/nav2_amcl/share/ament_index/resource_index/package_run_dependencies/nav2_amcl
[0.317s] -- Installing: /home/nagisa/fishbot_ws/install/nav2_amcl/share/ament_index/resource_index/parent_prefix_path/nav2_amcl
[0.318s] -- Installing: /home/nagisa/fishbot_ws/install/nav2_amcl/share/nav2_amcl/environment/ament_prefix_path.sh
[0.318s] -- Installing: /home/nagisa/fishbot_ws/install/nav2_amcl/share/nav2_amcl/environment/ament_prefix_path.dsv
[0.318s] -- Installing: /home/nagisa/fishbot_ws/install/nav2_amcl/share/nav2_amcl/environment/path.sh
[0.319s] -- Installing: /home/nagisa/fishbot_ws/install/nav2_amcl/share/nav2_amcl/environment/path.dsv
[0.319s] -- Installing: /home/nagisa/fishbot_ws/install/nav2_amcl/share/nav2_amcl/local_setup.bash
[0.319s] -- Installing: /home/nagisa/fishbot_ws/install/nav2_amcl/share/nav2_amcl/local_setup.sh
[0.320s] -- Installing: /home/nagisa/fishbot_ws/install/nav2_amcl/share/nav2_amcl/local_setup.zsh
[0.321s] -- Installing: /home/nagisa/fishbot_ws/install/nav2_amcl/share/nav2_amcl/local_setup.dsv
[0.321s] -- Installing: /home/nagisa/fishbot_ws/install/nav2_amcl/share/nav2_amcl/package.dsv
[0.321s] -- Installing: /home/nagisa/fishbot_ws/install/nav2_amcl/share/ament_index/resource_index/packages/nav2_amcl
[0.322s] -- Installing: /home/nagisa/fishbot_ws/install/nav2_amcl/share/ament_index/resource_index/nav2_amcl__pluginlib__plugin/nav2_amcl
[0.322s] -- Installing: /home/nagisa/fishbot_ws/install/nav2_amcl/share/ament_index/resource_index/rclcpp_components/nav2_amcl
[0.322s] -- Installing: /home/nagisa/fishbot_ws/install/nav2_amcl/share/nav2_amcl/cmake/ament_cmake_export_include_directories-extras.cmake
[0.323s] -- Installing: /home/nagisa/fishbot_ws/install/nav2_amcl/share/nav2_amcl/cmake/ament_cmake_export_libraries-extras.cmake
[0.323s] -- Installing: /home/nagisa/fishbot_ws/install/nav2_amcl/share/nav2_amcl/cmake/ament_cmake_export_dependencies-extras.cmake
[0.324s] -- Installing: /home/nagisa/fishbot_ws/install/nav2_amcl/share/nav2_amcl/cmake/nav2_amclConfig.cmake
[0.324s] -- Installing: /home/nagisa/fishbot_ws/install/nav2_amcl/share/nav2_amcl/cmake/nav2_amclConfig-version.cmake
[0.325s] -- Installing: /home/nagisa/fishbot_ws/install/nav2_amcl/share/nav2_amcl/package.xml
[0.325s] -- Installing: /home/nagisa/fishbot_ws/install/nav2_amcl/lib/libpf_lib.so
[0.327s] -- Installing: /home/nagisa/fishbot_ws/install/nav2_amcl/lib/libmap_lib.so
[0.328s] -- Installing: /home/nagisa/fishbot_ws/install/nav2_amcl/lib/libmotions_lib.so
[0.330s] -- Set runtime path of "/home/nagisa/fishbot_ws/install/nav2_amcl/lib/libmotions_lib.so" to ""
[0.330s] -- Installing: /home/nagisa/fishbot_ws/install/nav2_amcl/lib/libsensors_lib.so
[0.332s] -- Set runtime path of "/home/nagisa/fishbot_ws/install/nav2_amcl/lib/libsensors_lib.so" to ""
[0.335s] Invoked command in '/home/nagisa/fishbot_ws/build/nav2_amcl' returned '0': AMENT_PREFIX_PATH=/home/nagisa/fishbot_ws/install/nav2_util:/home/nagisa/fishbot_ws/install/nav2_msgs:/home/nagisa/fishbot_ws/install/nav2_common:${AMENT_PREFIX_PATH} CMAKE_PREFIX_PATH=/home/nagisa/fishbot_ws/install/nav2_util:/home/nagisa/fishbot_ws/install/nav2_msgs:/home/nagisa/fishbot_ws/install/nav2_common:/opt/ros/humble LD_LIBRARY_PATH=/home/nagisa/fishbot_ws/install/nav2_util/lib:/home/nagisa/fishbot_ws/install/nav2_msgs/lib:${LD_LIBRARY_PATH} PYTHONPATH=/home/nagisa/fishbot_ws/install/nav2_msgs/local/lib/python3.10/dist-packages:/home/nagisa/fishbot_ws/install/nav2_common/local/lib/python3.10/dist-packages:${PYTHONPATH} /usr/bin/cmake --install /home/nagisa/fishbot_ws/build/nav2_amcl
