[0.101s] DEBUG:colcon:Command line arguments: ['/usr/bin/colcon', 'build']
[0.101s] DEBUG:colcon:Parsed command line arguments: Namespace(log_base=None, log_level=None, verb_name='build', build_base='build', install_base='install', merge_install=False, symlink_install=False, test_result_base=None, continue_on_error=False, executor='parallel', parallel_workers=12, event_handlers=None, ignore_user_meta=False, metas=['./colcon.meta'], base_paths=['.'], packages_ignore=None, packages_ignore_regex=None, paths=None, packages_up_to=None, packages_up_to_regex=None, packages_above=None, packages_above_and_dependencies=None, packages_above_depth=None, packages_select_by_dep=None, packages_skip_by_dep=None, packages_skip_up_to=None, packages_select_build_failed=False, packages_skip_build_finished=False, packages_select_test_failures=False, packages_skip_test_passed=False, packages_select=None, packages_skip=None, packages_select_regex=None, packages_skip_regex=None, packages_start=None, packages_end=None, allow_overriding=[], cmake_args=None, cmake_target=None, cmake_target_skip_unavailable=False, cmake_clean_cache=False, cmake_clean_first=False, cmake_force_configure=False, ament_cmake_args=None, catkin_cmake_args=None, catkin_skip_building_tests=False, verb_parser=<colcon_defaults.argument_parser.defaults.DefaultArgumentsDecorator object at 0x788742245330>, verb_extension=<colcon_core.verb.build.BuildVerb object at 0x788742244c70>, main=<bound method BuildVerb.main of <colcon_core.verb.build.BuildVerb object at 0x788742244c70>>)
[0.243s] Level 1:colcon.colcon_core.package_discovery:discover_packages(colcon_meta) check parameters
[0.244s] Level 1:colcon.colcon_core.package_discovery:discover_packages(recursive) check parameters
[0.244s] Level 1:colcon.colcon_core.package_discovery:discover_packages(ignore) check parameters
[0.244s] Level 1:colcon.colcon_core.package_discovery:discover_packages(path) check parameters
[0.244s] Level 1:colcon.colcon_core.package_discovery:discover_packages(colcon_meta) discover
[0.244s] Level 1:colcon.colcon_core.package_discovery:discover_packages(recursive) discover
[0.244s] INFO:colcon.colcon_core.package_discovery:Crawling recursively for packages in '/home/nagisa/fishbot_ws'
[0.244s] Level 1:colcon.colcon_core.package_identification:_identify(.) by extensions ['ignore', 'ignore_ament_install']
[0.244s] Level 1:colcon.colcon_core.package_identification:_identify(.) by extension 'ignore'
[0.244s] Level 1:colcon.colcon_core.package_identification:_identify(.) by extension 'ignore_ament_install'
[0.244s] Level 1:colcon.colcon_core.package_identification:_identify(.) by extensions ['colcon_pkg']
[0.244s] Level 1:colcon.colcon_core.package_identification:_identify(.) by extension 'colcon_pkg'
[0.244s] Level 1:colcon.colcon_core.package_identification:_identify(.) by extensions ['colcon_meta']
[0.244s] Level 1:colcon.colcon_core.package_identification:_identify(.) by extension 'colcon_meta'
[0.244s] Level 1:colcon.colcon_core.package_identification:_identify(.) by extensions ['ros']
[0.244s] Level 1:colcon.colcon_core.package_identification:_identify(.) by extension 'ros'
[0.254s] Level 1:colcon.colcon_core.package_identification:_identify(.) by extensions ['cmake', 'python']
[0.254s] Level 1:colcon.colcon_core.package_identification:_identify(.) by extension 'cmake'
[0.254s] Level 1:colcon.colcon_core.package_identification:_identify(.) by extension 'python'
[0.254s] Level 1:colcon.colcon_core.package_identification:_identify(.) by extensions ['python_setup_py']
[0.254s] Level 1:colcon.colcon_core.package_identification:_identify(.) by extension 'python_setup_py'
[0.254s] Level 1:colcon.colcon_core.package_identification:_identify(build) by extensions ['ignore', 'ignore_ament_install']
[0.254s] Level 1:colcon.colcon_core.package_identification:_identify(build) by extension 'ignore'
[0.254s] Level 1:colcon.colcon_core.package_identification:_identify(build) ignored
[0.254s] Level 1:colcon.colcon_core.package_identification:_identify(install) by extensions ['ignore', 'ignore_ament_install']
[0.254s] Level 1:colcon.colcon_core.package_identification:_identify(install) by extension 'ignore'
[0.254s] Level 1:colcon.colcon_core.package_identification:_identify(install) ignored
[0.255s] Level 1:colcon.colcon_core.package_identification:_identify(log) by extensions ['ignore', 'ignore_ament_install']
[0.255s] Level 1:colcon.colcon_core.package_identification:_identify(log) by extension 'ignore'
[0.255s] Level 1:colcon.colcon_core.package_identification:_identify(log) ignored
[0.255s] Level 1:colcon.colcon_core.package_identification:_identify(src) by extensions ['ignore', 'ignore_ament_install']
[0.255s] Level 1:colcon.colcon_core.package_identification:_identify(src) by extension 'ignore'
[0.255s] Level 1:colcon.colcon_core.package_identification:_identify(src) by extension 'ignore_ament_install'
[0.255s] Level 1:colcon.colcon_core.package_identification:_identify(src) by extensions ['colcon_pkg']
[0.255s] Level 1:colcon.colcon_core.package_identification:_identify(src) by extension 'colcon_pkg'
[0.255s] Level 1:colcon.colcon_core.package_identification:_identify(src) by extensions ['colcon_meta']
[0.255s] Level 1:colcon.colcon_core.package_identification:_identify(src) by extension 'colcon_meta'
[0.255s] Level 1:colcon.colcon_core.package_identification:_identify(src) by extensions ['ros']
[0.255s] Level 1:colcon.colcon_core.package_identification:_identify(src) by extension 'ros'
[0.255s] Level 1:colcon.colcon_core.package_identification:_identify(src) by extensions ['cmake', 'python']
[0.255s] Level 1:colcon.colcon_core.package_identification:_identify(src) by extension 'cmake'
[0.255s] Level 1:colcon.colcon_core.package_identification:_identify(src) by extension 'python'
[0.255s] Level 1:colcon.colcon_core.package_identification:_identify(src) by extensions ['python_setup_py']
[0.255s] Level 1:colcon.colcon_core.package_identification:_identify(src) by extension 'python_setup_py'
[0.255s] Level 1:colcon.colcon_core.package_identification:_identify(src/build) by extensions ['ignore', 'ignore_ament_install']
[0.255s] Level 1:colcon.colcon_core.package_identification:_identify(src/build) by extension 'ignore'
[0.255s] Level 1:colcon.colcon_core.package_identification:_identify(src/build) ignored
[0.255s] Level 1:colcon.colcon_core.package_identification:_identify(src/cartographer) by extensions ['ignore', 'ignore_ament_install']
[0.255s] Level 1:colcon.colcon_core.package_identification:_identify(src/cartographer) by extension 'ignore'
[0.256s] Level 1:colcon.colcon_core.package_identification:_identify(src/cartographer) by extension 'ignore_ament_install'
[0.256s] Level 1:colcon.colcon_core.package_identification:_identify(src/cartographer) by extensions ['colcon_pkg']
[0.256s] Level 1:colcon.colcon_core.package_identification:_identify(src/cartographer) by extension 'colcon_pkg'
[0.256s] Level 1:colcon.colcon_core.package_identification:_identify(src/cartographer) by extensions ['colcon_meta']
[0.256s] Level 1:colcon.colcon_core.package_identification:_identify(src/cartographer) by extension 'colcon_meta'
[0.256s] Level 1:colcon.colcon_core.package_identification:_identify(src/cartographer) by extensions ['ros']
[0.256s] Level 1:colcon.colcon_core.package_identification:_identify(src/cartographer) by extension 'ros'
[0.258s] DEBUG:colcon.colcon_core.package_identification:Package 'src/cartographer' with type 'ros.cmake' and name 'cartographer'
[0.258s] Level 1:colcon.colcon_core.package_identification:_identify(src/cartographer_ros) by extensions ['ignore', 'ignore_ament_install']
[0.258s] Level 1:colcon.colcon_core.package_identification:_identify(src/cartographer_ros) by extension 'ignore'
[0.258s] Level 1:colcon.colcon_core.package_identification:_identify(src/cartographer_ros) by extension 'ignore_ament_install'
[0.259s] Level 1:colcon.colcon_core.package_identification:_identify(src/cartographer_ros) by extensions ['colcon_pkg']
[0.259s] Level 1:colcon.colcon_core.package_identification:_identify(src/cartographer_ros) by extension 'colcon_pkg'
[0.259s] Level 1:colcon.colcon_core.package_identification:_identify(src/cartographer_ros) by extensions ['colcon_meta']
[0.259s] Level 1:colcon.colcon_core.package_identification:_identify(src/cartographer_ros) by extension 'colcon_meta'
[0.259s] Level 1:colcon.colcon_core.package_identification:_identify(src/cartographer_ros) by extensions ['ros']
[0.259s] Level 1:colcon.colcon_core.package_identification:_identify(src/cartographer_ros) by extension 'ros'
[0.259s] Level 1:colcon.colcon_core.package_identification:_identify(src/cartographer_ros) by extensions ['cmake', 'python']
[0.259s] Level 1:colcon.colcon_core.package_identification:_identify(src/cartographer_ros) by extension 'cmake'
[0.259s] Level 1:colcon.colcon_core.package_identification:_identify(src/cartographer_ros) by extension 'python'
[0.259s] Level 1:colcon.colcon_core.package_identification:_identify(src/cartographer_ros) by extensions ['python_setup_py']
[0.259s] Level 1:colcon.colcon_core.package_identification:_identify(src/cartographer_ros) by extension 'python_setup_py'
[0.259s] Level 1:colcon.colcon_core.package_identification:_identify(src/cartographer_ros/cartographer_ros) by extensions ['ignore', 'ignore_ament_install']
[0.259s] Level 1:colcon.colcon_core.package_identification:_identify(src/cartographer_ros/cartographer_ros) by extension 'ignore'
[0.259s] Level 1:colcon.colcon_core.package_identification:_identify(src/cartographer_ros/cartographer_ros) by extension 'ignore_ament_install'
[0.259s] Level 1:colcon.colcon_core.package_identification:_identify(src/cartographer_ros/cartographer_ros) by extensions ['colcon_pkg']
[0.259s] Level 1:colcon.colcon_core.package_identification:_identify(src/cartographer_ros/cartographer_ros) by extension 'colcon_pkg'
[0.259s] Level 1:colcon.colcon_core.package_identification:_identify(src/cartographer_ros/cartographer_ros) by extensions ['colcon_meta']
[0.259s] Level 1:colcon.colcon_core.package_identification:_identify(src/cartographer_ros/cartographer_ros) by extension 'colcon_meta'
[0.259s] Level 1:colcon.colcon_core.package_identification:_identify(src/cartographer_ros/cartographer_ros) by extensions ['ros']
[0.259s] Level 1:colcon.colcon_core.package_identification:_identify(src/cartographer_ros/cartographer_ros) by extension 'ros'
[0.261s] DEBUG:colcon.colcon_core.package_identification:Package 'src/cartographer_ros/cartographer_ros' with type 'ros.ament_cmake' and name 'cartographer_ros'
[0.261s] Level 1:colcon.colcon_core.package_identification:_identify(src/cartographer_ros/cartographer_ros_msgs) by extensions ['ignore', 'ignore_ament_install']
[0.261s] Level 1:colcon.colcon_core.package_identification:_identify(src/cartographer_ros/cartographer_ros_msgs) by extension 'ignore'
[0.261s] Level 1:colcon.colcon_core.package_identification:_identify(src/cartographer_ros/cartographer_ros_msgs) by extension 'ignore_ament_install'
[0.261s] Level 1:colcon.colcon_core.package_identification:_identify(src/cartographer_ros/cartographer_ros_msgs) by extensions ['colcon_pkg']
[0.261s] Level 1:colcon.colcon_core.package_identification:_identify(src/cartographer_ros/cartographer_ros_msgs) by extension 'colcon_pkg'
[0.261s] Level 1:colcon.colcon_core.package_identification:_identify(src/cartographer_ros/cartographer_ros_msgs) by extensions ['colcon_meta']
[0.261s] Level 1:colcon.colcon_core.package_identification:_identify(src/cartographer_ros/cartographer_ros_msgs) by extension 'colcon_meta'
[0.261s] Level 1:colcon.colcon_core.package_identification:_identify(src/cartographer_ros/cartographer_ros_msgs) by extensions ['ros']
[0.261s] Level 1:colcon.colcon_core.package_identification:_identify(src/cartographer_ros/cartographer_ros_msgs) by extension 'ros'
[0.262s] DEBUG:colcon.colcon_core.package_identification:Package 'src/cartographer_ros/cartographer_ros_msgs' with type 'ros.ament_cmake' and name 'cartographer_ros_msgs'
[0.262s] Level 1:colcon.colcon_core.package_identification:_identify(src/cartographer_ros/cartographer_rviz) by extensions ['ignore', 'ignore_ament_install']
[0.262s] Level 1:colcon.colcon_core.package_identification:_identify(src/cartographer_ros/cartographer_rviz) by extension 'ignore'
[0.262s] Level 1:colcon.colcon_core.package_identification:_identify(src/cartographer_ros/cartographer_rviz) by extension 'ignore_ament_install'
[0.262s] Level 1:colcon.colcon_core.package_identification:_identify(src/cartographer_ros/cartographer_rviz) by extensions ['colcon_pkg']
[0.262s] Level 1:colcon.colcon_core.package_identification:_identify(src/cartographer_ros/cartographer_rviz) by extension 'colcon_pkg'
[0.262s] Level 1:colcon.colcon_core.package_identification:_identify(src/cartographer_ros/cartographer_rviz) by extensions ['colcon_meta']
[0.263s] Level 1:colcon.colcon_core.package_identification:_identify(src/cartographer_ros/cartographer_rviz) by extension 'colcon_meta'
[0.263s] Level 1:colcon.colcon_core.package_identification:_identify(src/cartographer_ros/cartographer_rviz) by extensions ['ros']
[0.263s] Level 1:colcon.colcon_core.package_identification:_identify(src/cartographer_ros/cartographer_rviz) by extension 'ros'
[0.263s] DEBUG:colcon.colcon_core.package_identification:Package 'src/cartographer_ros/cartographer_rviz' with type 'ros.ament_cmake' and name 'cartographer_rviz'
[0.264s] Level 1:colcon.colcon_core.package_identification:_identify(src/cartographer_ros/docs) by extensions ['ignore', 'ignore_ament_install']
[0.264s] Level 1:colcon.colcon_core.package_identification:_identify(src/cartographer_ros/docs) by extension 'ignore'
[0.264s] Level 1:colcon.colcon_core.package_identification:_identify(src/cartographer_ros/docs) ignored
[0.264s] Level 1:colcon.colcon_core.package_identification:_identify(src/cartographer_ros/scripts) by extensions ['ignore', 'ignore_ament_install']
[0.264s] Level 1:colcon.colcon_core.package_identification:_identify(src/cartographer_ros/scripts) by extension 'ignore'
[0.264s] Level 1:colcon.colcon_core.package_identification:_identify(src/cartographer_ros/scripts) by extension 'ignore_ament_install'
[0.264s] Level 1:colcon.colcon_core.package_identification:_identify(src/cartographer_ros/scripts) by extensions ['colcon_pkg']
[0.264s] Level 1:colcon.colcon_core.package_identification:_identify(src/cartographer_ros/scripts) by extension 'colcon_pkg'
[0.264s] Level 1:colcon.colcon_core.package_identification:_identify(src/cartographer_ros/scripts) by extensions ['colcon_meta']
[0.264s] Level 1:colcon.colcon_core.package_identification:_identify(src/cartographer_ros/scripts) by extension 'colcon_meta'
[0.264s] Level 1:colcon.colcon_core.package_identification:_identify(src/cartographer_ros/scripts) by extensions ['ros']
[0.264s] Level 1:colcon.colcon_core.package_identification:_identify(src/cartographer_ros/scripts) by extension 'ros'
[0.264s] Level 1:colcon.colcon_core.package_identification:_identify(src/cartographer_ros/scripts) by extensions ['cmake', 'python']
[0.264s] Level 1:colcon.colcon_core.package_identification:_identify(src/cartographer_ros/scripts) by extension 'cmake'
[0.264s] Level 1:colcon.colcon_core.package_identification:_identify(src/cartographer_ros/scripts) by extension 'python'
[0.264s] Level 1:colcon.colcon_core.package_identification:_identify(src/cartographer_ros/scripts) by extensions ['python_setup_py']
[0.264s] Level 1:colcon.colcon_core.package_identification:_identify(src/cartographer_ros/scripts) by extension 'python_setup_py'
[0.264s] Level 1:colcon.colcon_core.package_identification:_identify(src/fishbot_cartographer) by extensions ['ignore', 'ignore_ament_install']
[0.264s] Level 1:colcon.colcon_core.package_identification:_identify(src/fishbot_cartographer) by extension 'ignore'
[0.264s] Level 1:colcon.colcon_core.package_identification:_identify(src/fishbot_cartographer) by extension 'ignore_ament_install'
[0.264s] Level 1:colcon.colcon_core.package_identification:_identify(src/fishbot_cartographer) by extensions ['colcon_pkg']
[0.265s] Level 1:colcon.colcon_core.package_identification:_identify(src/fishbot_cartographer) by extension 'colcon_pkg'
[0.265s] Level 1:colcon.colcon_core.package_identification:_identify(src/fishbot_cartographer) by extensions ['colcon_meta']
[0.265s] Level 1:colcon.colcon_core.package_identification:_identify(src/fishbot_cartographer) by extension 'colcon_meta'
[0.265s] Level 1:colcon.colcon_core.package_identification:_identify(src/fishbot_cartographer) by extensions ['ros']
[0.265s] Level 1:colcon.colcon_core.package_identification:_identify(src/fishbot_cartographer) by extension 'ros'
[0.265s] DEBUG:colcon.colcon_core.package_identification:Package 'src/fishbot_cartographer' with type 'ros.ament_cmake' and name 'fishbot_cartographer'
[0.265s] Level 1:colcon.colcon_core.package_identification:_identify(src/fishbot_description) by extensions ['ignore', 'ignore_ament_install']
[0.265s] Level 1:colcon.colcon_core.package_identification:_identify(src/fishbot_description) by extension 'ignore'
[0.265s] Level 1:colcon.colcon_core.package_identification:_identify(src/fishbot_description) by extension 'ignore_ament_install'
[0.265s] Level 1:colcon.colcon_core.package_identification:_identify(src/fishbot_description) by extensions ['colcon_pkg']
[0.265s] Level 1:colcon.colcon_core.package_identification:_identify(src/fishbot_description) by extension 'colcon_pkg'
[0.265s] Level 1:colcon.colcon_core.package_identification:_identify(src/fishbot_description) by extensions ['colcon_meta']
[0.265s] Level 1:colcon.colcon_core.package_identification:_identify(src/fishbot_description) by extension 'colcon_meta'
[0.265s] Level 1:colcon.colcon_core.package_identification:_identify(src/fishbot_description) by extensions ['ros']
[0.265s] Level 1:colcon.colcon_core.package_identification:_identify(src/fishbot_description) by extension 'ros'
[0.266s] DEBUG:colcon.colcon_core.package_identification:Package 'src/fishbot_description' with type 'ros.ament_python' and name 'fishbot_description'
[0.266s] Level 1:colcon.colcon_core.package_identification:_identify(src/install) by extensions ['ignore', 'ignore_ament_install']
[0.266s] Level 1:colcon.colcon_core.package_identification:_identify(src/install) by extension 'ignore'
[0.266s] Level 1:colcon.colcon_core.package_identification:_identify(src/install) ignored
[0.266s] Level 1:colcon.colcon_core.package_identification:_identify(src/log) by extensions ['ignore', 'ignore_ament_install']
[0.266s] Level 1:colcon.colcon_core.package_identification:_identify(src/log) by extension 'ignore'
[0.266s] Level 1:colcon.colcon_core.package_identification:_identify(src/log) ignored
[0.266s] Level 1:colcon.colcon_core.package_discovery:discover_packages(recursive) using defaults
[0.266s] Level 1:colcon.colcon_core.package_discovery:discover_packages(ignore) discover
[0.266s] Level 1:colcon.colcon_core.package_discovery:discover_packages(ignore) using defaults
[0.266s] Level 1:colcon.colcon_core.package_discovery:discover_packages(path) discover
[0.266s] Level 1:colcon.colcon_core.package_discovery:discover_packages(path) using defaults
[0.286s] Level 1:colcon.colcon_core.package_discovery:discover_packages(prefix_path) check parameters
[0.286s] Level 1:colcon.colcon_core.package_discovery:discover_packages(prefix_path) discover
[0.287s] WARNING:colcon.colcon_ros.prefix_path.ament:The path '/home/nagisa/fishbot_ws/install/fishbot_description' in the environment variable AMENT_PREFIX_PATH doesn't exist
[0.288s] DEBUG:colcon.colcon_installed_package_information.package_discovery:Found 5 installed packages in /home/nagisa/fishbot_ws/install
[0.290s] DEBUG:colcon.colcon_installed_package_information.package_discovery:Found 364 installed packages in /opt/ros/humble
[0.299s] Level 1:colcon.colcon_core.package_discovery:discover_packages(prefix_path) using defaults
[0.345s] Level 5:colcon.colcon_core.verb:set package 'cartographer' build argument 'cmake_args' from command line to 'None'
[0.345s] Level 5:colcon.colcon_core.verb:set package 'cartographer' build argument 'cmake_target' from command line to 'None'
[0.345s] Level 5:colcon.colcon_core.verb:set package 'cartographer' build argument 'cmake_target_skip_unavailable' from command line to 'False'
[0.345s] Level 5:colcon.colcon_core.verb:set package 'cartographer' build argument 'cmake_clean_cache' from command line to 'False'
[0.345s] Level 5:colcon.colcon_core.verb:set package 'cartographer' build argument 'cmake_clean_first' from command line to 'False'
[0.345s] Level 5:colcon.colcon_core.verb:set package 'cartographer' build argument 'cmake_force_configure' from command line to 'False'
[0.345s] Level 5:colcon.colcon_core.verb:set package 'cartographer' build argument 'ament_cmake_args' from command line to 'None'
[0.345s] Level 5:colcon.colcon_core.verb:set package 'cartographer' build argument 'catkin_cmake_args' from command line to 'None'
[0.345s] Level 5:colcon.colcon_core.verb:set package 'cartographer' build argument 'catkin_skip_building_tests' from command line to 'False'
[0.345s] DEBUG:colcon.colcon_core.verb:Building package 'cartographer' with the following arguments: {'ament_cmake_args': None, 'build_base': '/home/nagisa/fishbot_ws/build/cartographer', 'catkin_cmake_args': None, 'catkin_skip_building_tests': False, 'cmake_args': None, 'cmake_clean_cache': False, 'cmake_clean_first': False, 'cmake_force_configure': False, 'cmake_target': None, 'cmake_target_skip_unavailable': False, 'install_base': '/home/nagisa/fishbot_ws/install/cartographer', 'merge_install': False, 'path': '/home/nagisa/fishbot_ws/src/cartographer', 'symlink_install': False, 'test_result_base': None}
[0.346s] Level 5:colcon.colcon_core.verb:set package 'cartographer_ros_msgs' build argument 'cmake_args' from command line to 'None'
[0.346s] Level 5:colcon.colcon_core.verb:set package 'cartographer_ros_msgs' build argument 'cmake_target' from command line to 'None'
[0.346s] Level 5:colcon.colcon_core.verb:set package 'cartographer_ros_msgs' build argument 'cmake_target_skip_unavailable' from command line to 'False'
[0.346s] Level 5:colcon.colcon_core.verb:set package 'cartographer_ros_msgs' build argument 'cmake_clean_cache' from command line to 'False'
[0.346s] Level 5:colcon.colcon_core.verb:set package 'cartographer_ros_msgs' build argument 'cmake_clean_first' from command line to 'False'
[0.346s] Level 5:colcon.colcon_core.verb:set package 'cartographer_ros_msgs' build argument 'cmake_force_configure' from command line to 'False'
[0.346s] Level 5:colcon.colcon_core.verb:set package 'cartographer_ros_msgs' build argument 'ament_cmake_args' from command line to 'None'
[0.346s] Level 5:colcon.colcon_core.verb:set package 'cartographer_ros_msgs' build argument 'catkin_cmake_args' from command line to 'None'
[0.346s] Level 5:colcon.colcon_core.verb:set package 'cartographer_ros_msgs' build argument 'catkin_skip_building_tests' from command line to 'False'
[0.346s] DEBUG:colcon.colcon_core.verb:Building package 'cartographer_ros_msgs' with the following arguments: {'ament_cmake_args': None, 'build_base': '/home/nagisa/fishbot_ws/build/cartographer_ros_msgs', 'catkin_cmake_args': None, 'catkin_skip_building_tests': False, 'cmake_args': None, 'cmake_clean_cache': False, 'cmake_clean_first': False, 'cmake_force_configure': False, 'cmake_target': None, 'cmake_target_skip_unavailable': False, 'install_base': '/home/nagisa/fishbot_ws/install/cartographer_ros_msgs', 'merge_install': False, 'path': '/home/nagisa/fishbot_ws/src/cartographer_ros/cartographer_ros_msgs', 'symlink_install': False, 'test_result_base': None}
[0.346s] Level 5:colcon.colcon_core.verb:set package 'fishbot_cartographer' build argument 'cmake_args' from command line to 'None'
[0.346s] Level 5:colcon.colcon_core.verb:set package 'fishbot_cartographer' build argument 'cmake_target' from command line to 'None'
[0.346s] Level 5:colcon.colcon_core.verb:set package 'fishbot_cartographer' build argument 'cmake_target_skip_unavailable' from command line to 'False'
[0.346s] Level 5:colcon.colcon_core.verb:set package 'fishbot_cartographer' build argument 'cmake_clean_cache' from command line to 'False'
[0.346s] Level 5:colcon.colcon_core.verb:set package 'fishbot_cartographer' build argument 'cmake_clean_first' from command line to 'False'
[0.346s] Level 5:colcon.colcon_core.verb:set package 'fishbot_cartographer' build argument 'cmake_force_configure' from command line to 'False'
[0.346s] Level 5:colcon.colcon_core.verb:set package 'fishbot_cartographer' build argument 'ament_cmake_args' from command line to 'None'
[0.346s] Level 5:colcon.colcon_core.verb:set package 'fishbot_cartographer' build argument 'catkin_cmake_args' from command line to 'None'
[0.346s] Level 5:colcon.colcon_core.verb:set package 'fishbot_cartographer' build argument 'catkin_skip_building_tests' from command line to 'False'
[0.346s] DEBUG:colcon.colcon_core.verb:Building package 'fishbot_cartographer' with the following arguments: {'ament_cmake_args': None, 'build_base': '/home/nagisa/fishbot_ws/build/fishbot_cartographer', 'catkin_cmake_args': None, 'catkin_skip_building_tests': False, 'cmake_args': None, 'cmake_clean_cache': False, 'cmake_clean_first': False, 'cmake_force_configure': False, 'cmake_target': None, 'cmake_target_skip_unavailable': False, 'install_base': '/home/nagisa/fishbot_ws/install/fishbot_cartographer', 'merge_install': False, 'path': '/home/nagisa/fishbot_ws/src/fishbot_cartographer', 'symlink_install': False, 'test_result_base': None}
[0.347s] Level 5:colcon.colcon_core.verb:set package 'fishbot_description' build argument 'cmake_args' from command line to 'None'
[0.347s] Level 5:colcon.colcon_core.verb:set package 'fishbot_description' build argument 'cmake_target' from command line to 'None'
[0.347s] Level 5:colcon.colcon_core.verb:set package 'fishbot_description' build argument 'cmake_target_skip_unavailable' from command line to 'False'
[0.347s] Level 5:colcon.colcon_core.verb:set package 'fishbot_description' build argument 'cmake_clean_cache' from command line to 'False'
[0.347s] Level 5:colcon.colcon_core.verb:set package 'fishbot_description' build argument 'cmake_clean_first' from command line to 'False'
[0.347s] Level 5:colcon.colcon_core.verb:set package 'fishbot_description' build argument 'cmake_force_configure' from command line to 'False'
[0.347s] Level 5:colcon.colcon_core.verb:set package 'fishbot_description' build argument 'ament_cmake_args' from command line to 'None'
[0.347s] Level 5:colcon.colcon_core.verb:set package 'fishbot_description' build argument 'catkin_cmake_args' from command line to 'None'
[0.347s] Level 5:colcon.colcon_core.verb:set package 'fishbot_description' build argument 'catkin_skip_building_tests' from command line to 'False'
[0.347s] DEBUG:colcon.colcon_core.verb:Building package 'fishbot_description' with the following arguments: {'ament_cmake_args': None, 'build_base': '/home/nagisa/fishbot_ws/build/fishbot_description', 'catkin_cmake_args': None, 'catkin_skip_building_tests': False, 'cmake_args': None, 'cmake_clean_cache': False, 'cmake_clean_first': False, 'cmake_force_configure': False, 'cmake_target': None, 'cmake_target_skip_unavailable': False, 'install_base': '/home/nagisa/fishbot_ws/install/fishbot_description', 'merge_install': False, 'path': '/home/nagisa/fishbot_ws/src/fishbot_description', 'symlink_install': False, 'test_result_base': None}
[0.347s] Level 5:colcon.colcon_core.verb:set package 'cartographer_ros' build argument 'cmake_args' from command line to 'None'
[0.347s] Level 5:colcon.colcon_core.verb:set package 'cartographer_ros' build argument 'cmake_target' from command line to 'None'
[0.347s] Level 5:colcon.colcon_core.verb:set package 'cartographer_ros' build argument 'cmake_target_skip_unavailable' from command line to 'False'
[0.347s] Level 5:colcon.colcon_core.verb:set package 'cartographer_ros' build argument 'cmake_clean_cache' from command line to 'False'
[0.347s] Level 5:colcon.colcon_core.verb:set package 'cartographer_ros' build argument 'cmake_clean_first' from command line to 'False'
[0.347s] Level 5:colcon.colcon_core.verb:set package 'cartographer_ros' build argument 'cmake_force_configure' from command line to 'False'
[0.347s] Level 5:colcon.colcon_core.verb:set package 'cartographer_ros' build argument 'ament_cmake_args' from command line to 'None'
[0.347s] Level 5:colcon.colcon_core.verb:set package 'cartographer_ros' build argument 'catkin_cmake_args' from command line to 'None'
[0.347s] Level 5:colcon.colcon_core.verb:set package 'cartographer_ros' build argument 'catkin_skip_building_tests' from command line to 'False'
[0.348s] DEBUG:colcon.colcon_core.verb:Building package 'cartographer_ros' with the following arguments: {'ament_cmake_args': None, 'build_base': '/home/nagisa/fishbot_ws/build/cartographer_ros', 'catkin_cmake_args': None, 'catkin_skip_building_tests': False, 'cmake_args': None, 'cmake_clean_cache': False, 'cmake_clean_first': False, 'cmake_force_configure': False, 'cmake_target': None, 'cmake_target_skip_unavailable': False, 'install_base': '/home/nagisa/fishbot_ws/install/cartographer_ros', 'merge_install': False, 'path': '/home/nagisa/fishbot_ws/src/cartographer_ros/cartographer_ros', 'symlink_install': False, 'test_result_base': None}
[0.348s] Level 5:colcon.colcon_core.verb:set package 'cartographer_rviz' build argument 'cmake_args' from command line to 'None'
[0.348s] Level 5:colcon.colcon_core.verb:set package 'cartographer_rviz' build argument 'cmake_target' from command line to 'None'
[0.348s] Level 5:colcon.colcon_core.verb:set package 'cartographer_rviz' build argument 'cmake_target_skip_unavailable' from command line to 'False'
[0.348s] Level 5:colcon.colcon_core.verb:set package 'cartographer_rviz' build argument 'cmake_clean_cache' from command line to 'False'
[0.348s] Level 5:colcon.colcon_core.verb:set package 'cartographer_rviz' build argument 'cmake_clean_first' from command line to 'False'
[0.348s] Level 5:colcon.colcon_core.verb:set package 'cartographer_rviz' build argument 'cmake_force_configure' from command line to 'False'
[0.348s] Level 5:colcon.colcon_core.verb:set package 'cartographer_rviz' build argument 'ament_cmake_args' from command line to 'None'
[0.348s] Level 5:colcon.colcon_core.verb:set package 'cartographer_rviz' build argument 'catkin_cmake_args' from command line to 'None'
[0.348s] Level 5:colcon.colcon_core.verb:set package 'cartographer_rviz' build argument 'catkin_skip_building_tests' from command line to 'False'
[0.348s] DEBUG:colcon.colcon_core.verb:Building package 'cartographer_rviz' with the following arguments: {'ament_cmake_args': None, 'build_base': '/home/nagisa/fishbot_ws/build/cartographer_rviz', 'catkin_cmake_args': None, 'catkin_skip_building_tests': False, 'cmake_args': None, 'cmake_clean_cache': False, 'cmake_clean_first': False, 'cmake_force_configure': False, 'cmake_target': None, 'cmake_target_skip_unavailable': False, 'install_base': '/home/nagisa/fishbot_ws/install/cartographer_rviz', 'merge_install': False, 'path': '/home/nagisa/fishbot_ws/src/cartographer_ros/cartographer_rviz', 'symlink_install': False, 'test_result_base': None}
[0.348s] INFO:colcon.colcon_core.executor:Executing jobs using 'parallel' executor
[0.349s] DEBUG:colcon.colcon_parallel_executor.executor.parallel:run_until_complete
[0.350s] INFO:colcon.colcon_ros.task.cmake.build:Building ROS package in '/home/nagisa/fishbot_ws/src/cartographer' with build type 'cmake'
[0.350s] INFO:colcon.colcon_cmake.task.cmake.build:Building CMake package in '/home/nagisa/fishbot_ws/src/cartographer'
[0.352s] INFO:colcon.colcon_core.plugin_system:Skipping extension 'colcon_core.shell.bat': Not used on non-Windows systems
[0.352s] INFO:colcon.colcon_core.shell:Skip shell extension 'powershell' for command environment: Not usable outside of PowerShell
[0.352s] DEBUG:colcon.colcon_core.shell:Skip shell extension 'dsv' for command environment
[0.357s] INFO:colcon.colcon_ros.task.ament_cmake.build:Building ROS package in '/home/nagisa/fishbot_ws/src/cartographer_ros/cartographer_ros_msgs' with build type 'ament_cmake'
[0.358s] INFO:colcon.colcon_cmake.task.cmake.build:Building CMake package in '/home/nagisa/fishbot_ws/src/cartographer_ros/cartographer_ros_msgs'
[0.358s] INFO:colcon.colcon_core.shell:Skip shell extension 'powershell' for command environment: Not usable outside of PowerShell
[0.358s] DEBUG:colcon.colcon_core.shell:Skip shell extension 'dsv' for command environment
[0.362s] INFO:colcon.colcon_ros.task.ament_cmake.build:Building ROS package in '/home/nagisa/fishbot_ws/src/fishbot_cartographer' with build type 'ament_cmake'
[0.362s] INFO:colcon.colcon_cmake.task.cmake.build:Building CMake package in '/home/nagisa/fishbot_ws/src/fishbot_cartographer'
[0.363s] INFO:colcon.colcon_core.shell:Skip shell extension 'powershell' for command environment: Not usable outside of PowerShell
[0.363s] DEBUG:colcon.colcon_core.shell:Skip shell extension 'dsv' for command environment
[0.368s] INFO:colcon.colcon_ros.task.ament_python.build:Building ROS package in '/home/nagisa/fishbot_ws/src/fishbot_description' with build type 'ament_python'
[0.368s] Level 1:colcon.colcon_core.shell:create_environment_hook('fishbot_description', 'ament_prefix_path')
[0.368s] INFO:colcon.colcon_core.shell:Creating environment hook '/home/nagisa/fishbot_ws/install/fishbot_description/share/fishbot_description/hook/ament_prefix_path.ps1'
[0.369s] INFO:colcon.colcon_core.shell:Creating environment descriptor '/home/nagisa/fishbot_ws/install/fishbot_description/share/fishbot_description/hook/ament_prefix_path.dsv'
[0.369s] INFO:colcon.colcon_core.shell:Creating environment hook '/home/nagisa/fishbot_ws/install/fishbot_description/share/fishbot_description/hook/ament_prefix_path.sh'
[0.370s] INFO:colcon.colcon_core.shell:Skip shell extension 'powershell' for command environment: Not usable outside of PowerShell
[0.370s] DEBUG:colcon.colcon_core.shell:Skip shell extension 'dsv' for command environment
[0.382s] DEBUG:colcon.colcon_core.event_handler.log_command:Invoking command in '/home/nagisa/fishbot_ws/build/cartographer': CMAKE_PREFIX_PATH=${CMAKE_PREFIX_PATH}:/home/nagisa/fishbot_ws/install/fishbot_description:/opt/ros/humble /usr/bin/cmake --build /home/nagisa/fishbot_ws/build/cartographer -- -j12 -l12
[0.386s] DEBUG:colcon.colcon_core.event_handler.log_command:Invoking command in '/home/nagisa/fishbot_ws/build/cartographer_ros_msgs': CMAKE_PREFIX_PATH=${CMAKE_PREFIX_PATH}:/home/nagisa/fishbot_ws/install/fishbot_description:/opt/ros/humble /usr/bin/cmake --build /home/nagisa/fishbot_ws/build/cartographer_ros_msgs -- -j12 -l12
[0.391s] DEBUG:colcon.colcon_core.event_handler.log_command:Invoking command in '/home/nagisa/fishbot_ws/build/fishbot_cartographer': CMAKE_PREFIX_PATH=${CMAKE_PREFIX_PATH}:/home/nagisa/fishbot_ws/install/fishbot_description:/opt/ros/humble /usr/bin/cmake --build /home/nagisa/fishbot_ws/build/fishbot_cartographer -- -j12 -l12
[0.650s] INFO:colcon.colcon_core.task.python.build:Building Python package in '/home/nagisa/fishbot_ws/src/fishbot_description'
[0.650s] INFO:colcon.colcon_core.shell:Skip shell extension 'powershell' for command environment: Not usable outside of PowerShell
[0.650s] DEBUG:colcon.colcon_core.shell:Skip shell extension 'dsv' for command environment
[0.656s] DEBUG:colcon.colcon_core.event_handler.log_command:Invoked command in '/home/nagisa/fishbot_ws/build/fishbot_cartographer' returned '0': CMAKE_PREFIX_PATH=${CMAKE_PREFIX_PATH}:/home/nagisa/fishbot_ws/install/fishbot_description:/opt/ros/humble /usr/bin/cmake --build /home/nagisa/fishbot_ws/build/fishbot_cartographer -- -j12 -l12
[0.705s] DEBUG:colcon.colcon_core.event_handler.log_command:Invoking command in '/home/nagisa/fishbot_ws/build/fishbot_cartographer': CMAKE_PREFIX_PATH=${CMAKE_PREFIX_PATH}:/home/nagisa/fishbot_ws/install/fishbot_description:/opt/ros/humble /usr/bin/cmake --install /home/nagisa/fishbot_ws/build/fishbot_cartographer
[0.717s] Level 1:colcon.colcon_core.environment:create_environment_scripts_only(fishbot_cartographer)
[0.718s] DEBUG:colcon.colcon_core.event_handler.log_command:Invoked command in '/home/nagisa/fishbot_ws/build/fishbot_cartographer' returned '0': CMAKE_PREFIX_PATH=${CMAKE_PREFIX_PATH}:/home/nagisa/fishbot_ws/install/fishbot_description:/opt/ros/humble /usr/bin/cmake --install /home/nagisa/fishbot_ws/build/fishbot_cartographer
[0.719s] Level 1:colcon.colcon_core.environment:checking '/home/nagisa/fishbot_ws/install/fishbot_cartographer' for CMake module files
[0.720s] Level 1:colcon.colcon_core.environment:checking '/home/nagisa/fishbot_ws/install/fishbot_cartographer' for CMake config files
[0.720s] Level 1:colcon.colcon_core.shell:create_environment_hook('fishbot_cartographer', 'cmake_prefix_path')
[0.720s] INFO:colcon.colcon_core.shell:Creating environment hook '/home/nagisa/fishbot_ws/install/fishbot_cartographer/share/fishbot_cartographer/hook/cmake_prefix_path.ps1'
[0.721s] INFO:colcon.colcon_core.shell:Creating environment descriptor '/home/nagisa/fishbot_ws/install/fishbot_cartographer/share/fishbot_cartographer/hook/cmake_prefix_path.dsv'
[0.721s] INFO:colcon.colcon_core.shell:Creating environment hook '/home/nagisa/fishbot_ws/install/fishbot_cartographer/share/fishbot_cartographer/hook/cmake_prefix_path.sh'
[0.722s] Level 1:colcon.colcon_core.environment:checking '/home/nagisa/fishbot_ws/install/fishbot_cartographer/bin'
[0.722s] Level 1:colcon.colcon_core.environment:checking '/home/nagisa/fishbot_ws/install/fishbot_cartographer/lib/pkgconfig/fishbot_cartographer.pc'
[0.722s] Level 1:colcon.colcon_core.environment:checking '/home/nagisa/fishbot_ws/install/fishbot_cartographer/lib/python3.10/site-packages'
[0.722s] Level 1:colcon.colcon_core.environment:checking '/home/nagisa/fishbot_ws/install/fishbot_cartographer/bin'
[0.723s] INFO:colcon.colcon_core.shell:Creating package script '/home/nagisa/fishbot_ws/install/fishbot_cartographer/share/fishbot_cartographer/package.ps1'
[0.723s] INFO:colcon.colcon_core.shell:Creating package descriptor '/home/nagisa/fishbot_ws/install/fishbot_cartographer/share/fishbot_cartographer/package.dsv'
[0.724s] INFO:colcon.colcon_core.shell:Creating package script '/home/nagisa/fishbot_ws/install/fishbot_cartographer/share/fishbot_cartographer/package.sh'
[0.725s] INFO:colcon.colcon_core.shell:Creating package script '/home/nagisa/fishbot_ws/install/fishbot_cartographer/share/fishbot_cartographer/package.bash'
[0.725s] INFO:colcon.colcon_core.shell:Creating package script '/home/nagisa/fishbot_ws/install/fishbot_cartographer/share/fishbot_cartographer/package.zsh'
[0.726s] Level 1:colcon.colcon_core.environment:create_file_with_runtime_dependencies(/home/nagisa/fishbot_ws/install/fishbot_cartographer/share/colcon-core/packages/fishbot_cartographer)
[0.764s] Level 1:colcon.colcon_core.environment:create_environment_scripts_only(fishbot_cartographer)
[0.764s] Level 1:colcon.colcon_core.environment:checking '/home/nagisa/fishbot_ws/install/fishbot_cartographer' for CMake module files
[0.765s] Level 1:colcon.colcon_core.environment:checking '/home/nagisa/fishbot_ws/install/fishbot_cartographer' for CMake config files
[0.765s] Level 1:colcon.colcon_core.shell:create_environment_hook('fishbot_cartographer', 'cmake_prefix_path')
[0.765s] INFO:colcon.colcon_core.shell:Creating environment hook '/home/nagisa/fishbot_ws/install/fishbot_cartographer/share/fishbot_cartographer/hook/cmake_prefix_path.ps1'
[0.766s] INFO:colcon.colcon_core.shell:Creating environment descriptor '/home/nagisa/fishbot_ws/install/fishbot_cartographer/share/fishbot_cartographer/hook/cmake_prefix_path.dsv'
[0.767s] INFO:colcon.colcon_core.shell:Creating environment hook '/home/nagisa/fishbot_ws/install/fishbot_cartographer/share/fishbot_cartographer/hook/cmake_prefix_path.sh'
[0.768s] Level 1:colcon.colcon_core.environment:checking '/home/nagisa/fishbot_ws/install/fishbot_cartographer/bin'
[0.769s] Level 1:colcon.colcon_core.environment:checking '/home/nagisa/fishbot_ws/install/fishbot_cartographer/lib/pkgconfig/fishbot_cartographer.pc'
[0.769s] Level 1:colcon.colcon_core.environment:checking '/home/nagisa/fishbot_ws/install/fishbot_cartographer/lib/python3.10/site-packages'
[0.769s] Level 1:colcon.colcon_core.environment:checking '/home/nagisa/fishbot_ws/install/fishbot_cartographer/bin'
[0.770s] INFO:colcon.colcon_core.shell:Creating package script '/home/nagisa/fishbot_ws/install/fishbot_cartographer/share/fishbot_cartographer/package.ps1'
[0.771s] INFO:colcon.colcon_core.shell:Creating package descriptor '/home/nagisa/fishbot_ws/install/fishbot_cartographer/share/fishbot_cartographer/package.dsv'
[0.772s] INFO:colcon.colcon_core.shell:Creating package script '/home/nagisa/fishbot_ws/install/fishbot_cartographer/share/fishbot_cartographer/package.sh'
[0.772s] INFO:colcon.colcon_core.shell:Creating package script '/home/nagisa/fishbot_ws/install/fishbot_cartographer/share/fishbot_cartographer/package.bash'
[0.773s] INFO:colcon.colcon_core.shell:Creating package script '/home/nagisa/fishbot_ws/install/fishbot_cartographer/share/fishbot_cartographer/package.zsh'
[0.773s] Level 1:colcon.colcon_core.environment:create_file_with_runtime_dependencies(/home/nagisa/fishbot_ws/install/fishbot_cartographer/share/colcon-core/packages/fishbot_cartographer)
[0.810s] DEBUG:colcon.colcon_core.event_handler.log_command:Invoked command in '/home/nagisa/fishbot_ws/build/cartographer_ros_msgs' returned '0': CMAKE_PREFIX_PATH=${CMAKE_PREFIX_PATH}:/home/nagisa/fishbot_ws/install/fishbot_description:/opt/ros/humble /usr/bin/cmake --build /home/nagisa/fishbot_ws/build/cartographer_ros_msgs -- -j12 -l12
[1.079s] DEBUG:colcon.colcon_core.event_handler.log_command:Invoking command in '/home/nagisa/fishbot_ws/src/fishbot_description': PYTHONPATH=/home/nagisa/fishbot_ws/build/fishbot_description/prefix_override:/usr/lib/python3/dist-packages/colcon_core/task/python/colcon_distutils_commands:/home/nagisa/fishbot_ws/install/fishbot_description/lib/python3.10/site-packages:${PYTHONPATH} /usr/bin/python3 -W ignore:setup.py install is deprecated setup.py egg_info --egg-base ../../build/fishbot_description build --build-base /home/nagisa/fishbot_ws/build/fishbot_description/build install --record /home/nagisa/fishbot_ws/build/fishbot_description/install.log --single-version-externally-managed install_data
[1.164s] DEBUG:colcon.colcon_core.event_handler.log_command:Invoked command in '/home/nagisa/fishbot_ws/build/cartographer' returned '0': CMAKE_PREFIX_PATH=${CMAKE_PREFIX_PATH}:/home/nagisa/fishbot_ws/install/fishbot_description:/opt/ros/humble /usr/bin/cmake --build /home/nagisa/fishbot_ws/build/cartographer -- -j12 -l12
[1.340s] Level 1:colcon.colcon_core.environment:checking '/home/nagisa/fishbot_ws/install/fishbot_description' for CMake module files
[1.340s] DEBUG:colcon.colcon_core.event_handler.log_command:Invoked command in '/home/nagisa/fishbot_ws/src/fishbot_description' returned '0': PYTHONPATH=/home/nagisa/fishbot_ws/build/fishbot_description/prefix_override:/usr/lib/python3/dist-packages/colcon_core/task/python/colcon_distutils_commands:/home/nagisa/fishbot_ws/install/fishbot_description/lib/python3.10/site-packages:${PYTHONPATH} /usr/bin/python3 -W ignore:setup.py install is deprecated setup.py egg_info --egg-base ../../build/fishbot_description build --build-base /home/nagisa/fishbot_ws/build/fishbot_description/build install --record /home/nagisa/fishbot_ws/build/fishbot_description/install.log --single-version-externally-managed install_data
[1.341s] Level 1:colcon.colcon_core.environment:checking '/home/nagisa/fishbot_ws/install/fishbot_description' for CMake config files
[1.341s] Level 1:colcon.colcon_core.environment:checking '/home/nagisa/fishbot_ws/install/fishbot_description/lib'
[1.341s] Level 1:colcon.colcon_core.environment:checking '/home/nagisa/fishbot_ws/install/fishbot_description/bin'
[1.342s] Level 1:colcon.colcon_core.environment:checking '/home/nagisa/fishbot_ws/install/fishbot_description/lib/pkgconfig/fishbot_description.pc'
[1.342s] Level 1:colcon.colcon_core.environment:checking '/home/nagisa/fishbot_ws/install/fishbot_description/lib/python3.10/site-packages'
[1.342s] Level 1:colcon.colcon_core.shell:create_environment_hook('fishbot_description', 'pythonpath')
[1.342s] INFO:colcon.colcon_core.shell:Creating environment hook '/home/nagisa/fishbot_ws/install/fishbot_description/share/fishbot_description/hook/pythonpath.ps1'
[1.342s] INFO:colcon.colcon_core.shell:Creating environment descriptor '/home/nagisa/fishbot_ws/install/fishbot_description/share/fishbot_description/hook/pythonpath.dsv'
[1.343s] INFO:colcon.colcon_core.shell:Creating environment hook '/home/nagisa/fishbot_ws/install/fishbot_description/share/fishbot_description/hook/pythonpath.sh'
[1.343s] Level 1:colcon.colcon_core.environment:checking '/home/nagisa/fishbot_ws/install/fishbot_description/bin'
[1.343s] Level 1:colcon.colcon_core.environment:create_environment_scripts_only(fishbot_description)
[1.343s] INFO:colcon.colcon_core.shell:Creating package script '/home/nagisa/fishbot_ws/install/fishbot_description/share/fishbot_description/package.ps1'
[1.344s] INFO:colcon.colcon_core.shell:Creating package descriptor '/home/nagisa/fishbot_ws/install/fishbot_description/share/fishbot_description/package.dsv'
[1.344s] INFO:colcon.colcon_core.shell:Creating package script '/home/nagisa/fishbot_ws/install/fishbot_description/share/fishbot_description/package.sh'
[1.344s] INFO:colcon.colcon_core.shell:Creating package script '/home/nagisa/fishbot_ws/install/fishbot_description/share/fishbot_description/package.bash'
[1.344s] INFO:colcon.colcon_core.shell:Creating package script '/home/nagisa/fishbot_ws/install/fishbot_description/share/fishbot_description/package.zsh'
[1.344s] Level 1:colcon.colcon_core.environment:create_file_with_runtime_dependencies(/home/nagisa/fishbot_ws/install/fishbot_description/share/colcon-core/packages/fishbot_description)
[1.809s] DEBUG:colcon.colcon_core.event_handler.log_command:Invoking command in '/home/nagisa/fishbot_ws/build/cartographer_ros_msgs': CMAKE_PREFIX_PATH=${CMAKE_PREFIX_PATH}:/home/nagisa/fishbot_ws/install/fishbot_description:/opt/ros/humble /usr/bin/cmake --install /home/nagisa/fishbot_ws/build/cartographer_ros_msgs
[1.880s] Level 1:colcon.colcon_core.environment:create_environment_scripts_only(cartographer_ros_msgs)
[1.881s] Level 1:colcon.colcon_core.environment:checking '/home/nagisa/fishbot_ws/install/cartographer_ros_msgs' for CMake module files
[1.887s] DEBUG:colcon.colcon_core.event_handler.log_command:Invoked command in '/home/nagisa/fishbot_ws/build/cartographer_ros_msgs' returned '0': CMAKE_PREFIX_PATH=${CMAKE_PREFIX_PATH}:/home/nagisa/fishbot_ws/install/fishbot_description:/opt/ros/humble /usr/bin/cmake --install /home/nagisa/fishbot_ws/build/cartographer_ros_msgs
[1.888s] Level 1:colcon.colcon_core.environment:checking '/home/nagisa/fishbot_ws/install/cartographer_ros_msgs' for CMake config files
[1.889s] Level 1:colcon.colcon_core.shell:create_environment_hook('cartographer_ros_msgs', 'cmake_prefix_path')
[1.889s] INFO:colcon.colcon_core.shell:Creating environment hook '/home/nagisa/fishbot_ws/install/cartographer_ros_msgs/share/cartographer_ros_msgs/hook/cmake_prefix_path.ps1'
[1.890s] INFO:colcon.colcon_core.shell:Creating environment descriptor '/home/nagisa/fishbot_ws/install/cartographer_ros_msgs/share/cartographer_ros_msgs/hook/cmake_prefix_path.dsv'
[1.890s] INFO:colcon.colcon_core.shell:Creating environment hook '/home/nagisa/fishbot_ws/install/cartographer_ros_msgs/share/cartographer_ros_msgs/hook/cmake_prefix_path.sh'
[1.891s] Level 1:colcon.colcon_core.environment:checking '/home/nagisa/fishbot_ws/install/cartographer_ros_msgs/lib'
[1.891s] Level 1:colcon.colcon_core.shell:create_environment_hook('cartographer_ros_msgs', 'ld_library_path_lib')
[1.891s] INFO:colcon.colcon_core.shell:Creating environment hook '/home/nagisa/fishbot_ws/install/cartographer_ros_msgs/share/cartographer_ros_msgs/hook/ld_library_path_lib.ps1'
[1.891s] INFO:colcon.colcon_core.shell:Creating environment descriptor '/home/nagisa/fishbot_ws/install/cartographer_ros_msgs/share/cartographer_ros_msgs/hook/ld_library_path_lib.dsv'
[1.892s] INFO:colcon.colcon_core.shell:Creating environment hook '/home/nagisa/fishbot_ws/install/cartographer_ros_msgs/share/cartographer_ros_msgs/hook/ld_library_path_lib.sh'
[1.892s] Level 1:colcon.colcon_core.environment:checking '/home/nagisa/fishbot_ws/install/cartographer_ros_msgs/bin'
[1.892s] Level 1:colcon.colcon_core.environment:checking '/home/nagisa/fishbot_ws/install/cartographer_ros_msgs/lib/pkgconfig/cartographer_ros_msgs.pc'
[1.892s] Level 1:colcon.colcon_core.environment:checking '/home/nagisa/fishbot_ws/install/cartographer_ros_msgs/lib/python3.10/site-packages'
[1.893s] Level 1:colcon.colcon_core.environment:checking '/home/nagisa/fishbot_ws/install/cartographer_ros_msgs/bin'
[1.893s] INFO:colcon.colcon_core.shell:Creating package script '/home/nagisa/fishbot_ws/install/cartographer_ros_msgs/share/cartographer_ros_msgs/package.ps1'
[1.893s] INFO:colcon.colcon_core.shell:Creating package descriptor '/home/nagisa/fishbot_ws/install/cartographer_ros_msgs/share/cartographer_ros_msgs/package.dsv'
[1.894s] INFO:colcon.colcon_core.shell:Creating package script '/home/nagisa/fishbot_ws/install/cartographer_ros_msgs/share/cartographer_ros_msgs/package.sh'
[1.894s] INFO:colcon.colcon_core.shell:Creating package script '/home/nagisa/fishbot_ws/install/cartographer_ros_msgs/share/cartographer_ros_msgs/package.bash'
[1.895s] INFO:colcon.colcon_core.shell:Creating package script '/home/nagisa/fishbot_ws/install/cartographer_ros_msgs/share/cartographer_ros_msgs/package.zsh'
[1.895s] Level 1:colcon.colcon_core.environment:create_file_with_runtime_dependencies(/home/nagisa/fishbot_ws/install/cartographer_ros_msgs/share/colcon-core/packages/cartographer_ros_msgs)
[2.704s] DEBUG:colcon.colcon_core.event_handler.log_command:Invoking command in '/home/nagisa/fishbot_ws/build/cartographer': CMAKE_PREFIX_PATH=${CMAKE_PREFIX_PATH}:/home/nagisa/fishbot_ws/install/fishbot_description:/opt/ros/humble /usr/bin/cmake --install /home/nagisa/fishbot_ws/build/cartographer
[2.740s] DEBUG:colcon.colcon_core.event_handler.log_command:Invoked command in '/home/nagisa/fishbot_ws/build/cartographer' returned '0': CMAKE_PREFIX_PATH=${CMAKE_PREFIX_PATH}:/home/nagisa/fishbot_ws/install/fishbot_description:/opt/ros/humble /usr/bin/cmake --install /home/nagisa/fishbot_ws/build/cartographer
[2.887s] Level 1:colcon.colcon_core.environment:create_environment_scripts_only(cartographer_ros_msgs)
[2.887s] Level 1:colcon.colcon_core.environment:checking '/home/nagisa/fishbot_ws/install/cartographer_ros_msgs' for CMake module files
[2.888s] Level 1:colcon.colcon_core.environment:checking '/home/nagisa/fishbot_ws/install/cartographer_ros_msgs' for CMake config files
[2.888s] Level 1:colcon.colcon_core.shell:create_environment_hook('cartographer_ros_msgs', 'cmake_prefix_path')
[2.889s] INFO:colcon.colcon_core.shell:Creating environment hook '/home/nagisa/fishbot_ws/install/cartographer_ros_msgs/share/cartographer_ros_msgs/hook/cmake_prefix_path.ps1'
[2.889s] INFO:colcon.colcon_core.shell:Creating environment descriptor '/home/nagisa/fishbot_ws/install/cartographer_ros_msgs/share/cartographer_ros_msgs/hook/cmake_prefix_path.dsv'
[2.890s] INFO:colcon.colcon_core.shell:Creating environment hook '/home/nagisa/fishbot_ws/install/cartographer_ros_msgs/share/cartographer_ros_msgs/hook/cmake_prefix_path.sh'
[2.890s] Level 1:colcon.colcon_core.environment:checking '/home/nagisa/fishbot_ws/install/cartographer_ros_msgs/lib'
[2.890s] Level 1:colcon.colcon_core.shell:create_environment_hook('cartographer_ros_msgs', 'ld_library_path_lib')
[2.890s] INFO:colcon.colcon_core.shell:Creating environment hook '/home/nagisa/fishbot_ws/install/cartographer_ros_msgs/share/cartographer_ros_msgs/hook/ld_library_path_lib.ps1'
[2.891s] INFO:colcon.colcon_core.shell:Creating environment descriptor '/home/nagisa/fishbot_ws/install/cartographer_ros_msgs/share/cartographer_ros_msgs/hook/ld_library_path_lib.dsv'
[2.891s] INFO:colcon.colcon_core.shell:Creating environment hook '/home/nagisa/fishbot_ws/install/cartographer_ros_msgs/share/cartographer_ros_msgs/hook/ld_library_path_lib.sh'
[2.892s] Level 1:colcon.colcon_core.environment:checking '/home/nagisa/fishbot_ws/install/cartographer_ros_msgs/bin'
[2.892s] Level 1:colcon.colcon_core.environment:checking '/home/nagisa/fishbot_ws/install/cartographer_ros_msgs/lib/pkgconfig/cartographer_ros_msgs.pc'
[2.892s] Level 1:colcon.colcon_core.environment:checking '/home/nagisa/fishbot_ws/install/cartographer_ros_msgs/lib/python3.10/site-packages'
[2.892s] Level 1:colcon.colcon_core.environment:checking '/home/nagisa/fishbot_ws/install/cartographer_ros_msgs/bin'
[2.892s] INFO:colcon.colcon_core.shell:Creating package script '/home/nagisa/fishbot_ws/install/cartographer_ros_msgs/share/cartographer_ros_msgs/package.ps1'
[2.893s] INFO:colcon.colcon_core.shell:Creating package descriptor '/home/nagisa/fishbot_ws/install/cartographer_ros_msgs/share/cartographer_ros_msgs/package.dsv'
[2.893s] INFO:colcon.colcon_core.shell:Creating package script '/home/nagisa/fishbot_ws/install/cartographer_ros_msgs/share/cartographer_ros_msgs/package.sh'
[2.894s] INFO:colcon.colcon_core.shell:Creating package script '/home/nagisa/fishbot_ws/install/cartographer_ros_msgs/share/cartographer_ros_msgs/package.bash'
[2.894s] INFO:colcon.colcon_core.shell:Creating package script '/home/nagisa/fishbot_ws/install/cartographer_ros_msgs/share/cartographer_ros_msgs/package.zsh'
[2.894s] Level 1:colcon.colcon_core.environment:create_file_with_runtime_dependencies(/home/nagisa/fishbot_ws/install/cartographer_ros_msgs/share/colcon-core/packages/cartographer_ros_msgs)
[4.545s] Level 1:colcon.colcon_core.shell:create_environment_hook('cartographer', 'pkg_config_path')
[4.545s] INFO:colcon.colcon_core.shell:Creating environment hook '/home/nagisa/fishbot_ws/install/cartographer/share/cartographer/hook/pkg_config_path.ps1'
[4.546s] INFO:colcon.colcon_core.shell:Creating environment descriptor '/home/nagisa/fishbot_ws/install/cartographer/share/cartographer/hook/pkg_config_path.dsv'
[4.546s] INFO:colcon.colcon_core.shell:Creating environment hook '/home/nagisa/fishbot_ws/install/cartographer/share/cartographer/hook/pkg_config_path.sh'
[4.549s] Level 1:colcon.colcon_core.shell:create_environment_hook('cartographer', 'pkg_config_path_multiarch')
[4.549s] INFO:colcon.colcon_core.shell:Creating environment hook '/home/nagisa/fishbot_ws/install/cartographer/share/cartographer/hook/pkg_config_path_multiarch.ps1'
[4.550s] INFO:colcon.colcon_core.shell:Creating environment descriptor '/home/nagisa/fishbot_ws/install/cartographer/share/cartographer/hook/pkg_config_path_multiarch.dsv'
[4.550s] INFO:colcon.colcon_core.shell:Creating environment hook '/home/nagisa/fishbot_ws/install/cartographer/share/cartographer/hook/pkg_config_path_multiarch.sh'
[4.551s] Level 1:colcon.colcon_core.environment:create_environment_scripts_only(cartographer)
[4.551s] Level 1:colcon.colcon_core.environment:checking '/home/nagisa/fishbot_ws/install/cartographer' for CMake module files
[4.551s] Level 1:colcon.colcon_core.environment:checking '/home/nagisa/fishbot_ws/install/cartographer' for CMake config files
[4.551s] Level 1:colcon.colcon_core.shell:create_environment_hook('cartographer', 'cmake_prefix_path')
[4.552s] INFO:colcon.colcon_core.shell:Creating environment hook '/home/nagisa/fishbot_ws/install/cartographer/share/cartographer/hook/cmake_prefix_path.ps1'
[4.552s] INFO:colcon.colcon_core.shell:Creating environment descriptor '/home/nagisa/fishbot_ws/install/cartographer/share/cartographer/hook/cmake_prefix_path.dsv'
[4.552s] INFO:colcon.colcon_core.shell:Creating environment hook '/home/nagisa/fishbot_ws/install/cartographer/share/cartographer/hook/cmake_prefix_path.sh'
[4.553s] Level 1:colcon.colcon_core.environment:checking '/home/nagisa/fishbot_ws/install/cartographer/lib'
[4.553s] Level 1:colcon.colcon_core.environment:checking '/home/nagisa/fishbot_ws/install/cartographer/bin'
[4.553s] Level 1:colcon.colcon_core.shell:create_environment_hook('cartographer', 'path')
[4.553s] INFO:colcon.colcon_core.shell:Creating environment hook '/home/nagisa/fishbot_ws/install/cartographer/share/cartographer/hook/path.ps1'
[4.553s] INFO:colcon.colcon_core.shell:Creating environment descriptor '/home/nagisa/fishbot_ws/install/cartographer/share/cartographer/hook/path.dsv'
[4.554s] INFO:colcon.colcon_core.shell:Creating environment hook '/home/nagisa/fishbot_ws/install/cartographer/share/cartographer/hook/path.sh'
[4.554s] Level 1:colcon.colcon_core.environment:checking '/home/nagisa/fishbot_ws/install/cartographer/lib/pkgconfig/cartographer.pc'
[4.554s] Level 1:colcon.colcon_core.environment:checking '/home/nagisa/fishbot_ws/install/cartographer/lib/python3.10/site-packages'
[4.554s] Level 1:colcon.colcon_core.environment:checking '/home/nagisa/fishbot_ws/install/cartographer/bin'
[4.554s] Level 1:colcon.colcon_core.shell:create_environment_hook('cartographer', 'pythonscriptspath')
[4.555s] INFO:colcon.colcon_core.shell:Creating environment hook '/home/nagisa/fishbot_ws/install/cartographer/share/cartographer/hook/pythonscriptspath.ps1'
[4.555s] INFO:colcon.colcon_core.shell:Creating environment descriptor '/home/nagisa/fishbot_ws/install/cartographer/share/cartographer/hook/pythonscriptspath.dsv'
[4.555s] INFO:colcon.colcon_core.shell:Creating environment hook '/home/nagisa/fishbot_ws/install/cartographer/share/cartographer/hook/pythonscriptspath.sh'
[4.557s] INFO:colcon.colcon_core.shell:Creating package script '/home/nagisa/fishbot_ws/install/cartographer/share/cartographer/package.ps1'
[4.557s] INFO:colcon.colcon_core.shell:Creating package descriptor '/home/nagisa/fishbot_ws/install/cartographer/share/cartographer/package.dsv'
[4.558s] INFO:colcon.colcon_core.shell:Creating package script '/home/nagisa/fishbot_ws/install/cartographer/share/cartographer/package.sh'
[4.558s] INFO:colcon.colcon_core.shell:Creating package script '/home/nagisa/fishbot_ws/install/cartographer/share/cartographer/package.bash'
[4.559s] INFO:colcon.colcon_core.shell:Creating package script '/home/nagisa/fishbot_ws/install/cartographer/share/cartographer/package.zsh'
[4.559s] Level 1:colcon.colcon_core.environment:create_file_with_runtime_dependencies(/home/nagisa/fishbot_ws/install/cartographer/share/colcon-core/packages/cartographer)
[4.560s] INFO:colcon.colcon_ros.task.ament_cmake.build:Building ROS package in '/home/nagisa/fishbot_ws/src/cartographer_ros/cartographer_ros' with build type 'ament_cmake'
[4.560s] INFO:colcon.colcon_cmake.task.cmake.build:Building CMake package in '/home/nagisa/fishbot_ws/src/cartographer_ros/cartographer_ros'
[4.560s] INFO:colcon.colcon_core.shell:Skip shell extension 'powershell' for command environment: Not usable outside of PowerShell
[4.560s] DEBUG:colcon.colcon_core.shell:Skip shell extension 'dsv' for command environment
[4.577s] DEBUG:colcon.colcon_core.event_handler.log_command:Invoking command in '/home/nagisa/fishbot_ws/build/cartographer_ros': CMAKE_PREFIX_PATH=/home/nagisa/fishbot_ws/install/cartographer_ros_msgs:/home/nagisa/fishbot_ws/install/cartographer:/home/nagisa/fishbot_ws/install/fishbot_cartographer:/home/nagisa/fishbot_ws/install/cartographer_rviz:/home/nagisa/fishbot_ws/install/cartographer_ros:/home/nagisa/fishbot_ws/install/fishbot_description:/opt/ros/humble LD_LIBRARY_PATH=/home/nagisa/fishbot_ws/install/cartographer_ros_msgs/lib:/home/nagisa/fishbot_ws/install/cartographer_rviz/lib:/home/nagisa/fishbot_ws/install/cartographer_ros/lib:/usr/lib/x86_64-linux-gnu/gazebo-11/plugins:/opt/ros/humble/opt/rviz_ogre_vendor/lib:/opt/ros/humble/lib/x86_64-linux-gnu:/opt/ros/humble/lib /usr/bin/cmake --build /home/nagisa/fishbot_ws/build/cartographer_ros -- -j12 -l12
[4.757s] DEBUG:colcon.colcon_core.event_handler.log_command:Invoked command in '/home/nagisa/fishbot_ws/build/cartographer_ros' returned '0': CMAKE_PREFIX_PATH=/home/nagisa/fishbot_ws/install/cartographer_ros_msgs:/home/nagisa/fishbot_ws/install/cartographer:/home/nagisa/fishbot_ws/install/fishbot_cartographer:/home/nagisa/fishbot_ws/install/cartographer_rviz:/home/nagisa/fishbot_ws/install/cartographer_ros:/home/nagisa/fishbot_ws/install/fishbot_description:/opt/ros/humble LD_LIBRARY_PATH=/home/nagisa/fishbot_ws/install/cartographer_ros_msgs/lib:/home/nagisa/fishbot_ws/install/cartographer_rviz/lib:/home/nagisa/fishbot_ws/install/cartographer_ros/lib:/usr/lib/x86_64-linux-gnu/gazebo-11/plugins:/opt/ros/humble/opt/rviz_ogre_vendor/lib:/opt/ros/humble/lib/x86_64-linux-gnu:/opt/ros/humble/lib /usr/bin/cmake --build /home/nagisa/fishbot_ws/build/cartographer_ros -- -j12 -l12
[4.985s] DEBUG:colcon.colcon_core.event_handler.log_command:Invoking command in '/home/nagisa/fishbot_ws/build/cartographer_ros': CMAKE_PREFIX_PATH=/home/nagisa/fishbot_ws/install/cartographer_ros_msgs:/home/nagisa/fishbot_ws/install/cartographer:/home/nagisa/fishbot_ws/install/fishbot_cartographer:/home/nagisa/fishbot_ws/install/cartographer_rviz:/home/nagisa/fishbot_ws/install/cartographer_ros:/home/nagisa/fishbot_ws/install/fishbot_description:/opt/ros/humble LD_LIBRARY_PATH=/home/nagisa/fishbot_ws/install/cartographer_ros_msgs/lib:/home/nagisa/fishbot_ws/install/cartographer_rviz/lib:/home/nagisa/fishbot_ws/install/cartographer_ros/lib:/usr/lib/x86_64-linux-gnu/gazebo-11/plugins:/opt/ros/humble/opt/rviz_ogre_vendor/lib:/opt/ros/humble/lib/x86_64-linux-gnu:/opt/ros/humble/lib /usr/bin/cmake --install /home/nagisa/fishbot_ws/build/cartographer_ros
[5.008s] Level 1:colcon.colcon_core.environment:create_environment_scripts_only(cartographer_ros)
[5.012s] DEBUG:colcon.colcon_core.event_handler.log_command:Invoked command in '/home/nagisa/fishbot_ws/build/cartographer_ros' returned '0': CMAKE_PREFIX_PATH=/home/nagisa/fishbot_ws/install/cartographer_ros_msgs:/home/nagisa/fishbot_ws/install/cartographer:/home/nagisa/fishbot_ws/install/fishbot_cartographer:/home/nagisa/fishbot_ws/install/cartographer_rviz:/home/nagisa/fishbot_ws/install/cartographer_ros:/home/nagisa/fishbot_ws/install/fishbot_description:/opt/ros/humble LD_LIBRARY_PATH=/home/nagisa/fishbot_ws/install/cartographer_ros_msgs/lib:/home/nagisa/fishbot_ws/install/cartographer_rviz/lib:/home/nagisa/fishbot_ws/install/cartographer_ros/lib:/usr/lib/x86_64-linux-gnu/gazebo-11/plugins:/opt/ros/humble/opt/rviz_ogre_vendor/lib:/opt/ros/humble/lib/x86_64-linux-gnu:/opt/ros/humble/lib /usr/bin/cmake --install /home/nagisa/fishbot_ws/build/cartographer_ros
[5.013s] Level 1:colcon.colcon_core.environment:checking '/home/nagisa/fishbot_ws/install/cartographer_ros' for CMake module files
[5.014s] Level 1:colcon.colcon_core.environment:checking '/home/nagisa/fishbot_ws/install/cartographer_ros' for CMake config files
[5.014s] Level 1:colcon.colcon_core.shell:create_environment_hook('cartographer_ros', 'cmake_prefix_path')
[5.014s] INFO:colcon.colcon_core.shell:Creating environment hook '/home/nagisa/fishbot_ws/install/cartographer_ros/share/cartographer_ros/hook/cmake_prefix_path.ps1'
[5.015s] INFO:colcon.colcon_core.shell:Creating environment descriptor '/home/nagisa/fishbot_ws/install/cartographer_ros/share/cartographer_ros/hook/cmake_prefix_path.dsv'
[5.015s] INFO:colcon.colcon_core.shell:Creating environment hook '/home/nagisa/fishbot_ws/install/cartographer_ros/share/cartographer_ros/hook/cmake_prefix_path.sh'
[5.016s] Level 1:colcon.colcon_core.environment:checking '/home/nagisa/fishbot_ws/install/cartographer_ros/lib'
[5.016s] Level 1:colcon.colcon_core.environment:checking '/home/nagisa/fishbot_ws/install/cartographer_ros/bin'
[5.016s] Level 1:colcon.colcon_core.environment:checking '/home/nagisa/fishbot_ws/install/cartographer_ros/lib/pkgconfig/cartographer_ros.pc'
[5.016s] Level 1:colcon.colcon_core.environment:checking '/home/nagisa/fishbot_ws/install/cartographer_ros/lib/python3.10/site-packages'
[5.016s] Level 1:colcon.colcon_core.environment:checking '/home/nagisa/fishbot_ws/install/cartographer_ros/bin'
[5.016s] INFO:colcon.colcon_core.shell:Creating package script '/home/nagisa/fishbot_ws/install/cartographer_ros/share/cartographer_ros/package.ps1'
[5.017s] INFO:colcon.colcon_core.shell:Creating package descriptor '/home/nagisa/fishbot_ws/install/cartographer_ros/share/cartographer_ros/package.dsv'
[5.017s] INFO:colcon.colcon_core.shell:Creating package script '/home/nagisa/fishbot_ws/install/cartographer_ros/share/cartographer_ros/package.sh'
[5.018s] INFO:colcon.colcon_core.shell:Creating package script '/home/nagisa/fishbot_ws/install/cartographer_ros/share/cartographer_ros/package.bash'
[5.018s] INFO:colcon.colcon_core.shell:Creating package script '/home/nagisa/fishbot_ws/install/cartographer_ros/share/cartographer_ros/package.zsh'
[5.019s] Level 1:colcon.colcon_core.environment:create_file_with_runtime_dependencies(/home/nagisa/fishbot_ws/install/cartographer_ros/share/colcon-core/packages/cartographer_ros)
[5.241s] Level 1:colcon.colcon_core.environment:create_environment_scripts_only(cartographer_ros)
[5.241s] Level 1:colcon.colcon_core.environment:checking '/home/nagisa/fishbot_ws/install/cartographer_ros' for CMake module files
[5.241s] Level 1:colcon.colcon_core.environment:checking '/home/nagisa/fishbot_ws/install/cartographer_ros' for CMake config files
[5.242s] Level 1:colcon.colcon_core.shell:create_environment_hook('cartographer_ros', 'cmake_prefix_path')
[5.242s] INFO:colcon.colcon_core.shell:Creating environment hook '/home/nagisa/fishbot_ws/install/cartographer_ros/share/cartographer_ros/hook/cmake_prefix_path.ps1'
[5.243s] INFO:colcon.colcon_core.shell:Creating environment descriptor '/home/nagisa/fishbot_ws/install/cartographer_ros/share/cartographer_ros/hook/cmake_prefix_path.dsv'
[5.243s] INFO:colcon.colcon_core.shell:Creating environment hook '/home/nagisa/fishbot_ws/install/cartographer_ros/share/cartographer_ros/hook/cmake_prefix_path.sh'
[5.244s] Level 1:colcon.colcon_core.environment:checking '/home/nagisa/fishbot_ws/install/cartographer_ros/lib'
[5.244s] Level 1:colcon.colcon_core.environment:checking '/home/nagisa/fishbot_ws/install/cartographer_ros/bin'
[5.244s] Level 1:colcon.colcon_core.environment:checking '/home/nagisa/fishbot_ws/install/cartographer_ros/lib/pkgconfig/cartographer_ros.pc'
[5.244s] Level 1:colcon.colcon_core.environment:checking '/home/nagisa/fishbot_ws/install/cartographer_ros/lib/python3.10/site-packages'
[5.244s] Level 1:colcon.colcon_core.environment:checking '/home/nagisa/fishbot_ws/install/cartographer_ros/bin'
[5.244s] INFO:colcon.colcon_core.shell:Creating package script '/home/nagisa/fishbot_ws/install/cartographer_ros/share/cartographer_ros/package.ps1'
[5.245s] INFO:colcon.colcon_core.shell:Creating package descriptor '/home/nagisa/fishbot_ws/install/cartographer_ros/share/cartographer_ros/package.dsv'
[5.245s] INFO:colcon.colcon_core.shell:Creating package script '/home/nagisa/fishbot_ws/install/cartographer_ros/share/cartographer_ros/package.sh'
[5.246s] INFO:colcon.colcon_core.shell:Creating package script '/home/nagisa/fishbot_ws/install/cartographer_ros/share/cartographer_ros/package.bash'
[5.246s] INFO:colcon.colcon_core.shell:Creating package script '/home/nagisa/fishbot_ws/install/cartographer_ros/share/cartographer_ros/package.zsh'
[5.247s] Level 1:colcon.colcon_core.environment:create_file_with_runtime_dependencies(/home/nagisa/fishbot_ws/install/cartographer_ros/share/colcon-core/packages/cartographer_ros)
[5.247s] INFO:colcon.colcon_ros.task.ament_cmake.build:Building ROS package in '/home/nagisa/fishbot_ws/src/cartographer_ros/cartographer_rviz' with build type 'ament_cmake'
[5.248s] INFO:colcon.colcon_cmake.task.cmake.build:Building CMake package in '/home/nagisa/fishbot_ws/src/cartographer_ros/cartographer_rviz'
[5.248s] INFO:colcon.colcon_core.shell:Skip shell extension 'powershell' for command environment: Not usable outside of PowerShell
[5.248s] DEBUG:colcon.colcon_core.shell:Skip shell extension 'dsv' for command environment
[5.270s] DEBUG:colcon.colcon_core.event_handler.log_command:Invoking command in '/home/nagisa/fishbot_ws/build/cartographer_rviz': CMAKE_PREFIX_PATH=/home/nagisa/fishbot_ws/install/cartographer_ros:/home/nagisa/fishbot_ws/install/cartographer_ros_msgs:/home/nagisa/fishbot_ws/install/cartographer:/home/nagisa/fishbot_ws/install/fishbot_cartographer:/home/nagisa/fishbot_ws/install/cartographer_rviz:/home/nagisa/fishbot_ws/install/fishbot_description:/opt/ros/humble LD_LIBRARY_PATH=/home/nagisa/fishbot_ws/install/cartographer_ros_msgs/lib:/home/nagisa/fishbot_ws/install/cartographer_rviz/lib:/home/nagisa/fishbot_ws/install/cartographer_ros/lib:/usr/lib/x86_64-linux-gnu/gazebo-11/plugins:/opt/ros/humble/opt/rviz_ogre_vendor/lib:/opt/ros/humble/lib/x86_64-linux-gnu:/opt/ros/humble/lib /usr/bin/cmake --build /home/nagisa/fishbot_ws/build/cartographer_rviz -- -j12 -l12
[5.437s] DEBUG:colcon.colcon_core.event_handler.log_command:Invoked command in '/home/nagisa/fishbot_ws/build/cartographer_rviz' returned '0': CMAKE_PREFIX_PATH=/home/nagisa/fishbot_ws/install/cartographer_ros:/home/nagisa/fishbot_ws/install/cartographer_ros_msgs:/home/nagisa/fishbot_ws/install/cartographer:/home/nagisa/fishbot_ws/install/fishbot_cartographer:/home/nagisa/fishbot_ws/install/cartographer_rviz:/home/nagisa/fishbot_ws/install/fishbot_description:/opt/ros/humble LD_LIBRARY_PATH=/home/nagisa/fishbot_ws/install/cartographer_ros_msgs/lib:/home/nagisa/fishbot_ws/install/cartographer_rviz/lib:/home/nagisa/fishbot_ws/install/cartographer_ros/lib:/usr/lib/x86_64-linux-gnu/gazebo-11/plugins:/opt/ros/humble/opt/rviz_ogre_vendor/lib:/opt/ros/humble/lib/x86_64-linux-gnu:/opt/ros/humble/lib /usr/bin/cmake --build /home/nagisa/fishbot_ws/build/cartographer_rviz -- -j12 -l12
[5.508s] DEBUG:colcon.colcon_core.event_handler.log_command:Invoking command in '/home/nagisa/fishbot_ws/build/cartographer_rviz': CMAKE_PREFIX_PATH=/home/nagisa/fishbot_ws/install/cartographer_ros:/home/nagisa/fishbot_ws/install/cartographer_ros_msgs:/home/nagisa/fishbot_ws/install/cartographer:/home/nagisa/fishbot_ws/install/fishbot_cartographer:/home/nagisa/fishbot_ws/install/cartographer_rviz:/home/nagisa/fishbot_ws/install/fishbot_description:/opt/ros/humble LD_LIBRARY_PATH=/home/nagisa/fishbot_ws/install/cartographer_ros_msgs/lib:/home/nagisa/fishbot_ws/install/cartographer_rviz/lib:/home/nagisa/fishbot_ws/install/cartographer_ros/lib:/usr/lib/x86_64-linux-gnu/gazebo-11/plugins:/opt/ros/humble/opt/rviz_ogre_vendor/lib:/opt/ros/humble/lib/x86_64-linux-gnu:/opt/ros/humble/lib /usr/bin/cmake --install /home/nagisa/fishbot_ws/build/cartographer_rviz
[5.522s] Level 1:colcon.colcon_core.environment:create_environment_scripts_only(cartographer_rviz)
[5.522s] Level 1:colcon.colcon_core.environment:checking '/home/nagisa/fishbot_ws/install/cartographer_rviz' for CMake module files
[5.523s] DEBUG:colcon.colcon_core.event_handler.log_command:Invoked command in '/home/nagisa/fishbot_ws/build/cartographer_rviz' returned '0': CMAKE_PREFIX_PATH=/home/nagisa/fishbot_ws/install/cartographer_ros:/home/nagisa/fishbot_ws/install/cartographer_ros_msgs:/home/nagisa/fishbot_ws/install/cartographer:/home/nagisa/fishbot_ws/install/fishbot_cartographer:/home/nagisa/fishbot_ws/install/cartographer_rviz:/home/nagisa/fishbot_ws/install/fishbot_description:/opt/ros/humble LD_LIBRARY_PATH=/home/nagisa/fishbot_ws/install/cartographer_ros_msgs/lib:/home/nagisa/fishbot_ws/install/cartographer_rviz/lib:/home/nagisa/fishbot_ws/install/cartographer_ros/lib:/usr/lib/x86_64-linux-gnu/gazebo-11/plugins:/opt/ros/humble/opt/rviz_ogre_vendor/lib:/opt/ros/humble/lib/x86_64-linux-gnu:/opt/ros/humble/lib /usr/bin/cmake --install /home/nagisa/fishbot_ws/build/cartographer_rviz
[5.523s] Level 1:colcon.colcon_core.environment:checking '/home/nagisa/fishbot_ws/install/cartographer_rviz' for CMake config files
[5.523s] Level 1:colcon.colcon_core.shell:create_environment_hook('cartographer_rviz', 'cmake_prefix_path')
[5.524s] INFO:colcon.colcon_core.shell:Creating environment hook '/home/nagisa/fishbot_ws/install/cartographer_rviz/share/cartographer_rviz/hook/cmake_prefix_path.ps1'
[5.524s] INFO:colcon.colcon_core.shell:Creating environment descriptor '/home/nagisa/fishbot_ws/install/cartographer_rviz/share/cartographer_rviz/hook/cmake_prefix_path.dsv'
[5.525s] INFO:colcon.colcon_core.shell:Creating environment hook '/home/nagisa/fishbot_ws/install/cartographer_rviz/share/cartographer_rviz/hook/cmake_prefix_path.sh'
[5.525s] Level 1:colcon.colcon_core.environment:checking '/home/nagisa/fishbot_ws/install/cartographer_rviz/lib'
[5.525s] Level 1:colcon.colcon_core.shell:create_environment_hook('cartographer_rviz', 'ld_library_path_lib')
[5.526s] INFO:colcon.colcon_core.shell:Creating environment hook '/home/nagisa/fishbot_ws/install/cartographer_rviz/share/cartographer_rviz/hook/ld_library_path_lib.ps1'
[5.526s] INFO:colcon.colcon_core.shell:Creating environment descriptor '/home/nagisa/fishbot_ws/install/cartographer_rviz/share/cartographer_rviz/hook/ld_library_path_lib.dsv'
[5.526s] INFO:colcon.colcon_core.shell:Creating environment hook '/home/nagisa/fishbot_ws/install/cartographer_rviz/share/cartographer_rviz/hook/ld_library_path_lib.sh'
[5.527s] Level 1:colcon.colcon_core.environment:checking '/home/nagisa/fishbot_ws/install/cartographer_rviz/bin'
[5.527s] Level 1:colcon.colcon_core.environment:checking '/home/nagisa/fishbot_ws/install/cartographer_rviz/lib/pkgconfig/cartographer_rviz.pc'
[5.527s] Level 1:colcon.colcon_core.environment:checking '/home/nagisa/fishbot_ws/install/cartographer_rviz/lib/python3.10/site-packages'
[5.527s] Level 1:colcon.colcon_core.environment:checking '/home/nagisa/fishbot_ws/install/cartographer_rviz/bin'
[5.528s] INFO:colcon.colcon_core.shell:Creating package script '/home/nagisa/fishbot_ws/install/cartographer_rviz/share/cartographer_rviz/package.ps1'
[5.528s] INFO:colcon.colcon_core.shell:Creating package descriptor '/home/nagisa/fishbot_ws/install/cartographer_rviz/share/cartographer_rviz/package.dsv'
[5.529s] INFO:colcon.colcon_core.shell:Creating package script '/home/nagisa/fishbot_ws/install/cartographer_rviz/share/cartographer_rviz/package.sh'
[5.529s] INFO:colcon.colcon_core.shell:Creating package script '/home/nagisa/fishbot_ws/install/cartographer_rviz/share/cartographer_rviz/package.bash'
[5.529s] INFO:colcon.colcon_core.shell:Creating package script '/home/nagisa/fishbot_ws/install/cartographer_rviz/share/cartographer_rviz/package.zsh'
[5.530s] Level 1:colcon.colcon_core.environment:create_file_with_runtime_dependencies(/home/nagisa/fishbot_ws/install/cartographer_rviz/share/colcon-core/packages/cartographer_rviz)
[5.598s] Level 1:colcon.colcon_core.environment:create_environment_scripts_only(cartographer_rviz)
[5.598s] Level 1:colcon.colcon_core.environment:checking '/home/nagisa/fishbot_ws/install/cartographer_rviz' for CMake module files
[5.599s] Level 1:colcon.colcon_core.environment:checking '/home/nagisa/fishbot_ws/install/cartographer_rviz' for CMake config files
[5.599s] Level 1:colcon.colcon_core.shell:create_environment_hook('cartographer_rviz', 'cmake_prefix_path')
[5.599s] INFO:colcon.colcon_core.shell:Creating environment hook '/home/nagisa/fishbot_ws/install/cartographer_rviz/share/cartographer_rviz/hook/cmake_prefix_path.ps1'
[5.600s] INFO:colcon.colcon_core.shell:Creating environment descriptor '/home/nagisa/fishbot_ws/install/cartographer_rviz/share/cartographer_rviz/hook/cmake_prefix_path.dsv'
[5.600s] INFO:colcon.colcon_core.shell:Creating environment hook '/home/nagisa/fishbot_ws/install/cartographer_rviz/share/cartographer_rviz/hook/cmake_prefix_path.sh'
[5.601s] Level 1:colcon.colcon_core.environment:checking '/home/nagisa/fishbot_ws/install/cartographer_rviz/lib'
[5.601s] Level 1:colcon.colcon_core.shell:create_environment_hook('cartographer_rviz', 'ld_library_path_lib')
[5.601s] INFO:colcon.colcon_core.shell:Creating environment hook '/home/nagisa/fishbot_ws/install/cartographer_rviz/share/cartographer_rviz/hook/ld_library_path_lib.ps1'
[5.602s] INFO:colcon.colcon_core.shell:Creating environment descriptor '/home/nagisa/fishbot_ws/install/cartographer_rviz/share/cartographer_rviz/hook/ld_library_path_lib.dsv'
[5.602s] INFO:colcon.colcon_core.shell:Creating environment hook '/home/nagisa/fishbot_ws/install/cartographer_rviz/share/cartographer_rviz/hook/ld_library_path_lib.sh'
[5.603s] Level 1:colcon.colcon_core.environment:checking '/home/nagisa/fishbot_ws/install/cartographer_rviz/bin'
[5.603s] Level 1:colcon.colcon_core.environment:checking '/home/nagisa/fishbot_ws/install/cartographer_rviz/lib/pkgconfig/cartographer_rviz.pc'
[5.603s] Level 1:colcon.colcon_core.environment:checking '/home/nagisa/fishbot_ws/install/cartographer_rviz/lib/python3.10/site-packages'
[5.603s] Level 1:colcon.colcon_core.environment:checking '/home/nagisa/fishbot_ws/install/cartographer_rviz/bin'
[5.603s] INFO:colcon.colcon_core.shell:Creating package script '/home/nagisa/fishbot_ws/install/cartographer_rviz/share/cartographer_rviz/package.ps1'
[5.604s] INFO:colcon.colcon_core.shell:Creating package descriptor '/home/nagisa/fishbot_ws/install/cartographer_rviz/share/cartographer_rviz/package.dsv'
[5.605s] INFO:colcon.colcon_core.shell:Creating package script '/home/nagisa/fishbot_ws/install/cartographer_rviz/share/cartographer_rviz/package.sh'
[5.605s] INFO:colcon.colcon_core.shell:Creating package script '/home/nagisa/fishbot_ws/install/cartographer_rviz/share/cartographer_rviz/package.bash'
[5.606s] INFO:colcon.colcon_core.shell:Creating package script '/home/nagisa/fishbot_ws/install/cartographer_rviz/share/cartographer_rviz/package.zsh'
[5.606s] Level 1:colcon.colcon_core.environment:create_file_with_runtime_dependencies(/home/nagisa/fishbot_ws/install/cartographer_rviz/share/colcon-core/packages/cartographer_rviz)
[5.607s] DEBUG:colcon.colcon_parallel_executor.executor.parallel:closing loop
[5.607s] DEBUG:colcon.colcon_parallel_executor.executor.parallel:loop closed
[5.607s] DEBUG:colcon.colcon_parallel_executor.executor.parallel:run_until_complete finished with '0'
[5.607s] DEBUG:colcon.colcon_core.event_reactor:joining thread
[5.613s] INFO:colcon.colcon_core.plugin_system:Skipping extension 'colcon_notification.desktop_notification.terminal_notifier': Not used on non-Darwin systems
[5.613s] INFO:colcon.colcon_core.plugin_system:Skipping extension 'colcon_notification.desktop_notification.win32': Not used on non-Windows systems
[5.613s] INFO:colcon.colcon_notification.desktop_notification:Sending desktop notification using 'notify2'
[5.624s] DEBUG:colcon.colcon_core.event_reactor:joined thread
[5.624s] INFO:colcon.colcon_core.shell:Creating prefix script '/home/nagisa/fishbot_ws/install/local_setup.ps1'
[5.625s] INFO:colcon.colcon_core.shell:Creating prefix util module '/home/nagisa/fishbot_ws/install/_local_setup_util_ps1.py'
[5.626s] INFO:colcon.colcon_core.shell:Creating prefix chain script '/home/nagisa/fishbot_ws/install/setup.ps1'
[5.628s] INFO:colcon.colcon_core.shell:Creating prefix script '/home/nagisa/fishbot_ws/install/local_setup.sh'
[5.628s] INFO:colcon.colcon_core.shell:Creating prefix util module '/home/nagisa/fishbot_ws/install/_local_setup_util_sh.py'
[5.629s] INFO:colcon.colcon_core.shell:Creating prefix chain script '/home/nagisa/fishbot_ws/install/setup.sh'
[5.630s] INFO:colcon.colcon_core.shell:Creating prefix script '/home/nagisa/fishbot_ws/install/local_setup.bash'
[5.630s] INFO:colcon.colcon_core.shell:Creating prefix chain script '/home/nagisa/fishbot_ws/install/setup.bash'
[5.631s] INFO:colcon.colcon_core.shell:Creating prefix script '/home/nagisa/fishbot_ws/install/local_setup.zsh'
[5.632s] INFO:colcon.colcon_core.shell:Creating prefix chain script '/home/nagisa/fishbot_ws/install/setup.zsh'
