[0.092s] Invoking command in '/home/nagisa/fishbot_ws/build/costmap_queue': AMENT_PREFIX_PATH=/home/nagisa/fishbot_ws/install/nav2_costmap_2d:/home/nagisa/fishbot_ws/install/nav2_map_server:/home/nagisa/fishbot_ws/install/nav2_lifecycle_manager:/home/nagisa/fishbot_ws/install/nav2_util:/home/nagisa/fishbot_ws/install/nav2_voxel_grid:/home/nagisa/fishbot_ws/install/nav2_msgs:/home/nagisa/fishbot_ws/install/nav2_common:${AMENT_PREFIX_PATH} CMAKE_PREFIX_PATH=/home/nagisa/fishbot_ws/install/nav2_costmap_2d:/home/nagisa/fishbot_ws/install/nav2_map_server:/home/nagisa/fishbot_ws/install/nav2_lifecycle_manager:/home/nagisa/fishbot_ws/install/nav2_util:/home/nagisa/fishbot_ws/install/nav2_voxel_grid:/home/nagisa/fishbot_ws/install/nav2_msgs:/home/nagisa/fishbot_ws/install/nav2_common:/opt/ros/humble LD_LIBRARY_PATH=/home/nagisa/fishbot_ws/install/nav2_costmap_2d/lib:/home/nagisa/fishbot_ws/install/nav2_map_server/lib:/home/nagisa/fishbot_ws/install/nav2_lifecycle_manager/lib:/home/nagisa/fishbot_ws/install/nav2_util/lib:/home/nagisa/fishbot_ws/install/nav2_voxel_grid/lib:/home/nagisa/fishbot_ws/install/nav2_msgs/lib:${LD_LIBRARY_PATH} PYTHONPATH=/home/nagisa/fishbot_ws/install/nav2_msgs/local/lib/python3.10/dist-packages:/home/nagisa/fishbot_ws/install/nav2_common/local/lib/python3.10/dist-packages:${PYTHONPATH} /usr/bin/cmake /home/nagisa/fishbot_ws/src/navigation2/nav2_dwb_controller/costmap_queue -DCMAKE_INSTALL_PREFIX=/home/nagisa/fishbot_ws/install/costmap_queue
[0.259s] -- The C compiler identification is GNU 11.4.0
[0.341s] -- The CXX compiler identification is GNU 11.4.0
[0.360s] -- Detecting C compiler ABI info
[0.452s] -- Detecting C compiler ABI info - done
[0.460s] -- Check for working C compiler: /usr/bin/cc - skipped
[0.461s] -- Detecting C compile features
[0.462s] -- Detecting C compile features - done
[0.469s] -- Detecting CXX compiler ABI info
[0.588s] -- Detecting CXX compiler ABI info - done
[0.594s] -- Check for working CXX compiler: /usr/bin/c++ - skipped
[0.594s] -- Detecting CXX compile features
[0.594s] -- Detecting CXX compile features - done
[0.616s] -- Found ament_cmake: 1.3.10 (/opt/ros/humble/share/ament_cmake/cmake)
[0.820s] -- Found Python3: /usr/bin/python3 (found version "3.10.12") found components: Interpreter 
[1.005s] -- Found nav2_common: 1.1.16 (/home/nagisa/fishbot_ws/install/nav2_common/share/nav2_common/cmake)
[1.008s] -- Found nav2_costmap_2d: 1.1.16 (/home/nagisa/fishbot_ws/install/nav2_costmap_2d/share/nav2_costmap_2d/cmake)
[1.153s] -- Found rosidl_generator_c: 3.1.5 (/opt/ros/humble/share/rosidl_generator_c/cmake)
[1.164s] -- Found rosidl_adapter: 3.1.5 (/opt/ros/humble/share/rosidl_adapter/cmake)
[1.184s] -- Found rosidl_generator_cpp: 3.1.5 (/opt/ros/humble/share/rosidl_generator_cpp/cmake)
[1.216s] -- Using all available rosidl_typesupport_c: rosidl_typesupport_fastrtps_c;rosidl_typesupport_introspection_c
[1.247s] -- Using all available rosidl_typesupport_cpp: rosidl_typesupport_fastrtps_cpp;rosidl_typesupport_introspection_cpp
[1.444s] -- Found rmw_implementation_cmake: 6.1.2 (/opt/ros/humble/share/rmw_implementation_cmake/cmake)
[1.452s] -- Found rmw_fastrtps_cpp: 6.2.7 (/opt/ros/humble/share/rmw_fastrtps_cpp/cmake)
[1.625s] -- Found OpenSSL: /usr/lib/x86_64-linux-gnu/libcrypto.so (found version "3.0.2")  
[1.655s] -- Found FastRTPS: /opt/ros/humble/include  
[1.697s] -- Using RMW implementation 'rmw_fastrtps_cpp' as default
[1.715s] -- Looking for pthread.h
[1.828s] -- Looking for pthread.h - found
[1.829s] -- Performing Test CMAKE_HAVE_LIBC_PTHREAD
[1.922s] -- Performing Test CMAKE_HAVE_LIBC_PTHREAD - Success
[1.923s] -- Found Threads: TRUE  
[2.319s] -- Found Eigen3: TRUE (found version "3.4.0") 
[2.319s] -- Ensuring Eigen3 include directory is part of orocos-kdl CMake target
[2.496s] -- Setting build type to Release as none was specified.
[2.503s] -- Found ament_lint_auto: 0.12.11 (/opt/ros/humble/share/ament_lint_auto/cmake)
[2.634s] -- Found gtest sources under '/opt/ros/humble/src/gtest_vendor': C++ tests using 'Google Test' will be built
[2.655s] -- Added test 'cppcheck' to perform static code analysis on C / C++ code
[2.656s] -- Configured cppcheck include dirs: /home/nagisa/fishbot_ws/src/navigation2/nav2_dwb_controller/costmap_queue/include
[2.656s] -- Configured cppcheck exclude dirs and/or files: 
[2.657s] -- Added test 'cpplint' to check C / C++ code against the Google style
[2.657s] -- Configured cpplint exclude dirs and/or files: 
[2.659s] -- Added test 'lint_cmake' to check CMake code style
[2.661s] -- Added test 'uncrustify' to check C / C++ code style
[2.661s] -- Configured uncrustify additional arguments: 
[2.662s] -- Added test 'xmllint' to check XML markup files
[2.667s] -- Configuring done
[2.803s] -- Generating done
[2.805s] -- Build files have been written to: /home/nagisa/fishbot_ws/build/costmap_queue
[2.820s] Invoked command in '/home/nagisa/fishbot_ws/build/costmap_queue' returned '0': AMENT_PREFIX_PATH=/home/nagisa/fishbot_ws/install/nav2_costmap_2d:/home/nagisa/fishbot_ws/install/nav2_map_server:/home/nagisa/fishbot_ws/install/nav2_lifecycle_manager:/home/nagisa/fishbot_ws/install/nav2_util:/home/nagisa/fishbot_ws/install/nav2_voxel_grid:/home/nagisa/fishbot_ws/install/nav2_msgs:/home/nagisa/fishbot_ws/install/nav2_common:${AMENT_PREFIX_PATH} CMAKE_PREFIX_PATH=/home/nagisa/fishbot_ws/install/nav2_costmap_2d:/home/nagisa/fishbot_ws/install/nav2_map_server:/home/nagisa/fishbot_ws/install/nav2_lifecycle_manager:/home/nagisa/fishbot_ws/install/nav2_util:/home/nagisa/fishbot_ws/install/nav2_voxel_grid:/home/nagisa/fishbot_ws/install/nav2_msgs:/home/nagisa/fishbot_ws/install/nav2_common:/opt/ros/humble LD_LIBRARY_PATH=/home/nagisa/fishbot_ws/install/nav2_costmap_2d/lib:/home/nagisa/fishbot_ws/install/nav2_map_server/lib:/home/nagisa/fishbot_ws/install/nav2_lifecycle_manager/lib:/home/nagisa/fishbot_ws/install/nav2_util/lib:/home/nagisa/fishbot_ws/install/nav2_voxel_grid/lib:/home/nagisa/fishbot_ws/install/nav2_msgs/lib:${LD_LIBRARY_PATH} PYTHONPATH=/home/nagisa/fishbot_ws/install/nav2_msgs/local/lib/python3.10/dist-packages:/home/nagisa/fishbot_ws/install/nav2_common/local/lib/python3.10/dist-packages:${PYTHONPATH} /usr/bin/cmake /home/nagisa/fishbot_ws/src/navigation2/nav2_dwb_controller/costmap_queue -DCMAKE_INSTALL_PREFIX=/home/nagisa/fishbot_ws/install/costmap_queue
[2.820s] Invoking command in '/home/nagisa/fishbot_ws/build/costmap_queue': AMENT_PREFIX_PATH=/home/nagisa/fishbot_ws/install/nav2_costmap_2d:/home/nagisa/fishbot_ws/install/nav2_map_server:/home/nagisa/fishbot_ws/install/nav2_lifecycle_manager:/home/nagisa/fishbot_ws/install/nav2_util:/home/nagisa/fishbot_ws/install/nav2_voxel_grid:/home/nagisa/fishbot_ws/install/nav2_msgs:/home/nagisa/fishbot_ws/install/nav2_common:${AMENT_PREFIX_PATH} CMAKE_PREFIX_PATH=/home/nagisa/fishbot_ws/install/nav2_costmap_2d:/home/nagisa/fishbot_ws/install/nav2_map_server:/home/nagisa/fishbot_ws/install/nav2_lifecycle_manager:/home/nagisa/fishbot_ws/install/nav2_util:/home/nagisa/fishbot_ws/install/nav2_voxel_grid:/home/nagisa/fishbot_ws/install/nav2_msgs:/home/nagisa/fishbot_ws/install/nav2_common:/opt/ros/humble LD_LIBRARY_PATH=/home/nagisa/fishbot_ws/install/nav2_costmap_2d/lib:/home/nagisa/fishbot_ws/install/nav2_map_server/lib:/home/nagisa/fishbot_ws/install/nav2_lifecycle_manager/lib:/home/nagisa/fishbot_ws/install/nav2_util/lib:/home/nagisa/fishbot_ws/install/nav2_voxel_grid/lib:/home/nagisa/fishbot_ws/install/nav2_msgs/lib:${LD_LIBRARY_PATH} PYTHONPATH=/home/nagisa/fishbot_ws/install/nav2_msgs/local/lib/python3.10/dist-packages:/home/nagisa/fishbot_ws/install/nav2_common/local/lib/python3.10/dist-packages:${PYTHONPATH} /usr/bin/cmake --build /home/nagisa/fishbot_ws/build/costmap_queue -- -j12 -l12
[2.886s] [ 27%] [32mBuilding CXX object CMakeFiles/costmap_queue.dir/src/limited_costmap_queue.cpp.o[0m
[2.886s] [ 27%] [32mBuilding CXX object gtest/CMakeFiles/gtest.dir/src/gtest-all.cc.o[0m
[2.886s] [ 27%] [32mBuilding CXX object CMakeFiles/costmap_queue.dir/src/costmap_queue.cpp.o[0m
[2.886s] [ 36%] [32mBuilding CXX object gtest/CMakeFiles/gtest_main.dir/src/gtest_main.cc.o[0m
[3.725s] [ 45%] [32m[1mLinking CXX static library libgtest_main.a[0m
[3.770s] [ 45%] Built target gtest_main
[3.989s] [ 54%] [32m[1mLinking CXX shared library libcostmap_queue.so[0m
[4.240s] [ 54%] Built target costmap_queue
[9.939s] [ 63%] [32m[1mLinking CXX static library libgtest.a[0m
[9.990s] [ 63%] Built target gtest
[10.018s] [ 81%] [32mBuilding CXX object CMakeFiles/mbq_test.dir/test/mbq_test.cpp.o[0m
[10.018s] [ 81%] [32mBuilding CXX object CMakeFiles/utest.dir/test/utest.cpp.o[0m
[14.120s] [ 90%] [32m[1mLinking CXX executable mbq_test[0m
[16.377s] [ 90%] Built target mbq_test
[21.411s] [100%] [32m[1mLinking CXX executable utest[0m
[22.181s] [100%] Built target utest
[22.214s] Invoked command in '/home/nagisa/fishbot_ws/build/costmap_queue' returned '0': AMENT_PREFIX_PATH=/home/nagisa/fishbot_ws/install/nav2_costmap_2d:/home/nagisa/fishbot_ws/install/nav2_map_server:/home/nagisa/fishbot_ws/install/nav2_lifecycle_manager:/home/nagisa/fishbot_ws/install/nav2_util:/home/nagisa/fishbot_ws/install/nav2_voxel_grid:/home/nagisa/fishbot_ws/install/nav2_msgs:/home/nagisa/fishbot_ws/install/nav2_common:${AMENT_PREFIX_PATH} CMAKE_PREFIX_PATH=/home/nagisa/fishbot_ws/install/nav2_costmap_2d:/home/nagisa/fishbot_ws/install/nav2_map_server:/home/nagisa/fishbot_ws/install/nav2_lifecycle_manager:/home/nagisa/fishbot_ws/install/nav2_util:/home/nagisa/fishbot_ws/install/nav2_voxel_grid:/home/nagisa/fishbot_ws/install/nav2_msgs:/home/nagisa/fishbot_ws/install/nav2_common:/opt/ros/humble LD_LIBRARY_PATH=/home/nagisa/fishbot_ws/install/nav2_costmap_2d/lib:/home/nagisa/fishbot_ws/install/nav2_map_server/lib:/home/nagisa/fishbot_ws/install/nav2_lifecycle_manager/lib:/home/nagisa/fishbot_ws/install/nav2_util/lib:/home/nagisa/fishbot_ws/install/nav2_voxel_grid/lib:/home/nagisa/fishbot_ws/install/nav2_msgs/lib:${LD_LIBRARY_PATH} PYTHONPATH=/home/nagisa/fishbot_ws/install/nav2_msgs/local/lib/python3.10/dist-packages:/home/nagisa/fishbot_ws/install/nav2_common/local/lib/python3.10/dist-packages:${PYTHONPATH} /usr/bin/cmake --build /home/nagisa/fishbot_ws/build/costmap_queue -- -j12 -l12
[22.405s] Invoking command in '/home/nagisa/fishbot_ws/build/costmap_queue': AMENT_PREFIX_PATH=/home/nagisa/fishbot_ws/install/nav2_costmap_2d:/home/nagisa/fishbot_ws/install/nav2_map_server:/home/nagisa/fishbot_ws/install/nav2_lifecycle_manager:/home/nagisa/fishbot_ws/install/nav2_util:/home/nagisa/fishbot_ws/install/nav2_voxel_grid:/home/nagisa/fishbot_ws/install/nav2_msgs:/home/nagisa/fishbot_ws/install/nav2_common:${AMENT_PREFIX_PATH} CMAKE_PREFIX_PATH=/home/nagisa/fishbot_ws/install/nav2_costmap_2d:/home/nagisa/fishbot_ws/install/nav2_map_server:/home/nagisa/fishbot_ws/install/nav2_lifecycle_manager:/home/nagisa/fishbot_ws/install/nav2_util:/home/nagisa/fishbot_ws/install/nav2_voxel_grid:/home/nagisa/fishbot_ws/install/nav2_msgs:/home/nagisa/fishbot_ws/install/nav2_common:/opt/ros/humble LD_LIBRARY_PATH=/home/nagisa/fishbot_ws/install/nav2_costmap_2d/lib:/home/nagisa/fishbot_ws/install/nav2_map_server/lib:/home/nagisa/fishbot_ws/install/nav2_lifecycle_manager/lib:/home/nagisa/fishbot_ws/install/nav2_util/lib:/home/nagisa/fishbot_ws/install/nav2_voxel_grid/lib:/home/nagisa/fishbot_ws/install/nav2_msgs/lib:${LD_LIBRARY_PATH} PYTHONPATH=/home/nagisa/fishbot_ws/install/nav2_msgs/local/lib/python3.10/dist-packages:/home/nagisa/fishbot_ws/install/nav2_common/local/lib/python3.10/dist-packages:${PYTHONPATH} /usr/bin/cmake --install /home/nagisa/fishbot_ws/build/costmap_queue
[22.433s] -- Install configuration: "Release"
[22.436s] -- Installing: /home/nagisa/fishbot_ws/install/costmap_queue/lib/libcostmap_queue.so
[22.437s] -- Set runtime path of "/home/nagisa/fishbot_ws/install/costmap_queue/lib/libcostmap_queue.so" to ""
[22.437s] -- Installing: /home/nagisa/fishbot_ws/install/costmap_queue/include/
[22.437s] -- Installing: /home/nagisa/fishbot_ws/install/costmap_queue/include//costmap_queue
[22.438s] -- Installing: /home/nagisa/fishbot_ws/install/costmap_queue/include//costmap_queue/limited_costmap_queue.hpp
[22.438s] -- Installing: /home/nagisa/fishbot_ws/install/costmap_queue/include//costmap_queue/map_based_queue.hpp
[22.440s] -- Installing: /home/nagisa/fishbot_ws/install/costmap_queue/include//costmap_queue/costmap_queue.hpp
[22.440s] -- Installing: /home/nagisa/fishbot_ws/install/costmap_queue/share/costmap_queue/environment/library_path.sh
[22.441s] -- Installing: /home/nagisa/fishbot_ws/install/costmap_queue/share/costmap_queue/environment/library_path.dsv
[22.441s] -- Installing: /home/nagisa/fishbot_ws/install/costmap_queue/share/ament_index/resource_index/package_run_dependencies/costmap_queue
[22.442s] -- Installing: /home/nagisa/fishbot_ws/install/costmap_queue/share/ament_index/resource_index/parent_prefix_path/costmap_queue
[22.443s] -- Installing: /home/nagisa/fishbot_ws/install/costmap_queue/share/costmap_queue/environment/ament_prefix_path.sh
[22.443s] -- Installing: /home/nagisa/fishbot_ws/install/costmap_queue/share/costmap_queue/environment/ament_prefix_path.dsv
[22.444s] -- Installing: /home/nagisa/fishbot_ws/install/costmap_queue/share/costmap_queue/environment/path.sh
[22.444s] -- Installing: /home/nagisa/fishbot_ws/install/costmap_queue/share/costmap_queue/environment/path.dsv
[22.445s] -- Installing: /home/nagisa/fishbot_ws/install/costmap_queue/share/costmap_queue/local_setup.bash
[22.445s] -- Installing: /home/nagisa/fishbot_ws/install/costmap_queue/share/costmap_queue/local_setup.sh
[22.445s] -- Installing: /home/nagisa/fishbot_ws/install/costmap_queue/share/costmap_queue/local_setup.zsh
[22.446s] -- Installing: /home/nagisa/fishbot_ws/install/costmap_queue/share/costmap_queue/local_setup.dsv
[22.446s] -- Installing: /home/nagisa/fishbot_ws/install/costmap_queue/share/costmap_queue/package.dsv
[22.446s] -- Installing: /home/nagisa/fishbot_ws/install/costmap_queue/share/ament_index/resource_index/packages/costmap_queue
[22.447s] -- Installing: /home/nagisa/fishbot_ws/install/costmap_queue/share/costmap_queue/cmake/ament_cmake_export_include_directories-extras.cmake
[22.448s] -- Installing: /home/nagisa/fishbot_ws/install/costmap_queue/share/costmap_queue/cmake/ament_cmake_export_libraries-extras.cmake
[22.448s] -- Installing: /home/nagisa/fishbot_ws/install/costmap_queue/share/costmap_queue/cmake/costmap_queueConfig.cmake
[22.448s] -- Installing: /home/nagisa/fishbot_ws/install/costmap_queue/share/costmap_queue/cmake/costmap_queueConfig-version.cmake
[22.448s] -- Installing: /home/nagisa/fishbot_ws/install/costmap_queue/share/costmap_queue/package.xml
[22.454s] Invoked command in '/home/nagisa/fishbot_ws/build/costmap_queue' returned '0': AMENT_PREFIX_PATH=/home/nagisa/fishbot_ws/install/nav2_costmap_2d:/home/nagisa/fishbot_ws/install/nav2_map_server:/home/nagisa/fishbot_ws/install/nav2_lifecycle_manager:/home/nagisa/fishbot_ws/install/nav2_util:/home/nagisa/fishbot_ws/install/nav2_voxel_grid:/home/nagisa/fishbot_ws/install/nav2_msgs:/home/nagisa/fishbot_ws/install/nav2_common:${AMENT_PREFIX_PATH} CMAKE_PREFIX_PATH=/home/nagisa/fishbot_ws/install/nav2_costmap_2d:/home/nagisa/fishbot_ws/install/nav2_map_server:/home/nagisa/fishbot_ws/install/nav2_lifecycle_manager:/home/nagisa/fishbot_ws/install/nav2_util:/home/nagisa/fishbot_ws/install/nav2_voxel_grid:/home/nagisa/fishbot_ws/install/nav2_msgs:/home/nagisa/fishbot_ws/install/nav2_common:/opt/ros/humble LD_LIBRARY_PATH=/home/nagisa/fishbot_ws/install/nav2_costmap_2d/lib:/home/nagisa/fishbot_ws/install/nav2_map_server/lib:/home/nagisa/fishbot_ws/install/nav2_lifecycle_manager/lib:/home/nagisa/fishbot_ws/install/nav2_util/lib:/home/nagisa/fishbot_ws/install/nav2_voxel_grid/lib:/home/nagisa/fishbot_ws/install/nav2_msgs/lib:${LD_LIBRARY_PATH} PYTHONPATH=/home/nagisa/fishbot_ws/install/nav2_msgs/local/lib/python3.10/dist-packages:/home/nagisa/fishbot_ws/install/nav2_common/local/lib/python3.10/dist-packages:${PYTHONPATH} /usr/bin/cmake --install /home/nagisa/fishbot_ws/build/costmap_queue
