[0.035s] Invoking command in '/home/nagisa/fishbot_ws/build/nav2_costmap_2d': AMENT_PREFIX_PATH=/home/nagisa/fishbot_ws/install/nav2_map_server:/home/nagisa/fishbot_ws/install/nav2_lifecycle_manager:/home/nagisa/fishbot_ws/install/nav2_util:/home/nagisa/fishbot_ws/install/nav2_voxel_grid:/home/nagisa/fishbot_ws/install/nav2_msgs:/home/nagisa/fishbot_ws/install/nav2_common:${AMENT_PREFIX_PATH} CMAKE_PREFIX_PATH=/home/nagisa/fishbot_ws/install/nav2_map_server:/home/nagisa/fishbot_ws/install/nav2_lifecycle_manager:/home/nagisa/fishbot_ws/install/nav2_util:/home/nagisa/fishbot_ws/install/nav2_voxel_grid:/home/nagisa/fishbot_ws/install/nav2_msgs:/home/nagisa/fishbot_ws/install/nav2_common:/opt/ros/humble LD_LIBRARY_PATH=/home/nagisa/fishbot_ws/install/nav2_map_server/lib:/home/nagisa/fishbot_ws/install/nav2_lifecycle_manager/lib:/home/nagisa/fishbot_ws/install/nav2_util/lib:/home/nagisa/fishbot_ws/install/nav2_voxel_grid/lib:/home/nagisa/fishbot_ws/install/nav2_msgs/lib:${LD_LIBRARY_PATH} PYTHONPATH=/home/nagisa/fishbot_ws/install/nav2_msgs/local/lib/python3.10/dist-packages:/home/nagisa/fishbot_ws/install/nav2_common/local/lib/python3.10/dist-packages:${PYTHONPATH} /usr/bin/cmake --build /home/nagisa/fishbot_ws/build/nav2_costmap_2d -- -j12 -l12
[0.108s] [35m[1mConsolidate compiler generated dependencies of target gtest_main[0m
[0.108s] [35m[1mConsolidate compiler generated dependencies of target gtest[0m
[0.125s] [  4%] Built target gtest
[0.125s] [  4%] Built target gtest_main
[0.126s] [35m[1mConsolidate compiler generated dependencies of target nav2_costmap_2d_core[0m
[0.179s] [ 21%] Built target nav2_costmap_2d_core
[0.228s] [35m[1mConsolidate compiler generated dependencies of target nav2_costmap_2d_cloud[0m
[0.229s] [35m[1mConsolidate compiler generated dependencies of target costmap_filter_test[0m
[0.231s] [35m[1mConsolidate compiler generated dependencies of target array_parser_test[0m
[0.231s] [35m[1mConsolidate compiler generated dependencies of target copy_window_test[0m
[0.231s] [35m[1mConsolidate compiler generated dependencies of target declare_parameter_test[0m
[0.231s] [35m[1mConsolidate compiler generated dependencies of target costmap_convesion_test[0m
[0.231s] [35m[1mConsolidate compiler generated dependencies of target nav2_costmap_2d_markers[0m
[0.231s] [35m[1mConsolidate compiler generated dependencies of target filters[0m
[0.231s] [35m[1mConsolidate compiler generated dependencies of target costmap_filter_service_test[0m
[0.234s] [35m[1mConsolidate compiler generated dependencies of target nav2_costmap_2d_client[0m
[0.234s] [35m[1mConsolidate compiler generated dependencies of target collision_footprint_test[0m
[0.240s] [35m[1mConsolidate compiler generated dependencies of target layers[0m
[0.255s] [ 26%] Built target costmap_filter_test
[0.255s] [ 26%] Built target copy_window_test
[0.255s] [ 31%] Built target costmap_convesion_test
[0.255s] [ 31%] Built target costmap_filter_service_test
[0.255s] [ 34%] Built target nav2_costmap_2d_markers
[0.256s] [ 36%] Built target nav2_costmap_2d_cloud
[0.257s] [ 39%] Built target array_parser_test
[0.262s] [ 46%] Built target nav2_costmap_2d_client
[0.262s] [ 46%] Built target declare_parameter_test
[0.266s] [ 51%] Built target filters
[0.270s] [ 53%] Built target collision_footprint_test
[0.273s] [35m[1mConsolidate compiler generated dependencies of target costmap_bresenham_2d[0m
[0.274s] [35m[1mConsolidate compiler generated dependencies of target dyn_params_tests[0m
[0.274s] [35m[1mConsolidate compiler generated dependencies of target order_layer[0m
[0.278s] [35m[1mConsolidate compiler generated dependencies of target plugin_api_order[0m
[0.286s] [35m[1mConsolidate compiler generated dependencies of target keepout_filter_test[0m
[0.289s] [ 63%] Built target layers
[0.289s] [35m[1mConsolidate compiler generated dependencies of target binary_filter_test[0m
[0.290s] [35m[1mConsolidate compiler generated dependencies of target speed_filter_test[0m
[0.294s] [ 65%] Built target costmap_bresenham_2d
[0.300s] [ 68%] Built target order_layer
[0.301s] [ 71%] Built target plugin_api_order
[0.301s] [ 73%] Built target dyn_params_tests
[0.310s] [35m[1mConsolidate compiler generated dependencies of target inflation_tests_exec[0m
[0.311s] [35m[1mConsolidate compiler generated dependencies of target nav2_costmap_2d[0m
[0.311s] [ 75%] Built target keepout_filter_test
[0.312s] [35m[1mConsolidate compiler generated dependencies of target obstacle_tests_exec[0m
[0.313s] [35m[1mConsolidate compiler generated dependencies of target test_collision_checker_exec[0m
[0.314s] [35m[1mConsolidate compiler generated dependencies of target denoise_layer_test[0m
[0.315s] [35m[1mConsolidate compiler generated dependencies of target footprint_tests_exec[0m
[0.316s] [ 78%] Built target speed_filter_test
[0.319s] [ 80%] Built target binary_filter_test
[0.325s] [35m[1mConsolidate compiler generated dependencies of target range_tests_exec[0m
[0.334s] [ 82%] Built target nav2_costmap_2d
[0.338s] [ 85%] Built target test_collision_checker_exec
[0.338s] [ 87%] Built target inflation_tests_exec
[0.339s] [ 90%] Built target obstacle_tests_exec
[0.339s] [ 92%] Built target footprint_tests_exec
[0.339s] [ 97%] Built target denoise_layer_test
[0.353s] [100%] Built target range_tests_exec
[0.366s] Invoked command in '/home/nagisa/fishbot_ws/build/nav2_costmap_2d' returned '0': AMENT_PREFIX_PATH=/home/nagisa/fishbot_ws/install/nav2_map_server:/home/nagisa/fishbot_ws/install/nav2_lifecycle_manager:/home/nagisa/fishbot_ws/install/nav2_util:/home/nagisa/fishbot_ws/install/nav2_voxel_grid:/home/nagisa/fishbot_ws/install/nav2_msgs:/home/nagisa/fishbot_ws/install/nav2_common:${AMENT_PREFIX_PATH} CMAKE_PREFIX_PATH=/home/nagisa/fishbot_ws/install/nav2_map_server:/home/nagisa/fishbot_ws/install/nav2_lifecycle_manager:/home/nagisa/fishbot_ws/install/nav2_util:/home/nagisa/fishbot_ws/install/nav2_voxel_grid:/home/nagisa/fishbot_ws/install/nav2_msgs:/home/nagisa/fishbot_ws/install/nav2_common:/opt/ros/humble LD_LIBRARY_PATH=/home/nagisa/fishbot_ws/install/nav2_map_server/lib:/home/nagisa/fishbot_ws/install/nav2_lifecycle_manager/lib:/home/nagisa/fishbot_ws/install/nav2_util/lib:/home/nagisa/fishbot_ws/install/nav2_voxel_grid/lib:/home/nagisa/fishbot_ws/install/nav2_msgs/lib:${LD_LIBRARY_PATH} PYTHONPATH=/home/nagisa/fishbot_ws/install/nav2_msgs/local/lib/python3.10/dist-packages:/home/nagisa/fishbot_ws/install/nav2_common/local/lib/python3.10/dist-packages:${PYTHONPATH} /usr/bin/cmake --build /home/nagisa/fishbot_ws/build/nav2_costmap_2d -- -j12 -l12
[0.624s] Invoking command in '/home/nagisa/fishbot_ws/build/nav2_costmap_2d': AMENT_PREFIX_PATH=/home/nagisa/fishbot_ws/install/nav2_map_server:/home/nagisa/fishbot_ws/install/nav2_lifecycle_manager:/home/nagisa/fishbot_ws/install/nav2_util:/home/nagisa/fishbot_ws/install/nav2_voxel_grid:/home/nagisa/fishbot_ws/install/nav2_msgs:/home/nagisa/fishbot_ws/install/nav2_common:${AMENT_PREFIX_PATH} CMAKE_PREFIX_PATH=/home/nagisa/fishbot_ws/install/nav2_map_server:/home/nagisa/fishbot_ws/install/nav2_lifecycle_manager:/home/nagisa/fishbot_ws/install/nav2_util:/home/nagisa/fishbot_ws/install/nav2_voxel_grid:/home/nagisa/fishbot_ws/install/nav2_msgs:/home/nagisa/fishbot_ws/install/nav2_common:/opt/ros/humble LD_LIBRARY_PATH=/home/nagisa/fishbot_ws/install/nav2_map_server/lib:/home/nagisa/fishbot_ws/install/nav2_lifecycle_manager/lib:/home/nagisa/fishbot_ws/install/nav2_util/lib:/home/nagisa/fishbot_ws/install/nav2_voxel_grid/lib:/home/nagisa/fishbot_ws/install/nav2_msgs/lib:${LD_LIBRARY_PATH} PYTHONPATH=/home/nagisa/fishbot_ws/install/nav2_msgs/local/lib/python3.10/dist-packages:/home/nagisa/fishbot_ws/install/nav2_common/local/lib/python3.10/dist-packages:${PYTHONPATH} /usr/bin/cmake --install /home/nagisa/fishbot_ws/build/nav2_costmap_2d
[0.637s] -- Install configuration: "Release"
[0.637s] -- Installing: /home/nagisa/fishbot_ws/install/nav2_costmap_2d/lib/liblayers.so
[0.641s] -- Set runtime path of "/home/nagisa/fishbot_ws/install/nav2_costmap_2d/lib/liblayers.so" to ""
[0.641s] -- Installing: /home/nagisa/fishbot_ws/install/nav2_costmap_2d/lib/libfilters.so
[0.645s] -- Set runtime path of "/home/nagisa/fishbot_ws/install/nav2_costmap_2d/lib/libfilters.so" to ""
[0.645s] -- Installing: /home/nagisa/fishbot_ws/install/nav2_costmap_2d/lib/libnav2_costmap_2d_core.so
[0.649s] -- Set runtime path of "/home/nagisa/fishbot_ws/install/nav2_costmap_2d/lib/libnav2_costmap_2d_core.so" to ""
[0.649s] -- Installing: /home/nagisa/fishbot_ws/install/nav2_costmap_2d/lib/libnav2_costmap_2d_client.so
[0.652s] -- Set runtime path of "/home/nagisa/fishbot_ws/install/nav2_costmap_2d/lib/libnav2_costmap_2d_client.so" to ""
[0.652s] -- Installing: /home/nagisa/fishbot_ws/install/nav2_costmap_2d/lib/nav2_costmap_2d/nav2_costmap_2d_markers
[0.654s] -- Set runtime path of "/home/nagisa/fishbot_ws/install/nav2_costmap_2d/lib/nav2_costmap_2d/nav2_costmap_2d_markers" to ""
[0.654s] -- Installing: /home/nagisa/fishbot_ws/install/nav2_costmap_2d/lib/nav2_costmap_2d/nav2_costmap_2d_cloud
[0.657s] -- Set runtime path of "/home/nagisa/fishbot_ws/install/nav2_costmap_2d/lib/nav2_costmap_2d/nav2_costmap_2d_cloud" to ""
[0.657s] -- Installing: /home/nagisa/fishbot_ws/install/nav2_costmap_2d/lib/nav2_costmap_2d/nav2_costmap_2d
[0.657s] -- Set runtime path of "/home/nagisa/fishbot_ws/install/nav2_costmap_2d/lib/nav2_costmap_2d/nav2_costmap_2d" to ""
[0.657s] -- Installing: /home/nagisa/fishbot_ws/install/nav2_costmap_2d/share/nav2_costmap_2d/costmap_plugins.xml
[0.658s] -- Installing: /home/nagisa/fishbot_ws/install/nav2_costmap_2d/include/nav2_costmap_2d
[0.658s] -- Installing: /home/nagisa/fishbot_ws/install/nav2_costmap_2d/include/nav2_costmap_2d/nav2_costmap_2d
[0.659s] -- Installing: /home/nagisa/fishbot_ws/install/nav2_costmap_2d/include/nav2_costmap_2d/nav2_costmap_2d/voxel_layer.hpp
[0.659s] -- Installing: /home/nagisa/fishbot_ws/install/nav2_costmap_2d/include/nav2_costmap_2d/nav2_costmap_2d/denoise
[0.659s] -- Installing: /home/nagisa/fishbot_ws/install/nav2_costmap_2d/include/nav2_costmap_2d/nav2_costmap_2d/denoise/image_processing.hpp
[0.659s] -- Installing: /home/nagisa/fishbot_ws/install/nav2_costmap_2d/include/nav2_costmap_2d/nav2_costmap_2d/denoise/image.hpp
[0.660s] -- Installing: /home/nagisa/fishbot_ws/install/nav2_costmap_2d/include/nav2_costmap_2d/nav2_costmap_2d/costmap_2d_publisher.hpp
[0.660s] -- Installing: /home/nagisa/fishbot_ws/install/nav2_costmap_2d/include/nav2_costmap_2d/nav2_costmap_2d/costmap_subscriber.hpp
[0.660s] -- Installing: /home/nagisa/fishbot_ws/install/nav2_costmap_2d/include/nav2_costmap_2d/nav2_costmap_2d/costmap_math.hpp
[0.660s] -- Installing: /home/nagisa/fishbot_ws/install/nav2_costmap_2d/include/nav2_costmap_2d/nav2_costmap_2d/layer.hpp
[0.661s] -- Installing: /home/nagisa/fishbot_ws/install/nav2_costmap_2d/include/nav2_costmap_2d/nav2_costmap_2d/observation_buffer.hpp
[0.661s] -- Installing: /home/nagisa/fishbot_ws/install/nav2_costmap_2d/include/nav2_costmap_2d/nav2_costmap_2d/costmap_2d.hpp
[0.661s] -- Installing: /home/nagisa/fishbot_ws/install/nav2_costmap_2d/include/nav2_costmap_2d/nav2_costmap_2d/denoise_layer.hpp
[0.662s] -- Installing: /home/nagisa/fishbot_ws/install/nav2_costmap_2d/include/nav2_costmap_2d/nav2_costmap_2d/obstacle_layer.hpp
[0.662s] -- Installing: /home/nagisa/fishbot_ws/install/nav2_costmap_2d/include/nav2_costmap_2d/nav2_costmap_2d/footprint_collision_checker.hpp
[0.662s] -- Installing: /home/nagisa/fishbot_ws/install/nav2_costmap_2d/include/nav2_costmap_2d/nav2_costmap_2d/footprint_subscriber.hpp
[0.663s] -- Installing: /home/nagisa/fishbot_ws/install/nav2_costmap_2d/include/nav2_costmap_2d/nav2_costmap_2d/observation.hpp
[0.663s] -- Installing: /home/nagisa/fishbot_ws/install/nav2_costmap_2d/include/nav2_costmap_2d/nav2_costmap_2d/costmap_topic_collision_checker.hpp
[0.663s] -- Installing: /home/nagisa/fishbot_ws/install/nav2_costmap_2d/include/nav2_costmap_2d/nav2_costmap_2d/exceptions.hpp
[0.664s] -- Installing: /home/nagisa/fishbot_ws/install/nav2_costmap_2d/include/nav2_costmap_2d/nav2_costmap_2d/clear_costmap_service.hpp
[0.664s] -- Installing: /home/nagisa/fishbot_ws/install/nav2_costmap_2d/include/nav2_costmap_2d/nav2_costmap_2d/costmap_filters
[0.664s] -- Installing: /home/nagisa/fishbot_ws/install/nav2_costmap_2d/include/nav2_costmap_2d/nav2_costmap_2d/costmap_filters/keepout_filter.hpp
[0.664s] -- Installing: /home/nagisa/fishbot_ws/install/nav2_costmap_2d/include/nav2_costmap_2d/nav2_costmap_2d/costmap_filters/speed_filter.hpp
[0.665s] -- Installing: /home/nagisa/fishbot_ws/install/nav2_costmap_2d/include/nav2_costmap_2d/nav2_costmap_2d/costmap_filters/costmap_filter.hpp
[0.665s] -- Installing: /home/nagisa/fishbot_ws/install/nav2_costmap_2d/include/nav2_costmap_2d/nav2_costmap_2d/costmap_filters/filter_values.hpp
[0.665s] -- Installing: /home/nagisa/fishbot_ws/install/nav2_costmap_2d/include/nav2_costmap_2d/nav2_costmap_2d/costmap_filters/binary_filter.hpp
[0.665s] -- Installing: /home/nagisa/fishbot_ws/install/nav2_costmap_2d/include/nav2_costmap_2d/nav2_costmap_2d/costmap_2d_ros.hpp
[0.666s] -- Installing: /home/nagisa/fishbot_ws/install/nav2_costmap_2d/include/nav2_costmap_2d/nav2_costmap_2d/cost_values.hpp
[0.666s] -- Installing: /home/nagisa/fishbot_ws/install/nav2_costmap_2d/include/nav2_costmap_2d/nav2_costmap_2d/array_parser.hpp
[0.667s] -- Installing: /home/nagisa/fishbot_ws/install/nav2_costmap_2d/include/nav2_costmap_2d/nav2_costmap_2d/footprint.hpp
[0.667s] -- Installing: /home/nagisa/fishbot_ws/install/nav2_costmap_2d/include/nav2_costmap_2d/nav2_costmap_2d/static_layer.hpp
[0.667s] -- Installing: /home/nagisa/fishbot_ws/install/nav2_costmap_2d/include/nav2_costmap_2d/nav2_costmap_2d/costmap_layer.hpp
[0.668s] -- Installing: /home/nagisa/fishbot_ws/install/nav2_costmap_2d/include/nav2_costmap_2d/nav2_costmap_2d/range_sensor_layer.hpp
[0.668s] -- Installing: /home/nagisa/fishbot_ws/install/nav2_costmap_2d/include/nav2_costmap_2d/nav2_costmap_2d/inflation_layer.hpp
[0.668s] -- Installing: /home/nagisa/fishbot_ws/install/nav2_costmap_2d/include/nav2_costmap_2d/nav2_costmap_2d/layered_costmap.hpp
[0.668s] -- Installing: /home/nagisa/fishbot_ws/install/nav2_costmap_2d/share/nav2_costmap_2d/test/regression/order_layer.xml
[0.669s] -- Installing: /home/nagisa/fishbot_ws/install/nav2_costmap_2d/share/nav2_costmap_2d/environment/library_path.sh
[0.670s] -- Installing: /home/nagisa/fishbot_ws/install/nav2_costmap_2d/share/nav2_costmap_2d/environment/library_path.dsv
[0.670s] -- Up-to-date: /home/nagisa/fishbot_ws/install/nav2_costmap_2d/share/nav2_costmap_2d/costmap_plugins.xml
[0.671s] -- Installing: /home/nagisa/fishbot_ws/install/nav2_costmap_2d/share/ament_index/resource_index/package_run_dependencies/nav2_costmap_2d
[0.671s] -- Installing: /home/nagisa/fishbot_ws/install/nav2_costmap_2d/share/ament_index/resource_index/parent_prefix_path/nav2_costmap_2d
[0.672s] -- Installing: /home/nagisa/fishbot_ws/install/nav2_costmap_2d/share/nav2_costmap_2d/environment/ament_prefix_path.sh
[0.673s] -- Installing: /home/nagisa/fishbot_ws/install/nav2_costmap_2d/share/nav2_costmap_2d/environment/ament_prefix_path.dsv
[0.673s] -- Installing: /home/nagisa/fishbot_ws/install/nav2_costmap_2d/share/nav2_costmap_2d/environment/path.sh
[0.674s] -- Installing: /home/nagisa/fishbot_ws/install/nav2_costmap_2d/share/nav2_costmap_2d/environment/path.dsv
[0.674s] -- Installing: /home/nagisa/fishbot_ws/install/nav2_costmap_2d/share/nav2_costmap_2d/local_setup.bash
[0.675s] -- Installing: /home/nagisa/fishbot_ws/install/nav2_costmap_2d/share/nav2_costmap_2d/local_setup.sh
[0.675s] -- Installing: /home/nagisa/fishbot_ws/install/nav2_costmap_2d/share/nav2_costmap_2d/local_setup.zsh
[0.676s] -- Installing: /home/nagisa/fishbot_ws/install/nav2_costmap_2d/share/nav2_costmap_2d/local_setup.dsv
[0.676s] -- Installing: /home/nagisa/fishbot_ws/install/nav2_costmap_2d/share/nav2_costmap_2d/package.dsv
[0.677s] -- Installing: /home/nagisa/fishbot_ws/install/nav2_costmap_2d/share/ament_index/resource_index/packages/nav2_costmap_2d
[0.677s] -- Installing: /home/nagisa/fishbot_ws/install/nav2_costmap_2d/share/ament_index/resource_index/nav2_costmap_2d__pluginlib__plugin/nav2_costmap_2d
[0.679s] -- Installing: /home/nagisa/fishbot_ws/install/nav2_costmap_2d/share/nav2_costmap_2d/cmake/export_nav2_costmap_2dExport.cmake
[0.680s] -- Installing: /home/nagisa/fishbot_ws/install/nav2_costmap_2d/share/nav2_costmap_2d/cmake/export_nav2_costmap_2dExport-release.cmake
[0.681s] -- Installing: /home/nagisa/fishbot_ws/install/nav2_costmap_2d/share/nav2_costmap_2d/cmake/ament_cmake_export_targets-extras.cmake
[0.681s] -- Installing: /home/nagisa/fishbot_ws/install/nav2_costmap_2d/share/nav2_costmap_2d/cmake/ament_cmake_export_dependencies-extras.cmake
[0.682s] -- Installing: /home/nagisa/fishbot_ws/install/nav2_costmap_2d/share/nav2_costmap_2d/cmake/nav2_costmap_2dConfig.cmake
[0.682s] -- Installing: /home/nagisa/fishbot_ws/install/nav2_costmap_2d/share/nav2_costmap_2d/cmake/nav2_costmap_2dConfig-version.cmake
[0.683s] -- Installing: /home/nagisa/fishbot_ws/install/nav2_costmap_2d/share/nav2_costmap_2d/package.xml
[0.685s] -- Installing: /home/nagisa/fishbot_ws/install/nav2_costmap_2d/lib/liborder_layer.so
[0.686s] -- Set runtime path of "/home/nagisa/fishbot_ws/install/nav2_costmap_2d/lib/liborder_layer.so" to ""
[0.689s] Invoked command in '/home/nagisa/fishbot_ws/build/nav2_costmap_2d' returned '0': AMENT_PREFIX_PATH=/home/nagisa/fishbot_ws/install/nav2_map_server:/home/nagisa/fishbot_ws/install/nav2_lifecycle_manager:/home/nagisa/fishbot_ws/install/nav2_util:/home/nagisa/fishbot_ws/install/nav2_voxel_grid:/home/nagisa/fishbot_ws/install/nav2_msgs:/home/nagisa/fishbot_ws/install/nav2_common:${AMENT_PREFIX_PATH} CMAKE_PREFIX_PATH=/home/nagisa/fishbot_ws/install/nav2_map_server:/home/nagisa/fishbot_ws/install/nav2_lifecycle_manager:/home/nagisa/fishbot_ws/install/nav2_util:/home/nagisa/fishbot_ws/install/nav2_voxel_grid:/home/nagisa/fishbot_ws/install/nav2_msgs:/home/nagisa/fishbot_ws/install/nav2_common:/opt/ros/humble LD_LIBRARY_PATH=/home/nagisa/fishbot_ws/install/nav2_map_server/lib:/home/nagisa/fishbot_ws/install/nav2_lifecycle_manager/lib:/home/nagisa/fishbot_ws/install/nav2_util/lib:/home/nagisa/fishbot_ws/install/nav2_voxel_grid/lib:/home/nagisa/fishbot_ws/install/nav2_msgs/lib:${LD_LIBRARY_PATH} PYTHONPATH=/home/nagisa/fishbot_ws/install/nav2_msgs/local/lib/python3.10/dist-packages:/home/nagisa/fishbot_ws/install/nav2_common/local/lib/python3.10/dist-packages:${PYTHONPATH} /usr/bin/cmake --install /home/nagisa/fishbot_ws/build/nav2_costmap_2d
