[0.014s] Invoking command in '/home/nagisa/fishbot_ws/build/nav2_voxel_grid': AMENT_PREFIX_PATH=/home/nagisa/fishbot_ws/install/nav2_common:${AMENT_PREFIX_PATH} CMAKE_PREFIX_PATH=/home/nagisa/fishbot_ws/install/nav2_common:/opt/ros/humble PYTHONPATH=/home/nagisa/fishbot_ws/install/nav2_common/local/lib/python3.10/dist-packages:${PYTHONPATH} /usr/bin/cmake --build /home/nagisa/fishbot_ws/build/nav2_voxel_grid -- -j12 -l12
[0.079s] [35m[1mConsolidate compiler generated dependencies of target gtest_main[0m
[0.080s] [35m[1mConsolidate compiler generated dependencies of target voxel_grid[0m
[0.080s] [35m[1mConsolidate compiler generated dependencies of target gtest[0m
[0.095s] [ 20%] Built target gtest_main
[0.098s] [ 40%] Built target gtest
[0.110s] [ 60%] Built target voxel_grid
[0.129s] [35m[1mConsolidate compiler generated dependencies of target voxel_grid_bresenham_3d[0m
[0.130s] [35m[1mConsolidate compiler generated dependencies of target voxel_grid_tests[0m
[0.149s] [ 80%] Built target voxel_grid_tests
[0.150s] [100%] Built target voxel_grid_bresenham_3d
[0.163s] Invoked command in '/home/nagisa/fishbot_ws/build/nav2_voxel_grid' returned '0': AMENT_PREFIX_PATH=/home/nagisa/fishbot_ws/install/nav2_common:${AMENT_PREFIX_PATH} CMAKE_PREFIX_PATH=/home/nagisa/fishbot_ws/install/nav2_common:/opt/ros/humble PYTHONPATH=/home/nagisa/fishbot_ws/install/nav2_common/local/lib/python3.10/dist-packages:${PYTHONPATH} /usr/bin/cmake --build /home/nagisa/fishbot_ws/build/nav2_voxel_grid -- -j12 -l12
[0.228s] Invoking command in '/home/nagisa/fishbot_ws/build/nav2_voxel_grid': AMENT_PREFIX_PATH=/home/nagisa/fishbot_ws/install/nav2_common:${AMENT_PREFIX_PATH} CMAKE_PREFIX_PATH=/home/nagisa/fishbot_ws/install/nav2_common:/opt/ros/humble PYTHONPATH=/home/nagisa/fishbot_ws/install/nav2_common/local/lib/python3.10/dist-packages:${PYTHONPATH} /usr/bin/cmake --install /home/nagisa/fishbot_ws/build/nav2_voxel_grid
[0.238s] -- Install configuration: "Release"
[0.238s] -- Up-to-date: /home/nagisa/fishbot_ws/install/nav2_voxel_grid/lib/libvoxel_grid.so
[0.238s] -- Up-to-date: /home/nagisa/fishbot_ws/install/nav2_voxel_grid/include
[0.239s] -- Up-to-date: /home/nagisa/fishbot_ws/install/nav2_voxel_grid/include/nav2_voxel_grid
[0.239s] -- Up-to-date: /home/nagisa/fishbot_ws/install/nav2_voxel_grid/include/nav2_voxel_grid/voxel_grid.hpp
[0.241s] -- Up-to-date: /home/nagisa/fishbot_ws/install/nav2_voxel_grid/share/nav2_voxel_grid/environment/library_path.sh
[0.241s] -- Up-to-date: /home/nagisa/fishbot_ws/install/nav2_voxel_grid/share/nav2_voxel_grid/environment/library_path.dsv
[0.241s] -- Up-to-date: /home/nagisa/fishbot_ws/install/nav2_voxel_grid/share/ament_index/resource_index/package_run_dependencies/nav2_voxel_grid
[0.242s] -- Up-to-date: /home/nagisa/fishbot_ws/install/nav2_voxel_grid/share/ament_index/resource_index/parent_prefix_path/nav2_voxel_grid
[0.242s] -- Up-to-date: /home/nagisa/fishbot_ws/install/nav2_voxel_grid/share/nav2_voxel_grid/environment/ament_prefix_path.sh
[0.242s] -- Up-to-date: /home/nagisa/fishbot_ws/install/nav2_voxel_grid/share/nav2_voxel_grid/environment/ament_prefix_path.dsv
[0.243s] -- Up-to-date: /home/nagisa/fishbot_ws/install/nav2_voxel_grid/share/nav2_voxel_grid/environment/path.sh
[0.243s] -- Up-to-date: /home/nagisa/fishbot_ws/install/nav2_voxel_grid/share/nav2_voxel_grid/environment/path.dsv
[0.243s] -- Up-to-date: /home/nagisa/fishbot_ws/install/nav2_voxel_grid/share/nav2_voxel_grid/local_setup.bash
[0.244s] -- Up-to-date: /home/nagisa/fishbot_ws/install/nav2_voxel_grid/share/nav2_voxel_grid/local_setup.sh
[0.245s] -- Up-to-date: /home/nagisa/fishbot_ws/install/nav2_voxel_grid/share/nav2_voxel_grid/local_setup.zsh
[0.245s] -- Up-to-date: /home/nagisa/fishbot_ws/install/nav2_voxel_grid/share/nav2_voxel_grid/local_setup.dsv
[0.245s] -- Installing: /home/nagisa/fishbot_ws/install/nav2_voxel_grid/share/nav2_voxel_grid/package.dsv
[0.245s] -- Up-to-date: /home/nagisa/fishbot_ws/install/nav2_voxel_grid/share/ament_index/resource_index/packages/nav2_voxel_grid
[0.245s] -- Up-to-date: /home/nagisa/fishbot_ws/install/nav2_voxel_grid/share/nav2_voxel_grid/cmake/ament_cmake_export_dependencies-extras.cmake
[0.245s] -- Up-to-date: /home/nagisa/fishbot_ws/install/nav2_voxel_grid/share/nav2_voxel_grid/cmake/ament_cmake_export_include_directories-extras.cmake
[0.246s] -- Up-to-date: /home/nagisa/fishbot_ws/install/nav2_voxel_grid/share/nav2_voxel_grid/cmake/ament_cmake_export_libraries-extras.cmake
[0.246s] -- Up-to-date: /home/nagisa/fishbot_ws/install/nav2_voxel_grid/share/nav2_voxel_grid/cmake/nav2_voxel_gridConfig.cmake
[0.246s] -- Up-to-date: /home/nagisa/fishbot_ws/install/nav2_voxel_grid/share/nav2_voxel_grid/cmake/nav2_voxel_gridConfig-version.cmake
[0.246s] -- Up-to-date: /home/nagisa/fishbot_ws/install/nav2_voxel_grid/share/nav2_voxel_grid/package.xml
[0.247s] Invoked command in '/home/nagisa/fishbot_ws/build/nav2_voxel_grid' returned '0': AMENT_PREFIX_PATH=/home/nagisa/fishbot_ws/install/nav2_common:${AMENT_PREFIX_PATH} CMAKE_PREFIX_PATH=/home/nagisa/fishbot_ws/install/nav2_common:/opt/ros/humble PYTHONPATH=/home/nagisa/fishbot_ws/install/nav2_common/local/lib/python3.10/dist-packages:${PYTHONPATH} /usr/bin/cmake --install /home/nagisa/fishbot_ws/build/nav2_voxel_grid
