[0.017s] Invoking command in '/home/nagisa/fishbot_ws/build/nav2_common': CMAKE_PREFIX_PATH=/opt/ros/humble /usr/bin/cmake --build /home/nagisa/fishbot_ws/build/nav2_common -- -j12 -l12
[0.106s] Built target ament_cmake_python_copy_nav2_common
[0.340s] running egg_info
[0.341s] writing nav2_common.egg-info/PKG-INFO
[0.341s] writing dependency_links to nav2_common.egg-info/dependency_links.txt
[0.342s] writing top-level names to nav2_common.egg-info/top_level.txt
[0.345s] reading manifest file 'nav2_common.egg-info/SOURCES.txt'
[0.346s] writing manifest file 'nav2_common.egg-info/SOURCES.txt'
[0.371s] Built target ament_cmake_python_build_nav2_common_egg
[0.383s] Invoked command in '/home/nagisa/fishbot_ws/build/nav2_common' returned '0': CMAKE_PREFIX_PATH=/opt/ros/humble /usr/bin/cmake --build /home/nagisa/fishbot_ws/build/nav2_common -- -j12 -l12
[0.433s] Invoking command in '/home/nagisa/fishbot_ws/build/nav2_common': CMAKE_PREFIX_PATH=/opt/ros/humble /usr/bin/cmake --install /home/nagisa/fishbot_ws/build/nav2_common
[0.442s] -- Install configuration: ""
[0.444s] -- Up-to-date: /home/nagisa/fishbot_ws/install/nav2_common/share/nav2_common/environment/pythonpath.sh
[0.445s] -- Up-to-date: /home/nagisa/fishbot_ws/install/nav2_common/share/nav2_common/environment/pythonpath.dsv
[0.446s] -- Up-to-date: /home/nagisa/fishbot_ws/install/nav2_common/local/lib/python3.10/dist-packages/nav2_common-1.1.16-py3.10.egg-info
[0.446s] -- Installing: /home/nagisa/fishbot_ws/install/nav2_common/local/lib/python3.10/dist-packages/nav2_common-1.1.16-py3.10.egg-info/dependency_links.txt
[0.446s] -- Installing: /home/nagisa/fishbot_ws/install/nav2_common/local/lib/python3.10/dist-packages/nav2_common-1.1.16-py3.10.egg-info/SOURCES.txt
[0.446s] -- Installing: /home/nagisa/fishbot_ws/install/nav2_common/local/lib/python3.10/dist-packages/nav2_common-1.1.16-py3.10.egg-info/top_level.txt
[0.447s] -- Installing: /home/nagisa/fishbot_ws/install/nav2_common/local/lib/python3.10/dist-packages/nav2_common-1.1.16-py3.10.egg-info/PKG-INFO
[0.447s] -- Up-to-date: /home/nagisa/fishbot_ws/install/nav2_common/local/lib/python3.10/dist-packages/nav2_common
[0.447s] -- Up-to-date: /home/nagisa/fishbot_ws/install/nav2_common/local/lib/python3.10/dist-packages/nav2_common/__init__.py
[0.447s] -- Up-to-date: /home/nagisa/fishbot_ws/install/nav2_common/local/lib/python3.10/dist-packages/nav2_common/launch
[0.448s] -- Up-to-date: /home/nagisa/fishbot_ws/install/nav2_common/local/lib/python3.10/dist-packages/nav2_common/launch/__init__.py
[0.448s] -- Up-to-date: /home/nagisa/fishbot_ws/install/nav2_common/local/lib/python3.10/dist-packages/nav2_common/launch/rewritten_yaml.py
[0.448s] -- Up-to-date: /home/nagisa/fishbot_ws/install/nav2_common/local/lib/python3.10/dist-packages/nav2_common/launch/parse_multirobot_pose.py
[0.448s] -- Up-to-date: /home/nagisa/fishbot_ws/install/nav2_common/local/lib/python3.10/dist-packages/nav2_common/launch/replace_string.py
[0.448s] -- Up-to-date: /home/nagisa/fishbot_ws/install/nav2_common/local/lib/python3.10/dist-packages/nav2_common/launch/has_node_params.py
[0.502s] Listing '/home/nagisa/fishbot_ws/install/nav2_common/local/lib/python3.10/dist-packages/nav2_common'...
[0.502s] Listing '/home/nagisa/fishbot_ws/install/nav2_common/local/lib/python3.10/dist-packages/nav2_common/launch'...
[0.510s] -- Up-to-date: /home/nagisa/fishbot_ws/install/nav2_common/share/ament_index/resource_index/package_run_dependencies/nav2_common
[0.512s] -- Up-to-date: /home/nagisa/fishbot_ws/install/nav2_common/share/ament_index/resource_index/parent_prefix_path/nav2_common
[0.512s] -- Up-to-date: /home/nagisa/fishbot_ws/install/nav2_common/share/nav2_common/environment/ament_prefix_path.sh
[0.512s] -- Up-to-date: /home/nagisa/fishbot_ws/install/nav2_common/share/nav2_common/environment/ament_prefix_path.dsv
[0.513s] -- Up-to-date: /home/nagisa/fishbot_ws/install/nav2_common/share/nav2_common/environment/path.sh
[0.513s] -- Up-to-date: /home/nagisa/fishbot_ws/install/nav2_common/share/nav2_common/environment/path.dsv
[0.513s] -- Up-to-date: /home/nagisa/fishbot_ws/install/nav2_common/share/nav2_common/local_setup.bash
[0.513s] -- Up-to-date: /home/nagisa/fishbot_ws/install/nav2_common/share/nav2_common/local_setup.sh
[0.513s] -- Up-to-date: /home/nagisa/fishbot_ws/install/nav2_common/share/nav2_common/local_setup.zsh
[0.513s] -- Up-to-date: /home/nagisa/fishbot_ws/install/nav2_common/share/nav2_common/local_setup.dsv
[0.514s] -- Installing: /home/nagisa/fishbot_ws/install/nav2_common/share/nav2_common/package.dsv
[0.514s] -- Up-to-date: /home/nagisa/fishbot_ws/install/nav2_common/share/ament_index/resource_index/packages/nav2_common
[0.515s] -- Up-to-date: /home/nagisa/fishbot_ws/install/nav2_common/share/nav2_common/cmake/nav2_common-extras.cmake
[0.515s] -- Up-to-date: /home/nagisa/fishbot_ws/install/nav2_common/share/nav2_common/cmake/nav2_commonConfig.cmake
[0.515s] -- Up-to-date: /home/nagisa/fishbot_ws/install/nav2_common/share/nav2_common/cmake/nav2_commonConfig-version.cmake
[0.515s] -- Up-to-date: /home/nagisa/fishbot_ws/install/nav2_common/share/nav2_common/package.xml
[0.515s] -- Up-to-date: /home/nagisa/fishbot_ws/install/nav2_common/share/nav2_common/cmake
[0.516s] -- Up-to-date: /home/nagisa/fishbot_ws/install/nav2_common/share/nav2_common/cmake/nav2_package.cmake
[0.521s] Invoked command in '/home/nagisa/fishbot_ws/build/nav2_common' returned '0': CMAKE_PREFIX_PATH=/opt/ros/humble /usr/bin/cmake --install /home/nagisa/fishbot_ws/build/nav2_common
