[0.196s] Invoking command in '/home/nagisa/fishbot_ws/build/nav2_map_server': AMENT_PREFIX_PATH=/home/nagisa/fishbot_ws/install/nav2_util:/home/nagisa/fishbot_ws/install/nav2_msgs:/home/nagisa/fishbot_ws/install/nav2_common:${AMENT_PREFIX_PATH} CMAKE_PREFIX_PATH=/home/nagisa/fishbot_ws/install/nav2_util:/home/nagisa/fishbot_ws/install/nav2_msgs:/home/nagisa/fishbot_ws/install/nav2_common:/opt/ros/humble LD_LIBRARY_PATH=/home/nagisa/fishbot_ws/install/nav2_util/lib:/home/nagisa/fishbot_ws/install/nav2_msgs/lib:${LD_LIBRARY_PATH} PYTHONPATH=/home/nagisa/fishbot_ws/install/nav2_msgs/local/lib/python3.10/dist-packages:/home/nagisa/fishbot_ws/install/nav2_common/local/lib/python3.10/dist-packages:${PYTHONPATH} /usr/bin/cmake /home/nagisa/fishbot_ws/src/navigation2/nav2_map_server -DCMAKE_INSTALL_PREFIX=/home/nagisa/fishbot_ws/install/nav2_map_server
[0.551s] -- The C compiler identification is GNU 11.4.0
[0.745s] -- The CXX compiler identification is GNU 11.4.0
[0.775s] -- Detecting C compiler ABI info
[1.020s] -- Detecting C compiler ABI info - done
[1.043s] -- Check for working C compiler: /usr/bin/cc - skipped
[1.044s] -- Detecting C compile features
[1.045s] -- Detecting C compile features - done
[1.054s] -- Detecting CXX compiler ABI info
[1.334s] -- Detecting CXX compiler ABI info - done
[1.349s] -- Check for working CXX compiler: /usr/bin/c++ - skipped
[1.352s] -- Detecting CXX compile features
[1.352s] -- Detecting CXX compile features - done
[1.362s] -- Found ament_cmake: 1.3.10 (/opt/ros/humble/share/ament_cmake/cmake)
[1.814s] -- Found Python3: /usr/bin/python3 (found version "3.10.12") found components: Interpreter 
[2.167s] -- Found nav2_common: 1.1.16 (/home/nagisa/fishbot_ws/install/nav2_common/share/nav2_common/cmake)
[2.186s] -- Found rclcpp: 16.0.10 (/opt/ros/humble/share/rclcpp/cmake)
[2.380s] -- Found rosidl_generator_c: 3.1.5 (/opt/ros/humble/share/rosidl_generator_c/cmake)
[2.403s] -- Found rosidl_adapter: 3.1.5 (/opt/ros/humble/share/rosidl_adapter/cmake)
[2.454s] -- Found rosidl_generator_cpp: 3.1.5 (/opt/ros/humble/share/rosidl_generator_cpp/cmake)
[2.544s] -- Using all available rosidl_typesupport_c: rosidl_typesupport_fastrtps_c;rosidl_typesupport_introspection_c
[2.641s] -- Using all available rosidl_typesupport_cpp: rosidl_typesupport_fastrtps_cpp;rosidl_typesupport_introspection_cpp
[2.848s] -- Found rmw_implementation_cmake: 6.1.2 (/opt/ros/humble/share/rmw_implementation_cmake/cmake)
[2.862s] -- Found rmw_fastrtps_cpp: 6.2.7 (/opt/ros/humble/share/rmw_fastrtps_cpp/cmake)
[3.261s] -- Found OpenSSL: /usr/lib/x86_64-linux-gnu/libcrypto.so (found version "3.0.2")  
[3.340s] -- Found FastRTPS: /opt/ros/humble/include  
[3.480s] -- Using RMW implementation 'rmw_fastrtps_cpp' as default
[3.522s] -- Looking for pthread.h
[3.815s] -- Looking for pthread.h - found
[3.816s] -- Performing Test CMAKE_HAVE_LIBC_PTHREAD
[4.070s] -- Performing Test CMAKE_HAVE_LIBC_PTHREAD - Success
[4.074s] -- Found Threads: TRUE  
[4.291s] -- Found rclcpp_lifecycle: 16.0.10 (/opt/ros/humble/share/rclcpp_lifecycle/cmake)
[4.358s] -- Found rclcpp_components: 16.0.10 (/opt/ros/humble/share/rclcpp_components/cmake)
[4.433s] -- Found nav_msgs: 4.2.4 (/opt/ros/humble/share/nav_msgs/cmake)
[4.514s] -- Found nav2_msgs: 1.1.16 (/home/nagisa/fishbot_ws/install/nav2_msgs/share/nav2_msgs/cmake)
[4.644s] -- Found yaml_cpp_vendor: 8.0.2 (/opt/ros/humble/share/yaml_cpp_vendor/cmake)
[4.672s] -- Found tf2: 0.25.8 (/opt/ros/humble/share/tf2/cmake)
[4.683s] -- Found nav2_util: 1.1.16 (/home/nagisa/fishbot_ws/install/nav2_util/share/nav2_util/cmake)
[4.851s] -- Found eigen3_cmake_module: 0.1.1 (/opt/ros/humble/share/eigen3_cmake_module/cmake)
[4.852s] -- Found Eigen3: TRUE (found version "3.4.0") 
[4.853s] -- Ensuring Eigen3 include directory is part of orocos-kdl CMake target
[4.972s] -- Found GRAPHICSMAGICKCPP: /usr/include/GraphicsMagick  
[4.972s] -- Setting build type to Release as none was specified.
[5.312s] -- Found ament_lint_auto: 0.12.11 (/opt/ros/humble/share/ament_lint_auto/cmake)
[5.637s] -- Found gtest sources under '/opt/ros/humble/src/gtest_vendor': C++ tests using 'Google Test' will be built
[5.659s] -- Found gtest sources under '/opt/ros/humble/src/gtest_vendor': C++ tests using 'Google Test' will be built
[5.680s] -- Found gtest sources under '/opt/ros/humble/src/gtest_vendor': C++ tests using 'Google Test' will be built
[5.713s] -- Added test 'cppcheck' to perform static code analysis on C / C++ code
[5.715s] -- Configured cppcheck include dirs: /home/nagisa/fishbot_ws/src/navigation2/nav2_map_server/include
[5.715s] -- Configured cppcheck exclude dirs and/or files: 
[5.724s] -- Added test 'cpplint' to check C / C++ code against the Google style
[5.724s] -- Configured cpplint exclude dirs and/or files: 
[5.725s] -- Added test 'flake8' to check Python code syntax and style conventions
[5.728s] -- Added test 'lint_cmake' to check CMake code style
[5.729s] -- Added test 'pep257' to check Python code against some of the docstring style conventions in PEP 257
[5.736s] -- Added test 'uncrustify' to check C / C++ code style
[5.736s] -- Configured uncrustify additional arguments: 
[5.738s] -- Added test 'xmllint' to check XML markup files
[5.750s] -- Configuring done
[6.635s] -- Generating done
[6.644s] -- Build files have been written to: /home/nagisa/fishbot_ws/build/nav2_map_server
[6.671s] Invoked command in '/home/nagisa/fishbot_ws/build/nav2_map_server' returned '0': AMENT_PREFIX_PATH=/home/nagisa/fishbot_ws/install/nav2_util:/home/nagisa/fishbot_ws/install/nav2_msgs:/home/nagisa/fishbot_ws/install/nav2_common:${AMENT_PREFIX_PATH} CMAKE_PREFIX_PATH=/home/nagisa/fishbot_ws/install/nav2_util:/home/nagisa/fishbot_ws/install/nav2_msgs:/home/nagisa/fishbot_ws/install/nav2_common:/opt/ros/humble LD_LIBRARY_PATH=/home/nagisa/fishbot_ws/install/nav2_util/lib:/home/nagisa/fishbot_ws/install/nav2_msgs/lib:${LD_LIBRARY_PATH} PYTHONPATH=/home/nagisa/fishbot_ws/install/nav2_msgs/local/lib/python3.10/dist-packages:/home/nagisa/fishbot_ws/install/nav2_common/local/lib/python3.10/dist-packages:${PYTHONPATH} /usr/bin/cmake /home/nagisa/fishbot_ws/src/navigation2/nav2_map_server -DCMAKE_INSTALL_PREFIX=/home/nagisa/fishbot_ws/install/nav2_map_server
[6.677s] Invoking command in '/home/nagisa/fishbot_ws/build/nav2_map_server': AMENT_PREFIX_PATH=/home/nagisa/fishbot_ws/install/nav2_util:/home/nagisa/fishbot_ws/install/nav2_msgs:/home/nagisa/fishbot_ws/install/nav2_common:${AMENT_PREFIX_PATH} CMAKE_PREFIX_PATH=/home/nagisa/fishbot_ws/install/nav2_util:/home/nagisa/fishbot_ws/install/nav2_msgs:/home/nagisa/fishbot_ws/install/nav2_common:/opt/ros/humble LD_LIBRARY_PATH=/home/nagisa/fishbot_ws/install/nav2_util/lib:/home/nagisa/fishbot_ws/install/nav2_msgs/lib:${LD_LIBRARY_PATH} PYTHONPATH=/home/nagisa/fishbot_ws/install/nav2_msgs/local/lib/python3.10/dist-packages:/home/nagisa/fishbot_ws/install/nav2_common/local/lib/python3.10/dist-packages:${PYTHONPATH} /usr/bin/cmake --build /home/nagisa/fishbot_ws/build/nav2_map_server -- -j12 -l12
[7.092s] [  2%] [32mBuilding CXX object gtest/CMakeFiles/gtest.dir/src/gtest-all.cc.o[0m
[7.097s] [  5%] [32mBuilding CXX object CMakeFiles/map_io.dir/src/map_io.cpp.o[0m
[7.128s] [  8%] [32mBuilding CXX object CMakeFiles/map_io.dir/src/map_mode.cpp.o[0m
[7.129s] [ 11%] [32mBuilding CXX object gtest/CMakeFiles/gtest_main.dir/src/gtest_main.cc.o[0m
[10.862s] [ 13%] [32m[1mLinking CXX static library libgtest_main.a[0m
[12.729s] [ 13%] Built target gtest_main
[39.229s] [ 16%] [32m[1mLinking CXX shared library libmap_io.so[0m
[41.144s] [ 16%] Built target map_io
[41.532s] [ 22%] [32mBuilding CXX object test/component/CMakeFiles/test_map_saver_publisher.dir/test_map_saver_publisher.cpp.o[0m
[41.539s] [ 22%] [32mBuilding CXX object test/component/CMakeFiles/test_map_saver_publisher.dir/__/test_constants.cpp.o[0m
[43.231s] [ 25%] [32mBuilding CXX object CMakeFiles/map_server_core.dir/src/map_server/map_server.cpp.o[0m
[43.264s] [ 27%] [32mBuilding CXX object CMakeFiles/map_server_core.dir/src/costmap_filter_info/costmap_filter_info_server.cpp.o[0m
[43.279s] [ 30%] [32mBuilding CXX object CMakeFiles/map_server_core.dir/src/map_saver/map_saver.cpp.o[0m
