[0.031s] Invoking command in '/home/nagisa/fishbot_ws/build/cartographer': CMAKE_PREFIX_PATH=${CMAKE_PREFIX_PATH}:/home/nagisa/fishbot_ws/install/fishbot_description:/opt/ros/humble /usr/bin/cmake --build /home/nagisa/fishbot_ws/build/cartographer -- -j12 -l12
[0.110s] [  1%] Built target gtest
[0.130s] [  1%] Built target cartographer_detect_changes
[0.140s] [  2%] Built target gmock
[0.191s] [  2%] Built target gmock_main
[0.382s] [ 54%] Built target cartographer
[0.417s] [ 55%] Built target cartographer_autogenerate_ground_truth
[0.427s] [ 56%] Built target cartographer_test_library
[0.427s] [ 56%] Built target cartographer_print_configuration
[0.433s] [ 57%] Built target cartographer_pbstream
[0.433s] [ 57%] Built target cartographer_compute_relations_metrics
[0.466s] [ 57%] Built target cartographer.common.fixed_ratio_sampler_test
[0.466s] [ 57%] Built target cartographer.common.task_test
[0.467s] [ 58%] Built target cartographer.common.configuration_files_test
[0.472s] [ 59%] Built target cartographer.common.internal.blocking_queue_test
[0.476s] [ 59%] Built target cartographer.common.lua_parameter_dictionary_test
[0.476s] [ 60%] Built target cartographer.common.math_test
[0.477s] [ 61%] Built target cartographer.common.thread_pool_test
[0.479s] [ 61%] Built target cartographer.io.fake_file_writer_test
[0.479s] [ 62%] Built target cartographer.common.internal.rate_timer_test
[0.481s] [ 63%] Built target cartographer.io.internal.in_memory_proto_stream_test
[0.490s] [ 63%] Built target cartographer.io.points_processor_pipeline_builder_test
[0.493s] [ 64%] Built target cartographer.io.probability_grid_points_processor_test
[0.509s] [ 64%] Built target cartographer.io.serialization_format_migration_test
[0.514s] [ 65%] Built target cartographer.io.proto_stream_test
[0.519s] [ 65%] Built target cartographer.io.proto_stream_deserializer_test
[0.525s] [ 65%] Built target cartographer.mapping.2d.probability_grid_test
[0.525s] [ 65%] Built target cartographer.mapping.2d.submap_2d_test
[0.528s] [ 66%] Built target cartographer.mapping.2d.xy_index_test
[0.529s] [ 66%] Built target cartographer.mapping.3d.submap_3d_test
[0.530s] [ 66%] Built target cartographer.mapping.3d.hybrid_grid_test
[0.530s] [ 67%] Built target cartographer.mapping.2d.map_limits_test
[0.534s] [ 68%] Built target cartographer.mapping.2d.range_data_inserter_2d_test
[0.544s] [ 69%] Built target cartographer.mapping.3d.range_data_inserter_3d_test
[0.545s] [ 70%] Built target cartographer.mapping.id_test
[0.555s] [ 71%] Built target cartographer.mapping.internal.2d.normal_estimation_2d_test
[0.563s] [ 71%] Built target cartographer.mapping.imu_tracker_test
[0.571s] [ 71%] Built target cartographer.mapping.internal.2d.overlapping_submaps_trimmer_2d_test
[0.571s] [ 72%] Built target cartographer.mapping.internal.2d.scan_matching.fast_correlative_scan_matcher_2d_test
[0.573s] [ 72%] Built target cartographer.mapping.internal.2d.scan_matching.interpolated_tsdf_2d_test
[0.579s] [ 72%] Built target cartographer.mapping.internal.2d.scan_matching.correlative_scan_matcher_test
[0.582s] [ 73%] Built target cartographer.mapping.internal.2d.pose_graph_2d_test
[0.590s] [ 73%] Built target cartographer.mapping.internal.2d.ray_to_pixel_mask_test
[0.592s] [ 74%] Built target cartographer.mapping.internal.2d.scan_matching.ceres_scan_matcher_2d_test
[0.592s] [ 75%] Built target cartographer.mapping.internal.2d.scan_matching.tsdf_match_cost_function_2d_test
[0.598s] [ 76%] Built target cartographer.mapping.internal.2d.scan_matching.occupied_space_cost_function_2d_test
[0.605s] [ 76%] Built target cartographer.mapping.internal.2d.scan_matching.real_time_correlative_scan_matcher_2d_test
[0.605s] [ 76%] Built target cartographer.mapping.internal.2d.tsd_value_converter_test
[0.609s] [ 77%] Built target cartographer.mapping.internal.2d.tsdf_range_data_inserter_2d_test
[0.623s] [ 78%] Built target cartographer.mapping.internal.2d.tsdf_2d_test
[0.627s] [ 78%] Built target cartographer.mapping.internal.3d.rotation_parameterization_test
[0.628s] [ 78%] Built target cartographer.mapping.internal.3d.local_trajectory_builder_3d_test
[0.635s] [ 79%] Built target cartographer.mapping.internal.3d.pose_graph_3d_test
[0.640s] [ 79%] Built target cartographer.mapping.internal.3d.scan_matching.fast_correlative_scan_matcher_3d_test
[0.644s] [ 80%] Built target cartographer.mapping.internal.3d.scan_matching.ceres_scan_matcher_3d_test
[0.647s] [ 81%] Built target cartographer.mapping.internal.3d.scan_matching.intensity_cost_function_3d_test
[0.652s] [ 81%] Built target cartographer.mapping.internal.3d.scan_matching.interpolated_grid_test
[0.653s] [ 83%] Built target cartographer.mapping.internal.3d.scan_matching.rotation_delta_cost_functor_3d_test
[0.654s] [ 83%] Built target cartographer.mapping.internal.3d.scan_matching.precomputation_grid_3d_test
[0.671s] [ 83%] Built target cartographer.mapping.internal.3d.scan_matching.real_time_correlative_scan_matcher_3d_test
[0.671s] [ 83%] Built target cartographer.mapping.internal.motion_filter_test
[0.678s] [ 83%] Built target cartographer.mapping.internal.constraints.constraint_builder_2d_test
[0.680s] [ 83%] Built target cartographer.mapping.internal.3d.scan_matching.rotational_scan_matcher_test
[0.689s] [ 84%] Built target cartographer.mapping.internal.constraints.constraint_builder_3d_test
[0.689s] [ 85%] Built target cartographer.mapping.internal.optimization.cost_functions.spa_cost_function_2d_test
[0.691s] [ 86%] Built target cartographer.mapping.internal.connected_components_test
[0.697s] [ 86%] Built target cartographer.mapping.internal.optimization.optimization_problem_3d_test
[0.698s] [ 87%] Built target cartographer.mapping.internal.optimization.cost_functions.landmark_cost_function_2d_test
[0.701s] [ 87%] Built target cartographer.mapping.internal.optimization.cost_functions.landmark_cost_function_3d_test
[0.714s] [ 88%] Built target cartographer.mapping.internal.range_data_collator_test
[0.715s] [ 88%] Built target cartographer.mapping.pose_extrapolator_test
[0.715s] [ 88%] Built target cartographer.mapping.internal.trajectory_connectivity_state_test
[0.729s] [ 89%] Built target cartographer.mapping.map_builder_test
[0.729s] [ 90%] Built target cartographer.mapping.pose_graph_test
[0.746s] [ 91%] Built target cartographer.mapping.probability_values_test
[0.746s] [ 91%] Built target cartographer.mapping.pose_graph_trimmer_test
[0.748s] [ 92%] Built target cartographer.mapping.trajectory_node_test
[0.752s] [ 92%] Built target cartographer.mapping.submaps_test
[0.757s] [ 92%] Built target cartographer.mapping.value_conversion_tables_test
[0.764s] [ 93%] Built target cartographer.sensor.compressed_point_cloud_test
[0.766s] [ 94%] Built target cartographer.sensor.internal.voxel_filter_test
[0.770s] [ 94%] Built target cartographer.sensor.internal.collator_test
[0.770s] [ 94%] Built target cartographer.sensor.internal.trajectory_collator_test
[0.773s] [ 95%] Built target cartographer.sensor.internal.ordered_multi_queue_test
[0.775s] [ 95%] Built target cartographer.sensor.map_by_time_test
[0.786s] [ 95%] Built target cartographer.sensor.range_data_test
[0.786s] [ 96%] Built target cartographer.sensor.landmark_data_test
[0.789s] [ 97%] Built target cartographer.transform.rigid_transform_test
[0.792s] [ 98%] Built target cartographer.sensor.point_cloud_test
[0.793s] [ 98%] Built target cartographer.transform.timestamped_transform_test
[0.799s] [100%] Built target cartographer.transform.transform_interpolation_buffer_test
[0.799s] [100%] Built target cartographer.transform.transform_test
[0.813s] Invoked command in '/home/nagisa/fishbot_ws/build/cartographer' returned '0': CMAKE_PREFIX_PATH=${CMAKE_PREFIX_PATH}:/home/nagisa/fishbot_ws/install/fishbot_description:/opt/ros/humble /usr/bin/cmake --build /home/nagisa/fishbot_ws/build/cartographer -- -j12 -l12
[2.354s] Invoking command in '/home/nagisa/fishbot_ws/build/cartographer': CMAKE_PREFIX_PATH=${CMAKE_PREFIX_PATH}:/home/nagisa/fishbot_ws/install/fishbot_description:/opt/ros/humble /usr/bin/cmake --install /home/nagisa/fishbot_ws/build/cartographer
[2.363s] -- Install configuration: "Release"
[2.364s] -- Up-to-date: /home/nagisa/fishbot_ws/install/cartographer/share/cartographer/package.xml
[2.364s] -- Up-to-date: /home/nagisa/fishbot_ws/install/cartographer/share/cartographer//configuration_files
[2.364s] -- Up-to-date: /home/nagisa/fishbot_ws/install/cartographer/share/cartographer//configuration_files/trajectory_builder_3d.lua
[2.365s] -- Up-to-date: /home/nagisa/fishbot_ws/install/cartographer/share/cartographer//configuration_files/pose_graph.lua
[2.365s] -- Up-to-date: /home/nagisa/fishbot_ws/install/cartographer/share/cartographer//configuration_files/trajectory_builder_2d.lua
[2.365s] -- Up-to-date: /home/nagisa/fishbot_ws/install/cartographer/share/cartographer//configuration_files/map_builder.lua
[2.365s] -- Up-to-date: /home/nagisa/fishbot_ws/install/cartographer/share/cartographer//configuration_files/map_builder_server.lua
[2.366s] -- Up-to-date: /home/nagisa/fishbot_ws/install/cartographer/share/cartographer//configuration_files/trajectory_builder.lua
[2.366s] -- Up-to-date: /home/nagisa/fishbot_ws/install/cartographer/share/cartographer//cmake
[2.366s] -- Up-to-date: /home/nagisa/fishbot_ws/install/cartographer/share/cartographer//cmake/functions.cmake
[2.366s] -- Up-to-date: /home/nagisa/fishbot_ws/install/cartographer/share/cartographer//cmake/modules
[2.366s] -- Up-to-date: /home/nagisa/fishbot_ws/install/cartographer/share/cartographer//cmake/modules/FindEigen3.cmake
[2.366s] -- Up-to-date: /home/nagisa/fishbot_ws/install/cartographer/share/cartographer//cmake/modules/FindSphinx.cmake
[2.367s] -- Up-to-date: /home/nagisa/fishbot_ws/install/cartographer/share/cartographer//cmake/modules/FindGMock.cmake
[2.368s] -- Up-to-date: /home/nagisa/fishbot_ws/install/cartographer/share/cartographer//cmake/modules/FindLuaGoogle.cmake
[2.368s] -- Up-to-date: /home/nagisa/fishbot_ws/install/cartographer/bin/cartographer_autogenerate_ground_truth
[2.369s] -- Up-to-date: /home/nagisa/fishbot_ws/install/cartographer/bin/cartographer_compute_relations_metrics
[2.369s] -- Up-to-date: /home/nagisa/fishbot_ws/install/cartographer/bin/cartographer_pbstream
[2.369s] -- Up-to-date: /home/nagisa/fishbot_ws/install/cartographer/bin/cartographer_print_configuration
[2.370s] -- Up-to-date: /home/nagisa/fishbot_ws/install/cartographer/lib/libcartographer.a
[2.370s] -- Up-to-date: /home/nagisa/fishbot_ws/install/cartographer/include/cartographer/common/configuration_file_resolver.h
[2.370s] -- Up-to-date: /home/nagisa/fishbot_ws/install/cartographer/include/cartographer/common/fixed_ratio_sampler.h
[2.370s] -- Up-to-date: /home/nagisa/fishbot_ws/install/cartographer/include/cartographer/common/histogram.h
[2.371s] -- Up-to-date: /home/nagisa/fishbot_ws/install/cartographer/include/cartographer/common/lua.h
[2.371s] -- Up-to-date: /home/nagisa/fishbot_ws/install/cartographer/include/cartographer/common/lua_parameter_dictionary.h
[2.371s] -- Up-to-date: /home/nagisa/fishbot_ws/install/cartographer/include/cartographer/common/math.h
[2.372s] -- Up-to-date: /home/nagisa/fishbot_ws/install/cartographer/include/cartographer/common/port.h
[2.372s] -- Up-to-date: /home/nagisa/fishbot_ws/install/cartographer/include/cartographer/common/task.h
[2.373s] -- Up-to-date: /home/nagisa/fishbot_ws/install/cartographer/include/cartographer/common/thread_pool.h
[2.373s] -- Up-to-date: /home/nagisa/fishbot_ws/install/cartographer/include/cartographer/common/time.h
[2.373s] -- Up-to-date: /home/nagisa/fishbot_ws/install/cartographer/include/cartographer/ground_truth/autogenerate_ground_truth.h
[2.373s] -- Up-to-date: /home/nagisa/fishbot_ws/install/cartographer/include/cartographer/ground_truth/relations_text_file.h
[2.373s] -- Up-to-date: /home/nagisa/fishbot_ws/install/cartographer/include/cartographer/io/color.h
[2.373s] -- Up-to-date: /home/nagisa/fishbot_ws/install/cartographer/include/cartographer/io/coloring_points_processor.h
[2.373s] -- Up-to-date: /home/nagisa/fishbot_ws/install/cartographer/include/cartographer/io/counting_points_processor.h
[2.373s] -- Up-to-date: /home/nagisa/fishbot_ws/install/cartographer/include/cartographer/io/draw_trajectories.h
[2.374s] -- Up-to-date: /home/nagisa/fishbot_ws/install/cartographer/include/cartographer/io/file_writer.h
[2.374s] -- Up-to-date: /home/nagisa/fishbot_ws/install/cartographer/include/cartographer/io/fixed_ratio_sampling_points_processor.h
[2.374s] -- Up-to-date: /home/nagisa/fishbot_ws/install/cartographer/include/cartographer/io/frame_id_filtering_points_processor.h
[2.374s] -- Up-to-date: /home/nagisa/fishbot_ws/install/cartographer/include/cartographer/io/hybrid_grid_points_processor.h
[2.374s] -- Up-to-date: /home/nagisa/fishbot_ws/install/cartographer/include/cartographer/io/image.h
[2.375s] -- Up-to-date: /home/nagisa/fishbot_ws/install/cartographer/include/cartographer/io/intensity_to_color_points_processor.h
[2.375s] -- Up-to-date: /home/nagisa/fishbot_ws/install/cartographer/include/cartographer/io/min_max_range_filtering_points_processor.h
[2.375s] -- Up-to-date: /home/nagisa/fishbot_ws/install/cartographer/include/cartographer/io/null_points_processor.h
[2.375s] -- Up-to-date: /home/nagisa/fishbot_ws/install/cartographer/include/cartographer/io/outlier_removing_points_processor.h
[2.375s] -- Up-to-date: /home/nagisa/fishbot_ws/install/cartographer/include/cartographer/io/pcd_writing_points_processor.h
[2.375s] -- Up-to-date: /home/nagisa/fishbot_ws/install/cartographer/include/cartographer/io/ply_writing_points_processor.h
[2.376s] -- Up-to-date: /home/nagisa/fishbot_ws/install/cartographer/include/cartographer/io/points_batch.h
[2.376s] -- Up-to-date: /home/nagisa/fishbot_ws/install/cartographer/include/cartographer/io/points_processor.h
[2.376s] -- Up-to-date: /home/nagisa/fishbot_ws/install/cartographer/include/cartographer/io/points_processor_pipeline_builder.h
[2.376s] -- Up-to-date: /home/nagisa/fishbot_ws/install/cartographer/include/cartographer/io/probability_grid_points_processor.h
[2.376s] -- Up-to-date: /home/nagisa/fishbot_ws/install/cartographer/include/cartographer/io/proto_stream.h
[2.376s] -- Up-to-date: /home/nagisa/fishbot_ws/install/cartographer/include/cartographer/io/proto_stream_deserializer.h
[2.377s] -- Up-to-date: /home/nagisa/fishbot_ws/install/cartographer/include/cartographer/io/proto_stream_interface.h
[2.377s] -- Up-to-date: /home/nagisa/fishbot_ws/install/cartographer/include/cartographer/io/serialization_format_migration.h
[2.377s] -- Up-to-date: /home/nagisa/fishbot_ws/install/cartographer/include/cartographer/io/submap_painter.h
[2.377s] -- Up-to-date: /home/nagisa/fishbot_ws/install/cartographer/include/cartographer/io/vertical_range_filtering_points_processor.h
[2.377s] -- Up-to-date: /home/nagisa/fishbot_ws/install/cartographer/include/cartographer/io/xray_points_processor.h
[2.377s] -- Up-to-date: /home/nagisa/fishbot_ws/install/cartographer/include/cartographer/io/xyz_writing_points_processor.h
[2.378s] -- Up-to-date: /home/nagisa/fishbot_ws/install/cartographer/include/cartographer/mapping/2d/grid_2d.h
[2.378s] -- Up-to-date: /home/nagisa/fishbot_ws/install/cartographer/include/cartographer/mapping/2d/map_limits.h
[2.378s] -- Up-to-date: /home/nagisa/fishbot_ws/install/cartographer/include/cartographer/mapping/2d/probability_grid.h
[2.378s] -- Up-to-date: /home/nagisa/fishbot_ws/install/cartographer/include/cartographer/mapping/2d/probability_grid_range_data_inserter_2d.h
[2.379s] -- Up-to-date: /home/nagisa/fishbot_ws/install/cartographer/include/cartographer/mapping/2d/submap_2d.h
[2.379s] -- Up-to-date: /home/nagisa/fishbot_ws/install/cartographer/include/cartographer/mapping/2d/xy_index.h
[2.379s] -- Up-to-date: /home/nagisa/fishbot_ws/install/cartographer/include/cartographer/mapping/3d/hybrid_grid.h
[2.379s] -- Up-to-date: /home/nagisa/fishbot_ws/install/cartographer/include/cartographer/mapping/3d/range_data_inserter_3d.h
[2.379s] -- Up-to-date: /home/nagisa/fishbot_ws/install/cartographer/include/cartographer/mapping/3d/submap_3d.h
[2.379s] -- Up-to-date: /home/nagisa/fishbot_ws/install/cartographer/include/cartographer/mapping/detect_floors.h
[2.379s] -- Up-to-date: /home/nagisa/fishbot_ws/install/cartographer/include/cartographer/mapping/grid_interface.h
[2.380s] -- Up-to-date: /home/nagisa/fishbot_ws/install/cartographer/include/cartographer/mapping/id.h
[2.380s] -- Up-to-date: /home/nagisa/fishbot_ws/install/cartographer/include/cartographer/mapping/imu_tracker.h
[2.380s] -- Up-to-date: /home/nagisa/fishbot_ws/install/cartographer/include/cartographer/mapping/map_builder.h
[2.380s] -- Up-to-date: /home/nagisa/fishbot_ws/install/cartographer/include/cartographer/mapping/map_builder_interface.h
[2.380s] -- Up-to-date: /home/nagisa/fishbot_ws/install/cartographer/include/cartographer/mapping/pose_extrapolator.h
[2.381s] -- Up-to-date: /home/nagisa/fishbot_ws/install/cartographer/include/cartographer/mapping/pose_extrapolator_interface.h
[2.381s] -- Up-to-date: /home/nagisa/fishbot_ws/install/cartographer/include/cartographer/mapping/pose_graph.h
[2.381s] -- Up-to-date: /home/nagisa/fishbot_ws/install/cartographer/include/cartographer/mapping/pose_graph_interface.h
[2.383s] -- Up-to-date: /home/nagisa/fishbot_ws/install/cartographer/include/cartographer/mapping/pose_graph_trimmer.h
[2.383s] -- Up-to-date: /home/nagisa/fishbot_ws/install/cartographer/include/cartographer/mapping/probability_values.h
[2.383s] -- Up-to-date: /home/nagisa/fishbot_ws/install/cartographer/include/cartographer/mapping/range_data_inserter_interface.h
[2.383s] -- Up-to-date: /home/nagisa/fishbot_ws/install/cartographer/include/cartographer/mapping/submaps.h
[2.383s] -- Up-to-date: /home/nagisa/fishbot_ws/install/cartographer/include/cartographer/mapping/trajectory_builder_interface.h
[2.384s] -- Up-to-date: /home/nagisa/fishbot_ws/install/cartographer/include/cartographer/mapping/trajectory_node.h
[2.384s] -- Up-to-date: /home/nagisa/fishbot_ws/install/cartographer/include/cartographer/mapping/value_conversion_tables.h
[2.384s] -- Up-to-date: /home/nagisa/fishbot_ws/install/cartographer/include/cartographer/metrics/counter.h
[2.384s] -- Up-to-date: /home/nagisa/fishbot_ws/install/cartographer/include/cartographer/metrics/family_factory.h
[2.384s] -- Up-to-date: /home/nagisa/fishbot_ws/install/cartographer/include/cartographer/metrics/gauge.h
[2.385s] -- Up-to-date: /home/nagisa/fishbot_ws/install/cartographer/include/cartographer/metrics/histogram.h
[2.385s] -- Up-to-date: /home/nagisa/fishbot_ws/install/cartographer/include/cartographer/metrics/register.h
[2.385s] -- Up-to-date: /home/nagisa/fishbot_ws/install/cartographer/include/cartographer/sensor/collator_interface.h
[2.386s] -- Up-to-date: /home/nagisa/fishbot_ws/install/cartographer/include/cartographer/sensor/compressed_point_cloud.h
[2.386s] -- Up-to-date: /home/nagisa/fishbot_ws/install/cartographer/include/cartographer/sensor/data.h
[2.386s] -- Up-to-date: /home/nagisa/fishbot_ws/install/cartographer/include/cartographer/sensor/fixed_frame_pose_data.h
[2.386s] -- Up-to-date: /home/nagisa/fishbot_ws/install/cartographer/include/cartographer/sensor/imu_data.h
[2.386s] -- Up-to-date: /home/nagisa/fishbot_ws/install/cartographer/include/cartographer/sensor/landmark_data.h
[2.386s] -- Up-to-date: /home/nagisa/fishbot_ws/install/cartographer/include/cartographer/sensor/map_by_time.h
[2.386s] -- Up-to-date: /home/nagisa/fishbot_ws/install/cartographer/include/cartographer/sensor/odometry_data.h
[2.386s] -- Up-to-date: /home/nagisa/fishbot_ws/install/cartographer/include/cartographer/sensor/point_cloud.h
[2.386s] -- Up-to-date: /home/nagisa/fishbot_ws/install/cartographer/include/cartographer/sensor/range_data.h
[2.386s] -- Up-to-date: /home/nagisa/fishbot_ws/install/cartographer/include/cartographer/sensor/rangefinder_point.h
[2.386s] -- Up-to-date: /home/nagisa/fishbot_ws/install/cartographer/include/cartographer/sensor/timed_point_cloud_data.h
[2.386s] -- Up-to-date: /home/nagisa/fishbot_ws/install/cartographer/include/cartographer/transform/rigid_transform.h
[2.386s] -- Up-to-date: /home/nagisa/fishbot_ws/install/cartographer/include/cartographer/transform/timestamped_transform.h
[2.386s] -- Up-to-date: /home/nagisa/fishbot_ws/install/cartographer/include/cartographer/transform/transform.h
[2.386s] -- Up-to-date: /home/nagisa/fishbot_ws/install/cartographer/include/cartographer/transform/transform_interpolation_buffer.h
[2.386s] -- Up-to-date: /home/nagisa/fishbot_ws/install/cartographer/include/cartographer/io/fake_file_writer.h
[2.386s] -- Up-to-date: /home/nagisa/fishbot_ws/install/cartographer/include/cartographer/transform/rigid_transform_test_helpers.h
[2.386s] -- Up-to-date: /home/nagisa/fishbot_ws/install/cartographer/include/cartographer/common/proto/ceres_solver_options.pb.h
[2.386s] -- Up-to-date: /home/nagisa/fishbot_ws/install/cartographer/include/cartographer/ground_truth/proto/relations.pb.h
[2.387s] -- Up-to-date: /home/nagisa/fishbot_ws/install/cartographer/include/cartographer/mapping/proto/cell_limits_2d.pb.h
[2.387s] -- Up-to-date: /home/nagisa/fishbot_ws/install/cartographer/include/cartographer/mapping/proto/connected_components.pb.h
[2.387s] -- Up-to-date: /home/nagisa/fishbot_ws/install/cartographer/include/cartographer/mapping/proto/grid_2d.pb.h
[2.387s] -- Up-to-date: /home/nagisa/fishbot_ws/install/cartographer/include/cartographer/mapping/proto/grid_2d_options.pb.h
[2.387s] -- Up-to-date: /home/nagisa/fishbot_ws/install/cartographer/include/cartographer/mapping/proto/hybrid_grid.pb.h
[2.387s] -- Up-to-date: /home/nagisa/fishbot_ws/install/cartographer/include/cartographer/mapping/proto/local_trajectory_builder_options_2d.pb.h
[2.387s] -- Up-to-date: /home/nagisa/fishbot_ws/install/cartographer/include/cartographer/mapping/proto/local_trajectory_builder_options_3d.pb.h
[2.387s] -- Up-to-date: /home/nagisa/fishbot_ws/install/cartographer/include/cartographer/mapping/proto/map_builder_options.pb.h
[2.387s] -- Up-to-date: /home/nagisa/fishbot_ws/install/cartographer/include/cartographer/mapping/proto/map_limits.pb.h
[2.387s] -- Up-to-date: /home/nagisa/fishbot_ws/install/cartographer/include/cartographer/mapping/proto/motion_filter_options.pb.h
[2.387s] -- Up-to-date: /home/nagisa/fishbot_ws/install/cartographer/include/cartographer/mapping/proto/normal_estimation_options_2d.pb.h
[2.387s] -- Up-to-date: /home/nagisa/fishbot_ws/install/cartographer/include/cartographer/mapping/proto/pose_extrapolator_options.pb.h
[2.387s] -- Up-to-date: /home/nagisa/fishbot_ws/install/cartographer/include/cartographer/mapping/proto/pose_graph.pb.h
[2.387s] -- Up-to-date: /home/nagisa/fishbot_ws/install/cartographer/include/cartographer/mapping/proto/pose_graph/constraint_builder_options.pb.h
[2.387s] -- Up-to-date: /home/nagisa/fishbot_ws/install/cartographer/include/cartographer/mapping/proto/pose_graph/optimization_problem_options.pb.h
[2.387s] -- Up-to-date: /home/nagisa/fishbot_ws/install/cartographer/include/cartographer/mapping/proto/pose_graph_options.pb.h
[2.387s] -- Up-to-date: /home/nagisa/fishbot_ws/install/cartographer/include/cartographer/mapping/proto/probability_grid.pb.h
[2.387s] -- Up-to-date: /home/nagisa/fishbot_ws/install/cartographer/include/cartographer/mapping/proto/probability_grid_range_data_inserter_options_2d.pb.h
[2.387s] -- Up-to-date: /home/nagisa/fishbot_ws/install/cartographer/include/cartographer/mapping/proto/range_data_inserter_options.pb.h
[2.387s] -- Up-to-date: /home/nagisa/fishbot_ws/install/cartographer/include/cartographer/mapping/proto/range_data_inserter_options_3d.pb.h
[2.388s] -- Up-to-date: /home/nagisa/fishbot_ws/install/cartographer/include/cartographer/mapping/proto/scan_matching/ceres_scan_matcher_options_2d.pb.h
[2.388s] -- Up-to-date: /home/nagisa/fishbot_ws/install/cartographer/include/cartographer/mapping/proto/scan_matching/ceres_scan_matcher_options_3d.pb.h
[2.388s] -- Up-to-date: /home/nagisa/fishbot_ws/install/cartographer/include/cartographer/mapping/proto/scan_matching/fast_correlative_scan_matcher_options_2d.pb.h
[2.388s] -- Up-to-date: /home/nagisa/fishbot_ws/install/cartographer/include/cartographer/mapping/proto/scan_matching/fast_correlative_scan_matcher_options_3d.pb.h
[2.388s] -- Up-to-date: /home/nagisa/fishbot_ws/install/cartographer/include/cartographer/mapping/proto/scan_matching/real_time_correlative_scan_matcher_options.pb.h
[2.388s] -- Up-to-date: /home/nagisa/fishbot_ws/install/cartographer/include/cartographer/mapping/proto/serialization.pb.h
[2.388s] -- Up-to-date: /home/nagisa/fishbot_ws/install/cartographer/include/cartographer/mapping/proto/submap.pb.h
[2.388s] -- Up-to-date: /home/nagisa/fishbot_ws/install/cartographer/include/cartographer/mapping/proto/submap_visualization.pb.h
[2.388s] -- Up-to-date: /home/nagisa/fishbot_ws/install/cartographer/include/cartographer/mapping/proto/submaps_options_2d.pb.h
[2.388s] -- Up-to-date: /home/nagisa/fishbot_ws/install/cartographer/include/cartographer/mapping/proto/submaps_options_3d.pb.h
[2.388s] -- Up-to-date: /home/nagisa/fishbot_ws/install/cartographer/include/cartographer/mapping/proto/trajectory.pb.h
[2.388s] -- Up-to-date: /home/nagisa/fishbot_ws/install/cartographer/include/cartographer/mapping/proto/trajectory_builder_options.pb.h
[2.388s] -- Up-to-date: /home/nagisa/fishbot_ws/install/cartographer/include/cartographer/mapping/proto/trajectory_node_data.pb.h
[2.388s] -- Up-to-date: /home/nagisa/fishbot_ws/install/cartographer/include/cartographer/mapping/proto/tsdf_2d.pb.h
[2.388s] -- Up-to-date: /home/nagisa/fishbot_ws/install/cartographer/include/cartographer/mapping/proto/tsdf_range_data_inserter_options_2d.pb.h
[2.388s] -- Up-to-date: /home/nagisa/fishbot_ws/install/cartographer/include/cartographer/sensor/proto/adaptive_voxel_filter_options.pb.h
[2.388s] -- Up-to-date: /home/nagisa/fishbot_ws/install/cartographer/include/cartographer/sensor/proto/sensor.pb.h
[2.388s] -- Up-to-date: /home/nagisa/fishbot_ws/install/cartographer/include/cartographer/transform/proto/timestamped_transform.pb.h
[2.388s] -- Up-to-date: /home/nagisa/fishbot_ws/install/cartographer/include/cartographer/transform/proto/transform.pb.h
[2.389s] -- Up-to-date: /home/nagisa/fishbot_ws/install/cartographer/share/cartographer/cmake/CartographerTargets.cmake
[2.389s] -- Up-to-date: /home/nagisa/fishbot_ws/install/cartographer/share/cartographer/cmake/CartographerTargets-release.cmake
[2.389s] -- Up-to-date: /home/nagisa/fishbot_ws/install/cartographer/share/cartographer/cartographer-config.cmake
[2.389s] Invoked command in '/home/nagisa/fishbot_ws/build/cartographer' returned '0': CMAKE_PREFIX_PATH=${CMAKE_PREFIX_PATH}:/home/nagisa/fishbot_ws/install/fishbot_description:/opt/ros/humble /usr/bin/cmake --install /home/nagisa/fishbot_ws/build/cartographer
