[0.016s] Invoking command in '/home/nagisa/fishbot_ws/build/nav_2d_msgs': CMAKE_PREFIX_PATH=/opt/ros/humble /usr/bin/cmake --build /home/nagisa/fishbot_ws/build/nav_2d_msgs -- -j12 -l12
[0.121s] [35m[1mConsolidate compiler generated dependencies of target nav_2d_msgs__rosidl_generator_c[0m
[0.127s] [  1%] Built target nav_2d_msgs__cpp
[0.146s] [ 12%] Built target nav_2d_msgs__rosidl_generator_c
[0.148s] [35m[1mConsolidate compiler generated dependencies of target nav_2d_msgs__rosidl_typesupport_cpp[0m
[0.150s] [35m[1mConsolidate compiler generated dependencies of target nav_2d_msgs__rosidl_typesupport_fastrtps_cpp[0m
[0.151s] [ 12%] Built target ament_cmake_python_copy_nav_2d_msgs
[0.151s] [35m[1mConsolidate compiler generated dependencies of target nav_2d_msgs__rosidl_typesupport_introspection_cpp[0m
[0.167s] [35m[1mConsolidate compiler generated dependencies of target nav_2d_msgs__rosidl_typesupport_introspection_c[0m
[0.169s] [35m[1mConsolidate compiler generated dependencies of target nav_2d_msgs__rosidl_typesupport_fastrtps_c[0m
[0.175s] [35m[1mConsolidate compiler generated dependencies of target nav_2d_msgs__rosidl_typesupport_c[0m
[0.176s] [ 28%] Built target nav_2d_msgs__rosidl_typesupport_cpp
[0.177s] [ 46%] Built target nav_2d_msgs__rosidl_typesupport_fastrtps_cpp
[0.177s] [ 45%] Built target nav_2d_msgs__rosidl_typesupport_introspection_cpp
[0.188s] [ 57%] Built target nav_2d_msgs__rosidl_typesupport_introspection_c
[0.189s] [ 80%] Built target nav_2d_msgs__rosidl_typesupport_fastrtps_c
[0.189s] [ 80%] Built target nav_2d_msgs__rosidl_typesupport_c
[0.216s] [ 80%] Built target nav_2d_msgs
[0.244s] [ 81%] Built target nav_2d_msgs__py
[0.263s] [35m[1mConsolidate compiler generated dependencies of target nav_2d_msgs__rosidl_generator_py[0m
[0.286s] [ 91%] Built target nav_2d_msgs__rosidl_generator_py
[0.302s] [35m[1mConsolidate compiler generated dependencies of target nav_2d_msgs__rosidl_typesupport_fastrtps_c__pyext[0m
[0.302s] [35m[1mConsolidate compiler generated dependencies of target nav_2d_msgs__rosidl_typesupport_c__pyext[0m
[0.302s] [35m[1mConsolidate compiler generated dependencies of target nav_2d_msgs__rosidl_typesupport_introspection_c__pyext[0m
[0.316s] [ 97%] Built target nav_2d_msgs__rosidl_typesupport_introspection_c__pyext
[0.316s] [ 97%] Built target nav_2d_msgs__rosidl_typesupport_c__pyext
[0.317s] [100%] Built target nav_2d_msgs__rosidl_typesupport_fastrtps_c__pyext
[0.392s] running egg_info
[0.393s] writing nav_2d_msgs.egg-info/PKG-INFO
[0.394s] writing dependency_links to nav_2d_msgs.egg-info/dependency_links.txt
[0.394s] writing top-level names to nav_2d_msgs.egg-info/top_level.txt
[0.396s] reading manifest file 'nav_2d_msgs.egg-info/SOURCES.txt'
[0.397s] writing manifest file 'nav_2d_msgs.egg-info/SOURCES.txt'
[0.422s] [100%] Built target ament_cmake_python_build_nav_2d_msgs_egg
[0.433s] Invoked command in '/home/nagisa/fishbot_ws/build/nav_2d_msgs' returned '0': CMAKE_PREFIX_PATH=/opt/ros/humble /usr/bin/cmake --build /home/nagisa/fishbot_ws/build/nav_2d_msgs -- -j12 -l12
[0.751s] Invoking command in '/home/nagisa/fishbot_ws/build/nav_2d_msgs': CMAKE_PREFIX_PATH=/opt/ros/humble /usr/bin/cmake --install /home/nagisa/fishbot_ws/build/nav_2d_msgs
[0.759s] -- Install configuration: ""
[0.761s] -- Up-to-date: /home/nagisa/fishbot_ws/install/nav_2d_msgs/share/ament_index/resource_index/rosidl_interfaces/nav_2d_msgs
[0.761s] -- Up-to-date: /home/nagisa/fishbot_ws/install/nav_2d_msgs/include/nav_2d_msgs/nav_2d_msgs
[0.761s] -- Up-to-date: /home/nagisa/fishbot_ws/install/nav_2d_msgs/include/nav_2d_msgs/nav_2d_msgs/msg
[0.762s] -- Up-to-date: /home/nagisa/fishbot_ws/install/nav_2d_msgs/include/nav_2d_msgs/nav_2d_msgs/msg/path2_d.h
[0.765s] -- Up-to-date: /home/nagisa/fishbot_ws/install/nav_2d_msgs/include/nav_2d_msgs/nav_2d_msgs/msg/twist2_d.h
[0.765s] -- Up-to-date: /home/nagisa/fishbot_ws/install/nav_2d_msgs/include/nav_2d_msgs/nav_2d_msgs/msg/pose2_d_stamped.h
[0.765s] -- Up-to-date: /home/nagisa/fishbot_ws/install/nav_2d_msgs/include/nav_2d_msgs/nav_2d_msgs/msg/twist2_d_stamped.h
[0.765s] -- Up-to-date: /home/nagisa/fishbot_ws/install/nav_2d_msgs/include/nav_2d_msgs/nav_2d_msgs/msg/rosidl_generator_c__visibility_control.h
[0.766s] -- Up-to-date: /home/nagisa/fishbot_ws/install/nav_2d_msgs/include/nav_2d_msgs/nav_2d_msgs/msg/twist2_d32.h
[0.766s] -- Up-to-date: /home/nagisa/fishbot_ws/install/nav_2d_msgs/include/nav_2d_msgs/nav_2d_msgs/msg/pose2_d32.h
[0.766s] -- Up-to-date: /home/nagisa/fishbot_ws/install/nav_2d_msgs/include/nav_2d_msgs/nav_2d_msgs/msg/detail
[0.767s] -- Up-to-date: /home/nagisa/fishbot_ws/install/nav_2d_msgs/include/nav_2d_msgs/nav_2d_msgs/msg/detail/pose2_d32__struct.h
[0.767s] -- Up-to-date: /home/nagisa/fishbot_ws/install/nav_2d_msgs/include/nav_2d_msgs/nav_2d_msgs/msg/detail/pose2_d32__functions.c
[0.768s] -- Up-to-date: /home/nagisa/fishbot_ws/install/nav_2d_msgs/include/nav_2d_msgs/nav_2d_msgs/msg/detail/twist2_d32__type_support.h
[0.769s] -- Up-to-date: /home/nagisa/fishbot_ws/install/nav_2d_msgs/include/nav_2d_msgs/nav_2d_msgs/msg/detail/twist2_d__functions.c
[0.769s] -- Up-to-date: /home/nagisa/fishbot_ws/install/nav_2d_msgs/include/nav_2d_msgs/nav_2d_msgs/msg/detail/pose2_d_stamped__functions.h
[0.769s] -- Up-to-date: /home/nagisa/fishbot_ws/install/nav_2d_msgs/include/nav_2d_msgs/nav_2d_msgs/msg/detail/twist2_d32__functions.h
[0.769s] -- Up-to-date: /home/nagisa/fishbot_ws/install/nav_2d_msgs/include/nav_2d_msgs/nav_2d_msgs/msg/detail/pose2_d_stamped__type_support.h
[0.769s] -- Up-to-date: /home/nagisa/fishbot_ws/install/nav_2d_msgs/include/nav_2d_msgs/nav_2d_msgs/msg/detail/twist2_d32__struct.h
[0.769s] -- Up-to-date: /home/nagisa/fishbot_ws/install/nav_2d_msgs/include/nav_2d_msgs/nav_2d_msgs/msg/detail/twist2_d__functions.h
[0.769s] -- Up-to-date: /home/nagisa/fishbot_ws/install/nav_2d_msgs/include/nav_2d_msgs/nav_2d_msgs/msg/detail/twist2_d32__functions.c
[0.769s] -- Up-to-date: /home/nagisa/fishbot_ws/install/nav_2d_msgs/include/nav_2d_msgs/nav_2d_msgs/msg/detail/pose2_d_stamped__struct.h
[0.769s] -- Up-to-date: /home/nagisa/fishbot_ws/install/nav_2d_msgs/include/nav_2d_msgs/nav_2d_msgs/msg/detail/twist2_d_stamped__struct.h
[0.770s] -- Up-to-date: /home/nagisa/fishbot_ws/install/nav_2d_msgs/include/nav_2d_msgs/nav_2d_msgs/msg/detail/twist2_d_stamped__type_support.h
[0.770s] -- Up-to-date: /home/nagisa/fishbot_ws/install/nav_2d_msgs/include/nav_2d_msgs/nav_2d_msgs/msg/detail/twist2_d__type_support.h
[0.770s] -- Up-to-date: /home/nagisa/fishbot_ws/install/nav_2d_msgs/include/nav_2d_msgs/nav_2d_msgs/msg/detail/pose2_d_stamped__functions.c
[0.770s] -- Up-to-date: /home/nagisa/fishbot_ws/install/nav_2d_msgs/include/nav_2d_msgs/nav_2d_msgs/msg/detail/twist2_d__struct.h
[0.770s] -- Up-to-date: /home/nagisa/fishbot_ws/install/nav_2d_msgs/include/nav_2d_msgs/nav_2d_msgs/msg/detail/path2_d__functions.h
[0.770s] -- Up-to-date: /home/nagisa/fishbot_ws/install/nav_2d_msgs/include/nav_2d_msgs/nav_2d_msgs/msg/detail/twist2_d_stamped__functions.h
[0.770s] -- Up-to-date: /home/nagisa/fishbot_ws/install/nav_2d_msgs/include/nav_2d_msgs/nav_2d_msgs/msg/detail/twist2_d_stamped__functions.c
[0.771s] -- Up-to-date: /home/nagisa/fishbot_ws/install/nav_2d_msgs/include/nav_2d_msgs/nav_2d_msgs/msg/detail/path2_d__struct.h
[0.771s] -- Up-to-date: /home/nagisa/fishbot_ws/install/nav_2d_msgs/include/nav_2d_msgs/nav_2d_msgs/msg/detail/pose2_d32__type_support.h
[0.771s] -- Up-to-date: /home/nagisa/fishbot_ws/install/nav_2d_msgs/include/nav_2d_msgs/nav_2d_msgs/msg/detail/pose2_d32__functions.h
[0.771s] -- Up-to-date: /home/nagisa/fishbot_ws/install/nav_2d_msgs/include/nav_2d_msgs/nav_2d_msgs/msg/detail/path2_d__functions.c
[0.771s] -- Up-to-date: /home/nagisa/fishbot_ws/install/nav_2d_msgs/include/nav_2d_msgs/nav_2d_msgs/msg/detail/path2_d__type_support.h
[0.771s] -- Up-to-date: /home/nagisa/fishbot_ws/install/nav_2d_msgs/share/nav_2d_msgs/environment/library_path.sh
[0.771s] -- Up-to-date: /home/nagisa/fishbot_ws/install/nav_2d_msgs/share/nav_2d_msgs/environment/library_path.dsv
[0.771s] -- Up-to-date: /home/nagisa/fishbot_ws/install/nav_2d_msgs/lib/libnav_2d_msgs__rosidl_generator_c.so
[0.771s] -- Up-to-date: /home/nagisa/fishbot_ws/install/nav_2d_msgs/include/nav_2d_msgs/nav_2d_msgs
[0.772s] -- Up-to-date: /home/nagisa/fishbot_ws/install/nav_2d_msgs/include/nav_2d_msgs/nav_2d_msgs/msg
[0.772s] -- Up-to-date: /home/nagisa/fishbot_ws/install/nav_2d_msgs/include/nav_2d_msgs/nav_2d_msgs/msg/rosidl_typesupport_fastrtps_c__visibility_control.h
[0.772s] -- Up-to-date: /home/nagisa/fishbot_ws/install/nav_2d_msgs/include/nav_2d_msgs/nav_2d_msgs/msg/detail
[0.772s] -- Up-to-date: /home/nagisa/fishbot_ws/install/nav_2d_msgs/include/nav_2d_msgs/nav_2d_msgs/msg/detail/pose2_d_stamped__rosidl_typesupport_fastrtps_c.h
[0.772s] -- Up-to-date: /home/nagisa/fishbot_ws/install/nav_2d_msgs/include/nav_2d_msgs/nav_2d_msgs/msg/detail/path2_d__rosidl_typesupport_fastrtps_c.h
[0.772s] -- Up-to-date: /home/nagisa/fishbot_ws/install/nav_2d_msgs/include/nav_2d_msgs/nav_2d_msgs/msg/detail/pose2_d32__rosidl_typesupport_fastrtps_c.h
[0.772s] -- Up-to-date: /home/nagisa/fishbot_ws/install/nav_2d_msgs/include/nav_2d_msgs/nav_2d_msgs/msg/detail/twist2_d32__rosidl_typesupport_fastrtps_c.h
[0.772s] -- Up-to-date: /home/nagisa/fishbot_ws/install/nav_2d_msgs/include/nav_2d_msgs/nav_2d_msgs/msg/detail/twist2_d__rosidl_typesupport_fastrtps_c.h
[0.773s] -- Up-to-date: /home/nagisa/fishbot_ws/install/nav_2d_msgs/include/nav_2d_msgs/nav_2d_msgs/msg/detail/twist2_d_stamped__rosidl_typesupport_fastrtps_c.h
[0.773s] -- Up-to-date: /home/nagisa/fishbot_ws/install/nav_2d_msgs/lib/libnav_2d_msgs__rosidl_typesupport_fastrtps_c.so
[0.773s] -- Up-to-date: /home/nagisa/fishbot_ws/install/nav_2d_msgs/include/nav_2d_msgs/nav_2d_msgs
[0.773s] -- Up-to-date: /home/nagisa/fishbot_ws/install/nav_2d_msgs/include/nav_2d_msgs/nav_2d_msgs/msg
[0.773s] -- Up-to-date: /home/nagisa/fishbot_ws/install/nav_2d_msgs/include/nav_2d_msgs/nav_2d_msgs/msg/path2_d.hpp
[0.773s] -- Up-to-date: /home/nagisa/fishbot_ws/install/nav_2d_msgs/include/nav_2d_msgs/nav_2d_msgs/msg/pose2_d_stamped.hpp
[0.773s] -- Up-to-date: /home/nagisa/fishbot_ws/install/nav_2d_msgs/include/nav_2d_msgs/nav_2d_msgs/msg/detail
[0.773s] -- Up-to-date: /home/nagisa/fishbot_ws/install/nav_2d_msgs/include/nav_2d_msgs/nav_2d_msgs/msg/detail/pose2_d32__builder.hpp
[0.773s] -- Up-to-date: /home/nagisa/fishbot_ws/install/nav_2d_msgs/include/nav_2d_msgs/nav_2d_msgs/msg/detail/twist2_d_stamped__struct.hpp
[0.773s] -- Up-to-date: /home/nagisa/fishbot_ws/install/nav_2d_msgs/include/nav_2d_msgs/nav_2d_msgs/msg/detail/twist2_d32__builder.hpp
[0.773s] -- Up-to-date: /home/nagisa/fishbot_ws/install/nav_2d_msgs/include/nav_2d_msgs/nav_2d_msgs/msg/detail/pose2_d_stamped__struct.hpp
[0.774s] -- Up-to-date: /home/nagisa/fishbot_ws/install/nav_2d_msgs/include/nav_2d_msgs/nav_2d_msgs/msg/detail/twist2_d__struct.hpp
[0.774s] -- Up-to-date: /home/nagisa/fishbot_ws/install/nav_2d_msgs/include/nav_2d_msgs/nav_2d_msgs/msg/detail/twist2_d__builder.hpp
[0.774s] -- Up-to-date: /home/nagisa/fishbot_ws/install/nav_2d_msgs/include/nav_2d_msgs/nav_2d_msgs/msg/detail/pose2_d_stamped__builder.hpp
[0.774s] -- Up-to-date: /home/nagisa/fishbot_ws/install/nav_2d_msgs/include/nav_2d_msgs/nav_2d_msgs/msg/detail/path2_d__builder.hpp
[0.774s] -- Up-to-date: /home/nagisa/fishbot_ws/install/nav_2d_msgs/include/nav_2d_msgs/nav_2d_msgs/msg/detail/pose2_d32__struct.hpp
[0.774s] -- Up-to-date: /home/nagisa/fishbot_ws/install/nav_2d_msgs/include/nav_2d_msgs/nav_2d_msgs/msg/detail/pose2_d_stamped__traits.hpp
[0.774s] -- Up-to-date: /home/nagisa/fishbot_ws/install/nav_2d_msgs/include/nav_2d_msgs/nav_2d_msgs/msg/detail/twist2_d32__traits.hpp
[0.774s] -- Up-to-date: /home/nagisa/fishbot_ws/install/nav_2d_msgs/include/nav_2d_msgs/nav_2d_msgs/msg/detail/path2_d__struct.hpp
[0.774s] -- Up-to-date: /home/nagisa/fishbot_ws/install/nav_2d_msgs/include/nav_2d_msgs/nav_2d_msgs/msg/detail/pose2_d32__traits.hpp
[0.774s] -- Up-to-date: /home/nagisa/fishbot_ws/install/nav_2d_msgs/include/nav_2d_msgs/nav_2d_msgs/msg/detail/twist2_d_stamped__builder.hpp
[0.774s] -- Up-to-date: /home/nagisa/fishbot_ws/install/nav_2d_msgs/include/nav_2d_msgs/nav_2d_msgs/msg/detail/path2_d__traits.hpp
[0.775s] -- Up-to-date: /home/nagisa/fishbot_ws/install/nav_2d_msgs/include/nav_2d_msgs/nav_2d_msgs/msg/detail/twist2_d_stamped__traits.hpp
[0.775s] -- Up-to-date: /home/nagisa/fishbot_ws/install/nav_2d_msgs/include/nav_2d_msgs/nav_2d_msgs/msg/detail/twist2_d__traits.hpp
[0.775s] -- Up-to-date: /home/nagisa/fishbot_ws/install/nav_2d_msgs/include/nav_2d_msgs/nav_2d_msgs/msg/detail/twist2_d32__struct.hpp
[0.775s] -- Up-to-date: /home/nagisa/fishbot_ws/install/nav_2d_msgs/include/nav_2d_msgs/nav_2d_msgs/msg/twist2_d.hpp
[0.775s] -- Up-to-date: /home/nagisa/fishbot_ws/install/nav_2d_msgs/include/nav_2d_msgs/nav_2d_msgs/msg/twist2_d32.hpp
[0.775s] -- Up-to-date: /home/nagisa/fishbot_ws/install/nav_2d_msgs/include/nav_2d_msgs/nav_2d_msgs/msg/pose2_d32.hpp
[0.775s] -- Up-to-date: /home/nagisa/fishbot_ws/install/nav_2d_msgs/include/nav_2d_msgs/nav_2d_msgs/msg/twist2_d_stamped.hpp
[0.775s] -- Up-to-date: /home/nagisa/fishbot_ws/install/nav_2d_msgs/include/nav_2d_msgs/nav_2d_msgs
[0.775s] -- Up-to-date: /home/nagisa/fishbot_ws/install/nav_2d_msgs/include/nav_2d_msgs/nav_2d_msgs/msg
[0.775s] -- Up-to-date: /home/nagisa/fishbot_ws/install/nav_2d_msgs/include/nav_2d_msgs/nav_2d_msgs/msg/rosidl_typesupport_fastrtps_cpp__visibility_control.h
[0.775s] -- Up-to-date: /home/nagisa/fishbot_ws/install/nav_2d_msgs/include/nav_2d_msgs/nav_2d_msgs/msg/detail
[0.776s] -- Up-to-date: /home/nagisa/fishbot_ws/install/nav_2d_msgs/include/nav_2d_msgs/nav_2d_msgs/msg/detail/twist2_d_stamped__rosidl_typesupport_fastrtps_cpp.hpp
[0.776s] -- Up-to-date: /home/nagisa/fishbot_ws/install/nav_2d_msgs/include/nav_2d_msgs/nav_2d_msgs/msg/detail/pose2_d32__rosidl_typesupport_fastrtps_cpp.hpp
[0.776s] -- Up-to-date: /home/nagisa/fishbot_ws/install/nav_2d_msgs/include/nav_2d_msgs/nav_2d_msgs/msg/detail/path2_d__rosidl_typesupport_fastrtps_cpp.hpp
[0.776s] -- Up-to-date: /home/nagisa/fishbot_ws/install/nav_2d_msgs/include/nav_2d_msgs/nav_2d_msgs/msg/detail/pose2_d_stamped__rosidl_typesupport_fastrtps_cpp.hpp
[0.776s] -- Up-to-date: /home/nagisa/fishbot_ws/install/nav_2d_msgs/include/nav_2d_msgs/nav_2d_msgs/msg/detail/twist2_d__rosidl_typesupport_fastrtps_cpp.hpp
[0.776s] -- Up-to-date: /home/nagisa/fishbot_ws/install/nav_2d_msgs/include/nav_2d_msgs/nav_2d_msgs/msg/detail/twist2_d32__rosidl_typesupport_fastrtps_cpp.hpp
[0.776s] -- Up-to-date: /home/nagisa/fishbot_ws/install/nav_2d_msgs/include/nav_2d_msgs/nav_2d_msgs/msg/detail/dds_fastrtps
[0.776s] -- Up-to-date: /home/nagisa/fishbot_ws/install/nav_2d_msgs/lib/libnav_2d_msgs__rosidl_typesupport_fastrtps_cpp.so
[0.776s] -- Up-to-date: /home/nagisa/fishbot_ws/install/nav_2d_msgs/include/nav_2d_msgs/nav_2d_msgs
[0.776s] -- Up-to-date: /home/nagisa/fishbot_ws/install/nav_2d_msgs/include/nav_2d_msgs/nav_2d_msgs/msg
[0.776s] -- Up-to-date: /home/nagisa/fishbot_ws/install/nav_2d_msgs/include/nav_2d_msgs/nav_2d_msgs/msg/rosidl_typesupport_introspection_c__visibility_control.h
[0.777s] -- Up-to-date: /home/nagisa/fishbot_ws/install/nav_2d_msgs/include/nav_2d_msgs/nav_2d_msgs/msg/detail
[0.777s] -- Up-to-date: /home/nagisa/fishbot_ws/install/nav_2d_msgs/include/nav_2d_msgs/nav_2d_msgs/msg/detail/pose2_d32__type_support.c
[0.777s] -- Up-to-date: /home/nagisa/fishbot_ws/install/nav_2d_msgs/include/nav_2d_msgs/nav_2d_msgs/msg/detail/twist2_d_stamped__rosidl_typesupport_introspection_c.h
[0.777s] -- Up-to-date: /home/nagisa/fishbot_ws/install/nav_2d_msgs/include/nav_2d_msgs/nav_2d_msgs/msg/detail/path2_d__type_support.c
[0.777s] -- Up-to-date: /home/nagisa/fishbot_ws/install/nav_2d_msgs/include/nav_2d_msgs/nav_2d_msgs/msg/detail/pose2_d_stamped__rosidl_typesupport_introspection_c.h
[0.777s] -- Up-to-date: /home/nagisa/fishbot_ws/install/nav_2d_msgs/include/nav_2d_msgs/nav_2d_msgs/msg/detail/pose2_d_stamped__type_support.c
[0.777s] -- Up-to-date: /home/nagisa/fishbot_ws/install/nav_2d_msgs/include/nav_2d_msgs/nav_2d_msgs/msg/detail/twist2_d__type_support.c
[0.777s] -- Up-to-date: /home/nagisa/fishbot_ws/install/nav_2d_msgs/include/nav_2d_msgs/nav_2d_msgs/msg/detail/twist2_d_stamped__type_support.c
[0.777s] -- Up-to-date: /home/nagisa/fishbot_ws/install/nav_2d_msgs/include/nav_2d_msgs/nav_2d_msgs/msg/detail/twist2_d32__rosidl_typesupport_introspection_c.h
[0.777s] -- Up-to-date: /home/nagisa/fishbot_ws/install/nav_2d_msgs/include/nav_2d_msgs/nav_2d_msgs/msg/detail/pose2_d32__rosidl_typesupport_introspection_c.h
[0.777s] -- Up-to-date: /home/nagisa/fishbot_ws/install/nav_2d_msgs/include/nav_2d_msgs/nav_2d_msgs/msg/detail/twist2_d__rosidl_typesupport_introspection_c.h
[0.777s] -- Up-to-date: /home/nagisa/fishbot_ws/install/nav_2d_msgs/include/nav_2d_msgs/nav_2d_msgs/msg/detail/twist2_d32__type_support.c
[0.777s] -- Up-to-date: /home/nagisa/fishbot_ws/install/nav_2d_msgs/include/nav_2d_msgs/nav_2d_msgs/msg/detail/path2_d__rosidl_typesupport_introspection_c.h
[0.777s] -- Up-to-date: /home/nagisa/fishbot_ws/install/nav_2d_msgs/lib/libnav_2d_msgs__rosidl_typesupport_introspection_c.so
[0.777s] -- Up-to-date: /home/nagisa/fishbot_ws/install/nav_2d_msgs/lib/libnav_2d_msgs__rosidl_typesupport_c.so
[0.778s] -- Up-to-date: /home/nagisa/fishbot_ws/install/nav_2d_msgs/include/nav_2d_msgs/nav_2d_msgs
[0.778s] -- Up-to-date: /home/nagisa/fishbot_ws/install/nav_2d_msgs/include/nav_2d_msgs/nav_2d_msgs/msg
[0.778s] -- Up-to-date: /home/nagisa/fishbot_ws/install/nav_2d_msgs/include/nav_2d_msgs/nav_2d_msgs/msg/detail
[0.778s] -- Up-to-date: /home/nagisa/fishbot_ws/install/nav_2d_msgs/include/nav_2d_msgs/nav_2d_msgs/msg/detail/pose2_d32__type_support.cpp
[0.778s] -- Up-to-date: /home/nagisa/fishbot_ws/install/nav_2d_msgs/include/nav_2d_msgs/nav_2d_msgs/msg/detail/twist2_d_stamped__type_support.cpp
[0.778s] -- Up-to-date: /home/nagisa/fishbot_ws/install/nav_2d_msgs/include/nav_2d_msgs/nav_2d_msgs/msg/detail/twist2_d_stamped__rosidl_typesupport_introspection_cpp.hpp
[0.778s] -- Up-to-date: /home/nagisa/fishbot_ws/install/nav_2d_msgs/include/nav_2d_msgs/nav_2d_msgs/msg/detail/pose2_d_stamped__type_support.cpp
[0.779s] -- Up-to-date: /home/nagisa/fishbot_ws/install/nav_2d_msgs/include/nav_2d_msgs/nav_2d_msgs/msg/detail/twist2_d__rosidl_typesupport_introspection_cpp.hpp
[0.779s] -- Up-to-date: /home/nagisa/fishbot_ws/install/nav_2d_msgs/include/nav_2d_msgs/nav_2d_msgs/msg/detail/path2_d__rosidl_typesupport_introspection_cpp.hpp
[0.779s] -- Up-to-date: /home/nagisa/fishbot_ws/install/nav_2d_msgs/include/nav_2d_msgs/nav_2d_msgs/msg/detail/twist2_d32__type_support.cpp
[0.779s] -- Up-to-date: /home/nagisa/fishbot_ws/install/nav_2d_msgs/include/nav_2d_msgs/nav_2d_msgs/msg/detail/twist2_d__type_support.cpp
[0.779s] -- Up-to-date: /home/nagisa/fishbot_ws/install/nav_2d_msgs/include/nav_2d_msgs/nav_2d_msgs/msg/detail/path2_d__type_support.cpp
[0.780s] -- Up-to-date: /home/nagisa/fishbot_ws/install/nav_2d_msgs/include/nav_2d_msgs/nav_2d_msgs/msg/detail/pose2_d32__rosidl_typesupport_introspection_cpp.hpp
[0.781s] -- Up-to-date: /home/nagisa/fishbot_ws/install/nav_2d_msgs/include/nav_2d_msgs/nav_2d_msgs/msg/detail/pose2_d_stamped__rosidl_typesupport_introspection_cpp.hpp
[0.781s] -- Up-to-date: /home/nagisa/fishbot_ws/install/nav_2d_msgs/include/nav_2d_msgs/nav_2d_msgs/msg/detail/twist2_d32__rosidl_typesupport_introspection_cpp.hpp
[0.781s] -- Up-to-date: /home/nagisa/fishbot_ws/install/nav_2d_msgs/lib/libnav_2d_msgs__rosidl_typesupport_introspection_cpp.so
[0.781s] -- Up-to-date: /home/nagisa/fishbot_ws/install/nav_2d_msgs/lib/libnav_2d_msgs__rosidl_typesupport_cpp.so
[0.781s] -- Up-to-date: /home/nagisa/fishbot_ws/install/nav_2d_msgs/share/nav_2d_msgs/environment/pythonpath.sh
[0.781s] -- Up-to-date: /home/nagisa/fishbot_ws/install/nav_2d_msgs/share/nav_2d_msgs/environment/pythonpath.dsv
[0.781s] -- Up-to-date: /home/nagisa/fishbot_ws/install/nav_2d_msgs/local/lib/python3.10/dist-packages/nav_2d_msgs-1.1.16-py3.10.egg-info
[0.782s] -- Installing: /home/nagisa/fishbot_ws/install/nav_2d_msgs/local/lib/python3.10/dist-packages/nav_2d_msgs-1.1.16-py3.10.egg-info/dependency_links.txt
[0.782s] -- Installing: /home/nagisa/fishbot_ws/install/nav_2d_msgs/local/lib/python3.10/dist-packages/nav_2d_msgs-1.1.16-py3.10.egg-info/SOURCES.txt
[0.782s] -- Installing: /home/nagisa/fishbot_ws/install/nav_2d_msgs/local/lib/python3.10/dist-packages/nav_2d_msgs-1.1.16-py3.10.egg-info/top_level.txt
[0.782s] -- Installing: /home/nagisa/fishbot_ws/install/nav_2d_msgs/local/lib/python3.10/dist-packages/nav_2d_msgs-1.1.16-py3.10.egg-info/PKG-INFO
[0.782s] -- Up-to-date: /home/nagisa/fishbot_ws/install/nav_2d_msgs/local/lib/python3.10/dist-packages/nav_2d_msgs
[0.782s] -- Up-to-date: /home/nagisa/fishbot_ws/install/nav_2d_msgs/local/lib/python3.10/dist-packages/nav_2d_msgs/_nav_2d_msgs_s.ep.rosidl_typesupport_introspection_c.c
[0.782s] -- Up-to-date: /home/nagisa/fishbot_ws/install/nav_2d_msgs/local/lib/python3.10/dist-packages/nav_2d_msgs/nav_2d_msgs_s__rosidl_typesupport_c.cpython-310-x86_64-linux-gnu.so
[0.782s] -- Up-to-date: /home/nagisa/fishbot_ws/install/nav_2d_msgs/local/lib/python3.10/dist-packages/nav_2d_msgs/_nav_2d_msgs_s.ep.rosidl_typesupport_fastrtps_c.c
[0.782s] -- Up-to-date: /home/nagisa/fishbot_ws/install/nav_2d_msgs/local/lib/python3.10/dist-packages/nav_2d_msgs/msg
[0.782s] -- Up-to-date: /home/nagisa/fishbot_ws/install/nav_2d_msgs/local/lib/python3.10/dist-packages/nav_2d_msgs/msg/_twist2_d.py
[0.783s] -- Up-to-date: /home/nagisa/fishbot_ws/install/nav_2d_msgs/local/lib/python3.10/dist-packages/nav_2d_msgs/msg/_pose2_d_stamped_s.c
[0.783s] -- Up-to-date: /home/nagisa/fishbot_ws/install/nav_2d_msgs/local/lib/python3.10/dist-packages/nav_2d_msgs/msg/_pose2_d_stamped.py
[0.783s] -- Up-to-date: /home/nagisa/fishbot_ws/install/nav_2d_msgs/local/lib/python3.10/dist-packages/nav_2d_msgs/msg/_pose2_d32.py
[0.784s] -- Up-to-date: /home/nagisa/fishbot_ws/install/nav_2d_msgs/local/lib/python3.10/dist-packages/nav_2d_msgs/msg/__init__.py
[0.784s] -- Up-to-date: /home/nagisa/fishbot_ws/install/nav_2d_msgs/local/lib/python3.10/dist-packages/nav_2d_msgs/msg/_twist2_d_stamped_s.c
[0.784s] -- Up-to-date: /home/nagisa/fishbot_ws/install/nav_2d_msgs/local/lib/python3.10/dist-packages/nav_2d_msgs/msg/_path2_d_s.c
[0.784s] -- Up-to-date: /home/nagisa/fishbot_ws/install/nav_2d_msgs/local/lib/python3.10/dist-packages/nav_2d_msgs/msg/_twist2_d_s.c
[0.784s] -- Up-to-date: /home/nagisa/fishbot_ws/install/nav_2d_msgs/local/lib/python3.10/dist-packages/nav_2d_msgs/msg/_twist2_d_stamped.py
[0.784s] -- Up-to-date: /home/nagisa/fishbot_ws/install/nav_2d_msgs/local/lib/python3.10/dist-packages/nav_2d_msgs/msg/_pose2_d32_s.c
[0.784s] -- Up-to-date: /home/nagisa/fishbot_ws/install/nav_2d_msgs/local/lib/python3.10/dist-packages/nav_2d_msgs/msg/_twist2_d32.py
[0.784s] -- Up-to-date: /home/nagisa/fishbot_ws/install/nav_2d_msgs/local/lib/python3.10/dist-packages/nav_2d_msgs/msg/_twist2_d32_s.c
[0.784s] -- Up-to-date: /home/nagisa/fishbot_ws/install/nav_2d_msgs/local/lib/python3.10/dist-packages/nav_2d_msgs/msg/_path2_d.py
[0.784s] -- Up-to-date: /home/nagisa/fishbot_ws/install/nav_2d_msgs/local/lib/python3.10/dist-packages/nav_2d_msgs/__init__.py
[0.785s] -- Up-to-date: /home/nagisa/fishbot_ws/install/nav_2d_msgs/local/lib/python3.10/dist-packages/nav_2d_msgs/nav_2d_msgs_s__rosidl_typesupport_fastrtps_c.cpython-310-x86_64-linux-gnu.so
[0.785s] -- Up-to-date: /home/nagisa/fishbot_ws/install/nav_2d_msgs/local/lib/python3.10/dist-packages/nav_2d_msgs/libnav_2d_msgs__rosidl_generator_py.so
[0.785s] -- Up-to-date: /home/nagisa/fishbot_ws/install/nav_2d_msgs/local/lib/python3.10/dist-packages/nav_2d_msgs/nav_2d_msgs_s__rosidl_typesupport_introspection_c.cpython-310-x86_64-linux-gnu.so
[0.785s] -- Up-to-date: /home/nagisa/fishbot_ws/install/nav_2d_msgs/local/lib/python3.10/dist-packages/nav_2d_msgs/_nav_2d_msgs_s.ep.rosidl_typesupport_c.c
[0.813s] Listing '/home/nagisa/fishbot_ws/install/nav_2d_msgs/local/lib/python3.10/dist-packages/nav_2d_msgs'...
[0.813s] Listing '/home/nagisa/fishbot_ws/install/nav_2d_msgs/local/lib/python3.10/dist-packages/nav_2d_msgs/msg'...
[0.819s] -- Up-to-date: /home/nagisa/fishbot_ws/install/nav_2d_msgs/local/lib/python3.10/dist-packages/nav_2d_msgs/nav_2d_msgs_s__rosidl_typesupport_fastrtps_c.cpython-310-x86_64-linux-gnu.so
[0.821s] -- Up-to-date: /home/nagisa/fishbot_ws/install/nav_2d_msgs/local/lib/python3.10/dist-packages/nav_2d_msgs/nav_2d_msgs_s__rosidl_typesupport_introspection_c.cpython-310-x86_64-linux-gnu.so
[0.822s] -- Up-to-date: /home/nagisa/fishbot_ws/install/nav_2d_msgs/local/lib/python3.10/dist-packages/nav_2d_msgs/nav_2d_msgs_s__rosidl_typesupport_c.cpython-310-x86_64-linux-gnu.so
[0.823s] -- Up-to-date: /home/nagisa/fishbot_ws/install/nav_2d_msgs/lib/libnav_2d_msgs__rosidl_generator_py.so
[0.824s] -- Up-to-date: /home/nagisa/fishbot_ws/install/nav_2d_msgs/share/nav_2d_msgs/msg/Path2D.idl
[0.824s] -- Up-to-date: /home/nagisa/fishbot_ws/install/nav_2d_msgs/share/nav_2d_msgs/msg/Pose2D32.idl
[0.824s] -- Up-to-date: /home/nagisa/fishbot_ws/install/nav_2d_msgs/share/nav_2d_msgs/msg/Pose2DStamped.idl
[0.826s] -- Up-to-date: /home/nagisa/fishbot_ws/install/nav_2d_msgs/share/nav_2d_msgs/msg/Twist2D.idl
[0.826s] -- Up-to-date: /home/nagisa/fishbot_ws/install/nav_2d_msgs/share/nav_2d_msgs/msg/Twist2D32.idl
[0.826s] -- Up-to-date: /home/nagisa/fishbot_ws/install/nav_2d_msgs/share/nav_2d_msgs/msg/Twist2DStamped.idl
[0.827s] -- Up-to-date: /home/nagisa/fishbot_ws/install/nav_2d_msgs/share/nav_2d_msgs/msg/Path2D.msg
[0.827s] -- Up-to-date: /home/nagisa/fishbot_ws/install/nav_2d_msgs/share/nav_2d_msgs/msg/Pose2D32.msg
[0.827s] -- Up-to-date: /home/nagisa/fishbot_ws/install/nav_2d_msgs/share/nav_2d_msgs/msg/Pose2DStamped.msg
[0.827s] -- Up-to-date: /home/nagisa/fishbot_ws/install/nav_2d_msgs/share/nav_2d_msgs/msg/Twist2D.msg
[0.827s] -- Up-to-date: /home/nagisa/fishbot_ws/install/nav_2d_msgs/share/nav_2d_msgs/msg/Twist2D32.msg
[0.828s] -- Up-to-date: /home/nagisa/fishbot_ws/install/nav_2d_msgs/share/nav_2d_msgs/msg/Twist2DStamped.msg
[0.828s] -- Up-to-date: /home/nagisa/fishbot_ws/install/nav_2d_msgs/share/ament_index/resource_index/package_run_dependencies/nav_2d_msgs
[0.828s] -- Up-to-date: /home/nagisa/fishbot_ws/install/nav_2d_msgs/share/ament_index/resource_index/parent_prefix_path/nav_2d_msgs
[0.828s] -- Up-to-date: /home/nagisa/fishbot_ws/install/nav_2d_msgs/share/nav_2d_msgs/environment/ament_prefix_path.sh
[0.828s] -- Up-to-date: /home/nagisa/fishbot_ws/install/nav_2d_msgs/share/nav_2d_msgs/environment/ament_prefix_path.dsv
[0.828s] -- Up-to-date: /home/nagisa/fishbot_ws/install/nav_2d_msgs/share/nav_2d_msgs/environment/path.sh
[0.828s] -- Up-to-date: /home/nagisa/fishbot_ws/install/nav_2d_msgs/share/nav_2d_msgs/environment/path.dsv
[0.828s] -- Up-to-date: /home/nagisa/fishbot_ws/install/nav_2d_msgs/share/nav_2d_msgs/local_setup.bash
[0.828s] -- Up-to-date: /home/nagisa/fishbot_ws/install/nav_2d_msgs/share/nav_2d_msgs/local_setup.sh
[0.829s] -- Up-to-date: /home/nagisa/fishbot_ws/install/nav_2d_msgs/share/nav_2d_msgs/local_setup.zsh
[0.829s] -- Up-to-date: /home/nagisa/fishbot_ws/install/nav_2d_msgs/share/nav_2d_msgs/local_setup.dsv
[0.829s] -- Installing: /home/nagisa/fishbot_ws/install/nav_2d_msgs/share/nav_2d_msgs/package.dsv
[0.829s] -- Up-to-date: /home/nagisa/fishbot_ws/install/nav_2d_msgs/share/ament_index/resource_index/packages/nav_2d_msgs
[0.829s] -- Up-to-date: /home/nagisa/fishbot_ws/install/nav_2d_msgs/share/nav_2d_msgs/cmake/export_nav_2d_msgs__rosidl_generator_cExport.cmake
[0.829s] -- Up-to-date: /home/nagisa/fishbot_ws/install/nav_2d_msgs/share/nav_2d_msgs/cmake/export_nav_2d_msgs__rosidl_generator_cExport-noconfig.cmake
[0.830s] -- Up-to-date: /home/nagisa/fishbot_ws/install/nav_2d_msgs/share/nav_2d_msgs/cmake/export_nav_2d_msgs__rosidl_typesupport_fastrtps_cExport.cmake
[0.830s] -- Up-to-date: /home/nagisa/fishbot_ws/install/nav_2d_msgs/share/nav_2d_msgs/cmake/export_nav_2d_msgs__rosidl_typesupport_fastrtps_cExport-noconfig.cmake
[0.830s] -- Up-to-date: /home/nagisa/fishbot_ws/install/nav_2d_msgs/share/nav_2d_msgs/cmake/export_nav_2d_msgs__rosidl_generator_cppExport.cmake
[0.831s] -- Up-to-date: /home/nagisa/fishbot_ws/install/nav_2d_msgs/share/nav_2d_msgs/cmake/export_nav_2d_msgs__rosidl_typesupport_fastrtps_cppExport.cmake
[0.831s] -- Up-to-date: /home/nagisa/fishbot_ws/install/nav_2d_msgs/share/nav_2d_msgs/cmake/export_nav_2d_msgs__rosidl_typesupport_fastrtps_cppExport-noconfig.cmake
[0.832s] -- Up-to-date: /home/nagisa/fishbot_ws/install/nav_2d_msgs/share/nav_2d_msgs/cmake/nav_2d_msgs__rosidl_typesupport_introspection_cExport.cmake
[0.832s] -- Up-to-date: /home/nagisa/fishbot_ws/install/nav_2d_msgs/share/nav_2d_msgs/cmake/nav_2d_msgs__rosidl_typesupport_introspection_cExport-noconfig.cmake
[0.833s] -- Up-to-date: /home/nagisa/fishbot_ws/install/nav_2d_msgs/share/nav_2d_msgs/cmake/nav_2d_msgs__rosidl_typesupport_cExport.cmake
[0.833s] -- Up-to-date: /home/nagisa/fishbot_ws/install/nav_2d_msgs/share/nav_2d_msgs/cmake/nav_2d_msgs__rosidl_typesupport_cExport-noconfig.cmake
[0.834s] -- Up-to-date: /home/nagisa/fishbot_ws/install/nav_2d_msgs/share/nav_2d_msgs/cmake/nav_2d_msgs__rosidl_typesupport_introspection_cppExport.cmake
[0.834s] -- Up-to-date: /home/nagisa/fishbot_ws/install/nav_2d_msgs/share/nav_2d_msgs/cmake/nav_2d_msgs__rosidl_typesupport_introspection_cppExport-noconfig.cmake
[0.834s] -- Up-to-date: /home/nagisa/fishbot_ws/install/nav_2d_msgs/share/nav_2d_msgs/cmake/nav_2d_msgs__rosidl_typesupport_cppExport.cmake
[0.835s] -- Up-to-date: /home/nagisa/fishbot_ws/install/nav_2d_msgs/share/nav_2d_msgs/cmake/nav_2d_msgs__rosidl_typesupport_cppExport-noconfig.cmake
[0.835s] -- Up-to-date: /home/nagisa/fishbot_ws/install/nav_2d_msgs/share/nav_2d_msgs/cmake/export_nav_2d_msgs__rosidl_generator_pyExport.cmake
[0.835s] -- Up-to-date: /home/nagisa/fishbot_ws/install/nav_2d_msgs/share/nav_2d_msgs/cmake/export_nav_2d_msgs__rosidl_generator_pyExport-noconfig.cmake
[0.835s] -- Up-to-date: /home/nagisa/fishbot_ws/install/nav_2d_msgs/share/nav_2d_msgs/cmake/rosidl_cmake-extras.cmake
[0.836s] -- Up-to-date: /home/nagisa/fishbot_ws/install/nav_2d_msgs/share/nav_2d_msgs/cmake/ament_cmake_export_dependencies-extras.cmake
[0.836s] -- Up-to-date: /home/nagisa/fishbot_ws/install/nav_2d_msgs/share/nav_2d_msgs/cmake/ament_cmake_export_include_directories-extras.cmake
[0.836s] -- Up-to-date: /home/nagisa/fishbot_ws/install/nav_2d_msgs/share/nav_2d_msgs/cmake/ament_cmake_export_libraries-extras.cmake
[0.836s] -- Up-to-date: /home/nagisa/fishbot_ws/install/nav_2d_msgs/share/nav_2d_msgs/cmake/ament_cmake_export_targets-extras.cmake
[0.836s] -- Up-to-date: /home/nagisa/fishbot_ws/install/nav_2d_msgs/share/nav_2d_msgs/cmake/rosidl_cmake_export_typesupport_targets-extras.cmake
[0.836s] -- Up-to-date: /home/nagisa/fishbot_ws/install/nav_2d_msgs/share/nav_2d_msgs/cmake/rosidl_cmake_export_typesupport_libraries-extras.cmake
[0.837s] -- Up-to-date: /home/nagisa/fishbot_ws/install/nav_2d_msgs/share/nav_2d_msgs/cmake/nav_2d_msgsConfig.cmake
[0.837s] -- Up-to-date: /home/nagisa/fishbot_ws/install/nav_2d_msgs/share/nav_2d_msgs/cmake/nav_2d_msgsConfig-version.cmake
[0.837s] -- Up-to-date: /home/nagisa/fishbot_ws/install/nav_2d_msgs/share/nav_2d_msgs/package.xml
[0.839s] Invoked command in '/home/nagisa/fishbot_ws/build/nav_2d_msgs' returned '0': CMAKE_PREFIX_PATH=/opt/ros/humble /usr/bin/cmake --install /home/nagisa/fishbot_ws/build/nav_2d_msgs
