[0.018s] Invoking command in '/home/nagisa/fishbot_ws/build/nav_2d_msgs': CMAKE_PREFIX_PATH=/opt/ros/humble /usr/bin/cmake /home/nagisa/fishbot_ws/src/navigation2/nav2_dwb_controller/nav_2d_msgs -DCMAKE_INSTALL_PREFIX=/home/nagisa/fishbot_ws/install/nav_2d_msgs
[0.205s] -- The C compiler identification is GNU 11.4.0
[0.351s] -- The CXX compiler identification is GNU 11.4.0
[0.369s] -- Detecting C compiler ABI info
[0.458s] -- Detecting C compiler ABI info - done
[0.464s] -- Check for working C compiler: /usr/bin/cc - skipped
[0.465s] -- Detecting C compile features
[0.466s] -- Detecting C compile features - done
[0.471s] -- Detecting CXX compiler ABI info
[0.567s] -- Detecting CXX compiler ABI info - done
[0.573s] -- Check for working CXX compiler: /usr/bin/c++ - skipped
[0.573s] -- Detecting CXX compile features
[0.574s] -- Detecting CXX compile features - done
[0.577s] -- Found geometry_msgs: 4.2.4 (/opt/ros/humble/share/geometry_msgs/cmake)
[0.721s] -- Found Python3: /usr/bin/python3 (found version "3.10.12") found components: Interpreter 
[0.905s] -- Found rosidl_generator_c: 3.1.5 (/opt/ros/humble/share/rosidl_generator_c/cmake)
[0.915s] -- Found rosidl_adapter: 3.1.5 (/opt/ros/humble/share/rosidl_adapter/cmake)
[0.932s] -- Found rosidl_generator_cpp: 3.1.5 (/opt/ros/humble/share/rosidl_generator_cpp/cmake)
[0.958s] -- Using all available rosidl_typesupport_c: rosidl_typesupport_fastrtps_c;rosidl_typesupport_introspection_c
[0.987s] -- Using all available rosidl_typesupport_cpp: rosidl_typesupport_fastrtps_cpp;rosidl_typesupport_introspection_cpp
[1.054s] -- Found rosidl_default_generators: 1.2.0 (/opt/ros/humble/share/rosidl_default_generators/cmake)
[1.354s] -- Found ament_cmake_ros: 0.10.0 (/opt/ros/humble/share/ament_cmake_ros/cmake)
[1.758s] -- Using all available rosidl_typesupport_c: rosidl_typesupport_fastrtps_c;rosidl_typesupport_introspection_c
[1.912s] -- Using all available rosidl_typesupport_cpp: rosidl_typesupport_fastrtps_cpp;rosidl_typesupport_introspection_cpp
[1.935s] -- Found PythonInterp: /usr/bin/python3 (found suitable version "3.10.12", minimum required is "3.6") 
[1.938s] -- Found python_cmake_module: 0.10.0 (/opt/ros/humble/share/python_cmake_module/cmake)
[1.967s] -- Found PythonLibs: /usr/lib/x86_64-linux-gnu/libpython3.10.so (found suitable version "3.10.12", minimum required is "3.5") 
[1.967s] -- Using PYTHON_EXECUTABLE: /usr/bin/python3
[1.967s] -- Using PYTHON_INCLUDE_DIRS: /usr/include/python3.10
[1.967s] -- Using PYTHON_LIBRARIES: /usr/lib/x86_64-linux-gnu/libpython3.10.so
[1.988s] -- Found PythonExtra: .so  
[2.055s] -- Configuring done
[2.095s] -- Generating done
[2.098s] -- Build files have been written to: /home/nagisa/fishbot_ws/build/nav_2d_msgs
[2.105s] Invoked command in '/home/nagisa/fishbot_ws/build/nav_2d_msgs' returned '0': CMAKE_PREFIX_PATH=/opt/ros/humble /usr/bin/cmake /home/nagisa/fishbot_ws/src/navigation2/nav2_dwb_controller/nav_2d_msgs -DCMAKE_INSTALL_PREFIX=/home/nagisa/fishbot_ws/install/nav_2d_msgs
[2.108s] Invoking command in '/home/nagisa/fishbot_ws/build/nav_2d_msgs': CMAKE_PREFIX_PATH=/opt/ros/humble /usr/bin/cmake --build /home/nagisa/fishbot_ws/build/nav_2d_msgs -- -j12 -l12
[2.153s] [  1%] [34m[1mGenerating C code for ROS interfaces[0m
[2.164s] [  2%] [34m[1mGenerating C++ code for ROS interfaces[0m
[2.173s] [  2%] Built target ament_cmake_python_copy_nav_2d_msgs
[2.382s] running egg_info
[2.382s] creating nav_2d_msgs.egg-info
[2.383s] writing nav_2d_msgs.egg-info/PKG-INFO
[2.383s] writing dependency_links to nav_2d_msgs.egg-info/dependency_links.txt
[2.383s] writing top-level names to nav_2d_msgs.egg-info/top_level.txt
[2.383s] writing manifest file 'nav_2d_msgs.egg-info/SOURCES.txt'
[2.384s] reading manifest file 'nav_2d_msgs.egg-info/SOURCES.txt'
[2.385s] writing manifest file 'nav_2d_msgs.egg-info/SOURCES.txt'
[2.410s] [  2%] Built target ament_cmake_python_build_nav_2d_msgs_egg
[2.550s] [  2%] Built target nav_2d_msgs__cpp
[2.566s] [  4%] [34m[1mGenerating C++ type support for eProsima Fast-RTPS[0m
[2.566s] [  5%] [34m[1mGenerating C++ type support dispatch for ROS interfaces[0m
[2.577s] [  7%] [34m[1mGenerating C++ introspection for ROS interfaces[0m
[2.607s] [  8%] [32mBuilding C object CMakeFiles/nav_2d_msgs__rosidl_generator_c.dir/rosidl_generator_c/nav_2d_msgs/msg/detail/pose2_d_stamped__functions.c.o[0m
[2.609s] [  9%] [32mBuilding C object CMakeFiles/nav_2d_msgs__rosidl_generator_c.dir/rosidl_generator_c/nav_2d_msgs/msg/detail/twist2_d32__functions.c.o[0m
[2.611s] [ 11%] [32mBuilding C object CMakeFiles/nav_2d_msgs__rosidl_generator_c.dir/rosidl_generator_c/nav_2d_msgs/msg/detail/pose2_d32__functions.c.o[0m
[2.613s] [ 12%] [32mBuilding C object CMakeFiles/nav_2d_msgs__rosidl_generator_c.dir/rosidl_generator_c/nav_2d_msgs/msg/detail/path2_d__functions.c.o[0m
[2.617s] [ 14%] [32mBuilding C object CMakeFiles/nav_2d_msgs__rosidl_generator_c.dir/rosidl_generator_c/nav_2d_msgs/msg/detail/twist2_d__functions.c.o[0m
[2.620s] [ 15%] [32mBuilding C object CMakeFiles/nav_2d_msgs__rosidl_generator_c.dir/rosidl_generator_c/nav_2d_msgs/msg/detail/twist2_d_stamped__functions.c.o[0m
[2.700s] [ 16%] [32m[1mLinking C shared library libnav_2d_msgs__rosidl_generator_c.so[0m
[2.774s] [ 16%] Built target nav_2d_msgs__rosidl_generator_c
[2.789s] [ 18%] [34m[1mGenerating C type support dispatch for ROS interfaces[0m
[2.795s] [ 19%] [34m[1mGenerating C type support for eProsima Fast-RTPS[0m
[2.808s] [ 21%] [34m[1mGenerating C introspection for ROS interfaces[0m
[2.872s] [ 22%] [32mBuilding CXX object CMakeFiles/nav_2d_msgs__rosidl_typesupport_cpp.dir/rosidl_typesupport_cpp/nav_2d_msgs/msg/pose2_d32__type_support.cpp.o[0m
[2.876s] [ 23%] [32mBuilding CXX object CMakeFiles/nav_2d_msgs__rosidl_typesupport_cpp.dir/rosidl_typesupport_cpp/nav_2d_msgs/msg/path2_d__type_support.cpp.o[0m
[2.887s] [ 25%] [32mBuilding CXX object CMakeFiles/nav_2d_msgs__rosidl_typesupport_cpp.dir/rosidl_typesupport_cpp/nav_2d_msgs/msg/twist2_d__type_support.cpp.o[0m
[2.888s] [ 26%] [32mBuilding CXX object CMakeFiles/nav_2d_msgs__rosidl_typesupport_cpp.dir/rosidl_typesupport_cpp/nav_2d_msgs/msg/twist2_d32__type_support.cpp.o[0m
[2.888s] [ 28%] [32mBuilding CXX object CMakeFiles/nav_2d_msgs__rosidl_typesupport_cpp.dir/rosidl_typesupport_cpp/nav_2d_msgs/msg/pose2_d_stamped__type_support.cpp.o[0m
[2.896s] [ 29%] [32mBuilding CXX object CMakeFiles/nav_2d_msgs__rosidl_typesupport_cpp.dir/rosidl_typesupport_cpp/nav_2d_msgs/msg/twist2_d_stamped__type_support.cpp.o[0m
[3.251s] [ 30%] [32mBuilding CXX object CMakeFiles/nav_2d_msgs__rosidl_typesupport_fastrtps_cpp.dir/rosidl_typesupport_fastrtps_cpp/nav_2d_msgs/msg/detail/dds_fastrtps/path2_d__type_support.cpp.o[0m
[3.273s] [ 32%] [32mBuilding CXX object CMakeFiles/nav_2d_msgs__rosidl_typesupport_fastrtps_cpp.dir/rosidl_typesupport_fastrtps_cpp/nav_2d_msgs/msg/detail/dds_fastrtps/pose2_d32__type_support.cpp.o[0m
[3.372s] [ 33%] [32mBuilding CXX object CMakeFiles/nav_2d_msgs__rosidl_typesupport_introspection_cpp.dir/rosidl_typesupport_introspection_cpp/nav_2d_msgs/msg/detail/path2_d__type_support.cpp.o[0m
[3.941s] [ 35%] [32mBuilding CXX object CMakeFiles/nav_2d_msgs__rosidl_typesupport_c.dir/rosidl_typesupport_c/nav_2d_msgs/msg/path2_d__type_support.cpp.o[0m
[4.285s] [ 36%] [32mBuilding CXX object CMakeFiles/nav_2d_msgs__rosidl_typesupport_c.dir/rosidl_typesupport_c/nav_2d_msgs/msg/pose2_d32__type_support.cpp.o[0m
[4.298s] [ 38%] [32mBuilding C object CMakeFiles/nav_2d_msgs__rosidl_typesupport_introspection_c.dir/rosidl_typesupport_introspection_c/nav_2d_msgs/msg/detail/path2_d__type_support.c.o[0m
[4.360s] [ 39%] [32mBuilding C object CMakeFiles/nav_2d_msgs__rosidl_typesupport_introspection_c.dir/rosidl_typesupport_introspection_c/nav_2d_msgs/msg/detail/pose2_d32__type_support.c.o[0m
[4.416s] [ 40%] [32mBuilding CXX object CMakeFiles/nav_2d_msgs__rosidl_typesupport_introspection_cpp.dir/rosidl_typesupport_introspection_cpp/nav_2d_msgs/msg/detail/pose2_d32__type_support.cpp.o[0m
[4.728s] [ 42%] [32mBuilding CXX object CMakeFiles/nav_2d_msgs__rosidl_typesupport_fastrtps_c.dir/rosidl_typesupport_fastrtps_c/nav_2d_msgs/msg/detail/path2_d__type_support_c.cpp.o[0m
[4.729s] [ 43%] [32mBuilding CXX object CMakeFiles/nav_2d_msgs__rosidl_typesupport_c.dir/rosidl_typesupport_c/nav_2d_msgs/msg/pose2_d_stamped__type_support.cpp.o[0m
[4.762s] [ 45%] [32mBuilding CXX object CMakeFiles/nav_2d_msgs__rosidl_typesupport_fastrtps_c.dir/rosidl_typesupport_fastrtps_c/nav_2d_msgs/msg/detail/pose2_d32__type_support_c.cpp.o[0m
[4.829s] [ 46%] [32mBuilding CXX object CMakeFiles/nav_2d_msgs__rosidl_typesupport_fastrtps_cpp.dir/rosidl_typesupport_fastrtps_cpp/nav_2d_msgs/msg/detail/dds_fastrtps/pose2_d_stamped__type_support.cpp.o[0m
[4.882s] [ 47%] [32mBuilding CXX object CMakeFiles/nav_2d_msgs__rosidl_typesupport_introspection_cpp.dir/rosidl_typesupport_introspection_cpp/nav_2d_msgs/msg/detail/pose2_d_stamped__type_support.cpp.o[0m
[5.101s] [ 49%] [32m[1mLinking CXX shared library libnav_2d_msgs__rosidl_typesupport_cpp.so[0m
[5.141s] [ 50%] [32mBuilding CXX object CMakeFiles/nav_2d_msgs__rosidl_typesupport_c.dir/rosidl_typesupport_c/nav_2d_msgs/msg/twist2_d__type_support.cpp.o[0m
[5.359s] [ 52%] [32mBuilding CXX object CMakeFiles/nav_2d_msgs__rosidl_typesupport_c.dir/rosidl_typesupport_c/nav_2d_msgs/msg/twist2_d32__type_support.cpp.o[0m
[5.452s] [ 53%] [32mBuilding CXX object CMakeFiles/nav_2d_msgs__rosidl_typesupport_fastrtps_cpp.dir/rosidl_typesupport_fastrtps_cpp/nav_2d_msgs/msg/detail/dds_fastrtps/twist2_d__type_support.cpp.o[0m
[5.811s] [ 54%] [32mBuilding CXX object CMakeFiles/nav_2d_msgs__rosidl_typesupport_c.dir/rosidl_typesupport_c/nav_2d_msgs/msg/twist2_d_stamped__type_support.cpp.o[0m
[5.814s] [ 56%] [32mBuilding C object CMakeFiles/nav_2d_msgs__rosidl_typesupport_introspection_c.dir/rosidl_typesupport_introspection_c/nav_2d_msgs/msg/detail/pose2_d_stamped__type_support.c.o[0m
[5.863s] [ 56%] Built target nav_2d_msgs__rosidl_typesupport_cpp
[6.107s] [ 57%] [32mBuilding CXX object CMakeFiles/nav_2d_msgs__rosidl_typesupport_introspection_cpp.dir/rosidl_typesupport_introspection_cpp/nav_2d_msgs/msg/detail/twist2_d__type_support.cpp.o[0m
[6.272s] [ 59%] [32mBuilding C object CMakeFiles/nav_2d_msgs__rosidl_typesupport_introspection_c.dir/rosidl_typesupport_introspection_c/nav_2d_msgs/msg/detail/twist2_d__type_support.c.o[0m
[6.287s] [ 60%] [32mBuilding CXX object CMakeFiles/nav_2d_msgs__rosidl_typesupport_fastrtps_c.dir/rosidl_typesupport_fastrtps_c/nav_2d_msgs/msg/detail/pose2_d_stamped__type_support_c.cpp.o[0m
[6.448s] [ 61%] [32m[1mLinking CXX shared library libnav_2d_msgs__rosidl_typesupport_c.so[0m
[6.647s] [ 63%] [32mBuilding C object CMakeFiles/nav_2d_msgs__rosidl_typesupport_introspection_c.dir/rosidl_typesupport_introspection_c/nav_2d_msgs/msg/detail/twist2_d32__type_support.c.o[0m
[7.054s] [ 64%] [32mBuilding CXX object CMakeFiles/nav_2d_msgs__rosidl_typesupport_introspection_cpp.dir/rosidl_typesupport_introspection_cpp/nav_2d_msgs/msg/detail/twist2_d32__type_support.cpp.o[0m
[7.141s] [ 66%] [32mBuilding C object CMakeFiles/nav_2d_msgs__rosidl_typesupport_introspection_c.dir/rosidl_typesupport_introspection_c/nav_2d_msgs/msg/detail/twist2_d_stamped__type_support.c.o[0m
[7.454s] [ 67%] [32mBuilding CXX object CMakeFiles/nav_2d_msgs__rosidl_typesupport_fastrtps_c.dir/rosidl_typesupport_fastrtps_c/nav_2d_msgs/msg/detail/twist2_d__type_support_c.cpp.o[0m
[7.492s] [ 69%] [32m[1mLinking C shared library libnav_2d_msgs__rosidl_typesupport_introspection_c.so[0m
[7.594s] [ 69%] Built target nav_2d_msgs__rosidl_typesupport_c
[7.817s] [ 70%] [32mBuilding CXX object CMakeFiles/nav_2d_msgs__rosidl_typesupport_introspection_cpp.dir/rosidl_typesupport_introspection_cpp/nav_2d_msgs/msg/detail/twist2_d_stamped__type_support.cpp.o[0m
[7.973s] [ 70%] Built target nav_2d_msgs__rosidl_typesupport_introspection_c
[8.043s] [ 71%] [32mBuilding CXX object CMakeFiles/nav_2d_msgs__rosidl_typesupport_fastrtps_c.dir/rosidl_typesupport_fastrtps_c/nav_2d_msgs/msg/detail/twist2_d32__type_support_c.cpp.o[0m
[8.239s] [ 73%] [32mBuilding CXX object CMakeFiles/nav_2d_msgs__rosidl_typesupport_fastrtps_c.dir/rosidl_typesupport_fastrtps_c/nav_2d_msgs/msg/detail/twist2_d_stamped__type_support_c.cpp.o[0m
[8.278s] [ 74%] [32mBuilding CXX object CMakeFiles/nav_2d_msgs__rosidl_typesupport_fastrtps_cpp.dir/rosidl_typesupport_fastrtps_cpp/nav_2d_msgs/msg/detail/dds_fastrtps/twist2_d32__type_support.cpp.o[0m
[8.864s] [ 76%] [32mBuilding CXX object CMakeFiles/nav_2d_msgs__rosidl_typesupport_fastrtps_cpp.dir/rosidl_typesupport_fastrtps_cpp/nav_2d_msgs/msg/detail/dds_fastrtps/twist2_d_stamped__type_support.cpp.o[0m
[10.836s] [ 77%] [32m[1mLinking CXX shared library libnav_2d_msgs__rosidl_typesupport_fastrtps_c.so[0m
[11.071s] [ 78%] [32m[1mLinking CXX shared library libnav_2d_msgs__rosidl_typesupport_introspection_cpp.so[0m
[11.174s] [ 80%] [32m[1mLinking CXX shared library libnav_2d_msgs__rosidl_typesupport_fastrtps_cpp.so[0m
[11.197s] [ 80%] Built target nav_2d_msgs__rosidl_typesupport_fastrtps_c
[11.394s] [ 80%] Built target nav_2d_msgs__rosidl_typesupport_introspection_cpp
[11.497s] [ 80%] Built target nav_2d_msgs__rosidl_typesupport_fastrtps_cpp
[11.590s] [ 80%] Built target nav_2d_msgs
[11.684s] [ 81%] [34m[1mGenerating Python code for ROS interfaces[0m
[13.549s] [ 81%] Built target nav_2d_msgs__py
[13.613s] [ 83%] [32mBuilding C object CMakeFiles/nav_2d_msgs__rosidl_generator_py.dir/rosidl_generator_py/nav_2d_msgs/msg/_pose2_d_stamped_s.c.o[0m
[13.613s] [ 84%] [32mBuilding C object CMakeFiles/nav_2d_msgs__rosidl_generator_py.dir/rosidl_generator_py/nav_2d_msgs/msg/_pose2_d32_s.c.o[0m
[13.627s] [ 85%] [32mBuilding C object CMakeFiles/nav_2d_msgs__rosidl_generator_py.dir/rosidl_generator_py/nav_2d_msgs/msg/_path2_d_s.c.o[0m
[13.627s] [ 87%] [32mBuilding C object CMakeFiles/nav_2d_msgs__rosidl_generator_py.dir/rosidl_generator_py/nav_2d_msgs/msg/_twist2_d_s.c.o[0m
[13.636s] [ 88%] [32mBuilding C object CMakeFiles/nav_2d_msgs__rosidl_generator_py.dir/rosidl_generator_py/nav_2d_msgs/msg/_twist2_d32_s.c.o[0m
[13.715s] [ 90%] [32mBuilding C object CMakeFiles/nav_2d_msgs__rosidl_generator_py.dir/rosidl_generator_py/nav_2d_msgs/msg/_twist2_d_stamped_s.c.o[0m
[14.192s] [ 91%] [32m[1mLinking C shared library rosidl_generator_py/nav_2d_msgs/libnav_2d_msgs__rosidl_generator_py.so[0m
[14.340s] [ 91%] Built target nav_2d_msgs__rosidl_generator_py
[14.404s] [ 92%] [32mBuilding C object CMakeFiles/nav_2d_msgs__rosidl_typesupport_introspection_c__pyext.dir/rosidl_generator_py/nav_2d_msgs/_nav_2d_msgs_s.ep.rosidl_typesupport_introspection_c.c.o[0m
[14.405s] [ 94%] [32mBuilding C object CMakeFiles/nav_2d_msgs__rosidl_typesupport_fastrtps_c__pyext.dir/rosidl_generator_py/nav_2d_msgs/_nav_2d_msgs_s.ep.rosidl_typesupport_fastrtps_c.c.o[0m
[14.417s] [ 95%] [32mBuilding C object CMakeFiles/nav_2d_msgs__rosidl_typesupport_c__pyext.dir/rosidl_generator_py/nav_2d_msgs/_nav_2d_msgs_s.ep.rosidl_typesupport_c.c.o[0m
[14.733s] [ 97%] [32m[1mLinking C shared library rosidl_generator_py/nav_2d_msgs/nav_2d_msgs_s__rosidl_typesupport_fastrtps_c.cpython-310-x86_64-linux-gnu.so[0m
[14.783s] [ 98%] [32m[1mLinking C shared library rosidl_generator_py/nav_2d_msgs/nav_2d_msgs_s__rosidl_typesupport_introspection_c.cpython-310-x86_64-linux-gnu.so[0m
[14.850s] [100%] [32m[1mLinking C shared library rosidl_generator_py/nav_2d_msgs/nav_2d_msgs_s__rosidl_typesupport_c.cpython-310-x86_64-linux-gnu.so[0m
[14.885s] [100%] Built target nav_2d_msgs__rosidl_typesupport_fastrtps_c__pyext
[14.919s] [100%] Built target nav_2d_msgs__rosidl_typesupport_introspection_c__pyext
[15.012s] [100%] Built target nav_2d_msgs__rosidl_typesupport_c__pyext
[15.083s] Invoked command in '/home/nagisa/fishbot_ws/build/nav_2d_msgs' returned '0': CMAKE_PREFIX_PATH=/opt/ros/humble /usr/bin/cmake --build /home/nagisa/fishbot_ws/build/nav_2d_msgs -- -j12 -l12
[15.809s] Invoking command in '/home/nagisa/fishbot_ws/build/nav_2d_msgs': CMAKE_PREFIX_PATH=/opt/ros/humble /usr/bin/cmake --install /home/nagisa/fishbot_ws/build/nav_2d_msgs
[15.818s] -- Install configuration: ""
[15.819s] -- Installing: /home/nagisa/fishbot_ws/install/nav_2d_msgs/share/ament_index/resource_index/rosidl_interfaces/nav_2d_msgs
[15.819s] -- Installing: /home/nagisa/fishbot_ws/install/nav_2d_msgs/include/nav_2d_msgs/nav_2d_msgs
[15.819s] -- Installing: /home/nagisa/fishbot_ws/install/nav_2d_msgs/include/nav_2d_msgs/nav_2d_msgs/msg
[15.819s] -- Installing: /home/nagisa/fishbot_ws/install/nav_2d_msgs/include/nav_2d_msgs/nav_2d_msgs/msg/path2_d.h
[15.819s] -- Installing: /home/nagisa/fishbot_ws/install/nav_2d_msgs/include/nav_2d_msgs/nav_2d_msgs/msg/twist2_d.h
[15.819s] -- Installing: /home/nagisa/fishbot_ws/install/nav_2d_msgs/include/nav_2d_msgs/nav_2d_msgs/msg/pose2_d_stamped.h
[15.819s] -- Installing: /home/nagisa/fishbot_ws/install/nav_2d_msgs/include/nav_2d_msgs/nav_2d_msgs/msg/twist2_d_stamped.h
[15.820s] -- Installing: /home/nagisa/fishbot_ws/install/nav_2d_msgs/include/nav_2d_msgs/nav_2d_msgs/msg/rosidl_generator_c__visibility_control.h
[15.820s] -- Installing: /home/nagisa/fishbot_ws/install/nav_2d_msgs/include/nav_2d_msgs/nav_2d_msgs/msg/twist2_d32.h
[15.820s] -- Installing: /home/nagisa/fishbot_ws/install/nav_2d_msgs/include/nav_2d_msgs/nav_2d_msgs/msg/pose2_d32.h
[15.821s] -- Installing: /home/nagisa/fishbot_ws/install/nav_2d_msgs/include/nav_2d_msgs/nav_2d_msgs/msg/detail
[15.821s] -- Installing: /home/nagisa/fishbot_ws/install/nav_2d_msgs/include/nav_2d_msgs/nav_2d_msgs/msg/detail/pose2_d32__struct.h
[15.821s] -- Installing: /home/nagisa/fishbot_ws/install/nav_2d_msgs/include/nav_2d_msgs/nav_2d_msgs/msg/detail/pose2_d32__functions.c
[15.822s] -- Installing: /home/nagisa/fishbot_ws/install/nav_2d_msgs/include/nav_2d_msgs/nav_2d_msgs/msg/detail/twist2_d32__type_support.h
[15.822s] -- Installing: /home/nagisa/fishbot_ws/install/nav_2d_msgs/include/nav_2d_msgs/nav_2d_msgs/msg/detail/twist2_d__functions.c
[15.822s] -- Installing: /home/nagisa/fishbot_ws/install/nav_2d_msgs/include/nav_2d_msgs/nav_2d_msgs/msg/detail/pose2_d_stamped__functions.h
[15.822s] -- Installing: /home/nagisa/fishbot_ws/install/nav_2d_msgs/include/nav_2d_msgs/nav_2d_msgs/msg/detail/twist2_d32__functions.h
[15.822s] -- Installing: /home/nagisa/fishbot_ws/install/nav_2d_msgs/include/nav_2d_msgs/nav_2d_msgs/msg/detail/pose2_d_stamped__type_support.h
[15.822s] -- Installing: /home/nagisa/fishbot_ws/install/nav_2d_msgs/include/nav_2d_msgs/nav_2d_msgs/msg/detail/twist2_d32__struct.h
[15.822s] -- Installing: /home/nagisa/fishbot_ws/install/nav_2d_msgs/include/nav_2d_msgs/nav_2d_msgs/msg/detail/twist2_d__functions.h
[15.823s] -- Installing: /home/nagisa/fishbot_ws/install/nav_2d_msgs/include/nav_2d_msgs/nav_2d_msgs/msg/detail/twist2_d32__functions.c
[15.823s] -- Installing: /home/nagisa/fishbot_ws/install/nav_2d_msgs/include/nav_2d_msgs/nav_2d_msgs/msg/detail/pose2_d_stamped__struct.h
[15.823s] -- Installing: /home/nagisa/fishbot_ws/install/nav_2d_msgs/include/nav_2d_msgs/nav_2d_msgs/msg/detail/twist2_d_stamped__struct.h
[15.824s] -- Installing: /home/nagisa/fishbot_ws/install/nav_2d_msgs/include/nav_2d_msgs/nav_2d_msgs/msg/detail/twist2_d_stamped__type_support.h
[15.824s] -- Installing: /home/nagisa/fishbot_ws/install/nav_2d_msgs/include/nav_2d_msgs/nav_2d_msgs/msg/detail/twist2_d__type_support.h
[15.825s] -- Installing: /home/nagisa/fishbot_ws/install/nav_2d_msgs/include/nav_2d_msgs/nav_2d_msgs/msg/detail/pose2_d_stamped__functions.c
[15.825s] -- Installing: /home/nagisa/fishbot_ws/install/nav_2d_msgs/include/nav_2d_msgs/nav_2d_msgs/msg/detail/twist2_d__struct.h
[15.826s] -- Installing: /home/nagisa/fishbot_ws/install/nav_2d_msgs/include/nav_2d_msgs/nav_2d_msgs/msg/detail/path2_d__functions.h
[15.826s] -- Installing: /home/nagisa/fishbot_ws/install/nav_2d_msgs/include/nav_2d_msgs/nav_2d_msgs/msg/detail/twist2_d_stamped__functions.h
[15.826s] -- Installing: /home/nagisa/fishbot_ws/install/nav_2d_msgs/include/nav_2d_msgs/nav_2d_msgs/msg/detail/twist2_d_stamped__functions.c
[15.826s] -- Installing: /home/nagisa/fishbot_ws/install/nav_2d_msgs/include/nav_2d_msgs/nav_2d_msgs/msg/detail/path2_d__struct.h
[15.826s] -- Installing: /home/nagisa/fishbot_ws/install/nav_2d_msgs/include/nav_2d_msgs/nav_2d_msgs/msg/detail/pose2_d32__type_support.h
[15.827s] -- Installing: /home/nagisa/fishbot_ws/install/nav_2d_msgs/include/nav_2d_msgs/nav_2d_msgs/msg/detail/pose2_d32__functions.h
[15.827s] -- Installing: /home/nagisa/fishbot_ws/install/nav_2d_msgs/include/nav_2d_msgs/nav_2d_msgs/msg/detail/path2_d__functions.c
[15.828s] -- Installing: /home/nagisa/fishbot_ws/install/nav_2d_msgs/include/nav_2d_msgs/nav_2d_msgs/msg/detail/path2_d__type_support.h
[15.828s] -- Installing: /home/nagisa/fishbot_ws/install/nav_2d_msgs/share/nav_2d_msgs/environment/library_path.sh
[15.828s] -- Installing: /home/nagisa/fishbot_ws/install/nav_2d_msgs/share/nav_2d_msgs/environment/library_path.dsv
[15.828s] -- Installing: /home/nagisa/fishbot_ws/install/nav_2d_msgs/lib/libnav_2d_msgs__rosidl_generator_c.so
[15.829s] -- Set runtime path of "/home/nagisa/fishbot_ws/install/nav_2d_msgs/lib/libnav_2d_msgs__rosidl_generator_c.so" to ""
[15.829s] -- Up-to-date: /home/nagisa/fishbot_ws/install/nav_2d_msgs/include/nav_2d_msgs/nav_2d_msgs
[15.829s] -- Up-to-date: /home/nagisa/fishbot_ws/install/nav_2d_msgs/include/nav_2d_msgs/nav_2d_msgs/msg
[15.829s] -- Installing: /home/nagisa/fishbot_ws/install/nav_2d_msgs/include/nav_2d_msgs/nav_2d_msgs/msg/rosidl_typesupport_fastrtps_c__visibility_control.h
[15.829s] -- Up-to-date: /home/nagisa/fishbot_ws/install/nav_2d_msgs/include/nav_2d_msgs/nav_2d_msgs/msg/detail
[15.829s] -- Installing: /home/nagisa/fishbot_ws/install/nav_2d_msgs/include/nav_2d_msgs/nav_2d_msgs/msg/detail/pose2_d_stamped__rosidl_typesupport_fastrtps_c.h
[15.830s] -- Installing: /home/nagisa/fishbot_ws/install/nav_2d_msgs/include/nav_2d_msgs/nav_2d_msgs/msg/detail/path2_d__rosidl_typesupport_fastrtps_c.h
[15.830s] -- Installing: /home/nagisa/fishbot_ws/install/nav_2d_msgs/include/nav_2d_msgs/nav_2d_msgs/msg/detail/pose2_d32__rosidl_typesupport_fastrtps_c.h
[15.830s] -- Installing: /home/nagisa/fishbot_ws/install/nav_2d_msgs/include/nav_2d_msgs/nav_2d_msgs/msg/detail/twist2_d32__rosidl_typesupport_fastrtps_c.h
[15.831s] -- Installing: /home/nagisa/fishbot_ws/install/nav_2d_msgs/include/nav_2d_msgs/nav_2d_msgs/msg/detail/twist2_d__rosidl_typesupport_fastrtps_c.h
[15.831s] -- Installing: /home/nagisa/fishbot_ws/install/nav_2d_msgs/include/nav_2d_msgs/nav_2d_msgs/msg/detail/twist2_d_stamped__rosidl_typesupport_fastrtps_c.h
[15.831s] -- Installing: /home/nagisa/fishbot_ws/install/nav_2d_msgs/lib/libnav_2d_msgs__rosidl_typesupport_fastrtps_c.so
[15.832s] -- Set runtime path of "/home/nagisa/fishbot_ws/install/nav_2d_msgs/lib/libnav_2d_msgs__rosidl_typesupport_fastrtps_c.so" to ""
[15.832s] -- Up-to-date: /home/nagisa/fishbot_ws/install/nav_2d_msgs/include/nav_2d_msgs/nav_2d_msgs
[15.832s] -- Up-to-date: /home/nagisa/fishbot_ws/install/nav_2d_msgs/include/nav_2d_msgs/nav_2d_msgs/msg
[15.833s] -- Installing: /home/nagisa/fishbot_ws/install/nav_2d_msgs/include/nav_2d_msgs/nav_2d_msgs/msg/path2_d.hpp
[15.833s] -- Installing: /home/nagisa/fishbot_ws/install/nav_2d_msgs/include/nav_2d_msgs/nav_2d_msgs/msg/pose2_d_stamped.hpp
[15.833s] -- Up-to-date: /home/nagisa/fishbot_ws/install/nav_2d_msgs/include/nav_2d_msgs/nav_2d_msgs/msg/detail
[15.833s] -- Installing: /home/nagisa/fishbot_ws/install/nav_2d_msgs/include/nav_2d_msgs/nav_2d_msgs/msg/detail/pose2_d32__builder.hpp
[15.834s] -- Installing: /home/nagisa/fishbot_ws/install/nav_2d_msgs/include/nav_2d_msgs/nav_2d_msgs/msg/detail/twist2_d_stamped__struct.hpp
[15.834s] -- Installing: /home/nagisa/fishbot_ws/install/nav_2d_msgs/include/nav_2d_msgs/nav_2d_msgs/msg/detail/twist2_d32__builder.hpp
[15.834s] -- Installing: /home/nagisa/fishbot_ws/install/nav_2d_msgs/include/nav_2d_msgs/nav_2d_msgs/msg/detail/pose2_d_stamped__struct.hpp
[15.834s] -- Installing: /home/nagisa/fishbot_ws/install/nav_2d_msgs/include/nav_2d_msgs/nav_2d_msgs/msg/detail/twist2_d__struct.hpp
[15.834s] -- Installing: /home/nagisa/fishbot_ws/install/nav_2d_msgs/include/nav_2d_msgs/nav_2d_msgs/msg/detail/twist2_d__builder.hpp
[15.834s] -- Installing: /home/nagisa/fishbot_ws/install/nav_2d_msgs/include/nav_2d_msgs/nav_2d_msgs/msg/detail/pose2_d_stamped__builder.hpp
[15.834s] -- Installing: /home/nagisa/fishbot_ws/install/nav_2d_msgs/include/nav_2d_msgs/nav_2d_msgs/msg/detail/path2_d__builder.hpp
[15.834s] -- Installing: /home/nagisa/fishbot_ws/install/nav_2d_msgs/include/nav_2d_msgs/nav_2d_msgs/msg/detail/pose2_d32__struct.hpp
[15.834s] -- Installing: /home/nagisa/fishbot_ws/install/nav_2d_msgs/include/nav_2d_msgs/nav_2d_msgs/msg/detail/pose2_d_stamped__traits.hpp
[15.834s] -- Installing: /home/nagisa/fishbot_ws/install/nav_2d_msgs/include/nav_2d_msgs/nav_2d_msgs/msg/detail/twist2_d32__traits.hpp
[15.835s] -- Installing: /home/nagisa/fishbot_ws/install/nav_2d_msgs/include/nav_2d_msgs/nav_2d_msgs/msg/detail/path2_d__struct.hpp
[15.835s] -- Installing: /home/nagisa/fishbot_ws/install/nav_2d_msgs/include/nav_2d_msgs/nav_2d_msgs/msg/detail/pose2_d32__traits.hpp
[15.835s] -- Installing: /home/nagisa/fishbot_ws/install/nav_2d_msgs/include/nav_2d_msgs/nav_2d_msgs/msg/detail/twist2_d_stamped__builder.hpp
[15.835s] -- Installing: /home/nagisa/fishbot_ws/install/nav_2d_msgs/include/nav_2d_msgs/nav_2d_msgs/msg/detail/path2_d__traits.hpp
[15.835s] -- Installing: /home/nagisa/fishbot_ws/install/nav_2d_msgs/include/nav_2d_msgs/nav_2d_msgs/msg/detail/twist2_d_stamped__traits.hpp
[15.835s] -- Installing: /home/nagisa/fishbot_ws/install/nav_2d_msgs/include/nav_2d_msgs/nav_2d_msgs/msg/detail/twist2_d__traits.hpp
[15.835s] -- Installing: /home/nagisa/fishbot_ws/install/nav_2d_msgs/include/nav_2d_msgs/nav_2d_msgs/msg/detail/twist2_d32__struct.hpp
[15.836s] -- Installing: /home/nagisa/fishbot_ws/install/nav_2d_msgs/include/nav_2d_msgs/nav_2d_msgs/msg/twist2_d.hpp
[15.836s] -- Installing: /home/nagisa/fishbot_ws/install/nav_2d_msgs/include/nav_2d_msgs/nav_2d_msgs/msg/twist2_d32.hpp
[15.836s] -- Installing: /home/nagisa/fishbot_ws/install/nav_2d_msgs/include/nav_2d_msgs/nav_2d_msgs/msg/pose2_d32.hpp
[15.836s] -- Installing: /home/nagisa/fishbot_ws/install/nav_2d_msgs/include/nav_2d_msgs/nav_2d_msgs/msg/twist2_d_stamped.hpp
[15.836s] -- Up-to-date: /home/nagisa/fishbot_ws/install/nav_2d_msgs/include/nav_2d_msgs/nav_2d_msgs
[15.836s] -- Up-to-date: /home/nagisa/fishbot_ws/install/nav_2d_msgs/include/nav_2d_msgs/nav_2d_msgs/msg
[15.837s] -- Installing: /home/nagisa/fishbot_ws/install/nav_2d_msgs/include/nav_2d_msgs/nav_2d_msgs/msg/rosidl_typesupport_fastrtps_cpp__visibility_control.h
[15.837s] -- Up-to-date: /home/nagisa/fishbot_ws/install/nav_2d_msgs/include/nav_2d_msgs/nav_2d_msgs/msg/detail
[15.837s] -- Installing: /home/nagisa/fishbot_ws/install/nav_2d_msgs/include/nav_2d_msgs/nav_2d_msgs/msg/detail/twist2_d_stamped__rosidl_typesupport_fastrtps_cpp.hpp
[15.837s] -- Installing: /home/nagisa/fishbot_ws/install/nav_2d_msgs/include/nav_2d_msgs/nav_2d_msgs/msg/detail/pose2_d32__rosidl_typesupport_fastrtps_cpp.hpp
[15.837s] -- Installing: /home/nagisa/fishbot_ws/install/nav_2d_msgs/include/nav_2d_msgs/nav_2d_msgs/msg/detail/path2_d__rosidl_typesupport_fastrtps_cpp.hpp
[15.837s] -- Installing: /home/nagisa/fishbot_ws/install/nav_2d_msgs/include/nav_2d_msgs/nav_2d_msgs/msg/detail/pose2_d_stamped__rosidl_typesupport_fastrtps_cpp.hpp
[15.837s] -- Installing: /home/nagisa/fishbot_ws/install/nav_2d_msgs/include/nav_2d_msgs/nav_2d_msgs/msg/detail/twist2_d__rosidl_typesupport_fastrtps_cpp.hpp
[15.837s] -- Installing: /home/nagisa/fishbot_ws/install/nav_2d_msgs/include/nav_2d_msgs/nav_2d_msgs/msg/detail/twist2_d32__rosidl_typesupport_fastrtps_cpp.hpp
[15.838s] -- Installing: /home/nagisa/fishbot_ws/install/nav_2d_msgs/include/nav_2d_msgs/nav_2d_msgs/msg/detail/dds_fastrtps
[15.838s] -- Installing: /home/nagisa/fishbot_ws/install/nav_2d_msgs/lib/libnav_2d_msgs__rosidl_typesupport_fastrtps_cpp.so
[15.838s] -- Set runtime path of "/home/nagisa/fishbot_ws/install/nav_2d_msgs/lib/libnav_2d_msgs__rosidl_typesupport_fastrtps_cpp.so" to ""
[15.838s] -- Up-to-date: /home/nagisa/fishbot_ws/install/nav_2d_msgs/include/nav_2d_msgs/nav_2d_msgs
[15.838s] -- Up-to-date: /home/nagisa/fishbot_ws/install/nav_2d_msgs/include/nav_2d_msgs/nav_2d_msgs/msg
[15.839s] -- Installing: /home/nagisa/fishbot_ws/install/nav_2d_msgs/include/nav_2d_msgs/nav_2d_msgs/msg/rosidl_typesupport_introspection_c__visibility_control.h
[15.839s] -- Up-to-date: /home/nagisa/fishbot_ws/install/nav_2d_msgs/include/nav_2d_msgs/nav_2d_msgs/msg/detail
[15.839s] -- Installing: /home/nagisa/fishbot_ws/install/nav_2d_msgs/include/nav_2d_msgs/nav_2d_msgs/msg/detail/pose2_d32__type_support.c
[15.839s] -- Installing: /home/nagisa/fishbot_ws/install/nav_2d_msgs/include/nav_2d_msgs/nav_2d_msgs/msg/detail/twist2_d_stamped__rosidl_typesupport_introspection_c.h
[15.839s] -- Installing: /home/nagisa/fishbot_ws/install/nav_2d_msgs/include/nav_2d_msgs/nav_2d_msgs/msg/detail/path2_d__type_support.c
[15.840s] -- Installing: /home/nagisa/fishbot_ws/install/nav_2d_msgs/include/nav_2d_msgs/nav_2d_msgs/msg/detail/pose2_d_stamped__rosidl_typesupport_introspection_c.h
[15.840s] -- Installing: /home/nagisa/fishbot_ws/install/nav_2d_msgs/include/nav_2d_msgs/nav_2d_msgs/msg/detail/pose2_d_stamped__type_support.c
[15.840s] -- Installing: /home/nagisa/fishbot_ws/install/nav_2d_msgs/include/nav_2d_msgs/nav_2d_msgs/msg/detail/twist2_d__type_support.c
[15.840s] -- Installing: /home/nagisa/fishbot_ws/install/nav_2d_msgs/include/nav_2d_msgs/nav_2d_msgs/msg/detail/twist2_d_stamped__type_support.c
[15.840s] -- Installing: /home/nagisa/fishbot_ws/install/nav_2d_msgs/include/nav_2d_msgs/nav_2d_msgs/msg/detail/twist2_d32__rosidl_typesupport_introspection_c.h
[15.840s] -- Installing: /home/nagisa/fishbot_ws/install/nav_2d_msgs/include/nav_2d_msgs/nav_2d_msgs/msg/detail/pose2_d32__rosidl_typesupport_introspection_c.h
[15.841s] -- Installing: /home/nagisa/fishbot_ws/install/nav_2d_msgs/include/nav_2d_msgs/nav_2d_msgs/msg/detail/twist2_d__rosidl_typesupport_introspection_c.h
[15.841s] -- Installing: /home/nagisa/fishbot_ws/install/nav_2d_msgs/include/nav_2d_msgs/nav_2d_msgs/msg/detail/twist2_d32__type_support.c
[15.841s] -- Installing: /home/nagisa/fishbot_ws/install/nav_2d_msgs/include/nav_2d_msgs/nav_2d_msgs/msg/detail/path2_d__rosidl_typesupport_introspection_c.h
[15.841s] -- Installing: /home/nagisa/fishbot_ws/install/nav_2d_msgs/lib/libnav_2d_msgs__rosidl_typesupport_introspection_c.so
[15.841s] -- Set runtime path of "/home/nagisa/fishbot_ws/install/nav_2d_msgs/lib/libnav_2d_msgs__rosidl_typesupport_introspection_c.so" to ""
[15.841s] -- Installing: /home/nagisa/fishbot_ws/install/nav_2d_msgs/lib/libnav_2d_msgs__rosidl_typesupport_c.so
[15.841s] -- Set runtime path of "/home/nagisa/fishbot_ws/install/nav_2d_msgs/lib/libnav_2d_msgs__rosidl_typesupport_c.so" to ""
[15.842s] -- Up-to-date: /home/nagisa/fishbot_ws/install/nav_2d_msgs/include/nav_2d_msgs/nav_2d_msgs
[15.842s] -- Up-to-date: /home/nagisa/fishbot_ws/install/nav_2d_msgs/include/nav_2d_msgs/nav_2d_msgs/msg
[15.842s] -- Up-to-date: /home/nagisa/fishbot_ws/install/nav_2d_msgs/include/nav_2d_msgs/nav_2d_msgs/msg/detail
[15.842s] -- Installing: /home/nagisa/fishbot_ws/install/nav_2d_msgs/include/nav_2d_msgs/nav_2d_msgs/msg/detail/pose2_d32__type_support.cpp
[15.842s] -- Installing: /home/nagisa/fishbot_ws/install/nav_2d_msgs/include/nav_2d_msgs/nav_2d_msgs/msg/detail/twist2_d_stamped__type_support.cpp
[15.842s] -- Installing: /home/nagisa/fishbot_ws/install/nav_2d_msgs/include/nav_2d_msgs/nav_2d_msgs/msg/detail/twist2_d_stamped__rosidl_typesupport_introspection_cpp.hpp
[15.842s] -- Installing: /home/nagisa/fishbot_ws/install/nav_2d_msgs/include/nav_2d_msgs/nav_2d_msgs/msg/detail/pose2_d_stamped__type_support.cpp
[15.842s] -- Installing: /home/nagisa/fishbot_ws/install/nav_2d_msgs/include/nav_2d_msgs/nav_2d_msgs/msg/detail/twist2_d__rosidl_typesupport_introspection_cpp.hpp
[15.843s] -- Installing: /home/nagisa/fishbot_ws/install/nav_2d_msgs/include/nav_2d_msgs/nav_2d_msgs/msg/detail/path2_d__rosidl_typesupport_introspection_cpp.hpp
[15.843s] -- Installing: /home/nagisa/fishbot_ws/install/nav_2d_msgs/include/nav_2d_msgs/nav_2d_msgs/msg/detail/twist2_d32__type_support.cpp
[15.843s] -- Installing: /home/nagisa/fishbot_ws/install/nav_2d_msgs/include/nav_2d_msgs/nav_2d_msgs/msg/detail/twist2_d__type_support.cpp
[15.843s] -- Installing: /home/nagisa/fishbot_ws/install/nav_2d_msgs/include/nav_2d_msgs/nav_2d_msgs/msg/detail/path2_d__type_support.cpp
[15.844s] -- Installing: /home/nagisa/fishbot_ws/install/nav_2d_msgs/include/nav_2d_msgs/nav_2d_msgs/msg/detail/pose2_d32__rosidl_typesupport_introspection_cpp.hpp
[15.844s] -- Installing: /home/nagisa/fishbot_ws/install/nav_2d_msgs/include/nav_2d_msgs/nav_2d_msgs/msg/detail/pose2_d_stamped__rosidl_typesupport_introspection_cpp.hpp
[15.844s] -- Installing: /home/nagisa/fishbot_ws/install/nav_2d_msgs/include/nav_2d_msgs/nav_2d_msgs/msg/detail/twist2_d32__rosidl_typesupport_introspection_cpp.hpp
[15.844s] -- Installing: /home/nagisa/fishbot_ws/install/nav_2d_msgs/lib/libnav_2d_msgs__rosidl_typesupport_introspection_cpp.so
[15.844s] -- Set runtime path of "/home/nagisa/fishbot_ws/install/nav_2d_msgs/lib/libnav_2d_msgs__rosidl_typesupport_introspection_cpp.so" to ""
[15.844s] -- Installing: /home/nagisa/fishbot_ws/install/nav_2d_msgs/lib/libnav_2d_msgs__rosidl_typesupport_cpp.so
[15.844s] -- Set runtime path of "/home/nagisa/fishbot_ws/install/nav_2d_msgs/lib/libnav_2d_msgs__rosidl_typesupport_cpp.so" to ""
[15.844s] -- Installing: /home/nagisa/fishbot_ws/install/nav_2d_msgs/share/nav_2d_msgs/environment/pythonpath.sh
[15.844s] -- Installing: /home/nagisa/fishbot_ws/install/nav_2d_msgs/share/nav_2d_msgs/environment/pythonpath.dsv
[15.844s] -- Installing: /home/nagisa/fishbot_ws/install/nav_2d_msgs/local/lib/python3.10/dist-packages/nav_2d_msgs-1.1.16-py3.10.egg-info
[15.844s] -- Installing: /home/nagisa/fishbot_ws/install/nav_2d_msgs/local/lib/python3.10/dist-packages/nav_2d_msgs-1.1.16-py3.10.egg-info/dependency_links.txt
[15.844s] -- Installing: /home/nagisa/fishbot_ws/install/nav_2d_msgs/local/lib/python3.10/dist-packages/nav_2d_msgs-1.1.16-py3.10.egg-info/SOURCES.txt
[15.845s] -- Installing: /home/nagisa/fishbot_ws/install/nav_2d_msgs/local/lib/python3.10/dist-packages/nav_2d_msgs-1.1.16-py3.10.egg-info/top_level.txt
[15.845s] -- Installing: /home/nagisa/fishbot_ws/install/nav_2d_msgs/local/lib/python3.10/dist-packages/nav_2d_msgs-1.1.16-py3.10.egg-info/PKG-INFO
[15.846s] -- Installing: /home/nagisa/fishbot_ws/install/nav_2d_msgs/local/lib/python3.10/dist-packages/nav_2d_msgs
[15.846s] -- Installing: /home/nagisa/fishbot_ws/install/nav_2d_msgs/local/lib/python3.10/dist-packages/nav_2d_msgs/_nav_2d_msgs_s.ep.rosidl_typesupport_introspection_c.c
[15.846s] -- Installing: /home/nagisa/fishbot_ws/install/nav_2d_msgs/local/lib/python3.10/dist-packages/nav_2d_msgs/nav_2d_msgs_s__rosidl_typesupport_c.cpython-310-x86_64-linux-gnu.so
[15.846s] -- Installing: /home/nagisa/fishbot_ws/install/nav_2d_msgs/local/lib/python3.10/dist-packages/nav_2d_msgs/_nav_2d_msgs_s.ep.rosidl_typesupport_fastrtps_c.c
[15.847s] -- Installing: /home/nagisa/fishbot_ws/install/nav_2d_msgs/local/lib/python3.10/dist-packages/nav_2d_msgs/msg
[15.847s] -- Installing: /home/nagisa/fishbot_ws/install/nav_2d_msgs/local/lib/python3.10/dist-packages/nav_2d_msgs/msg/_twist2_d.py
[15.847s] -- Installing: /home/nagisa/fishbot_ws/install/nav_2d_msgs/local/lib/python3.10/dist-packages/nav_2d_msgs/msg/_pose2_d_stamped_s.c
[15.847s] -- Installing: /home/nagisa/fishbot_ws/install/nav_2d_msgs/local/lib/python3.10/dist-packages/nav_2d_msgs/msg/_pose2_d_stamped.py
[15.848s] -- Installing: /home/nagisa/fishbot_ws/install/nav_2d_msgs/local/lib/python3.10/dist-packages/nav_2d_msgs/msg/_pose2_d32.py
[15.848s] -- Installing: /home/nagisa/fishbot_ws/install/nav_2d_msgs/local/lib/python3.10/dist-packages/nav_2d_msgs/msg/__init__.py
[15.848s] -- Installing: /home/nagisa/fishbot_ws/install/nav_2d_msgs/local/lib/python3.10/dist-packages/nav_2d_msgs/msg/_twist2_d_stamped_s.c
[15.848s] -- Installing: /home/nagisa/fishbot_ws/install/nav_2d_msgs/local/lib/python3.10/dist-packages/nav_2d_msgs/msg/_path2_d_s.c
[15.849s] -- Installing: /home/nagisa/fishbot_ws/install/nav_2d_msgs/local/lib/python3.10/dist-packages/nav_2d_msgs/msg/_twist2_d_s.c
[15.849s] -- Installing: /home/nagisa/fishbot_ws/install/nav_2d_msgs/local/lib/python3.10/dist-packages/nav_2d_msgs/msg/_twist2_d_stamped.py
[15.850s] -- Installing: /home/nagisa/fishbot_ws/install/nav_2d_msgs/local/lib/python3.10/dist-packages/nav_2d_msgs/msg/_pose2_d32_s.c
[15.850s] -- Installing: /home/nagisa/fishbot_ws/install/nav_2d_msgs/local/lib/python3.10/dist-packages/nav_2d_msgs/msg/_twist2_d32.py
[15.851s] -- Installing: /home/nagisa/fishbot_ws/install/nav_2d_msgs/local/lib/python3.10/dist-packages/nav_2d_msgs/msg/_twist2_d32_s.c
[15.851s] -- Installing: /home/nagisa/fishbot_ws/install/nav_2d_msgs/local/lib/python3.10/dist-packages/nav_2d_msgs/msg/_path2_d.py
[15.851s] -- Installing: /home/nagisa/fishbot_ws/install/nav_2d_msgs/local/lib/python3.10/dist-packages/nav_2d_msgs/__init__.py
[15.851s] -- Installing: /home/nagisa/fishbot_ws/install/nav_2d_msgs/local/lib/python3.10/dist-packages/nav_2d_msgs/nav_2d_msgs_s__rosidl_typesupport_fastrtps_c.cpython-310-x86_64-linux-gnu.so
[15.851s] -- Installing: /home/nagisa/fishbot_ws/install/nav_2d_msgs/local/lib/python3.10/dist-packages/nav_2d_msgs/libnav_2d_msgs__rosidl_generator_py.so
[15.851s] -- Installing: /home/nagisa/fishbot_ws/install/nav_2d_msgs/local/lib/python3.10/dist-packages/nav_2d_msgs/nav_2d_msgs_s__rosidl_typesupport_introspection_c.cpython-310-x86_64-linux-gnu.so
[15.851s] -- Installing: /home/nagisa/fishbot_ws/install/nav_2d_msgs/local/lib/python3.10/dist-packages/nav_2d_msgs/_nav_2d_msgs_s.ep.rosidl_typesupport_c.c
[15.901s] Listing '/home/nagisa/fishbot_ws/install/nav_2d_msgs/local/lib/python3.10/dist-packages/nav_2d_msgs'...
[15.901s] Compiling '/home/nagisa/fishbot_ws/install/nav_2d_msgs/local/lib/python3.10/dist-packages/nav_2d_msgs/__init__.py'...
[15.901s] Listing '/home/nagisa/fishbot_ws/install/nav_2d_msgs/local/lib/python3.10/dist-packages/nav_2d_msgs/msg'...
[15.901s] Compiling '/home/nagisa/fishbot_ws/install/nav_2d_msgs/local/lib/python3.10/dist-packages/nav_2d_msgs/msg/__init__.py'...
[15.901s] Compiling '/home/nagisa/fishbot_ws/install/nav_2d_msgs/local/lib/python3.10/dist-packages/nav_2d_msgs/msg/_path2_d.py'...
[15.901s] Compiling '/home/nagisa/fishbot_ws/install/nav_2d_msgs/local/lib/python3.10/dist-packages/nav_2d_msgs/msg/_pose2_d32.py'...
[15.902s] Compiling '/home/nagisa/fishbot_ws/install/nav_2d_msgs/local/lib/python3.10/dist-packages/nav_2d_msgs/msg/_pose2_d_stamped.py'...
[15.902s] Compiling '/home/nagisa/fishbot_ws/install/nav_2d_msgs/local/lib/python3.10/dist-packages/nav_2d_msgs/msg/_twist2_d.py'...
[15.902s] Compiling '/home/nagisa/fishbot_ws/install/nav_2d_msgs/local/lib/python3.10/dist-packages/nav_2d_msgs/msg/_twist2_d32.py'...
[15.902s] Compiling '/home/nagisa/fishbot_ws/install/nav_2d_msgs/local/lib/python3.10/dist-packages/nav_2d_msgs/msg/_twist2_d_stamped.py'...
[15.906s] -- Installing: /home/nagisa/fishbot_ws/install/nav_2d_msgs/local/lib/python3.10/dist-packages/nav_2d_msgs/nav_2d_msgs_s__rosidl_typesupport_fastrtps_c.cpython-310-x86_64-linux-gnu.so
[15.906s] -- Set runtime path of "/home/nagisa/fishbot_ws/install/nav_2d_msgs/local/lib/python3.10/dist-packages/nav_2d_msgs/nav_2d_msgs_s__rosidl_typesupport_fastrtps_c.cpython-310-x86_64-linux-gnu.so" to ""
[15.907s] -- Installing: /home/nagisa/fishbot_ws/install/nav_2d_msgs/local/lib/python3.10/dist-packages/nav_2d_msgs/nav_2d_msgs_s__rosidl_typesupport_introspection_c.cpython-310-x86_64-linux-gnu.so
[15.907s] -- Set runtime path of "/home/nagisa/fishbot_ws/install/nav_2d_msgs/local/lib/python3.10/dist-packages/nav_2d_msgs/nav_2d_msgs_s__rosidl_typesupport_introspection_c.cpython-310-x86_64-linux-gnu.so" to ""
[15.908s] -- Installing: /home/nagisa/fishbot_ws/install/nav_2d_msgs/local/lib/python3.10/dist-packages/nav_2d_msgs/nav_2d_msgs_s__rosidl_typesupport_c.cpython-310-x86_64-linux-gnu.so
[15.908s] -- Set runtime path of "/home/nagisa/fishbot_ws/install/nav_2d_msgs/local/lib/python3.10/dist-packages/nav_2d_msgs/nav_2d_msgs_s__rosidl_typesupport_c.cpython-310-x86_64-linux-gnu.so" to ""
[15.908s] -- Installing: /home/nagisa/fishbot_ws/install/nav_2d_msgs/lib/libnav_2d_msgs__rosidl_generator_py.so
[15.909s] -- Set runtime path of "/home/nagisa/fishbot_ws/install/nav_2d_msgs/lib/libnav_2d_msgs__rosidl_generator_py.so" to ""
[15.909s] -- Installing: /home/nagisa/fishbot_ws/install/nav_2d_msgs/share/nav_2d_msgs/msg/Path2D.idl
[15.910s] -- Installing: /home/nagisa/fishbot_ws/install/nav_2d_msgs/share/nav_2d_msgs/msg/Pose2D32.idl
[15.910s] -- Installing: /home/nagisa/fishbot_ws/install/nav_2d_msgs/share/nav_2d_msgs/msg/Pose2DStamped.idl
[15.911s] -- Installing: /home/nagisa/fishbot_ws/install/nav_2d_msgs/share/nav_2d_msgs/msg/Twist2D.idl
[15.911s] -- Installing: /home/nagisa/fishbot_ws/install/nav_2d_msgs/share/nav_2d_msgs/msg/Twist2D32.idl
[15.911s] -- Installing: /home/nagisa/fishbot_ws/install/nav_2d_msgs/share/nav_2d_msgs/msg/Twist2DStamped.idl
[15.912s] -- Installing: /home/nagisa/fishbot_ws/install/nav_2d_msgs/share/nav_2d_msgs/msg/Path2D.msg
[15.912s] -- Installing: /home/nagisa/fishbot_ws/install/nav_2d_msgs/share/nav_2d_msgs/msg/Pose2D32.msg
[15.913s] -- Installing: /home/nagisa/fishbot_ws/install/nav_2d_msgs/share/nav_2d_msgs/msg/Pose2DStamped.msg
[15.913s] -- Installing: /home/nagisa/fishbot_ws/install/nav_2d_msgs/share/nav_2d_msgs/msg/Twist2D.msg
[15.913s] -- Installing: /home/nagisa/fishbot_ws/install/nav_2d_msgs/share/nav_2d_msgs/msg/Twist2D32.msg
[15.914s] -- Installing: /home/nagisa/fishbot_ws/install/nav_2d_msgs/share/nav_2d_msgs/msg/Twist2DStamped.msg
[15.914s] -- Installing: /home/nagisa/fishbot_ws/install/nav_2d_msgs/share/ament_index/resource_index/package_run_dependencies/nav_2d_msgs
[15.914s] -- Installing: /home/nagisa/fishbot_ws/install/nav_2d_msgs/share/ament_index/resource_index/parent_prefix_path/nav_2d_msgs
[15.915s] -- Installing: /home/nagisa/fishbot_ws/install/nav_2d_msgs/share/nav_2d_msgs/environment/ament_prefix_path.sh
[15.915s] -- Installing: /home/nagisa/fishbot_ws/install/nav_2d_msgs/share/nav_2d_msgs/environment/ament_prefix_path.dsv
[15.915s] -- Installing: /home/nagisa/fishbot_ws/install/nav_2d_msgs/share/nav_2d_msgs/environment/path.sh
[15.915s] -- Installing: /home/nagisa/fishbot_ws/install/nav_2d_msgs/share/nav_2d_msgs/environment/path.dsv
[15.915s] -- Installing: /home/nagisa/fishbot_ws/install/nav_2d_msgs/share/nav_2d_msgs/local_setup.bash
[15.915s] -- Installing: /home/nagisa/fishbot_ws/install/nav_2d_msgs/share/nav_2d_msgs/local_setup.sh
[15.915s] -- Installing: /home/nagisa/fishbot_ws/install/nav_2d_msgs/share/nav_2d_msgs/local_setup.zsh
[15.916s] -- Installing: /home/nagisa/fishbot_ws/install/nav_2d_msgs/share/nav_2d_msgs/local_setup.dsv
[15.916s] -- Installing: /home/nagisa/fishbot_ws/install/nav_2d_msgs/share/nav_2d_msgs/package.dsv
[15.916s] -- Installing: /home/nagisa/fishbot_ws/install/nav_2d_msgs/share/ament_index/resource_index/packages/nav_2d_msgs
[15.917s] -- Installing: /home/nagisa/fishbot_ws/install/nav_2d_msgs/share/nav_2d_msgs/cmake/export_nav_2d_msgs__rosidl_generator_cExport.cmake
[15.917s] -- Installing: /home/nagisa/fishbot_ws/install/nav_2d_msgs/share/nav_2d_msgs/cmake/export_nav_2d_msgs__rosidl_generator_cExport-noconfig.cmake
[15.917s] -- Installing: /home/nagisa/fishbot_ws/install/nav_2d_msgs/share/nav_2d_msgs/cmake/export_nav_2d_msgs__rosidl_typesupport_fastrtps_cExport.cmake
[15.918s] -- Installing: /home/nagisa/fishbot_ws/install/nav_2d_msgs/share/nav_2d_msgs/cmake/export_nav_2d_msgs__rosidl_typesupport_fastrtps_cExport-noconfig.cmake
[15.918s] -- Installing: /home/nagisa/fishbot_ws/install/nav_2d_msgs/share/nav_2d_msgs/cmake/export_nav_2d_msgs__rosidl_generator_cppExport.cmake
[15.918s] -- Installing: /home/nagisa/fishbot_ws/install/nav_2d_msgs/share/nav_2d_msgs/cmake/export_nav_2d_msgs__rosidl_typesupport_fastrtps_cppExport.cmake
[15.918s] -- Installing: /home/nagisa/fishbot_ws/install/nav_2d_msgs/share/nav_2d_msgs/cmake/export_nav_2d_msgs__rosidl_typesupport_fastrtps_cppExport-noconfig.cmake
[15.918s] -- Installing: /home/nagisa/fishbot_ws/install/nav_2d_msgs/share/nav_2d_msgs/cmake/nav_2d_msgs__rosidl_typesupport_introspection_cExport.cmake
[15.919s] -- Installing: /home/nagisa/fishbot_ws/install/nav_2d_msgs/share/nav_2d_msgs/cmake/nav_2d_msgs__rosidl_typesupport_introspection_cExport-noconfig.cmake
[15.919s] -- Installing: /home/nagisa/fishbot_ws/install/nav_2d_msgs/share/nav_2d_msgs/cmake/nav_2d_msgs__rosidl_typesupport_cExport.cmake
[15.919s] -- Installing: /home/nagisa/fishbot_ws/install/nav_2d_msgs/share/nav_2d_msgs/cmake/nav_2d_msgs__rosidl_typesupport_cExport-noconfig.cmake
[15.919s] -- Installing: /home/nagisa/fishbot_ws/install/nav_2d_msgs/share/nav_2d_msgs/cmake/nav_2d_msgs__rosidl_typesupport_introspection_cppExport.cmake
[15.919s] -- Installing: /home/nagisa/fishbot_ws/install/nav_2d_msgs/share/nav_2d_msgs/cmake/nav_2d_msgs__rosidl_typesupport_introspection_cppExport-noconfig.cmake
[15.919s] -- Installing: /home/nagisa/fishbot_ws/install/nav_2d_msgs/share/nav_2d_msgs/cmake/nav_2d_msgs__rosidl_typesupport_cppExport.cmake
[15.919s] -- Installing: /home/nagisa/fishbot_ws/install/nav_2d_msgs/share/nav_2d_msgs/cmake/nav_2d_msgs__rosidl_typesupport_cppExport-noconfig.cmake
[15.919s] -- Installing: /home/nagisa/fishbot_ws/install/nav_2d_msgs/share/nav_2d_msgs/cmake/export_nav_2d_msgs__rosidl_generator_pyExport.cmake
[15.919s] -- Installing: /home/nagisa/fishbot_ws/install/nav_2d_msgs/share/nav_2d_msgs/cmake/export_nav_2d_msgs__rosidl_generator_pyExport-noconfig.cmake
[15.920s] -- Installing: /home/nagisa/fishbot_ws/install/nav_2d_msgs/share/nav_2d_msgs/cmake/rosidl_cmake-extras.cmake
[15.920s] -- Installing: /home/nagisa/fishbot_ws/install/nav_2d_msgs/share/nav_2d_msgs/cmake/ament_cmake_export_dependencies-extras.cmake
[15.920s] -- Installing: /home/nagisa/fishbot_ws/install/nav_2d_msgs/share/nav_2d_msgs/cmake/ament_cmake_export_include_directories-extras.cmake
[15.920s] -- Installing: /home/nagisa/fishbot_ws/install/nav_2d_msgs/share/nav_2d_msgs/cmake/ament_cmake_export_libraries-extras.cmake
[15.920s] -- Installing: /home/nagisa/fishbot_ws/install/nav_2d_msgs/share/nav_2d_msgs/cmake/ament_cmake_export_targets-extras.cmake
[15.921s] -- Installing: /home/nagisa/fishbot_ws/install/nav_2d_msgs/share/nav_2d_msgs/cmake/rosidl_cmake_export_typesupport_targets-extras.cmake
[15.921s] -- Installing: /home/nagisa/fishbot_ws/install/nav_2d_msgs/share/nav_2d_msgs/cmake/rosidl_cmake_export_typesupport_libraries-extras.cmake
[15.922s] -- Installing: /home/nagisa/fishbot_ws/install/nav_2d_msgs/share/nav_2d_msgs/cmake/nav_2d_msgsConfig.cmake
[15.922s] -- Installing: /home/nagisa/fishbot_ws/install/nav_2d_msgs/share/nav_2d_msgs/cmake/nav_2d_msgsConfig-version.cmake
[15.922s] -- Installing: /home/nagisa/fishbot_ws/install/nav_2d_msgs/share/nav_2d_msgs/package.xml
[15.924s] Invoked command in '/home/nagisa/fishbot_ws/build/nav_2d_msgs' returned '0': CMAKE_PREFIX_PATH=/opt/ros/humble /usr/bin/cmake --install /home/nagisa/fishbot_ws/build/nav_2d_msgs
