[0.103s] DEBUG:colcon:Command line arguments: ['/usr/bin/colcon', 'build']
[0.103s] DEBUG:colcon:Parsed command line arguments: Namespace(log_base=None, log_level=None, verb_name='build', build_base='build', install_base='install', merge_install=False, symlink_install=False, test_result_base=None, continue_on_error=False, executor='parallel', parallel_workers=12, event_handlers=None, ignore_user_meta=False, metas=['./colcon.meta'], base_paths=['.'], packages_ignore=None, packages_ignore_regex=None, paths=None, packages_up_to=None, packages_up_to_regex=None, packages_above=None, packages_above_and_dependencies=None, packages_above_depth=None, packages_select_by_dep=None, packages_skip_by_dep=None, packages_skip_up_to=None, packages_select_build_failed=False, packages_skip_build_finished=False, packages_select_test_failures=False, packages_skip_test_passed=False, packages_select=None, packages_skip=None, packages_select_regex=None, packages_skip_regex=None, packages_start=None, packages_end=None, allow_overriding=[], cmake_args=None, cmake_target=None, cmake_target_skip_unavailable=False, cmake_clean_cache=False, cmake_clean_first=False, cmake_force_configure=False, ament_cmake_args=None, catkin_cmake_args=None, catkin_skip_building_tests=False, verb_parser=<colcon_defaults.argument_parser.defaults.DefaultArgumentsDecorator object at 0x78da38f58b50>, verb_extension=<colcon_core.verb.build.BuildVerb object at 0x78da38f58490>, main=<bound method BuildVerb.main of <colcon_core.verb.build.BuildVerb object at 0x78da38f58490>>)
[0.242s] Level 1:colcon.colcon_core.package_discovery:discover_packages(colcon_meta) check parameters
[0.242s] Level 1:colcon.colcon_core.package_discovery:discover_packages(recursive) check parameters
[0.242s] Level 1:colcon.colcon_core.package_discovery:discover_packages(ignore) check parameters
[0.242s] Level 1:colcon.colcon_core.package_discovery:discover_packages(path) check parameters
[0.242s] Level 1:colcon.colcon_core.package_discovery:discover_packages(colcon_meta) discover
[0.242s] Level 1:colcon.colcon_core.package_discovery:discover_packages(recursive) discover
[0.242s] INFO:colcon.colcon_core.package_discovery:Crawling recursively for packages in '/home/nagisa/candpy_ws'
[0.242s] Level 1:colcon.colcon_core.package_identification:_identify(.) by extensions ['ignore', 'ignore_ament_install']
[0.242s] Level 1:colcon.colcon_core.package_identification:_identify(.) by extension 'ignore'
[0.242s] Level 1:colcon.colcon_core.package_identification:_identify(.) by extension 'ignore_ament_install'
[0.242s] Level 1:colcon.colcon_core.package_identification:_identify(.) by extensions ['colcon_pkg']
[0.242s] Level 1:colcon.colcon_core.package_identification:_identify(.) by extension 'colcon_pkg'
[0.242s] Level 1:colcon.colcon_core.package_identification:_identify(.) by extensions ['colcon_meta']
[0.242s] Level 1:colcon.colcon_core.package_identification:_identify(.) by extension 'colcon_meta'
[0.243s] Level 1:colcon.colcon_core.package_identification:_identify(.) by extensions ['ros']
[0.243s] Level 1:colcon.colcon_core.package_identification:_identify(.) by extension 'ros'
[0.253s] Level 1:colcon.colcon_core.package_identification:_identify(.) by extensions ['cmake', 'python']
[0.253s] Level 1:colcon.colcon_core.package_identification:_identify(.) by extension 'cmake'
[0.253s] Level 1:colcon.colcon_core.package_identification:_identify(.) by extension 'python'
[0.254s] Level 1:colcon.colcon_core.package_identification:_identify(.) by extensions ['python_setup_py']
[0.254s] Level 1:colcon.colcon_core.package_identification:_identify(.) by extension 'python_setup_py'
[0.254s] Level 1:colcon.colcon_core.package_identification:_identify(build) by extensions ['ignore', 'ignore_ament_install']
[0.254s] Level 1:colcon.colcon_core.package_identification:_identify(build) by extension 'ignore'
[0.254s] Level 1:colcon.colcon_core.package_identification:_identify(build) ignored
[0.254s] Level 1:colcon.colcon_core.package_identification:_identify(install) by extensions ['ignore', 'ignore_ament_install']
[0.254s] Level 1:colcon.colcon_core.package_identification:_identify(install) by extension 'ignore'
[0.254s] Level 1:colcon.colcon_core.package_identification:_identify(install) ignored
[0.254s] Level 1:colcon.colcon_core.package_identification:_identify(log) by extensions ['ignore', 'ignore_ament_install']
[0.254s] Level 1:colcon.colcon_core.package_identification:_identify(log) by extension 'ignore'
[0.254s] Level 1:colcon.colcon_core.package_identification:_identify(log) ignored
[0.254s] Level 1:colcon.colcon_core.package_identification:_identify(src) by extensions ['ignore', 'ignore_ament_install']
[0.254s] Level 1:colcon.colcon_core.package_identification:_identify(src) by extension 'ignore'
[0.254s] Level 1:colcon.colcon_core.package_identification:_identify(src) by extension 'ignore_ament_install'
[0.254s] Level 1:colcon.colcon_core.package_identification:_identify(src) by extensions ['colcon_pkg']
[0.254s] Level 1:colcon.colcon_core.package_identification:_identify(src) by extension 'colcon_pkg'
[0.255s] Level 1:colcon.colcon_core.package_identification:_identify(src) by extensions ['colcon_meta']
[0.255s] Level 1:colcon.colcon_core.package_identification:_identify(src) by extension 'colcon_meta'
[0.255s] Level 1:colcon.colcon_core.package_identification:_identify(src) by extensions ['ros']
[0.255s] Level 1:colcon.colcon_core.package_identification:_identify(src) by extension 'ros'
[0.255s] Level 1:colcon.colcon_core.package_identification:_identify(src) by extensions ['cmake', 'python']
[0.255s] Level 1:colcon.colcon_core.package_identification:_identify(src) by extension 'cmake'
[0.255s] Level 1:colcon.colcon_core.package_identification:_identify(src) by extension 'python'
[0.255s] Level 1:colcon.colcon_core.package_identification:_identify(src) by extensions ['python_setup_py']
[0.255s] Level 1:colcon.colcon_core.package_identification:_identify(src) by extension 'python_setup_py'
[0.255s] Level 1:colcon.colcon_core.package_identification:_identify(src/cpp_pkg) by extensions ['ignore', 'ignore_ament_install']
[0.255s] Level 1:colcon.colcon_core.package_identification:_identify(src/cpp_pkg) by extension 'ignore'
[0.255s] Level 1:colcon.colcon_core.package_identification:_identify(src/cpp_pkg) by extension 'ignore_ament_install'
[0.255s] Level 1:colcon.colcon_core.package_identification:_identify(src/cpp_pkg) by extensions ['colcon_pkg']
[0.255s] Level 1:colcon.colcon_core.package_identification:_identify(src/cpp_pkg) by extension 'colcon_pkg'
[0.255s] Level 1:colcon.colcon_core.package_identification:_identify(src/cpp_pkg) by extensions ['colcon_meta']
[0.255s] Level 1:colcon.colcon_core.package_identification:_identify(src/cpp_pkg) by extension 'colcon_meta'
[0.255s] Level 1:colcon.colcon_core.package_identification:_identify(src/cpp_pkg) by extensions ['ros']
[0.255s] Level 1:colcon.colcon_core.package_identification:_identify(src/cpp_pkg) by extension 'ros'
[0.258s] DEBUG:colcon.colcon_core.package_identification:Package 'src/cpp_pkg' with type 'ros.ament_cmake' and name 'cpp_pkg'
[0.258s] Level 1:colcon.colcon_core.package_identification:_identify(src/py_pkg) by extensions ['ignore', 'ignore_ament_install']
[0.258s] Level 1:colcon.colcon_core.package_identification:_identify(src/py_pkg) by extension 'ignore'
[0.258s] Level 1:colcon.colcon_core.package_identification:_identify(src/py_pkg) by extension 'ignore_ament_install'
[0.258s] Level 1:colcon.colcon_core.package_identification:_identify(src/py_pkg) by extensions ['colcon_pkg']
[0.258s] Level 1:colcon.colcon_core.package_identification:_identify(src/py_pkg) by extension 'colcon_pkg'
[0.258s] Level 1:colcon.colcon_core.package_identification:_identify(src/py_pkg) by extensions ['colcon_meta']
[0.258s] Level 1:colcon.colcon_core.package_identification:_identify(src/py_pkg) by extension 'colcon_meta'
[0.258s] Level 1:colcon.colcon_core.package_identification:_identify(src/py_pkg) by extensions ['ros']
[0.258s] Level 1:colcon.colcon_core.package_identification:_identify(src/py_pkg) by extension 'ros'
[0.259s] DEBUG:colcon.colcon_core.package_identification:Package 'src/py_pkg' with type 'ros.ament_python' and name 'py_pkg'
[0.259s] Level 1:colcon.colcon_core.package_discovery:discover_packages(recursive) using defaults
[0.259s] Level 1:colcon.colcon_core.package_discovery:discover_packages(ignore) discover
[0.259s] Level 1:colcon.colcon_core.package_discovery:discover_packages(ignore) using defaults
[0.259s] Level 1:colcon.colcon_core.package_discovery:discover_packages(path) discover
[0.259s] Level 1:colcon.colcon_core.package_discovery:discover_packages(path) using defaults
[0.277s] Level 1:colcon.colcon_core.package_discovery:discover_packages(prefix_path) check parameters
[0.277s] Level 1:colcon.colcon_core.package_discovery:discover_packages(prefix_path) discover
[0.280s] DEBUG:colcon.colcon_installed_package_information.package_discovery:Found 361 installed packages in /opt/ros/humble
[0.290s] Level 1:colcon.colcon_core.package_discovery:discover_packages(prefix_path) using defaults
[0.329s] Level 5:colcon.colcon_core.verb:set package 'cpp_pkg' build argument 'cmake_args' from command line to 'None'
[0.329s] Level 5:colcon.colcon_core.verb:set package 'cpp_pkg' build argument 'cmake_target' from command line to 'None'
[0.329s] Level 5:colcon.colcon_core.verb:set package 'cpp_pkg' build argument 'cmake_target_skip_unavailable' from command line to 'False'
[0.329s] Level 5:colcon.colcon_core.verb:set package 'cpp_pkg' build argument 'cmake_clean_cache' from command line to 'False'
[0.329s] Level 5:colcon.colcon_core.verb:set package 'cpp_pkg' build argument 'cmake_clean_first' from command line to 'False'
[0.329s] Level 5:colcon.colcon_core.verb:set package 'cpp_pkg' build argument 'cmake_force_configure' from command line to 'False'
[0.329s] Level 5:colcon.colcon_core.verb:set package 'cpp_pkg' build argument 'ament_cmake_args' from command line to 'None'
[0.329s] Level 5:colcon.colcon_core.verb:set package 'cpp_pkg' build argument 'catkin_cmake_args' from command line to 'None'
[0.329s] Level 5:colcon.colcon_core.verb:set package 'cpp_pkg' build argument 'catkin_skip_building_tests' from command line to 'False'
[0.329s] DEBUG:colcon.colcon_core.verb:Building package 'cpp_pkg' with the following arguments: {'ament_cmake_args': None, 'build_base': '/home/nagisa/candpy_ws/build/cpp_pkg', 'catkin_cmake_args': None, 'catkin_skip_building_tests': False, 'cmake_args': None, 'cmake_clean_cache': False, 'cmake_clean_first': False, 'cmake_force_configure': False, 'cmake_target': None, 'cmake_target_skip_unavailable': False, 'install_base': '/home/nagisa/candpy_ws/install/cpp_pkg', 'merge_install': False, 'path': '/home/nagisa/candpy_ws/src/cpp_pkg', 'symlink_install': False, 'test_result_base': None}
[0.330s] Level 5:colcon.colcon_core.verb:set package 'py_pkg' build argument 'cmake_args' from command line to 'None'
[0.330s] Level 5:colcon.colcon_core.verb:set package 'py_pkg' build argument 'cmake_target' from command line to 'None'
[0.330s] Level 5:colcon.colcon_core.verb:set package 'py_pkg' build argument 'cmake_target_skip_unavailable' from command line to 'False'
[0.330s] Level 5:colcon.colcon_core.verb:set package 'py_pkg' build argument 'cmake_clean_cache' from command line to 'False'
[0.330s] Level 5:colcon.colcon_core.verb:set package 'py_pkg' build argument 'cmake_clean_first' from command line to 'False'
[0.330s] Level 5:colcon.colcon_core.verb:set package 'py_pkg' build argument 'cmake_force_configure' from command line to 'False'
[0.330s] Level 5:colcon.colcon_core.verb:set package 'py_pkg' build argument 'ament_cmake_args' from command line to 'None'
[0.330s] Level 5:colcon.colcon_core.verb:set package 'py_pkg' build argument 'catkin_cmake_args' from command line to 'None'
[0.330s] Level 5:colcon.colcon_core.verb:set package 'py_pkg' build argument 'catkin_skip_building_tests' from command line to 'False'
[0.330s] DEBUG:colcon.colcon_core.verb:Building package 'py_pkg' with the following arguments: {'ament_cmake_args': None, 'build_base': '/home/nagisa/candpy_ws/build/py_pkg', 'catkin_cmake_args': None, 'catkin_skip_building_tests': False, 'cmake_args': None, 'cmake_clean_cache': False, 'cmake_clean_first': False, 'cmake_force_configure': False, 'cmake_target': None, 'cmake_target_skip_unavailable': False, 'install_base': '/home/nagisa/candpy_ws/install/py_pkg', 'merge_install': False, 'path': '/home/nagisa/candpy_ws/src/py_pkg', 'symlink_install': False, 'test_result_base': None}
[0.330s] INFO:colcon.colcon_core.executor:Executing jobs using 'parallel' executor
[0.331s] DEBUG:colcon.colcon_parallel_executor.executor.parallel:run_until_complete
[0.332s] INFO:colcon.colcon_ros.task.ament_cmake.build:Building ROS package in '/home/nagisa/candpy_ws/src/cpp_pkg' with build type 'ament_cmake'
[0.332s] INFO:colcon.colcon_cmake.task.cmake.build:Building CMake package in '/home/nagisa/candpy_ws/src/cpp_pkg'
[0.334s] INFO:colcon.colcon_core.plugin_system:Skipping extension 'colcon_core.shell.bat': Not used on non-Windows systems
[0.334s] INFO:colcon.colcon_core.shell:Skip shell extension 'powershell' for command environment: Not usable outside of PowerShell
[0.334s] DEBUG:colcon.colcon_core.shell:Skip shell extension 'dsv' for command environment
[0.337s] INFO:colcon.colcon_ros.task.ament_python.build:Building ROS package in '/home/nagisa/candpy_ws/src/py_pkg' with build type 'ament_python'
[0.338s] Level 1:colcon.colcon_core.shell:create_environment_hook('py_pkg', 'ament_prefix_path')
[0.338s] INFO:colcon.colcon_core.shell:Creating environment hook '/home/nagisa/candpy_ws/install/py_pkg/share/py_pkg/hook/ament_prefix_path.ps1'
[0.339s] INFO:colcon.colcon_core.shell:Creating environment descriptor '/home/nagisa/candpy_ws/install/py_pkg/share/py_pkg/hook/ament_prefix_path.dsv'
[0.339s] INFO:colcon.colcon_core.shell:Creating environment hook '/home/nagisa/candpy_ws/install/py_pkg/share/py_pkg/hook/ament_prefix_path.sh'
[0.340s] INFO:colcon.colcon_core.shell:Skip shell extension 'powershell' for command environment: Not usable outside of PowerShell
[0.340s] DEBUG:colcon.colcon_core.shell:Skip shell extension 'dsv' for command environment
[0.352s] DEBUG:colcon.colcon_core.event_handler.log_command:Invoking command in '/home/nagisa/candpy_ws/build/cpp_pkg': CMAKE_PREFIX_PATH=/opt/ros/humble /usr/bin/cmake /home/nagisa/candpy_ws/src/cpp_pkg -DCMAKE_INSTALL_PREFIX=/home/nagisa/candpy_ws/install/cpp_pkg
[0.565s] INFO:colcon.colcon_core.task.python.build:Building Python package in '/home/nagisa/candpy_ws/src/py_pkg'
[0.565s] INFO:colcon.colcon_core.shell:Skip shell extension 'powershell' for command environment: Not usable outside of PowerShell
[0.565s] DEBUG:colcon.colcon_core.shell:Skip shell extension 'dsv' for command environment
[0.834s] DEBUG:colcon.colcon_core.event_handler.log_command:Invoked command in '/home/nagisa/candpy_ws/build/cpp_pkg' returned '0': CMAKE_PREFIX_PATH=/opt/ros/humble /usr/bin/cmake /home/nagisa/candpy_ws/src/cpp_pkg -DCMAKE_INSTALL_PREFIX=/home/nagisa/candpy_ws/install/cpp_pkg
[0.835s] DEBUG:colcon.colcon_core.event_handler.log_command:Invoking command in '/home/nagisa/candpy_ws/build/cpp_pkg': CMAKE_PREFIX_PATH=/opt/ros/humble /usr/bin/cmake --build /home/nagisa/candpy_ws/build/cpp_pkg -- -j12 -l12
[0.880s] DEBUG:colcon.colcon_core.event_handler.log_command:Invoking command in '/home/nagisa/candpy_ws/src/py_pkg': PYTHONPATH=/home/nagisa/candpy_ws/build/py_pkg/prefix_override:/usr/lib/python3/dist-packages/colcon_core/task/python/colcon_distutils_commands:/home/nagisa/candpy_ws/install/py_pkg/lib/python3.10/site-packages:${PYTHONPATH} /usr/bin/python3 -W ignore:setup.py install is deprecated setup.py egg_info --egg-base ../../build/py_pkg build --build-base /home/nagisa/candpy_ws/build/py_pkg/build install --record /home/nagisa/candpy_ws/build/py_pkg/install.log --single-version-externally-managed install_data
[1.124s] DEBUG:colcon.colcon_core.event_handler.log_command:Invoked command in '/home/nagisa/candpy_ws/src/py_pkg' returned '0': PYTHONPATH=/home/nagisa/candpy_ws/build/py_pkg/prefix_override:/usr/lib/python3/dist-packages/colcon_core/task/python/colcon_distutils_commands:/home/nagisa/candpy_ws/install/py_pkg/lib/python3.10/site-packages:${PYTHONPATH} /usr/bin/python3 -W ignore:setup.py install is deprecated setup.py egg_info --egg-base ../../build/py_pkg build --build-base /home/nagisa/candpy_ws/build/py_pkg/build install --record /home/nagisa/candpy_ws/build/py_pkg/install.log --single-version-externally-managed install_data
[1.126s] Level 1:colcon.colcon_core.environment:checking '/home/nagisa/candpy_ws/install/py_pkg' for CMake module files
[1.127s] Level 1:colcon.colcon_core.environment:checking '/home/nagisa/candpy_ws/install/py_pkg' for CMake config files
[1.127s] Level 1:colcon.colcon_core.environment:checking '/home/nagisa/candpy_ws/install/py_pkg/lib'
[1.127s] Level 1:colcon.colcon_core.environment:checking '/home/nagisa/candpy_ws/install/py_pkg/bin'
[1.128s] Level 1:colcon.colcon_core.environment:checking '/home/nagisa/candpy_ws/install/py_pkg/lib/pkgconfig/py_pkg.pc'
[1.128s] Level 1:colcon.colcon_core.environment:checking '/home/nagisa/candpy_ws/install/py_pkg/lib/python3.10/site-packages'
[1.128s] Level 1:colcon.colcon_core.shell:create_environment_hook('py_pkg', 'pythonpath')
[1.128s] INFO:colcon.colcon_core.shell:Creating environment hook '/home/nagisa/candpy_ws/install/py_pkg/share/py_pkg/hook/pythonpath.ps1'
[1.128s] INFO:colcon.colcon_core.shell:Creating environment descriptor '/home/nagisa/candpy_ws/install/py_pkg/share/py_pkg/hook/pythonpath.dsv'
[1.129s] INFO:colcon.colcon_core.shell:Creating environment hook '/home/nagisa/candpy_ws/install/py_pkg/share/py_pkg/hook/pythonpath.sh'
[1.129s] Level 1:colcon.colcon_core.environment:checking '/home/nagisa/candpy_ws/install/py_pkg/bin'
[1.129s] Level 1:colcon.colcon_core.environment:create_environment_scripts_only(py_pkg)
[1.130s] INFO:colcon.colcon_core.shell:Creating package script '/home/nagisa/candpy_ws/install/py_pkg/share/py_pkg/package.ps1'
[1.130s] INFO:colcon.colcon_core.shell:Creating package descriptor '/home/nagisa/candpy_ws/install/py_pkg/share/py_pkg/package.dsv'
[1.131s] INFO:colcon.colcon_core.shell:Creating package script '/home/nagisa/candpy_ws/install/py_pkg/share/py_pkg/package.sh'
[1.131s] INFO:colcon.colcon_core.shell:Creating package script '/home/nagisa/candpy_ws/install/py_pkg/share/py_pkg/package.bash'
[1.132s] INFO:colcon.colcon_core.shell:Creating package script '/home/nagisa/candpy_ws/install/py_pkg/share/py_pkg/package.zsh'
[1.133s] Level 1:colcon.colcon_core.environment:create_file_with_runtime_dependencies(/home/nagisa/candpy_ws/install/py_pkg/share/colcon-core/packages/py_pkg)
[7.842s] DEBUG:colcon.colcon_core.event_handler.log_command:Invoked command in '/home/nagisa/candpy_ws/build/cpp_pkg' returned '2': CMAKE_PREFIX_PATH=/opt/ros/humble /usr/bin/cmake --build /home/nagisa/candpy_ws/build/cpp_pkg -- -j12 -l12
[7.885s] Level 1:colcon.colcon_core.environment:create_environment_scripts_only(cpp_pkg)
[7.885s] Level 1:colcon.colcon_core.environment:checking '/home/nagisa/candpy_ws/install/cpp_pkg' for CMake module files
[7.886s] Level 1:colcon.colcon_core.environment:checking '/home/nagisa/candpy_ws/install/cpp_pkg' for CMake config files
[7.886s] Level 1:colcon.colcon_core.environment:checking '/home/nagisa/candpy_ws/install/cpp_pkg/bin'
[7.886s] Level 1:colcon.colcon_core.environment:checking '/home/nagisa/candpy_ws/install/cpp_pkg/lib/pkgconfig/cpp_pkg.pc'
[7.886s] Level 1:colcon.colcon_core.environment:checking '/home/nagisa/candpy_ws/install/cpp_pkg/lib/python3.10/site-packages'
[7.886s] Level 1:colcon.colcon_core.environment:checking '/home/nagisa/candpy_ws/install/cpp_pkg/bin'
[7.887s] INFO:colcon.colcon_core.shell:Creating package script '/home/nagisa/candpy_ws/install/cpp_pkg/share/cpp_pkg/package.ps1'
[7.887s] INFO:colcon.colcon_core.shell:Creating package descriptor '/home/nagisa/candpy_ws/install/cpp_pkg/share/cpp_pkg/package.dsv'
[7.887s] INFO:colcon.colcon_core.shell:Creating package script '/home/nagisa/candpy_ws/install/cpp_pkg/share/cpp_pkg/package.sh'
[7.888s] INFO:colcon.colcon_core.shell:Creating package script '/home/nagisa/candpy_ws/install/cpp_pkg/share/cpp_pkg/package.bash'
[7.888s] INFO:colcon.colcon_core.shell:Creating package script '/home/nagisa/candpy_ws/install/cpp_pkg/share/cpp_pkg/package.zsh'
[7.888s] Level 1:colcon.colcon_core.environment:create_file_with_runtime_dependencies(/home/nagisa/candpy_ws/install/cpp_pkg/share/colcon-core/packages/cpp_pkg)
[7.899s] DEBUG:colcon.colcon_parallel_executor.executor.parallel:closing loop
[7.899s] DEBUG:colcon.colcon_parallel_executor.executor.parallel:loop closed
[7.899s] DEBUG:colcon.colcon_parallel_executor.executor.parallel:run_until_complete finished with '2'
[7.899s] DEBUG:colcon.colcon_core.event_reactor:joining thread
[7.904s] INFO:colcon.colcon_core.plugin_system:Skipping extension 'colcon_notification.desktop_notification.terminal_notifier': Not used on non-Darwin systems
[7.904s] INFO:colcon.colcon_core.plugin_system:Skipping extension 'colcon_notification.desktop_notification.win32': Not used on non-Windows systems
[7.904s] INFO:colcon.colcon_notification.desktop_notification:Sending desktop notification using 'notify2'
[7.930s] DEBUG:colcon.colcon_core.event_reactor:joined thread
[7.930s] INFO:colcon.colcon_core.shell:Creating prefix script '/home/nagisa/candpy_ws/install/local_setup.ps1'
[7.931s] INFO:colcon.colcon_core.shell:Creating prefix util module '/home/nagisa/candpy_ws/install/_local_setup_util_ps1.py'
[7.932s] INFO:colcon.colcon_core.shell:Creating prefix chain script '/home/nagisa/candpy_ws/install/setup.ps1'
[7.933s] INFO:colcon.colcon_core.shell:Creating prefix script '/home/nagisa/candpy_ws/install/local_setup.sh'
[7.934s] INFO:colcon.colcon_core.shell:Creating prefix util module '/home/nagisa/candpy_ws/install/_local_setup_util_sh.py'
[7.935s] INFO:colcon.colcon_core.shell:Creating prefix chain script '/home/nagisa/candpy_ws/install/setup.sh'
[7.935s] INFO:colcon.colcon_core.shell:Creating prefix script '/home/nagisa/candpy_ws/install/local_setup.bash'
[7.936s] INFO:colcon.colcon_core.shell:Creating prefix chain script '/home/nagisa/candpy_ws/install/setup.bash'
[7.937s] INFO:colcon.colcon_core.shell:Creating prefix script '/home/nagisa/candpy_ws/install/local_setup.zsh'
[7.937s] INFO:colcon.colcon_core.shell:Creating prefix chain script '/home/nagisa/candpy_ws/install/setup.zsh'
