[0.018s] Invoking command in '/home/nagisa/fishbot_ws/build/nav_2d_msgs': CMAKE_PREFIX_PATH=/opt/ros/humble /usr/bin/cmake --build /home/nagisa/fishbot_ws/build/nav_2d_msgs -- -j12 -l12
[0.129s] [  1%] Built target nav_2d_msgs__cpp
[0.135s] [ 12%] Built target nav_2d_msgs__rosidl_generator_c
[0.152s] [ 12%] Built target ament_cmake_python_copy_nav_2d_msgs
[0.167s] [ 23%] Built target nav_2d_msgs__rosidl_typesupport_cpp
[0.175s] [ 36%] Built target nav_2d_msgs__rosidl_typesupport_c
[0.176s] [ 46%] Built target nav_2d_msgs__rosidl_typesupport_introspection_c
[0.177s] [ 57%] Built target nav_2d_msgs__rosidl_typesupport_introspection_cpp
[0.178s] [ 69%] Built target nav_2d_msgs__rosidl_typesupport_fastrtps_cpp
[0.182s] [ 80%] Built target nav_2d_msgs__rosidl_typesupport_fastrtps_c
[0.209s] [ 80%] Built target nav_2d_msgs
[0.240s] [ 81%] Built target nav_2d_msgs__py
[0.279s] [ 91%] Built target nav_2d_msgs__rosidl_generator_py
[0.310s] [ 97%] Built target nav_2d_msgs__rosidl_typesupport_introspection_c__pyext
[0.310s] [ 97%] Built target nav_2d_msgs__rosidl_typesupport_fastrtps_c__pyext
[0.312s] [100%] Built target nav_2d_msgs__rosidl_typesupport_c__pyext
[0.375s] running egg_info
[0.375s] writing nav_2d_msgs.egg-info/PKG-INFO
[0.376s] writing dependency_links to nav_2d_msgs.egg-info/dependency_links.txt
[0.376s] writing top-level names to nav_2d_msgs.egg-info/top_level.txt
[0.378s] reading manifest file 'nav_2d_msgs.egg-info/SOURCES.txt'
[0.379s] writing manifest file 'nav_2d_msgs.egg-info/SOURCES.txt'
[0.404s] [100%] Built target ament_cmake_python_build_nav_2d_msgs_egg
[0.415s] Invoked command in '/home/nagisa/fishbot_ws/build/nav_2d_msgs' returned '0': CMAKE_PREFIX_PATH=/opt/ros/humble /usr/bin/cmake --build /home/nagisa/fishbot_ws/build/nav_2d_msgs -- -j12 -l12
[0.716s] Invoking command in '/home/nagisa/fishbot_ws/build/nav_2d_msgs': CMAKE_PREFIX_PATH=/opt/ros/humble /usr/bin/cmake --install /home/nagisa/fishbot_ws/build/nav_2d_msgs
[0.725s] -- Install configuration: ""
[0.726s] -- Up-to-date: /home/nagisa/fishbot_ws/install/nav_2d_msgs/share/ament_index/resource_index/rosidl_interfaces/nav_2d_msgs
[0.727s] -- Up-to-date: /home/nagisa/fishbot_ws/install/nav_2d_msgs/include/nav_2d_msgs/nav_2d_msgs
[0.727s] -- Up-to-date: /home/nagisa/fishbot_ws/install/nav_2d_msgs/include/nav_2d_msgs/nav_2d_msgs/msg
[0.728s] -- Up-to-date: /home/nagisa/fishbot_ws/install/nav_2d_msgs/include/nav_2d_msgs/nav_2d_msgs/msg/path2_d.h
[0.728s] -- Up-to-date: /home/nagisa/fishbot_ws/install/nav_2d_msgs/include/nav_2d_msgs/nav_2d_msgs/msg/twist2_d.h
[0.728s] -- Up-to-date: /home/nagisa/fishbot_ws/install/nav_2d_msgs/include/nav_2d_msgs/nav_2d_msgs/msg/pose2_d_stamped.h
[0.728s] -- Up-to-date: /home/nagisa/fishbot_ws/install/nav_2d_msgs/include/nav_2d_msgs/nav_2d_msgs/msg/twist2_d_stamped.h
[0.728s] -- Up-to-date: /home/nagisa/fishbot_ws/install/nav_2d_msgs/include/nav_2d_msgs/nav_2d_msgs/msg/rosidl_generator_c__visibility_control.h
[0.729s] -- Up-to-date: /home/nagisa/fishbot_ws/install/nav_2d_msgs/include/nav_2d_msgs/nav_2d_msgs/msg/twist2_d32.h
[0.729s] -- Up-to-date: /home/nagisa/fishbot_ws/install/nav_2d_msgs/include/nav_2d_msgs/nav_2d_msgs/msg/pose2_d32.h
[0.729s] -- Up-to-date: /home/nagisa/fishbot_ws/install/nav_2d_msgs/include/nav_2d_msgs/nav_2d_msgs/msg/detail
[0.729s] -- Up-to-date: /home/nagisa/fishbot_ws/install/nav_2d_msgs/include/nav_2d_msgs/nav_2d_msgs/msg/detail/pose2_d32__struct.h
[0.729s] -- Up-to-date: /home/nagisa/fishbot_ws/install/nav_2d_msgs/include/nav_2d_msgs/nav_2d_msgs/msg/detail/pose2_d32__functions.c
[0.729s] -- Up-to-date: /home/nagisa/fishbot_ws/install/nav_2d_msgs/include/nav_2d_msgs/nav_2d_msgs/msg/detail/twist2_d32__type_support.h
[0.729s] -- Up-to-date: /home/nagisa/fishbot_ws/install/nav_2d_msgs/include/nav_2d_msgs/nav_2d_msgs/msg/detail/twist2_d__functions.c
[0.730s] -- Up-to-date: /home/nagisa/fishbot_ws/install/nav_2d_msgs/include/nav_2d_msgs/nav_2d_msgs/msg/detail/pose2_d_stamped__functions.h
[0.730s] -- Up-to-date: /home/nagisa/fishbot_ws/install/nav_2d_msgs/include/nav_2d_msgs/nav_2d_msgs/msg/detail/twist2_d32__functions.h
[0.730s] -- Up-to-date: /home/nagisa/fishbot_ws/install/nav_2d_msgs/include/nav_2d_msgs/nav_2d_msgs/msg/detail/pose2_d_stamped__type_support.h
[0.730s] -- Up-to-date: /home/nagisa/fishbot_ws/install/nav_2d_msgs/include/nav_2d_msgs/nav_2d_msgs/msg/detail/twist2_d32__struct.h
[0.730s] -- Up-to-date: /home/nagisa/fishbot_ws/install/nav_2d_msgs/include/nav_2d_msgs/nav_2d_msgs/msg/detail/twist2_d__functions.h
[0.730s] -- Up-to-date: /home/nagisa/fishbot_ws/install/nav_2d_msgs/include/nav_2d_msgs/nav_2d_msgs/msg/detail/twist2_d32__functions.c
[0.731s] -- Up-to-date: /home/nagisa/fishbot_ws/install/nav_2d_msgs/include/nav_2d_msgs/nav_2d_msgs/msg/detail/pose2_d_stamped__struct.h
[0.731s] -- Up-to-date: /home/nagisa/fishbot_ws/install/nav_2d_msgs/include/nav_2d_msgs/nav_2d_msgs/msg/detail/twist2_d_stamped__struct.h
[0.731s] -- Up-to-date: /home/nagisa/fishbot_ws/install/nav_2d_msgs/include/nav_2d_msgs/nav_2d_msgs/msg/detail/twist2_d_stamped__type_support.h
[0.731s] -- Up-to-date: /home/nagisa/fishbot_ws/install/nav_2d_msgs/include/nav_2d_msgs/nav_2d_msgs/msg/detail/twist2_d__type_support.h
[0.731s] -- Up-to-date: /home/nagisa/fishbot_ws/install/nav_2d_msgs/include/nav_2d_msgs/nav_2d_msgs/msg/detail/pose2_d_stamped__functions.c
[0.731s] -- Up-to-date: /home/nagisa/fishbot_ws/install/nav_2d_msgs/include/nav_2d_msgs/nav_2d_msgs/msg/detail/twist2_d__struct.h
[0.731s] -- Up-to-date: /home/nagisa/fishbot_ws/install/nav_2d_msgs/include/nav_2d_msgs/nav_2d_msgs/msg/detail/path2_d__functions.h
[0.731s] -- Up-to-date: /home/nagisa/fishbot_ws/install/nav_2d_msgs/include/nav_2d_msgs/nav_2d_msgs/msg/detail/twist2_d_stamped__functions.h
[0.732s] -- Up-to-date: /home/nagisa/fishbot_ws/install/nav_2d_msgs/include/nav_2d_msgs/nav_2d_msgs/msg/detail/twist2_d_stamped__functions.c
[0.732s] -- Up-to-date: /home/nagisa/fishbot_ws/install/nav_2d_msgs/include/nav_2d_msgs/nav_2d_msgs/msg/detail/path2_d__struct.h
[0.732s] -- Up-to-date: /home/nagisa/fishbot_ws/install/nav_2d_msgs/include/nav_2d_msgs/nav_2d_msgs/msg/detail/pose2_d32__type_support.h
[0.732s] -- Up-to-date: /home/nagisa/fishbot_ws/install/nav_2d_msgs/include/nav_2d_msgs/nav_2d_msgs/msg/detail/pose2_d32__functions.h
[0.732s] -- Up-to-date: /home/nagisa/fishbot_ws/install/nav_2d_msgs/include/nav_2d_msgs/nav_2d_msgs/msg/detail/path2_d__functions.c
[0.732s] -- Up-to-date: /home/nagisa/fishbot_ws/install/nav_2d_msgs/include/nav_2d_msgs/nav_2d_msgs/msg/detail/path2_d__type_support.h
[0.732s] -- Up-to-date: /home/nagisa/fishbot_ws/install/nav_2d_msgs/share/nav_2d_msgs/environment/library_path.sh
[0.733s] -- Up-to-date: /home/nagisa/fishbot_ws/install/nav_2d_msgs/share/nav_2d_msgs/environment/library_path.dsv
[0.733s] -- Up-to-date: /home/nagisa/fishbot_ws/install/nav_2d_msgs/lib/libnav_2d_msgs__rosidl_generator_c.so
[0.733s] -- Up-to-date: /home/nagisa/fishbot_ws/install/nav_2d_msgs/include/nav_2d_msgs/nav_2d_msgs
[0.733s] -- Up-to-date: /home/nagisa/fishbot_ws/install/nav_2d_msgs/include/nav_2d_msgs/nav_2d_msgs/msg
[0.733s] -- Up-to-date: /home/nagisa/fishbot_ws/install/nav_2d_msgs/include/nav_2d_msgs/nav_2d_msgs/msg/rosidl_typesupport_fastrtps_c__visibility_control.h
[0.733s] -- Up-to-date: /home/nagisa/fishbot_ws/install/nav_2d_msgs/include/nav_2d_msgs/nav_2d_msgs/msg/detail
[0.733s] -- Up-to-date: /home/nagisa/fishbot_ws/install/nav_2d_msgs/include/nav_2d_msgs/nav_2d_msgs/msg/detail/pose2_d_stamped__rosidl_typesupport_fastrtps_c.h
[0.733s] -- Up-to-date: /home/nagisa/fishbot_ws/install/nav_2d_msgs/include/nav_2d_msgs/nav_2d_msgs/msg/detail/path2_d__rosidl_typesupport_fastrtps_c.h
[0.733s] -- Up-to-date: /home/nagisa/fishbot_ws/install/nav_2d_msgs/include/nav_2d_msgs/nav_2d_msgs/msg/detail/pose2_d32__rosidl_typesupport_fastrtps_c.h
[0.733s] -- Up-to-date: /home/nagisa/fishbot_ws/install/nav_2d_msgs/include/nav_2d_msgs/nav_2d_msgs/msg/detail/twist2_d32__rosidl_typesupport_fastrtps_c.h
[0.733s] -- Up-to-date: /home/nagisa/fishbot_ws/install/nav_2d_msgs/include/nav_2d_msgs/nav_2d_msgs/msg/detail/twist2_d__rosidl_typesupport_fastrtps_c.h
[0.733s] -- Up-to-date: /home/nagisa/fishbot_ws/install/nav_2d_msgs/include/nav_2d_msgs/nav_2d_msgs/msg/detail/twist2_d_stamped__rosidl_typesupport_fastrtps_c.h
[0.733s] -- Up-to-date: /home/nagisa/fishbot_ws/install/nav_2d_msgs/lib/libnav_2d_msgs__rosidl_typesupport_fastrtps_c.so
[0.734s] -- Up-to-date: /home/nagisa/fishbot_ws/install/nav_2d_msgs/include/nav_2d_msgs/nav_2d_msgs
[0.734s] -- Up-to-date: /home/nagisa/fishbot_ws/install/nav_2d_msgs/include/nav_2d_msgs/nav_2d_msgs/msg
[0.734s] -- Up-to-date: /home/nagisa/fishbot_ws/install/nav_2d_msgs/include/nav_2d_msgs/nav_2d_msgs/msg/path2_d.hpp
[0.735s] -- Up-to-date: /home/nagisa/fishbot_ws/install/nav_2d_msgs/include/nav_2d_msgs/nav_2d_msgs/msg/pose2_d_stamped.hpp
[0.735s] -- Up-to-date: /home/nagisa/fishbot_ws/install/nav_2d_msgs/include/nav_2d_msgs/nav_2d_msgs/msg/detail
[0.735s] -- Up-to-date: /home/nagisa/fishbot_ws/install/nav_2d_msgs/include/nav_2d_msgs/nav_2d_msgs/msg/detail/pose2_d32__builder.hpp
[0.735s] -- Up-to-date: /home/nagisa/fishbot_ws/install/nav_2d_msgs/include/nav_2d_msgs/nav_2d_msgs/msg/detail/twist2_d_stamped__struct.hpp
[0.735s] -- Up-to-date: /home/nagisa/fishbot_ws/install/nav_2d_msgs/include/nav_2d_msgs/nav_2d_msgs/msg/detail/twist2_d32__builder.hpp
[0.735s] -- Up-to-date: /home/nagisa/fishbot_ws/install/nav_2d_msgs/include/nav_2d_msgs/nav_2d_msgs/msg/detail/pose2_d_stamped__struct.hpp
[0.735s] -- Up-to-date: /home/nagisa/fishbot_ws/install/nav_2d_msgs/include/nav_2d_msgs/nav_2d_msgs/msg/detail/twist2_d__struct.hpp
[0.735s] -- Up-to-date: /home/nagisa/fishbot_ws/install/nav_2d_msgs/include/nav_2d_msgs/nav_2d_msgs/msg/detail/twist2_d__builder.hpp
[0.736s] -- Up-to-date: /home/nagisa/fishbot_ws/install/nav_2d_msgs/include/nav_2d_msgs/nav_2d_msgs/msg/detail/pose2_d_stamped__builder.hpp
[0.736s] -- Up-to-date: /home/nagisa/fishbot_ws/install/nav_2d_msgs/include/nav_2d_msgs/nav_2d_msgs/msg/detail/path2_d__builder.hpp
[0.736s] -- Up-to-date: /home/nagisa/fishbot_ws/install/nav_2d_msgs/include/nav_2d_msgs/nav_2d_msgs/msg/detail/pose2_d32__struct.hpp
[0.736s] -- Up-to-date: /home/nagisa/fishbot_ws/install/nav_2d_msgs/include/nav_2d_msgs/nav_2d_msgs/msg/detail/pose2_d_stamped__traits.hpp
[0.736s] -- Up-to-date: /home/nagisa/fishbot_ws/install/nav_2d_msgs/include/nav_2d_msgs/nav_2d_msgs/msg/detail/twist2_d32__traits.hpp
[0.736s] -- Up-to-date: /home/nagisa/fishbot_ws/install/nav_2d_msgs/include/nav_2d_msgs/nav_2d_msgs/msg/detail/path2_d__struct.hpp
[0.737s] -- Up-to-date: /home/nagisa/fishbot_ws/install/nav_2d_msgs/include/nav_2d_msgs/nav_2d_msgs/msg/detail/pose2_d32__traits.hpp
[0.737s] -- Up-to-date: /home/nagisa/fishbot_ws/install/nav_2d_msgs/include/nav_2d_msgs/nav_2d_msgs/msg/detail/twist2_d_stamped__builder.hpp
[0.737s] -- Up-to-date: /home/nagisa/fishbot_ws/install/nav_2d_msgs/include/nav_2d_msgs/nav_2d_msgs/msg/detail/path2_d__traits.hpp
[0.737s] -- Up-to-date: /home/nagisa/fishbot_ws/install/nav_2d_msgs/include/nav_2d_msgs/nav_2d_msgs/msg/detail/twist2_d_stamped__traits.hpp
[0.737s] -- Up-to-date: /home/nagisa/fishbot_ws/install/nav_2d_msgs/include/nav_2d_msgs/nav_2d_msgs/msg/detail/twist2_d__traits.hpp
[0.737s] -- Up-to-date: /home/nagisa/fishbot_ws/install/nav_2d_msgs/include/nav_2d_msgs/nav_2d_msgs/msg/detail/twist2_d32__struct.hpp
[0.737s] -- Up-to-date: /home/nagisa/fishbot_ws/install/nav_2d_msgs/include/nav_2d_msgs/nav_2d_msgs/msg/twist2_d.hpp
[0.737s] -- Up-to-date: /home/nagisa/fishbot_ws/install/nav_2d_msgs/include/nav_2d_msgs/nav_2d_msgs/msg/twist2_d32.hpp
[0.737s] -- Up-to-date: /home/nagisa/fishbot_ws/install/nav_2d_msgs/include/nav_2d_msgs/nav_2d_msgs/msg/pose2_d32.hpp
[0.737s] -- Up-to-date: /home/nagisa/fishbot_ws/install/nav_2d_msgs/include/nav_2d_msgs/nav_2d_msgs/msg/twist2_d_stamped.hpp
[0.737s] -- Up-to-date: /home/nagisa/fishbot_ws/install/nav_2d_msgs/include/nav_2d_msgs/nav_2d_msgs
[0.737s] -- Up-to-date: /home/nagisa/fishbot_ws/install/nav_2d_msgs/include/nav_2d_msgs/nav_2d_msgs/msg
[0.737s] -- Up-to-date: /home/nagisa/fishbot_ws/install/nav_2d_msgs/include/nav_2d_msgs/nav_2d_msgs/msg/rosidl_typesupport_fastrtps_cpp__visibility_control.h
[0.737s] -- Up-to-date: /home/nagisa/fishbot_ws/install/nav_2d_msgs/include/nav_2d_msgs/nav_2d_msgs/msg/detail
[0.737s] -- Up-to-date: /home/nagisa/fishbot_ws/install/nav_2d_msgs/include/nav_2d_msgs/nav_2d_msgs/msg/detail/twist2_d_stamped__rosidl_typesupport_fastrtps_cpp.hpp
[0.737s] -- Up-to-date: /home/nagisa/fishbot_ws/install/nav_2d_msgs/include/nav_2d_msgs/nav_2d_msgs/msg/detail/pose2_d32__rosidl_typesupport_fastrtps_cpp.hpp
[0.738s] -- Up-to-date: /home/nagisa/fishbot_ws/install/nav_2d_msgs/include/nav_2d_msgs/nav_2d_msgs/msg/detail/path2_d__rosidl_typesupport_fastrtps_cpp.hpp
[0.738s] -- Up-to-date: /home/nagisa/fishbot_ws/install/nav_2d_msgs/include/nav_2d_msgs/nav_2d_msgs/msg/detail/pose2_d_stamped__rosidl_typesupport_fastrtps_cpp.hpp
[0.738s] -- Up-to-date: /home/nagisa/fishbot_ws/install/nav_2d_msgs/include/nav_2d_msgs/nav_2d_msgs/msg/detail/twist2_d__rosidl_typesupport_fastrtps_cpp.hpp
[0.738s] -- Up-to-date: /home/nagisa/fishbot_ws/install/nav_2d_msgs/include/nav_2d_msgs/nav_2d_msgs/msg/detail/twist2_d32__rosidl_typesupport_fastrtps_cpp.hpp
[0.738s] -- Up-to-date: /home/nagisa/fishbot_ws/install/nav_2d_msgs/include/nav_2d_msgs/nav_2d_msgs/msg/detail/dds_fastrtps
[0.738s] -- Up-to-date: /home/nagisa/fishbot_ws/install/nav_2d_msgs/lib/libnav_2d_msgs__rosidl_typesupport_fastrtps_cpp.so
[0.738s] -- Up-to-date: /home/nagisa/fishbot_ws/install/nav_2d_msgs/include/nav_2d_msgs/nav_2d_msgs
[0.738s] -- Up-to-date: /home/nagisa/fishbot_ws/install/nav_2d_msgs/include/nav_2d_msgs/nav_2d_msgs/msg
[0.738s] -- Up-to-date: /home/nagisa/fishbot_ws/install/nav_2d_msgs/include/nav_2d_msgs/nav_2d_msgs/msg/rosidl_typesupport_introspection_c__visibility_control.h
[0.738s] -- Up-to-date: /home/nagisa/fishbot_ws/install/nav_2d_msgs/include/nav_2d_msgs/nav_2d_msgs/msg/detail
[0.738s] -- Up-to-date: /home/nagisa/fishbot_ws/install/nav_2d_msgs/include/nav_2d_msgs/nav_2d_msgs/msg/detail/pose2_d32__type_support.c
[0.738s] -- Up-to-date: /home/nagisa/fishbot_ws/install/nav_2d_msgs/include/nav_2d_msgs/nav_2d_msgs/msg/detail/twist2_d_stamped__rosidl_typesupport_introspection_c.h
[0.738s] -- Up-to-date: /home/nagisa/fishbot_ws/install/nav_2d_msgs/include/nav_2d_msgs/nav_2d_msgs/msg/detail/path2_d__type_support.c
[0.738s] -- Up-to-date: /home/nagisa/fishbot_ws/install/nav_2d_msgs/include/nav_2d_msgs/nav_2d_msgs/msg/detail/pose2_d_stamped__rosidl_typesupport_introspection_c.h
[0.738s] -- Up-to-date: /home/nagisa/fishbot_ws/install/nav_2d_msgs/include/nav_2d_msgs/nav_2d_msgs/msg/detail/pose2_d_stamped__type_support.c
[0.738s] -- Up-to-date: /home/nagisa/fishbot_ws/install/nav_2d_msgs/include/nav_2d_msgs/nav_2d_msgs/msg/detail/twist2_d__type_support.c
[0.738s] -- Up-to-date: /home/nagisa/fishbot_ws/install/nav_2d_msgs/include/nav_2d_msgs/nav_2d_msgs/msg/detail/twist2_d_stamped__type_support.c
[0.738s] -- Up-to-date: /home/nagisa/fishbot_ws/install/nav_2d_msgs/include/nav_2d_msgs/nav_2d_msgs/msg/detail/twist2_d32__rosidl_typesupport_introspection_c.h
[0.739s] -- Up-to-date: /home/nagisa/fishbot_ws/install/nav_2d_msgs/include/nav_2d_msgs/nav_2d_msgs/msg/detail/pose2_d32__rosidl_typesupport_introspection_c.h
[0.739s] -- Up-to-date: /home/nagisa/fishbot_ws/install/nav_2d_msgs/include/nav_2d_msgs/nav_2d_msgs/msg/detail/twist2_d__rosidl_typesupport_introspection_c.h
[0.739s] -- Up-to-date: /home/nagisa/fishbot_ws/install/nav_2d_msgs/include/nav_2d_msgs/nav_2d_msgs/msg/detail/twist2_d32__type_support.c
[0.739s] -- Up-to-date: /home/nagisa/fishbot_ws/install/nav_2d_msgs/include/nav_2d_msgs/nav_2d_msgs/msg/detail/path2_d__rosidl_typesupport_introspection_c.h
[0.739s] -- Up-to-date: /home/nagisa/fishbot_ws/install/nav_2d_msgs/lib/libnav_2d_msgs__rosidl_typesupport_introspection_c.so
[0.739s] -- Up-to-date: /home/nagisa/fishbot_ws/install/nav_2d_msgs/lib/libnav_2d_msgs__rosidl_typesupport_c.so
[0.739s] -- Up-to-date: /home/nagisa/fishbot_ws/install/nav_2d_msgs/include/nav_2d_msgs/nav_2d_msgs
[0.739s] -- Up-to-date: /home/nagisa/fishbot_ws/install/nav_2d_msgs/include/nav_2d_msgs/nav_2d_msgs/msg
[0.740s] -- Up-to-date: /home/nagisa/fishbot_ws/install/nav_2d_msgs/include/nav_2d_msgs/nav_2d_msgs/msg/detail
[0.740s] -- Up-to-date: /home/nagisa/fishbot_ws/install/nav_2d_msgs/include/nav_2d_msgs/nav_2d_msgs/msg/detail/pose2_d32__type_support.cpp
[0.740s] -- Up-to-date: /home/nagisa/fishbot_ws/install/nav_2d_msgs/include/nav_2d_msgs/nav_2d_msgs/msg/detail/twist2_d_stamped__type_support.cpp
[0.740s] -- Up-to-date: /home/nagisa/fishbot_ws/install/nav_2d_msgs/include/nav_2d_msgs/nav_2d_msgs/msg/detail/twist2_d_stamped__rosidl_typesupport_introspection_cpp.hpp
[0.740s] -- Up-to-date: /home/nagisa/fishbot_ws/install/nav_2d_msgs/include/nav_2d_msgs/nav_2d_msgs/msg/detail/pose2_d_stamped__type_support.cpp
[0.740s] -- Up-to-date: /home/nagisa/fishbot_ws/install/nav_2d_msgs/include/nav_2d_msgs/nav_2d_msgs/msg/detail/twist2_d__rosidl_typesupport_introspection_cpp.hpp
[0.740s] -- Up-to-date: /home/nagisa/fishbot_ws/install/nav_2d_msgs/include/nav_2d_msgs/nav_2d_msgs/msg/detail/path2_d__rosidl_typesupport_introspection_cpp.hpp
[0.740s] -- Up-to-date: /home/nagisa/fishbot_ws/install/nav_2d_msgs/include/nav_2d_msgs/nav_2d_msgs/msg/detail/twist2_d32__type_support.cpp
[0.740s] -- Up-to-date: /home/nagisa/fishbot_ws/install/nav_2d_msgs/include/nav_2d_msgs/nav_2d_msgs/msg/detail/twist2_d__type_support.cpp
[0.740s] -- Up-to-date: /home/nagisa/fishbot_ws/install/nav_2d_msgs/include/nav_2d_msgs/nav_2d_msgs/msg/detail/path2_d__type_support.cpp
[0.740s] -- Up-to-date: /home/nagisa/fishbot_ws/install/nav_2d_msgs/include/nav_2d_msgs/nav_2d_msgs/msg/detail/pose2_d32__rosidl_typesupport_introspection_cpp.hpp
[0.740s] -- Up-to-date: /home/nagisa/fishbot_ws/install/nav_2d_msgs/include/nav_2d_msgs/nav_2d_msgs/msg/detail/pose2_d_stamped__rosidl_typesupport_introspection_cpp.hpp
[0.740s] -- Up-to-date: /home/nagisa/fishbot_ws/install/nav_2d_msgs/include/nav_2d_msgs/nav_2d_msgs/msg/detail/twist2_d32__rosidl_typesupport_introspection_cpp.hpp
[0.741s] -- Up-to-date: /home/nagisa/fishbot_ws/install/nav_2d_msgs/lib/libnav_2d_msgs__rosidl_typesupport_introspection_cpp.so
[0.742s] -- Up-to-date: /home/nagisa/fishbot_ws/install/nav_2d_msgs/lib/libnav_2d_msgs__rosidl_typesupport_cpp.so
[0.742s] -- Up-to-date: /home/nagisa/fishbot_ws/install/nav_2d_msgs/share/nav_2d_msgs/environment/pythonpath.sh
[0.742s] -- Up-to-date: /home/nagisa/fishbot_ws/install/nav_2d_msgs/share/nav_2d_msgs/environment/pythonpath.dsv
[0.743s] -- Up-to-date: /home/nagisa/fishbot_ws/install/nav_2d_msgs/local/lib/python3.10/dist-packages/nav_2d_msgs-1.1.16-py3.10.egg-info
[0.743s] -- Installing: /home/nagisa/fishbot_ws/install/nav_2d_msgs/local/lib/python3.10/dist-packages/nav_2d_msgs-1.1.16-py3.10.egg-info/dependency_links.txt
[0.743s] -- Installing: /home/nagisa/fishbot_ws/install/nav_2d_msgs/local/lib/python3.10/dist-packages/nav_2d_msgs-1.1.16-py3.10.egg-info/SOURCES.txt
[0.743s] -- Installing: /home/nagisa/fishbot_ws/install/nav_2d_msgs/local/lib/python3.10/dist-packages/nav_2d_msgs-1.1.16-py3.10.egg-info/top_level.txt
[0.744s] -- Installing: /home/nagisa/fishbot_ws/install/nav_2d_msgs/local/lib/python3.10/dist-packages/nav_2d_msgs-1.1.16-py3.10.egg-info/PKG-INFO
[0.744s] -- Up-to-date: /home/nagisa/fishbot_ws/install/nav_2d_msgs/local/lib/python3.10/dist-packages/nav_2d_msgs
[0.744s] -- Up-to-date: /home/nagisa/fishbot_ws/install/nav_2d_msgs/local/lib/python3.10/dist-packages/nav_2d_msgs/_nav_2d_msgs_s.ep.rosidl_typesupport_introspection_c.c
[0.744s] -- Up-to-date: /home/nagisa/fishbot_ws/install/nav_2d_msgs/local/lib/python3.10/dist-packages/nav_2d_msgs/nav_2d_msgs_s__rosidl_typesupport_c.cpython-310-x86_64-linux-gnu.so
[0.744s] -- Up-to-date: /home/nagisa/fishbot_ws/install/nav_2d_msgs/local/lib/python3.10/dist-packages/nav_2d_msgs/_nav_2d_msgs_s.ep.rosidl_typesupport_fastrtps_c.c
[0.744s] -- Up-to-date: /home/nagisa/fishbot_ws/install/nav_2d_msgs/local/lib/python3.10/dist-packages/nav_2d_msgs/msg
[0.744s] -- Up-to-date: /home/nagisa/fishbot_ws/install/nav_2d_msgs/local/lib/python3.10/dist-packages/nav_2d_msgs/msg/_twist2_d.py
[0.745s] -- Up-to-date: /home/nagisa/fishbot_ws/install/nav_2d_msgs/local/lib/python3.10/dist-packages/nav_2d_msgs/msg/_pose2_d_stamped_s.c
[0.745s] -- Up-to-date: /home/nagisa/fishbot_ws/install/nav_2d_msgs/local/lib/python3.10/dist-packages/nav_2d_msgs/msg/_pose2_d_stamped.py
[0.745s] -- Up-to-date: /home/nagisa/fishbot_ws/install/nav_2d_msgs/local/lib/python3.10/dist-packages/nav_2d_msgs/msg/_pose2_d32.py
[0.745s] -- Up-to-date: /home/nagisa/fishbot_ws/install/nav_2d_msgs/local/lib/python3.10/dist-packages/nav_2d_msgs/msg/__init__.py
[0.745s] -- Up-to-date: /home/nagisa/fishbot_ws/install/nav_2d_msgs/local/lib/python3.10/dist-packages/nav_2d_msgs/msg/_twist2_d_stamped_s.c
[0.745s] -- Up-to-date: /home/nagisa/fishbot_ws/install/nav_2d_msgs/local/lib/python3.10/dist-packages/nav_2d_msgs/msg/_path2_d_s.c
[0.745s] -- Up-to-date: /home/nagisa/fishbot_ws/install/nav_2d_msgs/local/lib/python3.10/dist-packages/nav_2d_msgs/msg/_twist2_d_s.c
[0.746s] -- Up-to-date: /home/nagisa/fishbot_ws/install/nav_2d_msgs/local/lib/python3.10/dist-packages/nav_2d_msgs/msg/_twist2_d_stamped.py
[0.746s] -- Up-to-date: /home/nagisa/fishbot_ws/install/nav_2d_msgs/local/lib/python3.10/dist-packages/nav_2d_msgs/msg/_pose2_d32_s.c
[0.746s] -- Up-to-date: /home/nagisa/fishbot_ws/install/nav_2d_msgs/local/lib/python3.10/dist-packages/nav_2d_msgs/msg/_twist2_d32.py
[0.746s] -- Up-to-date: /home/nagisa/fishbot_ws/install/nav_2d_msgs/local/lib/python3.10/dist-packages/nav_2d_msgs/msg/_twist2_d32_s.c
[0.746s] -- Up-to-date: /home/nagisa/fishbot_ws/install/nav_2d_msgs/local/lib/python3.10/dist-packages/nav_2d_msgs/msg/_path2_d.py
[0.746s] -- Up-to-date: /home/nagisa/fishbot_ws/install/nav_2d_msgs/local/lib/python3.10/dist-packages/nav_2d_msgs/__init__.py
[0.746s] -- Up-to-date: /home/nagisa/fishbot_ws/install/nav_2d_msgs/local/lib/python3.10/dist-packages/nav_2d_msgs/nav_2d_msgs_s__rosidl_typesupport_fastrtps_c.cpython-310-x86_64-linux-gnu.so
[0.746s] -- Up-to-date: /home/nagisa/fishbot_ws/install/nav_2d_msgs/local/lib/python3.10/dist-packages/nav_2d_msgs/libnav_2d_msgs__rosidl_generator_py.so
[0.746s] -- Up-to-date: /home/nagisa/fishbot_ws/install/nav_2d_msgs/local/lib/python3.10/dist-packages/nav_2d_msgs/nav_2d_msgs_s__rosidl_typesupport_introspection_c.cpython-310-x86_64-linux-gnu.so
[0.746s] -- Up-to-date: /home/nagisa/fishbot_ws/install/nav_2d_msgs/local/lib/python3.10/dist-packages/nav_2d_msgs/_nav_2d_msgs_s.ep.rosidl_typesupport_c.c
[0.775s] Listing '/home/nagisa/fishbot_ws/install/nav_2d_msgs/local/lib/python3.10/dist-packages/nav_2d_msgs'...
[0.775s] Listing '/home/nagisa/fishbot_ws/install/nav_2d_msgs/local/lib/python3.10/dist-packages/nav_2d_msgs/msg'...
[0.780s] -- Up-to-date: /home/nagisa/fishbot_ws/install/nav_2d_msgs/local/lib/python3.10/dist-packages/nav_2d_msgs/nav_2d_msgs_s__rosidl_typesupport_fastrtps_c.cpython-310-x86_64-linux-gnu.so
[0.780s] -- Up-to-date: /home/nagisa/fishbot_ws/install/nav_2d_msgs/local/lib/python3.10/dist-packages/nav_2d_msgs/nav_2d_msgs_s__rosidl_typesupport_introspection_c.cpython-310-x86_64-linux-gnu.so
[0.781s] -- Up-to-date: /home/nagisa/fishbot_ws/install/nav_2d_msgs/local/lib/python3.10/dist-packages/nav_2d_msgs/nav_2d_msgs_s__rosidl_typesupport_c.cpython-310-x86_64-linux-gnu.so
[0.782s] -- Up-to-date: /home/nagisa/fishbot_ws/install/nav_2d_msgs/lib/libnav_2d_msgs__rosidl_generator_py.so
[0.783s] -- Up-to-date: /home/nagisa/fishbot_ws/install/nav_2d_msgs/share/nav_2d_msgs/msg/Path2D.idl
[0.783s] -- Up-to-date: /home/nagisa/fishbot_ws/install/nav_2d_msgs/share/nav_2d_msgs/msg/Pose2D32.idl
[0.783s] -- Up-to-date: /home/nagisa/fishbot_ws/install/nav_2d_msgs/share/nav_2d_msgs/msg/Pose2DStamped.idl
[0.783s] -- Up-to-date: /home/nagisa/fishbot_ws/install/nav_2d_msgs/share/nav_2d_msgs/msg/Twist2D.idl
[0.783s] -- Up-to-date: /home/nagisa/fishbot_ws/install/nav_2d_msgs/share/nav_2d_msgs/msg/Twist2D32.idl
[0.783s] -- Up-to-date: /home/nagisa/fishbot_ws/install/nav_2d_msgs/share/nav_2d_msgs/msg/Twist2DStamped.idl
[0.784s] -- Up-to-date: /home/nagisa/fishbot_ws/install/nav_2d_msgs/share/nav_2d_msgs/msg/Path2D.msg
[0.784s] -- Up-to-date: /home/nagisa/fishbot_ws/install/nav_2d_msgs/share/nav_2d_msgs/msg/Pose2D32.msg
[0.784s] -- Up-to-date: /home/nagisa/fishbot_ws/install/nav_2d_msgs/share/nav_2d_msgs/msg/Pose2DStamped.msg
[0.784s] -- Up-to-date: /home/nagisa/fishbot_ws/install/nav_2d_msgs/share/nav_2d_msgs/msg/Twist2D.msg
[0.784s] -- Up-to-date: /home/nagisa/fishbot_ws/install/nav_2d_msgs/share/nav_2d_msgs/msg/Twist2D32.msg
[0.784s] -- Up-to-date: /home/nagisa/fishbot_ws/install/nav_2d_msgs/share/nav_2d_msgs/msg/Twist2DStamped.msg
[0.785s] -- Up-to-date: /home/nagisa/fishbot_ws/install/nav_2d_msgs/share/ament_index/resource_index/package_run_dependencies/nav_2d_msgs
[0.785s] -- Up-to-date: /home/nagisa/fishbot_ws/install/nav_2d_msgs/share/ament_index/resource_index/parent_prefix_path/nav_2d_msgs
[0.785s] -- Up-to-date: /home/nagisa/fishbot_ws/install/nav_2d_msgs/share/nav_2d_msgs/environment/ament_prefix_path.sh
[0.785s] -- Up-to-date: /home/nagisa/fishbot_ws/install/nav_2d_msgs/share/nav_2d_msgs/environment/ament_prefix_path.dsv
[0.785s] -- Up-to-date: /home/nagisa/fishbot_ws/install/nav_2d_msgs/share/nav_2d_msgs/environment/path.sh
[0.785s] -- Up-to-date: /home/nagisa/fishbot_ws/install/nav_2d_msgs/share/nav_2d_msgs/environment/path.dsv
[0.785s] -- Up-to-date: /home/nagisa/fishbot_ws/install/nav_2d_msgs/share/nav_2d_msgs/local_setup.bash
[0.785s] -- Up-to-date: /home/nagisa/fishbot_ws/install/nav_2d_msgs/share/nav_2d_msgs/local_setup.sh
[0.785s] -- Up-to-date: /home/nagisa/fishbot_ws/install/nav_2d_msgs/share/nav_2d_msgs/local_setup.zsh
[0.785s] -- Up-to-date: /home/nagisa/fishbot_ws/install/nav_2d_msgs/share/nav_2d_msgs/local_setup.dsv
[0.785s] -- Installing: /home/nagisa/fishbot_ws/install/nav_2d_msgs/share/nav_2d_msgs/package.dsv
[0.786s] -- Up-to-date: /home/nagisa/fishbot_ws/install/nav_2d_msgs/share/ament_index/resource_index/packages/nav_2d_msgs
[0.787s] -- Up-to-date: /home/nagisa/fishbot_ws/install/nav_2d_msgs/share/nav_2d_msgs/cmake/export_nav_2d_msgs__rosidl_generator_cExport.cmake
[0.787s] -- Up-to-date: /home/nagisa/fishbot_ws/install/nav_2d_msgs/share/nav_2d_msgs/cmake/export_nav_2d_msgs__rosidl_generator_cExport-noconfig.cmake
[0.788s] -- Up-to-date: /home/nagisa/fishbot_ws/install/nav_2d_msgs/share/nav_2d_msgs/cmake/export_nav_2d_msgs__rosidl_typesupport_fastrtps_cExport.cmake
[0.788s] -- Up-to-date: /home/nagisa/fishbot_ws/install/nav_2d_msgs/share/nav_2d_msgs/cmake/export_nav_2d_msgs__rosidl_typesupport_fastrtps_cExport-noconfig.cmake
[0.788s] -- Up-to-date: /home/nagisa/fishbot_ws/install/nav_2d_msgs/share/nav_2d_msgs/cmake/export_nav_2d_msgs__rosidl_generator_cppExport.cmake
[0.789s] -- Up-to-date: /home/nagisa/fishbot_ws/install/nav_2d_msgs/share/nav_2d_msgs/cmake/export_nav_2d_msgs__rosidl_typesupport_fastrtps_cppExport.cmake
[0.789s] -- Up-to-date: /home/nagisa/fishbot_ws/install/nav_2d_msgs/share/nav_2d_msgs/cmake/export_nav_2d_msgs__rosidl_typesupport_fastrtps_cppExport-noconfig.cmake
[0.789s] -- Up-to-date: /home/nagisa/fishbot_ws/install/nav_2d_msgs/share/nav_2d_msgs/cmake/nav_2d_msgs__rosidl_typesupport_introspection_cExport.cmake
[0.790s] -- Up-to-date: /home/nagisa/fishbot_ws/install/nav_2d_msgs/share/nav_2d_msgs/cmake/nav_2d_msgs__rosidl_typesupport_introspection_cExport-noconfig.cmake
[0.790s] -- Up-to-date: /home/nagisa/fishbot_ws/install/nav_2d_msgs/share/nav_2d_msgs/cmake/nav_2d_msgs__rosidl_typesupport_cExport.cmake
[0.790s] -- Up-to-date: /home/nagisa/fishbot_ws/install/nav_2d_msgs/share/nav_2d_msgs/cmake/nav_2d_msgs__rosidl_typesupport_cExport-noconfig.cmake
[0.791s] -- Up-to-date: /home/nagisa/fishbot_ws/install/nav_2d_msgs/share/nav_2d_msgs/cmake/nav_2d_msgs__rosidl_typesupport_introspection_cppExport.cmake
[0.791s] -- Up-to-date: /home/nagisa/fishbot_ws/install/nav_2d_msgs/share/nav_2d_msgs/cmake/nav_2d_msgs__rosidl_typesupport_introspection_cppExport-noconfig.cmake
[0.792s] -- Up-to-date: /home/nagisa/fishbot_ws/install/nav_2d_msgs/share/nav_2d_msgs/cmake/nav_2d_msgs__rosidl_typesupport_cppExport.cmake
[0.792s] -- Up-to-date: /home/nagisa/fishbot_ws/install/nav_2d_msgs/share/nav_2d_msgs/cmake/nav_2d_msgs__rosidl_typesupport_cppExport-noconfig.cmake
[0.792s] -- Up-to-date: /home/nagisa/fishbot_ws/install/nav_2d_msgs/share/nav_2d_msgs/cmake/export_nav_2d_msgs__rosidl_generator_pyExport.cmake
[0.793s] -- Up-to-date: /home/nagisa/fishbot_ws/install/nav_2d_msgs/share/nav_2d_msgs/cmake/export_nav_2d_msgs__rosidl_generator_pyExport-noconfig.cmake
[0.793s] -- Up-to-date: /home/nagisa/fishbot_ws/install/nav_2d_msgs/share/nav_2d_msgs/cmake/rosidl_cmake-extras.cmake
[0.793s] -- Up-to-date: /home/nagisa/fishbot_ws/install/nav_2d_msgs/share/nav_2d_msgs/cmake/ament_cmake_export_dependencies-extras.cmake
[0.793s] -- Up-to-date: /home/nagisa/fishbot_ws/install/nav_2d_msgs/share/nav_2d_msgs/cmake/ament_cmake_export_include_directories-extras.cmake
[0.793s] -- Up-to-date: /home/nagisa/fishbot_ws/install/nav_2d_msgs/share/nav_2d_msgs/cmake/ament_cmake_export_libraries-extras.cmake
[0.793s] -- Up-to-date: /home/nagisa/fishbot_ws/install/nav_2d_msgs/share/nav_2d_msgs/cmake/ament_cmake_export_targets-extras.cmake
[0.793s] -- Up-to-date: /home/nagisa/fishbot_ws/install/nav_2d_msgs/share/nav_2d_msgs/cmake/rosidl_cmake_export_typesupport_targets-extras.cmake
[0.793s] -- Up-to-date: /home/nagisa/fishbot_ws/install/nav_2d_msgs/share/nav_2d_msgs/cmake/rosidl_cmake_export_typesupport_libraries-extras.cmake
[0.793s] -- Up-to-date: /home/nagisa/fishbot_ws/install/nav_2d_msgs/share/nav_2d_msgs/cmake/nav_2d_msgsConfig.cmake
[0.793s] -- Up-to-date: /home/nagisa/fishbot_ws/install/nav_2d_msgs/share/nav_2d_msgs/cmake/nav_2d_msgsConfig-version.cmake
[0.793s] -- Up-to-date: /home/nagisa/fishbot_ws/install/nav_2d_msgs/share/nav_2d_msgs/package.xml
[0.796s] Invoked command in '/home/nagisa/fishbot_ws/build/nav_2d_msgs' returned '0': CMAKE_PREFIX_PATH=/opt/ros/humble /usr/bin/cmake --install /home/nagisa/fishbot_ws/build/nav_2d_msgs
