[1.457s] Invoking command in '/home/nagisa/fishbot_ws/src/fishbot_description': PYTHONPATH=/home/nagisa/fishbot_ws/build/fishbot_description/prefix_override:/usr/lib/python3/dist-packages/colcon_core/task/python/colcon_distutils_commands:/home/nagisa/fishbot_ws/install/fishbot_description/lib/python3.10/site-packages:${PYTHONPATH} /usr/bin/python3 -W ignore:setup.py install is deprecated setup.py egg_info --egg-base ../../build/fishbot_description build --build-base /home/nagisa/fishbot_ws/build/fishbot_description/build install --record /home/nagisa/fishbot_ws/build/fishbot_description/install.log --single-version-externally-managed install_data
[1.671s] running egg_info
[1.672s] writing ../../build/fishbot_description/fishbot_description.egg-info/PKG-INFO
[1.674s] writing dependency_links to ../../build/fishbot_description/fishbot_description.egg-info/dependency_links.txt
[1.674s] writing entry points to ../../build/fishbot_description/fishbot_description.egg-info/entry_points.txt
[1.674s] writing requirements to ../../build/fishbot_description/fishbot_description.egg-info/requires.txt
[1.675s] writing top-level names to ../../build/fishbot_description/fishbot_description.egg-info/top_level.txt
[1.677s] reading manifest file '../../build/fishbot_description/fishbot_description.egg-info/SOURCES.txt'
[1.678s] writing manifest file '../../build/fishbot_description/fishbot_description.egg-info/SOURCES.txt'
[1.679s] running build
[1.679s] running build_py
[1.680s] running install
[1.680s] running install_lib
[1.682s] running install_data
[1.682s] running install_egg_info
[1.685s] removing '/home/nagisa/fishbot_ws/install/fishbot_description/lib/python3.10/site-packages/fishbot_description-0.0.0-py3.10.egg-info' (and everything under it)
[1.685s] Copying ../../build/fishbot_description/fishbot_description.egg-info to /home/nagisa/fishbot_ws/install/fishbot_description/lib/python3.10/site-packages/fishbot_description-0.0.0-py3.10.egg-info
[1.686s] running install_scripts
[1.706s] Installing rotate_wheel script to /home/nagisa/fishbot_ws/install/fishbot_description/lib/fishbot_description
[1.707s] writing list of installed files to '/home/nagisa/fishbot_ws/build/fishbot_description/install.log'
[1.730s] Invoked command in '/home/nagisa/fishbot_ws/src/fishbot_description' returned '0': PYTHONPATH=/home/nagisa/fishbot_ws/build/fishbot_description/prefix_override:/usr/lib/python3/dist-packages/colcon_core/task/python/colcon_distutils_commands:/home/nagisa/fishbot_ws/install/fishbot_description/lib/python3.10/site-packages:${PYTHONPATH} /usr/bin/python3 -W ignore:setup.py install is deprecated setup.py egg_info --egg-base ../../build/fishbot_description build --build-base /home/nagisa/fishbot_ws/build/fishbot_description/build install --record /home/nagisa/fishbot_ws/build/fishbot_description/install.log --single-version-externally-managed install_data
