[0.010s] Invoking command in '/home/nagisa/fishbot_ws/build/nav_2d_msgs': CMAKE_PREFIX_PATH=/opt/ros/humble /usr/bin/cmake --build /home/nagisa/fishbot_ws/build/nav_2d_msgs -- -j12 -l12
[0.087s] [  1%] Built target nav_2d_msgs__cpp
[0.093s] [ 12%] Built target nav_2d_msgs__rosidl_generator_c
[0.138s] [ 12%] Built target ament_cmake_python_copy_nav_2d_msgs
[0.138s] [ 23%] Built target nav_2d_msgs__rosidl_typesupport_cpp
[0.138s] [ 35%] Built target nav_2d_msgs__rosidl_typesupport_fastrtps_cpp
[0.138s] [ 46%] Built target nav_2d_msgs__rosidl_typesupport_introspection_cpp
[0.148s] [ 66%] Built target nav_2d_msgs__rosidl_typesupport_fastrtps_c
[0.148s] [ 69%] Built target nav_2d_msgs__rosidl_typesupport_c
[0.151s] [ 80%] Built target nav_2d_msgs__rosidl_typesupport_introspection_c
[0.179s] [ 80%] Built target nav_2d_msgs
[0.208s] [ 81%] Built target nav_2d_msgs__py
[0.245s] [ 91%] Built target nav_2d_msgs__rosidl_generator_py
[0.277s] [100%] Built target nav_2d_msgs__rosidl_typesupport_introspection_c__pyext
[0.277s] [100%] Built target nav_2d_msgs__rosidl_typesupport_fastrtps_c__pyext
[0.277s] [100%] Built target nav_2d_msgs__rosidl_typesupport_c__pyext
[0.364s] running egg_info
[0.365s] writing nav_2d_msgs.egg-info/PKG-INFO
[0.365s] writing dependency_links to nav_2d_msgs.egg-info/dependency_links.txt
[0.365s] writing top-level names to nav_2d_msgs.egg-info/top_level.txt
[0.367s] reading manifest file 'nav_2d_msgs.egg-info/SOURCES.txt'
[0.369s] writing manifest file 'nav_2d_msgs.egg-info/SOURCES.txt'
[0.398s] [100%] Built target ament_cmake_python_build_nav_2d_msgs_egg
[0.411s] Invoked command in '/home/nagisa/fishbot_ws/build/nav_2d_msgs' returned '0': CMAKE_PREFIX_PATH=/opt/ros/humble /usr/bin/cmake --build /home/nagisa/fishbot_ws/build/nav_2d_msgs -- -j12 -l12
[0.789s] Invoking command in '/home/nagisa/fishbot_ws/build/nav_2d_msgs': CMAKE_PREFIX_PATH=/opt/ros/humble /usr/bin/cmake --install /home/nagisa/fishbot_ws/build/nav_2d_msgs
[0.801s] -- Install configuration: ""
[0.803s] -- Up-to-date: /home/nagisa/fishbot_ws/install/nav_2d_msgs/share/ament_index/resource_index/rosidl_interfaces/nav_2d_msgs
[0.804s] -- Up-to-date: /home/nagisa/fishbot_ws/install/nav_2d_msgs/include/nav_2d_msgs/nav_2d_msgs
[0.804s] -- Up-to-date: /home/nagisa/fishbot_ws/install/nav_2d_msgs/include/nav_2d_msgs/nav_2d_msgs/msg
[0.805s] -- Up-to-date: /home/nagisa/fishbot_ws/install/nav_2d_msgs/include/nav_2d_msgs/nav_2d_msgs/msg/path2_d.h
[0.805s] -- Up-to-date: /home/nagisa/fishbot_ws/install/nav_2d_msgs/include/nav_2d_msgs/nav_2d_msgs/msg/twist2_d.h
[0.805s] -- Up-to-date: /home/nagisa/fishbot_ws/install/nav_2d_msgs/include/nav_2d_msgs/nav_2d_msgs/msg/pose2_d_stamped.h
[0.805s] -- Up-to-date: /home/nagisa/fishbot_ws/install/nav_2d_msgs/include/nav_2d_msgs/nav_2d_msgs/msg/twist2_d_stamped.h
[0.806s] -- Up-to-date: /home/nagisa/fishbot_ws/install/nav_2d_msgs/include/nav_2d_msgs/nav_2d_msgs/msg/rosidl_generator_c__visibility_control.h
[0.806s] -- Up-to-date: /home/nagisa/fishbot_ws/install/nav_2d_msgs/include/nav_2d_msgs/nav_2d_msgs/msg/twist2_d32.h
[0.806s] -- Up-to-date: /home/nagisa/fishbot_ws/install/nav_2d_msgs/include/nav_2d_msgs/nav_2d_msgs/msg/pose2_d32.h
[0.806s] -- Up-to-date: /home/nagisa/fishbot_ws/install/nav_2d_msgs/include/nav_2d_msgs/nav_2d_msgs/msg/detail
[0.806s] -- Up-to-date: /home/nagisa/fishbot_ws/install/nav_2d_msgs/include/nav_2d_msgs/nav_2d_msgs/msg/detail/pose2_d32__struct.h
[0.806s] -- Up-to-date: /home/nagisa/fishbot_ws/install/nav_2d_msgs/include/nav_2d_msgs/nav_2d_msgs/msg/detail/pose2_d32__functions.c
[0.807s] -- Up-to-date: /home/nagisa/fishbot_ws/install/nav_2d_msgs/include/nav_2d_msgs/nav_2d_msgs/msg/detail/twist2_d32__type_support.h
[0.807s] -- Up-to-date: /home/nagisa/fishbot_ws/install/nav_2d_msgs/include/nav_2d_msgs/nav_2d_msgs/msg/detail/twist2_d__functions.c
[0.807s] -- Up-to-date: /home/nagisa/fishbot_ws/install/nav_2d_msgs/include/nav_2d_msgs/nav_2d_msgs/msg/detail/pose2_d_stamped__functions.h
[0.807s] -- Up-to-date: /home/nagisa/fishbot_ws/install/nav_2d_msgs/include/nav_2d_msgs/nav_2d_msgs/msg/detail/twist2_d32__functions.h
[0.807s] -- Up-to-date: /home/nagisa/fishbot_ws/install/nav_2d_msgs/include/nav_2d_msgs/nav_2d_msgs/msg/detail/pose2_d_stamped__type_support.h
[0.807s] -- Up-to-date: /home/nagisa/fishbot_ws/install/nav_2d_msgs/include/nav_2d_msgs/nav_2d_msgs/msg/detail/twist2_d32__struct.h
[0.807s] -- Up-to-date: /home/nagisa/fishbot_ws/install/nav_2d_msgs/include/nav_2d_msgs/nav_2d_msgs/msg/detail/twist2_d__functions.h
[0.807s] -- Up-to-date: /home/nagisa/fishbot_ws/install/nav_2d_msgs/include/nav_2d_msgs/nav_2d_msgs/msg/detail/twist2_d32__functions.c
[0.807s] -- Up-to-date: /home/nagisa/fishbot_ws/install/nav_2d_msgs/include/nav_2d_msgs/nav_2d_msgs/msg/detail/pose2_d_stamped__struct.h
[0.807s] -- Up-to-date: /home/nagisa/fishbot_ws/install/nav_2d_msgs/include/nav_2d_msgs/nav_2d_msgs/msg/detail/twist2_d_stamped__struct.h
[0.807s] -- Up-to-date: /home/nagisa/fishbot_ws/install/nav_2d_msgs/include/nav_2d_msgs/nav_2d_msgs/msg/detail/twist2_d_stamped__type_support.h
[0.808s] -- Up-to-date: /home/nagisa/fishbot_ws/install/nav_2d_msgs/include/nav_2d_msgs/nav_2d_msgs/msg/detail/twist2_d__type_support.h
[0.808s] -- Up-to-date: /home/nagisa/fishbot_ws/install/nav_2d_msgs/include/nav_2d_msgs/nav_2d_msgs/msg/detail/pose2_d_stamped__functions.c
[0.808s] -- Up-to-date: /home/nagisa/fishbot_ws/install/nav_2d_msgs/include/nav_2d_msgs/nav_2d_msgs/msg/detail/twist2_d__struct.h
[0.808s] -- Up-to-date: /home/nagisa/fishbot_ws/install/nav_2d_msgs/include/nav_2d_msgs/nav_2d_msgs/msg/detail/path2_d__functions.h
[0.808s] -- Up-to-date: /home/nagisa/fishbot_ws/install/nav_2d_msgs/include/nav_2d_msgs/nav_2d_msgs/msg/detail/twist2_d_stamped__functions.h
[0.808s] -- Up-to-date: /home/nagisa/fishbot_ws/install/nav_2d_msgs/include/nav_2d_msgs/nav_2d_msgs/msg/detail/twist2_d_stamped__functions.c
[0.808s] -- Up-to-date: /home/nagisa/fishbot_ws/install/nav_2d_msgs/include/nav_2d_msgs/nav_2d_msgs/msg/detail/path2_d__struct.h
[0.808s] -- Up-to-date: /home/nagisa/fishbot_ws/install/nav_2d_msgs/include/nav_2d_msgs/nav_2d_msgs/msg/detail/pose2_d32__type_support.h
[0.808s] -- Up-to-date: /home/nagisa/fishbot_ws/install/nav_2d_msgs/include/nav_2d_msgs/nav_2d_msgs/msg/detail/pose2_d32__functions.h
[0.808s] -- Up-to-date: /home/nagisa/fishbot_ws/install/nav_2d_msgs/include/nav_2d_msgs/nav_2d_msgs/msg/detail/path2_d__functions.c
[0.808s] -- Up-to-date: /home/nagisa/fishbot_ws/install/nav_2d_msgs/include/nav_2d_msgs/nav_2d_msgs/msg/detail/path2_d__type_support.h
[0.808s] -- Up-to-date: /home/nagisa/fishbot_ws/install/nav_2d_msgs/share/nav_2d_msgs/environment/library_path.sh
[0.808s] -- Up-to-date: /home/nagisa/fishbot_ws/install/nav_2d_msgs/share/nav_2d_msgs/environment/library_path.dsv
[0.809s] -- Up-to-date: /home/nagisa/fishbot_ws/install/nav_2d_msgs/lib/libnav_2d_msgs__rosidl_generator_c.so
[0.809s] -- Up-to-date: /home/nagisa/fishbot_ws/install/nav_2d_msgs/include/nav_2d_msgs/nav_2d_msgs
[0.809s] -- Up-to-date: /home/nagisa/fishbot_ws/install/nav_2d_msgs/include/nav_2d_msgs/nav_2d_msgs/msg
[0.810s] -- Up-to-date: /home/nagisa/fishbot_ws/install/nav_2d_msgs/include/nav_2d_msgs/nav_2d_msgs/msg/rosidl_typesupport_fastrtps_c__visibility_control.h
[0.810s] -- Up-to-date: /home/nagisa/fishbot_ws/install/nav_2d_msgs/include/nav_2d_msgs/nav_2d_msgs/msg/detail
[0.810s] -- Up-to-date: /home/nagisa/fishbot_ws/install/nav_2d_msgs/include/nav_2d_msgs/nav_2d_msgs/msg/detail/pose2_d_stamped__rosidl_typesupport_fastrtps_c.h
[0.810s] -- Up-to-date: /home/nagisa/fishbot_ws/install/nav_2d_msgs/include/nav_2d_msgs/nav_2d_msgs/msg/detail/path2_d__rosidl_typesupport_fastrtps_c.h
[0.810s] -- Up-to-date: /home/nagisa/fishbot_ws/install/nav_2d_msgs/include/nav_2d_msgs/nav_2d_msgs/msg/detail/pose2_d32__rosidl_typesupport_fastrtps_c.h
[0.810s] -- Up-to-date: /home/nagisa/fishbot_ws/install/nav_2d_msgs/include/nav_2d_msgs/nav_2d_msgs/msg/detail/twist2_d32__rosidl_typesupport_fastrtps_c.h
[0.811s] -- Up-to-date: /home/nagisa/fishbot_ws/install/nav_2d_msgs/include/nav_2d_msgs/nav_2d_msgs/msg/detail/twist2_d__rosidl_typesupport_fastrtps_c.h
[0.811s] -- Up-to-date: /home/nagisa/fishbot_ws/install/nav_2d_msgs/include/nav_2d_msgs/nav_2d_msgs/msg/detail/twist2_d_stamped__rosidl_typesupport_fastrtps_c.h
[0.812s] -- Up-to-date: /home/nagisa/fishbot_ws/install/nav_2d_msgs/lib/libnav_2d_msgs__rosidl_typesupport_fastrtps_c.so
[0.812s] -- Up-to-date: /home/nagisa/fishbot_ws/install/nav_2d_msgs/include/nav_2d_msgs/nav_2d_msgs
[0.812s] -- Up-to-date: /home/nagisa/fishbot_ws/install/nav_2d_msgs/include/nav_2d_msgs/nav_2d_msgs/msg
[0.812s] -- Up-to-date: /home/nagisa/fishbot_ws/install/nav_2d_msgs/include/nav_2d_msgs/nav_2d_msgs/msg/path2_d.hpp
[0.812s] -- Up-to-date: /home/nagisa/fishbot_ws/install/nav_2d_msgs/include/nav_2d_msgs/nav_2d_msgs/msg/pose2_d_stamped.hpp
[0.813s] -- Up-to-date: /home/nagisa/fishbot_ws/install/nav_2d_msgs/include/nav_2d_msgs/nav_2d_msgs/msg/detail
[0.813s] -- Up-to-date: /home/nagisa/fishbot_ws/install/nav_2d_msgs/include/nav_2d_msgs/nav_2d_msgs/msg/detail/pose2_d32__builder.hpp
[0.813s] -- Up-to-date: /home/nagisa/fishbot_ws/install/nav_2d_msgs/include/nav_2d_msgs/nav_2d_msgs/msg/detail/twist2_d_stamped__struct.hpp
[0.813s] -- Up-to-date: /home/nagisa/fishbot_ws/install/nav_2d_msgs/include/nav_2d_msgs/nav_2d_msgs/msg/detail/twist2_d32__builder.hpp
[0.813s] -- Up-to-date: /home/nagisa/fishbot_ws/install/nav_2d_msgs/include/nav_2d_msgs/nav_2d_msgs/msg/detail/pose2_d_stamped__struct.hpp
[0.813s] -- Up-to-date: /home/nagisa/fishbot_ws/install/nav_2d_msgs/include/nav_2d_msgs/nav_2d_msgs/msg/detail/twist2_d__struct.hpp
[0.813s] -- Up-to-date: /home/nagisa/fishbot_ws/install/nav_2d_msgs/include/nav_2d_msgs/nav_2d_msgs/msg/detail/twist2_d__builder.hpp
[0.813s] -- Up-to-date: /home/nagisa/fishbot_ws/install/nav_2d_msgs/include/nav_2d_msgs/nav_2d_msgs/msg/detail/pose2_d_stamped__builder.hpp
[0.813s] -- Up-to-date: /home/nagisa/fishbot_ws/install/nav_2d_msgs/include/nav_2d_msgs/nav_2d_msgs/msg/detail/path2_d__builder.hpp
[0.814s] -- Up-to-date: /home/nagisa/fishbot_ws/install/nav_2d_msgs/include/nav_2d_msgs/nav_2d_msgs/msg/detail/pose2_d32__struct.hpp
[0.814s] -- Up-to-date: /home/nagisa/fishbot_ws/install/nav_2d_msgs/include/nav_2d_msgs/nav_2d_msgs/msg/detail/pose2_d_stamped__traits.hpp
[0.814s] -- Up-to-date: /home/nagisa/fishbot_ws/install/nav_2d_msgs/include/nav_2d_msgs/nav_2d_msgs/msg/detail/twist2_d32__traits.hpp
[0.814s] -- Up-to-date: /home/nagisa/fishbot_ws/install/nav_2d_msgs/include/nav_2d_msgs/nav_2d_msgs/msg/detail/path2_d__struct.hpp
[0.814s] -- Up-to-date: /home/nagisa/fishbot_ws/install/nav_2d_msgs/include/nav_2d_msgs/nav_2d_msgs/msg/detail/pose2_d32__traits.hpp
[0.814s] -- Up-to-date: /home/nagisa/fishbot_ws/install/nav_2d_msgs/include/nav_2d_msgs/nav_2d_msgs/msg/detail/twist2_d_stamped__builder.hpp
[0.814s] -- Up-to-date: /home/nagisa/fishbot_ws/install/nav_2d_msgs/include/nav_2d_msgs/nav_2d_msgs/msg/detail/path2_d__traits.hpp
[0.814s] -- Up-to-date: /home/nagisa/fishbot_ws/install/nav_2d_msgs/include/nav_2d_msgs/nav_2d_msgs/msg/detail/twist2_d_stamped__traits.hpp
[0.814s] -- Up-to-date: /home/nagisa/fishbot_ws/install/nav_2d_msgs/include/nav_2d_msgs/nav_2d_msgs/msg/detail/twist2_d__traits.hpp
[0.814s] -- Up-to-date: /home/nagisa/fishbot_ws/install/nav_2d_msgs/include/nav_2d_msgs/nav_2d_msgs/msg/detail/twist2_d32__struct.hpp
[0.814s] -- Up-to-date: /home/nagisa/fishbot_ws/install/nav_2d_msgs/include/nav_2d_msgs/nav_2d_msgs/msg/twist2_d.hpp
[0.814s] -- Up-to-date: /home/nagisa/fishbot_ws/install/nav_2d_msgs/include/nav_2d_msgs/nav_2d_msgs/msg/twist2_d32.hpp
[0.814s] -- Up-to-date: /home/nagisa/fishbot_ws/install/nav_2d_msgs/include/nav_2d_msgs/nav_2d_msgs/msg/pose2_d32.hpp
[0.814s] -- Up-to-date: /home/nagisa/fishbot_ws/install/nav_2d_msgs/include/nav_2d_msgs/nav_2d_msgs/msg/twist2_d_stamped.hpp
[0.814s] -- Up-to-date: /home/nagisa/fishbot_ws/install/nav_2d_msgs/include/nav_2d_msgs/nav_2d_msgs
[0.814s] -- Up-to-date: /home/nagisa/fishbot_ws/install/nav_2d_msgs/include/nav_2d_msgs/nav_2d_msgs/msg
[0.814s] -- Up-to-date: /home/nagisa/fishbot_ws/install/nav_2d_msgs/include/nav_2d_msgs/nav_2d_msgs/msg/rosidl_typesupport_fastrtps_cpp__visibility_control.h
[0.814s] -- Up-to-date: /home/nagisa/fishbot_ws/install/nav_2d_msgs/include/nav_2d_msgs/nav_2d_msgs/msg/detail
[0.814s] -- Up-to-date: /home/nagisa/fishbot_ws/install/nav_2d_msgs/include/nav_2d_msgs/nav_2d_msgs/msg/detail/twist2_d_stamped__rosidl_typesupport_fastrtps_cpp.hpp
[0.814s] -- Up-to-date: /home/nagisa/fishbot_ws/install/nav_2d_msgs/include/nav_2d_msgs/nav_2d_msgs/msg/detail/pose2_d32__rosidl_typesupport_fastrtps_cpp.hpp
[0.814s] -- Up-to-date: /home/nagisa/fishbot_ws/install/nav_2d_msgs/include/nav_2d_msgs/nav_2d_msgs/msg/detail/path2_d__rosidl_typesupport_fastrtps_cpp.hpp
[0.814s] -- Up-to-date: /home/nagisa/fishbot_ws/install/nav_2d_msgs/include/nav_2d_msgs/nav_2d_msgs/msg/detail/pose2_d_stamped__rosidl_typesupport_fastrtps_cpp.hpp
[0.815s] -- Up-to-date: /home/nagisa/fishbot_ws/install/nav_2d_msgs/include/nav_2d_msgs/nav_2d_msgs/msg/detail/twist2_d__rosidl_typesupport_fastrtps_cpp.hpp
[0.815s] -- Up-to-date: /home/nagisa/fishbot_ws/install/nav_2d_msgs/include/nav_2d_msgs/nav_2d_msgs/msg/detail/twist2_d32__rosidl_typesupport_fastrtps_cpp.hpp
[0.815s] -- Up-to-date: /home/nagisa/fishbot_ws/install/nav_2d_msgs/include/nav_2d_msgs/nav_2d_msgs/msg/detail/dds_fastrtps
[0.815s] -- Up-to-date: /home/nagisa/fishbot_ws/install/nav_2d_msgs/lib/libnav_2d_msgs__rosidl_typesupport_fastrtps_cpp.so
[0.815s] -- Up-to-date: /home/nagisa/fishbot_ws/install/nav_2d_msgs/include/nav_2d_msgs/nav_2d_msgs
[0.816s] -- Up-to-date: /home/nagisa/fishbot_ws/install/nav_2d_msgs/include/nav_2d_msgs/nav_2d_msgs/msg
[0.816s] -- Up-to-date: /home/nagisa/fishbot_ws/install/nav_2d_msgs/include/nav_2d_msgs/nav_2d_msgs/msg/rosidl_typesupport_introspection_c__visibility_control.h
[0.816s] -- Up-to-date: /home/nagisa/fishbot_ws/install/nav_2d_msgs/include/nav_2d_msgs/nav_2d_msgs/msg/detail
[0.816s] -- Up-to-date: /home/nagisa/fishbot_ws/install/nav_2d_msgs/include/nav_2d_msgs/nav_2d_msgs/msg/detail/pose2_d32__type_support.c
[0.816s] -- Up-to-date: /home/nagisa/fishbot_ws/install/nav_2d_msgs/include/nav_2d_msgs/nav_2d_msgs/msg/detail/twist2_d_stamped__rosidl_typesupport_introspection_c.h
[0.816s] -- Up-to-date: /home/nagisa/fishbot_ws/install/nav_2d_msgs/include/nav_2d_msgs/nav_2d_msgs/msg/detail/path2_d__type_support.c
[0.816s] -- Up-to-date: /home/nagisa/fishbot_ws/install/nav_2d_msgs/include/nav_2d_msgs/nav_2d_msgs/msg/detail/pose2_d_stamped__rosidl_typesupport_introspection_c.h
[0.816s] -- Up-to-date: /home/nagisa/fishbot_ws/install/nav_2d_msgs/include/nav_2d_msgs/nav_2d_msgs/msg/detail/pose2_d_stamped__type_support.c
[0.817s] -- Up-to-date: /home/nagisa/fishbot_ws/install/nav_2d_msgs/include/nav_2d_msgs/nav_2d_msgs/msg/detail/twist2_d__type_support.c
[0.817s] -- Up-to-date: /home/nagisa/fishbot_ws/install/nav_2d_msgs/include/nav_2d_msgs/nav_2d_msgs/msg/detail/twist2_d_stamped__type_support.c
[0.817s] -- Up-to-date: /home/nagisa/fishbot_ws/install/nav_2d_msgs/include/nav_2d_msgs/nav_2d_msgs/msg/detail/twist2_d32__rosidl_typesupport_introspection_c.h
[0.817s] -- Up-to-date: /home/nagisa/fishbot_ws/install/nav_2d_msgs/include/nav_2d_msgs/nav_2d_msgs/msg/detail/pose2_d32__rosidl_typesupport_introspection_c.h
[0.817s] -- Up-to-date: /home/nagisa/fishbot_ws/install/nav_2d_msgs/include/nav_2d_msgs/nav_2d_msgs/msg/detail/twist2_d__rosidl_typesupport_introspection_c.h
[0.817s] -- Up-to-date: /home/nagisa/fishbot_ws/install/nav_2d_msgs/include/nav_2d_msgs/nav_2d_msgs/msg/detail/twist2_d32__type_support.c
[0.817s] -- Up-to-date: /home/nagisa/fishbot_ws/install/nav_2d_msgs/include/nav_2d_msgs/nav_2d_msgs/msg/detail/path2_d__rosidl_typesupport_introspection_c.h
[0.818s] -- Up-to-date: /home/nagisa/fishbot_ws/install/nav_2d_msgs/lib/libnav_2d_msgs__rosidl_typesupport_introspection_c.so
[0.819s] -- Up-to-date: /home/nagisa/fishbot_ws/install/nav_2d_msgs/lib/libnav_2d_msgs__rosidl_typesupport_c.so
[0.819s] -- Up-to-date: /home/nagisa/fishbot_ws/install/nav_2d_msgs/include/nav_2d_msgs/nav_2d_msgs
[0.819s] -- Up-to-date: /home/nagisa/fishbot_ws/install/nav_2d_msgs/include/nav_2d_msgs/nav_2d_msgs/msg
[0.820s] -- Up-to-date: /home/nagisa/fishbot_ws/install/nav_2d_msgs/include/nav_2d_msgs/nav_2d_msgs/msg/detail
[0.820s] -- Up-to-date: /home/nagisa/fishbot_ws/install/nav_2d_msgs/include/nav_2d_msgs/nav_2d_msgs/msg/detail/pose2_d32__type_support.cpp
[0.820s] -- Up-to-date: /home/nagisa/fishbot_ws/install/nav_2d_msgs/include/nav_2d_msgs/nav_2d_msgs/msg/detail/twist2_d_stamped__type_support.cpp
[0.820s] -- Up-to-date: /home/nagisa/fishbot_ws/install/nav_2d_msgs/include/nav_2d_msgs/nav_2d_msgs/msg/detail/twist2_d_stamped__rosidl_typesupport_introspection_cpp.hpp
[0.820s] -- Up-to-date: /home/nagisa/fishbot_ws/install/nav_2d_msgs/include/nav_2d_msgs/nav_2d_msgs/msg/detail/pose2_d_stamped__type_support.cpp
[0.820s] -- Up-to-date: /home/nagisa/fishbot_ws/install/nav_2d_msgs/include/nav_2d_msgs/nav_2d_msgs/msg/detail/twist2_d__rosidl_typesupport_introspection_cpp.hpp
[0.820s] -- Up-to-date: /home/nagisa/fishbot_ws/install/nav_2d_msgs/include/nav_2d_msgs/nav_2d_msgs/msg/detail/path2_d__rosidl_typesupport_introspection_cpp.hpp
[0.820s] -- Up-to-date: /home/nagisa/fishbot_ws/install/nav_2d_msgs/include/nav_2d_msgs/nav_2d_msgs/msg/detail/twist2_d32__type_support.cpp
[0.820s] -- Up-to-date: /home/nagisa/fishbot_ws/install/nav_2d_msgs/include/nav_2d_msgs/nav_2d_msgs/msg/detail/twist2_d__type_support.cpp
[0.820s] -- Up-to-date: /home/nagisa/fishbot_ws/install/nav_2d_msgs/include/nav_2d_msgs/nav_2d_msgs/msg/detail/path2_d__type_support.cpp
[0.820s] -- Up-to-date: /home/nagisa/fishbot_ws/install/nav_2d_msgs/include/nav_2d_msgs/nav_2d_msgs/msg/detail/pose2_d32__rosidl_typesupport_introspection_cpp.hpp
[0.820s] -- Up-to-date: /home/nagisa/fishbot_ws/install/nav_2d_msgs/include/nav_2d_msgs/nav_2d_msgs/msg/detail/pose2_d_stamped__rosidl_typesupport_introspection_cpp.hpp
[0.820s] -- Up-to-date: /home/nagisa/fishbot_ws/install/nav_2d_msgs/include/nav_2d_msgs/nav_2d_msgs/msg/detail/twist2_d32__rosidl_typesupport_introspection_cpp.hpp
[0.822s] -- Up-to-date: /home/nagisa/fishbot_ws/install/nav_2d_msgs/lib/libnav_2d_msgs__rosidl_typesupport_introspection_cpp.so
[0.824s] -- Up-to-date: /home/nagisa/fishbot_ws/install/nav_2d_msgs/lib/libnav_2d_msgs__rosidl_typesupport_cpp.so
[0.824s] -- Up-to-date: /home/nagisa/fishbot_ws/install/nav_2d_msgs/share/nav_2d_msgs/environment/pythonpath.sh
[0.824s] -- Up-to-date: /home/nagisa/fishbot_ws/install/nav_2d_msgs/share/nav_2d_msgs/environment/pythonpath.dsv
[0.826s] -- Up-to-date: /home/nagisa/fishbot_ws/install/nav_2d_msgs/local/lib/python3.10/dist-packages/nav_2d_msgs-1.1.16-py3.10.egg-info
[0.827s] -- Installing: /home/nagisa/fishbot_ws/install/nav_2d_msgs/local/lib/python3.10/dist-packages/nav_2d_msgs-1.1.16-py3.10.egg-info/dependency_links.txt
[0.827s] -- Installing: /home/nagisa/fishbot_ws/install/nav_2d_msgs/local/lib/python3.10/dist-packages/nav_2d_msgs-1.1.16-py3.10.egg-info/SOURCES.txt
[0.827s] -- Installing: /home/nagisa/fishbot_ws/install/nav_2d_msgs/local/lib/python3.10/dist-packages/nav_2d_msgs-1.1.16-py3.10.egg-info/top_level.txt
[0.827s] -- Installing: /home/nagisa/fishbot_ws/install/nav_2d_msgs/local/lib/python3.10/dist-packages/nav_2d_msgs-1.1.16-py3.10.egg-info/PKG-INFO
[0.827s] -- Up-to-date: /home/nagisa/fishbot_ws/install/nav_2d_msgs/local/lib/python3.10/dist-packages/nav_2d_msgs
[0.828s] -- Up-to-date: /home/nagisa/fishbot_ws/install/nav_2d_msgs/local/lib/python3.10/dist-packages/nav_2d_msgs/_nav_2d_msgs_s.ep.rosidl_typesupport_introspection_c.c
[0.828s] -- Up-to-date: /home/nagisa/fishbot_ws/install/nav_2d_msgs/local/lib/python3.10/dist-packages/nav_2d_msgs/nav_2d_msgs_s__rosidl_typesupport_c.cpython-310-x86_64-linux-gnu.so
[0.828s] -- Up-to-date: /home/nagisa/fishbot_ws/install/nav_2d_msgs/local/lib/python3.10/dist-packages/nav_2d_msgs/_nav_2d_msgs_s.ep.rosidl_typesupport_fastrtps_c.c
[0.828s] -- Up-to-date: /home/nagisa/fishbot_ws/install/nav_2d_msgs/local/lib/python3.10/dist-packages/nav_2d_msgs/msg
[0.829s] -- Up-to-date: /home/nagisa/fishbot_ws/install/nav_2d_msgs/local/lib/python3.10/dist-packages/nav_2d_msgs/msg/_twist2_d.py
[0.829s] -- Up-to-date: /home/nagisa/fishbot_ws/install/nav_2d_msgs/local/lib/python3.10/dist-packages/nav_2d_msgs/msg/_pose2_d_stamped_s.c
[0.829s] -- Up-to-date: /home/nagisa/fishbot_ws/install/nav_2d_msgs/local/lib/python3.10/dist-packages/nav_2d_msgs/msg/_pose2_d_stamped.py
[0.829s] -- Up-to-date: /home/nagisa/fishbot_ws/install/nav_2d_msgs/local/lib/python3.10/dist-packages/nav_2d_msgs/msg/_pose2_d32.py
[0.829s] -- Up-to-date: /home/nagisa/fishbot_ws/install/nav_2d_msgs/local/lib/python3.10/dist-packages/nav_2d_msgs/msg/__init__.py
[0.829s] -- Up-to-date: /home/nagisa/fishbot_ws/install/nav_2d_msgs/local/lib/python3.10/dist-packages/nav_2d_msgs/msg/_twist2_d_stamped_s.c
[0.829s] -- Up-to-date: /home/nagisa/fishbot_ws/install/nav_2d_msgs/local/lib/python3.10/dist-packages/nav_2d_msgs/msg/_path2_d_s.c
[0.829s] -- Up-to-date: /home/nagisa/fishbot_ws/install/nav_2d_msgs/local/lib/python3.10/dist-packages/nav_2d_msgs/msg/_twist2_d_s.c
[0.830s] -- Up-to-date: /home/nagisa/fishbot_ws/install/nav_2d_msgs/local/lib/python3.10/dist-packages/nav_2d_msgs/msg/_twist2_d_stamped.py
[0.830s] -- Up-to-date: /home/nagisa/fishbot_ws/install/nav_2d_msgs/local/lib/python3.10/dist-packages/nav_2d_msgs/msg/_pose2_d32_s.c
[0.830s] -- Up-to-date: /home/nagisa/fishbot_ws/install/nav_2d_msgs/local/lib/python3.10/dist-packages/nav_2d_msgs/msg/_twist2_d32.py
[0.830s] -- Up-to-date: /home/nagisa/fishbot_ws/install/nav_2d_msgs/local/lib/python3.10/dist-packages/nav_2d_msgs/msg/_twist2_d32_s.c
[0.830s] -- Up-to-date: /home/nagisa/fishbot_ws/install/nav_2d_msgs/local/lib/python3.10/dist-packages/nav_2d_msgs/msg/_path2_d.py
[0.830s] -- Up-to-date: /home/nagisa/fishbot_ws/install/nav_2d_msgs/local/lib/python3.10/dist-packages/nav_2d_msgs/__init__.py
[0.830s] -- Up-to-date: /home/nagisa/fishbot_ws/install/nav_2d_msgs/local/lib/python3.10/dist-packages/nav_2d_msgs/nav_2d_msgs_s__rosidl_typesupport_fastrtps_c.cpython-310-x86_64-linux-gnu.so
[0.830s] -- Up-to-date: /home/nagisa/fishbot_ws/install/nav_2d_msgs/local/lib/python3.10/dist-packages/nav_2d_msgs/libnav_2d_msgs__rosidl_generator_py.so
[0.830s] -- Up-to-date: /home/nagisa/fishbot_ws/install/nav_2d_msgs/local/lib/python3.10/dist-packages/nav_2d_msgs/nav_2d_msgs_s__rosidl_typesupport_introspection_c.cpython-310-x86_64-linux-gnu.so
[0.830s] -- Up-to-date: /home/nagisa/fishbot_ws/install/nav_2d_msgs/local/lib/python3.10/dist-packages/nav_2d_msgs/_nav_2d_msgs_s.ep.rosidl_typesupport_c.c
[0.862s] Listing '/home/nagisa/fishbot_ws/install/nav_2d_msgs/local/lib/python3.10/dist-packages/nav_2d_msgs'...
[0.862s] Listing '/home/nagisa/fishbot_ws/install/nav_2d_msgs/local/lib/python3.10/dist-packages/nav_2d_msgs/msg'...
[0.866s] -- Up-to-date: /home/nagisa/fishbot_ws/install/nav_2d_msgs/local/lib/python3.10/dist-packages/nav_2d_msgs/nav_2d_msgs_s__rosidl_typesupport_fastrtps_c.cpython-310-x86_64-linux-gnu.so
[0.867s] -- Up-to-date: /home/nagisa/fishbot_ws/install/nav_2d_msgs/local/lib/python3.10/dist-packages/nav_2d_msgs/nav_2d_msgs_s__rosidl_typesupport_introspection_c.cpython-310-x86_64-linux-gnu.so
[0.868s] -- Up-to-date: /home/nagisa/fishbot_ws/install/nav_2d_msgs/local/lib/python3.10/dist-packages/nav_2d_msgs/nav_2d_msgs_s__rosidl_typesupport_c.cpython-310-x86_64-linux-gnu.so
[0.869s] -- Up-to-date: /home/nagisa/fishbot_ws/install/nav_2d_msgs/lib/libnav_2d_msgs__rosidl_generator_py.so
[0.870s] -- Up-to-date: /home/nagisa/fishbot_ws/install/nav_2d_msgs/share/nav_2d_msgs/msg/Path2D.idl
[0.870s] -- Up-to-date: /home/nagisa/fishbot_ws/install/nav_2d_msgs/share/nav_2d_msgs/msg/Pose2D32.idl
[0.870s] -- Up-to-date: /home/nagisa/fishbot_ws/install/nav_2d_msgs/share/nav_2d_msgs/msg/Pose2DStamped.idl
[0.870s] -- Up-to-date: /home/nagisa/fishbot_ws/install/nav_2d_msgs/share/nav_2d_msgs/msg/Twist2D.idl
[0.871s] -- Up-to-date: /home/nagisa/fishbot_ws/install/nav_2d_msgs/share/nav_2d_msgs/msg/Twist2D32.idl
[0.871s] -- Up-to-date: /home/nagisa/fishbot_ws/install/nav_2d_msgs/share/nav_2d_msgs/msg/Twist2DStamped.idl
[0.871s] -- Up-to-date: /home/nagisa/fishbot_ws/install/nav_2d_msgs/share/nav_2d_msgs/msg/Path2D.msg
[0.871s] -- Up-to-date: /home/nagisa/fishbot_ws/install/nav_2d_msgs/share/nav_2d_msgs/msg/Pose2D32.msg
[0.871s] -- Up-to-date: /home/nagisa/fishbot_ws/install/nav_2d_msgs/share/nav_2d_msgs/msg/Pose2DStamped.msg
[0.871s] -- Up-to-date: /home/nagisa/fishbot_ws/install/nav_2d_msgs/share/nav_2d_msgs/msg/Twist2D.msg
[0.871s] -- Up-to-date: /home/nagisa/fishbot_ws/install/nav_2d_msgs/share/nav_2d_msgs/msg/Twist2D32.msg
[0.871s] -- Up-to-date: /home/nagisa/fishbot_ws/install/nav_2d_msgs/share/nav_2d_msgs/msg/Twist2DStamped.msg
[0.871s] -- Up-to-date: /home/nagisa/fishbot_ws/install/nav_2d_msgs/share/ament_index/resource_index/package_run_dependencies/nav_2d_msgs
[0.871s] -- Up-to-date: /home/nagisa/fishbot_ws/install/nav_2d_msgs/share/ament_index/resource_index/parent_prefix_path/nav_2d_msgs
[0.872s] -- Up-to-date: /home/nagisa/fishbot_ws/install/nav_2d_msgs/share/nav_2d_msgs/environment/ament_prefix_path.sh
[0.872s] -- Up-to-date: /home/nagisa/fishbot_ws/install/nav_2d_msgs/share/nav_2d_msgs/environment/ament_prefix_path.dsv
[0.872s] -- Up-to-date: /home/nagisa/fishbot_ws/install/nav_2d_msgs/share/nav_2d_msgs/environment/path.sh
[0.872s] -- Up-to-date: /home/nagisa/fishbot_ws/install/nav_2d_msgs/share/nav_2d_msgs/environment/path.dsv
[0.872s] -- Up-to-date: /home/nagisa/fishbot_ws/install/nav_2d_msgs/share/nav_2d_msgs/local_setup.bash
[0.872s] -- Up-to-date: /home/nagisa/fishbot_ws/install/nav_2d_msgs/share/nav_2d_msgs/local_setup.sh
[0.872s] -- Up-to-date: /home/nagisa/fishbot_ws/install/nav_2d_msgs/share/nav_2d_msgs/local_setup.zsh
[0.872s] -- Up-to-date: /home/nagisa/fishbot_ws/install/nav_2d_msgs/share/nav_2d_msgs/local_setup.dsv
[0.872s] -- Installing: /home/nagisa/fishbot_ws/install/nav_2d_msgs/share/nav_2d_msgs/package.dsv
[0.873s] -- Up-to-date: /home/nagisa/fishbot_ws/install/nav_2d_msgs/share/ament_index/resource_index/packages/nav_2d_msgs
[0.875s] -- Up-to-date: /home/nagisa/fishbot_ws/install/nav_2d_msgs/share/nav_2d_msgs/cmake/export_nav_2d_msgs__rosidl_generator_cExport.cmake
[0.875s] -- Up-to-date: /home/nagisa/fishbot_ws/install/nav_2d_msgs/share/nav_2d_msgs/cmake/export_nav_2d_msgs__rosidl_generator_cExport-noconfig.cmake
[0.876s] -- Up-to-date: /home/nagisa/fishbot_ws/install/nav_2d_msgs/share/nav_2d_msgs/cmake/export_nav_2d_msgs__rosidl_typesupport_fastrtps_cExport.cmake
[0.876s] -- Up-to-date: /home/nagisa/fishbot_ws/install/nav_2d_msgs/share/nav_2d_msgs/cmake/export_nav_2d_msgs__rosidl_typesupport_fastrtps_cExport-noconfig.cmake
[0.877s] -- Up-to-date: /home/nagisa/fishbot_ws/install/nav_2d_msgs/share/nav_2d_msgs/cmake/export_nav_2d_msgs__rosidl_generator_cppExport.cmake
[0.878s] -- Up-to-date: /home/nagisa/fishbot_ws/install/nav_2d_msgs/share/nav_2d_msgs/cmake/export_nav_2d_msgs__rosidl_typesupport_fastrtps_cppExport.cmake
[0.878s] -- Up-to-date: /home/nagisa/fishbot_ws/install/nav_2d_msgs/share/nav_2d_msgs/cmake/export_nav_2d_msgs__rosidl_typesupport_fastrtps_cppExport-noconfig.cmake
[0.879s] -- Up-to-date: /home/nagisa/fishbot_ws/install/nav_2d_msgs/share/nav_2d_msgs/cmake/nav_2d_msgs__rosidl_typesupport_introspection_cExport.cmake
[0.879s] -- Up-to-date: /home/nagisa/fishbot_ws/install/nav_2d_msgs/share/nav_2d_msgs/cmake/nav_2d_msgs__rosidl_typesupport_introspection_cExport-noconfig.cmake
[0.880s] -- Up-to-date: /home/nagisa/fishbot_ws/install/nav_2d_msgs/share/nav_2d_msgs/cmake/nav_2d_msgs__rosidl_typesupport_cExport.cmake
[0.880s] -- Up-to-date: /home/nagisa/fishbot_ws/install/nav_2d_msgs/share/nav_2d_msgs/cmake/nav_2d_msgs__rosidl_typesupport_cExport-noconfig.cmake
[0.881s] -- Up-to-date: /home/nagisa/fishbot_ws/install/nav_2d_msgs/share/nav_2d_msgs/cmake/nav_2d_msgs__rosidl_typesupport_introspection_cppExport.cmake
[0.881s] -- Up-to-date: /home/nagisa/fishbot_ws/install/nav_2d_msgs/share/nav_2d_msgs/cmake/nav_2d_msgs__rosidl_typesupport_introspection_cppExport-noconfig.cmake
[0.881s] -- Up-to-date: /home/nagisa/fishbot_ws/install/nav_2d_msgs/share/nav_2d_msgs/cmake/nav_2d_msgs__rosidl_typesupport_cppExport.cmake
[0.882s] -- Up-to-date: /home/nagisa/fishbot_ws/install/nav_2d_msgs/share/nav_2d_msgs/cmake/nav_2d_msgs__rosidl_typesupport_cppExport-noconfig.cmake
[0.883s] -- Up-to-date: /home/nagisa/fishbot_ws/install/nav_2d_msgs/share/nav_2d_msgs/cmake/export_nav_2d_msgs__rosidl_generator_pyExport.cmake
[0.883s] -- Up-to-date: /home/nagisa/fishbot_ws/install/nav_2d_msgs/share/nav_2d_msgs/cmake/export_nav_2d_msgs__rosidl_generator_pyExport-noconfig.cmake
[0.883s] -- Up-to-date: /home/nagisa/fishbot_ws/install/nav_2d_msgs/share/nav_2d_msgs/cmake/rosidl_cmake-extras.cmake
[0.883s] -- Up-to-date: /home/nagisa/fishbot_ws/install/nav_2d_msgs/share/nav_2d_msgs/cmake/ament_cmake_export_dependencies-extras.cmake
[0.883s] -- Up-to-date: /home/nagisa/fishbot_ws/install/nav_2d_msgs/share/nav_2d_msgs/cmake/ament_cmake_export_include_directories-extras.cmake
[0.883s] -- Up-to-date: /home/nagisa/fishbot_ws/install/nav_2d_msgs/share/nav_2d_msgs/cmake/ament_cmake_export_libraries-extras.cmake
[0.883s] -- Up-to-date: /home/nagisa/fishbot_ws/install/nav_2d_msgs/share/nav_2d_msgs/cmake/ament_cmake_export_targets-extras.cmake
[0.883s] -- Up-to-date: /home/nagisa/fishbot_ws/install/nav_2d_msgs/share/nav_2d_msgs/cmake/rosidl_cmake_export_typesupport_targets-extras.cmake
[0.884s] -- Up-to-date: /home/nagisa/fishbot_ws/install/nav_2d_msgs/share/nav_2d_msgs/cmake/rosidl_cmake_export_typesupport_libraries-extras.cmake
[0.884s] -- Up-to-date: /home/nagisa/fishbot_ws/install/nav_2d_msgs/share/nav_2d_msgs/cmake/nav_2d_msgsConfig.cmake
[0.884s] -- Up-to-date: /home/nagisa/fishbot_ws/install/nav_2d_msgs/share/nav_2d_msgs/cmake/nav_2d_msgsConfig-version.cmake
[0.884s] -- Up-to-date: /home/nagisa/fishbot_ws/install/nav_2d_msgs/share/nav_2d_msgs/package.xml
[0.886s] Invoked command in '/home/nagisa/fishbot_ws/build/nav_2d_msgs' returned '0': CMAKE_PREFIX_PATH=/opt/ros/humble /usr/bin/cmake --install /home/nagisa/fishbot_ws/build/nav_2d_msgs
