[0.031s] Invoking command in '/home/nagisa/fishbot_ws/build/nav2_constrained_smoother': AMENT_PREFIX_PATH=/home/nagisa/fishbot_ws/install/nav2_core:/home/nagisa/fishbot_ws/install/nav2_costmap_2d:/home/nagisa/fishbot_ws/install/nav2_map_server:/home/nagisa/fishbot_ws/install/nav2_lifecycle_manager:/home/nagisa/fishbot_ws/install/nav2_util:/home/nagisa/fishbot_ws/install/nav2_voxel_grid:/home/nagisa/fishbot_ws/install/nav2_msgs:/home/nagisa/fishbot_ws/install/nav2_common:${AMENT_PREFIX_PATH} CMAKE_PREFIX_PATH=/home/nagisa/fishbot_ws/install/nav2_core:/home/nagisa/fishbot_ws/install/nav2_costmap_2d:/home/nagisa/fishbot_ws/install/nav2_map_server:/home/nagisa/fishbot_ws/install/nav2_lifecycle_manager:/home/nagisa/fishbot_ws/install/nav2_util:/home/nagisa/fishbot_ws/install/nav2_voxel_grid:/home/nagisa/fishbot_ws/install/nav2_msgs:/home/nagisa/fishbot_ws/install/nav2_common:/opt/ros/humble LD_LIBRARY_PATH=/home/nagisa/fishbot_ws/install/nav2_costmap_2d/lib:/home/nagisa/fishbot_ws/install/nav2_map_server/lib:/home/nagisa/fishbot_ws/install/nav2_lifecycle_manager/lib:/home/nagisa/fishbot_ws/install/nav2_util/lib:/home/nagisa/fishbot_ws/install/nav2_voxel_grid/lib:/home/nagisa/fishbot_ws/install/nav2_msgs/lib:${LD_LIBRARY_PATH} PYTHONPATH=/home/nagisa/fishbot_ws/install/nav2_msgs/local/lib/python3.10/dist-packages:/home/nagisa/fishbot_ws/install/nav2_common/local/lib/python3.10/dist-packages:${PYTHONPATH} /usr/bin/cmake --build /home/nagisa/fishbot_ws/build/nav2_constrained_smoother -- -j12 -l12
[0.096s] [35m[1mConsolidate compiler generated dependencies of target gtest_main[0m
[0.096s] [35m[1mConsolidate compiler generated dependencies of target gtest[0m
[0.097s] [35m[1mConsolidate compiler generated dependencies of target nav2_constrained_smoother[0m
[0.112s] [ 20%] Built target gtest_main
[0.114s] [ 40%] Built target gtest
[0.127s] [ 60%] Built target nav2_constrained_smoother
[0.145s] [35m[1mConsolidate compiler generated dependencies of target test_smoother_cost_function[0m
[0.145s] [35m[1mConsolidate compiler generated dependencies of target test_constrained_smoother[0m
[0.169s] [ 80%] Built target test_smoother_cost_function
[0.170s] [100%] Built target test_constrained_smoother
[0.184s] Invoked command in '/home/nagisa/fishbot_ws/build/nav2_constrained_smoother' returned '0': AMENT_PREFIX_PATH=/home/nagisa/fishbot_ws/install/nav2_core:/home/nagisa/fishbot_ws/install/nav2_costmap_2d:/home/nagisa/fishbot_ws/install/nav2_map_server:/home/nagisa/fishbot_ws/install/nav2_lifecycle_manager:/home/nagisa/fishbot_ws/install/nav2_util:/home/nagisa/fishbot_ws/install/nav2_voxel_grid:/home/nagisa/fishbot_ws/install/nav2_msgs:/home/nagisa/fishbot_ws/install/nav2_common:${AMENT_PREFIX_PATH} CMAKE_PREFIX_PATH=/home/nagisa/fishbot_ws/install/nav2_core:/home/nagisa/fishbot_ws/install/nav2_costmap_2d:/home/nagisa/fishbot_ws/install/nav2_map_server:/home/nagisa/fishbot_ws/install/nav2_lifecycle_manager:/home/nagisa/fishbot_ws/install/nav2_util:/home/nagisa/fishbot_ws/install/nav2_voxel_grid:/home/nagisa/fishbot_ws/install/nav2_msgs:/home/nagisa/fishbot_ws/install/nav2_common:/opt/ros/humble LD_LIBRARY_PATH=/home/nagisa/fishbot_ws/install/nav2_costmap_2d/lib:/home/nagisa/fishbot_ws/install/nav2_map_server/lib:/home/nagisa/fishbot_ws/install/nav2_lifecycle_manager/lib:/home/nagisa/fishbot_ws/install/nav2_util/lib:/home/nagisa/fishbot_ws/install/nav2_voxel_grid/lib:/home/nagisa/fishbot_ws/install/nav2_msgs/lib:${LD_LIBRARY_PATH} PYTHONPATH=/home/nagisa/fishbot_ws/install/nav2_msgs/local/lib/python3.10/dist-packages:/home/nagisa/fishbot_ws/install/nav2_common/local/lib/python3.10/dist-packages:${PYTHONPATH} /usr/bin/cmake --build /home/nagisa/fishbot_ws/build/nav2_constrained_smoother -- -j12 -l12
[0.251s] Invoking command in '/home/nagisa/fishbot_ws/build/nav2_constrained_smoother': AMENT_PREFIX_PATH=/home/nagisa/fishbot_ws/install/nav2_core:/home/nagisa/fishbot_ws/install/nav2_costmap_2d:/home/nagisa/fishbot_ws/install/nav2_map_server:/home/nagisa/fishbot_ws/install/nav2_lifecycle_manager:/home/nagisa/fishbot_ws/install/nav2_util:/home/nagisa/fishbot_ws/install/nav2_voxel_grid:/home/nagisa/fishbot_ws/install/nav2_msgs:/home/nagisa/fishbot_ws/install/nav2_common:${AMENT_PREFIX_PATH} CMAKE_PREFIX_PATH=/home/nagisa/fishbot_ws/install/nav2_core:/home/nagisa/fishbot_ws/install/nav2_costmap_2d:/home/nagisa/fishbot_ws/install/nav2_map_server:/home/nagisa/fishbot_ws/install/nav2_lifecycle_manager:/home/nagisa/fishbot_ws/install/nav2_util:/home/nagisa/fishbot_ws/install/nav2_voxel_grid:/home/nagisa/fishbot_ws/install/nav2_msgs:/home/nagisa/fishbot_ws/install/nav2_common:/opt/ros/humble LD_LIBRARY_PATH=/home/nagisa/fishbot_ws/install/nav2_costmap_2d/lib:/home/nagisa/fishbot_ws/install/nav2_map_server/lib:/home/nagisa/fishbot_ws/install/nav2_lifecycle_manager/lib:/home/nagisa/fishbot_ws/install/nav2_util/lib:/home/nagisa/fishbot_ws/install/nav2_voxel_grid/lib:/home/nagisa/fishbot_ws/install/nav2_msgs/lib:${LD_LIBRARY_PATH} PYTHONPATH=/home/nagisa/fishbot_ws/install/nav2_msgs/local/lib/python3.10/dist-packages:/home/nagisa/fishbot_ws/install/nav2_common/local/lib/python3.10/dist-packages:${PYTHONPATH} /usr/bin/cmake --install /home/nagisa/fishbot_ws/build/nav2_constrained_smoother
[0.260s] -- Install configuration: "Release"
[0.263s] -- Up-to-date: /home/nagisa/fishbot_ws/install/nav2_constrained_smoother/lib/libnav2_constrained_smoother.so
[0.263s] -- Up-to-date: /home/nagisa/fishbot_ws/install/nav2_constrained_smoother/include/
[0.263s] -- Up-to-date: /home/nagisa/fishbot_ws/install/nav2_constrained_smoother/include//nav2_constrained_smoother
[0.264s] -- Up-to-date: /home/nagisa/fishbot_ws/install/nav2_constrained_smoother/include//nav2_constrained_smoother/constrained_smoother.hpp
[0.264s] -- Up-to-date: /home/nagisa/fishbot_ws/install/nav2_constrained_smoother/include//nav2_constrained_smoother/smoother_cost_function.hpp
[0.264s] -- Up-to-date: /home/nagisa/fishbot_ws/install/nav2_constrained_smoother/include//nav2_constrained_smoother/options.hpp
[0.264s] -- Up-to-date: /home/nagisa/fishbot_ws/install/nav2_constrained_smoother/include//nav2_constrained_smoother/utils.hpp
[0.264s] -- Up-to-date: /home/nagisa/fishbot_ws/install/nav2_constrained_smoother/include//nav2_constrained_smoother/smoother.hpp
[0.264s] -- Up-to-date: /home/nagisa/fishbot_ws/install/nav2_constrained_smoother/share/nav2_constrained_smoother/environment/library_path.sh
[0.265s] -- Up-to-date: /home/nagisa/fishbot_ws/install/nav2_constrained_smoother/share/nav2_constrained_smoother/environment/library_path.dsv
[0.265s] -- Up-to-date: /home/nagisa/fishbot_ws/install/nav2_constrained_smoother/share/nav2_constrained_smoother/nav2_constrained_smoother.xml
[0.265s] -- Up-to-date: /home/nagisa/fishbot_ws/install/nav2_constrained_smoother/share/ament_index/resource_index/package_run_dependencies/nav2_constrained_smoother
[0.266s] -- Up-to-date: /home/nagisa/fishbot_ws/install/nav2_constrained_smoother/share/ament_index/resource_index/parent_prefix_path/nav2_constrained_smoother
[0.266s] -- Up-to-date: /home/nagisa/fishbot_ws/install/nav2_constrained_smoother/share/nav2_constrained_smoother/environment/ament_prefix_path.sh
[0.266s] -- Up-to-date: /home/nagisa/fishbot_ws/install/nav2_constrained_smoother/share/nav2_constrained_smoother/environment/ament_prefix_path.dsv
[0.266s] -- Up-to-date: /home/nagisa/fishbot_ws/install/nav2_constrained_smoother/share/nav2_constrained_smoother/environment/path.sh
[0.267s] -- Up-to-date: /home/nagisa/fishbot_ws/install/nav2_constrained_smoother/share/nav2_constrained_smoother/environment/path.dsv
[0.267s] -- Up-to-date: /home/nagisa/fishbot_ws/install/nav2_constrained_smoother/share/nav2_constrained_smoother/local_setup.bash
[0.267s] -- Up-to-date: /home/nagisa/fishbot_ws/install/nav2_constrained_smoother/share/nav2_constrained_smoother/local_setup.sh
[0.267s] -- Up-to-date: /home/nagisa/fishbot_ws/install/nav2_constrained_smoother/share/nav2_constrained_smoother/local_setup.zsh
[0.267s] -- Up-to-date: /home/nagisa/fishbot_ws/install/nav2_constrained_smoother/share/nav2_constrained_smoother/local_setup.dsv
[0.267s] -- Installing: /home/nagisa/fishbot_ws/install/nav2_constrained_smoother/share/nav2_constrained_smoother/package.dsv
[0.267s] -- Up-to-date: /home/nagisa/fishbot_ws/install/nav2_constrained_smoother/share/ament_index/resource_index/packages/nav2_constrained_smoother
[0.268s] -- Up-to-date: /home/nagisa/fishbot_ws/install/nav2_constrained_smoother/share/ament_index/resource_index/nav2_core__pluginlib__plugin/nav2_constrained_smoother
[0.268s] -- Up-to-date: /home/nagisa/fishbot_ws/install/nav2_constrained_smoother/share/nav2_constrained_smoother/cmake/ament_cmake_export_include_directories-extras.cmake
[0.268s] -- Up-to-date: /home/nagisa/fishbot_ws/install/nav2_constrained_smoother/share/nav2_constrained_smoother/cmake/ament_cmake_export_libraries-extras.cmake
[0.268s] -- Up-to-date: /home/nagisa/fishbot_ws/install/nav2_constrained_smoother/share/nav2_constrained_smoother/cmake/ament_cmake_export_dependencies-extras.cmake
[0.269s] -- Up-to-date: /home/nagisa/fishbot_ws/install/nav2_constrained_smoother/share/nav2_constrained_smoother/cmake/nav2_constrained_smootherConfig.cmake
[0.269s] -- Up-to-date: /home/nagisa/fishbot_ws/install/nav2_constrained_smoother/share/nav2_constrained_smoother/cmake/nav2_constrained_smootherConfig-version.cmake
[0.269s] -- Up-to-date: /home/nagisa/fishbot_ws/install/nav2_constrained_smoother/share/nav2_constrained_smoother/package.xml
[0.271s] Invoked command in '/home/nagisa/fishbot_ws/build/nav2_constrained_smoother' returned '0': AMENT_PREFIX_PATH=/home/nagisa/fishbot_ws/install/nav2_core:/home/nagisa/fishbot_ws/install/nav2_costmap_2d:/home/nagisa/fishbot_ws/install/nav2_map_server:/home/nagisa/fishbot_ws/install/nav2_lifecycle_manager:/home/nagisa/fishbot_ws/install/nav2_util:/home/nagisa/fishbot_ws/install/nav2_voxel_grid:/home/nagisa/fishbot_ws/install/nav2_msgs:/home/nagisa/fishbot_ws/install/nav2_common:${AMENT_PREFIX_PATH} CMAKE_PREFIX_PATH=/home/nagisa/fishbot_ws/install/nav2_core:/home/nagisa/fishbot_ws/install/nav2_costmap_2d:/home/nagisa/fishbot_ws/install/nav2_map_server:/home/nagisa/fishbot_ws/install/nav2_lifecycle_manager:/home/nagisa/fishbot_ws/install/nav2_util:/home/nagisa/fishbot_ws/install/nav2_voxel_grid:/home/nagisa/fishbot_ws/install/nav2_msgs:/home/nagisa/fishbot_ws/install/nav2_common:/opt/ros/humble LD_LIBRARY_PATH=/home/nagisa/fishbot_ws/install/nav2_costmap_2d/lib:/home/nagisa/fishbot_ws/install/nav2_map_server/lib:/home/nagisa/fishbot_ws/install/nav2_lifecycle_manager/lib:/home/nagisa/fishbot_ws/install/nav2_util/lib:/home/nagisa/fishbot_ws/install/nav2_voxel_grid/lib:/home/nagisa/fishbot_ws/install/nav2_msgs/lib:${LD_LIBRARY_PATH} PYTHONPATH=/home/nagisa/fishbot_ws/install/nav2_msgs/local/lib/python3.10/dist-packages:/home/nagisa/fishbot_ws/install/nav2_common/local/lib/python3.10/dist-packages:${PYTHONPATH} /usr/bin/cmake --install /home/nagisa/fishbot_ws/build/nav2_constrained_smoother
