[0.025s] Invoking command in '/home/nagisa/fishbot_ws/build/cartographer_ros': CMAKE_PREFIX_PATH=/home/nagisa/fishbot_ws/install/cartographer_ros_msgs:/home/nagisa/fishbot_ws/install/cartographer:/home/nagisa/fishbot_ws/install/nav2_system_tests:/home/nagisa/fishbot_ws/install/nav2_bringup:/home/nagisa/fishbot_ws/install/nav2_graceful_controller:/home/nagisa/fishbot_ws/install/navigation2:/home/nagisa/fishbot_ws/install/nav2_smoother:/home/nagisa/fishbot_ws/install/nav2_dwb_controller:/home/nagisa/fishbot_ws/install/nav2_controller:/home/nagisa/fishbot_ws/install/dwb_plugins:/home/nagisa/fishbot_ws/install/dwb_critics:/home/nagisa/fishbot_ws/install/dwb_core:/home/nagisa/fishbot_ws/install/nav_2d_utils:/home/nagisa/fishbot_ws/install/dwb_msgs:/home/nagisa/fishbot_ws/install/nav_2d_msgs:/home/nagisa/fishbot_ws/install/nav2_waypoint_follower:/home/nagisa/fishbot_ws/install/nav2_theta_star_planner:/home/nagisa/fishbot_ws/install/nav2_smac_planner:/home/nagisa/fishbot_ws/install/nav2_rotation_shim_controller:/home/nagisa/fishbot_ws/install/nav2_regulated_pure_pursuit_controller:/home/nagisa/fishbot_ws/install/nav2_planner:/home/nagisa/fishbot_ws/install/nav2_navfn_planner:/home/nagisa/fishbot_ws/install/nav2_mppi_controller:/home/nagisa/fishbot_ws/install/nav2_constrained_smoother:/home/nagisa/fishbot_ws/install/nav2_bt_navigator:/home/nagisa/fishbot_ws/install/nav2_behaviors:/home/nagisa/fishbot_ws/install/nav2_core:/home/nagisa/fishbot_ws/install/nav2_collision_monitor:/home/nagisa/fishbot_ws/install/costmap_queue:/home/nagisa/fishbot_ws/install/nav2_costmap_2d:/home/nagisa/fishbot_ws/install/nav2_voxel_grid:/home/nagisa/fishbot_ws/install/nav2_velocity_smoother:/home/nagisa/fishbot_ws/install/nav2_rviz_plugins:/home/nagisa/fishbot_ws/install/nav2_map_server:/home/nagisa/fishbot_ws/install/nav2_lifecycle_manager:/home/nagisa/fishbot_ws/install/nav2_behavior_tree:/home/nagisa/fishbot_ws/install/nav2_amcl:/home/nagisa/fishbot_ws/install/nav2_util:/home/nagisa/fishbot_ws/install/nav2_msgs:/home/nagisa/fishbot_ws/install/nav2_common:/home/nagisa/fishbot_ws/install/fishbot_navigation2:/home/nagisa/fishbot_ws/install/fishbot_cartographer:/home/nagisa/fishbot_ws/install/cartographer_rviz:/home/nagisa/fishbot_ws/install/cartographer_ros:/home/nagisa/fishbot_ws/install/nav2_simple_commander:/home/nagisa/fishbot_ws/install/fishbot_description:/opt/ros/humble LD_LIBRARY_PATH=/home/nagisa/fishbot_ws/install/cartographer_ros_msgs/lib:/home/nagisa/fishbot_ws/install/nav2_graceful_controller/lib:/home/nagisa/fishbot_ws/install/nav2_smoother/lib:/home/nagisa/fishbot_ws/install/nav2_controller/lib:/home/nagisa/fishbot_ws/install/dwb_plugins/lib:/home/nagisa/fishbot_ws/install/dwb_critics/lib:/home/nagisa/fishbot_ws/install/dwb_core/lib:/home/nagisa/fishbot_ws/install/nav_2d_utils/lib:/home/nagisa/fishbot_ws/install/dwb_msgs/lib:/home/nagisa/fishbot_ws/install/nav_2d_msgs/lib:/home/nagisa/fishbot_ws/install/nav2_waypoint_follower/lib:/home/nagisa/fishbot_ws/install/nav2_theta_star_planner/lib:/home/nagisa/fishbot_ws/install/nav2_smac_planner/lib:/home/nagisa/fishbot_ws/install/nav2_rotation_shim_controller/lib:/home/nagisa/fishbot_ws/install/nav2_regulated_pure_pursuit_controller/lib:/home/nagisa/fishbot_ws/install/nav2_planner/lib:/home/nagisa/fishbot_ws/install/nav2_navfn_planner/lib:/home/nagisa/fishbot_ws/install/nav2_mppi_controller/lib:/home/nagisa/fishbot_ws/install/nav2_constrained_smoother/lib:/home/nagisa/fishbot_ws/install/nav2_bt_navigator/lib:/home/nagisa/fishbot_ws/install/nav2_behaviors/lib:/home/nagisa/fishbot_ws/install/nav2_collision_monitor/lib:/home/nagisa/fishbot_ws/install/costmap_queue/lib:/home/nagisa/fishbot_ws/install/nav2_costmap_2d/lib:/home/nagisa/fishbot_ws/install/nav2_voxel_grid/lib:/home/nagisa/fishbot_ws/install/nav2_velocity_smoother/lib:/home/nagisa/fishbot_ws/install/nav2_rviz_plugins/lib:/home/nagisa/fishbot_ws/install/nav2_map_server/lib:/home/nagisa/fishbot_ws/install/nav2_lifecycle_manager/lib:/home/nagisa/fishbot_ws/install/nav2_behavior_tree/lib:/home/nagisa/fishbot_ws/install/nav2_amcl/lib:/home/nagisa/fishbot_ws/install/nav2_util/lib:/home/nagisa/fishbot_ws/install/nav2_msgs/lib:/home/nagisa/fishbot_ws/install/cartographer_rviz/lib:/home/nagisa/fishbot_ws/install/cartographer_ros/lib:/usr/lib/x86_64-linux-gnu/gazebo-11/plugins:/opt/ros/humble/opt/rviz_ogre_vendor/lib:/opt/ros/humble/lib/x86_64-linux-gnu:/opt/ros/humble/lib /usr/bin/cmake --build /home/nagisa/fishbot_ws/build/cartographer_ros -- -j12 -l12
[0.228s] [ 60%] Built target cartographer_ros
[0.319s] [ 65%] Built target cartographer_offline_node
[0.321s] [ 71%] Built target cartographer_node
[0.325s] [ 77%] Built target cartographer_assets_writer
[0.326s] [ 82%] Built target cartographer_pbstream_map_publisher
[0.328s] [ 88%] Built target cartographer_occupancy_grid_node
[0.336s] [ 94%] Built target cartographer_pbstream_to_ros_map
[0.352s] [100%] Built target cartographer_rosbag_validate
[0.367s] Invoked command in '/home/nagisa/fishbot_ws/build/cartographer_ros' returned '0': CMAKE_PREFIX_PATH=/home/nagisa/fishbot_ws/install/cartographer_ros_msgs:/home/nagisa/fishbot_ws/install/cartographer:/home/nagisa/fishbot_ws/install/nav2_system_tests:/home/nagisa/fishbot_ws/install/nav2_bringup:/home/nagisa/fishbot_ws/install/nav2_graceful_controller:/home/nagisa/fishbot_ws/install/navigation2:/home/nagisa/fishbot_ws/install/nav2_smoother:/home/nagisa/fishbot_ws/install/nav2_dwb_controller:/home/nagisa/fishbot_ws/install/nav2_controller:/home/nagisa/fishbot_ws/install/dwb_plugins:/home/nagisa/fishbot_ws/install/dwb_critics:/home/nagisa/fishbot_ws/install/dwb_core:/home/nagisa/fishbot_ws/install/nav_2d_utils:/home/nagisa/fishbot_ws/install/dwb_msgs:/home/nagisa/fishbot_ws/install/nav_2d_msgs:/home/nagisa/fishbot_ws/install/nav2_waypoint_follower:/home/nagisa/fishbot_ws/install/nav2_theta_star_planner:/home/nagisa/fishbot_ws/install/nav2_smac_planner:/home/nagisa/fishbot_ws/install/nav2_rotation_shim_controller:/home/nagisa/fishbot_ws/install/nav2_regulated_pure_pursuit_controller:/home/nagisa/fishbot_ws/install/nav2_planner:/home/nagisa/fishbot_ws/install/nav2_navfn_planner:/home/nagisa/fishbot_ws/install/nav2_mppi_controller:/home/nagisa/fishbot_ws/install/nav2_constrained_smoother:/home/nagisa/fishbot_ws/install/nav2_bt_navigator:/home/nagisa/fishbot_ws/install/nav2_behaviors:/home/nagisa/fishbot_ws/install/nav2_core:/home/nagisa/fishbot_ws/install/nav2_collision_monitor:/home/nagisa/fishbot_ws/install/costmap_queue:/home/nagisa/fishbot_ws/install/nav2_costmap_2d:/home/nagisa/fishbot_ws/install/nav2_voxel_grid:/home/nagisa/fishbot_ws/install/nav2_velocity_smoother:/home/nagisa/fishbot_ws/install/nav2_rviz_plugins:/home/nagisa/fishbot_ws/install/nav2_map_server:/home/nagisa/fishbot_ws/install/nav2_lifecycle_manager:/home/nagisa/fishbot_ws/install/nav2_behavior_tree:/home/nagisa/fishbot_ws/install/nav2_amcl:/home/nagisa/fishbot_ws/install/nav2_util:/home/nagisa/fishbot_ws/install/nav2_msgs:/home/nagisa/fishbot_ws/install/nav2_common:/home/nagisa/fishbot_ws/install/fishbot_navigation2:/home/nagisa/fishbot_ws/install/fishbot_cartographer:/home/nagisa/fishbot_ws/install/cartographer_rviz:/home/nagisa/fishbot_ws/install/cartographer_ros:/home/nagisa/fishbot_ws/install/nav2_simple_commander:/home/nagisa/fishbot_ws/install/fishbot_description:/opt/ros/humble LD_LIBRARY_PATH=/home/nagisa/fishbot_ws/install/cartographer_ros_msgs/lib:/home/nagisa/fishbot_ws/install/nav2_graceful_controller/lib:/home/nagisa/fishbot_ws/install/nav2_smoother/lib:/home/nagisa/fishbot_ws/install/nav2_controller/lib:/home/nagisa/fishbot_ws/install/dwb_plugins/lib:/home/nagisa/fishbot_ws/install/dwb_critics/lib:/home/nagisa/fishbot_ws/install/dwb_core/lib:/home/nagisa/fishbot_ws/install/nav_2d_utils/lib:/home/nagisa/fishbot_ws/install/dwb_msgs/lib:/home/nagisa/fishbot_ws/install/nav_2d_msgs/lib:/home/nagisa/fishbot_ws/install/nav2_waypoint_follower/lib:/home/nagisa/fishbot_ws/install/nav2_theta_star_planner/lib:/home/nagisa/fishbot_ws/install/nav2_smac_planner/lib:/home/nagisa/fishbot_ws/install/nav2_rotation_shim_controller/lib:/home/nagisa/fishbot_ws/install/nav2_regulated_pure_pursuit_controller/lib:/home/nagisa/fishbot_ws/install/nav2_planner/lib:/home/nagisa/fishbot_ws/install/nav2_navfn_planner/lib:/home/nagisa/fishbot_ws/install/nav2_mppi_controller/lib:/home/nagisa/fishbot_ws/install/nav2_constrained_smoother/lib:/home/nagisa/fishbot_ws/install/nav2_bt_navigator/lib:/home/nagisa/fishbot_ws/install/nav2_behaviors/lib:/home/nagisa/fishbot_ws/install/nav2_collision_monitor/lib:/home/nagisa/fishbot_ws/install/costmap_queue/lib:/home/nagisa/fishbot_ws/install/nav2_costmap_2d/lib:/home/nagisa/fishbot_ws/install/nav2_voxel_grid/lib:/home/nagisa/fishbot_ws/install/nav2_velocity_smoother/lib:/home/nagisa/fishbot_ws/install/nav2_rviz_plugins/lib:/home/nagisa/fishbot_ws/install/nav2_map_server/lib:/home/nagisa/fishbot_ws/install/nav2_lifecycle_manager/lib:/home/nagisa/fishbot_ws/install/nav2_behavior_tree/lib:/home/nagisa/fishbot_ws/install/nav2_amcl/lib:/home/nagisa/fishbot_ws/install/nav2_util/lib:/home/nagisa/fishbot_ws/install/nav2_msgs/lib:/home/nagisa/fishbot_ws/install/cartographer_rviz/lib:/home/nagisa/fishbot_ws/install/cartographer_ros/lib:/usr/lib/x86_64-linux-gnu/gazebo-11/plugins:/opt/ros/humble/opt/rviz_ogre_vendor/lib:/opt/ros/humble/lib/x86_64-linux-gnu:/opt/ros/humble/lib /usr/bin/cmake --build /home/nagisa/fishbot_ws/build/cartographer_ros -- -j12 -l12
[0.678s] Invoking command in '/home/nagisa/fishbot_ws/build/cartographer_ros': CMAKE_PREFIX_PATH=/home/nagisa/fishbot_ws/install/cartographer_ros_msgs:/home/nagisa/fishbot_ws/install/cartographer:/home/nagisa/fishbot_ws/install/nav2_system_tests:/home/nagisa/fishbot_ws/install/nav2_bringup:/home/nagisa/fishbot_ws/install/nav2_graceful_controller:/home/nagisa/fishbot_ws/install/navigation2:/home/nagisa/fishbot_ws/install/nav2_smoother:/home/nagisa/fishbot_ws/install/nav2_dwb_controller:/home/nagisa/fishbot_ws/install/nav2_controller:/home/nagisa/fishbot_ws/install/dwb_plugins:/home/nagisa/fishbot_ws/install/dwb_critics:/home/nagisa/fishbot_ws/install/dwb_core:/home/nagisa/fishbot_ws/install/nav_2d_utils:/home/nagisa/fishbot_ws/install/dwb_msgs:/home/nagisa/fishbot_ws/install/nav_2d_msgs:/home/nagisa/fishbot_ws/install/nav2_waypoint_follower:/home/nagisa/fishbot_ws/install/nav2_theta_star_planner:/home/nagisa/fishbot_ws/install/nav2_smac_planner:/home/nagisa/fishbot_ws/install/nav2_rotation_shim_controller:/home/nagisa/fishbot_ws/install/nav2_regulated_pure_pursuit_controller:/home/nagisa/fishbot_ws/install/nav2_planner:/home/nagisa/fishbot_ws/install/nav2_navfn_planner:/home/nagisa/fishbot_ws/install/nav2_mppi_controller:/home/nagisa/fishbot_ws/install/nav2_constrained_smoother:/home/nagisa/fishbot_ws/install/nav2_bt_navigator:/home/nagisa/fishbot_ws/install/nav2_behaviors:/home/nagisa/fishbot_ws/install/nav2_core:/home/nagisa/fishbot_ws/install/nav2_collision_monitor:/home/nagisa/fishbot_ws/install/costmap_queue:/home/nagisa/fishbot_ws/install/nav2_costmap_2d:/home/nagisa/fishbot_ws/install/nav2_voxel_grid:/home/nagisa/fishbot_ws/install/nav2_velocity_smoother:/home/nagisa/fishbot_ws/install/nav2_rviz_plugins:/home/nagisa/fishbot_ws/install/nav2_map_server:/home/nagisa/fishbot_ws/install/nav2_lifecycle_manager:/home/nagisa/fishbot_ws/install/nav2_behavior_tree:/home/nagisa/fishbot_ws/install/nav2_amcl:/home/nagisa/fishbot_ws/install/nav2_util:/home/nagisa/fishbot_ws/install/nav2_msgs:/home/nagisa/fishbot_ws/install/nav2_common:/home/nagisa/fishbot_ws/install/fishbot_navigation2:/home/nagisa/fishbot_ws/install/fishbot_cartographer:/home/nagisa/fishbot_ws/install/cartographer_rviz:/home/nagisa/fishbot_ws/install/cartographer_ros:/home/nagisa/fishbot_ws/install/nav2_simple_commander:/home/nagisa/fishbot_ws/install/fishbot_description:/opt/ros/humble LD_LIBRARY_PATH=/home/nagisa/fishbot_ws/install/cartographer_ros_msgs/lib:/home/nagisa/fishbot_ws/install/nav2_graceful_controller/lib:/home/nagisa/fishbot_ws/install/nav2_smoother/lib:/home/nagisa/fishbot_ws/install/nav2_controller/lib:/home/nagisa/fishbot_ws/install/dwb_plugins/lib:/home/nagisa/fishbot_ws/install/dwb_critics/lib:/home/nagisa/fishbot_ws/install/dwb_core/lib:/home/nagisa/fishbot_ws/install/nav_2d_utils/lib:/home/nagisa/fishbot_ws/install/dwb_msgs/lib:/home/nagisa/fishbot_ws/install/nav_2d_msgs/lib:/home/nagisa/fishbot_ws/install/nav2_waypoint_follower/lib:/home/nagisa/fishbot_ws/install/nav2_theta_star_planner/lib:/home/nagisa/fishbot_ws/install/nav2_smac_planner/lib:/home/nagisa/fishbot_ws/install/nav2_rotation_shim_controller/lib:/home/nagisa/fishbot_ws/install/nav2_regulated_pure_pursuit_controller/lib:/home/nagisa/fishbot_ws/install/nav2_planner/lib:/home/nagisa/fishbot_ws/install/nav2_navfn_planner/lib:/home/nagisa/fishbot_ws/install/nav2_mppi_controller/lib:/home/nagisa/fishbot_ws/install/nav2_constrained_smoother/lib:/home/nagisa/fishbot_ws/install/nav2_bt_navigator/lib:/home/nagisa/fishbot_ws/install/nav2_behaviors/lib:/home/nagisa/fishbot_ws/install/nav2_collision_monitor/lib:/home/nagisa/fishbot_ws/install/costmap_queue/lib:/home/nagisa/fishbot_ws/install/nav2_costmap_2d/lib:/home/nagisa/fishbot_ws/install/nav2_voxel_grid/lib:/home/nagisa/fishbot_ws/install/nav2_velocity_smoother/lib:/home/nagisa/fishbot_ws/install/nav2_rviz_plugins/lib:/home/nagisa/fishbot_ws/install/nav2_map_server/lib:/home/nagisa/fishbot_ws/install/nav2_lifecycle_manager/lib:/home/nagisa/fishbot_ws/install/nav2_behavior_tree/lib:/home/nagisa/fishbot_ws/install/nav2_amcl/lib:/home/nagisa/fishbot_ws/install/nav2_util/lib:/home/nagisa/fishbot_ws/install/nav2_msgs/lib:/home/nagisa/fishbot_ws/install/cartographer_rviz/lib:/home/nagisa/fishbot_ws/install/cartographer_ros/lib:/usr/lib/x86_64-linux-gnu/gazebo-11/plugins:/opt/ros/humble/opt/rviz_ogre_vendor/lib:/opt/ros/humble/lib/x86_64-linux-gnu:/opt/ros/humble/lib /usr/bin/cmake --install /home/nagisa/fishbot_ws/build/cartographer_ros
[0.693s] -- Install configuration: ""
[0.693s] -- Up-to-date: /home/nagisa/fishbot_ws/install/cartographer_ros/lib/libcartographer_ros.a
[0.694s] -- Up-to-date: /home/nagisa/fishbot_ws/install/cartographer_ros/lib/cartographer_ros/cartographer_node
[0.697s] -- Up-to-date: /home/nagisa/fishbot_ws/install/cartographer_ros/lib/cartographer_ros/cartographer_occupancy_grid_node
[0.698s] -- Up-to-date: /home/nagisa/fishbot_ws/install/cartographer_ros/lib/cartographer_ros/cartographer_offline_node
[0.700s] -- Up-to-date: /home/nagisa/fishbot_ws/install/cartographer_ros/lib/cartographer_ros/cartographer_assets_writer
[0.701s] -- Up-to-date: /home/nagisa/fishbot_ws/install/cartographer_ros/lib/cartographer_ros/cartographer_pbstream_map_publisher
[0.702s] -- Up-to-date: /home/nagisa/fishbot_ws/install/cartographer_ros/lib/cartographer_ros/cartographer_pbstream_to_ros_map
[0.703s] -- Up-to-date: /home/nagisa/fishbot_ws/install/cartographer_ros/lib/cartographer_ros/cartographer_rosbag_validate
[0.706s] -- Up-to-date: /home/nagisa/fishbot_ws/install/cartographer_ros/include/
[0.706s] -- Up-to-date: /home/nagisa/fishbot_ws/install/cartographer_ros/include//cartographer_ros
[0.707s] -- Up-to-date: /home/nagisa/fishbot_ws/install/cartographer_ros/include//cartographer_ros/metrics
[0.707s] -- Up-to-date: /home/nagisa/fishbot_ws/install/cartographer_ros/include//cartographer_ros/metrics/family_factory.h
[0.707s] -- Up-to-date: /home/nagisa/fishbot_ws/install/cartographer_ros/include//cartographer_ros/metrics/internal
[0.707s] -- Up-to-date: /home/nagisa/fishbot_ws/install/cartographer_ros/include//cartographer_ros/metrics/internal/counter.h
[0.707s] -- Up-to-date: /home/nagisa/fishbot_ws/install/cartographer_ros/include//cartographer_ros/metrics/internal/family.h
[0.707s] -- Up-to-date: /home/nagisa/fishbot_ws/install/cartographer_ros/include//cartographer_ros/metrics/internal/histogram.h
[0.707s] -- Up-to-date: /home/nagisa/fishbot_ws/install/cartographer_ros/include//cartographer_ros/metrics/internal/gauge.h
[0.708s] -- Up-to-date: /home/nagisa/fishbot_ws/install/cartographer_ros/include//cartographer_ros/ros_map_writing_points_processor.h
[0.708s] -- Up-to-date: /home/nagisa/fishbot_ws/install/cartographer_ros/include//cartographer_ros/urdf_reader.h
[0.708s] -- Up-to-date: /home/nagisa/fishbot_ws/install/cartographer_ros/include//cartographer_ros/map_builder_bridge.h
[0.708s] -- Up-to-date: /home/nagisa/fishbot_ws/install/cartographer_ros/include//cartographer_ros/msg_conversion.h
[0.708s] -- Up-to-date: /home/nagisa/fishbot_ws/install/cartographer_ros/include//cartographer_ros/tf_bridge.h
[0.708s] -- Up-to-date: /home/nagisa/fishbot_ws/install/cartographer_ros/include//cartographer_ros/ros_log_sink.h
[0.708s] -- Up-to-date: /home/nagisa/fishbot_ws/install/cartographer_ros/include//cartographer_ros/assets_writer.h
[0.709s] -- Up-to-date: /home/nagisa/fishbot_ws/install/cartographer_ros/include//cartographer_ros/offline_node.h
[0.709s] -- Up-to-date: /home/nagisa/fishbot_ws/install/cartographer_ros/include//cartographer_ros/trajectory_options.h
[0.709s] -- Up-to-date: /home/nagisa/fishbot_ws/install/cartographer_ros/include//cartographer_ros/playable_bag.h
[0.709s] -- Up-to-date: /home/nagisa/fishbot_ws/install/cartographer_ros/include//cartographer_ros/node_constants.h
[0.709s] -- Up-to-date: /home/nagisa/fishbot_ws/install/cartographer_ros/include//cartographer_ros/time_conversion.h
[0.709s] -- Up-to-date: /home/nagisa/fishbot_ws/install/cartographer_ros/include//cartographer_ros/sensor_bridge.h
[0.710s] -- Up-to-date: /home/nagisa/fishbot_ws/install/cartographer_ros/include//cartographer_ros/node.h
[0.710s] -- Up-to-date: /home/nagisa/fishbot_ws/install/cartographer_ros/include//cartographer_ros/submap.h
[0.710s] -- Up-to-date: /home/nagisa/fishbot_ws/install/cartographer_ros/include//cartographer_ros/node_options.h
[0.710s] -- Up-to-date: /home/nagisa/fishbot_ws/install/cartographer_ros/include//cartographer_ros/ros_map.h
[0.710s] -- Up-to-date: /home/nagisa/fishbot_ws/install/cartographer_ros/share/cartographer_ros//configuration_files
[0.710s] -- Up-to-date: /home/nagisa/fishbot_ws/install/cartographer_ros/share/cartographer_ros//configuration_files/backpack_2d_server.lua
[0.711s] -- Up-to-date: /home/nagisa/fishbot_ws/install/cartographer_ros/share/cartographer_ros//configuration_files/backpack_2d_localization_evaluation.lua
[0.711s] -- Up-to-date: /home/nagisa/fishbot_ws/install/cartographer_ros/share/cartographer_ros//configuration_files/taurob_tracker.lua
[0.711s] -- Up-to-date: /home/nagisa/fishbot_ws/install/cartographer_ros/share/cartographer_ros//configuration_files/demo_2d.rviz
[0.711s] -- Up-to-date: /home/nagisa/fishbot_ws/install/cartographer_ros/share/cartographer_ros//configuration_files/backpack_2d.lua
[0.711s] -- Up-to-date: /home/nagisa/fishbot_ws/install/cartographer_ros/share/cartographer_ros//configuration_files/assets_writer_backpack_3d.lua
[0.711s] -- Up-to-date: /home/nagisa/fishbot_ws/install/cartographer_ros/share/cartographer_ros//configuration_files/assets_writer_backpack_2d.lua
[0.711s] -- Up-to-date: /home/nagisa/fishbot_ws/install/cartographer_ros/share/cartographer_ros//configuration_files/assets_writer_ros_map.lua
[0.712s] -- Up-to-date: /home/nagisa/fishbot_ws/install/cartographer_ros/share/cartographer_ros//configuration_files/transform.lua
[0.712s] -- Up-to-date: /home/nagisa/fishbot_ws/install/cartographer_ros/share/cartographer_ros//configuration_files/backpack_3d_localization.lua
[0.712s] -- Up-to-date: /home/nagisa/fishbot_ws/install/cartographer_ros/share/cartographer_ros//configuration_files/demo_3d.rviz
[0.712s] -- Up-to-date: /home/nagisa/fishbot_ws/install/cartographer_ros/share/cartographer_ros//configuration_files/revo_lds.lua
[0.712s] -- Up-to-date: /home/nagisa/fishbot_ws/install/cartographer_ros/share/cartographer_ros//configuration_files/assets_writer_backpack_2d_ci.lua
[0.712s] -- Up-to-date: /home/nagisa/fishbot_ws/install/cartographer_ros/share/cartographer_ros//configuration_files/mir-100-mapping.lua
[0.712s] -- Up-to-date: /home/nagisa/fishbot_ws/install/cartographer_ros/share/cartographer_ros//configuration_files/backpack_2d_localization.lua
[0.712s] -- Up-to-date: /home/nagisa/fishbot_ws/install/cartographer_ros/share/cartographer_ros//configuration_files/pr2.lua
[0.712s] -- Up-to-date: /home/nagisa/fishbot_ws/install/cartographer_ros/share/cartographer_ros//configuration_files/backpack_3d.lua
[0.712s] -- Up-to-date: /home/nagisa/fishbot_ws/install/cartographer_ros/share/cartographer_ros//configuration_files/visualize_pbstream.lua
[0.712s] -- Up-to-date: /home/nagisa/fishbot_ws/install/cartographer_ros/share/cartographer_ros//urdf
[0.712s] -- Up-to-date: /home/nagisa/fishbot_ws/install/cartographer_ros/share/cartographer_ros//urdf/backpack_2d.urdf
[0.712s] -- Up-to-date: /home/nagisa/fishbot_ws/install/cartographer_ros/share/cartographer_ros//urdf/backpack_3d.urdf
[0.712s] -- Up-to-date: /home/nagisa/fishbot_ws/install/cartographer_ros/share/cartographer_ros//urdf/mir-100.urdf
[0.712s] -- Up-to-date: /home/nagisa/fishbot_ws/install/cartographer_ros/share/cartographer_ros//launch
[0.712s] -- Up-to-date: /home/nagisa/fishbot_ws/install/cartographer_ros/share/cartographer_ros//launch/backpack_2d.launch.py
[0.712s] -- Up-to-date: /home/nagisa/fishbot_ws/install/cartographer_ros/share/cartographer_ros//launch/offline_backpack_3d.launch.py
[0.712s] -- Up-to-date: /home/nagisa/fishbot_ws/install/cartographer_ros/share/cartographer_ros//launch/demo_backpack_3d_localization.launch.py
[0.713s] -- Up-to-date: /home/nagisa/fishbot_ws/install/cartographer_ros/share/cartographer_ros//launch/demo_backpack_3d.launch.py
[0.713s] -- Up-to-date: /home/nagisa/fishbot_ws/install/cartographer_ros/share/cartographer_ros//launch/backpack_3d.launch.py
[0.713s] -- Up-to-date: /home/nagisa/fishbot_ws/install/cartographer_ros/share/cartographer_ros//launch/offline_backpack_2d.launch.py
[0.713s] -- Up-to-date: /home/nagisa/fishbot_ws/install/cartographer_ros/share/cartographer_ros//launch/assets_writer_backpack_2d.launch.py
[0.713s] -- Up-to-date: /home/nagisa/fishbot_ws/install/cartographer_ros/share/cartographer_ros//launch/demo_taurob_tracker.launch.py
[0.713s] -- Up-to-date: /home/nagisa/fishbot_ws/install/cartographer_ros/share/cartographer_ros//launch/visualize_pbstream.launch.py
[0.713s] -- Up-to-date: /home/nagisa/fishbot_ws/install/cartographer_ros/share/cartographer_ros//launch/assets_writer_backpack_3d.launch.py
[0.714s] -- Up-to-date: /home/nagisa/fishbot_ws/install/cartographer_ros/share/cartographer_ros//launch/assets_writer_ros_map.launch.py
[0.714s] -- Up-to-date: /home/nagisa/fishbot_ws/install/cartographer_ros/share/cartographer_ros//launch/taurob_tracker.launch.py
[0.714s] -- Up-to-date: /home/nagisa/fishbot_ws/install/cartographer_ros/share/cartographer_ros//launch/demo_backpack_2d_localization.launch.py
[0.714s] -- Up-to-date: /home/nagisa/fishbot_ws/install/cartographer_ros/share/cartographer_ros//launch/demo_pr2.launch
[0.714s] -- Up-to-date: /home/nagisa/fishbot_ws/install/cartographer_ros/share/cartographer_ros//launch/grpc_demo_backpack_2d_localization.launch
[0.714s] -- Up-to-date: /home/nagisa/fishbot_ws/install/cartographer_ros/share/cartographer_ros//launch/grpc_demo_backpack_2d.launch
[0.714s] -- Up-to-date: /home/nagisa/fishbot_ws/install/cartographer_ros/share/cartographer_ros//launch/offline_node.launch.py
[0.714s] -- Up-to-date: /home/nagisa/fishbot_ws/install/cartographer_ros/share/cartographer_ros//launch/demo_backpack_2d.launch.py
[0.714s] -- Up-to-date: /home/nagisa/fishbot_ws/install/cartographer_ros/share/cartographer_ros//launch/demo_revo_lds.launch.py
[0.715s] -- Up-to-date: /home/nagisa/fishbot_ws/install/cartographer_ros/share/cartographer_ros//launch/offline_mir_100_rviz.launch.py
[0.715s] -- Up-to-date: /home/nagisa/fishbot_ws/install/cartographer_ros/share/cartographer_ros/environment/library_path.sh
[0.715s] -- Up-to-date: /home/nagisa/fishbot_ws/install/cartographer_ros/share/cartographer_ros/environment/library_path.dsv
[0.715s] -- Up-to-date: /home/nagisa/fishbot_ws/install/cartographer_ros/share/ament_index/resource_index/package_run_dependencies/cartographer_ros
[0.716s] -- Up-to-date: /home/nagisa/fishbot_ws/install/cartographer_ros/share/ament_index/resource_index/parent_prefix_path/cartographer_ros
[0.716s] -- Up-to-date: /home/nagisa/fishbot_ws/install/cartographer_ros/share/cartographer_ros/environment/ament_prefix_path.sh
[0.718s] -- Up-to-date: /home/nagisa/fishbot_ws/install/cartographer_ros/share/cartographer_ros/environment/ament_prefix_path.dsv
[0.719s] -- Up-to-date: /home/nagisa/fishbot_ws/install/cartographer_ros/share/cartographer_ros/environment/path.sh
[0.719s] -- Up-to-date: /home/nagisa/fishbot_ws/install/cartographer_ros/share/cartographer_ros/environment/path.dsv
[0.720s] -- Up-to-date: /home/nagisa/fishbot_ws/install/cartographer_ros/share/cartographer_ros/local_setup.bash
[0.720s] -- Up-to-date: /home/nagisa/fishbot_ws/install/cartographer_ros/share/cartographer_ros/local_setup.sh
[0.720s] -- Up-to-date: /home/nagisa/fishbot_ws/install/cartographer_ros/share/cartographer_ros/local_setup.zsh
[0.720s] -- Up-to-date: /home/nagisa/fishbot_ws/install/cartographer_ros/share/cartographer_ros/local_setup.dsv
[0.721s] -- Installing: /home/nagisa/fishbot_ws/install/cartographer_ros/share/cartographer_ros/package.dsv
[0.721s] -- Up-to-date: /home/nagisa/fishbot_ws/install/cartographer_ros/share/ament_index/resource_index/packages/cartographer_ros
[0.722s] -- Up-to-date: /home/nagisa/fishbot_ws/install/cartographer_ros/share/cartographer_ros/cmake/ament_cmake_export_include_directories-extras.cmake
[0.722s] -- Up-to-date: /home/nagisa/fishbot_ws/install/cartographer_ros/share/cartographer_ros/cmake/ament_cmake_export_libraries-extras.cmake
[0.722s] -- Up-to-date: /home/nagisa/fishbot_ws/install/cartographer_ros/share/cartographer_ros/cmake/ament_cmake_export_dependencies-extras.cmake
[0.722s] -- Up-to-date: /home/nagisa/fishbot_ws/install/cartographer_ros/share/cartographer_ros/cmake/cartographer_rosConfig.cmake
[0.723s] -- Up-to-date: /home/nagisa/fishbot_ws/install/cartographer_ros/share/cartographer_ros/cmake/cartographer_rosConfig-version.cmake
[0.723s] -- Up-to-date: /home/nagisa/fishbot_ws/install/cartographer_ros/share/cartographer_ros/package.xml
[0.723s] Invoked command in '/home/nagisa/fishbot_ws/build/cartographer_ros' returned '0': CMAKE_PREFIX_PATH=/home/nagisa/fishbot_ws/install/cartographer_ros_msgs:/home/nagisa/fishbot_ws/install/cartographer:/home/nagisa/fishbot_ws/install/nav2_system_tests:/home/nagisa/fishbot_ws/install/nav2_bringup:/home/nagisa/fishbot_ws/install/nav2_graceful_controller:/home/nagisa/fishbot_ws/install/navigation2:/home/nagisa/fishbot_ws/install/nav2_smoother:/home/nagisa/fishbot_ws/install/nav2_dwb_controller:/home/nagisa/fishbot_ws/install/nav2_controller:/home/nagisa/fishbot_ws/install/dwb_plugins:/home/nagisa/fishbot_ws/install/dwb_critics:/home/nagisa/fishbot_ws/install/dwb_core:/home/nagisa/fishbot_ws/install/nav_2d_utils:/home/nagisa/fishbot_ws/install/dwb_msgs:/home/nagisa/fishbot_ws/install/nav_2d_msgs:/home/nagisa/fishbot_ws/install/nav2_waypoint_follower:/home/nagisa/fishbot_ws/install/nav2_theta_star_planner:/home/nagisa/fishbot_ws/install/nav2_smac_planner:/home/nagisa/fishbot_ws/install/nav2_rotation_shim_controller:/home/nagisa/fishbot_ws/install/nav2_regulated_pure_pursuit_controller:/home/nagisa/fishbot_ws/install/nav2_planner:/home/nagisa/fishbot_ws/install/nav2_navfn_planner:/home/nagisa/fishbot_ws/install/nav2_mppi_controller:/home/nagisa/fishbot_ws/install/nav2_constrained_smoother:/home/nagisa/fishbot_ws/install/nav2_bt_navigator:/home/nagisa/fishbot_ws/install/nav2_behaviors:/home/nagisa/fishbot_ws/install/nav2_core:/home/nagisa/fishbot_ws/install/nav2_collision_monitor:/home/nagisa/fishbot_ws/install/costmap_queue:/home/nagisa/fishbot_ws/install/nav2_costmap_2d:/home/nagisa/fishbot_ws/install/nav2_voxel_grid:/home/nagisa/fishbot_ws/install/nav2_velocity_smoother:/home/nagisa/fishbot_ws/install/nav2_rviz_plugins:/home/nagisa/fishbot_ws/install/nav2_map_server:/home/nagisa/fishbot_ws/install/nav2_lifecycle_manager:/home/nagisa/fishbot_ws/install/nav2_behavior_tree:/home/nagisa/fishbot_ws/install/nav2_amcl:/home/nagisa/fishbot_ws/install/nav2_util:/home/nagisa/fishbot_ws/install/nav2_msgs:/home/nagisa/fishbot_ws/install/nav2_common:/home/nagisa/fishbot_ws/install/fishbot_navigation2:/home/nagisa/fishbot_ws/install/fishbot_cartographer:/home/nagisa/fishbot_ws/install/cartographer_rviz:/home/nagisa/fishbot_ws/install/cartographer_ros:/home/nagisa/fishbot_ws/install/nav2_simple_commander:/home/nagisa/fishbot_ws/install/fishbot_description:/opt/ros/humble LD_LIBRARY_PATH=/home/nagisa/fishbot_ws/install/cartographer_ros_msgs/lib:/home/nagisa/fishbot_ws/install/nav2_graceful_controller/lib:/home/nagisa/fishbot_ws/install/nav2_smoother/lib:/home/nagisa/fishbot_ws/install/nav2_controller/lib:/home/nagisa/fishbot_ws/install/dwb_plugins/lib:/home/nagisa/fishbot_ws/install/dwb_critics/lib:/home/nagisa/fishbot_ws/install/dwb_core/lib:/home/nagisa/fishbot_ws/install/nav_2d_utils/lib:/home/nagisa/fishbot_ws/install/dwb_msgs/lib:/home/nagisa/fishbot_ws/install/nav_2d_msgs/lib:/home/nagisa/fishbot_ws/install/nav2_waypoint_follower/lib:/home/nagisa/fishbot_ws/install/nav2_theta_star_planner/lib:/home/nagisa/fishbot_ws/install/nav2_smac_planner/lib:/home/nagisa/fishbot_ws/install/nav2_rotation_shim_controller/lib:/home/nagisa/fishbot_ws/install/nav2_regulated_pure_pursuit_controller/lib:/home/nagisa/fishbot_ws/install/nav2_planner/lib:/home/nagisa/fishbot_ws/install/nav2_navfn_planner/lib:/home/nagisa/fishbot_ws/install/nav2_mppi_controller/lib:/home/nagisa/fishbot_ws/install/nav2_constrained_smoother/lib:/home/nagisa/fishbot_ws/install/nav2_bt_navigator/lib:/home/nagisa/fishbot_ws/install/nav2_behaviors/lib:/home/nagisa/fishbot_ws/install/nav2_collision_monitor/lib:/home/nagisa/fishbot_ws/install/costmap_queue/lib:/home/nagisa/fishbot_ws/install/nav2_costmap_2d/lib:/home/nagisa/fishbot_ws/install/nav2_voxel_grid/lib:/home/nagisa/fishbot_ws/install/nav2_velocity_smoother/lib:/home/nagisa/fishbot_ws/install/nav2_rviz_plugins/lib:/home/nagisa/fishbot_ws/install/nav2_map_server/lib:/home/nagisa/fishbot_ws/install/nav2_lifecycle_manager/lib:/home/nagisa/fishbot_ws/install/nav2_behavior_tree/lib:/home/nagisa/fishbot_ws/install/nav2_amcl/lib:/home/nagisa/fishbot_ws/install/nav2_util/lib:/home/nagisa/fishbot_ws/install/nav2_msgs/lib:/home/nagisa/fishbot_ws/install/cartographer_rviz/lib:/home/nagisa/fishbot_ws/install/cartographer_ros/lib:/usr/lib/x86_64-linux-gnu/gazebo-11/plugins:/opt/ros/humble/opt/rviz_ogre_vendor/lib:/opt/ros/humble/lib/x86_64-linux-gnu:/opt/ros/humble/lib /usr/bin/cmake --install /home/nagisa/fishbot_ws/build/cartographer_ros
