[0.179s] Invoking command in '/home/nagisa/fishbot_ws/build/nav2_controller': AMENT_PREFIX_PATH=/home/nagisa/fishbot_ws/install/nav2_core:/home/nagisa/fishbot_ws/install/nav2_costmap_2d:/home/nagisa/fishbot_ws/install/nav_2d_utils:/home/nagisa/fishbot_ws/install/nav2_map_server:/home/nagisa/fishbot_ws/install/nav2_lifecycle_manager:/home/nagisa/fishbot_ws/install/nav2_util:/home/nagisa/fishbot_ws/install/nav2_voxel_grid:/home/nagisa/fishbot_ws/install/nav2_msgs:/home/nagisa/fishbot_ws/install/nav_2d_msgs:/home/nagisa/fishbot_ws/install/nav2_common:${AMENT_PREFIX_PATH} CMAKE_PREFIX_PATH=/home/nagisa/fishbot_ws/install/nav2_core:/home/nagisa/fishbot_ws/install/nav2_costmap_2d:/home/nagisa/fishbot_ws/install/nav_2d_utils:/home/nagisa/fishbot_ws/install/nav2_map_server:/home/nagisa/fishbot_ws/install/nav2_lifecycle_manager:/home/nagisa/fishbot_ws/install/nav2_util:/home/nagisa/fishbot_ws/install/nav2_voxel_grid:/home/nagisa/fishbot_ws/install/nav2_msgs:/home/nagisa/fishbot_ws/install/nav_2d_msgs:/home/nagisa/fishbot_ws/install/nav2_common:/opt/ros/humble LD_LIBRARY_PATH=/home/nagisa/fishbot_ws/install/nav2_costmap_2d/lib:/home/nagisa/fishbot_ws/install/nav_2d_utils/lib:/home/nagisa/fishbot_ws/install/nav2_map_server/lib:/home/nagisa/fishbot_ws/install/nav2_lifecycle_manager/lib:/home/nagisa/fishbot_ws/install/nav2_util/lib:/home/nagisa/fishbot_ws/install/nav2_voxel_grid/lib:/home/nagisa/fishbot_ws/install/nav2_msgs/lib:/home/nagisa/fishbot_ws/install/nav_2d_msgs/lib:${LD_LIBRARY_PATH} PYTHONPATH=/home/nagisa/fishbot_ws/install/nav2_msgs/local/lib/python3.10/dist-packages:/home/nagisa/fishbot_ws/install/nav_2d_msgs/local/lib/python3.10/dist-packages:/home/nagisa/fishbot_ws/install/nav2_common/local/lib/python3.10/dist-packages:${PYTHONPATH} /usr/bin/cmake /home/nagisa/fishbot_ws/src/navigation2/nav2_controller -DCMAKE_INSTALL_PREFIX=/home/nagisa/fishbot_ws/install/nav2_controller
[0.391s] -- The C compiler identification is GNU 11.4.0
[0.594s] -- The CXX compiler identification is GNU 11.4.0
[0.616s] -- Detecting C compiler ABI info
[0.886s] -- Detecting C compiler ABI info - done
[0.910s] -- Check for working C compiler: /usr/bin/cc - skipped
[0.911s] -- Detecting C compile features
[0.912s] -- Detecting C compile features - done
[0.922s] -- Detecting CXX compiler ABI info
[1.228s] -- Detecting CXX compiler ABI info - done
[1.258s] -- Check for working CXX compiler: /usr/bin/c++ - skipped
[1.258s] -- Detecting CXX compile features
[1.258s] -- Detecting CXX compile features - done
[1.269s] -- Found ament_cmake: 1.3.10 (/opt/ros/humble/share/ament_cmake/cmake)
[1.700s] -- Found Python3: /usr/bin/python3 (found version "3.10.12") found components: Interpreter 
[2.030s] -- Found nav2_core: 1.1.16 (/home/nagisa/fishbot_ws/install/nav2_core/share/nav2_core/cmake)
[2.183s] -- Found rosidl_generator_c: 3.1.5 (/opt/ros/humble/share/rosidl_generator_c/cmake)
[2.205s] -- Found rosidl_adapter: 3.1.5 (/opt/ros/humble/share/rosidl_adapter/cmake)
[2.238s] -- Found rosidl_generator_cpp: 3.1.5 (/opt/ros/humble/share/rosidl_generator_cpp/cmake)
[2.276s] -- Using all available rosidl_typesupport_c: rosidl_typesupport_fastrtps_c;rosidl_typesupport_introspection_c
[2.326s] -- Using all available rosidl_typesupport_cpp: rosidl_typesupport_fastrtps_cpp;rosidl_typesupport_introspection_cpp
[2.466s] -- Found rmw_implementation_cmake: 6.1.2 (/opt/ros/humble/share/rmw_implementation_cmake/cmake)
[2.472s] -- Found rmw_fastrtps_cpp: 6.2.7 (/opt/ros/humble/share/rmw_fastrtps_cpp/cmake)
[2.836s] -- Found OpenSSL: /usr/lib/x86_64-linux-gnu/libcrypto.so (found version "3.0.2")  
[2.948s] -- Found FastRTPS: /opt/ros/humble/include  
[3.101s] -- Using RMW implementation 'rmw_fastrtps_cpp' as default
[3.137s] -- Looking for pthread.h
[3.420s] -- Looking for pthread.h - found
[3.421s] -- Performing Test CMAKE_HAVE_LIBC_PTHREAD
[3.751s] -- Performing Test CMAKE_HAVE_LIBC_PTHREAD - Success
[3.754s] -- Found Threads: TRUE  
[4.769s] -- Found Eigen3: TRUE (found version "3.4.0") 
[4.769s] -- Ensuring Eigen3 include directory is part of orocos-kdl CMake target
[5.161s] -- Found nav2_common: 1.1.16 (/home/nagisa/fishbot_ws/install/nav2_common/share/nav2_common/cmake)
[5.184s] -- Found nav_2d_utils: 1.1.16 (/home/nagisa/fishbot_ws/install/nav_2d_utils/share/nav_2d_utils/cmake)
[5.350s] -- Setting build type to Release as none was specified.
[8.508s] -- Found ament_lint_auto: 0.12.11 (/opt/ros/humble/share/ament_lint_auto/cmake)
[8.735s] -- Found gtest sources under '/opt/ros/humble/src/gtest_vendor': C++ tests using 'Google Test' will be built
[9.521s] -- Found gtest sources under '/opt/ros/humble/src/gtest_vendor': C++ tests using 'Google Test' will be built
[9.909s] -- Added test 'cppcheck' to perform static code analysis on C / C++ code
[9.914s] -- Configured cppcheck include dirs: /home/nagisa/fishbot_ws/src/navigation2/nav2_controller/include
[9.914s] -- Configured cppcheck exclude dirs and/or files: 
[9.918s] -- Added test 'cpplint' to check C / C++ code against the Google style
[9.918s] -- Configured cpplint exclude dirs and/or files: 
[9.921s] -- Added test 'lint_cmake' to check CMake code style
[9.926s] -- Added test 'uncrustify' to check C / C++ code style
[9.926s] -- Configured uncrustify additional arguments: 
[9.928s] -- Added test 'xmllint' to check XML markup files
[9.941s] -- Configuring done
[11.162s] -- Generating done
[11.167s] -- Build files have been written to: /home/nagisa/fishbot_ws/build/nav2_controller
[11.189s] Invoked command in '/home/nagisa/fishbot_ws/build/nav2_controller' returned '0': AMENT_PREFIX_PATH=/home/nagisa/fishbot_ws/install/nav2_core:/home/nagisa/fishbot_ws/install/nav2_costmap_2d:/home/nagisa/fishbot_ws/install/nav_2d_utils:/home/nagisa/fishbot_ws/install/nav2_map_server:/home/nagisa/fishbot_ws/install/nav2_lifecycle_manager:/home/nagisa/fishbot_ws/install/nav2_util:/home/nagisa/fishbot_ws/install/nav2_voxel_grid:/home/nagisa/fishbot_ws/install/nav2_msgs:/home/nagisa/fishbot_ws/install/nav_2d_msgs:/home/nagisa/fishbot_ws/install/nav2_common:${AMENT_PREFIX_PATH} CMAKE_PREFIX_PATH=/home/nagisa/fishbot_ws/install/nav2_core:/home/nagisa/fishbot_ws/install/nav2_costmap_2d:/home/nagisa/fishbot_ws/install/nav_2d_utils:/home/nagisa/fishbot_ws/install/nav2_map_server:/home/nagisa/fishbot_ws/install/nav2_lifecycle_manager:/home/nagisa/fishbot_ws/install/nav2_util:/home/nagisa/fishbot_ws/install/nav2_voxel_grid:/home/nagisa/fishbot_ws/install/nav2_msgs:/home/nagisa/fishbot_ws/install/nav_2d_msgs:/home/nagisa/fishbot_ws/install/nav2_common:/opt/ros/humble LD_LIBRARY_PATH=/home/nagisa/fishbot_ws/install/nav2_costmap_2d/lib:/home/nagisa/fishbot_ws/install/nav_2d_utils/lib:/home/nagisa/fishbot_ws/install/nav2_map_server/lib:/home/nagisa/fishbot_ws/install/nav2_lifecycle_manager/lib:/home/nagisa/fishbot_ws/install/nav2_util/lib:/home/nagisa/fishbot_ws/install/nav2_voxel_grid/lib:/home/nagisa/fishbot_ws/install/nav2_msgs/lib:/home/nagisa/fishbot_ws/install/nav_2d_msgs/lib:${LD_LIBRARY_PATH} PYTHONPATH=/home/nagisa/fishbot_ws/install/nav2_msgs/local/lib/python3.10/dist-packages:/home/nagisa/fishbot_ws/install/nav_2d_msgs/local/lib/python3.10/dist-packages:/home/nagisa/fishbot_ws/install/nav2_common/local/lib/python3.10/dist-packages:${PYTHONPATH} /usr/bin/cmake /home/nagisa/fishbot_ws/src/navigation2/nav2_controller -DCMAKE_INSTALL_PREFIX=/home/nagisa/fishbot_ws/install/nav2_controller
[11.193s] Invoking command in '/home/nagisa/fishbot_ws/build/nav2_controller': AMENT_PREFIX_PATH=/home/nagisa/fishbot_ws/install/nav2_core:/home/nagisa/fishbot_ws/install/nav2_costmap_2d:/home/nagisa/fishbot_ws/install/nav_2d_utils:/home/nagisa/fishbot_ws/install/nav2_map_server:/home/nagisa/fishbot_ws/install/nav2_lifecycle_manager:/home/nagisa/fishbot_ws/install/nav2_util:/home/nagisa/fishbot_ws/install/nav2_voxel_grid:/home/nagisa/fishbot_ws/install/nav2_msgs:/home/nagisa/fishbot_ws/install/nav_2d_msgs:/home/nagisa/fishbot_ws/install/nav2_common:${AMENT_PREFIX_PATH} CMAKE_PREFIX_PATH=/home/nagisa/fishbot_ws/install/nav2_core:/home/nagisa/fishbot_ws/install/nav2_costmap_2d:/home/nagisa/fishbot_ws/install/nav_2d_utils:/home/nagisa/fishbot_ws/install/nav2_map_server:/home/nagisa/fishbot_ws/install/nav2_lifecycle_manager:/home/nagisa/fishbot_ws/install/nav2_util:/home/nagisa/fishbot_ws/install/nav2_voxel_grid:/home/nagisa/fishbot_ws/install/nav2_msgs:/home/nagisa/fishbot_ws/install/nav_2d_msgs:/home/nagisa/fishbot_ws/install/nav2_common:/opt/ros/humble LD_LIBRARY_PATH=/home/nagisa/fishbot_ws/install/nav2_costmap_2d/lib:/home/nagisa/fishbot_ws/install/nav_2d_utils/lib:/home/nagisa/fishbot_ws/install/nav2_map_server/lib:/home/nagisa/fishbot_ws/install/nav2_lifecycle_manager/lib:/home/nagisa/fishbot_ws/install/nav2_util/lib:/home/nagisa/fishbot_ws/install/nav2_voxel_grid/lib:/home/nagisa/fishbot_ws/install/nav2_msgs/lib:/home/nagisa/fishbot_ws/install/nav_2d_msgs/lib:${LD_LIBRARY_PATH} PYTHONPATH=/home/nagisa/fishbot_ws/install/nav2_msgs/local/lib/python3.10/dist-packages:/home/nagisa/fishbot_ws/install/nav_2d_msgs/local/lib/python3.10/dist-packages:/home/nagisa/fishbot_ws/install/nav2_common/local/lib/python3.10/dist-packages:${PYTHONPATH} /usr/bin/cmake --build /home/nagisa/fishbot_ws/build/nav2_controller -- -j12 -l12
[11.346s] [  9%] [32mBuilding CXX object gtest/CMakeFiles/gtest_main.dir/src/gtest_main.cc.o[0m
[11.347s] [  9%] [32mBuilding CXX object gtest/CMakeFiles/gtest.dir/src/gtest-all.cc.o[0m
[11.348s] [ 13%] [32mBuilding CXX object CMakeFiles/simple_goal_checker.dir/plugins/simple_goal_checker.cpp.o[0m
[11.348s] [ 18%] [32mBuilding CXX object CMakeFiles/simple_progress_checker.dir/plugins/simple_progress_checker.cpp.o[0m
[11.349s] [ 22%] [32mBuilding CXX object CMakeFiles/controller_server_core.dir/src/controller_server.cpp.o[0m
[14.161s] [ 27%] [32m[1mLinking CXX static library libgtest_main.a[0m
[14.296s] [ 27%] Built target gtest_main
[21.644s] [ 31%] [32m[1mLinking CXX shared library libsimple_progress_checker.so[0m
[22.451s] [ 31%] Built target simple_progress_checker
[22.543s] [ 36%] [32mBuilding CXX object CMakeFiles/pose_progress_checker.dir/plugins/pose_progress_checker.cpp.o[0m
[26.440s] [ 40%] [32m[1mLinking CXX shared library libsimple_goal_checker.so[0m
[27.356s] [ 40%] Built target simple_goal_checker
[27.448s] [ 45%] [32mBuilding CXX object CMakeFiles/stopped_goal_checker.dir/plugins/stopped_goal_checker.cpp.o[0m
[31.485s] [ 50%] [32m[1mLinking CXX static library libgtest.a[0m
[31.649s] [ 50%] Built target gtest
[33.248s] [ 54%] [32m[1mLinking CXX shared library libpose_progress_checker.so[0m
[34.121s] [ 54%] Built target pose_progress_checker
[34.209s] [ 59%] [32mBuilding CXX object plugins/test/CMakeFiles/pctest.dir/progress_checker.cpp.o[0m
[43.422s] [ 63%] [32m[1mLinking CXX shared library libstopped_goal_checker.so[0m
[44.310s] [ 63%] Built target stopped_goal_checker
[44.391s] [ 68%] [32mBuilding CXX object plugins/test/CMakeFiles/gctest.dir/goal_checker.cpp.o[0m
[48.744s] [ 72%] [32m[1mLinking CXX executable pctest[0m
[49.601s] [ 72%] Built target pctest
[63.359s] [ 77%] [32m[1mLinking CXX executable gctest[0m
[64.232s] [ 77%] Built target gctest
[88.308s] [ 81%] [32m[1mLinking CXX shared library libcontroller_server_core.so[0m
[90.115s] [ 81%] Built target controller_server_core
[90.211s] [ 86%] [32mBuilding CXX object test/CMakeFiles/test_dynamic_parameters.dir/test_dynamic_parameters.cpp.o[0m
[90.213s] [ 90%] [32mBuilding CXX object CMakeFiles/controller_server.dir/src/main.cpp.o[0m
[111.917s] [ 95%] [32m[1mLinking CXX executable controller_server[0m
[112.503s] [ 95%] Built target controller_server
[113.467s] [100%] [32m[1mLinking CXX executable test_dynamic_parameters[0m
[113.895s] [100%] Built target test_dynamic_parameters
[113.909s] Invoked command in '/home/nagisa/fishbot_ws/build/nav2_controller' returned '0': AMENT_PREFIX_PATH=/home/nagisa/fishbot_ws/install/nav2_core:/home/nagisa/fishbot_ws/install/nav2_costmap_2d:/home/nagisa/fishbot_ws/install/nav_2d_utils:/home/nagisa/fishbot_ws/install/nav2_map_server:/home/nagisa/fishbot_ws/install/nav2_lifecycle_manager:/home/nagisa/fishbot_ws/install/nav2_util:/home/nagisa/fishbot_ws/install/nav2_voxel_grid:/home/nagisa/fishbot_ws/install/nav2_msgs:/home/nagisa/fishbot_ws/install/nav_2d_msgs:/home/nagisa/fishbot_ws/install/nav2_common:${AMENT_PREFIX_PATH} CMAKE_PREFIX_PATH=/home/nagisa/fishbot_ws/install/nav2_core:/home/nagisa/fishbot_ws/install/nav2_costmap_2d:/home/nagisa/fishbot_ws/install/nav_2d_utils:/home/nagisa/fishbot_ws/install/nav2_map_server:/home/nagisa/fishbot_ws/install/nav2_lifecycle_manager:/home/nagisa/fishbot_ws/install/nav2_util:/home/nagisa/fishbot_ws/install/nav2_voxel_grid:/home/nagisa/fishbot_ws/install/nav2_msgs:/home/nagisa/fishbot_ws/install/nav_2d_msgs:/home/nagisa/fishbot_ws/install/nav2_common:/opt/ros/humble LD_LIBRARY_PATH=/home/nagisa/fishbot_ws/install/nav2_costmap_2d/lib:/home/nagisa/fishbot_ws/install/nav_2d_utils/lib:/home/nagisa/fishbot_ws/install/nav2_map_server/lib:/home/nagisa/fishbot_ws/install/nav2_lifecycle_manager/lib:/home/nagisa/fishbot_ws/install/nav2_util/lib:/home/nagisa/fishbot_ws/install/nav2_voxel_grid/lib:/home/nagisa/fishbot_ws/install/nav2_msgs/lib:/home/nagisa/fishbot_ws/install/nav_2d_msgs/lib:${LD_LIBRARY_PATH} PYTHONPATH=/home/nagisa/fishbot_ws/install/nav2_msgs/local/lib/python3.10/dist-packages:/home/nagisa/fishbot_ws/install/nav_2d_msgs/local/lib/python3.10/dist-packages:/home/nagisa/fishbot_ws/install/nav2_common/local/lib/python3.10/dist-packages:${PYTHONPATH} /usr/bin/cmake --build /home/nagisa/fishbot_ws/build/nav2_controller -- -j12 -l12
[113.993s] Invoking command in '/home/nagisa/fishbot_ws/build/nav2_controller': AMENT_PREFIX_PATH=/home/nagisa/fishbot_ws/install/nav2_core:/home/nagisa/fishbot_ws/install/nav2_costmap_2d:/home/nagisa/fishbot_ws/install/nav_2d_utils:/home/nagisa/fishbot_ws/install/nav2_map_server:/home/nagisa/fishbot_ws/install/nav2_lifecycle_manager:/home/nagisa/fishbot_ws/install/nav2_util:/home/nagisa/fishbot_ws/install/nav2_voxel_grid:/home/nagisa/fishbot_ws/install/nav2_msgs:/home/nagisa/fishbot_ws/install/nav_2d_msgs:/home/nagisa/fishbot_ws/install/nav2_common:${AMENT_PREFIX_PATH} CMAKE_PREFIX_PATH=/home/nagisa/fishbot_ws/install/nav2_core:/home/nagisa/fishbot_ws/install/nav2_costmap_2d:/home/nagisa/fishbot_ws/install/nav_2d_utils:/home/nagisa/fishbot_ws/install/nav2_map_server:/home/nagisa/fishbot_ws/install/nav2_lifecycle_manager:/home/nagisa/fishbot_ws/install/nav2_util:/home/nagisa/fishbot_ws/install/nav2_voxel_grid:/home/nagisa/fishbot_ws/install/nav2_msgs:/home/nagisa/fishbot_ws/install/nav_2d_msgs:/home/nagisa/fishbot_ws/install/nav2_common:/opt/ros/humble LD_LIBRARY_PATH=/home/nagisa/fishbot_ws/install/nav2_costmap_2d/lib:/home/nagisa/fishbot_ws/install/nav_2d_utils/lib:/home/nagisa/fishbot_ws/install/nav2_map_server/lib:/home/nagisa/fishbot_ws/install/nav2_lifecycle_manager/lib:/home/nagisa/fishbot_ws/install/nav2_util/lib:/home/nagisa/fishbot_ws/install/nav2_voxel_grid/lib:/home/nagisa/fishbot_ws/install/nav2_msgs/lib:/home/nagisa/fishbot_ws/install/nav_2d_msgs/lib:${LD_LIBRARY_PATH} PYTHONPATH=/home/nagisa/fishbot_ws/install/nav2_msgs/local/lib/python3.10/dist-packages:/home/nagisa/fishbot_ws/install/nav_2d_msgs/local/lib/python3.10/dist-packages:/home/nagisa/fishbot_ws/install/nav2_common/local/lib/python3.10/dist-packages:${PYTHONPATH} /usr/bin/cmake --install /home/nagisa/fishbot_ws/build/nav2_controller
[114.002s] -- Install configuration: "Release"
[114.002s] -- Installing: /home/nagisa/fishbot_ws/install/nav2_controller/lib/libsimple_progress_checker.so
[114.003s] -- Set runtime path of "/home/nagisa/fishbot_ws/install/nav2_controller/lib/libsimple_progress_checker.so" to ""
[114.003s] -- Installing: /home/nagisa/fishbot_ws/install/nav2_controller/lib/libpose_progress_checker.so
[114.003s] -- Set runtime path of "/home/nagisa/fishbot_ws/install/nav2_controller/lib/libpose_progress_checker.so" to ""
[114.004s] -- Installing: /home/nagisa/fishbot_ws/install/nav2_controller/lib/libsimple_goal_checker.so
[114.004s] -- Set runtime path of "/home/nagisa/fishbot_ws/install/nav2_controller/lib/libsimple_goal_checker.so" to ""
[114.004s] -- Installing: /home/nagisa/fishbot_ws/install/nav2_controller/lib/libstopped_goal_checker.so
[114.005s] -- Set runtime path of "/home/nagisa/fishbot_ws/install/nav2_controller/lib/libstopped_goal_checker.so" to ""
[114.005s] -- Installing: /home/nagisa/fishbot_ws/install/nav2_controller/lib/libcontroller_server_core.so
[114.008s] -- Set runtime path of "/home/nagisa/fishbot_ws/install/nav2_controller/lib/libcontroller_server_core.so" to ""
[114.008s] -- Installing: /home/nagisa/fishbot_ws/install/nav2_controller/lib/nav2_controller/controller_server
[114.008s] -- Set runtime path of "/home/nagisa/fishbot_ws/install/nav2_controller/lib/nav2_controller/controller_server" to ""
[114.008s] -- Installing: /home/nagisa/fishbot_ws/install/nav2_controller/include/
[114.009s] -- Installing: /home/nagisa/fishbot_ws/install/nav2_controller/include//nav2_controller
[114.009s] -- Installing: /home/nagisa/fishbot_ws/install/nav2_controller/include//nav2_controller/plugins
[114.009s] -- Installing: /home/nagisa/fishbot_ws/install/nav2_controller/include//nav2_controller/plugins/simple_progress_checker.hpp
[114.009s] -- Installing: /home/nagisa/fishbot_ws/install/nav2_controller/include//nav2_controller/plugins/simple_goal_checker.hpp
[114.009s] -- Installing: /home/nagisa/fishbot_ws/install/nav2_controller/include//nav2_controller/plugins/pose_progress_checker.hpp
[114.009s] -- Installing: /home/nagisa/fishbot_ws/install/nav2_controller/include//nav2_controller/plugins/stopped_goal_checker.hpp
[114.009s] -- Installing: /home/nagisa/fishbot_ws/install/nav2_controller/include//nav2_controller/controller_server.hpp
[114.010s] -- Installing: /home/nagisa/fishbot_ws/install/nav2_controller/share/nav2_controller/environment/library_path.sh
[114.010s] -- Installing: /home/nagisa/fishbot_ws/install/nav2_controller/share/nav2_controller/environment/library_path.dsv
[114.010s] -- Installing: /home/nagisa/fishbot_ws/install/nav2_controller/share/nav2_controller/plugins.xml
[114.010s] -- Installing: /home/nagisa/fishbot_ws/install/nav2_controller/share/ament_index/resource_index/package_run_dependencies/nav2_controller
[114.011s] -- Installing: /home/nagisa/fishbot_ws/install/nav2_controller/share/ament_index/resource_index/parent_prefix_path/nav2_controller
[114.011s] -- Installing: /home/nagisa/fishbot_ws/install/nav2_controller/share/nav2_controller/environment/ament_prefix_path.sh
[114.011s] -- Installing: /home/nagisa/fishbot_ws/install/nav2_controller/share/nav2_controller/environment/ament_prefix_path.dsv
[114.011s] -- Installing: /home/nagisa/fishbot_ws/install/nav2_controller/share/nav2_controller/environment/path.sh
[114.012s] -- Installing: /home/nagisa/fishbot_ws/install/nav2_controller/share/nav2_controller/environment/path.dsv
[114.012s] -- Installing: /home/nagisa/fishbot_ws/install/nav2_controller/share/nav2_controller/local_setup.bash
[114.012s] -- Installing: /home/nagisa/fishbot_ws/install/nav2_controller/share/nav2_controller/local_setup.sh
[114.012s] -- Installing: /home/nagisa/fishbot_ws/install/nav2_controller/share/nav2_controller/local_setup.zsh
[114.012s] -- Installing: /home/nagisa/fishbot_ws/install/nav2_controller/share/nav2_controller/local_setup.dsv
[114.012s] -- Installing: /home/nagisa/fishbot_ws/install/nav2_controller/share/nav2_controller/package.dsv
[114.013s] -- Installing: /home/nagisa/fishbot_ws/install/nav2_controller/share/ament_index/resource_index/packages/nav2_controller
[114.013s] -- Installing: /home/nagisa/fishbot_ws/install/nav2_controller/share/ament_index/resource_index/nav2_core__pluginlib__plugin/nav2_controller
[114.013s] -- Installing: /home/nagisa/fishbot_ws/install/nav2_controller/share/ament_index/resource_index/rclcpp_components/nav2_controller
[114.013s] -- Installing: /home/nagisa/fishbot_ws/install/nav2_controller/share/nav2_controller/cmake/ament_cmake_export_include_directories-extras.cmake
[114.013s] -- Installing: /home/nagisa/fishbot_ws/install/nav2_controller/share/nav2_controller/cmake/ament_cmake_export_libraries-extras.cmake
[114.013s] -- Installing: /home/nagisa/fishbot_ws/install/nav2_controller/share/nav2_controller/cmake/ament_cmake_export_dependencies-extras.cmake
[114.013s] -- Installing: /home/nagisa/fishbot_ws/install/nav2_controller/share/nav2_controller/cmake/nav2_controllerConfig.cmake
[114.014s] -- Installing: /home/nagisa/fishbot_ws/install/nav2_controller/share/nav2_controller/cmake/nav2_controllerConfig-version.cmake
[114.014s] -- Installing: /home/nagisa/fishbot_ws/install/nav2_controller/share/nav2_controller/package.xml
[114.017s] Invoked command in '/home/nagisa/fishbot_ws/build/nav2_controller' returned '0': AMENT_PREFIX_PATH=/home/nagisa/fishbot_ws/install/nav2_core:/home/nagisa/fishbot_ws/install/nav2_costmap_2d:/home/nagisa/fishbot_ws/install/nav_2d_utils:/home/nagisa/fishbot_ws/install/nav2_map_server:/home/nagisa/fishbot_ws/install/nav2_lifecycle_manager:/home/nagisa/fishbot_ws/install/nav2_util:/home/nagisa/fishbot_ws/install/nav2_voxel_grid:/home/nagisa/fishbot_ws/install/nav2_msgs:/home/nagisa/fishbot_ws/install/nav_2d_msgs:/home/nagisa/fishbot_ws/install/nav2_common:${AMENT_PREFIX_PATH} CMAKE_PREFIX_PATH=/home/nagisa/fishbot_ws/install/nav2_core:/home/nagisa/fishbot_ws/install/nav2_costmap_2d:/home/nagisa/fishbot_ws/install/nav_2d_utils:/home/nagisa/fishbot_ws/install/nav2_map_server:/home/nagisa/fishbot_ws/install/nav2_lifecycle_manager:/home/nagisa/fishbot_ws/install/nav2_util:/home/nagisa/fishbot_ws/install/nav2_voxel_grid:/home/nagisa/fishbot_ws/install/nav2_msgs:/home/nagisa/fishbot_ws/install/nav_2d_msgs:/home/nagisa/fishbot_ws/install/nav2_common:/opt/ros/humble LD_LIBRARY_PATH=/home/nagisa/fishbot_ws/install/nav2_costmap_2d/lib:/home/nagisa/fishbot_ws/install/nav_2d_utils/lib:/home/nagisa/fishbot_ws/install/nav2_map_server/lib:/home/nagisa/fishbot_ws/install/nav2_lifecycle_manager/lib:/home/nagisa/fishbot_ws/install/nav2_util/lib:/home/nagisa/fishbot_ws/install/nav2_voxel_grid/lib:/home/nagisa/fishbot_ws/install/nav2_msgs/lib:/home/nagisa/fishbot_ws/install/nav_2d_msgs/lib:${LD_LIBRARY_PATH} PYTHONPATH=/home/nagisa/fishbot_ws/install/nav2_msgs/local/lib/python3.10/dist-packages:/home/nagisa/fishbot_ws/install/nav_2d_msgs/local/lib/python3.10/dist-packages:/home/nagisa/fishbot_ws/install/nav2_common/local/lib/python3.10/dist-packages:${PYTHONPATH} /usr/bin/cmake --install /home/nagisa/fishbot_ws/build/nav2_controller
