-- Install configuration: ""
-- Up-to-date: /home/nagisa/fishbot_ws/install/fishbot_navigation2/share/ament_index/resource_index/package_run_dependencies/fishbot_navigation2
-- Up-to-date: /home/nagisa/fishbot_ws/install/fishbot_navigation2/share/ament_index/resource_index/parent_prefix_path/fishbot_navigation2
-- Up-to-date: /home/nagisa/fishbot_ws/install/fishbot_navigation2/share/fishbot_navigation2/environment/ament_prefix_path.sh
-- Up-to-date: /home/nagisa/fishbot_ws/install/fishbot_navigation2/share/fishbot_navigation2/environment/ament_prefix_path.dsv
-- Up-to-date: /home/nagisa/fishbot_ws/install/fishbot_navigation2/share/fishbot_navigation2/environment/path.sh
-- Up-to-date: /home/nagisa/fishbot_ws/install/fishbot_navigation2/share/fishbot_navigation2/environment/path.dsv
-- Up-to-date: /home/nagisa/fishbot_ws/install/fishbot_navigation2/share/fishbot_navigation2/local_setup.bash
-- Up-to-date: /home/nagisa/fishbot_ws/install/fishbot_navigation2/share/fishbot_navigation2/local_setup.sh
-- Up-to-date: /home/nagisa/fishbot_ws/install/fishbot_navigation2/share/fishbot_navigation2/local_setup.zsh
-- Up-to-date: /home/nagisa/fishbot_ws/install/fishbot_navigation2/share/fishbot_navigation2/local_setup.dsv
-- Installing: /home/nagisa/fishbot_ws/install/fishbot_navigation2/share/fishbot_navigation2/package.dsv
-- Up-to-date: /home/nagisa/fishbot_ws/install/fishbot_navigation2/share/ament_index/resource_index/packages/fishbot_navigation2
-- Up-to-date: /home/nagisa/fishbot_ws/install/fishbot_navigation2/share/fishbot_navigation2/cmake/fishbot_navigation2Config.cmake
-- Up-to-date: /home/nagisa/fishbot_ws/install/fishbot_navigation2/share/fishbot_navigation2/cmake/fishbot_navigation2Config-version.cmake
-- Up-to-date: /home/nagisa/fishbot_ws/install/fishbot_navigation2/share/fishbot_navigation2/package.xml
-- Up-to-date: /home/nagisa/fishbot_ws/install/fishbot_navigation2/share/fishbot_navigation2/launch
-- Up-to-date: /home/nagisa/fishbot_ws/install/fishbot_navigation2/share/fishbot_navigation2/launch/navigation2.launch.py
-- Up-to-date: /home/nagisa/fishbot_ws/install/fishbot_navigation2/share/fishbot_navigation2/param
-- Up-to-date: /home/nagisa/fishbot_ws/install/fishbot_navigation2/share/fishbot_navigation2/param/install
-- Up-to-date: /home/nagisa/fishbot_ws/install/fishbot_navigation2/share/fishbot_navigation2/param/install/local_setup.sh
-- Up-to-date: /home/nagisa/fishbot_ws/install/fishbot_navigation2/share/fishbot_navigation2/param/install/_local_setup_util_sh.py
-- Up-to-date: /home/nagisa/fishbot_ws/install/fishbot_navigation2/share/fishbot_navigation2/param/install/setup.bash
-- Up-to-date: /home/nagisa/fishbot_ws/install/fishbot_navigation2/share/fishbot_navigation2/param/install/.colcon_install_layout
-- Up-to-date: /home/nagisa/fishbot_ws/install/fishbot_navigation2/share/fishbot_navigation2/param/install/local_setup.zsh
-- Up-to-date: /home/nagisa/fishbot_ws/install/fishbot_navigation2/share/fishbot_navigation2/param/install/local_setup.ps1
-- Up-to-date: /home/nagisa/fishbot_ws/install/fishbot_navigation2/share/fishbot_navigation2/param/install/_local_setup_util_ps1.py
-- Up-to-date: /home/nagisa/fishbot_ws/install/fishbot_navigation2/share/fishbot_navigation2/param/install/setup.ps1
-- Up-to-date: /home/nagisa/fishbot_ws/install/fishbot_navigation2/share/fishbot_navigation2/param/install/local_setup.bash
-- Up-to-date: /home/nagisa/fishbot_ws/install/fishbot_navigation2/share/fishbot_navigation2/param/install/COLCON_IGNORE
-- Up-to-date: /home/nagisa/fishbot_ws/install/fishbot_navigation2/share/fishbot_navigation2/param/install/setup.zsh
-- Up-to-date: /home/nagisa/fishbot_ws/install/fishbot_navigation2/share/fishbot_navigation2/param/install/setup.sh
-- Up-to-date: /home/nagisa/fishbot_ws/install/fishbot_navigation2/share/fishbot_navigation2/param/fishbot_nav2.yaml
-- Up-to-date: /home/nagisa/fishbot_ws/install/fishbot_navigation2/share/fishbot_navigation2/param/build
-- Up-to-date: /home/nagisa/fishbot_ws/install/fishbot_navigation2/share/fishbot_navigation2/param/build/COLCON_IGNORE
-- Up-to-date: /home/nagisa/fishbot_ws/install/fishbot_navigation2/share/fishbot_navigation2/param/build/.built_by
-- Up-to-date: /home/nagisa/fishbot_ws/install/fishbot_navigation2/share/fishbot_navigation2/param/log
-- Up-to-date: /home/nagisa/fishbot_ws/install/fishbot_navigation2/share/fishbot_navigation2/param/log/latest
-- Up-to-date: /home/nagisa/fishbot_ws/install/fishbot_navigation2/share/fishbot_navigation2/param/log/latest_build
-- Up-to-date: /home/nagisa/fishbot_ws/install/fishbot_navigation2/share/fishbot_navigation2/param/log/COLCON_IGNORE
-- Up-to-date: /home/nagisa/fishbot_ws/install/fishbot_navigation2/share/fishbot_navigation2/param/log/build_2024-10-05_13-04-22
-- Up-to-date: /home/nagisa/fishbot_ws/install/fishbot_navigation2/share/fishbot_navigation2/param/log/build_2024-10-05_13-04-22/events.log
-- Up-to-date: /home/nagisa/fishbot_ws/install/fishbot_navigation2/share/fishbot_navigation2/param/log/build_2024-10-05_13-04-22/logger_all.log
-- Up-to-date: /home/nagisa/fishbot_ws/install/fishbot_navigation2/share/fishbot_navigation2/maps
-- Installing: /home/nagisa/fishbot_ws/install/fishbot_navigation2/share/fishbot_navigation2/maps/fishbot_map.yaml
-- Installing: /home/nagisa/fishbot_ws/install/fishbot_navigation2/share/fishbot_navigation2/maps/fishbot_map.pgm
