[0.018s] Invoking command in '/home/nagisa/candpy_ws/build/cpp_pkg': CMAKE_PREFIX_PATH=/opt/ros/humble /usr/bin/cmake --build /home/nagisa/candpy_ws/build/cpp_pkg -- -j12 -l12
[0.065s] [35m[1mConsolidate compiler generated dependencies of target node_template_node[0m
[0.080s] [ 66%] Built target qq_node
[0.080s] [ 66%] Built target tx_qq_node
[0.084s] [ 83%] [32mBuilding CXX object CMakeFiles/node_template_node.dir/src/node_template_node.cpp.o[0m
[7.507s] [100%] [32m[1mLinking CXX executable node_template_node[0m
[7.858s] [100%] Built target node_template_node
[7.870s] Invoked command in '/home/nagisa/candpy_ws/build/cpp_pkg' returned '0': CMAKE_PREFIX_PATH=/opt/ros/humble /usr/bin/cmake --build /home/nagisa/candpy_ws/build/cpp_pkg -- -j12 -l12
[7.929s] Invoking command in '/home/nagisa/candpy_ws/build/cpp_pkg': CMAKE_PREFIX_PATH=/opt/ros/humble /usr/bin/cmake --install /home/nagisa/candpy_ws/build/cpp_pkg
[7.936s] -- Install configuration: ""
[7.936s] -- Up-to-date: /home/nagisa/candpy_ws/install/cpp_pkg/share/ament_index/resource_index/package_run_dependencies/cpp_pkg
[7.937s] -- Up-to-date: /home/nagisa/candpy_ws/install/cpp_pkg/share/ament_index/resource_index/parent_prefix_path/cpp_pkg
[7.937s] -- Up-to-date: /home/nagisa/candpy_ws/install/cpp_pkg/share/cpp_pkg/environment/ament_prefix_path.sh
[7.937s] -- Up-to-date: /home/nagisa/candpy_ws/install/cpp_pkg/share/cpp_pkg/environment/ament_prefix_path.dsv
[7.937s] -- Up-to-date: /home/nagisa/candpy_ws/install/cpp_pkg/share/cpp_pkg/environment/path.sh
[7.937s] -- Up-to-date: /home/nagisa/candpy_ws/install/cpp_pkg/share/cpp_pkg/environment/path.dsv
[7.937s] -- Up-to-date: /home/nagisa/candpy_ws/install/cpp_pkg/share/cpp_pkg/local_setup.bash
[7.937s] -- Up-to-date: /home/nagisa/candpy_ws/install/cpp_pkg/share/cpp_pkg/local_setup.sh
[7.938s] -- Up-to-date: /home/nagisa/candpy_ws/install/cpp_pkg/share/cpp_pkg/local_setup.zsh
[7.938s] -- Up-to-date: /home/nagisa/candpy_ws/install/cpp_pkg/share/cpp_pkg/local_setup.dsv
[7.938s] -- Installing: /home/nagisa/candpy_ws/install/cpp_pkg/share/cpp_pkg/package.dsv
[7.938s] -- Up-to-date: /home/nagisa/candpy_ws/install/cpp_pkg/share/ament_index/resource_index/packages/cpp_pkg
[7.938s] -- Up-to-date: /home/nagisa/candpy_ws/install/cpp_pkg/share/cpp_pkg/cmake/cpp_pkgConfig.cmake
[7.938s] -- Up-to-date: /home/nagisa/candpy_ws/install/cpp_pkg/share/cpp_pkg/cmake/cpp_pkgConfig-version.cmake
[7.938s] -- Up-to-date: /home/nagisa/candpy_ws/install/cpp_pkg/share/cpp_pkg/package.xml
[7.938s] -- Up-to-date: /home/nagisa/candpy_ws/install/cpp_pkg/lib/cpp_pkg/qq_node
[7.938s] -- Up-to-date: /home/nagisa/candpy_ws/install/cpp_pkg/lib/cpp_pkg/tx_qq_node
[7.938s] -- Installing: /home/nagisa/candpy_ws/install/cpp_pkg/lib/cpp_pkg/node_template_node
[7.942s] -- Set runtime path of "/home/nagisa/candpy_ws/install/cpp_pkg/lib/cpp_pkg/node_template_node" to ""
[7.944s] Invoked command in '/home/nagisa/candpy_ws/build/cpp_pkg' returned '0': CMAKE_PREFIX_PATH=/opt/ros/humble /usr/bin/cmake --install /home/nagisa/candpy_ws/build/cpp_pkg
