[0.721s] Invoking command in '/home/nagisa/fishbot_ws/src/fishbot_description': PYTHONPATH=/home/nagisa/fishbot_ws/build/fishbot_description/prefix_override:/usr/lib/python3/dist-packages/colcon_core/task/python/colcon_distutils_commands:/home/nagisa/fishbot_ws/install/fishbot_description/lib/python3.10/site-packages:${PYTHONPATH} /usr/bin/python3 -W ignore:setup.py install is deprecated setup.py egg_info --egg-base ../../build/fishbot_description build --build-base /home/nagisa/fishbot_ws/build/fishbot_description/build install --record /home/nagisa/fishbot_ws/build/fishbot_description/install.log --single-version-externally-managed install_data
[0.919s] running egg_info
[0.920s] writing ../../build/fishbot_description/fishbot_description.egg-info/PKG-INFO
[0.920s] writing dependency_links to ../../build/fishbot_description/fishbot_description.egg-info/dependency_links.txt
[0.921s] writing entry points to ../../build/fishbot_description/fishbot_description.egg-info/entry_points.txt
[0.921s] writing requirements to ../../build/fishbot_description/fishbot_description.egg-info/requires.txt
[0.921s] writing top-level names to ../../build/fishbot_description/fishbot_description.egg-info/top_level.txt
[0.922s] reading manifest file '../../build/fishbot_description/fishbot_description.egg-info/SOURCES.txt'
[0.923s] writing manifest file '../../build/fishbot_description/fishbot_description.egg-info/SOURCES.txt'
[0.924s] running build
[0.924s] running build_py
[0.924s] running install
[0.924s] running install_lib
[0.926s] running install_data
[0.926s] copying launch/gazebo.launch.py -> /home/nagisa/fishbot_ws/install/fishbot_description/share/fishbot_description/launch
[0.927s] running install_egg_info
[0.929s] removing '/home/nagisa/fishbot_ws/install/fishbot_description/lib/python3.10/site-packages/fishbot_description-0.0.0-py3.10.egg-info' (and everything under it)
[0.929s] Copying ../../build/fishbot_description/fishbot_description.egg-info to /home/nagisa/fishbot_ws/install/fishbot_description/lib/python3.10/site-packages/fishbot_description-0.0.0-py3.10.egg-info
[0.930s] running install_scripts
[0.949s] Installing rotate_wheel script to /home/nagisa/fishbot_ws/install/fishbot_description/lib/fishbot_description
[0.949s] writing list of installed files to '/home/nagisa/fishbot_ws/build/fishbot_description/install.log'
[0.969s] Invoked command in '/home/nagisa/fishbot_ws/src/fishbot_description' returned '0': PYTHONPATH=/home/nagisa/fishbot_ws/build/fishbot_description/prefix_override:/usr/lib/python3/dist-packages/colcon_core/task/python/colcon_distutils_commands:/home/nagisa/fishbot_ws/install/fishbot_description/lib/python3.10/site-packages:${PYTHONPATH} /usr/bin/python3 -W ignore:setup.py install is deprecated setup.py egg_info --egg-base ../../build/fishbot_description build --build-base /home/nagisa/fishbot_ws/build/fishbot_description/build install --record /home/nagisa/fishbot_ws/build/fishbot_description/install.log --single-version-externally-managed install_data
