[0.032s] Invoking command in '/home/nagisa/fishbot_ws/build/nav2_costmap_2d': AMENT_PREFIX_PATH=/home/nagisa/fishbot_ws/install/nav2_map_server:/home/nagisa/fishbot_ws/install/nav2_lifecycle_manager:/home/nagisa/fishbot_ws/install/nav2_util:/home/nagisa/fishbot_ws/install/nav2_voxel_grid:/home/nagisa/fishbot_ws/install/nav2_msgs:/home/nagisa/fishbot_ws/install/nav2_common:${AMENT_PREFIX_PATH} CMAKE_PREFIX_PATH=/home/nagisa/fishbot_ws/install/nav2_map_server:/home/nagisa/fishbot_ws/install/nav2_lifecycle_manager:/home/nagisa/fishbot_ws/install/nav2_util:/home/nagisa/fishbot_ws/install/nav2_voxel_grid:/home/nagisa/fishbot_ws/install/nav2_msgs:/home/nagisa/fishbot_ws/install/nav2_common:/opt/ros/humble LD_LIBRARY_PATH=/home/nagisa/fishbot_ws/install/nav2_map_server/lib:/home/nagisa/fishbot_ws/install/nav2_lifecycle_manager/lib:/home/nagisa/fishbot_ws/install/nav2_util/lib:/home/nagisa/fishbot_ws/install/nav2_voxel_grid/lib:/home/nagisa/fishbot_ws/install/nav2_msgs/lib:${LD_LIBRARY_PATH} PYTHONPATH=/home/nagisa/fishbot_ws/install/nav2_msgs/local/lib/python3.10/dist-packages:/home/nagisa/fishbot_ws/install/nav2_common/local/lib/python3.10/dist-packages:${PYTHONPATH} /usr/bin/cmake /home/nagisa/fishbot_ws/src/navigation2/nav2_costmap_2d -DCMAKE_INSTALL_PREFIX=/home/nagisa/fishbot_ws/install/nav2_costmap_2d
[0.179s] -- The C compiler identification is GNU 11.4.0
[0.244s] -- The CXX compiler identification is GNU 11.4.0
[0.261s] -- Detecting C compiler ABI info
[0.347s] -- Detecting C compiler ABI info - done
[0.353s] -- Check for working C compiler: /usr/bin/cc - skipped
[0.354s] -- Detecting C compile features
[0.355s] -- Detecting C compile features - done
[0.359s] -- Detecting CXX compiler ABI info
[0.458s] -- Detecting CXX compiler ABI info - done
[0.466s] -- Check for working CXX compiler: /usr/bin/c++ - skipped
[0.467s] -- Detecting CXX compile features
[0.467s] -- Detecting CXX compile features - done
[0.474s] -- Found ament_cmake: 1.3.10 (/opt/ros/humble/share/ament_cmake/cmake)
[0.850s] -- Found Python3: /usr/bin/python3 (found version "3.10.12") found components: Interpreter 
[1.081s] -- Found geometry_msgs: 4.2.4 (/opt/ros/humble/share/geometry_msgs/cmake)
[1.257s] -- Found rosidl_generator_c: 3.1.5 (/opt/ros/humble/share/rosidl_generator_c/cmake)
[1.277s] -- Found rosidl_adapter: 3.1.5 (/opt/ros/humble/share/rosidl_adapter/cmake)
[1.357s] -- Found rosidl_generator_cpp: 3.1.5 (/opt/ros/humble/share/rosidl_generator_cpp/cmake)
[1.688s] -- Using all available rosidl_typesupport_c: rosidl_typesupport_fastrtps_c;rosidl_typesupport_introspection_c
[1.776s] -- Using all available rosidl_typesupport_cpp: rosidl_typesupport_fastrtps_cpp;rosidl_typesupport_introspection_cpp
[1.948s] -- Found laser_geometry: 2.4.0 (/opt/ros/humble/share/laser_geometry/cmake)
[2.157s] -- Found rmw_implementation_cmake: 6.1.2 (/opt/ros/humble/share/rmw_implementation_cmake/cmake)
[2.171s] -- Found rmw_fastrtps_cpp: 6.2.7 (/opt/ros/humble/share/rmw_fastrtps_cpp/cmake)
[2.521s] -- Found OpenSSL: /usr/lib/x86_64-linux-gnu/libcrypto.so (found version "3.0.2")  
[2.596s] -- Found FastRTPS: /opt/ros/humble/include  
[2.699s] -- Using RMW implementation 'rmw_fastrtps_cpp' as default
[2.751s] -- Looking for pthread.h
[3.255s] -- Looking for pthread.h - found
[3.292s] -- Performing Test CMAKE_HAVE_LIBC_PTHREAD
[4.029s] -- Performing Test CMAKE_HAVE_LIBC_PTHREAD - Success
[4.119s] -- Found Threads: TRUE  
[4.995s] -- Found map_msgs: 2.1.0 (/opt/ros/humble/share/map_msgs/cmake)
[5.118s] -- Found message_filters: 4.3.5 (/opt/ros/humble/share/message_filters/cmake)
[5.123s] -- Found nav2_common: 1.1.16 (/home/nagisa/fishbot_ws/install/nav2_common/share/nav2_common/cmake)
[5.129s] -- Found nav2_msgs: 1.1.16 (/home/nagisa/fishbot_ws/install/nav2_msgs/share/nav2_msgs/cmake)
[5.242s] -- Found nav2_util: 1.1.16 (/home/nagisa/fishbot_ws/install/nav2_util/share/nav2_util/cmake)
[5.593s] -- Found Eigen3: TRUE (found version "3.4.0") 
[5.594s] -- Ensuring Eigen3 include directory is part of orocos-kdl CMake target
[5.806s] -- Found nav2_voxel_grid: 1.1.16 (/home/nagisa/fishbot_ws/install/nav2_voxel_grid/share/nav2_voxel_grid/cmake)
[5.816s] -- Found pluginlib: 5.1.0 (/opt/ros/humble/share/pluginlib/cmake)
[5.874s] -- Found std_srvs: 4.2.4 (/opt/ros/humble/share/std_srvs/cmake)
[5.923s] -- Found tf2_sensor_msgs: 0.25.8 (/opt/ros/humble/share/tf2_sensor_msgs/cmake)
[5.937s] -- Found visualization_msgs: 4.2.4 (/opt/ros/humble/share/visualization_msgs/cmake)
[5.973s] -- Found angles: 1.15.0 (/opt/ros/humble/share/angles/cmake)
[5.978s] -- Found Eigen3: TRUE (found suitable version "3.4.0", minimum required is "3.3") 
[5.978s] -- Setting build type to Release as none was specified.
[6.116s] -- Found ament_lint_auto: 0.12.11 (/opt/ros/humble/share/ament_lint_auto/cmake)
[6.573s] -- Found gtest sources under '/opt/ros/humble/src/gtest_vendor': C++ tests using 'Google Test' will be built
[6.599s] -- Found gtest sources under '/opt/ros/humble/src/gtest_vendor': C++ tests using 'Google Test' will be built
[6.612s] -- Found gtest sources under '/opt/ros/humble/src/gtest_vendor': C++ tests using 'Google Test' will be built
[6.674s] -- Added test 'cppcheck' to perform static code analysis on C / C++ code
[6.675s] -- Configured cppcheck include dirs: $<BUILD_INTERFACE:/home/nagisa/fishbot_ws/src/navigation2/nav2_costmap_2d/include>
[6.676s] -- Configured cppcheck exclude dirs and/or files: 
[6.677s] -- Added test 'flake8' to check Python code syntax and style conventions
[6.680s] -- Added test 'lint_cmake' to check CMake code style
[6.682s] -- Added test 'pep257' to check Python code against some of the docstring style conventions in PEP 257
[6.687s] -- Added test 'uncrustify' to check C / C++ code style
[6.687s] -- Configured uncrustify additional arguments: 
[6.688s] -- Added test 'xmllint' to check XML markup files
[6.698s] -- Configuring done
[8.081s] -- Generating done
[8.085s] -- Build files have been written to: /home/nagisa/fishbot_ws/build/nav2_costmap_2d
[9.530s] Invoked command in '/home/nagisa/fishbot_ws/build/nav2_costmap_2d' returned '0': AMENT_PREFIX_PATH=/home/nagisa/fishbot_ws/install/nav2_map_server:/home/nagisa/fishbot_ws/install/nav2_lifecycle_manager:/home/nagisa/fishbot_ws/install/nav2_util:/home/nagisa/fishbot_ws/install/nav2_voxel_grid:/home/nagisa/fishbot_ws/install/nav2_msgs:/home/nagisa/fishbot_ws/install/nav2_common:${AMENT_PREFIX_PATH} CMAKE_PREFIX_PATH=/home/nagisa/fishbot_ws/install/nav2_map_server:/home/nagisa/fishbot_ws/install/nav2_lifecycle_manager:/home/nagisa/fishbot_ws/install/nav2_util:/home/nagisa/fishbot_ws/install/nav2_voxel_grid:/home/nagisa/fishbot_ws/install/nav2_msgs:/home/nagisa/fishbot_ws/install/nav2_common:/opt/ros/humble LD_LIBRARY_PATH=/home/nagisa/fishbot_ws/install/nav2_map_server/lib:/home/nagisa/fishbot_ws/install/nav2_lifecycle_manager/lib:/home/nagisa/fishbot_ws/install/nav2_util/lib:/home/nagisa/fishbot_ws/install/nav2_voxel_grid/lib:/home/nagisa/fishbot_ws/install/nav2_msgs/lib:${LD_LIBRARY_PATH} PYTHONPATH=/home/nagisa/fishbot_ws/install/nav2_msgs/local/lib/python3.10/dist-packages:/home/nagisa/fishbot_ws/install/nav2_common/local/lib/python3.10/dist-packages:${PYTHONPATH} /usr/bin/cmake /home/nagisa/fishbot_ws/src/navigation2/nav2_costmap_2d -DCMAKE_INSTALL_PREFIX=/home/nagisa/fishbot_ws/install/nav2_costmap_2d
[9.991s] Invoking command in '/home/nagisa/fishbot_ws/build/nav2_costmap_2d': AMENT_PREFIX_PATH=/home/nagisa/fishbot_ws/install/nav2_map_server:/home/nagisa/fishbot_ws/install/nav2_lifecycle_manager:/home/nagisa/fishbot_ws/install/nav2_util:/home/nagisa/fishbot_ws/install/nav2_voxel_grid:/home/nagisa/fishbot_ws/install/nav2_msgs:/home/nagisa/fishbot_ws/install/nav2_common:${AMENT_PREFIX_PATH} CMAKE_PREFIX_PATH=/home/nagisa/fishbot_ws/install/nav2_map_server:/home/nagisa/fishbot_ws/install/nav2_lifecycle_manager:/home/nagisa/fishbot_ws/install/nav2_util:/home/nagisa/fishbot_ws/install/nav2_voxel_grid:/home/nagisa/fishbot_ws/install/nav2_msgs:/home/nagisa/fishbot_ws/install/nav2_common:/opt/ros/humble LD_LIBRARY_PATH=/home/nagisa/fishbot_ws/install/nav2_map_server/lib:/home/nagisa/fishbot_ws/install/nav2_lifecycle_manager/lib:/home/nagisa/fishbot_ws/install/nav2_util/lib:/home/nagisa/fishbot_ws/install/nav2_voxel_grid/lib:/home/nagisa/fishbot_ws/install/nav2_msgs/lib:${LD_LIBRARY_PATH} PYTHONPATH=/home/nagisa/fishbot_ws/install/nav2_msgs/local/lib/python3.10/dist-packages:/home/nagisa/fishbot_ws/install/nav2_common/local/lib/python3.10/dist-packages:${PYTHONPATH} /usr/bin/cmake --build /home/nagisa/fishbot_ws/build/nav2_costmap_2d -- -j12 -l12
[10.460s] [  1%] [32mBuilding CXX object gtest/CMakeFiles/gtest_main.dir/src/gtest_main.cc.o[0m
[10.467s] [  2%] [32mBuilding CXX object CMakeFiles/nav2_costmap_2d_core.dir/src/array_parser.cpp.o[0m
[10.467s] [  3%] [32mBuilding CXX object gtest/CMakeFiles/gtest.dir/src/gtest-all.cc.o[0m
[10.467s] [  4%] [32mBuilding CXX object CMakeFiles/nav2_costmap_2d_core.dir/src/layered_costmap.cpp.o[0m
[10.467s] [  6%] [32mBuilding CXX object CMakeFiles/nav2_costmap_2d_core.dir/src/costmap_2d.cpp.o[0m
[10.469s] [  7%] [32mBuilding CXX object CMakeFiles/nav2_costmap_2d_core.dir/src/layer.cpp.o[0m
[10.469s] [  8%] [32mBuilding CXX object CMakeFiles/nav2_costmap_2d_core.dir/src/costmap_2d_publisher.cpp.o[0m
[10.469s] [  9%] [32mBuilding CXX object CMakeFiles/nav2_costmap_2d_core.dir/src/costmap_math.cpp.o[0m
[10.469s] [ 10%] [32mBuilding CXX object CMakeFiles/nav2_costmap_2d_core.dir/src/costmap_2d_ros.cpp.o[0m
[10.470s] [ 12%] [32mBuilding CXX object CMakeFiles/nav2_costmap_2d_core.dir/src/costmap_layer.cpp.o[0m
[10.470s] [ 13%] [32mBuilding CXX object CMakeFiles/nav2_costmap_2d_core.dir/src/observation_buffer.cpp.o[0m
[10.481s] [ 14%] [32mBuilding CXX object CMakeFiles/nav2_costmap_2d_core.dir/src/footprint.cpp.o[0m
[14.072s] [ 15%] [32mBuilding CXX object CMakeFiles/nav2_costmap_2d_core.dir/src/clear_costmap_service.cpp.o[0m
[14.160s] [ 17%] [32mBuilding CXX object CMakeFiles/nav2_costmap_2d_core.dir/src/footprint_collision_checker.cpp.o[0m
[14.299s] [ 18%] [32m[1mLinking CXX static library libgtest_main.a[0m
[14.550s] [ 18%] Built target gtest_main
[14.572s] [ 19%] [32mBuilding CXX object CMakeFiles/nav2_costmap_2d_core.dir/plugins/costmap_filters/costmap_filter.cpp.o[0m
[88.264s] [ 20%] [32m[1mLinking CXX static library libgtest.a[0m
[88.310s] [ 20%] Built target gtest
[215.079s] [ 21%] [32m[1mLinking CXX shared library libnav2_costmap_2d_core.so[0m
[215.498s] [ 21%] Built target nav2_costmap_2d_core
[215.538s] [ 28%] [32mBuilding CXX object CMakeFiles/layers.dir/plugins/inflation_layer.cpp.o[0m
[215.538s] [ 28%] [32mBuilding CXX object CMakeFiles/nav2_costmap_2d_client.dir/src/footprint_subscriber.cpp.o[0m
[215.538s] [ 28%] [32mBuilding CXX object CMakeFiles/nav2_costmap_2d_cloud.dir/src/costmap_2d_cloud.cpp.o[0m
[215.538s] [ 28%] [32mBuilding CXX object CMakeFiles/filters.dir/plugins/costmap_filters/keepout_filter.cpp.o[0m
[215.538s] [ 28%] [32mBuilding CXX object CMakeFiles/nav2_costmap_2d_markers.dir/src/costmap_2d_markers.cpp.o[0m
[216.574s] [ 29%] [32mBuilding CXX object test/unit/CMakeFiles/copy_window_test.dir/copy_window_test.cpp.o[0m
[216.576s] [ 30%] [32mBuilding CXX object test/unit/CMakeFiles/costmap_filter_test.dir/costmap_filter_test.cpp.o[0m
[216.580s] [ 31%] [32mBuilding CXX object test/unit/CMakeFiles/costmap_filter_service_test.dir/costmap_filter_service_test.cpp.o[0m
[217.603s] [ 32%] [32mBuilding CXX object test/unit/CMakeFiles/costmap_convesion_test.dir/costmap_conversion_test.cpp.o[0m
[217.610s] [ 34%] [32mBuilding CXX object test/unit/CMakeFiles/collision_footprint_test.dir/footprint_collision_checker_test.cpp.o[0m
[217.614s] [ 35%] [32mBuilding CXX object test/unit/CMakeFiles/declare_parameter_test.dir/declare_parameter_test.cpp.o[0m
[218.639s] [ 36%] [32mBuilding CXX object test/unit/CMakeFiles/array_parser_test.dir/array_parser_test.cpp.o[0m
[222.932s] [ 37%] [32m[1mLinking CXX executable array_parser_test[0m
[225.390s] [ 37%] Built target array_parser_test
[225.456s] [ 39%] [32mBuilding CXX object test/integration/CMakeFiles/dyn_params_tests.dir/dyn_params_tests.cpp.o[0m
[225.909s] [ 40%] [32m[1mLinking CXX executable costmap_convesion_test[0m
[226.509s] [ 40%] Built target costmap_convesion_test
[226.539s] [ 41%] [32mBuilding CXX object CMakeFiles/filters.dir/plugins/costmap_filters/speed_filter.cpp.o[0m
[226.948s] [ 42%] [32m[1mLinking CXX executable declare_parameter_test[0m
[227.274s] [ 42%] Built target declare_parameter_test
[227.321s] [ 43%] [32mBuilding CXX object test/regression/CMakeFiles/costmap_bresenham_2d.dir/costmap_bresenham_2d.cpp.o[0m
[230.349s] [ 45%] [32m[1mLinking CXX executable collision_footprint_test[0m
[230.375s] [ 46%] [32m[1mLinking CXX executable costmap_bresenham_2d[0m
[230.768s] [ 46%] Built target costmap_bresenham_2d
[231.091s] [ 46%] Built target collision_footprint_test
[231.774s] [ 47%] [32m[1mLinking CXX executable costmap_filter_service_test[0m
[232.062s] [ 47%] Built target costmap_filter_service_test
[234.824s] [ 48%] [32m[1mLinking CXX executable dyn_params_tests[0m
[235.370s] [ 48%] Built target dyn_params_tests
[235.847s] [ 50%] [32m[1mLinking CXX executable copy_window_test[0m
[236.119s] [ 50%] Built target copy_window_test
[238.389s] [ 51%] [32m[1mLinking CXX executable costmap_filter_test[0m
[238.648s] [ 51%] Built target costmap_filter_test
[239.682s] [ 52%] [32mBuilding CXX object CMakeFiles/layers.dir/plugins/static_layer.cpp.o[0m
[240.694s] [ 53%] [32mBuilding CXX object CMakeFiles/layers.dir/plugins/obstacle_layer.cpp.o[0m
[246.686s] [ 56%] [32mBuilding CXX object CMakeFiles/filters.dir/plugins/costmap_filters/binary_filter.cpp.o[0m
[246.697s] [ 56%] [32mBuilding CXX object CMakeFiles/layers.dir/src/observation_buffer.cpp.o[0m
[256.391s] [ 57%] [32mBuilding CXX object CMakeFiles/layers.dir/plugins/voxel_layer.cpp.o[0m
[265.454s] [ 60%] [32mBuilding CXX object CMakeFiles/nav2_costmap_2d_client.dir/src/costmap_topic_collision_checker.cpp.o[0m
[265.454s] [ 60%] [32mBuilding CXX object CMakeFiles/nav2_costmap_2d_client.dir/src/costmap_subscriber.cpp.o[0m
[265.454s] [ 60%] [32mBuilding CXX object CMakeFiles/layers.dir/plugins/range_sensor_layer.cpp.o[0m
[268.702s] [ 62%] [32mBuilding CXX object CMakeFiles/layers.dir/plugins/denoise_layer.cpp.o[0m
[274.571s] [ 63%] [32m[1mLinking CXX executable nav2_costmap_2d_markers[0m
[275.117s] [ 63%] Built target nav2_costmap_2d_markers
[275.171s] [ 64%] [32mBuilding CXX object test/regression/CMakeFiles/order_layer.dir/order_layer.cpp.o[0m
[275.177s] [ 65%] [32mBuilding CXX object test/regression/CMakeFiles/plugin_api_order.dir/plugin_api_order.cpp.o[0m
[279.457s] [ 67%] [32m[1mLinking CXX shared library libnav2_costmap_2d_client.so[0m
[279.853s] [ 68%] [32m[1mLinking CXX shared library liborder_layer.so[0m
[280.165s] [ 68%] Built target order_layer
[280.225s] [ 68%] Built target nav2_costmap_2d_client
[280.827s] [ 69%] [32m[1mLinking CXX executable nav2_costmap_2d_cloud[0m
[281.062s] [ 69%] Built target nav2_costmap_2d_cloud
[281.901s] [ 70%] [32m[1mLinking CXX executable plugin_api_order[0m
[282.151s] [ 70%] Built target plugin_api_order
[305.117s] [ 71%] [32m[1mLinking CXX shared library libfilters.so[0m
[306.390s] [ 71%] Built target filters
[306.424s] [ 75%] [32mBuilding CXX object test/unit/CMakeFiles/keepout_filter_test.dir/keepout_filter_test.cpp.o[0m
[306.424s] [ 75%] [32mBuilding CXX object test/unit/CMakeFiles/speed_filter_test.dir/speed_filter_test.cpp.o[0m
[306.424s] [ 75%] [32mBuilding CXX object test/unit/CMakeFiles/binary_filter_test.dir/binary_filter_test.cpp.o[0m
[318.693s] [ 76%] [32m[1mLinking CXX shared library liblayers.so[0m
[320.429s] [ 76%] Built target layers
[320.537s] [ 78%] [32mBuilding CXX object test/integration/CMakeFiles/test_collision_checker_exec.dir/test_costmap_topic_collision_checker.cpp.o[0m
[320.554s] [ 79%] [32mBuilding CXX object test/unit/CMakeFiles/denoise_layer_test.dir/denoise_layer_test.cpp.o[0m
[320.560s] [ 81%] [32mBuilding CXX object test/unit/CMakeFiles/denoise_layer_test.dir/image_test.cpp.o[0m
[320.563s] [ 81%] [32mBuilding CXX object test/unit/CMakeFiles/denoise_layer_test.dir/image_processing_test.cpp.o[0m
[320.570s] [ 82%] [32mBuilding CXX object test/integration/CMakeFiles/footprint_tests_exec.dir/footprint_tests.cpp.o[0m
[320.613s] [ 84%] [32mBuilding CXX object CMakeFiles/nav2_costmap_2d.dir/src/costmap_2d_node.cpp.o[0m
[320.617s] [ 85%] [32mBuilding CXX object test/integration/CMakeFiles/obstacle_tests_exec.dir/obstacle_tests.cpp.o[0m
[320.617s] [ 86%] [32mBuilding CXX object test/integration/CMakeFiles/inflation_tests_exec.dir/inflation_tests.cpp.o[0m
[320.711s] [ 87%] [32mBuilding CXX object test/integration/CMakeFiles/range_tests_exec.dir/range_tests.cpp.o[0m
[344.511s] [ 89%] [32m[1mLinking CXX executable footprint_tests_exec[0m
[345.264s] [ 89%] Built target footprint_tests_exec
[346.547s] [ 90%] [32m[1mLinking CXX executable nav2_costmap_2d[0m
[348.271s] [ 90%] Built target nav2_costmap_2d
[350.054s] [ 91%] [32m[1mLinking CXX executable denoise_layer_test[0m
[351.378s] [ 91%] Built target denoise_layer_test
[351.398s] [ 92%] [32m[1mLinking CXX executable range_tests_exec[0m
[352.583s] [ 92%] Built target range_tests_exec
[363.567s] [ 93%] [32m[1mLinking CXX executable inflation_tests_exec[0m
[363.954s] [ 93%] Built target inflation_tests_exec
[365.937s] [ 95%] [32m[1mLinking CXX executable obstacle_tests_exec[0m
[366.720s] [ 96%] [32m[1mLinking CXX executable test_collision_checker_exec[0m
[366.920s] [ 96%] Built target obstacle_tests_exec
[367.863s] [ 96%] Built target test_collision_checker_exec
[378.760s] [ 97%] [32m[1mLinking CXX executable keepout_filter_test[0m
[379.769s] [ 97%] Built target keepout_filter_test
[398.565s] [ 98%] [32m[1mLinking CXX executable speed_filter_test[0m
[399.729s] [ 98%] Built target speed_filter_test
[422.968s] [100%] [32m[1mLinking CXX executable binary_filter_test[0m
[424.316s] [100%] Built target binary_filter_test
