-- The C compiler identification is GNU 11.4.0
-- The CXX compiler identification is GNU 11.4.0
-- Detecting C compiler ABI info
-- Detecting C compiler ABI info - done
-- Check for working C compiler: /usr/bin/cc - skipped
-- Detecting C compile features
-- Detecting C compile features - done
-- Detecting CXX compiler ABI info
-- Detecting CXX compiler ABI info - done
-- Check for working CXX compiler: /usr/bin/c++ - skipped
-- Detecting CXX compile features
-- Detecting CXX compile features - done
-- Found ament_cmake: 1.3.10 (/opt/ros/humble/share/ament_cmake/cmake)
-- Found Python3: /usr/bin/python3 (found version "3.10.12") found components: Interpreter 
-- Configuring done
-- Generating done
-- Build files have been written to: /home/nagisa/fishbot_ws/build/navigation2
-- Install configuration: ""
-- Installing: /home/nagisa/fishbot_ws/install/navigation2/share/ament_index/resource_index/package_run_dependencies/navigation2
-- Installing: /home/nagisa/fishbot_ws/install/navigation2/share/ament_index/resource_index/parent_prefix_path/navigation2
-- Installing: /home/nagisa/fishbot_ws/install/navigation2/share/navigation2/environment/ament_prefix_path.sh
-- Installing: /home/nagisa/fishbot_ws/install/navigation2/share/navigation2/environment/ament_prefix_path.dsv
-- Installing: /home/nagisa/fishbot_ws/install/navigation2/share/navigation2/environment/path.sh
-- Installing: /home/nagisa/fishbot_ws/install/navigation2/share/navigation2/environment/path.dsv
-- Installing: /home/nagisa/fishbot_ws/install/navigation2/share/navigation2/local_setup.bash
-- Installing: /home/nagisa/fishbot_ws/install/navigation2/share/navigation2/local_setup.sh
-- Installing: /home/nagisa/fishbot_ws/install/navigation2/share/navigation2/local_setup.zsh
-- Installing: /home/nagisa/fishbot_ws/install/navigation2/share/navigation2/local_setup.dsv
-- Installing: /home/nagisa/fishbot_ws/install/navigation2/share/navigation2/package.dsv
-- Installing: /home/nagisa/fishbot_ws/install/navigation2/share/ament_index/resource_index/packages/navigation2
-- Installing: /home/nagisa/fishbot_ws/install/navigation2/share/navigation2/cmake/navigation2Config.cmake
-- Installing: /home/nagisa/fishbot_ws/install/navigation2/share/navigation2/cmake/navigation2Config-version.cmake
-- Installing: /home/nagisa/fishbot_ws/install/navigation2/share/navigation2/package.xml
