[0.055s] Invoking command in '/home/nagisa/fishbot_ws/build/cartographer': CMAKE_PREFIX_PATH=${CMAKE_PREFIX_PATH}:/home/nagisa/fishbot_ws/install/nav2_simple_commander:/home/nagisa/fishbot_ws/install/fishbot_description:/opt/ros/humble /usr/bin/cmake --build /home/nagisa/fishbot_ws/build/cartographer -- -j12 -l12
[0.238s] [  1%] Built target gtest
[0.262s] [  1%] Built target cartographer_detect_changes
[0.295s] [  2%] Built target gmock
[0.348s] [  2%] Built target gmock_main
[0.529s] [ 54%] Built target cartographer
[0.586s] [ 54%] Built target cartographer_print_configuration
[0.587s] [ 54%] Built target cartographer_compute_relations_metrics
[0.591s] [ 55%] Built target cartographer_pbstream
[0.602s] [ 56%] Built target cartographer_test_library
[0.603s] [ 57%] Built target cartographer_autogenerate_ground_truth
[0.674s] [ 58%] Built target cartographer.common.thread_pool_test
[0.679s] [ 59%] Built target cartographer.common.math_test
[0.679s] [ 59%] Built target cartographer.common.task_test
[0.679s] [ 59%] Built target cartographer.common.lua_parameter_dictionary_test
[0.679s] [ 60%] Built target cartographer.io.internal.in_memory_proto_stream_test
[0.683s] [ 60%] Built target cartographer.common.fixed_ratio_sampler_test
[0.692s] [ 61%] Built target cartographer.common.configuration_files_test
[0.693s] [ 62%] Built target cartographer.common.internal.blocking_queue_test
[0.695s] [ 63%] Built target cartographer.common.internal.rate_timer_test
[0.699s] [ 63%] Built target cartographer.io.fake_file_writer_test
[0.702s] [ 63%] Built target cartographer.io.points_processor_pipeline_builder_test
[0.702s] [ 64%] Built target cartographer.io.probability_grid_points_processor_test
[0.751s] [ 64%] Built target cartographer.mapping.2d.probability_grid_test
[0.752s] [ 64%] Built target cartographer.io.proto_stream_deserializer_test
[0.766s] [ 64%] Built target cartographer.io.serialization_format_migration_test
[0.766s] [ 65%] Built target cartographer.mapping.2d.xy_index_test
[0.770s] [ 66%] Built target cartographer.io.proto_stream_test
[0.771s] [ 67%] Built target cartographer.mapping.2d.map_limits_test
[0.774s] [ 67%] Built target cartographer.mapping.3d.hybrid_grid_test
[0.779s] [ 67%] Built target cartographer.mapping.2d.submap_2d_test
[0.779s] [ 68%] Built target cartographer.mapping.id_test
[0.781s] [ 69%] Built target cartographer.mapping.2d.range_data_inserter_2d_test
[0.783s] [ 70%] Built target cartographer.mapping.3d.submap_3d_test
[0.783s] [ 70%] Built target cartographer.mapping.3d.range_data_inserter_3d_test
[0.844s] [ 70%] Built target cartographer.mapping.internal.2d.overlapping_submaps_trimmer_2d_test
[0.848s] [ 70%] Built target cartographer.mapping.imu_tracker_test
[0.853s] [ 71%] Built target cartographer.mapping.internal.2d.scan_matching.fast_correlative_scan_matcher_2d_test
[0.853s] [ 71%] Built target cartographer.mapping.internal.2d.ray_to_pixel_mask_test
[0.853s] [ 71%] Built target cartographer.mapping.internal.2d.scan_matching.correlative_scan_matcher_test
[0.857s] [ 72%] Built target cartographer.mapping.internal.2d.normal_estimation_2d_test
[0.859s] [ 73%] Built target cartographer.mapping.internal.2d.pose_graph_2d_test
[0.859s] [ 74%] Built target cartographer.mapping.internal.2d.scan_matching.tsdf_match_cost_function_2d_test
[0.859s] [ 75%] Built target cartographer.mapping.internal.2d.scan_matching.occupied_space_cost_function_2d_test
[0.865s] [ 76%] Built target cartographer.mapping.internal.2d.scan_matching.ceres_scan_matcher_2d_test
[0.871s] [ 76%] Built target cartographer.mapping.internal.2d.scan_matching.real_time_correlative_scan_matcher_2d_test
[0.872s] [ 76%] Built target cartographer.mapping.internal.2d.scan_matching.interpolated_tsdf_2d_test
[0.930s] [ 77%] Built target cartographer.mapping.internal.3d.pose_graph_3d_test
[0.941s] [ 78%] Built target cartographer.mapping.internal.3d.scan_matching.intensity_cost_function_3d_test
[0.942s] [ 78%] Built target cartographer.mapping.internal.3d.rotation_parameterization_test
[0.945s] [ 78%] Built target cartographer.mapping.internal.2d.tsd_value_converter_test
[0.945s] [ 79%] Built target cartographer.mapping.internal.3d.scan_matching.ceres_scan_matcher_3d_test
[0.946s] [ 81%] Built target cartographer.mapping.internal.2d.tsdf_2d_test
[0.946s] [ 81%] Built target cartographer.mapping.internal.2d.tsdf_range_data_inserter_2d_test
[0.948s] [ 81%] Built target cartographer.mapping.internal.3d.local_trajectory_builder_3d_test
[0.955s] [ 82%] Built target cartographer.mapping.internal.3d.scan_matching.precomputation_grid_3d_test
[0.962s] [ 82%] Built target cartographer.mapping.internal.3d.scan_matching.interpolated_grid_test
[0.964s] [ 82%] Built target cartographer.mapping.internal.3d.scan_matching.fast_correlative_scan_matcher_3d_test
[0.975s] [ 82%] Built target cartographer.mapping.internal.3d.scan_matching.real_time_correlative_scan_matcher_3d_test
[1.022s] [ 82%] Built target cartographer.mapping.internal.3d.scan_matching.rotational_scan_matcher_test
[1.026s] [ 83%] Built target cartographer.mapping.internal.constraints.constraint_builder_3d_test
[1.027s] [ 84%] Built target cartographer.mapping.internal.3d.scan_matching.rotation_delta_cost_functor_3d_test
[1.028s] [ 84%] Built target cartographer.mapping.internal.motion_filter_test
[1.030s] [ 85%] Built target cartographer.mapping.internal.optimization.cost_functions.landmark_cost_function_2d_test
[1.032s] [ 86%] Built target cartographer.mapping.internal.connected_components_test
[1.041s] [ 86%] Built target cartographer.mapping.internal.constraints.constraint_builder_2d_test
[1.058s] [ 86%] Built target cartographer.mapping.internal.optimization.cost_functions.landmark_cost_function_3d_test
[1.058s] [ 87%] Built target cartographer.mapping.internal.range_data_collator_test
[1.059s] [ 87%] Built target cartographer.mapping.internal.optimization.optimization_problem_3d_test
[1.067s] [ 88%] Built target cartographer.mapping.internal.optimization.cost_functions.spa_cost_function_2d_test
[1.071s] [ 88%] Built target cartographer.mapping.internal.trajectory_connectivity_state_test
[1.128s] [ 89%] Built target cartographer.mapping.map_builder_test
[1.130s] [ 90%] Built target cartographer.mapping.pose_graph_test
[1.136s] [ 90%] Built target cartographer.mapping.pose_extrapolator_test
[1.138s] [ 91%] Built target cartographer.mapping.probability_values_test
[1.148s] [ 91%] Built target cartographer.mapping.pose_graph_trimmer_test
[1.163s] [ 91%] Built target cartographer.mapping.value_conversion_tables_test
[1.178s] [ 92%] Built target cartographer.mapping.trajectory_node_test
[1.186s] [ 92%] Built target cartographer.mapping.submaps_test
[1.188s] [ 93%] Built target cartographer.sensor.internal.ordered_multi_queue_test
[1.197s] [ 94%] Built target cartographer.sensor.compressed_point_cloud_test
[1.202s] [ 94%] Built target cartographer.sensor.internal.trajectory_collator_test
[1.217s] [ 94%] Built target cartographer.sensor.internal.collator_test
[1.227s] [ 95%] Built target cartographer.sensor.point_cloud_test
[1.235s] [ 95%] Built target cartographer.sensor.map_by_time_test
[1.238s] [ 96%] Built target cartographer.sensor.landmark_data_test
[1.239s] [ 97%] Built target cartographer.sensor.internal.voxel_filter_test
[1.252s] [ 97%] Built target cartographer.transform.timestamped_transform_test
[1.253s] [ 97%] Built target cartographer.sensor.range_data_test
[1.259s] [ 98%] Built target cartographer.transform.transform_interpolation_buffer_test
[1.263s] [100%] Built target cartographer.transform.rigid_transform_test
[1.271s] [100%] Built target cartographer.transform.transform_test
[1.290s] Invoked command in '/home/nagisa/fishbot_ws/build/cartographer' returned '0': CMAKE_PREFIX_PATH=${CMAKE_PREFIX_PATH}:/home/nagisa/fishbot_ws/install/nav2_simple_commander:/home/nagisa/fishbot_ws/install/fishbot_description:/opt/ros/humble /usr/bin/cmake --build /home/nagisa/fishbot_ws/build/cartographer -- -j12 -l12
[3.664s] Invoking command in '/home/nagisa/fishbot_ws/build/cartographer': CMAKE_PREFIX_PATH=${CMAKE_PREFIX_PATH}:/home/nagisa/fishbot_ws/install/nav2_simple_commander:/home/nagisa/fishbot_ws/install/fishbot_description:/opt/ros/humble /usr/bin/cmake --install /home/nagisa/fishbot_ws/build/cartographer
[3.680s] -- Install configuration: "Release"
[3.680s] -- Up-to-date: /home/nagisa/fishbot_ws/install/cartographer/share/cartographer/package.xml
[3.681s] -- Up-to-date: /home/nagisa/fishbot_ws/install/cartographer/share/cartographer//configuration_files
[3.681s] -- Up-to-date: /home/nagisa/fishbot_ws/install/cartographer/share/cartographer//configuration_files/trajectory_builder_3d.lua
[3.682s] -- Up-to-date: /home/nagisa/fishbot_ws/install/cartographer/share/cartographer//configuration_files/pose_graph.lua
[3.682s] -- Up-to-date: /home/nagisa/fishbot_ws/install/cartographer/share/cartographer//configuration_files/trajectory_builder_2d.lua
[3.682s] -- Up-to-date: /home/nagisa/fishbot_ws/install/cartographer/share/cartographer//configuration_files/map_builder.lua
[3.682s] -- Up-to-date: /home/nagisa/fishbot_ws/install/cartographer/share/cartographer//configuration_files/map_builder_server.lua
[3.682s] -- Up-to-date: /home/nagisa/fishbot_ws/install/cartographer/share/cartographer//configuration_files/trajectory_builder.lua
[3.682s] -- Up-to-date: /home/nagisa/fishbot_ws/install/cartographer/share/cartographer//cmake
[3.682s] -- Up-to-date: /home/nagisa/fishbot_ws/install/cartographer/share/cartographer//cmake/functions.cmake
[3.682s] -- Up-to-date: /home/nagisa/fishbot_ws/install/cartographer/share/cartographer//cmake/modules
[3.682s] -- Up-to-date: /home/nagisa/fishbot_ws/install/cartographer/share/cartographer//cmake/modules/FindEigen3.cmake
[3.683s] -- Up-to-date: /home/nagisa/fishbot_ws/install/cartographer/share/cartographer//cmake/modules/FindSphinx.cmake
[3.683s] -- Up-to-date: /home/nagisa/fishbot_ws/install/cartographer/share/cartographer//cmake/modules/FindGMock.cmake
[3.683s] -- Up-to-date: /home/nagisa/fishbot_ws/install/cartographer/share/cartographer//cmake/modules/FindLuaGoogle.cmake
[3.684s] -- Up-to-date: /home/nagisa/fishbot_ws/install/cartographer/bin/cartographer_autogenerate_ground_truth
[3.687s] -- Up-to-date: /home/nagisa/fishbot_ws/install/cartographer/bin/cartographer_compute_relations_metrics
[3.688s] -- Up-to-date: /home/nagisa/fishbot_ws/install/cartographer/bin/cartographer_pbstream
[3.688s] -- Up-to-date: /home/nagisa/fishbot_ws/install/cartographer/bin/cartographer_print_configuration
[3.689s] -- Up-to-date: /home/nagisa/fishbot_ws/install/cartographer/lib/libcartographer.a
[3.690s] -- Up-to-date: /home/nagisa/fishbot_ws/install/cartographer/include/cartographer/common/configuration_file_resolver.h
[3.690s] -- Up-to-date: /home/nagisa/fishbot_ws/install/cartographer/include/cartographer/common/fixed_ratio_sampler.h
[3.690s] -- Up-to-date: /home/nagisa/fishbot_ws/install/cartographer/include/cartographer/common/histogram.h
[3.690s] -- Up-to-date: /home/nagisa/fishbot_ws/install/cartographer/include/cartographer/common/lua.h
[3.690s] -- Up-to-date: /home/nagisa/fishbot_ws/install/cartographer/include/cartographer/common/lua_parameter_dictionary.h
[3.690s] -- Up-to-date: /home/nagisa/fishbot_ws/install/cartographer/include/cartographer/common/math.h
[3.691s] -- Up-to-date: /home/nagisa/fishbot_ws/install/cartographer/include/cartographer/common/port.h
[3.691s] -- Up-to-date: /home/nagisa/fishbot_ws/install/cartographer/include/cartographer/common/task.h
[3.691s] -- Up-to-date: /home/nagisa/fishbot_ws/install/cartographer/include/cartographer/common/thread_pool.h
[3.692s] -- Up-to-date: /home/nagisa/fishbot_ws/install/cartographer/include/cartographer/common/time.h
[3.692s] -- Up-to-date: /home/nagisa/fishbot_ws/install/cartographer/include/cartographer/ground_truth/autogenerate_ground_truth.h
[3.692s] -- Up-to-date: /home/nagisa/fishbot_ws/install/cartographer/include/cartographer/ground_truth/relations_text_file.h
[3.692s] -- Up-to-date: /home/nagisa/fishbot_ws/install/cartographer/include/cartographer/io/color.h
[3.692s] -- Up-to-date: /home/nagisa/fishbot_ws/install/cartographer/include/cartographer/io/coloring_points_processor.h
[3.692s] -- Up-to-date: /home/nagisa/fishbot_ws/install/cartographer/include/cartographer/io/counting_points_processor.h
[3.692s] -- Up-to-date: /home/nagisa/fishbot_ws/install/cartographer/include/cartographer/io/draw_trajectories.h
[3.693s] -- Up-to-date: /home/nagisa/fishbot_ws/install/cartographer/include/cartographer/io/file_writer.h
[3.693s] -- Up-to-date: /home/nagisa/fishbot_ws/install/cartographer/include/cartographer/io/fixed_ratio_sampling_points_processor.h
[3.693s] -- Up-to-date: /home/nagisa/fishbot_ws/install/cartographer/include/cartographer/io/frame_id_filtering_points_processor.h
[3.693s] -- Up-to-date: /home/nagisa/fishbot_ws/install/cartographer/include/cartographer/io/hybrid_grid_points_processor.h
[3.694s] -- Up-to-date: /home/nagisa/fishbot_ws/install/cartographer/include/cartographer/io/image.h
[3.694s] -- Up-to-date: /home/nagisa/fishbot_ws/install/cartographer/include/cartographer/io/intensity_to_color_points_processor.h
[3.695s] -- Up-to-date: /home/nagisa/fishbot_ws/install/cartographer/include/cartographer/io/min_max_range_filtering_points_processor.h
[3.695s] -- Up-to-date: /home/nagisa/fishbot_ws/install/cartographer/include/cartographer/io/null_points_processor.h
[3.695s] -- Up-to-date: /home/nagisa/fishbot_ws/install/cartographer/include/cartographer/io/outlier_removing_points_processor.h
[3.695s] -- Up-to-date: /home/nagisa/fishbot_ws/install/cartographer/include/cartographer/io/pcd_writing_points_processor.h
[3.695s] -- Up-to-date: /home/nagisa/fishbot_ws/install/cartographer/include/cartographer/io/ply_writing_points_processor.h
[3.695s] -- Up-to-date: /home/nagisa/fishbot_ws/install/cartographer/include/cartographer/io/points_batch.h
[3.696s] -- Up-to-date: /home/nagisa/fishbot_ws/install/cartographer/include/cartographer/io/points_processor.h
[3.696s] -- Up-to-date: /home/nagisa/fishbot_ws/install/cartographer/include/cartographer/io/points_processor_pipeline_builder.h
[3.696s] -- Up-to-date: /home/nagisa/fishbot_ws/install/cartographer/include/cartographer/io/probability_grid_points_processor.h
[3.697s] -- Up-to-date: /home/nagisa/fishbot_ws/install/cartographer/include/cartographer/io/proto_stream.h
[3.697s] -- Up-to-date: /home/nagisa/fishbot_ws/install/cartographer/include/cartographer/io/proto_stream_deserializer.h
[3.697s] -- Up-to-date: /home/nagisa/fishbot_ws/install/cartographer/include/cartographer/io/proto_stream_interface.h
[3.698s] -- Up-to-date: /home/nagisa/fishbot_ws/install/cartographer/include/cartographer/io/serialization_format_migration.h
[3.698s] -- Up-to-date: /home/nagisa/fishbot_ws/install/cartographer/include/cartographer/io/submap_painter.h
[3.698s] -- Up-to-date: /home/nagisa/fishbot_ws/install/cartographer/include/cartographer/io/vertical_range_filtering_points_processor.h
[3.698s] -- Up-to-date: /home/nagisa/fishbot_ws/install/cartographer/include/cartographer/io/xray_points_processor.h
[3.699s] -- Up-to-date: /home/nagisa/fishbot_ws/install/cartographer/include/cartographer/io/xyz_writing_points_processor.h
[3.700s] -- Up-to-date: /home/nagisa/fishbot_ws/install/cartographer/include/cartographer/mapping/2d/grid_2d.h
[3.700s] -- Up-to-date: /home/nagisa/fishbot_ws/install/cartographer/include/cartographer/mapping/2d/map_limits.h
[3.701s] -- Up-to-date: /home/nagisa/fishbot_ws/install/cartographer/include/cartographer/mapping/2d/probability_grid.h
[3.701s] -- Up-to-date: /home/nagisa/fishbot_ws/install/cartographer/include/cartographer/mapping/2d/probability_grid_range_data_inserter_2d.h
[3.701s] -- Up-to-date: /home/nagisa/fishbot_ws/install/cartographer/include/cartographer/mapping/2d/submap_2d.h
[3.701s] -- Up-to-date: /home/nagisa/fishbot_ws/install/cartographer/include/cartographer/mapping/2d/xy_index.h
[3.701s] -- Up-to-date: /home/nagisa/fishbot_ws/install/cartographer/include/cartographer/mapping/3d/hybrid_grid.h
[3.701s] -- Up-to-date: /home/nagisa/fishbot_ws/install/cartographer/include/cartographer/mapping/3d/range_data_inserter_3d.h
[3.701s] -- Up-to-date: /home/nagisa/fishbot_ws/install/cartographer/include/cartographer/mapping/3d/submap_3d.h
[3.701s] -- Up-to-date: /home/nagisa/fishbot_ws/install/cartographer/include/cartographer/mapping/detect_floors.h
[3.702s] -- Up-to-date: /home/nagisa/fishbot_ws/install/cartographer/include/cartographer/mapping/grid_interface.h
[3.702s] -- Up-to-date: /home/nagisa/fishbot_ws/install/cartographer/include/cartographer/mapping/id.h
[3.702s] -- Up-to-date: /home/nagisa/fishbot_ws/install/cartographer/include/cartographer/mapping/imu_tracker.h
[3.702s] -- Up-to-date: /home/nagisa/fishbot_ws/install/cartographer/include/cartographer/mapping/map_builder.h
[3.702s] -- Up-to-date: /home/nagisa/fishbot_ws/install/cartographer/include/cartographer/mapping/map_builder_interface.h
[3.702s] -- Up-to-date: /home/nagisa/fishbot_ws/install/cartographer/include/cartographer/mapping/pose_extrapolator.h
[3.702s] -- Up-to-date: /home/nagisa/fishbot_ws/install/cartographer/include/cartographer/mapping/pose_extrapolator_interface.h
[3.703s] -- Up-to-date: /home/nagisa/fishbot_ws/install/cartographer/include/cartographer/mapping/pose_graph.h
[3.703s] -- Up-to-date: /home/nagisa/fishbot_ws/install/cartographer/include/cartographer/mapping/pose_graph_interface.h
[3.703s] -- Up-to-date: /home/nagisa/fishbot_ws/install/cartographer/include/cartographer/mapping/pose_graph_trimmer.h
[3.704s] -- Up-to-date: /home/nagisa/fishbot_ws/install/cartographer/include/cartographer/mapping/probability_values.h
[3.704s] -- Up-to-date: /home/nagisa/fishbot_ws/install/cartographer/include/cartographer/mapping/range_data_inserter_interface.h
[3.704s] -- Up-to-date: /home/nagisa/fishbot_ws/install/cartographer/include/cartographer/mapping/submaps.h
[3.704s] -- Up-to-date: /home/nagisa/fishbot_ws/install/cartographer/include/cartographer/mapping/trajectory_builder_interface.h
[3.704s] -- Up-to-date: /home/nagisa/fishbot_ws/install/cartographer/include/cartographer/mapping/trajectory_node.h
[3.704s] -- Up-to-date: /home/nagisa/fishbot_ws/install/cartographer/include/cartographer/mapping/value_conversion_tables.h
[3.704s] -- Up-to-date: /home/nagisa/fishbot_ws/install/cartographer/include/cartographer/metrics/counter.h
[3.704s] -- Up-to-date: /home/nagisa/fishbot_ws/install/cartographer/include/cartographer/metrics/family_factory.h
[3.705s] -- Up-to-date: /home/nagisa/fishbot_ws/install/cartographer/include/cartographer/metrics/gauge.h
[3.705s] -- Up-to-date: /home/nagisa/fishbot_ws/install/cartographer/include/cartographer/metrics/histogram.h
[3.705s] -- Up-to-date: /home/nagisa/fishbot_ws/install/cartographer/include/cartographer/metrics/register.h
[3.706s] -- Up-to-date: /home/nagisa/fishbot_ws/install/cartographer/include/cartographer/sensor/collator_interface.h
[3.706s] -- Up-to-date: /home/nagisa/fishbot_ws/install/cartographer/include/cartographer/sensor/compressed_point_cloud.h
[3.706s] -- Up-to-date: /home/nagisa/fishbot_ws/install/cartographer/include/cartographer/sensor/data.h
[3.706s] -- Up-to-date: /home/nagisa/fishbot_ws/install/cartographer/include/cartographer/sensor/fixed_frame_pose_data.h
[3.706s] -- Up-to-date: /home/nagisa/fishbot_ws/install/cartographer/include/cartographer/sensor/imu_data.h
[3.706s] -- Up-to-date: /home/nagisa/fishbot_ws/install/cartographer/include/cartographer/sensor/landmark_data.h
[3.706s] -- Up-to-date: /home/nagisa/fishbot_ws/install/cartographer/include/cartographer/sensor/map_by_time.h
[3.706s] -- Up-to-date: /home/nagisa/fishbot_ws/install/cartographer/include/cartographer/sensor/odometry_data.h
[3.706s] -- Up-to-date: /home/nagisa/fishbot_ws/install/cartographer/include/cartographer/sensor/point_cloud.h
[3.706s] -- Up-to-date: /home/nagisa/fishbot_ws/install/cartographer/include/cartographer/sensor/range_data.h
[3.707s] -- Up-to-date: /home/nagisa/fishbot_ws/install/cartographer/include/cartographer/sensor/rangefinder_point.h
[3.707s] -- Up-to-date: /home/nagisa/fishbot_ws/install/cartographer/include/cartographer/sensor/timed_point_cloud_data.h
[3.707s] -- Up-to-date: /home/nagisa/fishbot_ws/install/cartographer/include/cartographer/transform/rigid_transform.h
[3.707s] -- Up-to-date: /home/nagisa/fishbot_ws/install/cartographer/include/cartographer/transform/timestamped_transform.h
[3.707s] -- Up-to-date: /home/nagisa/fishbot_ws/install/cartographer/include/cartographer/transform/transform.h
[3.708s] -- Up-to-date: /home/nagisa/fishbot_ws/install/cartographer/include/cartographer/transform/transform_interpolation_buffer.h
[3.708s] -- Up-to-date: /home/nagisa/fishbot_ws/install/cartographer/include/cartographer/io/fake_file_writer.h
[3.708s] -- Up-to-date: /home/nagisa/fishbot_ws/install/cartographer/include/cartographer/transform/rigid_transform_test_helpers.h
[3.708s] -- Up-to-date: /home/nagisa/fishbot_ws/install/cartographer/include/cartographer/common/proto/ceres_solver_options.pb.h
[3.708s] -- Up-to-date: /home/nagisa/fishbot_ws/install/cartographer/include/cartographer/ground_truth/proto/relations.pb.h
[3.709s] -- Up-to-date: /home/nagisa/fishbot_ws/install/cartographer/include/cartographer/mapping/proto/cell_limits_2d.pb.h
[3.709s] -- Up-to-date: /home/nagisa/fishbot_ws/install/cartographer/include/cartographer/mapping/proto/connected_components.pb.h
[3.709s] -- Up-to-date: /home/nagisa/fishbot_ws/install/cartographer/include/cartographer/mapping/proto/grid_2d.pb.h
[3.709s] -- Up-to-date: /home/nagisa/fishbot_ws/install/cartographer/include/cartographer/mapping/proto/grid_2d_options.pb.h
[3.710s] -- Up-to-date: /home/nagisa/fishbot_ws/install/cartographer/include/cartographer/mapping/proto/hybrid_grid.pb.h
[3.710s] -- Up-to-date: /home/nagisa/fishbot_ws/install/cartographer/include/cartographer/mapping/proto/local_trajectory_builder_options_2d.pb.h
[3.710s] -- Up-to-date: /home/nagisa/fishbot_ws/install/cartographer/include/cartographer/mapping/proto/local_trajectory_builder_options_3d.pb.h
[3.710s] -- Up-to-date: /home/nagisa/fishbot_ws/install/cartographer/include/cartographer/mapping/proto/map_builder_options.pb.h
[3.710s] -- Up-to-date: /home/nagisa/fishbot_ws/install/cartographer/include/cartographer/mapping/proto/map_limits.pb.h
[3.711s] -- Up-to-date: /home/nagisa/fishbot_ws/install/cartographer/include/cartographer/mapping/proto/motion_filter_options.pb.h
[3.712s] -- Up-to-date: /home/nagisa/fishbot_ws/install/cartographer/include/cartographer/mapping/proto/normal_estimation_options_2d.pb.h
[3.712s] -- Up-to-date: /home/nagisa/fishbot_ws/install/cartographer/include/cartographer/mapping/proto/pose_extrapolator_options.pb.h
[3.712s] -- Up-to-date: /home/nagisa/fishbot_ws/install/cartographer/include/cartographer/mapping/proto/pose_graph.pb.h
[3.712s] -- Up-to-date: /home/nagisa/fishbot_ws/install/cartographer/include/cartographer/mapping/proto/pose_graph/constraint_builder_options.pb.h
[3.712s] -- Up-to-date: /home/nagisa/fishbot_ws/install/cartographer/include/cartographer/mapping/proto/pose_graph/optimization_problem_options.pb.h
[3.713s] -- Up-to-date: /home/nagisa/fishbot_ws/install/cartographer/include/cartographer/mapping/proto/pose_graph_options.pb.h
[3.713s] -- Up-to-date: /home/nagisa/fishbot_ws/install/cartographer/include/cartographer/mapping/proto/probability_grid.pb.h
[3.713s] -- Up-to-date: /home/nagisa/fishbot_ws/install/cartographer/include/cartographer/mapping/proto/probability_grid_range_data_inserter_options_2d.pb.h
[3.713s] -- Up-to-date: /home/nagisa/fishbot_ws/install/cartographer/include/cartographer/mapping/proto/range_data_inserter_options.pb.h
[3.713s] -- Up-to-date: /home/nagisa/fishbot_ws/install/cartographer/include/cartographer/mapping/proto/range_data_inserter_options_3d.pb.h
[3.713s] -- Up-to-date: /home/nagisa/fishbot_ws/install/cartographer/include/cartographer/mapping/proto/scan_matching/ceres_scan_matcher_options_2d.pb.h
[3.714s] -- Up-to-date: /home/nagisa/fishbot_ws/install/cartographer/include/cartographer/mapping/proto/scan_matching/ceres_scan_matcher_options_3d.pb.h
[3.714s] -- Up-to-date: /home/nagisa/fishbot_ws/install/cartographer/include/cartographer/mapping/proto/scan_matching/fast_correlative_scan_matcher_options_2d.pb.h
[3.714s] -- Up-to-date: /home/nagisa/fishbot_ws/install/cartographer/include/cartographer/mapping/proto/scan_matching/fast_correlative_scan_matcher_options_3d.pb.h
[3.714s] -- Up-to-date: /home/nagisa/fishbot_ws/install/cartographer/include/cartographer/mapping/proto/scan_matching/real_time_correlative_scan_matcher_options.pb.h
[3.714s] -- Up-to-date: /home/nagisa/fishbot_ws/install/cartographer/include/cartographer/mapping/proto/serialization.pb.h
[3.714s] -- Up-to-date: /home/nagisa/fishbot_ws/install/cartographer/include/cartographer/mapping/proto/submap.pb.h
[3.714s] -- Up-to-date: /home/nagisa/fishbot_ws/install/cartographer/include/cartographer/mapping/proto/submap_visualization.pb.h
[3.714s] -- Up-to-date: /home/nagisa/fishbot_ws/install/cartographer/include/cartographer/mapping/proto/submaps_options_2d.pb.h
[3.714s] -- Up-to-date: /home/nagisa/fishbot_ws/install/cartographer/include/cartographer/mapping/proto/submaps_options_3d.pb.h
[3.715s] -- Up-to-date: /home/nagisa/fishbot_ws/install/cartographer/include/cartographer/mapping/proto/trajectory.pb.h
[3.715s] -- Up-to-date: /home/nagisa/fishbot_ws/install/cartographer/include/cartographer/mapping/proto/trajectory_builder_options.pb.h
[3.715s] -- Up-to-date: /home/nagisa/fishbot_ws/install/cartographer/include/cartographer/mapping/proto/trajectory_node_data.pb.h
[3.715s] -- Up-to-date: /home/nagisa/fishbot_ws/install/cartographer/include/cartographer/mapping/proto/tsdf_2d.pb.h
[3.715s] -- Up-to-date: /home/nagisa/fishbot_ws/install/cartographer/include/cartographer/mapping/proto/tsdf_range_data_inserter_options_2d.pb.h
[3.715s] -- Up-to-date: /home/nagisa/fishbot_ws/install/cartographer/include/cartographer/sensor/proto/adaptive_voxel_filter_options.pb.h
[3.715s] -- Up-to-date: /home/nagisa/fishbot_ws/install/cartographer/include/cartographer/sensor/proto/sensor.pb.h
[3.716s] -- Up-to-date: /home/nagisa/fishbot_ws/install/cartographer/include/cartographer/transform/proto/timestamped_transform.pb.h
[3.716s] -- Up-to-date: /home/nagisa/fishbot_ws/install/cartographer/include/cartographer/transform/proto/transform.pb.h
[3.716s] -- Up-to-date: /home/nagisa/fishbot_ws/install/cartographer/share/cartographer/cmake/CartographerTargets.cmake
[3.716s] -- Up-to-date: /home/nagisa/fishbot_ws/install/cartographer/share/cartographer/cmake/CartographerTargets-release.cmake
[3.717s] -- Up-to-date: /home/nagisa/fishbot_ws/install/cartographer/share/cartographer/cartographer-config.cmake
[3.717s] Invoked command in '/home/nagisa/fishbot_ws/build/cartographer' returned '0': CMAKE_PREFIX_PATH=${CMAKE_PREFIX_PATH}:/home/nagisa/fishbot_ws/install/nav2_simple_commander:/home/nagisa/fishbot_ws/install/fishbot_description:/opt/ros/humble /usr/bin/cmake --install /home/nagisa/fishbot_ws/build/cartographer
