[0.010s] Invoking command in '/home/nagisa/fishbot_ws/build/nav_2d_msgs': CMAKE_PREFIX_PATH=/opt/ros/humble /usr/bin/cmake --build /home/nagisa/fishbot_ws/build/nav_2d_msgs -- -j12 -l12
[0.084s] [  1%] Built target nav_2d_msgs__cpp
[0.088s] [ 12%] Built target nav_2d_msgs__rosidl_generator_c
[0.111s] [ 12%] Built target ament_cmake_python_copy_nav_2d_msgs
[0.123s] [ 23%] Built target nav_2d_msgs__rosidl_typesupport_cpp
[0.124s] [ 35%] Built target nav_2d_msgs__rosidl_typesupport_introspection_cpp
[0.124s] [ 46%] Built target nav_2d_msgs__rosidl_typesupport_fastrtps_cpp
[0.126s] [ 57%] Built target nav_2d_msgs__rosidl_typesupport_introspection_c
[0.127s] [ 69%] Built target nav_2d_msgs__rosidl_typesupport_fastrtps_c
[0.131s] [ 80%] Built target nav_2d_msgs__rosidl_typesupport_c
[0.159s] [ 80%] Built target nav_2d_msgs
[0.188s] [ 81%] Built target nav_2d_msgs__py
[0.223s] [ 91%] Built target nav_2d_msgs__rosidl_generator_py
[0.257s] [100%] Built target nav_2d_msgs__rosidl_typesupport_introspection_c__pyext
[0.257s] [100%] Built target nav_2d_msgs__rosidl_typesupport_c__pyext
[0.257s] [100%] Built target nav_2d_msgs__rosidl_typesupport_fastrtps_c__pyext
[0.328s] running egg_info
[0.329s] writing nav_2d_msgs.egg-info/PKG-INFO
[0.329s] writing dependency_links to nav_2d_msgs.egg-info/dependency_links.txt
[0.330s] writing top-level names to nav_2d_msgs.egg-info/top_level.txt
[0.332s] reading manifest file 'nav_2d_msgs.egg-info/SOURCES.txt'
[0.333s] writing manifest file 'nav_2d_msgs.egg-info/SOURCES.txt'
[0.358s] [100%] Built target ament_cmake_python_build_nav_2d_msgs_egg
[0.371s] Invoked command in '/home/nagisa/fishbot_ws/build/nav_2d_msgs' returned '0': CMAKE_PREFIX_PATH=/opt/ros/humble /usr/bin/cmake --build /home/nagisa/fishbot_ws/build/nav_2d_msgs -- -j12 -l12
[0.762s] Invoking command in '/home/nagisa/fishbot_ws/build/nav_2d_msgs': CMAKE_PREFIX_PATH=/opt/ros/humble /usr/bin/cmake --install /home/nagisa/fishbot_ws/build/nav_2d_msgs
[0.776s] -- Install configuration: ""
[0.778s] -- Up-to-date: /home/nagisa/fishbot_ws/install/nav_2d_msgs/share/ament_index/resource_index/rosidl_interfaces/nav_2d_msgs
[0.779s] -- Up-to-date: /home/nagisa/fishbot_ws/install/nav_2d_msgs/include/nav_2d_msgs/nav_2d_msgs
[0.779s] -- Up-to-date: /home/nagisa/fishbot_ws/install/nav_2d_msgs/include/nav_2d_msgs/nav_2d_msgs/msg
[0.780s] -- Up-to-date: /home/nagisa/fishbot_ws/install/nav_2d_msgs/include/nav_2d_msgs/nav_2d_msgs/msg/path2_d.h
[0.780s] -- Up-to-date: /home/nagisa/fishbot_ws/install/nav_2d_msgs/include/nav_2d_msgs/nav_2d_msgs/msg/twist2_d.h
[0.780s] -- Up-to-date: /home/nagisa/fishbot_ws/install/nav_2d_msgs/include/nav_2d_msgs/nav_2d_msgs/msg/pose2_d_stamped.h
[0.780s] -- Up-to-date: /home/nagisa/fishbot_ws/install/nav_2d_msgs/include/nav_2d_msgs/nav_2d_msgs/msg/twist2_d_stamped.h
[0.780s] -- Up-to-date: /home/nagisa/fishbot_ws/install/nav_2d_msgs/include/nav_2d_msgs/nav_2d_msgs/msg/rosidl_generator_c__visibility_control.h
[0.780s] -- Up-to-date: /home/nagisa/fishbot_ws/install/nav_2d_msgs/include/nav_2d_msgs/nav_2d_msgs/msg/twist2_d32.h
[0.780s] -- Up-to-date: /home/nagisa/fishbot_ws/install/nav_2d_msgs/include/nav_2d_msgs/nav_2d_msgs/msg/pose2_d32.h
[0.780s] -- Up-to-date: /home/nagisa/fishbot_ws/install/nav_2d_msgs/include/nav_2d_msgs/nav_2d_msgs/msg/detail
[0.781s] -- Up-to-date: /home/nagisa/fishbot_ws/install/nav_2d_msgs/include/nav_2d_msgs/nav_2d_msgs/msg/detail/pose2_d32__struct.h
[0.781s] -- Up-to-date: /home/nagisa/fishbot_ws/install/nav_2d_msgs/include/nav_2d_msgs/nav_2d_msgs/msg/detail/pose2_d32__functions.c
[0.781s] -- Up-to-date: /home/nagisa/fishbot_ws/install/nav_2d_msgs/include/nav_2d_msgs/nav_2d_msgs/msg/detail/twist2_d32__type_support.h
[0.781s] -- Up-to-date: /home/nagisa/fishbot_ws/install/nav_2d_msgs/include/nav_2d_msgs/nav_2d_msgs/msg/detail/twist2_d__functions.c
[0.781s] -- Up-to-date: /home/nagisa/fishbot_ws/install/nav_2d_msgs/include/nav_2d_msgs/nav_2d_msgs/msg/detail/pose2_d_stamped__functions.h
[0.781s] -- Up-to-date: /home/nagisa/fishbot_ws/install/nav_2d_msgs/include/nav_2d_msgs/nav_2d_msgs/msg/detail/twist2_d32__functions.h
[0.781s] -- Up-to-date: /home/nagisa/fishbot_ws/install/nav_2d_msgs/include/nav_2d_msgs/nav_2d_msgs/msg/detail/pose2_d_stamped__type_support.h
[0.781s] -- Up-to-date: /home/nagisa/fishbot_ws/install/nav_2d_msgs/include/nav_2d_msgs/nav_2d_msgs/msg/detail/twist2_d32__struct.h
[0.782s] -- Up-to-date: /home/nagisa/fishbot_ws/install/nav_2d_msgs/include/nav_2d_msgs/nav_2d_msgs/msg/detail/twist2_d__functions.h
[0.782s] -- Up-to-date: /home/nagisa/fishbot_ws/install/nav_2d_msgs/include/nav_2d_msgs/nav_2d_msgs/msg/detail/twist2_d32__functions.c
[0.782s] -- Up-to-date: /home/nagisa/fishbot_ws/install/nav_2d_msgs/include/nav_2d_msgs/nav_2d_msgs/msg/detail/pose2_d_stamped__struct.h
[0.782s] -- Up-to-date: /home/nagisa/fishbot_ws/install/nav_2d_msgs/include/nav_2d_msgs/nav_2d_msgs/msg/detail/twist2_d_stamped__struct.h
[0.782s] -- Up-to-date: /home/nagisa/fishbot_ws/install/nav_2d_msgs/include/nav_2d_msgs/nav_2d_msgs/msg/detail/twist2_d_stamped__type_support.h
[0.782s] -- Up-to-date: /home/nagisa/fishbot_ws/install/nav_2d_msgs/include/nav_2d_msgs/nav_2d_msgs/msg/detail/twist2_d__type_support.h
[0.782s] -- Up-to-date: /home/nagisa/fishbot_ws/install/nav_2d_msgs/include/nav_2d_msgs/nav_2d_msgs/msg/detail/pose2_d_stamped__functions.c
[0.782s] -- Up-to-date: /home/nagisa/fishbot_ws/install/nav_2d_msgs/include/nav_2d_msgs/nav_2d_msgs/msg/detail/twist2_d__struct.h
[0.782s] -- Up-to-date: /home/nagisa/fishbot_ws/install/nav_2d_msgs/include/nav_2d_msgs/nav_2d_msgs/msg/detail/path2_d__functions.h
[0.782s] -- Up-to-date: /home/nagisa/fishbot_ws/install/nav_2d_msgs/include/nav_2d_msgs/nav_2d_msgs/msg/detail/twist2_d_stamped__functions.h
[0.782s] -- Up-to-date: /home/nagisa/fishbot_ws/install/nav_2d_msgs/include/nav_2d_msgs/nav_2d_msgs/msg/detail/twist2_d_stamped__functions.c
[0.782s] -- Up-to-date: /home/nagisa/fishbot_ws/install/nav_2d_msgs/include/nav_2d_msgs/nav_2d_msgs/msg/detail/path2_d__struct.h
[0.782s] -- Up-to-date: /home/nagisa/fishbot_ws/install/nav_2d_msgs/include/nav_2d_msgs/nav_2d_msgs/msg/detail/pose2_d32__type_support.h
[0.783s] -- Up-to-date: /home/nagisa/fishbot_ws/install/nav_2d_msgs/include/nav_2d_msgs/nav_2d_msgs/msg/detail/pose2_d32__functions.h
[0.783s] -- Up-to-date: /home/nagisa/fishbot_ws/install/nav_2d_msgs/include/nav_2d_msgs/nav_2d_msgs/msg/detail/path2_d__functions.c
[0.783s] -- Up-to-date: /home/nagisa/fishbot_ws/install/nav_2d_msgs/include/nav_2d_msgs/nav_2d_msgs/msg/detail/path2_d__type_support.h
[0.783s] -- Up-to-date: /home/nagisa/fishbot_ws/install/nav_2d_msgs/share/nav_2d_msgs/environment/library_path.sh
[0.783s] -- Up-to-date: /home/nagisa/fishbot_ws/install/nav_2d_msgs/share/nav_2d_msgs/environment/library_path.dsv
[0.784s] -- Up-to-date: /home/nagisa/fishbot_ws/install/nav_2d_msgs/lib/libnav_2d_msgs__rosidl_generator_c.so
[0.784s] -- Up-to-date: /home/nagisa/fishbot_ws/install/nav_2d_msgs/include/nav_2d_msgs/nav_2d_msgs
[0.784s] -- Up-to-date: /home/nagisa/fishbot_ws/install/nav_2d_msgs/include/nav_2d_msgs/nav_2d_msgs/msg
[0.784s] -- Up-to-date: /home/nagisa/fishbot_ws/install/nav_2d_msgs/include/nav_2d_msgs/nav_2d_msgs/msg/rosidl_typesupport_fastrtps_c__visibility_control.h
[0.785s] -- Up-to-date: /home/nagisa/fishbot_ws/install/nav_2d_msgs/include/nav_2d_msgs/nav_2d_msgs/msg/detail
[0.785s] -- Up-to-date: /home/nagisa/fishbot_ws/install/nav_2d_msgs/include/nav_2d_msgs/nav_2d_msgs/msg/detail/pose2_d_stamped__rosidl_typesupport_fastrtps_c.h
[0.785s] -- Up-to-date: /home/nagisa/fishbot_ws/install/nav_2d_msgs/include/nav_2d_msgs/nav_2d_msgs/msg/detail/path2_d__rosidl_typesupport_fastrtps_c.h
[0.785s] -- Up-to-date: /home/nagisa/fishbot_ws/install/nav_2d_msgs/include/nav_2d_msgs/nav_2d_msgs/msg/detail/pose2_d32__rosidl_typesupport_fastrtps_c.h
[0.785s] -- Up-to-date: /home/nagisa/fishbot_ws/install/nav_2d_msgs/include/nav_2d_msgs/nav_2d_msgs/msg/detail/twist2_d32__rosidl_typesupport_fastrtps_c.h
[0.785s] -- Up-to-date: /home/nagisa/fishbot_ws/install/nav_2d_msgs/include/nav_2d_msgs/nav_2d_msgs/msg/detail/twist2_d__rosidl_typesupport_fastrtps_c.h
[0.785s] -- Up-to-date: /home/nagisa/fishbot_ws/install/nav_2d_msgs/include/nav_2d_msgs/nav_2d_msgs/msg/detail/twist2_d_stamped__rosidl_typesupport_fastrtps_c.h
[0.786s] -- Up-to-date: /home/nagisa/fishbot_ws/install/nav_2d_msgs/lib/libnav_2d_msgs__rosidl_typesupport_fastrtps_c.so
[0.787s] -- Up-to-date: /home/nagisa/fishbot_ws/install/nav_2d_msgs/include/nav_2d_msgs/nav_2d_msgs
[0.787s] -- Up-to-date: /home/nagisa/fishbot_ws/install/nav_2d_msgs/include/nav_2d_msgs/nav_2d_msgs/msg
[0.787s] -- Up-to-date: /home/nagisa/fishbot_ws/install/nav_2d_msgs/include/nav_2d_msgs/nav_2d_msgs/msg/path2_d.hpp
[0.787s] -- Up-to-date: /home/nagisa/fishbot_ws/install/nav_2d_msgs/include/nav_2d_msgs/nav_2d_msgs/msg/pose2_d_stamped.hpp
[0.787s] -- Up-to-date: /home/nagisa/fishbot_ws/install/nav_2d_msgs/include/nav_2d_msgs/nav_2d_msgs/msg/detail
[0.787s] -- Up-to-date: /home/nagisa/fishbot_ws/install/nav_2d_msgs/include/nav_2d_msgs/nav_2d_msgs/msg/detail/pose2_d32__builder.hpp
[0.788s] -- Up-to-date: /home/nagisa/fishbot_ws/install/nav_2d_msgs/include/nav_2d_msgs/nav_2d_msgs/msg/detail/twist2_d_stamped__struct.hpp
[0.788s] -- Up-to-date: /home/nagisa/fishbot_ws/install/nav_2d_msgs/include/nav_2d_msgs/nav_2d_msgs/msg/detail/twist2_d32__builder.hpp
[0.788s] -- Up-to-date: /home/nagisa/fishbot_ws/install/nav_2d_msgs/include/nav_2d_msgs/nav_2d_msgs/msg/detail/pose2_d_stamped__struct.hpp
[0.788s] -- Up-to-date: /home/nagisa/fishbot_ws/install/nav_2d_msgs/include/nav_2d_msgs/nav_2d_msgs/msg/detail/twist2_d__struct.hpp
[0.788s] -- Up-to-date: /home/nagisa/fishbot_ws/install/nav_2d_msgs/include/nav_2d_msgs/nav_2d_msgs/msg/detail/twist2_d__builder.hpp
[0.788s] -- Up-to-date: /home/nagisa/fishbot_ws/install/nav_2d_msgs/include/nav_2d_msgs/nav_2d_msgs/msg/detail/pose2_d_stamped__builder.hpp
[0.788s] -- Up-to-date: /home/nagisa/fishbot_ws/install/nav_2d_msgs/include/nav_2d_msgs/nav_2d_msgs/msg/detail/path2_d__builder.hpp
[0.789s] -- Up-to-date: /home/nagisa/fishbot_ws/install/nav_2d_msgs/include/nav_2d_msgs/nav_2d_msgs/msg/detail/pose2_d32__struct.hpp
[0.789s] -- Up-to-date: /home/nagisa/fishbot_ws/install/nav_2d_msgs/include/nav_2d_msgs/nav_2d_msgs/msg/detail/pose2_d_stamped__traits.hpp
[0.789s] -- Up-to-date: /home/nagisa/fishbot_ws/install/nav_2d_msgs/include/nav_2d_msgs/nav_2d_msgs/msg/detail/twist2_d32__traits.hpp
[0.789s] -- Up-to-date: /home/nagisa/fishbot_ws/install/nav_2d_msgs/include/nav_2d_msgs/nav_2d_msgs/msg/detail/path2_d__struct.hpp
[0.789s] -- Up-to-date: /home/nagisa/fishbot_ws/install/nav_2d_msgs/include/nav_2d_msgs/nav_2d_msgs/msg/detail/pose2_d32__traits.hpp
[0.789s] -- Up-to-date: /home/nagisa/fishbot_ws/install/nav_2d_msgs/include/nav_2d_msgs/nav_2d_msgs/msg/detail/twist2_d_stamped__builder.hpp
[0.789s] -- Up-to-date: /home/nagisa/fishbot_ws/install/nav_2d_msgs/include/nav_2d_msgs/nav_2d_msgs/msg/detail/path2_d__traits.hpp
[0.789s] -- Up-to-date: /home/nagisa/fishbot_ws/install/nav_2d_msgs/include/nav_2d_msgs/nav_2d_msgs/msg/detail/twist2_d_stamped__traits.hpp
[0.789s] -- Up-to-date: /home/nagisa/fishbot_ws/install/nav_2d_msgs/include/nav_2d_msgs/nav_2d_msgs/msg/detail/twist2_d__traits.hpp
[0.789s] -- Up-to-date: /home/nagisa/fishbot_ws/install/nav_2d_msgs/include/nav_2d_msgs/nav_2d_msgs/msg/detail/twist2_d32__struct.hpp
[0.789s] -- Up-to-date: /home/nagisa/fishbot_ws/install/nav_2d_msgs/include/nav_2d_msgs/nav_2d_msgs/msg/twist2_d.hpp
[0.790s] -- Up-to-date: /home/nagisa/fishbot_ws/install/nav_2d_msgs/include/nav_2d_msgs/nav_2d_msgs/msg/twist2_d32.hpp
[0.790s] -- Up-to-date: /home/nagisa/fishbot_ws/install/nav_2d_msgs/include/nav_2d_msgs/nav_2d_msgs/msg/pose2_d32.hpp
[0.790s] -- Up-to-date: /home/nagisa/fishbot_ws/install/nav_2d_msgs/include/nav_2d_msgs/nav_2d_msgs/msg/twist2_d_stamped.hpp
[0.790s] -- Up-to-date: /home/nagisa/fishbot_ws/install/nav_2d_msgs/include/nav_2d_msgs/nav_2d_msgs
[0.790s] -- Up-to-date: /home/nagisa/fishbot_ws/install/nav_2d_msgs/include/nav_2d_msgs/nav_2d_msgs/msg
[0.790s] -- Up-to-date: /home/nagisa/fishbot_ws/install/nav_2d_msgs/include/nav_2d_msgs/nav_2d_msgs/msg/rosidl_typesupport_fastrtps_cpp__visibility_control.h
[0.790s] -- Up-to-date: /home/nagisa/fishbot_ws/install/nav_2d_msgs/include/nav_2d_msgs/nav_2d_msgs/msg/detail
[0.790s] -- Up-to-date: /home/nagisa/fishbot_ws/install/nav_2d_msgs/include/nav_2d_msgs/nav_2d_msgs/msg/detail/twist2_d_stamped__rosidl_typesupport_fastrtps_cpp.hpp
[0.790s] -- Up-to-date: /home/nagisa/fishbot_ws/install/nav_2d_msgs/include/nav_2d_msgs/nav_2d_msgs/msg/detail/pose2_d32__rosidl_typesupport_fastrtps_cpp.hpp
[0.790s] -- Up-to-date: /home/nagisa/fishbot_ws/install/nav_2d_msgs/include/nav_2d_msgs/nav_2d_msgs/msg/detail/path2_d__rosidl_typesupport_fastrtps_cpp.hpp
[0.790s] -- Up-to-date: /home/nagisa/fishbot_ws/install/nav_2d_msgs/include/nav_2d_msgs/nav_2d_msgs/msg/detail/pose2_d_stamped__rosidl_typesupport_fastrtps_cpp.hpp
[0.790s] -- Up-to-date: /home/nagisa/fishbot_ws/install/nav_2d_msgs/include/nav_2d_msgs/nav_2d_msgs/msg/detail/twist2_d__rosidl_typesupport_fastrtps_cpp.hpp
[0.790s] -- Up-to-date: /home/nagisa/fishbot_ws/install/nav_2d_msgs/include/nav_2d_msgs/nav_2d_msgs/msg/detail/twist2_d32__rosidl_typesupport_fastrtps_cpp.hpp
[0.790s] -- Up-to-date: /home/nagisa/fishbot_ws/install/nav_2d_msgs/include/nav_2d_msgs/nav_2d_msgs/msg/detail/dds_fastrtps
[0.790s] -- Up-to-date: /home/nagisa/fishbot_ws/install/nav_2d_msgs/lib/libnav_2d_msgs__rosidl_typesupport_fastrtps_cpp.so
[0.791s] -- Up-to-date: /home/nagisa/fishbot_ws/install/nav_2d_msgs/include/nav_2d_msgs/nav_2d_msgs
[0.791s] -- Up-to-date: /home/nagisa/fishbot_ws/install/nav_2d_msgs/include/nav_2d_msgs/nav_2d_msgs/msg
[0.791s] -- Up-to-date: /home/nagisa/fishbot_ws/install/nav_2d_msgs/include/nav_2d_msgs/nav_2d_msgs/msg/rosidl_typesupport_introspection_c__visibility_control.h
[0.791s] -- Up-to-date: /home/nagisa/fishbot_ws/install/nav_2d_msgs/include/nav_2d_msgs/nav_2d_msgs/msg/detail
[0.791s] -- Up-to-date: /home/nagisa/fishbot_ws/install/nav_2d_msgs/include/nav_2d_msgs/nav_2d_msgs/msg/detail/pose2_d32__type_support.c
[0.791s] -- Up-to-date: /home/nagisa/fishbot_ws/install/nav_2d_msgs/include/nav_2d_msgs/nav_2d_msgs/msg/detail/twist2_d_stamped__rosidl_typesupport_introspection_c.h
[0.791s] -- Up-to-date: /home/nagisa/fishbot_ws/install/nav_2d_msgs/include/nav_2d_msgs/nav_2d_msgs/msg/detail/path2_d__type_support.c
[0.791s] -- Up-to-date: /home/nagisa/fishbot_ws/install/nav_2d_msgs/include/nav_2d_msgs/nav_2d_msgs/msg/detail/pose2_d_stamped__rosidl_typesupport_introspection_c.h
[0.791s] -- Up-to-date: /home/nagisa/fishbot_ws/install/nav_2d_msgs/include/nav_2d_msgs/nav_2d_msgs/msg/detail/pose2_d_stamped__type_support.c
[0.791s] -- Up-to-date: /home/nagisa/fishbot_ws/install/nav_2d_msgs/include/nav_2d_msgs/nav_2d_msgs/msg/detail/twist2_d__type_support.c
[0.791s] -- Up-to-date: /home/nagisa/fishbot_ws/install/nav_2d_msgs/include/nav_2d_msgs/nav_2d_msgs/msg/detail/twist2_d_stamped__type_support.c
[0.791s] -- Up-to-date: /home/nagisa/fishbot_ws/install/nav_2d_msgs/include/nav_2d_msgs/nav_2d_msgs/msg/detail/twist2_d32__rosidl_typesupport_introspection_c.h
[0.791s] -- Up-to-date: /home/nagisa/fishbot_ws/install/nav_2d_msgs/include/nav_2d_msgs/nav_2d_msgs/msg/detail/pose2_d32__rosidl_typesupport_introspection_c.h
[0.791s] -- Up-to-date: /home/nagisa/fishbot_ws/install/nav_2d_msgs/include/nav_2d_msgs/nav_2d_msgs/msg/detail/twist2_d__rosidl_typesupport_introspection_c.h
[0.791s] -- Up-to-date: /home/nagisa/fishbot_ws/install/nav_2d_msgs/include/nav_2d_msgs/nav_2d_msgs/msg/detail/twist2_d32__type_support.c
[0.791s] -- Up-to-date: /home/nagisa/fishbot_ws/install/nav_2d_msgs/include/nav_2d_msgs/nav_2d_msgs/msg/detail/path2_d__rosidl_typesupport_introspection_c.h
[0.793s] -- Up-to-date: /home/nagisa/fishbot_ws/install/nav_2d_msgs/lib/libnav_2d_msgs__rosidl_typesupport_introspection_c.so
[0.794s] -- Up-to-date: /home/nagisa/fishbot_ws/install/nav_2d_msgs/lib/libnav_2d_msgs__rosidl_typesupport_c.so
[0.794s] -- Up-to-date: /home/nagisa/fishbot_ws/install/nav_2d_msgs/include/nav_2d_msgs/nav_2d_msgs
[0.795s] -- Up-to-date: /home/nagisa/fishbot_ws/install/nav_2d_msgs/include/nav_2d_msgs/nav_2d_msgs/msg
[0.795s] -- Up-to-date: /home/nagisa/fishbot_ws/install/nav_2d_msgs/include/nav_2d_msgs/nav_2d_msgs/msg/detail
[0.795s] -- Up-to-date: /home/nagisa/fishbot_ws/install/nav_2d_msgs/include/nav_2d_msgs/nav_2d_msgs/msg/detail/pose2_d32__type_support.cpp
[0.795s] -- Up-to-date: /home/nagisa/fishbot_ws/install/nav_2d_msgs/include/nav_2d_msgs/nav_2d_msgs/msg/detail/twist2_d_stamped__type_support.cpp
[0.795s] -- Up-to-date: /home/nagisa/fishbot_ws/install/nav_2d_msgs/include/nav_2d_msgs/nav_2d_msgs/msg/detail/twist2_d_stamped__rosidl_typesupport_introspection_cpp.hpp
[0.795s] -- Up-to-date: /home/nagisa/fishbot_ws/install/nav_2d_msgs/include/nav_2d_msgs/nav_2d_msgs/msg/detail/pose2_d_stamped__type_support.cpp
[0.795s] -- Up-to-date: /home/nagisa/fishbot_ws/install/nav_2d_msgs/include/nav_2d_msgs/nav_2d_msgs/msg/detail/twist2_d__rosidl_typesupport_introspection_cpp.hpp
[0.795s] -- Up-to-date: /home/nagisa/fishbot_ws/install/nav_2d_msgs/include/nav_2d_msgs/nav_2d_msgs/msg/detail/path2_d__rosidl_typesupport_introspection_cpp.hpp
[0.795s] -- Up-to-date: /home/nagisa/fishbot_ws/install/nav_2d_msgs/include/nav_2d_msgs/nav_2d_msgs/msg/detail/twist2_d32__type_support.cpp
[0.795s] -- Up-to-date: /home/nagisa/fishbot_ws/install/nav_2d_msgs/include/nav_2d_msgs/nav_2d_msgs/msg/detail/twist2_d__type_support.cpp
[0.795s] -- Up-to-date: /home/nagisa/fishbot_ws/install/nav_2d_msgs/include/nav_2d_msgs/nav_2d_msgs/msg/detail/path2_d__type_support.cpp
[0.795s] -- Up-to-date: /home/nagisa/fishbot_ws/install/nav_2d_msgs/include/nav_2d_msgs/nav_2d_msgs/msg/detail/pose2_d32__rosidl_typesupport_introspection_cpp.hpp
[0.795s] -- Up-to-date: /home/nagisa/fishbot_ws/install/nav_2d_msgs/include/nav_2d_msgs/nav_2d_msgs/msg/detail/pose2_d_stamped__rosidl_typesupport_introspection_cpp.hpp
[0.795s] -- Up-to-date: /home/nagisa/fishbot_ws/install/nav_2d_msgs/include/nav_2d_msgs/nav_2d_msgs/msg/detail/twist2_d32__rosidl_typesupport_introspection_cpp.hpp
[0.797s] -- Up-to-date: /home/nagisa/fishbot_ws/install/nav_2d_msgs/lib/libnav_2d_msgs__rosidl_typesupport_introspection_cpp.so
[0.798s] -- Up-to-date: /home/nagisa/fishbot_ws/install/nav_2d_msgs/lib/libnav_2d_msgs__rosidl_typesupport_cpp.so
[0.799s] -- Up-to-date: /home/nagisa/fishbot_ws/install/nav_2d_msgs/share/nav_2d_msgs/environment/pythonpath.sh
[0.799s] -- Up-to-date: /home/nagisa/fishbot_ws/install/nav_2d_msgs/share/nav_2d_msgs/environment/pythonpath.dsv
[0.800s] -- Up-to-date: /home/nagisa/fishbot_ws/install/nav_2d_msgs/local/lib/python3.10/dist-packages/nav_2d_msgs-1.1.16-py3.10.egg-info
[0.800s] -- Installing: /home/nagisa/fishbot_ws/install/nav_2d_msgs/local/lib/python3.10/dist-packages/nav_2d_msgs-1.1.16-py3.10.egg-info/dependency_links.txt
[0.801s] -- Installing: /home/nagisa/fishbot_ws/install/nav_2d_msgs/local/lib/python3.10/dist-packages/nav_2d_msgs-1.1.16-py3.10.egg-info/SOURCES.txt
[0.801s] -- Installing: /home/nagisa/fishbot_ws/install/nav_2d_msgs/local/lib/python3.10/dist-packages/nav_2d_msgs-1.1.16-py3.10.egg-info/top_level.txt
[0.801s] -- Installing: /home/nagisa/fishbot_ws/install/nav_2d_msgs/local/lib/python3.10/dist-packages/nav_2d_msgs-1.1.16-py3.10.egg-info/PKG-INFO
[0.801s] -- Up-to-date: /home/nagisa/fishbot_ws/install/nav_2d_msgs/local/lib/python3.10/dist-packages/nav_2d_msgs
[0.802s] -- Up-to-date: /home/nagisa/fishbot_ws/install/nav_2d_msgs/local/lib/python3.10/dist-packages/nav_2d_msgs/_nav_2d_msgs_s.ep.rosidl_typesupport_introspection_c.c
[0.802s] -- Up-to-date: /home/nagisa/fishbot_ws/install/nav_2d_msgs/local/lib/python3.10/dist-packages/nav_2d_msgs/nav_2d_msgs_s__rosidl_typesupport_c.cpython-310-x86_64-linux-gnu.so
[0.802s] -- Up-to-date: /home/nagisa/fishbot_ws/install/nav_2d_msgs/local/lib/python3.10/dist-packages/nav_2d_msgs/_nav_2d_msgs_s.ep.rosidl_typesupport_fastrtps_c.c
[0.802s] -- Up-to-date: /home/nagisa/fishbot_ws/install/nav_2d_msgs/local/lib/python3.10/dist-packages/nav_2d_msgs/msg
[0.802s] -- Up-to-date: /home/nagisa/fishbot_ws/install/nav_2d_msgs/local/lib/python3.10/dist-packages/nav_2d_msgs/msg/_twist2_d.py
[0.802s] -- Up-to-date: /home/nagisa/fishbot_ws/install/nav_2d_msgs/local/lib/python3.10/dist-packages/nav_2d_msgs/msg/_pose2_d_stamped_s.c
[0.803s] -- Up-to-date: /home/nagisa/fishbot_ws/install/nav_2d_msgs/local/lib/python3.10/dist-packages/nav_2d_msgs/msg/_pose2_d_stamped.py
[0.803s] -- Up-to-date: /home/nagisa/fishbot_ws/install/nav_2d_msgs/local/lib/python3.10/dist-packages/nav_2d_msgs/msg/_pose2_d32.py
[0.803s] -- Up-to-date: /home/nagisa/fishbot_ws/install/nav_2d_msgs/local/lib/python3.10/dist-packages/nav_2d_msgs/msg/__init__.py
[0.803s] -- Up-to-date: /home/nagisa/fishbot_ws/install/nav_2d_msgs/local/lib/python3.10/dist-packages/nav_2d_msgs/msg/_twist2_d_stamped_s.c
[0.803s] -- Up-to-date: /home/nagisa/fishbot_ws/install/nav_2d_msgs/local/lib/python3.10/dist-packages/nav_2d_msgs/msg/_path2_d_s.c
[0.803s] -- Up-to-date: /home/nagisa/fishbot_ws/install/nav_2d_msgs/local/lib/python3.10/dist-packages/nav_2d_msgs/msg/_twist2_d_s.c
[0.803s] -- Up-to-date: /home/nagisa/fishbot_ws/install/nav_2d_msgs/local/lib/python3.10/dist-packages/nav_2d_msgs/msg/_twist2_d_stamped.py
[0.803s] -- Up-to-date: /home/nagisa/fishbot_ws/install/nav_2d_msgs/local/lib/python3.10/dist-packages/nav_2d_msgs/msg/_pose2_d32_s.c
[0.803s] -- Up-to-date: /home/nagisa/fishbot_ws/install/nav_2d_msgs/local/lib/python3.10/dist-packages/nav_2d_msgs/msg/_twist2_d32.py
[0.803s] -- Up-to-date: /home/nagisa/fishbot_ws/install/nav_2d_msgs/local/lib/python3.10/dist-packages/nav_2d_msgs/msg/_twist2_d32_s.c
[0.803s] -- Up-to-date: /home/nagisa/fishbot_ws/install/nav_2d_msgs/local/lib/python3.10/dist-packages/nav_2d_msgs/msg/_path2_d.py
[0.803s] -- Up-to-date: /home/nagisa/fishbot_ws/install/nav_2d_msgs/local/lib/python3.10/dist-packages/nav_2d_msgs/__init__.py
[0.803s] -- Up-to-date: /home/nagisa/fishbot_ws/install/nav_2d_msgs/local/lib/python3.10/dist-packages/nav_2d_msgs/nav_2d_msgs_s__rosidl_typesupport_fastrtps_c.cpython-310-x86_64-linux-gnu.so
[0.803s] -- Up-to-date: /home/nagisa/fishbot_ws/install/nav_2d_msgs/local/lib/python3.10/dist-packages/nav_2d_msgs/libnav_2d_msgs__rosidl_generator_py.so
[0.804s] -- Up-to-date: /home/nagisa/fishbot_ws/install/nav_2d_msgs/local/lib/python3.10/dist-packages/nav_2d_msgs/nav_2d_msgs_s__rosidl_typesupport_introspection_c.cpython-310-x86_64-linux-gnu.so
[0.804s] -- Up-to-date: /home/nagisa/fishbot_ws/install/nav_2d_msgs/local/lib/python3.10/dist-packages/nav_2d_msgs/_nav_2d_msgs_s.ep.rosidl_typesupport_c.c
[0.841s] Listing '/home/nagisa/fishbot_ws/install/nav_2d_msgs/local/lib/python3.10/dist-packages/nav_2d_msgs'...
[0.841s] Listing '/home/nagisa/fishbot_ws/install/nav_2d_msgs/local/lib/python3.10/dist-packages/nav_2d_msgs/msg'...
[0.846s] -- Up-to-date: /home/nagisa/fishbot_ws/install/nav_2d_msgs/local/lib/python3.10/dist-packages/nav_2d_msgs/nav_2d_msgs_s__rosidl_typesupport_fastrtps_c.cpython-310-x86_64-linux-gnu.so
[0.847s] -- Up-to-date: /home/nagisa/fishbot_ws/install/nav_2d_msgs/local/lib/python3.10/dist-packages/nav_2d_msgs/nav_2d_msgs_s__rosidl_typesupport_introspection_c.cpython-310-x86_64-linux-gnu.so
[0.848s] -- Up-to-date: /home/nagisa/fishbot_ws/install/nav_2d_msgs/local/lib/python3.10/dist-packages/nav_2d_msgs/nav_2d_msgs_s__rosidl_typesupport_c.cpython-310-x86_64-linux-gnu.so
[0.849s] -- Up-to-date: /home/nagisa/fishbot_ws/install/nav_2d_msgs/lib/libnav_2d_msgs__rosidl_generator_py.so
[0.850s] -- Up-to-date: /home/nagisa/fishbot_ws/install/nav_2d_msgs/share/nav_2d_msgs/msg/Path2D.idl
[0.850s] -- Up-to-date: /home/nagisa/fishbot_ws/install/nav_2d_msgs/share/nav_2d_msgs/msg/Pose2D32.idl
[0.850s] -- Up-to-date: /home/nagisa/fishbot_ws/install/nav_2d_msgs/share/nav_2d_msgs/msg/Pose2DStamped.idl
[0.850s] -- Up-to-date: /home/nagisa/fishbot_ws/install/nav_2d_msgs/share/nav_2d_msgs/msg/Twist2D.idl
[0.850s] -- Up-to-date: /home/nagisa/fishbot_ws/install/nav_2d_msgs/share/nav_2d_msgs/msg/Twist2D32.idl
[0.850s] -- Up-to-date: /home/nagisa/fishbot_ws/install/nav_2d_msgs/share/nav_2d_msgs/msg/Twist2DStamped.idl
[0.850s] -- Up-to-date: /home/nagisa/fishbot_ws/install/nav_2d_msgs/share/nav_2d_msgs/msg/Path2D.msg
[0.851s] -- Up-to-date: /home/nagisa/fishbot_ws/install/nav_2d_msgs/share/nav_2d_msgs/msg/Pose2D32.msg
[0.851s] -- Up-to-date: /home/nagisa/fishbot_ws/install/nav_2d_msgs/share/nav_2d_msgs/msg/Pose2DStamped.msg
[0.851s] -- Up-to-date: /home/nagisa/fishbot_ws/install/nav_2d_msgs/share/nav_2d_msgs/msg/Twist2D.msg
[0.851s] -- Up-to-date: /home/nagisa/fishbot_ws/install/nav_2d_msgs/share/nav_2d_msgs/msg/Twist2D32.msg
[0.851s] -- Up-to-date: /home/nagisa/fishbot_ws/install/nav_2d_msgs/share/nav_2d_msgs/msg/Twist2DStamped.msg
[0.851s] -- Up-to-date: /home/nagisa/fishbot_ws/install/nav_2d_msgs/share/ament_index/resource_index/package_run_dependencies/nav_2d_msgs
[0.851s] -- Up-to-date: /home/nagisa/fishbot_ws/install/nav_2d_msgs/share/ament_index/resource_index/parent_prefix_path/nav_2d_msgs
[0.851s] -- Up-to-date: /home/nagisa/fishbot_ws/install/nav_2d_msgs/share/nav_2d_msgs/environment/ament_prefix_path.sh
[0.852s] -- Up-to-date: /home/nagisa/fishbot_ws/install/nav_2d_msgs/share/nav_2d_msgs/environment/ament_prefix_path.dsv
[0.852s] -- Up-to-date: /home/nagisa/fishbot_ws/install/nav_2d_msgs/share/nav_2d_msgs/environment/path.sh
[0.852s] -- Up-to-date: /home/nagisa/fishbot_ws/install/nav_2d_msgs/share/nav_2d_msgs/environment/path.dsv
[0.852s] -- Up-to-date: /home/nagisa/fishbot_ws/install/nav_2d_msgs/share/nav_2d_msgs/local_setup.bash
[0.852s] -- Up-to-date: /home/nagisa/fishbot_ws/install/nav_2d_msgs/share/nav_2d_msgs/local_setup.sh
[0.852s] -- Up-to-date: /home/nagisa/fishbot_ws/install/nav_2d_msgs/share/nav_2d_msgs/local_setup.zsh
[0.852s] -- Up-to-date: /home/nagisa/fishbot_ws/install/nav_2d_msgs/share/nav_2d_msgs/local_setup.dsv
[0.852s] -- Installing: /home/nagisa/fishbot_ws/install/nav_2d_msgs/share/nav_2d_msgs/package.dsv
[0.853s] -- Up-to-date: /home/nagisa/fishbot_ws/install/nav_2d_msgs/share/ament_index/resource_index/packages/nav_2d_msgs
[0.855s] -- Up-to-date: /home/nagisa/fishbot_ws/install/nav_2d_msgs/share/nav_2d_msgs/cmake/export_nav_2d_msgs__rosidl_generator_cExport.cmake
[0.855s] -- Up-to-date: /home/nagisa/fishbot_ws/install/nav_2d_msgs/share/nav_2d_msgs/cmake/export_nav_2d_msgs__rosidl_generator_cExport-noconfig.cmake
[0.856s] -- Up-to-date: /home/nagisa/fishbot_ws/install/nav_2d_msgs/share/nav_2d_msgs/cmake/export_nav_2d_msgs__rosidl_typesupport_fastrtps_cExport.cmake
[0.856s] -- Up-to-date: /home/nagisa/fishbot_ws/install/nav_2d_msgs/share/nav_2d_msgs/cmake/export_nav_2d_msgs__rosidl_typesupport_fastrtps_cExport-noconfig.cmake
[0.857s] -- Up-to-date: /home/nagisa/fishbot_ws/install/nav_2d_msgs/share/nav_2d_msgs/cmake/export_nav_2d_msgs__rosidl_generator_cppExport.cmake
[0.858s] -- Up-to-date: /home/nagisa/fishbot_ws/install/nav_2d_msgs/share/nav_2d_msgs/cmake/export_nav_2d_msgs__rosidl_typesupport_fastrtps_cppExport.cmake
[0.858s] -- Up-to-date: /home/nagisa/fishbot_ws/install/nav_2d_msgs/share/nav_2d_msgs/cmake/export_nav_2d_msgs__rosidl_typesupport_fastrtps_cppExport-noconfig.cmake
[0.859s] -- Up-to-date: /home/nagisa/fishbot_ws/install/nav_2d_msgs/share/nav_2d_msgs/cmake/nav_2d_msgs__rosidl_typesupport_introspection_cExport.cmake
[0.859s] -- Up-to-date: /home/nagisa/fishbot_ws/install/nav_2d_msgs/share/nav_2d_msgs/cmake/nav_2d_msgs__rosidl_typesupport_introspection_cExport-noconfig.cmake
[0.860s] -- Up-to-date: /home/nagisa/fishbot_ws/install/nav_2d_msgs/share/nav_2d_msgs/cmake/nav_2d_msgs__rosidl_typesupport_cExport.cmake
[0.860s] -- Up-to-date: /home/nagisa/fishbot_ws/install/nav_2d_msgs/share/nav_2d_msgs/cmake/nav_2d_msgs__rosidl_typesupport_cExport-noconfig.cmake
[0.861s] -- Up-to-date: /home/nagisa/fishbot_ws/install/nav_2d_msgs/share/nav_2d_msgs/cmake/nav_2d_msgs__rosidl_typesupport_introspection_cppExport.cmake
[0.861s] -- Up-to-date: /home/nagisa/fishbot_ws/install/nav_2d_msgs/share/nav_2d_msgs/cmake/nav_2d_msgs__rosidl_typesupport_introspection_cppExport-noconfig.cmake
[0.862s] -- Up-to-date: /home/nagisa/fishbot_ws/install/nav_2d_msgs/share/nav_2d_msgs/cmake/nav_2d_msgs__rosidl_typesupport_cppExport.cmake
[0.862s] -- Up-to-date: /home/nagisa/fishbot_ws/install/nav_2d_msgs/share/nav_2d_msgs/cmake/nav_2d_msgs__rosidl_typesupport_cppExport-noconfig.cmake
[0.863s] -- Up-to-date: /home/nagisa/fishbot_ws/install/nav_2d_msgs/share/nav_2d_msgs/cmake/export_nav_2d_msgs__rosidl_generator_pyExport.cmake
[0.863s] -- Up-to-date: /home/nagisa/fishbot_ws/install/nav_2d_msgs/share/nav_2d_msgs/cmake/export_nav_2d_msgs__rosidl_generator_pyExport-noconfig.cmake
[0.863s] -- Up-to-date: /home/nagisa/fishbot_ws/install/nav_2d_msgs/share/nav_2d_msgs/cmake/rosidl_cmake-extras.cmake
[0.863s] -- Up-to-date: /home/nagisa/fishbot_ws/install/nav_2d_msgs/share/nav_2d_msgs/cmake/ament_cmake_export_dependencies-extras.cmake
[0.863s] -- Up-to-date: /home/nagisa/fishbot_ws/install/nav_2d_msgs/share/nav_2d_msgs/cmake/ament_cmake_export_include_directories-extras.cmake
[0.864s] -- Up-to-date: /home/nagisa/fishbot_ws/install/nav_2d_msgs/share/nav_2d_msgs/cmake/ament_cmake_export_libraries-extras.cmake
[0.864s] -- Up-to-date: /home/nagisa/fishbot_ws/install/nav_2d_msgs/share/nav_2d_msgs/cmake/ament_cmake_export_targets-extras.cmake
[0.864s] -- Up-to-date: /home/nagisa/fishbot_ws/install/nav_2d_msgs/share/nav_2d_msgs/cmake/rosidl_cmake_export_typesupport_targets-extras.cmake
[0.864s] -- Up-to-date: /home/nagisa/fishbot_ws/install/nav_2d_msgs/share/nav_2d_msgs/cmake/rosidl_cmake_export_typesupport_libraries-extras.cmake
[0.864s] -- Up-to-date: /home/nagisa/fishbot_ws/install/nav_2d_msgs/share/nav_2d_msgs/cmake/nav_2d_msgsConfig.cmake
[0.864s] -- Up-to-date: /home/nagisa/fishbot_ws/install/nav_2d_msgs/share/nav_2d_msgs/cmake/nav_2d_msgsConfig-version.cmake
[0.864s] -- Up-to-date: /home/nagisa/fishbot_ws/install/nav_2d_msgs/share/nav_2d_msgs/package.xml
[0.867s] Invoked command in '/home/nagisa/fishbot_ws/build/nav_2d_msgs' returned '0': CMAKE_PREFIX_PATH=/opt/ros/humble /usr/bin/cmake --install /home/nagisa/fishbot_ws/build/nav_2d_msgs
