[35m[1mConsolidate compiler generated dependencies of target gtest[0m
[ 12%] Built target gtest_main
[ 25%] Built target gtest
[ 37%] Built target path_ops
[ 50%] Built target conversions
[35m[1mConsolidate compiler generated dependencies of target path_ops_tests[0m
[35m[1mConsolidate compiler generated dependencies of target 2d_utils_tests[0m
[35m[1mConsolidate compiler generated dependencies of target tf_help[0m
[ 62%] Built target path_ops_tests
[ 75%] Built target 2d_utils_tests
[ 87%] Built target tf_help
[35m[1mConsolidate compiler generated dependencies of target tf_help_tests[0m
[100%] Built target tf_help_tests
-- Install configuration: "Release"
-- Installing: /home/nagisa/fishbot_ws/install/nav_2d_utils/lib/libconversions.so
-- Set runtime path of "/home/nagisa/fishbot_ws/install/nav_2d_utils/lib/libconversions.so" to ""
-- Installing: /home/nagisa/fishbot_ws/install/nav_2d_utils/lib/libpath_ops.so
-- Set runtime path of "/home/nagisa/fishbot_ws/install/nav_2d_utils/lib/libpath_ops.so" to ""
-- Installing: /home/nagisa/fishbot_ws/install/nav_2d_utils/lib/libtf_help.so
-- Set runtime path of "/home/nagisa/fishbot_ws/install/nav_2d_utils/lib/libtf_help.so" to ""
-- Installing: /home/nagisa/fishbot_ws/install/nav_2d_utils/include/
-- Installing: /home/nagisa/fishbot_ws/install/nav_2d_utils/include//nav_2d_utils
-- Installing: /home/nagisa/fishbot_ws/install/nav_2d_utils/include//nav_2d_utils/tf_help.hpp
-- Installing: /home/nagisa/fishbot_ws/install/nav_2d_utils/include//nav_2d_utils/parameters.hpp
-- Installing: /home/nagisa/fishbot_ws/install/nav_2d_utils/include//nav_2d_utils/conversions.hpp
-- Installing: /home/nagisa/fishbot_ws/install/nav_2d_utils/include//nav_2d_utils/odom_subscriber.hpp
-- Installing: /home/nagisa/fishbot_ws/install/nav_2d_utils/include//nav_2d_utils/path_ops.hpp
-- Installing: /home/nagisa/fishbot_ws/install/nav_2d_utils/share/nav_2d_utils/environment/library_path.sh
-- Installing: /home/nagisa/fishbot_ws/install/nav_2d_utils/share/nav_2d_utils/environment/library_path.dsv
-- Installing: /home/nagisa/fishbot_ws/install/nav_2d_utils/share/ament_index/resource_index/package_run_dependencies/nav_2d_utils
-- Installing: /home/nagisa/fishbot_ws/install/nav_2d_utils/share/ament_index/resource_index/parent_prefix_path/nav_2d_utils
-- Installing: /home/nagisa/fishbot_ws/install/nav_2d_utils/share/nav_2d_utils/environment/ament_prefix_path.sh
-- Installing: /home/nagisa/fishbot_ws/install/nav_2d_utils/share/nav_2d_utils/environment/ament_prefix_path.dsv
-- Installing: /home/nagisa/fishbot_ws/install/nav_2d_utils/share/nav_2d_utils/environment/path.sh
-- Installing: /home/nagisa/fishbot_ws/install/nav_2d_utils/share/nav_2d_utils/environment/path.dsv
-- Installing: /home/nagisa/fishbot_ws/install/nav_2d_utils/share/nav_2d_utils/local_setup.bash
-- Installing: /home/nagisa/fishbot_ws/install/nav_2d_utils/share/nav_2d_utils/local_setup.sh
-- Installing: /home/nagisa/fishbot_ws/install/nav_2d_utils/share/nav_2d_utils/local_setup.zsh
-- Installing: /home/nagisa/fishbot_ws/install/nav_2d_utils/share/nav_2d_utils/local_setup.dsv
-- Installing: /home/nagisa/fishbot_ws/install/nav_2d_utils/share/nav_2d_utils/package.dsv
-- Installing: /home/nagisa/fishbot_ws/install/nav_2d_utils/share/ament_index/resource_index/packages/nav_2d_utils
-- Installing: /home/nagisa/fishbot_ws/install/nav_2d_utils/share/nav_2d_utils/cmake/ament_cmake_export_include_directories-extras.cmake
-- Installing: /home/nagisa/fishbot_ws/install/nav_2d_utils/share/nav_2d_utils/cmake/ament_cmake_export_libraries-extras.cmake
-- Installing: /home/nagisa/fishbot_ws/install/nav_2d_utils/share/nav_2d_utils/cmake/ament_cmake_export_dependencies-extras.cmake
-- Installing: /home/nagisa/fishbot_ws/install/nav_2d_utils/share/nav_2d_utils/cmake/nav_2d_utilsConfig.cmake
-- Installing: /home/nagisa/fishbot_ws/install/nav_2d_utils/share/nav_2d_utils/cmake/nav_2d_utilsConfig-version.cmake
-- Installing: /home/nagisa/fishbot_ws/install/nav_2d_utils/share/nav_2d_utils/package.xml
