[0.022s] Invoking command in '/home/nagisa/fishbot_ws/build/nav_2d_utils': AMENT_PREFIX_PATH=/home/nagisa/fishbot_ws/install/nav2_util:/home/nagisa/fishbot_ws/install/nav2_msgs:/home/nagisa/fishbot_ws/install/nav_2d_msgs:/home/nagisa/fishbot_ws/install/nav2_common:${AMENT_PREFIX_PATH} CMAKE_PREFIX_PATH=/home/nagisa/fishbot_ws/install/nav2_util:/home/nagisa/fishbot_ws/install/nav2_msgs:/home/nagisa/fishbot_ws/install/nav_2d_msgs:/home/nagisa/fishbot_ws/install/nav2_common:/opt/ros/humble LD_LIBRARY_PATH=/home/nagisa/fishbot_ws/install/nav2_util/lib:/home/nagisa/fishbot_ws/install/nav2_msgs/lib:/home/nagisa/fishbot_ws/install/nav_2d_msgs/lib:${LD_LIBRARY_PATH} PYTHONPATH=/home/nagisa/fishbot_ws/install/nav2_msgs/local/lib/python3.10/dist-packages:/home/nagisa/fishbot_ws/install/nav_2d_msgs/local/lib/python3.10/dist-packages:/home/nagisa/fishbot_ws/install/nav2_common/local/lib/python3.10/dist-packages:${PYTHONPATH} /usr/bin/cmake --build /home/nagisa/fishbot_ws/build/nav_2d_utils -- -j12 -l12
[0.083s] [35m[1mConsolidate compiler generated dependencies of target gtest[0m
[0.100s] [ 12%] Built target gtest_main
[0.100s] [ 25%] Built target gtest
[0.101s] [ 37%] Built target path_ops
[0.109s] [ 50%] Built target conversions
[0.119s] [35m[1mConsolidate compiler generated dependencies of target path_ops_tests[0m
[0.127s] [35m[1mConsolidate compiler generated dependencies of target 2d_utils_tests[0m
[0.128s] [35m[1mConsolidate compiler generated dependencies of target tf_help[0m
[0.136s] [ 62%] Built target path_ops_tests
[0.148s] [ 75%] Built target 2d_utils_tests
[0.149s] [ 87%] Built target tf_help
[0.167s] [35m[1mConsolidate compiler generated dependencies of target tf_help_tests[0m
[0.189s] [100%] Built target tf_help_tests
[0.201s] Invoked command in '/home/nagisa/fishbot_ws/build/nav_2d_utils' returned '0': AMENT_PREFIX_PATH=/home/nagisa/fishbot_ws/install/nav2_util:/home/nagisa/fishbot_ws/install/nav2_msgs:/home/nagisa/fishbot_ws/install/nav_2d_msgs:/home/nagisa/fishbot_ws/install/nav2_common:${AMENT_PREFIX_PATH} CMAKE_PREFIX_PATH=/home/nagisa/fishbot_ws/install/nav2_util:/home/nagisa/fishbot_ws/install/nav2_msgs:/home/nagisa/fishbot_ws/install/nav_2d_msgs:/home/nagisa/fishbot_ws/install/nav2_common:/opt/ros/humble LD_LIBRARY_PATH=/home/nagisa/fishbot_ws/install/nav2_util/lib:/home/nagisa/fishbot_ws/install/nav2_msgs/lib:/home/nagisa/fishbot_ws/install/nav_2d_msgs/lib:${LD_LIBRARY_PATH} PYTHONPATH=/home/nagisa/fishbot_ws/install/nav2_msgs/local/lib/python3.10/dist-packages:/home/nagisa/fishbot_ws/install/nav_2d_msgs/local/lib/python3.10/dist-packages:/home/nagisa/fishbot_ws/install/nav2_common/local/lib/python3.10/dist-packages:${PYTHONPATH} /usr/bin/cmake --build /home/nagisa/fishbot_ws/build/nav_2d_utils -- -j12 -l12
[0.273s] Invoking command in '/home/nagisa/fishbot_ws/build/nav_2d_utils': AMENT_PREFIX_PATH=/home/nagisa/fishbot_ws/install/nav2_util:/home/nagisa/fishbot_ws/install/nav2_msgs:/home/nagisa/fishbot_ws/install/nav_2d_msgs:/home/nagisa/fishbot_ws/install/nav2_common:${AMENT_PREFIX_PATH} CMAKE_PREFIX_PATH=/home/nagisa/fishbot_ws/install/nav2_util:/home/nagisa/fishbot_ws/install/nav2_msgs:/home/nagisa/fishbot_ws/install/nav_2d_msgs:/home/nagisa/fishbot_ws/install/nav2_common:/opt/ros/humble LD_LIBRARY_PATH=/home/nagisa/fishbot_ws/install/nav2_util/lib:/home/nagisa/fishbot_ws/install/nav2_msgs/lib:/home/nagisa/fishbot_ws/install/nav_2d_msgs/lib:${LD_LIBRARY_PATH} PYTHONPATH=/home/nagisa/fishbot_ws/install/nav2_msgs/local/lib/python3.10/dist-packages:/home/nagisa/fishbot_ws/install/nav_2d_msgs/local/lib/python3.10/dist-packages:/home/nagisa/fishbot_ws/install/nav2_common/local/lib/python3.10/dist-packages:${PYTHONPATH} /usr/bin/cmake --install /home/nagisa/fishbot_ws/build/nav_2d_utils
[0.282s] -- Install configuration: "Release"
[0.282s] -- Installing: /home/nagisa/fishbot_ws/install/nav_2d_utils/lib/libconversions.so
[0.283s] -- Set runtime path of "/home/nagisa/fishbot_ws/install/nav_2d_utils/lib/libconversions.so" to ""
[0.283s] -- Installing: /home/nagisa/fishbot_ws/install/nav_2d_utils/lib/libpath_ops.so
[0.284s] -- Set runtime path of "/home/nagisa/fishbot_ws/install/nav_2d_utils/lib/libpath_ops.so" to ""
[0.284s] -- Installing: /home/nagisa/fishbot_ws/install/nav_2d_utils/lib/libtf_help.so
[0.285s] -- Set runtime path of "/home/nagisa/fishbot_ws/install/nav_2d_utils/lib/libtf_help.so" to ""
[0.286s] -- Installing: /home/nagisa/fishbot_ws/install/nav_2d_utils/include/
[0.286s] -- Installing: /home/nagisa/fishbot_ws/install/nav_2d_utils/include//nav_2d_utils
[0.286s] -- Installing: /home/nagisa/fishbot_ws/install/nav_2d_utils/include//nav_2d_utils/tf_help.hpp
[0.286s] -- Installing: /home/nagisa/fishbot_ws/install/nav_2d_utils/include//nav_2d_utils/parameters.hpp
[0.286s] -- Installing: /home/nagisa/fishbot_ws/install/nav_2d_utils/include//nav_2d_utils/conversions.hpp
[0.286s] -- Installing: /home/nagisa/fishbot_ws/install/nav_2d_utils/include//nav_2d_utils/odom_subscriber.hpp
[0.287s] -- Installing: /home/nagisa/fishbot_ws/install/nav_2d_utils/include//nav_2d_utils/path_ops.hpp
[0.287s] -- Installing: /home/nagisa/fishbot_ws/install/nav_2d_utils/share/nav_2d_utils/environment/library_path.sh
[0.287s] -- Installing: /home/nagisa/fishbot_ws/install/nav_2d_utils/share/nav_2d_utils/environment/library_path.dsv
[0.288s] -- Installing: /home/nagisa/fishbot_ws/install/nav_2d_utils/share/ament_index/resource_index/package_run_dependencies/nav_2d_utils
[0.288s] -- Installing: /home/nagisa/fishbot_ws/install/nav_2d_utils/share/ament_index/resource_index/parent_prefix_path/nav_2d_utils
[0.289s] -- Installing: /home/nagisa/fishbot_ws/install/nav_2d_utils/share/nav_2d_utils/environment/ament_prefix_path.sh
[0.289s] -- Installing: /home/nagisa/fishbot_ws/install/nav_2d_utils/share/nav_2d_utils/environment/ament_prefix_path.dsv
[0.289s] -- Installing: /home/nagisa/fishbot_ws/install/nav_2d_utils/share/nav_2d_utils/environment/path.sh
[0.290s] -- Installing: /home/nagisa/fishbot_ws/install/nav_2d_utils/share/nav_2d_utils/environment/path.dsv
[0.290s] -- Installing: /home/nagisa/fishbot_ws/install/nav_2d_utils/share/nav_2d_utils/local_setup.bash
[0.290s] -- Installing: /home/nagisa/fishbot_ws/install/nav_2d_utils/share/nav_2d_utils/local_setup.sh
[0.291s] -- Installing: /home/nagisa/fishbot_ws/install/nav_2d_utils/share/nav_2d_utils/local_setup.zsh
[0.291s] -- Installing: /home/nagisa/fishbot_ws/install/nav_2d_utils/share/nav_2d_utils/local_setup.dsv
[0.292s] -- Installing: /home/nagisa/fishbot_ws/install/nav_2d_utils/share/nav_2d_utils/package.dsv
[0.292s] -- Installing: /home/nagisa/fishbot_ws/install/nav_2d_utils/share/ament_index/resource_index/packages/nav_2d_utils
[0.292s] -- Installing: /home/nagisa/fishbot_ws/install/nav_2d_utils/share/nav_2d_utils/cmake/ament_cmake_export_include_directories-extras.cmake
[0.293s] -- Installing: /home/nagisa/fishbot_ws/install/nav_2d_utils/share/nav_2d_utils/cmake/ament_cmake_export_libraries-extras.cmake
[0.293s] -- Installing: /home/nagisa/fishbot_ws/install/nav_2d_utils/share/nav_2d_utils/cmake/ament_cmake_export_dependencies-extras.cmake
[0.294s] -- Installing: /home/nagisa/fishbot_ws/install/nav_2d_utils/share/nav_2d_utils/cmake/nav_2d_utilsConfig.cmake
[0.294s] -- Installing: /home/nagisa/fishbot_ws/install/nav_2d_utils/share/nav_2d_utils/cmake/nav_2d_utilsConfig-version.cmake
[0.294s] -- Installing: /home/nagisa/fishbot_ws/install/nav_2d_utils/share/nav_2d_utils/package.xml
[0.297s] Invoked command in '/home/nagisa/fishbot_ws/build/nav_2d_utils' returned '0': AMENT_PREFIX_PATH=/home/nagisa/fishbot_ws/install/nav2_util:/home/nagisa/fishbot_ws/install/nav2_msgs:/home/nagisa/fishbot_ws/install/nav_2d_msgs:/home/nagisa/fishbot_ws/install/nav2_common:${AMENT_PREFIX_PATH} CMAKE_PREFIX_PATH=/home/nagisa/fishbot_ws/install/nav2_util:/home/nagisa/fishbot_ws/install/nav2_msgs:/home/nagisa/fishbot_ws/install/nav_2d_msgs:/home/nagisa/fishbot_ws/install/nav2_common:/opt/ros/humble LD_LIBRARY_PATH=/home/nagisa/fishbot_ws/install/nav2_util/lib:/home/nagisa/fishbot_ws/install/nav2_msgs/lib:/home/nagisa/fishbot_ws/install/nav_2d_msgs/lib:${LD_LIBRARY_PATH} PYTHONPATH=/home/nagisa/fishbot_ws/install/nav2_msgs/local/lib/python3.10/dist-packages:/home/nagisa/fishbot_ws/install/nav_2d_msgs/local/lib/python3.10/dist-packages:/home/nagisa/fishbot_ws/install/nav2_common/local/lib/python3.10/dist-packages:${PYTHONPATH} /usr/bin/cmake --install /home/nagisa/fishbot_ws/build/nav_2d_utils
