[ 16%] [34m[1mAutomatic MOC for target cartographer_rviz[0m
[ 16%] Built target cartographer_rviz_detect_changes
[ 16%] Built target cartographer_rviz_autogen
[100%] Built target cartographer_rviz
-- Install configuration: "Release"
-- Up-to-date: /home/nagisa/fishbot_ws/install/cartographer_rviz/share/cartographer_rviz/rviz_plugin_description.xml
-- Up-to-date: /home/nagisa/fishbot_ws/install/cartographer_rviz/lib/libcartographer_rviz.so
-- Up-to-date: /home/nagisa/fishbot_ws/install/cartographer_rviz/include/
-- Up-to-date: /home/nagisa/fishbot_ws/install/cartographer_rviz/include//cartographer_rviz
-- Up-to-date: /home/nagisa/fishbot_ws/install/cartographer_rviz/include//cartographer_rviz/drawable_submap.h
-- Up-to-date: /home/nagisa/fishbot_ws/install/cartographer_rviz/include//cartographer_rviz/submaps_display.h
-- Up-to-date: /home/nagisa/fishbot_ws/install/cartographer_rviz/include//cartographer_rviz/ogre_slice.h
-- Up-to-date: /home/nagisa/fishbot_ws/install/cartographer_rviz/share/cartographer_rviz/environment/library_path.sh
-- Up-to-date: /home/nagisa/fishbot_ws/install/cartographer_rviz/share/cartographer_rviz/environment/library_path.dsv
-- Up-to-date: /home/nagisa/fishbot_ws/install/cartographer_rviz/share/ament_index/resource_index/package_run_dependencies/cartographer_rviz
-- Up-to-date: /home/nagisa/fishbot_ws/install/cartographer_rviz/share/ament_index/resource_index/parent_prefix_path/cartographer_rviz
-- Up-to-date: /home/nagisa/fishbot_ws/install/cartographer_rviz/share/cartographer_rviz/environment/ament_prefix_path.sh
-- Up-to-date: /home/nagisa/fishbot_ws/install/cartographer_rviz/share/cartographer_rviz/environment/ament_prefix_path.dsv
-- Up-to-date: /home/nagisa/fishbot_ws/install/cartographer_rviz/share/cartographer_rviz/environment/path.sh
-- Up-to-date: /home/nagisa/fishbot_ws/install/cartographer_rviz/share/cartographer_rviz/environment/path.dsv
-- Up-to-date: /home/nagisa/fishbot_ws/install/cartographer_rviz/share/cartographer_rviz/local_setup.bash
-- Up-to-date: /home/nagisa/fishbot_ws/install/cartographer_rviz/share/cartographer_rviz/local_setup.sh
-- Up-to-date: /home/nagisa/fishbot_ws/install/cartographer_rviz/share/cartographer_rviz/local_setup.zsh
-- Up-to-date: /home/nagisa/fishbot_ws/install/cartographer_rviz/share/cartographer_rviz/local_setup.dsv
-- Installing: /home/nagisa/fishbot_ws/install/cartographer_rviz/share/cartographer_rviz/package.dsv
-- Up-to-date: /home/nagisa/fishbot_ws/install/cartographer_rviz/share/ament_index/resource_index/packages/cartographer_rviz
-- Up-to-date: /home/nagisa/fishbot_ws/install/cartographer_rviz/share/ament_index/resource_index/rviz_common__pluginlib__plugin/cartographer_rviz
-- Up-to-date: /home/nagisa/fishbot_ws/install/cartographer_rviz/share/cartographer_rviz/ogre_media/materials/glsl120
-- Up-to-date: /home/nagisa/fishbot_ws/install/cartographer_rviz/share/cartographer_rviz/ogre_media/materials/glsl120/glsl120.program
-- Up-to-date: /home/nagisa/fishbot_ws/install/cartographer_rviz/share/cartographer_rviz/ogre_media/materials/glsl120/submap.vert
-- Up-to-date: /home/nagisa/fishbot_ws/install/cartographer_rviz/share/cartographer_rviz/ogre_media/materials/glsl120/submap.frag
-- Up-to-date: /home/nagisa/fishbot_ws/install/cartographer_rviz/share/cartographer_rviz/ogre_media/materials/scripts
-- Up-to-date: /home/nagisa/fishbot_ws/install/cartographer_rviz/share/cartographer_rviz/ogre_media/materials/scripts/submap.material
-- Up-to-date: /home/nagisa/fishbot_ws/install/cartographer_rviz/share/ament_index/resource_index/rviz_ogre_media_exports/cartographer_rviz
-- Up-to-date: /home/nagisa/fishbot_ws/install/cartographer_rviz/share/cartographer_rviz/cmake/cartographer_rvizExport.cmake
-- Up-to-date: /home/nagisa/fishbot_ws/install/cartographer_rviz/share/cartographer_rviz/cmake/cartographer_rvizExport-release.cmake
-- Up-to-date: /home/nagisa/fishbot_ws/install/cartographer_rviz/share/cartographer_rviz/cmake/ament_cmake_export_include_directories-extras.cmake
-- Up-to-date: /home/nagisa/fishbot_ws/install/cartographer_rviz/share/cartographer_rviz/cmake/ament_cmake_export_targets-extras.cmake
-- Up-to-date: /home/nagisa/fishbot_ws/install/cartographer_rviz/share/cartographer_rviz/cmake/ament_cmake_export_dependencies-extras.cmake
-- Up-to-date: /home/nagisa/fishbot_ws/install/cartographer_rviz/share/cartographer_rviz/cmake/cartographer_rvizConfig.cmake
-- Up-to-date: /home/nagisa/fishbot_ws/install/cartographer_rviz/share/cartographer_rviz/cmake/cartographer_rvizConfig-version.cmake
-- Up-to-date: /home/nagisa/fishbot_ws/install/cartographer_rviz/share/cartographer_rviz/package.xml
