[0.025s] Invoking command in '/home/nagisa/fishbot_ws/build/nav_2d_utils': AMENT_PREFIX_PATH=/home/nagisa/fishbot_ws/install/nav2_util:/home/nagisa/fishbot_ws/install/nav2_msgs:/home/nagisa/fishbot_ws/install/nav_2d_msgs:/home/nagisa/fishbot_ws/install/nav2_common:${AMENT_PREFIX_PATH} CMAKE_PREFIX_PATH=/home/nagisa/fishbot_ws/install/nav2_util:/home/nagisa/fishbot_ws/install/nav2_msgs:/home/nagisa/fishbot_ws/install/nav_2d_msgs:/home/nagisa/fishbot_ws/install/nav2_common:/opt/ros/humble LD_LIBRARY_PATH=/home/nagisa/fishbot_ws/install/nav2_util/lib:/home/nagisa/fishbot_ws/install/nav2_msgs/lib:/home/nagisa/fishbot_ws/install/nav_2d_msgs/lib:${LD_LIBRARY_PATH} PYTHONPATH=/home/nagisa/fishbot_ws/install/nav2_msgs/local/lib/python3.10/dist-packages:/home/nagisa/fishbot_ws/install/nav_2d_msgs/local/lib/python3.10/dist-packages:/home/nagisa/fishbot_ws/install/nav2_common/local/lib/python3.10/dist-packages:${PYTHONPATH} /usr/bin/cmake --build /home/nagisa/fishbot_ws/build/nav_2d_utils -- -j12 -l12
[0.110s] [ 12%] Built target gtest_main
[0.111s] [ 25%] Built target path_ops
[0.112s] [ 37%] Built target gtest
[0.114s] [ 50%] Built target conversions
[0.149s] [ 62%] Built target path_ops_tests
[0.151s] [ 75%] Built target tf_help
[0.151s] [ 87%] Built target 2d_utils_tests
[0.188s] [100%] Built target tf_help_tests
[0.200s] Invoked command in '/home/nagisa/fishbot_ws/build/nav_2d_utils' returned '0': AMENT_PREFIX_PATH=/home/nagisa/fishbot_ws/install/nav2_util:/home/nagisa/fishbot_ws/install/nav2_msgs:/home/nagisa/fishbot_ws/install/nav_2d_msgs:/home/nagisa/fishbot_ws/install/nav2_common:${AMENT_PREFIX_PATH} CMAKE_PREFIX_PATH=/home/nagisa/fishbot_ws/install/nav2_util:/home/nagisa/fishbot_ws/install/nav2_msgs:/home/nagisa/fishbot_ws/install/nav_2d_msgs:/home/nagisa/fishbot_ws/install/nav2_common:/opt/ros/humble LD_LIBRARY_PATH=/home/nagisa/fishbot_ws/install/nav2_util/lib:/home/nagisa/fishbot_ws/install/nav2_msgs/lib:/home/nagisa/fishbot_ws/install/nav_2d_msgs/lib:${LD_LIBRARY_PATH} PYTHONPATH=/home/nagisa/fishbot_ws/install/nav2_msgs/local/lib/python3.10/dist-packages:/home/nagisa/fishbot_ws/install/nav_2d_msgs/local/lib/python3.10/dist-packages:/home/nagisa/fishbot_ws/install/nav2_common/local/lib/python3.10/dist-packages:${PYTHONPATH} /usr/bin/cmake --build /home/nagisa/fishbot_ws/build/nav_2d_utils -- -j12 -l12
[0.264s] Invoking command in '/home/nagisa/fishbot_ws/build/nav_2d_utils': AMENT_PREFIX_PATH=/home/nagisa/fishbot_ws/install/nav2_util:/home/nagisa/fishbot_ws/install/nav2_msgs:/home/nagisa/fishbot_ws/install/nav_2d_msgs:/home/nagisa/fishbot_ws/install/nav2_common:${AMENT_PREFIX_PATH} CMAKE_PREFIX_PATH=/home/nagisa/fishbot_ws/install/nav2_util:/home/nagisa/fishbot_ws/install/nav2_msgs:/home/nagisa/fishbot_ws/install/nav_2d_msgs:/home/nagisa/fishbot_ws/install/nav2_common:/opt/ros/humble LD_LIBRARY_PATH=/home/nagisa/fishbot_ws/install/nav2_util/lib:/home/nagisa/fishbot_ws/install/nav2_msgs/lib:/home/nagisa/fishbot_ws/install/nav_2d_msgs/lib:${LD_LIBRARY_PATH} PYTHONPATH=/home/nagisa/fishbot_ws/install/nav2_msgs/local/lib/python3.10/dist-packages:/home/nagisa/fishbot_ws/install/nav_2d_msgs/local/lib/python3.10/dist-packages:/home/nagisa/fishbot_ws/install/nav2_common/local/lib/python3.10/dist-packages:${PYTHONPATH} /usr/bin/cmake --install /home/nagisa/fishbot_ws/build/nav_2d_utils
[0.273s] -- Install configuration: "Release"
[0.274s] -- Up-to-date: /home/nagisa/fishbot_ws/install/nav_2d_utils/lib/libconversions.so
[0.275s] -- Up-to-date: /home/nagisa/fishbot_ws/install/nav_2d_utils/lib/libpath_ops.so
[0.276s] -- Up-to-date: /home/nagisa/fishbot_ws/install/nav_2d_utils/lib/libtf_help.so
[0.276s] -- Up-to-date: /home/nagisa/fishbot_ws/install/nav_2d_utils/include/
[0.277s] -- Up-to-date: /home/nagisa/fishbot_ws/install/nav_2d_utils/include//nav_2d_utils
[0.277s] -- Up-to-date: /home/nagisa/fishbot_ws/install/nav_2d_utils/include//nav_2d_utils/tf_help.hpp
[0.277s] -- Up-to-date: /home/nagisa/fishbot_ws/install/nav_2d_utils/include//nav_2d_utils/parameters.hpp
[0.278s] -- Up-to-date: /home/nagisa/fishbot_ws/install/nav_2d_utils/include//nav_2d_utils/conversions.hpp
[0.278s] -- Up-to-date: /home/nagisa/fishbot_ws/install/nav_2d_utils/include//nav_2d_utils/odom_subscriber.hpp
[0.278s] -- Up-to-date: /home/nagisa/fishbot_ws/install/nav_2d_utils/include//nav_2d_utils/path_ops.hpp
[0.278s] -- Up-to-date: /home/nagisa/fishbot_ws/install/nav_2d_utils/share/nav_2d_utils/environment/library_path.sh
[0.278s] -- Up-to-date: /home/nagisa/fishbot_ws/install/nav_2d_utils/share/nav_2d_utils/environment/library_path.dsv
[0.279s] -- Up-to-date: /home/nagisa/fishbot_ws/install/nav_2d_utils/share/ament_index/resource_index/package_run_dependencies/nav_2d_utils
[0.280s] -- Up-to-date: /home/nagisa/fishbot_ws/install/nav_2d_utils/share/ament_index/resource_index/parent_prefix_path/nav_2d_utils
[0.280s] -- Up-to-date: /home/nagisa/fishbot_ws/install/nav_2d_utils/share/nav_2d_utils/environment/ament_prefix_path.sh
[0.280s] -- Up-to-date: /home/nagisa/fishbot_ws/install/nav_2d_utils/share/nav_2d_utils/environment/ament_prefix_path.dsv
[0.280s] -- Up-to-date: /home/nagisa/fishbot_ws/install/nav_2d_utils/share/nav_2d_utils/environment/path.sh
[0.280s] -- Up-to-date: /home/nagisa/fishbot_ws/install/nav_2d_utils/share/nav_2d_utils/environment/path.dsv
[0.281s] -- Up-to-date: /home/nagisa/fishbot_ws/install/nav_2d_utils/share/nav_2d_utils/local_setup.bash
[0.281s] -- Up-to-date: /home/nagisa/fishbot_ws/install/nav_2d_utils/share/nav_2d_utils/local_setup.sh
[0.281s] -- Up-to-date: /home/nagisa/fishbot_ws/install/nav_2d_utils/share/nav_2d_utils/local_setup.zsh
[0.281s] -- Up-to-date: /home/nagisa/fishbot_ws/install/nav_2d_utils/share/nav_2d_utils/local_setup.dsv
[0.281s] -- Installing: /home/nagisa/fishbot_ws/install/nav_2d_utils/share/nav_2d_utils/package.dsv
[0.281s] -- Up-to-date: /home/nagisa/fishbot_ws/install/nav_2d_utils/share/ament_index/resource_index/packages/nav_2d_utils
[0.281s] -- Up-to-date: /home/nagisa/fishbot_ws/install/nav_2d_utils/share/nav_2d_utils/cmake/ament_cmake_export_include_directories-extras.cmake
[0.282s] -- Up-to-date: /home/nagisa/fishbot_ws/install/nav_2d_utils/share/nav_2d_utils/cmake/ament_cmake_export_libraries-extras.cmake
[0.282s] -- Up-to-date: /home/nagisa/fishbot_ws/install/nav_2d_utils/share/nav_2d_utils/cmake/ament_cmake_export_dependencies-extras.cmake
[0.282s] -- Up-to-date: /home/nagisa/fishbot_ws/install/nav_2d_utils/share/nav_2d_utils/cmake/nav_2d_utilsConfig.cmake
[0.282s] -- Up-to-date: /home/nagisa/fishbot_ws/install/nav_2d_utils/share/nav_2d_utils/cmake/nav_2d_utilsConfig-version.cmake
[0.282s] -- Up-to-date: /home/nagisa/fishbot_ws/install/nav_2d_utils/share/nav_2d_utils/package.xml
[0.284s] Invoked command in '/home/nagisa/fishbot_ws/build/nav_2d_utils' returned '0': AMENT_PREFIX_PATH=/home/nagisa/fishbot_ws/install/nav2_util:/home/nagisa/fishbot_ws/install/nav2_msgs:/home/nagisa/fishbot_ws/install/nav_2d_msgs:/home/nagisa/fishbot_ws/install/nav2_common:${AMENT_PREFIX_PATH} CMAKE_PREFIX_PATH=/home/nagisa/fishbot_ws/install/nav2_util:/home/nagisa/fishbot_ws/install/nav2_msgs:/home/nagisa/fishbot_ws/install/nav_2d_msgs:/home/nagisa/fishbot_ws/install/nav2_common:/opt/ros/humble LD_LIBRARY_PATH=/home/nagisa/fishbot_ws/install/nav2_util/lib:/home/nagisa/fishbot_ws/install/nav2_msgs/lib:/home/nagisa/fishbot_ws/install/nav_2d_msgs/lib:${LD_LIBRARY_PATH} PYTHONPATH=/home/nagisa/fishbot_ws/install/nav2_msgs/local/lib/python3.10/dist-packages:/home/nagisa/fishbot_ws/install/nav_2d_msgs/local/lib/python3.10/dist-packages:/home/nagisa/fishbot_ws/install/nav2_common/local/lib/python3.10/dist-packages:${PYTHONPATH} /usr/bin/cmake --install /home/nagisa/fishbot_ws/build/nav_2d_utils
