[0.021s] Invoking command in '/home/nagisa/fishbot_ws/build/nav2_behavior_tree': AMENT_PREFIX_PATH=/home/nagisa/fishbot_ws/install/nav2_util:/home/nagisa/fishbot_ws/install/nav2_msgs:/home/nagisa/fishbot_ws/install/nav2_common:${AMENT_PREFIX_PATH} CMAKE_PREFIX_PATH=/home/nagisa/fishbot_ws/install/nav2_util:/home/nagisa/fishbot_ws/install/nav2_msgs:/home/nagisa/fishbot_ws/install/nav2_common:/opt/ros/humble LD_LIBRARY_PATH=/home/nagisa/fishbot_ws/install/nav2_util/lib:/home/nagisa/fishbot_ws/install/nav2_msgs/lib:${LD_LIBRARY_PATH} PYTHONPATH=/home/nagisa/fishbot_ws/install/nav2_msgs/local/lib/python3.10/dist-packages:/home/nagisa/fishbot_ws/install/nav2_common/local/lib/python3.10/dist-packages:${PYTHONPATH} /usr/bin/cmake --build /home/nagisa/fishbot_ws/build/nav2_behavior_tree -- -j12 -l12
[0.112s] [35m[1mConsolidate compiler generated dependencies of target nav2_drive_on_heading_cancel_bt_node[0m
[0.116s] [35m[1mConsolidate compiler generated dependencies of target nav2_back_up_cancel_bt_node[0m
[0.129s] [  0%] [32mBuilding CXX object CMakeFiles/nav2_smooth_path_action_bt_node.dir/plugins/action/smooth_path_action.cpp.o[0m
[0.129s] [  0%] [32mBuilding CXX object CMakeFiles/nav2_follow_path_action_bt_node.dir/plugins/action/follow_path_action.cpp.o[0m
[0.129s] [  1%] [32mBuilding CXX object CMakeFiles/nav2_compute_path_to_pose_action_bt_node.dir/plugins/action/compute_path_to_pose_action.cpp.o[0m
[0.130s] [  2%] [32mBuilding CXX object CMakeFiles/nav2_compute_path_through_poses_action_bt_node.dir/plugins/action/compute_path_through_poses_action.cpp.o[0m
[0.137s] [  3%] Built target nav2_spin_cancel_bt_node
[0.138s] [  4%] Built target nav2_behavior_tree
[0.140s] [  5%] Built target nav2_drive_on_heading_cancel_bt_node
[0.141s] [  6%] Built target nav2_assisted_teleop_cancel_bt_node
[0.143s] [  7%] Built target nav2_back_up_cancel_bt_node
[0.145s] [  8%] Built target nav2_wait_cancel_bt_node
[0.147s] [  9%] Built target nav2_back_up_action_bt_node
[0.152s] [ 10%] Built target nav2_controller_cancel_bt_node
[0.159s] [35m[1mConsolidate compiler generated dependencies of target nav2_spin_action_bt_node[0m
[0.159s] [35m[1mConsolidate compiler generated dependencies of target nav2_drive_on_heading_bt_node[0m
[0.166s] [35m[1mConsolidate compiler generated dependencies of target nav2_wait_action_bt_node[0m
[0.166s] [35m[1mConsolidate compiler generated dependencies of target nav2_clear_costmap_service_bt_node[0m
[0.171s] [35m[1mConsolidate compiler generated dependencies of target nav2_is_stuck_condition_bt_node[0m
[0.173s] [35m[1mConsolidate compiler generated dependencies of target nav2_assisted_teleop_action_bt_node[0m
[0.184s] [ 11%] Built target nav2_spin_action_bt_node
[0.188s] [ 12%] Built target nav2_drive_on_heading_bt_node
[0.197s] [ 13%] Built target nav2_wait_action_bt_node
[0.197s] [ 14%] Built target nav2_assisted_teleop_action_bt_node
[0.197s] [ 15%] [32mBuilding CXX object CMakeFiles/nav2_transform_available_condition_bt_node.dir/plugins/condition/transform_available_condition.cpp.o[0m
[0.198s] [ 15%] [32mBuilding CXX object CMakeFiles/nav2_goal_reached_condition_bt_node.dir/plugins/condition/goal_reached_condition.cpp.o[0m
[0.199s] [ 16%] Built target nav2_clear_costmap_service_bt_node
[0.200s] [ 17%] Built target nav2_is_stuck_condition_bt_node
[0.229s] [ 17%] [32mBuilding CXX object CMakeFiles/nav2_globally_updated_goal_condition_bt_node.dir/plugins/condition/globally_updated_goal_condition.cpp.o[0m
[0.231s] [ 18%] [32mBuilding CXX object CMakeFiles/nav2_is_path_valid_condition_bt_node.dir/plugins/condition/is_path_valid_condition.cpp.o[0m
[0.235s] [ 19%] [32mBuilding CXX object CMakeFiles/nav2_time_expired_condition_bt_node.dir/plugins/condition/time_expired_condition.cpp.o[0m
[0.236s] [ 19%] [32mBuilding CXX object CMakeFiles/nav2_goal_updated_condition_bt_node.dir/plugins/condition/goal_updated_condition.cpp.o[0m
[0.244s] [ 20%] [32mBuilding CXX object CMakeFiles/nav2_distance_traveled_condition_bt_node.dir/plugins/condition/distance_traveled_condition.cpp.o[0m
[0.244s] [ 20%] [32mBuilding CXX object CMakeFiles/nav2_path_expiring_timer_condition.dir/plugins/condition/path_expiring_timer_condition.cpp.o[0m
[3.587s] [ 20%] [32m[1mLinking CXX shared library libnav2_goal_updated_condition_bt_node.so[0m
[4.204s] [ 20%] Built target nav2_goal_updated_condition_bt_node
[4.319s] [ 21%] [32mBuilding CXX object CMakeFiles/nav2_initial_pose_received_condition_bt_node.dir/plugins/condition/initial_pose_received_condition.cpp.o[0m
[7.589s] [ 21%] [32m[1mLinking CXX shared library libnav2_initial_pose_received_condition_bt_node.so[0m
[8.457s] [ 21%] Built target nav2_initial_pose_received_condition_bt_node
[8.524s] [ 22%] [32mBuilding CXX object CMakeFiles/nav2_is_battery_charging_condition_bt_node.dir/plugins/condition/is_battery_charging_condition.cpp.o[0m
[24.057s] [ 22%] [32m[1mLinking CXX shared library libnav2_is_battery_charging_condition_bt_node.so[0m
[24.578s] [ 22%] Built target nav2_is_battery_charging_condition_bt_node
[24.688s] [ 23%] [32mBuilding CXX object CMakeFiles/nav2_is_battery_low_condition_bt_node.dir/plugins/condition/is_battery_low_condition.cpp.o[0m
[25.894s] [ 23%] [32m[1mLinking CXX shared library libnav2_smooth_path_action_bt_node.so[0m
[26.102s] [ 23%] Built target nav2_smooth_path_action_bt_node
[26.216s] [ 23%] [32mBuilding CXX object CMakeFiles/nav2_reinitialize_global_localization_service_bt_node.dir/plugins/action/reinitialize_global_localization_service.cpp.o[0m
[29.015s] [ 24%] [32m[1mLinking CXX shared library libnav2_distance_traveled_condition_bt_node.so[0m
[29.351s] [ 24%] Built target nav2_distance_traveled_condition_bt_node
[29.402s] [ 24%] [32mBuilding CXX object CMakeFiles/nav2_rate_controller_bt_node.dir/plugins/decorator/rate_controller.cpp.o[0m
[33.144s] [ 25%] [32m[1mLinking CXX shared library libnav2_rate_controller_bt_node.so[0m
[34.110s] [ 25%] Built target nav2_rate_controller_bt_node
[34.154s] [ 25%] [32mBuilding CXX object CMakeFiles/nav2_distance_controller_bt_node.dir/plugins/decorator/distance_controller.cpp.o[0m
[34.940s] [ 26%] [32m[1mLinking CXX shared library libnav2_reinitialize_global_localization_service_bt_node.so[0m
[35.129s] [ 26%] Built target nav2_reinitialize_global_localization_service_bt_node
[35.180s] [ 27%] [32mBuilding CXX object CMakeFiles/nav2_speed_controller_bt_node.dir/plugins/decorator/speed_controller.cpp.o[0m
[41.330s] [ 27%] [32m[1mLinking CXX shared library libnav2_is_battery_low_condition_bt_node.so[0m
[41.631s] [ 28%] [32m[1mLinking CXX shared library libnav2_distance_controller_bt_node.so[0m
[41.940s] [ 28%] Built target nav2_distance_controller_bt_node
[41.968s] [ 28%] Built target nav2_is_battery_low_condition_bt_node
[41.983s] [ 29%] [32mBuilding CXX object CMakeFiles/nav2_truncate_path_action_bt_node.dir/plugins/action/truncate_path_action.cpp.o[0m
[42.019s] [ 30%] [32mBuilding CXX object CMakeFiles/nav2_truncate_path_local_action_bt_node.dir/plugins/action/truncate_path_local_action.cpp.o[0m
[42.601s] [ 30%] [32m[1mLinking CXX shared library libnav2_speed_controller_bt_node.so[0m
[42.826s] [ 30%] Built target nav2_speed_controller_bt_node
[42.876s] [ 31%] [32mBuilding CXX object CMakeFiles/nav2_goal_updater_node_bt_node.dir/plugins/decorator/goal_updater_node.cpp.o[0m
[50.083s] [ 31%] [32m[1mLinking CXX shared library libnav2_truncate_path_action_bt_node.so[0m
[50.193s] [ 31%] [32m[1mLinking CXX shared library libnav2_truncate_path_local_action_bt_node.so[0m
[50.323s] [ 31%] Built target nav2_truncate_path_action_bt_node
[50.404s] [ 31%] [32mBuilding CXX object CMakeFiles/nav2_path_longer_on_approach_bt_node.dir/plugins/decorator/path_longer_on_approach.cpp.o[0m
[50.538s] [ 31%] Built target nav2_truncate_path_local_action_bt_node
[50.720s] [ 31%] [32mBuilding CXX object CMakeFiles/nav2_recovery_node_bt_node.dir/plugins/control/recovery_node.cpp.o[0m
[54.202s] [ 32%] [32m[1mLinking CXX shared library libnav2_recovery_node_bt_node.so[0m
[54.846s] [ 32%] Built target nav2_recovery_node_bt_node
[54.981s] [ 33%] [32mBuilding CXX object CMakeFiles/nav2_navigate_to_pose_action_bt_node.dir/plugins/action/navigate_to_pose_action.cpp.o[0m
[69.125s] [ 34%] [32m[1mLinking CXX shared library libnav2_path_longer_on_approach_bt_node.so[0m
[69.633s] [ 34%] Built target nav2_path_longer_on_approach_bt_node
[69.836s] [ 35%] [32mBuilding CXX object CMakeFiles/nav2_navigate_through_poses_action_bt_node.dir/plugins/action/navigate_through_poses_action.cpp.o[0m
[75.759s] [ 35%] [32m[1mLinking CXX shared library libnav2_goal_updater_node_bt_node.so[0m
[76.556s] [ 35%] Built target nav2_goal_updater_node_bt_node
[76.672s] [ 35%] [32mBuilding CXX object CMakeFiles/nav2_remove_passed_goals_action_bt_node.dir/plugins/action/remove_passed_goals_action.cpp.o[0m
[89.878s] [ 35%] [32m[1mLinking CXX shared library libnav2_transform_available_condition_bt_node.so[0m
[89.880s] [ 35%] [32m[1mLinking CXX shared library libnav2_navigate_to_pose_action_bt_node.so[0m
[91.985s] [ 35%] Built target nav2_navigate_to_pose_action_bt_node
[92.040s] [ 35%] Built target nav2_transform_available_condition_bt_node
[99.588s] [ 36%] [32m[1mLinking CXX shared library libnav2_remove_passed_goals_action_bt_node.so[0m
[100.232s] [ 36%] [32m[1mLinking CXX shared library libnav2_navigate_through_poses_action_bt_node.so[0m
[100.302s] [ 36%] Built target nav2_remove_passed_goals_action_bt_node
[100.902s] [ 36%] Built target nav2_navigate_through_poses_action_bt_node
[101.042s] [ 36%] [32mBuilding CXX object CMakeFiles/nav2_round_robin_node_bt_node.dir/plugins/control/round_robin_node.cpp.o[0m
[101.072s] [ 36%] [32mBuilding CXX object CMakeFiles/nav2_pipeline_sequence_bt_node.dir/plugins/control/pipeline_sequence.cpp.o[0m
[102.140s] [ 36%] [32mBuilding CXX object CMakeFiles/nav2_single_trigger_bt_node.dir/plugins/decorator/single_trigger_node.cpp.o[0m
[103.277s] [ 36%] [32mBuilding CXX object CMakeFiles/nav2_get_pose_from_path_action_bt_node.dir/plugins/action/get_pose_from_path_action.cpp.o[0m
[104.054s] [ 37%] [32m[1mLinking CXX shared library libnav2_goal_reached_condition_bt_node.so[0m
[104.974s] [ 37%] Built target nav2_goal_reached_condition_bt_node
[105.090s] [ 37%] [32mBuilding CXX object CMakeFiles/nav2_planner_selector_bt_node.dir/plugins/action/planner_selector_node.cpp.o[0m
[107.328s] [ 38%] [32m[1mLinking CXX shared library libnav2_single_trigger_bt_node.so[0m
[107.905s] [ 38%] Built target nav2_single_trigger_bt_node
[108.039s] [ 38%] [32mBuilding CXX object CMakeFiles/nav2_controller_selector_bt_node.dir/plugins/action/controller_selector_node.cpp.o[0m
[108.697s] [ 39%] [32m[1mLinking CXX shared library libnav2_pipeline_sequence_bt_node.so[0m
[108.762s] [ 40%] [32m[1mLinking CXX shared library libnav2_round_robin_node_bt_node.so[0m
[109.342s] [ 40%] Built target nav2_round_robin_node_bt_node
[109.357s] [ 40%] Built target nav2_pipeline_sequence_bt_node
[109.486s] [ 41%] [32mBuilding CXX object CMakeFiles/nav2_smoother_selector_bt_node.dir/plugins/action/smoother_selector_node.cpp.o[0m
[109.563s] [ 41%] [32mBuilding CXX object CMakeFiles/nav2_goal_checker_selector_bt_node.dir/plugins/action/goal_checker_selector_node.cpp.o[0m
[109.599s] [ 41%] [32m[1mLinking CXX shared library libnav2_time_expired_condition_bt_node.so[0m
[110.644s] [ 41%] Built target nav2_time_expired_condition_bt_node
[110.761s] [ 41%] [32mBuilding CXX object CMakeFiles/nav2_progress_checker_selector_bt_node.dir/plugins/action/progress_checker_selector_node.cpp.o[0m
[141.635s] [ 42%] [32m[1mLinking CXX shared library libnav2_get_pose_from_path_action_bt_node.so[0m
[141.968s] [ 43%] [32m[1mLinking CXX shared library libnav2_globally_updated_goal_condition_bt_node.so[0m
[142.423s] [ 43%] Built target nav2_globally_updated_goal_condition_bt_node
[142.758s] [ 43%] Built target nav2_get_pose_from_path_action_bt_node
[151.459s] [ 44%] [32m[1mLinking CXX shared library libnav2_progress_checker_selector_bt_node.so[0m
[151.478s] [ 44%] [32m[1mLinking CXX shared library libnav2_smoother_selector_bt_node.so[0m
[151.479s] [ 45%] [32m[1mLinking CXX shared library libnav2_goal_checker_selector_bt_node.so[0m
[151.874s] [ 45%] Built target nav2_smoother_selector_bt_node
[151.891s] [ 45%] Built target nav2_progress_checker_selector_bt_node
[152.061s] [ 45%] [32m[1mLinking CXX shared library libnav2_path_expiring_timer_condition.so[0m
[152.276s] [ 45%] Built target nav2_path_expiring_timer_condition
[152.353s] [ 45%] Built target nav2_goal_checker_selector_bt_node
[159.352s] [ 45%] [32m[1mLinking CXX shared library libnav2_is_path_valid_condition_bt_node.so[0m
[159.530s] [ 45%] Built target nav2_is_path_valid_condition_bt_node
[163.095s] [ 46%] [32m[1mLinking CXX shared library libnav2_controller_selector_bt_node.so[0m
[163.326s] [ 46%] Built target nav2_controller_selector_bt_node
[163.369s] [ 47%] [32mBuilding CXX object gtest/CMakeFiles/gtest_main.dir/src/gtest_main.cc.o[0m
[163.371s] [ 47%] [32mBuilding CXX object gtest/CMakeFiles/gtest.dir/src/gtest-all.cc.o[0m
[164.033s] [ 48%] [32m[1mLinking CXX shared library libnav2_planner_selector_bt_node.so[0m
[164.267s] [ 48%] Built target nav2_planner_selector_bt_node
[164.288s] [ 48%] [32m[1mLinking CXX static library libgtest_main.a[0m
[164.301s] [ 49%] [32mBuilding CXX object CMakeFiles/nav2_goal_updated_controller_bt_node.dir/plugins/decorator/goal_updated_controller.cpp.o[0m
[164.354s] [ 49%] Built target gtest_main
[167.315s] [ 50%] [32m[1mLinking CXX shared library libnav2_follow_path_action_bt_node.so[0m
[167.512s] [ 50%] Built target nav2_follow_path_action_bt_node
[167.947s] [ 50%] [32m[1mLinking CXX shared library libnav2_compute_path_to_pose_action_bt_node.so[0m
[167.975s] [ 50%] [32m[1mLinking CXX shared library libnav2_goal_updated_controller_bt_node.so[0m
[168.119s] [ 50%] Built target nav2_goal_updated_controller_bt_node
[168.136s] [ 50%] Built target nav2_compute_path_to_pose_action_bt_node
[169.011s] [ 50%] [32m[1mLinking CXX shared library libnav2_compute_path_through_poses_action_bt_node.so[0m
[169.203s] [ 50%] Built target nav2_compute_path_through_poses_action_bt_node
[170.368s] [ 50%] [32m[1mLinking CXX static library libgtest.a[0m
[170.419s] [ 50%] Built target gtest
[170.451s] [ 51%] [32mBuilding CXX object test/plugins/condition/CMakeFiles/test_condition_distance_traveled.dir/test_distance_traveled.cpp.o[0m
[170.451s] [ 51%] [32mBuilding CXX object test/CMakeFiles/test_bt_conversions.dir/test_bt_conversions.cpp.o[0m
[170.451s] [ 51%] [32mBuilding CXX object test/plugins/condition/CMakeFiles/test_condition_path_expiring_timer.dir/test_path_expiring_timer.cpp.o[0m
[170.452s] [ 51%] [32mBuilding CXX object test/plugins/condition/CMakeFiles/test_condition_time_expired.dir/test_time_expired.cpp.o[0m
[171.484s] [ 51%] [32mBuilding CXX object test/plugins/condition/CMakeFiles/test_condition_is_stuck.dir/test_is_stuck.cpp.o[0m
[171.486s] [ 51%] [32mBuilding CXX object test/plugins/condition/CMakeFiles/test_condition_initial_pose_received.dir/test_initial_pose_received.cpp.o[0m
[171.487s] [ 52%] [32mBuilding CXX object test/plugins/condition/CMakeFiles/test_condition_transform_available.dir/test_transform_available.cpp.o[0m
[171.488s] [ 52%] [32mBuilding CXX object test/plugins/condition/CMakeFiles/test_condition_is_battery_low.dir/test_is_battery_low.cpp.o[0m
[171.494s] [ 52%] [32mBuilding CXX object test/plugins/condition/CMakeFiles/test_condition_is_battery_charging.dir/test_is_battery_charging.cpp.o[0m
[172.534s] [ 52%] [32mBuilding CXX object test/plugins/condition/CMakeFiles/test_condition_globally_updated_goal.dir/test_globally_updated_goal.cpp.o[0m
[172.534s] [ 52%] [32mBuilding CXX object test/plugins/condition/CMakeFiles/test_condition_goal_updated.dir/test_goal_updated.cpp.o[0m
[172.534s] [ 52%] [32mBuilding CXX object test/plugins/condition/CMakeFiles/test_condition_goal_reached.dir/test_goal_reached.cpp.o[0m
[182.376s] [ 52%] [32m[1mLinking CXX executable test_bt_conversions[0m
[185.100s] [ 52%] Built target test_bt_conversions
[185.284s] [ 52%] [32mBuilding CXX object test/plugins/condition/CMakeFiles/test_condition_is_path_valid.dir/test_is_path_valid.cpp.o[0m
[207.593s] [ 52%] [32m[1mLinking CXX executable test_condition_transform_available[0m
[207.747s] [ 53%] [32m[1mLinking CXX executable test_condition_initial_pose_received[0m
[209.400s] [ 53%] Built target test_condition_initial_pose_received
[209.402s] [ 53%] Built target test_condition_transform_available
[210.401s] [ 54%] [32m[1mLinking CXX executable test_condition_is_battery_charging[0m
[211.337s] [ 54%] Built target test_condition_is_battery_charging
[213.704s] [ 55%] [32m[1mLinking CXX executable test_condition_is_battery_low[0m
[214.624s] [ 55%] Built target test_condition_is_battery_low
[227.555s] [ 56%] [32m[1mLinking CXX executable test_condition_is_path_valid[0m
[228.631s] [ 56%] Built target test_condition_is_path_valid
[230.681s] [ 56%] [32mBuilding CXX object test/plugins/decorator/CMakeFiles/test_single_trigger_node.dir/test_single_trigger_node.cpp.o[0m
[230.682s] [ 56%] [32mBuilding CXX object test/plugins/decorator/CMakeFiles/test_goal_updater_node.dir/test_goal_updater_node.cpp.o[0m
[231.795s] [ 57%] [32mBuilding CXX object test/plugins/decorator/CMakeFiles/test_decorator_rate_controller.dir/test_rate_controller.cpp.o[0m
[231.898s] [ 58%] [32m[1mLinking CXX executable test_condition_goal_reached[0m
[232.849s] [ 59%] [32mBuilding CXX object test/plugins/decorator/CMakeFiles/test_decorator_speed_controller.dir/test_speed_controller.cpp.o[0m
[233.092s] [ 59%] Built target test_condition_goal_reached
[233.236s] [ 60%] [32mBuilding CXX object test/plugins/decorator/CMakeFiles/test_decorator_distance_controller.dir/test_distance_controller.cpp.o[0m
[234.228s] [ 60%] [32mBuilding CXX object test/plugins/decorator/CMakeFiles/test_goal_updated_controller.dir/test_goal_updated_controller.cpp.o[0m
[249.677s] [ 61%] [32m[1mLinking CXX executable test_goal_updater_node[0m
[249.851s] [ 62%] [32m[1mLinking CXX executable test_goal_updated_controller[0m
[250.416s] [ 62%] Built target test_goal_updated_controller
[250.421s] [ 62%] Built target test_goal_updater_node
[251.404s] [ 62%] [32m[1mLinking CXX executable test_decorator_distance_controller[0m
[251.774s] [ 62%] Built target test_decorator_distance_controller
[253.400s] [ 62%] [32m[1mLinking CXX executable test_decorator_speed_controller[0m
[253.756s] [ 63%] [32m[1mLinking CXX executable test_condition_goal_updated[0m
[253.770s] [ 63%] Built target test_decorator_speed_controller
[254.430s] [ 63%] Built target test_condition_goal_updated
[276.684s] [ 64%] [32mBuilding CXX object test/plugins/action/CMakeFiles/test_bt_action_node.dir/test_bt_action_node.cpp.o[0m
[276.792s] [ 65%] [32mBuilding CXX object test/plugins/control/CMakeFiles/test_control_round_robin_node.dir/test_round_robin_node.cpp.o[0m
[277.797s] [ 66%] [32mBuilding CXX object test/plugins/control/CMakeFiles/test_control_pipeline_sequence.dir/test_pipeline_sequence.cpp.o[0m
[278.706s] [ 67%] [32m[1mLinking CXX executable test_condition_globally_updated_goal[0m
[278.869s] [ 68%] [32mBuilding CXX object test/plugins/control/CMakeFiles/test_control_recovery_node.dir/test_recovery_node.cpp.o[0m
[279.715s] [ 68%] Built target test_condition_globally_updated_goal
[279.785s] [ 69%] [32mBuilding CXX object test/plugins/decorator/CMakeFiles/test_decorator_path_longer_on_approach.dir/test_path_longer_on_approach.cpp.o[0m
[279.838s] [ 70%] [32mBuilding CXX object test/plugins/action/CMakeFiles/test_action_spin_action.dir/test_spin_action.cpp.o[0m
[301.203s] [ 70%] [32m[1mLinking CXX executable test_decorator_rate_controller[0m
[305.982s] [ 70%] Built target test_decorator_rate_controller
[312.186s] [ 71%] [32m[1mLinking CXX executable test_single_trigger_node[0m
[314.517s] [ 71%] Built target test_single_trigger_node
[321.065s] [ 71%] [32m[1mLinking CXX executable test_control_round_robin_node[0m
[322.089s] [ 71%] Built target test_control_round_robin_node
[322.761s] [ 71%] [32m[1mLinking CXX executable test_action_spin_action[0m
[323.739s] [ 71%] Built target test_action_spin_action
[326.650s] [ 71%] [32m[1mLinking CXX executable test_decorator_path_longer_on_approach[0m
[327.391s] [ 71%] Built target test_decorator_path_longer_on_approach
[329.208s] [ 71%] [32m[1mLinking CXX executable test_bt_action_node[0m
[330.114s] [ 71%] Built target test_bt_action_node
[334.827s] [ 71%] [32m[1mLinking CXX executable test_control_recovery_node[0m
[335.671s] [ 71%] Built target test_control_recovery_node
[335.817s] [ 72%] [32mBuilding CXX object test/plugins/action/CMakeFiles/test_action_wait_cancel_action.dir/test_wait_cancel_node.cpp.o[0m
[336.879s] [ 73%] [32mBuilding CXX object test/plugins/action/CMakeFiles/test_action_spin_cancel_action.dir/test_spin_cancel_node.cpp.o[0m
[337.941s] [ 73%] [32mBuilding CXX object test/plugins/action/CMakeFiles/test_action_controller_cancel_action.dir/test_controller_cancel_node.cpp.o[0m
[339.000s] [ 73%] [32mBuilding CXX object test/plugins/action/CMakeFiles/test_action_assisted_teleop_action.dir/test_assisted_teleop_action.cpp.o[0m
[340.081s] [ 74%] [32mBuilding CXX object test/plugins/action/CMakeFiles/test_action_wait_action.dir/test_wait_action.cpp.o[0m
[340.144s] [ 74%] [32mBuilding CXX object test/plugins/action/CMakeFiles/test_action_drive_on_heading.dir/test_drive_on_heading_action.cpp.o[0m
[341.362s] [ 74%] [32mBuilding CXX object test/plugins/action/CMakeFiles/test_action_back_up_action.dir/test_back_up_action.cpp.o[0m
[342.365s] [ 74%] [32m[1mLinking CXX executable test_control_pipeline_sequence[0m
[343.339s] [ 74%] Built target test_control_pipeline_sequence
[343.681s] [ 74%] [32mBuilding CXX object test/plugins/action/CMakeFiles/test_action_back_up_cancel_action.dir/test_back_up_cancel_node.cpp.o[0m
[391.033s] [ 74%] [32m[1mLinking CXX executable test_action_wait_action[0m
[391.122s] [ 75%] [32m[1mLinking CXX executable test_action_back_up_action[0m
[392.481s] [ 75%] Built target test_action_wait_action
[392.489s] [ 75%] Built target test_action_back_up_action
[393.730s] [ 76%] [32m[1mLinking CXX executable test_action_back_up_cancel_action[0m
[394.548s] [ 76%] Built target test_action_back_up_cancel_action
[425.439s] [ 77%] [32m[1mLinking CXX executable test_action_drive_on_heading[0m
[425.694s] [ 77%] Built target test_action_drive_on_heading
[425.741s] [ 77%] [32mBuilding CXX object test/plugins/action/CMakeFiles/test_action_clear_costmap_service.dir/test_clear_costmap_service.cpp.o[0m
[426.811s] [ 78%] [32mBuilding CXX object test/plugins/action/CMakeFiles/test_action_reinitialize_global_localization_service.dir/test_reinitialize_global_localization_service.cpp.o[0m
[427.787s] [ 78%] [32mBuilding CXX object test/plugins/action/CMakeFiles/test_action_drive_on_heading_cancel_action.dir/test_drive_on_heading_cancel_node.cpp.o[0m
[430.112s] [ 78%] [32mBuilding CXX object test/plugins/action/CMakeFiles/test_action_assisted_teleop_cancel_action.dir/test_assisted_teleop_cancel_node.cpp.o[0m
[441.220s] [ 78%] [32m[1mLinking CXX executable test_action_reinitialize_global_localization_service[0m
[441.863s] [ 78%] Built target test_action_reinitialize_global_localization_service
[441.976s] [ 79%] [32m[1mLinking CXX executable test_action_clear_costmap_service[0m
[442.094s] [ 80%] [32m[1mLinking CXX executable test_action_assisted_teleop_action[0m
[442.352s] [ 80%] Built target test_action_clear_costmap_service
[442.521s] [ 80%] Built target test_action_assisted_teleop_action
[443.580s] [ 81%] [32m[1mLinking CXX executable test_action_assisted_teleop_cancel_action[0m
[443.850s] [ 81%] Built target test_action_assisted_teleop_cancel_action
[444.326s] [ 82%] [32m[1mLinking CXX executable test_action_drive_on_heading_cancel_action[0m
[444.598s] [ 82%] Built target test_action_drive_on_heading_cancel_action
[449.764s] [ 82%] [32m[1mLinking CXX executable test_action_spin_cancel_action[0m
[450.075s] [ 82%] Built target test_action_spin_cancel_action
[450.295s] [ 82%] [32m[1mLinking CXX executable test_action_wait_cancel_action[0m
[450.544s] [ 82%] Built target test_action_wait_cancel_action
[451.586s] [ 83%] [32mBuilding CXX object test/plugins/action/CMakeFiles/test_truncate_path_action.dir/test_truncate_path_action.cpp.o[0m
[451.586s] [ 83%] [32mBuilding CXX object test/plugins/action/CMakeFiles/test_action_navigate_through_poses_action.dir/test_navigate_through_poses_action.cpp.o[0m
[452.607s] [ 84%] [32mBuilding CXX object test/plugins/action/CMakeFiles/test_action_navigate_to_pose_action.dir/test_navigate_to_pose_action.cpp.o[0m
[452.610s] [ 84%] [32mBuilding CXX object test/plugins/action/CMakeFiles/test_action_follow_path_action.dir/test_follow_path_action.cpp.o[0m
[453.650s] [ 85%] [32mBuilding CXX object test/plugins/action/CMakeFiles/test_action_smooth_path_action.dir/test_smooth_path_action.cpp.o[0m
[453.656s] [ 85%] [32mBuilding CXX object test/plugins/action/CMakeFiles/test_action_compute_path_through_poses_action.dir/test_compute_path_through_poses_action.cpp.o[0m
[454.677s] [ 85%] [32mBuilding CXX object test/plugins/action/CMakeFiles/test_action_compute_path_to_pose_action.dir/test_compute_path_to_pose_action.cpp.o[0m
[467.458s] [ 85%] [32m[1mLinking CXX executable test_action_navigate_to_pose_action[0m
[467.491s] [ 85%] [32m[1mLinking CXX executable test_action_follow_path_action[0m
[468.081s] [ 85%] Built target test_action_navigate_to_pose_action
[468.133s] [ 85%] Built target test_action_follow_path_action
[469.122s] [ 86%] [32m[1mLinking CXX executable test_action_compute_path_to_pose_action[0m
[469.404s] [ 86%] Built target test_action_compute_path_to_pose_action
[470.889s] [ 87%] [32m[1mLinking CXX executable test_action_controller_cancel_action[0m
[471.144s] [ 87%] Built target test_action_controller_cancel_action
[471.186s] [ 88%] [32mBuilding CXX object test/plugins/action/CMakeFiles/test_get_pose_from_path_action.dir/test_get_pose_from_path_action.cpp.o[0m
[471.187s] [ 88%] [32mBuilding CXX object test/plugins/action/CMakeFiles/test_remove_passed_goals_action.dir/test_remove_passed_goals_action.cpp.o[0m
[472.213s] [ 88%] [32mBuilding CXX object test/plugins/action/CMakeFiles/test_planner_selector_node.dir/test_planner_selector_node.cpp.o[0m
[473.990s] [ 88%] [32mBuilding CXX object test/plugins/action/CMakeFiles/test_truncate_path_local_action.dir/test_truncate_path_local_action.cpp.o[0m
[475.736s] [ 89%] [32m[1mLinking CXX executable test_truncate_path_action[0m
[478.582s] [ 89%] Built target test_truncate_path_action
[479.861s] [ 89%] [32m[1mLinking CXX executable test_action_smooth_path_action[0m
[480.478s] [ 90%] [32m[1mLinking CXX executable test_action_compute_path_through_poses_action[0m
[480.904s] [ 90%] Built target test_action_smooth_path_action
[481.101s] [ 90%] Built target test_action_compute_path_through_poses_action
[486.166s] [ 90%] [32mBuilding CXX object test/plugins/action/CMakeFiles/test_goal_checker_selector_node.dir/test_goal_checker_selector_node.cpp.o[0m
[486.888s] [ 90%] [32m[1mLinking CXX executable test_get_pose_from_path_action[0m
[487.172s] [ 90%] Built target test_get_pose_from_path_action
[487.206s] [ 90%] [32mBuilding CXX object test/plugins/action/CMakeFiles/test_smoother_selector_node.dir/test_smoother_selector_node.cpp.o[0m
[487.267s] [ 91%] [32mBuilding CXX object test/plugins/action/CMakeFiles/test_controller_selector_node.dir/test_controller_selector_node.cpp.o[0m
[487.322s] [ 91%] [32m[1mLinking CXX executable test_condition_time_expired[0m
[487.844s] [ 91%] Built target test_condition_time_expired
[487.892s] [ 91%] [32mBuilding CXX object test/plugins/action/CMakeFiles/test_progress_checker_selector_node.dir/test_progress_checker_selector_node.cpp.o[0m
[488.378s] [ 92%] [32m[1mLinking CXX executable test_remove_passed_goals_action[0m
[488.390s] [ 93%] [32m[1mLinking CXX executable test_planner_selector_node[0m
[488.728s] [ 93%] Built target test_remove_passed_goals_action
[488.769s] [ 93%] Built target test_planner_selector_node
[494.968s] [ 94%] [32m[1mLinking CXX executable test_truncate_path_local_action[0m
[495.535s] [ 95%] [32m[1mLinking CXX executable test_goal_checker_selector_node[0m
[495.573s] [ 95%] Built target test_truncate_path_local_action
[495.873s] [ 95%] Built target test_goal_checker_selector_node
[497.429s] [ 95%] [32m[1mLinking CXX executable test_controller_selector_node[0m
[497.681s] [ 95%] Built target test_controller_selector_node
[498.154s] [ 96%] [32m[1mLinking CXX executable test_smoother_selector_node[0m
[498.405s] [ 96%] Built target test_smoother_selector_node
[498.632s] [ 97%] [32m[1mLinking CXX executable test_progress_checker_selector_node[0m
[498.876s] [ 97%] Built target test_progress_checker_selector_node
[505.659s] [ 98%] [32m[1mLinking CXX executable test_condition_distance_traveled[0m
[505.922s] [ 98%] Built target test_condition_distance_traveled
[507.088s] [ 99%] [32m[1mLinking CXX executable test_condition_path_expiring_timer[0m
[507.353s] [ 99%] Built target test_condition_path_expiring_timer
[510.511s] [ 99%] [32m[1mLinking CXX executable test_action_navigate_through_poses_action[0m
[510.808s] [ 99%] Built target test_action_navigate_through_poses_action
[515.223s] [100%] [32m[1mLinking CXX executable test_condition_is_stuck[0m
[515.498s] [100%] Built target test_condition_is_stuck
[515.836s] Invoked command in '/home/nagisa/fishbot_ws/build/nav2_behavior_tree' returned '0': AMENT_PREFIX_PATH=/home/nagisa/fishbot_ws/install/nav2_util:/home/nagisa/fishbot_ws/install/nav2_msgs:/home/nagisa/fishbot_ws/install/nav2_common:${AMENT_PREFIX_PATH} CMAKE_PREFIX_PATH=/home/nagisa/fishbot_ws/install/nav2_util:/home/nagisa/fishbot_ws/install/nav2_msgs:/home/nagisa/fishbot_ws/install/nav2_common:/opt/ros/humble LD_LIBRARY_PATH=/home/nagisa/fishbot_ws/install/nav2_util/lib:/home/nagisa/fishbot_ws/install/nav2_msgs/lib:${LD_LIBRARY_PATH} PYTHONPATH=/home/nagisa/fishbot_ws/install/nav2_msgs/local/lib/python3.10/dist-packages:/home/nagisa/fishbot_ws/install/nav2_common/local/lib/python3.10/dist-packages:${PYTHONPATH} /usr/bin/cmake --build /home/nagisa/fishbot_ws/build/nav2_behavior_tree -- -j12 -l12
[516.406s] Invoking command in '/home/nagisa/fishbot_ws/build/nav2_behavior_tree': AMENT_PREFIX_PATH=/home/nagisa/fishbot_ws/install/nav2_util:/home/nagisa/fishbot_ws/install/nav2_msgs:/home/nagisa/fishbot_ws/install/nav2_common:${AMENT_PREFIX_PATH} CMAKE_PREFIX_PATH=/home/nagisa/fishbot_ws/install/nav2_util:/home/nagisa/fishbot_ws/install/nav2_msgs:/home/nagisa/fishbot_ws/install/nav2_common:/opt/ros/humble LD_LIBRARY_PATH=/home/nagisa/fishbot_ws/install/nav2_util/lib:/home/nagisa/fishbot_ws/install/nav2_msgs/lib:${LD_LIBRARY_PATH} PYTHONPATH=/home/nagisa/fishbot_ws/install/nav2_msgs/local/lib/python3.10/dist-packages:/home/nagisa/fishbot_ws/install/nav2_common/local/lib/python3.10/dist-packages:${PYTHONPATH} /usr/bin/cmake --install /home/nagisa/fishbot_ws/build/nav2_behavior_tree
[516.421s] -- Install configuration: "Release"
[516.421s] -- Installing: /home/nagisa/fishbot_ws/install/nav2_behavior_tree/lib/libnav2_behavior_tree.so
[516.421s] -- Set runtime path of "/home/nagisa/fishbot_ws/install/nav2_behavior_tree/lib/libnav2_behavior_tree.so" to ""
[516.422s] -- Installing: /home/nagisa/fishbot_ws/install/nav2_behavior_tree/lib/libnav2_compute_path_to_pose_action_bt_node.so
[516.423s] -- Set runtime path of "/home/nagisa/fishbot_ws/install/nav2_behavior_tree/lib/libnav2_compute_path_to_pose_action_bt_node.so" to ""
[516.423s] -- Installing: /home/nagisa/fishbot_ws/install/nav2_behavior_tree/lib/libnav2_compute_path_through_poses_action_bt_node.so
[516.425s] -- Set runtime path of "/home/nagisa/fishbot_ws/install/nav2_behavior_tree/lib/libnav2_compute_path_through_poses_action_bt_node.so" to ""
[516.425s] -- Installing: /home/nagisa/fishbot_ws/install/nav2_behavior_tree/lib/libnav2_controller_cancel_bt_node.so
[516.426s] -- Set runtime path of "/home/nagisa/fishbot_ws/install/nav2_behavior_tree/lib/libnav2_controller_cancel_bt_node.so" to ""
[516.426s] -- Installing: /home/nagisa/fishbot_ws/install/nav2_behavior_tree/lib/libnav2_wait_cancel_bt_node.so
[516.428s] -- Set runtime path of "/home/nagisa/fishbot_ws/install/nav2_behavior_tree/lib/libnav2_wait_cancel_bt_node.so" to ""
[516.428s] -- Installing: /home/nagisa/fishbot_ws/install/nav2_behavior_tree/lib/libnav2_spin_cancel_bt_node.so
[516.429s] -- Set runtime path of "/home/nagisa/fishbot_ws/install/nav2_behavior_tree/lib/libnav2_spin_cancel_bt_node.so" to ""
[516.429s] -- Installing: /home/nagisa/fishbot_ws/install/nav2_behavior_tree/lib/libnav2_back_up_cancel_bt_node.so
[516.431s] -- Set runtime path of "/home/nagisa/fishbot_ws/install/nav2_behavior_tree/lib/libnav2_back_up_cancel_bt_node.so" to ""
[516.431s] -- Installing: /home/nagisa/fishbot_ws/install/nav2_behavior_tree/lib/libnav2_assisted_teleop_cancel_bt_node.so
[516.432s] -- Set runtime path of "/home/nagisa/fishbot_ws/install/nav2_behavior_tree/lib/libnav2_assisted_teleop_cancel_bt_node.so" to ""
[516.432s] -- Installing: /home/nagisa/fishbot_ws/install/nav2_behavior_tree/lib/libnav2_drive_on_heading_cancel_bt_node.so
[516.434s] -- Set runtime path of "/home/nagisa/fishbot_ws/install/nav2_behavior_tree/lib/libnav2_drive_on_heading_cancel_bt_node.so" to ""
[516.434s] -- Installing: /home/nagisa/fishbot_ws/install/nav2_behavior_tree/lib/libnav2_smooth_path_action_bt_node.so
[516.437s] -- Set runtime path of "/home/nagisa/fishbot_ws/install/nav2_behavior_tree/lib/libnav2_smooth_path_action_bt_node.so" to ""
[516.437s] -- Installing: /home/nagisa/fishbot_ws/install/nav2_behavior_tree/lib/libnav2_follow_path_action_bt_node.so
[516.438s] -- Set runtime path of "/home/nagisa/fishbot_ws/install/nav2_behavior_tree/lib/libnav2_follow_path_action_bt_node.so" to ""
[516.438s] -- Installing: /home/nagisa/fishbot_ws/install/nav2_behavior_tree/lib/libnav2_back_up_action_bt_node.so
[516.441s] -- Set runtime path of "/home/nagisa/fishbot_ws/install/nav2_behavior_tree/lib/libnav2_back_up_action_bt_node.so" to ""
[516.441s] -- Installing: /home/nagisa/fishbot_ws/install/nav2_behavior_tree/lib/libnav2_drive_on_heading_bt_node.so
[516.443s] -- Set runtime path of "/home/nagisa/fishbot_ws/install/nav2_behavior_tree/lib/libnav2_drive_on_heading_bt_node.so" to ""
[516.443s] -- Installing: /home/nagisa/fishbot_ws/install/nav2_behavior_tree/lib/libnav2_spin_action_bt_node.so
[516.445s] -- Set runtime path of "/home/nagisa/fishbot_ws/install/nav2_behavior_tree/lib/libnav2_spin_action_bt_node.so" to ""
[516.445s] -- Installing: /home/nagisa/fishbot_ws/install/nav2_behavior_tree/lib/libnav2_wait_action_bt_node.so
[516.447s] -- Set runtime path of "/home/nagisa/fishbot_ws/install/nav2_behavior_tree/lib/libnav2_wait_action_bt_node.so" to ""
[516.447s] -- Installing: /home/nagisa/fishbot_ws/install/nav2_behavior_tree/lib/libnav2_assisted_teleop_action_bt_node.so
[516.450s] -- Set runtime path of "/home/nagisa/fishbot_ws/install/nav2_behavior_tree/lib/libnav2_assisted_teleop_action_bt_node.so" to ""
[516.450s] -- Installing: /home/nagisa/fishbot_ws/install/nav2_behavior_tree/lib/libnav2_clear_costmap_service_bt_node.so
[516.452s] -- Set runtime path of "/home/nagisa/fishbot_ws/install/nav2_behavior_tree/lib/libnav2_clear_costmap_service_bt_node.so" to ""
[516.452s] -- Installing: /home/nagisa/fishbot_ws/install/nav2_behavior_tree/lib/libnav2_is_stuck_condition_bt_node.so
[516.455s] -- Set runtime path of "/home/nagisa/fishbot_ws/install/nav2_behavior_tree/lib/libnav2_is_stuck_condition_bt_node.so" to ""
[516.455s] -- Installing: /home/nagisa/fishbot_ws/install/nav2_behavior_tree/lib/libnav2_transform_available_condition_bt_node.so
[516.456s] -- Set runtime path of "/home/nagisa/fishbot_ws/install/nav2_behavior_tree/lib/libnav2_transform_available_condition_bt_node.so" to ""
[516.456s] -- Installing: /home/nagisa/fishbot_ws/install/nav2_behavior_tree/lib/libnav2_goal_reached_condition_bt_node.so
[516.457s] -- Set runtime path of "/home/nagisa/fishbot_ws/install/nav2_behavior_tree/lib/libnav2_goal_reached_condition_bt_node.so" to ""
[516.457s] -- Installing: /home/nagisa/fishbot_ws/install/nav2_behavior_tree/lib/libnav2_globally_updated_goal_condition_bt_node.so
[516.458s] -- Set runtime path of "/home/nagisa/fishbot_ws/install/nav2_behavior_tree/lib/libnav2_globally_updated_goal_condition_bt_node.so" to ""
[516.458s] -- Installing: /home/nagisa/fishbot_ws/install/nav2_behavior_tree/lib/libnav2_goal_updated_condition_bt_node.so
[516.460s] -- Set runtime path of "/home/nagisa/fishbot_ws/install/nav2_behavior_tree/lib/libnav2_goal_updated_condition_bt_node.so" to ""
[516.460s] -- Installing: /home/nagisa/fishbot_ws/install/nav2_behavior_tree/lib/libnav2_is_path_valid_condition_bt_node.so
[516.461s] -- Set runtime path of "/home/nagisa/fishbot_ws/install/nav2_behavior_tree/lib/libnav2_is_path_valid_condition_bt_node.so" to ""
[516.461s] -- Installing: /home/nagisa/fishbot_ws/install/nav2_behavior_tree/lib/libnav2_time_expired_condition_bt_node.so
[516.462s] -- Set runtime path of "/home/nagisa/fishbot_ws/install/nav2_behavior_tree/lib/libnav2_time_expired_condition_bt_node.so" to ""
[516.462s] -- Installing: /home/nagisa/fishbot_ws/install/nav2_behavior_tree/lib/libnav2_path_expiring_timer_condition.so
[516.463s] -- Set runtime path of "/home/nagisa/fishbot_ws/install/nav2_behavior_tree/lib/libnav2_path_expiring_timer_condition.so" to ""
[516.463s] -- Installing: /home/nagisa/fishbot_ws/install/nav2_behavior_tree/lib/libnav2_distance_traveled_condition_bt_node.so
[516.464s] -- Set runtime path of "/home/nagisa/fishbot_ws/install/nav2_behavior_tree/lib/libnav2_distance_traveled_condition_bt_node.so" to ""
[516.464s] -- Installing: /home/nagisa/fishbot_ws/install/nav2_behavior_tree/lib/libnav2_initial_pose_received_condition_bt_node.so
[516.465s] -- Set runtime path of "/home/nagisa/fishbot_ws/install/nav2_behavior_tree/lib/libnav2_initial_pose_received_condition_bt_node.so" to ""
[516.466s] -- Installing: /home/nagisa/fishbot_ws/install/nav2_behavior_tree/lib/libnav2_is_battery_charging_condition_bt_node.so
[516.469s] -- Set runtime path of "/home/nagisa/fishbot_ws/install/nav2_behavior_tree/lib/libnav2_is_battery_charging_condition_bt_node.so" to ""
[516.469s] -- Installing: /home/nagisa/fishbot_ws/install/nav2_behavior_tree/lib/libnav2_is_battery_low_condition_bt_node.so
[516.473s] -- Set runtime path of "/home/nagisa/fishbot_ws/install/nav2_behavior_tree/lib/libnav2_is_battery_low_condition_bt_node.so" to ""
[516.474s] -- Installing: /home/nagisa/fishbot_ws/install/nav2_behavior_tree/lib/libnav2_reinitialize_global_localization_service_bt_node.so
[516.475s] -- Set runtime path of "/home/nagisa/fishbot_ws/install/nav2_behavior_tree/lib/libnav2_reinitialize_global_localization_service_bt_node.so" to ""
[516.475s] -- Installing: /home/nagisa/fishbot_ws/install/nav2_behavior_tree/lib/libnav2_rate_controller_bt_node.so
[516.476s] -- Set runtime path of "/home/nagisa/fishbot_ws/install/nav2_behavior_tree/lib/libnav2_rate_controller_bt_node.so" to ""
[516.476s] -- Installing: /home/nagisa/fishbot_ws/install/nav2_behavior_tree/lib/libnav2_distance_controller_bt_node.so
[516.478s] -- Set runtime path of "/home/nagisa/fishbot_ws/install/nav2_behavior_tree/lib/libnav2_distance_controller_bt_node.so" to ""
[516.478s] -- Installing: /home/nagisa/fishbot_ws/install/nav2_behavior_tree/lib/libnav2_speed_controller_bt_node.so
[516.479s] -- Set runtime path of "/home/nagisa/fishbot_ws/install/nav2_behavior_tree/lib/libnav2_speed_controller_bt_node.so" to ""
[516.480s] -- Installing: /home/nagisa/fishbot_ws/install/nav2_behavior_tree/lib/libnav2_truncate_path_action_bt_node.so
[516.481s] -- Set runtime path of "/home/nagisa/fishbot_ws/install/nav2_behavior_tree/lib/libnav2_truncate_path_action_bt_node.so" to ""
[516.481s] -- Installing: /home/nagisa/fishbot_ws/install/nav2_behavior_tree/lib/libnav2_truncate_path_local_action_bt_node.so
[516.482s] -- Set runtime path of "/home/nagisa/fishbot_ws/install/nav2_behavior_tree/lib/libnav2_truncate_path_local_action_bt_node.so" to ""
[516.482s] -- Installing: /home/nagisa/fishbot_ws/install/nav2_behavior_tree/lib/libnav2_goal_updater_node_bt_node.so
[516.485s] -- Set runtime path of "/home/nagisa/fishbot_ws/install/nav2_behavior_tree/lib/libnav2_goal_updater_node_bt_node.so" to ""
[516.486s] -- Installing: /home/nagisa/fishbot_ws/install/nav2_behavior_tree/lib/libnav2_path_longer_on_approach_bt_node.so
[516.487s] -- Set runtime path of "/home/nagisa/fishbot_ws/install/nav2_behavior_tree/lib/libnav2_path_longer_on_approach_bt_node.so" to ""
[516.487s] -- Installing: /home/nagisa/fishbot_ws/install/nav2_behavior_tree/lib/libnav2_recovery_node_bt_node.so
[516.488s] -- Set runtime path of "/home/nagisa/fishbot_ws/install/nav2_behavior_tree/lib/libnav2_recovery_node_bt_node.so" to ""
[516.488s] -- Installing: /home/nagisa/fishbot_ws/install/nav2_behavior_tree/lib/libnav2_navigate_to_pose_action_bt_node.so
[516.490s] -- Set runtime path of "/home/nagisa/fishbot_ws/install/nav2_behavior_tree/lib/libnav2_navigate_to_pose_action_bt_node.so" to ""
[516.490s] -- Installing: /home/nagisa/fishbot_ws/install/nav2_behavior_tree/lib/libnav2_navigate_through_poses_action_bt_node.so
[516.491s] -- Set runtime path of "/home/nagisa/fishbot_ws/install/nav2_behavior_tree/lib/libnav2_navigate_through_poses_action_bt_node.so" to ""
[516.491s] -- Installing: /home/nagisa/fishbot_ws/install/nav2_behavior_tree/lib/libnav2_remove_passed_goals_action_bt_node.so
[516.493s] -- Set runtime path of "/home/nagisa/fishbot_ws/install/nav2_behavior_tree/lib/libnav2_remove_passed_goals_action_bt_node.so" to ""
[516.493s] -- Installing: /home/nagisa/fishbot_ws/install/nav2_behavior_tree/lib/libnav2_get_pose_from_path_action_bt_node.so
[516.494s] -- Set runtime path of "/home/nagisa/fishbot_ws/install/nav2_behavior_tree/lib/libnav2_get_pose_from_path_action_bt_node.so" to ""
[516.494s] -- Installing: /home/nagisa/fishbot_ws/install/nav2_behavior_tree/lib/libnav2_pipeline_sequence_bt_node.so
[516.495s] -- Set runtime path of "/home/nagisa/fishbot_ws/install/nav2_behavior_tree/lib/libnav2_pipeline_sequence_bt_node.so" to ""
[516.495s] -- Installing: /home/nagisa/fishbot_ws/install/nav2_behavior_tree/lib/libnav2_round_robin_node_bt_node.so
[516.496s] -- Set runtime path of "/home/nagisa/fishbot_ws/install/nav2_behavior_tree/lib/libnav2_round_robin_node_bt_node.so" to ""
[516.496s] -- Installing: /home/nagisa/fishbot_ws/install/nav2_behavior_tree/lib/libnav2_single_trigger_bt_node.so
[516.497s] -- Set runtime path of "/home/nagisa/fishbot_ws/install/nav2_behavior_tree/lib/libnav2_single_trigger_bt_node.so" to ""
[516.497s] -- Installing: /home/nagisa/fishbot_ws/install/nav2_behavior_tree/lib/libnav2_planner_selector_bt_node.so
[516.500s] -- Set runtime path of "/home/nagisa/fishbot_ws/install/nav2_behavior_tree/lib/libnav2_planner_selector_bt_node.so" to ""
[516.500s] -- Installing: /home/nagisa/fishbot_ws/install/nav2_behavior_tree/lib/libnav2_controller_selector_bt_node.so
[516.501s] -- Set runtime path of "/home/nagisa/fishbot_ws/install/nav2_behavior_tree/lib/libnav2_controller_selector_bt_node.so" to ""
[516.502s] -- Installing: /home/nagisa/fishbot_ws/install/nav2_behavior_tree/lib/libnav2_smoother_selector_bt_node.so
[516.503s] -- Set runtime path of "/home/nagisa/fishbot_ws/install/nav2_behavior_tree/lib/libnav2_smoother_selector_bt_node.so" to ""
[516.503s] -- Installing: /home/nagisa/fishbot_ws/install/nav2_behavior_tree/lib/libnav2_goal_checker_selector_bt_node.so
[516.505s] -- Set runtime path of "/home/nagisa/fishbot_ws/install/nav2_behavior_tree/lib/libnav2_goal_checker_selector_bt_node.so" to ""
[516.505s] -- Installing: /home/nagisa/fishbot_ws/install/nav2_behavior_tree/lib/libnav2_progress_checker_selector_bt_node.so
[516.507s] -- Set runtime path of "/home/nagisa/fishbot_ws/install/nav2_behavior_tree/lib/libnav2_progress_checker_selector_bt_node.so" to ""
[516.507s] -- Installing: /home/nagisa/fishbot_ws/install/nav2_behavior_tree/lib/libnav2_goal_updated_controller_bt_node.so
[516.508s] -- Set runtime path of "/home/nagisa/fishbot_ws/install/nav2_behavior_tree/lib/libnav2_goal_updated_controller_bt_node.so" to ""
[516.510s] -- Installing: /home/nagisa/fishbot_ws/install/nav2_behavior_tree/include/
[516.510s] -- Installing: /home/nagisa/fishbot_ws/install/nav2_behavior_tree/include//nav2_behavior_tree
[516.510s] -- Installing: /home/nagisa/fishbot_ws/install/nav2_behavior_tree/include//nav2_behavior_tree/plugins
[516.510s] -- Installing: /home/nagisa/fishbot_ws/install/nav2_behavior_tree/include//nav2_behavior_tree/plugins/control
[516.511s] -- Installing: /home/nagisa/fishbot_ws/install/nav2_behavior_tree/include//nav2_behavior_tree/plugins/control/recovery_node.hpp
[516.511s] -- Installing: /home/nagisa/fishbot_ws/install/nav2_behavior_tree/include//nav2_behavior_tree/plugins/control/round_robin_node.hpp
[516.511s] -- Installing: /home/nagisa/fishbot_ws/install/nav2_behavior_tree/include//nav2_behavior_tree/plugins/control/pipeline_sequence.hpp
[516.512s] -- Installing: /home/nagisa/fishbot_ws/install/nav2_behavior_tree/include//nav2_behavior_tree/plugins/condition
[516.512s] -- Installing: /home/nagisa/fishbot_ws/install/nav2_behavior_tree/include//nav2_behavior_tree/plugins/condition/goal_reached_condition.hpp
[516.512s] -- Installing: /home/nagisa/fishbot_ws/install/nav2_behavior_tree/include//nav2_behavior_tree/plugins/condition/time_expired_condition.hpp
[516.513s] -- Installing: /home/nagisa/fishbot_ws/install/nav2_behavior_tree/include//nav2_behavior_tree/plugins/condition/distance_traveled_condition.hpp
[516.513s] -- Installing: /home/nagisa/fishbot_ws/install/nav2_behavior_tree/include//nav2_behavior_tree/plugins/condition/path_expiring_timer_condition.hpp
[516.513s] -- Installing: /home/nagisa/fishbot_ws/install/nav2_behavior_tree/include//nav2_behavior_tree/plugins/condition/is_path_valid_condition.hpp
[516.514s] -- Installing: /home/nagisa/fishbot_ws/install/nav2_behavior_tree/include//nav2_behavior_tree/plugins/condition/initial_pose_received_condition.hpp
[516.514s] -- Installing: /home/nagisa/fishbot_ws/install/nav2_behavior_tree/include//nav2_behavior_tree/plugins/condition/transform_available_condition.hpp
[516.514s] -- Installing: /home/nagisa/fishbot_ws/install/nav2_behavior_tree/include//nav2_behavior_tree/plugins/condition/is_battery_low_condition.hpp
[516.514s] -- Installing: /home/nagisa/fishbot_ws/install/nav2_behavior_tree/include//nav2_behavior_tree/plugins/condition/is_battery_charging_condition.hpp
[516.515s] -- Installing: /home/nagisa/fishbot_ws/install/nav2_behavior_tree/include//nav2_behavior_tree/plugins/condition/goal_updated_condition.hpp
[516.515s] -- Installing: /home/nagisa/fishbot_ws/install/nav2_behavior_tree/include//nav2_behavior_tree/plugins/condition/globally_updated_goal_condition.hpp
[516.515s] -- Installing: /home/nagisa/fishbot_ws/install/nav2_behavior_tree/include//nav2_behavior_tree/plugins/condition/is_stuck_condition.hpp
[516.516s] -- Installing: /home/nagisa/fishbot_ws/install/nav2_behavior_tree/include//nav2_behavior_tree/plugins/action
[516.516s] -- Installing: /home/nagisa/fishbot_ws/install/nav2_behavior_tree/include//nav2_behavior_tree/plugins/action/compute_path_to_pose_action.hpp
[516.516s] -- Installing: /home/nagisa/fishbot_ws/install/nav2_behavior_tree/include//nav2_behavior_tree/plugins/action/navigate_through_poses_action.hpp
[516.517s] -- Installing: /home/nagisa/fishbot_ws/install/nav2_behavior_tree/include//nav2_behavior_tree/plugins/action/wait_cancel_node.hpp
[516.517s] -- Installing: /home/nagisa/fishbot_ws/install/nav2_behavior_tree/include//nav2_behavior_tree/plugins/action/remove_passed_goals_action.hpp
[516.517s] -- Installing: /home/nagisa/fishbot_ws/install/nav2_behavior_tree/include//nav2_behavior_tree/plugins/action/smoother_selector_node.hpp
[516.517s] -- Installing: /home/nagisa/fishbot_ws/install/nav2_behavior_tree/include//nav2_behavior_tree/plugins/action/spin_cancel_node.hpp
[516.518s] -- Installing: /home/nagisa/fishbot_ws/install/nav2_behavior_tree/include//nav2_behavior_tree/plugins/action/planner_selector_node.hpp
[516.518s] -- Installing: /home/nagisa/fishbot_ws/install/nav2_behavior_tree/include//nav2_behavior_tree/plugins/action/wait_action.hpp
[516.518s] -- Installing: /home/nagisa/fishbot_ws/install/nav2_behavior_tree/include//nav2_behavior_tree/plugins/action/controller_cancel_node.hpp
[516.518s] -- Installing: /home/nagisa/fishbot_ws/install/nav2_behavior_tree/include//nav2_behavior_tree/plugins/action/truncate_path_action.hpp
[516.518s] -- Installing: /home/nagisa/fishbot_ws/install/nav2_behavior_tree/include//nav2_behavior_tree/plugins/action/get_pose_from_path_action.hpp
[516.519s] -- Installing: /home/nagisa/fishbot_ws/install/nav2_behavior_tree/include//nav2_behavior_tree/plugins/action/assisted_teleop_cancel_node.hpp
[516.519s] -- Installing: /home/nagisa/fishbot_ws/install/nav2_behavior_tree/include//nav2_behavior_tree/plugins/action/truncate_path_local_action.hpp
[516.519s] -- Installing: /home/nagisa/fishbot_ws/install/nav2_behavior_tree/include//nav2_behavior_tree/plugins/action/back_up_cancel_node.hpp
[516.520s] -- Installing: /home/nagisa/fishbot_ws/install/nav2_behavior_tree/include//nav2_behavior_tree/plugins/action/drive_on_heading_cancel_node.hpp
[516.520s] -- Installing: /home/nagisa/fishbot_ws/install/nav2_behavior_tree/include//nav2_behavior_tree/plugins/action/controller_selector_node.hpp
[516.520s] -- Installing: /home/nagisa/fishbot_ws/install/nav2_behavior_tree/include//nav2_behavior_tree/plugins/action/assisted_teleop_action.hpp
[516.520s] -- Installing: /home/nagisa/fishbot_ws/install/nav2_behavior_tree/include//nav2_behavior_tree/plugins/action/progress_checker_selector_node.hpp
[516.521s] -- Installing: /home/nagisa/fishbot_ws/install/nav2_behavior_tree/include//nav2_behavior_tree/plugins/action/drive_on_heading_action.hpp
[516.521s] -- Installing: /home/nagisa/fishbot_ws/install/nav2_behavior_tree/include//nav2_behavior_tree/plugins/action/clear_costmap_service.hpp
[516.521s] -- Installing: /home/nagisa/fishbot_ws/install/nav2_behavior_tree/include//nav2_behavior_tree/plugins/action/smooth_path_action.hpp
[516.522s] -- Installing: /home/nagisa/fishbot_ws/install/nav2_behavior_tree/include//nav2_behavior_tree/plugins/action/compute_path_through_poses_action.hpp
[516.522s] -- Installing: /home/nagisa/fishbot_ws/install/nav2_behavior_tree/include//nav2_behavior_tree/plugins/action/navigate_to_pose_action.hpp
[516.522s] -- Installing: /home/nagisa/fishbot_ws/install/nav2_behavior_tree/include//nav2_behavior_tree/plugins/action/back_up_action.hpp
[516.522s] -- Installing: /home/nagisa/fishbot_ws/install/nav2_behavior_tree/include//nav2_behavior_tree/plugins/action/goal_checker_selector_node.hpp
[516.523s] -- Installing: /home/nagisa/fishbot_ws/install/nav2_behavior_tree/include//nav2_behavior_tree/plugins/action/spin_action.hpp
[516.523s] -- Installing: /home/nagisa/fishbot_ws/install/nav2_behavior_tree/include//nav2_behavior_tree/plugins/action/reinitialize_global_localization_service.hpp
[516.523s] -- Installing: /home/nagisa/fishbot_ws/install/nav2_behavior_tree/include//nav2_behavior_tree/plugins/action/follow_path_action.hpp
[516.523s] -- Installing: /home/nagisa/fishbot_ws/install/nav2_behavior_tree/include//nav2_behavior_tree/plugins/decorator
[516.524s] -- Installing: /home/nagisa/fishbot_ws/install/nav2_behavior_tree/include//nav2_behavior_tree/plugins/decorator/distance_controller.hpp
[516.524s] -- Installing: /home/nagisa/fishbot_ws/install/nav2_behavior_tree/include//nav2_behavior_tree/plugins/decorator/rate_controller.hpp
[516.524s] -- Installing: /home/nagisa/fishbot_ws/install/nav2_behavior_tree/include//nav2_behavior_tree/plugins/decorator/single_trigger_node.hpp
[516.524s] -- Installing: /home/nagisa/fishbot_ws/install/nav2_behavior_tree/include//nav2_behavior_tree/plugins/decorator/path_longer_on_approach.hpp
[516.524s] -- Installing: /home/nagisa/fishbot_ws/install/nav2_behavior_tree/include//nav2_behavior_tree/plugins/decorator/goal_updater_node.hpp
[516.525s] -- Installing: /home/nagisa/fishbot_ws/install/nav2_behavior_tree/include//nav2_behavior_tree/plugins/decorator/goal_updated_controller.hpp
[516.525s] -- Installing: /home/nagisa/fishbot_ws/install/nav2_behavior_tree/include//nav2_behavior_tree/plugins/decorator/speed_controller.hpp
[516.525s] -- Installing: /home/nagisa/fishbot_ws/install/nav2_behavior_tree/include//nav2_behavior_tree/bt_action_node.hpp
[516.526s] -- Installing: /home/nagisa/fishbot_ws/install/nav2_behavior_tree/include//nav2_behavior_tree/bt_service_node.hpp
[516.526s] -- Installing: /home/nagisa/fishbot_ws/install/nav2_behavior_tree/include//nav2_behavior_tree/bt_action_server_impl.hpp
[516.527s] -- Installing: /home/nagisa/fishbot_ws/install/nav2_behavior_tree/include//nav2_behavior_tree/bt_conversions.hpp
[516.527s] -- Installing: /home/nagisa/fishbot_ws/install/nav2_behavior_tree/include//nav2_behavior_tree/bt_action_server.hpp
[516.528s] -- Installing: /home/nagisa/fishbot_ws/install/nav2_behavior_tree/include//nav2_behavior_tree/behavior_tree_engine.hpp
[516.528s] -- Installing: /home/nagisa/fishbot_ws/install/nav2_behavior_tree/include//nav2_behavior_tree/bt_cancel_action_node.hpp
[516.529s] -- Installing: /home/nagisa/fishbot_ws/install/nav2_behavior_tree/include//nav2_behavior_tree/ros_topic_logger.hpp
[516.530s] -- Installing: /home/nagisa/fishbot_ws/install/nav2_behavior_tree/share/nav2_behavior_tree/nav2_tree_nodes.xml
[516.532s] -- Installing: /home/nagisa/fishbot_ws/install/nav2_behavior_tree/share/nav2_behavior_tree/environment/library_path.sh
[516.533s] -- Installing: /home/nagisa/fishbot_ws/install/nav2_behavior_tree/share/nav2_behavior_tree/environment/library_path.dsv
[516.534s] -- Installing: /home/nagisa/fishbot_ws/install/nav2_behavior_tree/share/ament_index/resource_index/package_run_dependencies/nav2_behavior_tree
[516.535s] -- Installing: /home/nagisa/fishbot_ws/install/nav2_behavior_tree/share/ament_index/resource_index/parent_prefix_path/nav2_behavior_tree
[516.537s] -- Installing: /home/nagisa/fishbot_ws/install/nav2_behavior_tree/share/nav2_behavior_tree/environment/ament_prefix_path.sh
[516.538s] -- Installing: /home/nagisa/fishbot_ws/install/nav2_behavior_tree/share/nav2_behavior_tree/environment/ament_prefix_path.dsv
[516.538s] -- Installing: /home/nagisa/fishbot_ws/install/nav2_behavior_tree/share/nav2_behavior_tree/environment/path.sh
[516.538s] -- Installing: /home/nagisa/fishbot_ws/install/nav2_behavior_tree/share/nav2_behavior_tree/environment/path.dsv
[516.539s] -- Installing: /home/nagisa/fishbot_ws/install/nav2_behavior_tree/share/nav2_behavior_tree/local_setup.bash
[516.539s] -- Installing: /home/nagisa/fishbot_ws/install/nav2_behavior_tree/share/nav2_behavior_tree/local_setup.sh
[516.539s] -- Installing: /home/nagisa/fishbot_ws/install/nav2_behavior_tree/share/nav2_behavior_tree/local_setup.zsh
[516.540s] -- Installing: /home/nagisa/fishbot_ws/install/nav2_behavior_tree/share/nav2_behavior_tree/local_setup.dsv
[516.541s] -- Installing: /home/nagisa/fishbot_ws/install/nav2_behavior_tree/share/nav2_behavior_tree/package.dsv
[516.541s] -- Installing: /home/nagisa/fishbot_ws/install/nav2_behavior_tree/share/ament_index/resource_index/packages/nav2_behavior_tree
[516.542s] -- Installing: /home/nagisa/fishbot_ws/install/nav2_behavior_tree/share/nav2_behavior_tree/cmake/ament_cmake_export_include_directories-extras.cmake
[516.543s] -- Installing: /home/nagisa/fishbot_ws/install/nav2_behavior_tree/share/nav2_behavior_tree/cmake/ament_cmake_export_libraries-extras.cmake
[516.543s] -- Installing: /home/nagisa/fishbot_ws/install/nav2_behavior_tree/share/nav2_behavior_tree/cmake/ament_cmake_export_dependencies-extras.cmake
[516.544s] -- Installing: /home/nagisa/fishbot_ws/install/nav2_behavior_tree/share/nav2_behavior_tree/cmake/nav2_behavior_treeConfig.cmake
[516.545s] -- Installing: /home/nagisa/fishbot_ws/install/nav2_behavior_tree/share/nav2_behavior_tree/cmake/nav2_behavior_treeConfig-version.cmake
[516.545s] -- Installing: /home/nagisa/fishbot_ws/install/nav2_behavior_tree/share/nav2_behavior_tree/package.xml
[516.565s] Invoked command in '/home/nagisa/fishbot_ws/build/nav2_behavior_tree' returned '0': AMENT_PREFIX_PATH=/home/nagisa/fishbot_ws/install/nav2_util:/home/nagisa/fishbot_ws/install/nav2_msgs:/home/nagisa/fishbot_ws/install/nav2_common:${AMENT_PREFIX_PATH} CMAKE_PREFIX_PATH=/home/nagisa/fishbot_ws/install/nav2_util:/home/nagisa/fishbot_ws/install/nav2_msgs:/home/nagisa/fishbot_ws/install/nav2_common:/opt/ros/humble LD_LIBRARY_PATH=/home/nagisa/fishbot_ws/install/nav2_util/lib:/home/nagisa/fishbot_ws/install/nav2_msgs/lib:${LD_LIBRARY_PATH} PYTHONPATH=/home/nagisa/fishbot_ws/install/nav2_msgs/local/lib/python3.10/dist-packages:/home/nagisa/fishbot_ws/install/nav2_common/local/lib/python3.10/dist-packages:${PYTHONPATH} /usr/bin/cmake --install /home/nagisa/fishbot_ws/build/nav2_behavior_tree
