[0.391s] DEBUG:colcon:Command line arguments: ['/usr/bin/colcon', 'build', '--packages-up-to', 'cartographer_ros']
[0.391s] DEBUG:colcon:Parsed command line arguments: Namespace(log_base=None, log_level=None, verb_name='build', build_base='build', install_base='install', merge_install=False, symlink_install=False, test_result_base=None, continue_on_error=False, executor='parallel', parallel_workers=12, event_handlers=None, ignore_user_meta=False, metas=['./colcon.meta'], base_paths=['.'], packages_ignore=None, packages_ignore_regex=None, paths=None, packages_up_to=['cartographer_ros'], packages_up_to_regex=None, packages_above=None, packages_above_and_dependencies=None, packages_above_depth=None, packages_select_by_dep=None, packages_skip_by_dep=None, packages_skip_up_to=None, packages_select_build_failed=False, packages_skip_build_finished=False, packages_select_test_failures=False, packages_skip_test_passed=False, packages_select=None, packages_skip=None, packages_select_regex=None, packages_skip_regex=None, packages_start=None, packages_end=None, allow_overriding=[], cmake_args=None, cmake_target=None, cmake_target_skip_unavailable=False, cmake_clean_cache=False, cmake_clean_first=False, cmake_force_configure=False, ament_cmake_args=None, catkin_cmake_args=None, catkin_skip_building_tests=False, verb_parser=<colcon_defaults.argument_parser.defaults.DefaultArgumentsDecorator object at 0x70daa882cc10>, verb_extension=<colcon_core.verb.build.BuildVerb object at 0x70daa882c550>, main=<bound method BuildVerb.main of <colcon_core.verb.build.BuildVerb object at 0x70daa882c550>>)
[0.671s] Level 1:colcon.colcon_core.package_discovery:discover_packages(colcon_meta) check parameters
[0.671s] Level 1:colcon.colcon_core.package_discovery:discover_packages(recursive) check parameters
[0.671s] Level 1:colcon.colcon_core.package_discovery:discover_packages(ignore) check parameters
[0.671s] Level 1:colcon.colcon_core.package_discovery:discover_packages(path) check parameters
[0.671s] Level 1:colcon.colcon_core.package_discovery:discover_packages(colcon_meta) discover
[0.671s] Level 1:colcon.colcon_core.package_discovery:discover_packages(recursive) discover
[0.671s] INFO:colcon.colcon_core.package_discovery:Crawling recursively for packages in '/home/nagisa/fishbot_ws/src'
[0.671s] Level 1:colcon.colcon_core.package_identification:_identify(.) by extensions ['ignore', 'ignore_ament_install']
[0.671s] Level 1:colcon.colcon_core.package_identification:_identify(.) by extension 'ignore'
[0.671s] Level 1:colcon.colcon_core.package_identification:_identify(.) by extension 'ignore_ament_install'
[0.671s] Level 1:colcon.colcon_core.package_identification:_identify(.) by extensions ['colcon_pkg']
[0.671s] Level 1:colcon.colcon_core.package_identification:_identify(.) by extension 'colcon_pkg'
[0.671s] Level 1:colcon.colcon_core.package_identification:_identify(.) by extensions ['colcon_meta']
[0.671s] Level 1:colcon.colcon_core.package_identification:_identify(.) by extension 'colcon_meta'
[0.671s] Level 1:colcon.colcon_core.package_identification:_identify(.) by extensions ['ros']
[0.671s] Level 1:colcon.colcon_core.package_identification:_identify(.) by extension 'ros'
[0.681s] Level 1:colcon.colcon_core.package_identification:_identify(.) by extensions ['cmake', 'python']
[0.681s] Level 1:colcon.colcon_core.package_identification:_identify(.) by extension 'cmake'
[0.681s] Level 1:colcon.colcon_core.package_identification:_identify(.) by extension 'python'
[0.681s] Level 1:colcon.colcon_core.package_identification:_identify(.) by extensions ['python_setup_py']
[0.682s] Level 1:colcon.colcon_core.package_identification:_identify(.) by extension 'python_setup_py'
[0.682s] Level 1:colcon.colcon_core.package_identification:_identify(build) by extensions ['ignore', 'ignore_ament_install']
[0.682s] Level 1:colcon.colcon_core.package_identification:_identify(build) by extension 'ignore'
[0.682s] Level 1:colcon.colcon_core.package_identification:_identify(build) ignored
[0.682s] Level 1:colcon.colcon_core.package_identification:_identify(cartographer) by extensions ['ignore', 'ignore_ament_install']
[0.682s] Level 1:colcon.colcon_core.package_identification:_identify(cartographer) by extension 'ignore'
[0.682s] Level 1:colcon.colcon_core.package_identification:_identify(cartographer) by extension 'ignore_ament_install'
[0.682s] Level 1:colcon.colcon_core.package_identification:_identify(cartographer) by extensions ['colcon_pkg']
[0.682s] Level 1:colcon.colcon_core.package_identification:_identify(cartographer) by extension 'colcon_pkg'
[0.682s] Level 1:colcon.colcon_core.package_identification:_identify(cartographer) by extensions ['colcon_meta']
[0.682s] Level 1:colcon.colcon_core.package_identification:_identify(cartographer) by extension 'colcon_meta'
[0.682s] Level 1:colcon.colcon_core.package_identification:_identify(cartographer) by extensions ['ros']
[0.682s] Level 1:colcon.colcon_core.package_identification:_identify(cartographer) by extension 'ros'
[0.687s] DEBUG:colcon.colcon_core.package_identification:Package 'cartographer' with type 'ros.cmake' and name 'cartographer'
[0.687s] Level 1:colcon.colcon_core.package_identification:_identify(cartographer_ros) by extensions ['ignore', 'ignore_ament_install']
[0.687s] Level 1:colcon.colcon_core.package_identification:_identify(cartographer_ros) by extension 'ignore'
[0.687s] Level 1:colcon.colcon_core.package_identification:_identify(cartographer_ros) by extension 'ignore_ament_install'
[0.687s] Level 1:colcon.colcon_core.package_identification:_identify(cartographer_ros) by extensions ['colcon_pkg']
[0.687s] Level 1:colcon.colcon_core.package_identification:_identify(cartographer_ros) by extension 'colcon_pkg'
[0.688s] Level 1:colcon.colcon_core.package_identification:_identify(cartographer_ros) by extensions ['colcon_meta']
[0.688s] Level 1:colcon.colcon_core.package_identification:_identify(cartographer_ros) by extension 'colcon_meta'
[0.688s] Level 1:colcon.colcon_core.package_identification:_identify(cartographer_ros) by extensions ['ros']
[0.688s] Level 1:colcon.colcon_core.package_identification:_identify(cartographer_ros) by extension 'ros'
[0.688s] Level 1:colcon.colcon_core.package_identification:_identify(cartographer_ros) by extensions ['cmake', 'python']
[0.688s] Level 1:colcon.colcon_core.package_identification:_identify(cartographer_ros) by extension 'cmake'
[0.688s] Level 1:colcon.colcon_core.package_identification:_identify(cartographer_ros) by extension 'python'
[0.688s] Level 1:colcon.colcon_core.package_identification:_identify(cartographer_ros) by extensions ['python_setup_py']
[0.688s] Level 1:colcon.colcon_core.package_identification:_identify(cartographer_ros) by extension 'python_setup_py'
[0.688s] Level 1:colcon.colcon_core.package_identification:_identify(cartographer_ros/cartographer_ros) by extensions ['ignore', 'ignore_ament_install']
[0.688s] Level 1:colcon.colcon_core.package_identification:_identify(cartographer_ros/cartographer_ros) by extension 'ignore'
[0.688s] Level 1:colcon.colcon_core.package_identification:_identify(cartographer_ros/cartographer_ros) by extension 'ignore_ament_install'
[0.688s] Level 1:colcon.colcon_core.package_identification:_identify(cartographer_ros/cartographer_ros) by extensions ['colcon_pkg']
[0.688s] Level 1:colcon.colcon_core.package_identification:_identify(cartographer_ros/cartographer_ros) by extension 'colcon_pkg'
[0.688s] Level 1:colcon.colcon_core.package_identification:_identify(cartographer_ros/cartographer_ros) by extensions ['colcon_meta']
[0.688s] Level 1:colcon.colcon_core.package_identification:_identify(cartographer_ros/cartographer_ros) by extension 'colcon_meta'
[0.688s] Level 1:colcon.colcon_core.package_identification:_identify(cartographer_ros/cartographer_ros) by extensions ['ros']
[0.688s] Level 1:colcon.colcon_core.package_identification:_identify(cartographer_ros/cartographer_ros) by extension 'ros'
[0.690s] DEBUG:colcon.colcon_core.package_identification:Package 'cartographer_ros/cartographer_ros' with type 'ros.ament_cmake' and name 'cartographer_ros'
[0.690s] Level 1:colcon.colcon_core.package_identification:_identify(cartographer_ros/cartographer_ros_msgs) by extensions ['ignore', 'ignore_ament_install']
[0.690s] Level 1:colcon.colcon_core.package_identification:_identify(cartographer_ros/cartographer_ros_msgs) by extension 'ignore'
[0.690s] Level 1:colcon.colcon_core.package_identification:_identify(cartographer_ros/cartographer_ros_msgs) by extension 'ignore_ament_install'
[0.690s] Level 1:colcon.colcon_core.package_identification:_identify(cartographer_ros/cartographer_ros_msgs) by extensions ['colcon_pkg']
[0.690s] Level 1:colcon.colcon_core.package_identification:_identify(cartographer_ros/cartographer_ros_msgs) by extension 'colcon_pkg'
[0.690s] Level 1:colcon.colcon_core.package_identification:_identify(cartographer_ros/cartographer_ros_msgs) by extensions ['colcon_meta']
[0.690s] Level 1:colcon.colcon_core.package_identification:_identify(cartographer_ros/cartographer_ros_msgs) by extension 'colcon_meta'
[0.690s] Level 1:colcon.colcon_core.package_identification:_identify(cartographer_ros/cartographer_ros_msgs) by extensions ['ros']
[0.690s] Level 1:colcon.colcon_core.package_identification:_identify(cartographer_ros/cartographer_ros_msgs) by extension 'ros'
[0.691s] DEBUG:colcon.colcon_core.package_identification:Package 'cartographer_ros/cartographer_ros_msgs' with type 'ros.ament_cmake' and name 'cartographer_ros_msgs'
[0.691s] Level 1:colcon.colcon_core.package_identification:_identify(cartographer_ros/cartographer_rviz) by extensions ['ignore', 'ignore_ament_install']
[0.691s] Level 1:colcon.colcon_core.package_identification:_identify(cartographer_ros/cartographer_rviz) by extension 'ignore'
[0.691s] Level 1:colcon.colcon_core.package_identification:_identify(cartographer_ros/cartographer_rviz) by extension 'ignore_ament_install'
[0.691s] Level 1:colcon.colcon_core.package_identification:_identify(cartographer_ros/cartographer_rviz) by extensions ['colcon_pkg']
[0.691s] Level 1:colcon.colcon_core.package_identification:_identify(cartographer_ros/cartographer_rviz) by extension 'colcon_pkg'
[0.691s] Level 1:colcon.colcon_core.package_identification:_identify(cartographer_ros/cartographer_rviz) by extensions ['colcon_meta']
[0.691s] Level 1:colcon.colcon_core.package_identification:_identify(cartographer_ros/cartographer_rviz) by extension 'colcon_meta'
[0.692s] Level 1:colcon.colcon_core.package_identification:_identify(cartographer_ros/cartographer_rviz) by extensions ['ros']
[0.692s] Level 1:colcon.colcon_core.package_identification:_identify(cartographer_ros/cartographer_rviz) by extension 'ros'
[0.692s] DEBUG:colcon.colcon_core.package_identification:Package 'cartographer_ros/cartographer_rviz' with type 'ros.ament_cmake' and name 'cartographer_rviz'
[0.693s] Level 1:colcon.colcon_core.package_identification:_identify(cartographer_ros/docs) by extensions ['ignore', 'ignore_ament_install']
[0.693s] Level 1:colcon.colcon_core.package_identification:_identify(cartographer_ros/docs) by extension 'ignore'
[0.693s] Level 1:colcon.colcon_core.package_identification:_identify(cartographer_ros/docs) ignored
[0.693s] Level 1:colcon.colcon_core.package_identification:_identify(cartographer_ros/scripts) by extensions ['ignore', 'ignore_ament_install']
[0.693s] Level 1:colcon.colcon_core.package_identification:_identify(cartographer_ros/scripts) by extension 'ignore'
[0.693s] Level 1:colcon.colcon_core.package_identification:_identify(cartographer_ros/scripts) by extension 'ignore_ament_install'
[0.693s] Level 1:colcon.colcon_core.package_identification:_identify(cartographer_ros/scripts) by extensions ['colcon_pkg']
[0.693s] Level 1:colcon.colcon_core.package_identification:_identify(cartographer_ros/scripts) by extension 'colcon_pkg'
[0.693s] Level 1:colcon.colcon_core.package_identification:_identify(cartographer_ros/scripts) by extensions ['colcon_meta']
[0.693s] Level 1:colcon.colcon_core.package_identification:_identify(cartographer_ros/scripts) by extension 'colcon_meta'
[0.693s] Level 1:colcon.colcon_core.package_identification:_identify(cartographer_ros/scripts) by extensions ['ros']
[0.693s] Level 1:colcon.colcon_core.package_identification:_identify(cartographer_ros/scripts) by extension 'ros'
[0.693s] Level 1:colcon.colcon_core.package_identification:_identify(cartographer_ros/scripts) by extensions ['cmake', 'python']
[0.693s] Level 1:colcon.colcon_core.package_identification:_identify(cartographer_ros/scripts) by extension 'cmake'
[0.693s] Level 1:colcon.colcon_core.package_identification:_identify(cartographer_ros/scripts) by extension 'python'
[0.693s] Level 1:colcon.colcon_core.package_identification:_identify(cartographer_ros/scripts) by extensions ['python_setup_py']
[0.693s] Level 1:colcon.colcon_core.package_identification:_identify(cartographer_ros/scripts) by extension 'python_setup_py'
[0.693s] Level 1:colcon.colcon_core.package_identification:_identify(install) by extensions ['ignore', 'ignore_ament_install']
[0.694s] Level 1:colcon.colcon_core.package_identification:_identify(install) by extension 'ignore'
[0.694s] Level 1:colcon.colcon_core.package_identification:_identify(install) ignored
[0.694s] Level 1:colcon.colcon_core.package_identification:_identify(log) by extensions ['ignore', 'ignore_ament_install']
[0.694s] Level 1:colcon.colcon_core.package_identification:_identify(log) by extension 'ignore'
[0.694s] Level 1:colcon.colcon_core.package_identification:_identify(log) ignored
[0.694s] Level 1:colcon.colcon_core.package_discovery:discover_packages(recursive) using defaults
[0.694s] Level 1:colcon.colcon_core.package_discovery:discover_packages(ignore) discover
[0.694s] Level 1:colcon.colcon_core.package_discovery:discover_packages(ignore) using defaults
[0.694s] Level 1:colcon.colcon_core.package_discovery:discover_packages(path) discover
[0.694s] Level 1:colcon.colcon_core.package_discovery:discover_packages(path) using defaults
[0.721s] INFO:colcon.colcon_core.package_selection:Skipping package 'cartographer_rviz' in 'cartographer_ros/cartographer_rviz'
[0.722s] Level 1:colcon.colcon_core.package_discovery:discover_packages(prefix_path) check parameters
[0.722s] Level 1:colcon.colcon_core.package_discovery:discover_packages(prefix_path) discover
[0.728s] DEBUG:colcon.colcon_installed_package_information.package_discovery:Found 361 installed packages in /opt/ros/humble
[0.738s] Level 1:colcon.colcon_core.package_discovery:discover_packages(prefix_path) using defaults
[0.779s] Level 5:colcon.colcon_core.verb:set package 'cartographer' build argument 'cmake_args' from command line to 'None'
[0.779s] Level 5:colcon.colcon_core.verb:set package 'cartographer' build argument 'cmake_target' from command line to 'None'
[0.779s] Level 5:colcon.colcon_core.verb:set package 'cartographer' build argument 'cmake_target_skip_unavailable' from command line to 'False'
[0.779s] Level 5:colcon.colcon_core.verb:set package 'cartographer' build argument 'cmake_clean_cache' from command line to 'False'
[0.779s] Level 5:colcon.colcon_core.verb:set package 'cartographer' build argument 'cmake_clean_first' from command line to 'False'
[0.779s] Level 5:colcon.colcon_core.verb:set package 'cartographer' build argument 'cmake_force_configure' from command line to 'False'
[0.779s] Level 5:colcon.colcon_core.verb:set package 'cartographer' build argument 'ament_cmake_args' from command line to 'None'
[0.779s] Level 5:colcon.colcon_core.verb:set package 'cartographer' build argument 'catkin_cmake_args' from command line to 'None'
[0.779s] Level 5:colcon.colcon_core.verb:set package 'cartographer' build argument 'catkin_skip_building_tests' from command line to 'False'
[0.779s] DEBUG:colcon.colcon_core.verb:Building package 'cartographer' with the following arguments: {'ament_cmake_args': None, 'build_base': '/home/nagisa/fishbot_ws/src/build/cartographer', 'catkin_cmake_args': None, 'catkin_skip_building_tests': False, 'cmake_args': None, 'cmake_clean_cache': False, 'cmake_clean_first': False, 'cmake_force_configure': False, 'cmake_target': None, 'cmake_target_skip_unavailable': False, 'install_base': '/home/nagisa/fishbot_ws/src/install/cartographer', 'merge_install': False, 'path': '/home/nagisa/fishbot_ws/src/cartographer', 'symlink_install': False, 'test_result_base': None}
[0.779s] Level 5:colcon.colcon_core.verb:set package 'cartographer_ros_msgs' build argument 'cmake_args' from command line to 'None'
[0.779s] Level 5:colcon.colcon_core.verb:set package 'cartographer_ros_msgs' build argument 'cmake_target' from command line to 'None'
[0.779s] Level 5:colcon.colcon_core.verb:set package 'cartographer_ros_msgs' build argument 'cmake_target_skip_unavailable' from command line to 'False'
[0.779s] Level 5:colcon.colcon_core.verb:set package 'cartographer_ros_msgs' build argument 'cmake_clean_cache' from command line to 'False'
[0.779s] Level 5:colcon.colcon_core.verb:set package 'cartographer_ros_msgs' build argument 'cmake_clean_first' from command line to 'False'
[0.780s] Level 5:colcon.colcon_core.verb:set package 'cartographer_ros_msgs' build argument 'cmake_force_configure' from command line to 'False'
[0.780s] Level 5:colcon.colcon_core.verb:set package 'cartographer_ros_msgs' build argument 'ament_cmake_args' from command line to 'None'
[0.780s] Level 5:colcon.colcon_core.verb:set package 'cartographer_ros_msgs' build argument 'catkin_cmake_args' from command line to 'None'
[0.780s] Level 5:colcon.colcon_core.verb:set package 'cartographer_ros_msgs' build argument 'catkin_skip_building_tests' from command line to 'False'
[0.780s] DEBUG:colcon.colcon_core.verb:Building package 'cartographer_ros_msgs' with the following arguments: {'ament_cmake_args': None, 'build_base': '/home/nagisa/fishbot_ws/src/build/cartographer_ros_msgs', 'catkin_cmake_args': None, 'catkin_skip_building_tests': False, 'cmake_args': None, 'cmake_clean_cache': False, 'cmake_clean_first': False, 'cmake_force_configure': False, 'cmake_target': None, 'cmake_target_skip_unavailable': False, 'install_base': '/home/nagisa/fishbot_ws/src/install/cartographer_ros_msgs', 'merge_install': False, 'path': '/home/nagisa/fishbot_ws/src/cartographer_ros/cartographer_ros_msgs', 'symlink_install': False, 'test_result_base': None}
[0.780s] Level 5:colcon.colcon_core.verb:set package 'cartographer_ros' build argument 'cmake_args' from command line to 'None'
[0.780s] Level 5:colcon.colcon_core.verb:set package 'cartographer_ros' build argument 'cmake_target' from command line to 'None'
[0.780s] Level 5:colcon.colcon_core.verb:set package 'cartographer_ros' build argument 'cmake_target_skip_unavailable' from command line to 'False'
[0.780s] Level 5:colcon.colcon_core.verb:set package 'cartographer_ros' build argument 'cmake_clean_cache' from command line to 'False'
[0.780s] Level 5:colcon.colcon_core.verb:set package 'cartographer_ros' build argument 'cmake_clean_first' from command line to 'False'
[0.780s] Level 5:colcon.colcon_core.verb:set package 'cartographer_ros' build argument 'cmake_force_configure' from command line to 'False'
[0.780s] Level 5:colcon.colcon_core.verb:set package 'cartographer_ros' build argument 'ament_cmake_args' from command line to 'None'
[0.780s] Level 5:colcon.colcon_core.verb:set package 'cartographer_ros' build argument 'catkin_cmake_args' from command line to 'None'
[0.780s] Level 5:colcon.colcon_core.verb:set package 'cartographer_ros' build argument 'catkin_skip_building_tests' from command line to 'False'
[0.780s] DEBUG:colcon.colcon_core.verb:Building package 'cartographer_ros' with the following arguments: {'ament_cmake_args': None, 'build_base': '/home/nagisa/fishbot_ws/src/build/cartographer_ros', 'catkin_cmake_args': None, 'catkin_skip_building_tests': False, 'cmake_args': None, 'cmake_clean_cache': False, 'cmake_clean_first': False, 'cmake_force_configure': False, 'cmake_target': None, 'cmake_target_skip_unavailable': False, 'install_base': '/home/nagisa/fishbot_ws/src/install/cartographer_ros', 'merge_install': False, 'path': '/home/nagisa/fishbot_ws/src/cartographer_ros/cartographer_ros', 'symlink_install': False, 'test_result_base': None}
[0.780s] INFO:colcon.colcon_core.executor:Executing jobs using 'parallel' executor
[0.781s] DEBUG:colcon.colcon_parallel_executor.executor.parallel:run_until_complete
[0.782s] INFO:colcon.colcon_ros.task.cmake.build:Building ROS package in '/home/nagisa/fishbot_ws/src/cartographer' with build type 'cmake'
[0.782s] INFO:colcon.colcon_cmake.task.cmake.build:Building CMake package in '/home/nagisa/fishbot_ws/src/cartographer'
[0.791s] INFO:colcon.colcon_core.plugin_system:Skipping extension 'colcon_core.shell.bat': Not used on non-Windows systems
[0.791s] INFO:colcon.colcon_core.shell:Skip shell extension 'powershell' for command environment: Not usable outside of PowerShell
[0.791s] DEBUG:colcon.colcon_core.shell:Skip shell extension 'dsv' for command environment
[0.797s] INFO:colcon.colcon_ros.task.ament_cmake.build:Building ROS package in '/home/nagisa/fishbot_ws/src/cartographer_ros/cartographer_ros_msgs' with build type 'ament_cmake'
[0.797s] INFO:colcon.colcon_cmake.task.cmake.build:Building CMake package in '/home/nagisa/fishbot_ws/src/cartographer_ros/cartographer_ros_msgs'
[0.798s] INFO:colcon.colcon_core.shell:Skip shell extension 'powershell' for command environment: Not usable outside of PowerShell
[0.798s] DEBUG:colcon.colcon_core.shell:Skip shell extension 'dsv' for command environment
[0.804s] DEBUG:colcon.colcon_core.event_handler.log_command:Invoking command in '/home/nagisa/fishbot_ws/src/build/cartographer': CMAKE_PREFIX_PATH=/opt/ros/humble /usr/bin/cmake /home/nagisa/fishbot_ws/src/cartographer -DCMAKE_INSTALL_PREFIX=/home/nagisa/fishbot_ws/src/install/cartographer
[0.813s] DEBUG:colcon.colcon_core.event_handler.log_command:Invoking command in '/home/nagisa/fishbot_ws/src/build/cartographer_ros_msgs': CMAKE_PREFIX_PATH=/opt/ros/humble /usr/bin/cmake /home/nagisa/fishbot_ws/src/cartographer_ros/cartographer_ros_msgs -DCMAKE_INSTALL_PREFIX=/home/nagisa/fishbot_ws/src/install/cartographer_ros_msgs
[2.447s] DEBUG:colcon.colcon_core.event_handler.log_command:Invoked command in '/home/nagisa/fishbot_ws/src/build/cartographer' returned '0': CMAKE_PREFIX_PATH=/opt/ros/humble /usr/bin/cmake /home/nagisa/fishbot_ws/src/cartographer -DCMAKE_INSTALL_PREFIX=/home/nagisa/fishbot_ws/src/install/cartographer
[2.449s] DEBUG:colcon.colcon_core.event_handler.log_command:Invoking command in '/home/nagisa/fishbot_ws/src/build/cartographer': CMAKE_PREFIX_PATH=/opt/ros/humble /usr/bin/cmake --build /home/nagisa/fishbot_ws/src/build/cartographer -- -j12 -l12
[3.812s] DEBUG:colcon.colcon_core.event_handler.log_command:Invoked command in '/home/nagisa/fishbot_ws/src/build/cartographer_ros_msgs' returned '0': CMAKE_PREFIX_PATH=/opt/ros/humble /usr/bin/cmake /home/nagisa/fishbot_ws/src/cartographer_ros/cartographer_ros_msgs -DCMAKE_INSTALL_PREFIX=/home/nagisa/fishbot_ws/src/install/cartographer_ros_msgs
[3.817s] DEBUG:colcon.colcon_core.event_handler.log_command:Invoking command in '/home/nagisa/fishbot_ws/src/build/cartographer_ros_msgs': CMAKE_PREFIX_PATH=/opt/ros/humble /usr/bin/cmake --build /home/nagisa/fishbot_ws/src/build/cartographer_ros_msgs -- -j12 -l12
[32.456s] DEBUG:colcon.colcon_core.event_handler.log_command:Invoked command in '/home/nagisa/fishbot_ws/src/build/cartographer_ros_msgs' returned '0': CMAKE_PREFIX_PATH=/opt/ros/humble /usr/bin/cmake --build /home/nagisa/fishbot_ws/src/build/cartographer_ros_msgs -- -j12 -l12
[34.128s] DEBUG:colcon.colcon_core.event_handler.log_command:Invoking command in '/home/nagisa/fishbot_ws/src/build/cartographer_ros_msgs': CMAKE_PREFIX_PATH=/opt/ros/humble /usr/bin/cmake --install /home/nagisa/fishbot_ws/src/build/cartographer_ros_msgs
[35.524s] DEBUG:colcon.colcon_core.event_handler.log_command:Invoked command in '/home/nagisa/fishbot_ws/src/build/cartographer_ros_msgs' returned '0': CMAKE_PREFIX_PATH=/opt/ros/humble /usr/bin/cmake --install /home/nagisa/fishbot_ws/src/build/cartographer_ros_msgs
[35.526s] Level 1:colcon.colcon_core.environment:create_environment_scripts_only(cartographer_ros_msgs)
[36.065s] Level 1:colcon.colcon_core.environment:checking '/home/nagisa/fishbot_ws/src/install/cartographer_ros_msgs' for CMake module files
[36.177s] Level 1:colcon.colcon_core.environment:checking '/home/nagisa/fishbot_ws/src/install/cartographer_ros_msgs' for CMake config files
[36.199s] Level 1:colcon.colcon_core.shell:create_environment_hook('cartographer_ros_msgs', 'cmake_prefix_path')
[36.331s] INFO:colcon.colcon_core.shell:Creating environment hook '/home/nagisa/fishbot_ws/src/install/cartographer_ros_msgs/share/cartographer_ros_msgs/hook/cmake_prefix_path.ps1'
[36.747s] INFO:colcon.colcon_core.shell:Creating environment descriptor '/home/nagisa/fishbot_ws/src/install/cartographer_ros_msgs/share/cartographer_ros_msgs/hook/cmake_prefix_path.dsv'
[36.881s] INFO:colcon.colcon_core.shell:Creating environment hook '/home/nagisa/fishbot_ws/src/install/cartographer_ros_msgs/share/cartographer_ros_msgs/hook/cmake_prefix_path.sh'
[37.310s] Level 1:colcon.colcon_core.environment:checking '/home/nagisa/fishbot_ws/src/install/cartographer_ros_msgs/lib'
[37.333s] Level 1:colcon.colcon_core.shell:create_environment_hook('cartographer_ros_msgs', 'ld_library_path_lib')
[37.335s] INFO:colcon.colcon_core.shell:Creating environment hook '/home/nagisa/fishbot_ws/src/install/cartographer_ros_msgs/share/cartographer_ros_msgs/hook/ld_library_path_lib.ps1'
[37.359s] INFO:colcon.colcon_core.shell:Creating environment descriptor '/home/nagisa/fishbot_ws/src/install/cartographer_ros_msgs/share/cartographer_ros_msgs/hook/ld_library_path_lib.dsv'
[37.375s] INFO:colcon.colcon_core.shell:Creating environment hook '/home/nagisa/fishbot_ws/src/install/cartographer_ros_msgs/share/cartographer_ros_msgs/hook/ld_library_path_lib.sh'
[37.393s] Level 1:colcon.colcon_core.environment:checking '/home/nagisa/fishbot_ws/src/install/cartographer_ros_msgs/bin'
[37.394s] Level 1:colcon.colcon_core.environment:checking '/home/nagisa/fishbot_ws/src/install/cartographer_ros_msgs/lib/pkgconfig/cartographer_ros_msgs.pc'
[37.428s] Level 1:colcon.colcon_core.environment:checking '/home/nagisa/fishbot_ws/src/install/cartographer_ros_msgs/lib/python3.10/site-packages'
[37.428s] Level 1:colcon.colcon_core.environment:checking '/home/nagisa/fishbot_ws/src/install/cartographer_ros_msgs/bin'
[37.430s] INFO:colcon.colcon_core.shell:Creating package script '/home/nagisa/fishbot_ws/src/install/cartographer_ros_msgs/share/cartographer_ros_msgs/package.ps1'
[37.452s] INFO:colcon.colcon_core.shell:Creating package descriptor '/home/nagisa/fishbot_ws/src/install/cartographer_ros_msgs/share/cartographer_ros_msgs/package.dsv'
[37.457s] INFO:colcon.colcon_core.shell:Creating package script '/home/nagisa/fishbot_ws/src/install/cartographer_ros_msgs/share/cartographer_ros_msgs/package.sh'
[37.466s] INFO:colcon.colcon_core.shell:Creating package script '/home/nagisa/fishbot_ws/src/install/cartographer_ros_msgs/share/cartographer_ros_msgs/package.bash'
[37.478s] INFO:colcon.colcon_core.shell:Creating package script '/home/nagisa/fishbot_ws/src/install/cartographer_ros_msgs/share/cartographer_ros_msgs/package.zsh'
[37.491s] Level 1:colcon.colcon_core.environment:create_file_with_runtime_dependencies(/home/nagisa/fishbot_ws/src/install/cartographer_ros_msgs/share/colcon-core/packages/cartographer_ros_msgs)
[40.016s] Level 1:colcon.colcon_core.environment:create_environment_scripts_only(cartographer_ros_msgs)
[40.016s] Level 1:colcon.colcon_core.environment:checking '/home/nagisa/fishbot_ws/src/install/cartographer_ros_msgs' for CMake module files
[40.018s] Level 1:colcon.colcon_core.environment:checking '/home/nagisa/fishbot_ws/src/install/cartographer_ros_msgs' for CMake config files
[40.019s] Level 1:colcon.colcon_core.shell:create_environment_hook('cartographer_ros_msgs', 'cmake_prefix_path')
[40.024s] INFO:colcon.colcon_core.shell:Creating environment hook '/home/nagisa/fishbot_ws/src/install/cartographer_ros_msgs/share/cartographer_ros_msgs/hook/cmake_prefix_path.ps1'
[40.029s] INFO:colcon.colcon_core.shell:Creating environment descriptor '/home/nagisa/fishbot_ws/src/install/cartographer_ros_msgs/share/cartographer_ros_msgs/hook/cmake_prefix_path.dsv'
[40.030s] INFO:colcon.colcon_core.shell:Creating environment hook '/home/nagisa/fishbot_ws/src/install/cartographer_ros_msgs/share/cartographer_ros_msgs/hook/cmake_prefix_path.sh'
[40.035s] Level 1:colcon.colcon_core.environment:checking '/home/nagisa/fishbot_ws/src/install/cartographer_ros_msgs/lib'
[40.035s] Level 1:colcon.colcon_core.shell:create_environment_hook('cartographer_ros_msgs', 'ld_library_path_lib')
[40.036s] INFO:colcon.colcon_core.shell:Creating environment hook '/home/nagisa/fishbot_ws/src/install/cartographer_ros_msgs/share/cartographer_ros_msgs/hook/ld_library_path_lib.ps1'
[40.036s] INFO:colcon.colcon_core.shell:Creating environment descriptor '/home/nagisa/fishbot_ws/src/install/cartographer_ros_msgs/share/cartographer_ros_msgs/hook/ld_library_path_lib.dsv'
[40.037s] INFO:colcon.colcon_core.shell:Creating environment hook '/home/nagisa/fishbot_ws/src/install/cartographer_ros_msgs/share/cartographer_ros_msgs/hook/ld_library_path_lib.sh'
[40.043s] Level 1:colcon.colcon_core.environment:checking '/home/nagisa/fishbot_ws/src/install/cartographer_ros_msgs/bin'
[40.043s] Level 1:colcon.colcon_core.environment:checking '/home/nagisa/fishbot_ws/src/install/cartographer_ros_msgs/lib/pkgconfig/cartographer_ros_msgs.pc'
[40.043s] Level 1:colcon.colcon_core.environment:checking '/home/nagisa/fishbot_ws/src/install/cartographer_ros_msgs/lib/python3.10/site-packages'
[40.043s] Level 1:colcon.colcon_core.environment:checking '/home/nagisa/fishbot_ws/src/install/cartographer_ros_msgs/bin'
[40.045s] INFO:colcon.colcon_core.shell:Creating package script '/home/nagisa/fishbot_ws/src/install/cartographer_ros_msgs/share/cartographer_ros_msgs/package.ps1'
[40.067s] INFO:colcon.colcon_core.shell:Creating package descriptor '/home/nagisa/fishbot_ws/src/install/cartographer_ros_msgs/share/cartographer_ros_msgs/package.dsv'
[40.071s] INFO:colcon.colcon_core.shell:Creating package script '/home/nagisa/fishbot_ws/src/install/cartographer_ros_msgs/share/cartographer_ros_msgs/package.sh'
[40.078s] INFO:colcon.colcon_core.shell:Creating package script '/home/nagisa/fishbot_ws/src/install/cartographer_ros_msgs/share/cartographer_ros_msgs/package.bash'
[40.080s] INFO:colcon.colcon_core.shell:Creating package script '/home/nagisa/fishbot_ws/src/install/cartographer_ros_msgs/share/cartographer_ros_msgs/package.zsh'
[40.085s] Level 1:colcon.colcon_core.environment:create_file_with_runtime_dependencies(/home/nagisa/fishbot_ws/src/install/cartographer_ros_msgs/share/colcon-core/packages/cartographer_ros_msgs)
[252.246s] DEBUG:colcon.colcon_core.event_handler.log_command:Invoked command in '/home/nagisa/fishbot_ws/src/build/cartographer' returned '0': CMAKE_PREFIX_PATH=/opt/ros/humble /usr/bin/cmake --build /home/nagisa/fishbot_ws/src/build/cartographer -- -j12 -l12
[253.863s] DEBUG:colcon.colcon_core.event_handler.log_command:Invoking command in '/home/nagisa/fishbot_ws/src/build/cartographer': CMAKE_PREFIX_PATH=/opt/ros/humble /usr/bin/cmake --install /home/nagisa/fishbot_ws/src/build/cartographer
[253.988s] DEBUG:colcon.colcon_core.event_handler.log_command:Invoked command in '/home/nagisa/fishbot_ws/src/build/cartographer' returned '0': CMAKE_PREFIX_PATH=/opt/ros/humble /usr/bin/cmake --install /home/nagisa/fishbot_ws/src/build/cartographer
[255.526s] Level 1:colcon.colcon_core.shell:create_environment_hook('cartographer', 'pkg_config_path')
[255.568s] INFO:colcon.colcon_core.shell:Creating environment hook '/home/nagisa/fishbot_ws/src/install/cartographer/share/cartographer/hook/pkg_config_path.ps1'
[255.609s] INFO:colcon.colcon_core.shell:Creating environment descriptor '/home/nagisa/fishbot_ws/src/install/cartographer/share/cartographer/hook/pkg_config_path.dsv'
[255.616s] INFO:colcon.colcon_core.shell:Creating environment hook '/home/nagisa/fishbot_ws/src/install/cartographer/share/cartographer/hook/pkg_config_path.sh'
[255.643s] Level 1:colcon.colcon_core.shell:create_environment_hook('cartographer', 'pkg_config_path_multiarch')
[255.644s] INFO:colcon.colcon_core.shell:Creating environment hook '/home/nagisa/fishbot_ws/src/install/cartographer/share/cartographer/hook/pkg_config_path_multiarch.ps1'
[255.646s] INFO:colcon.colcon_core.shell:Creating environment descriptor '/home/nagisa/fishbot_ws/src/install/cartographer/share/cartographer/hook/pkg_config_path_multiarch.dsv'
[255.647s] INFO:colcon.colcon_core.shell:Creating environment hook '/home/nagisa/fishbot_ws/src/install/cartographer/share/cartographer/hook/pkg_config_path_multiarch.sh'
[255.652s] Level 1:colcon.colcon_core.environment:create_environment_scripts_only(cartographer)
[255.656s] Level 1:colcon.colcon_core.environment:checking '/home/nagisa/fishbot_ws/src/install/cartographer' for CMake module files
[255.659s] Level 1:colcon.colcon_core.environment:checking '/home/nagisa/fishbot_ws/src/install/cartographer' for CMake config files
[255.661s] Level 1:colcon.colcon_core.shell:create_environment_hook('cartographer', 'cmake_prefix_path')
[255.661s] INFO:colcon.colcon_core.shell:Creating environment hook '/home/nagisa/fishbot_ws/src/install/cartographer/share/cartographer/hook/cmake_prefix_path.ps1'
[255.661s] INFO:colcon.colcon_core.shell:Creating environment descriptor '/home/nagisa/fishbot_ws/src/install/cartographer/share/cartographer/hook/cmake_prefix_path.dsv'
[255.662s] INFO:colcon.colcon_core.shell:Creating environment hook '/home/nagisa/fishbot_ws/src/install/cartographer/share/cartographer/hook/cmake_prefix_path.sh'
[255.676s] Level 1:colcon.colcon_core.environment:checking '/home/nagisa/fishbot_ws/src/install/cartographer/lib'
[255.677s] Level 1:colcon.colcon_core.environment:checking '/home/nagisa/fishbot_ws/src/install/cartographer/bin'
[255.677s] Level 1:colcon.colcon_core.shell:create_environment_hook('cartographer', 'path')
[255.678s] INFO:colcon.colcon_core.shell:Creating environment hook '/home/nagisa/fishbot_ws/src/install/cartographer/share/cartographer/hook/path.ps1'
[255.679s] INFO:colcon.colcon_core.shell:Creating environment descriptor '/home/nagisa/fishbot_ws/src/install/cartographer/share/cartographer/hook/path.dsv'
[255.680s] INFO:colcon.colcon_core.shell:Creating environment hook '/home/nagisa/fishbot_ws/src/install/cartographer/share/cartographer/hook/path.sh'
[255.681s] Level 1:colcon.colcon_core.environment:checking '/home/nagisa/fishbot_ws/src/install/cartographer/lib/pkgconfig/cartographer.pc'
[255.691s] Level 1:colcon.colcon_core.environment:checking '/home/nagisa/fishbot_ws/src/install/cartographer/lib/python3.10/site-packages'
[255.691s] Level 1:colcon.colcon_core.environment:checking '/home/nagisa/fishbot_ws/src/install/cartographer/bin'
[255.692s] Level 1:colcon.colcon_core.shell:create_environment_hook('cartographer', 'pythonscriptspath')
[255.693s] INFO:colcon.colcon_core.shell:Creating environment hook '/home/nagisa/fishbot_ws/src/install/cartographer/share/cartographer/hook/pythonscriptspath.ps1'
[255.694s] INFO:colcon.colcon_core.shell:Creating environment descriptor '/home/nagisa/fishbot_ws/src/install/cartographer/share/cartographer/hook/pythonscriptspath.dsv'
[255.695s] INFO:colcon.colcon_core.shell:Creating environment hook '/home/nagisa/fishbot_ws/src/install/cartographer/share/cartographer/hook/pythonscriptspath.sh'
[255.697s] INFO:colcon.colcon_core.shell:Creating package script '/home/nagisa/fishbot_ws/src/install/cartographer/share/cartographer/package.ps1'
[255.703s] INFO:colcon.colcon_core.shell:Creating package descriptor '/home/nagisa/fishbot_ws/src/install/cartographer/share/cartographer/package.dsv'
[255.706s] INFO:colcon.colcon_core.shell:Creating package script '/home/nagisa/fishbot_ws/src/install/cartographer/share/cartographer/package.sh'
[255.714s] INFO:colcon.colcon_core.shell:Creating package script '/home/nagisa/fishbot_ws/src/install/cartographer/share/cartographer/package.bash'
[255.719s] INFO:colcon.colcon_core.shell:Creating package script '/home/nagisa/fishbot_ws/src/install/cartographer/share/cartographer/package.zsh'
[255.726s] Level 1:colcon.colcon_core.environment:create_file_with_runtime_dependencies(/home/nagisa/fishbot_ws/src/install/cartographer/share/colcon-core/packages/cartographer)
[255.734s] INFO:colcon.colcon_ros.task.ament_cmake.build:Building ROS package in '/home/nagisa/fishbot_ws/src/cartographer_ros/cartographer_ros' with build type 'ament_cmake'
[255.735s] INFO:colcon.colcon_cmake.task.cmake.build:Building CMake package in '/home/nagisa/fishbot_ws/src/cartographer_ros/cartographer_ros'
[255.739s] INFO:colcon.colcon_core.shell:Skip shell extension 'powershell' for command environment: Not usable outside of PowerShell
[255.739s] DEBUG:colcon.colcon_core.shell:Skip shell extension 'dsv' for command environment
[255.797s] DEBUG:colcon.colcon_core.event_handler.log_command:Invoking command in '/home/nagisa/fishbot_ws/src/build/cartographer_ros': AMENT_PREFIX_PATH=/home/nagisa/fishbot_ws/src/install/cartographer_ros_msgs:${AMENT_PREFIX_PATH} CMAKE_PREFIX_PATH=/home/nagisa/fishbot_ws/src/install/cartographer_ros_msgs:/home/nagisa/fishbot_ws/src/install/cartographer:/opt/ros/humble LD_LIBRARY_PATH=/home/nagisa/fishbot_ws/src/install/cartographer_ros_msgs/lib:${LD_LIBRARY_PATH} PATH=/home/nagisa/fishbot_ws/src/install/cartographer/bin:${PATH} PKG_CONFIG_PATH=/home/nagisa/fishbot_ws/src/install/cartographer/lib/x86_64-linux-gnu/pkgconfig:/home/nagisa/fishbot_ws/src/install/cartographer/lib/pkgconfig PYTHONPATH=/home/nagisa/fishbot_ws/src/install/cartographer_ros_msgs/local/lib/python3.10/dist-packages:${PYTHONPATH} /usr/bin/cmake /home/nagisa/fishbot_ws/src/cartographer_ros/cartographer_ros -DCMAKE_INSTALL_PREFIX=/home/nagisa/fishbot_ws/src/install/cartographer_ros
[258.740s] DEBUG:colcon.colcon_core.event_handler.log_command:Invoked command in '/home/nagisa/fishbot_ws/src/build/cartographer_ros' returned '0': AMENT_PREFIX_PATH=/home/nagisa/fishbot_ws/src/install/cartographer_ros_msgs:${AMENT_PREFIX_PATH} CMAKE_PREFIX_PATH=/home/nagisa/fishbot_ws/src/install/cartographer_ros_msgs:/home/nagisa/fishbot_ws/src/install/cartographer:/opt/ros/humble LD_LIBRARY_PATH=/home/nagisa/fishbot_ws/src/install/cartographer_ros_msgs/lib:${LD_LIBRARY_PATH} PATH=/home/nagisa/fishbot_ws/src/install/cartographer/bin:${PATH} PKG_CONFIG_PATH=/home/nagisa/fishbot_ws/src/install/cartographer/lib/x86_64-linux-gnu/pkgconfig:/home/nagisa/fishbot_ws/src/install/cartographer/lib/pkgconfig PYTHONPATH=/home/nagisa/fishbot_ws/src/install/cartographer_ros_msgs/local/lib/python3.10/dist-packages:${PYTHONPATH} /usr/bin/cmake /home/nagisa/fishbot_ws/src/cartographer_ros/cartographer_ros -DCMAKE_INSTALL_PREFIX=/home/nagisa/fishbot_ws/src/install/cartographer_ros
[258.744s] DEBUG:colcon.colcon_core.event_handler.log_command:Invoking command in '/home/nagisa/fishbot_ws/src/build/cartographer_ros': AMENT_PREFIX_PATH=/home/nagisa/fishbot_ws/src/install/cartographer_ros_msgs:${AMENT_PREFIX_PATH} CMAKE_PREFIX_PATH=/home/nagisa/fishbot_ws/src/install/cartographer_ros_msgs:/home/nagisa/fishbot_ws/src/install/cartographer:/opt/ros/humble LD_LIBRARY_PATH=/home/nagisa/fishbot_ws/src/install/cartographer_ros_msgs/lib:${LD_LIBRARY_PATH} PATH=/home/nagisa/fishbot_ws/src/install/cartographer/bin:${PATH} PKG_CONFIG_PATH=/home/nagisa/fishbot_ws/src/install/cartographer/lib/x86_64-linux-gnu/pkgconfig:/home/nagisa/fishbot_ws/src/install/cartographer/lib/pkgconfig PYTHONPATH=/home/nagisa/fishbot_ws/src/install/cartographer_ros_msgs/local/lib/python3.10/dist-packages:${PYTHONPATH} /usr/bin/cmake --build /home/nagisa/fishbot_ws/src/build/cartographer_ros -- -j12 -l12
[428.891s] DEBUG:colcon.colcon_core.event_handler.log_command:Invoked command in '/home/nagisa/fishbot_ws/src/build/cartographer_ros' returned '0': AMENT_PREFIX_PATH=/home/nagisa/fishbot_ws/src/install/cartographer_ros_msgs:${AMENT_PREFIX_PATH} CMAKE_PREFIX_PATH=/home/nagisa/fishbot_ws/src/install/cartographer_ros_msgs:/home/nagisa/fishbot_ws/src/install/cartographer:/opt/ros/humble LD_LIBRARY_PATH=/home/nagisa/fishbot_ws/src/install/cartographer_ros_msgs/lib:${LD_LIBRARY_PATH} PATH=/home/nagisa/fishbot_ws/src/install/cartographer/bin:${PATH} PKG_CONFIG_PATH=/home/nagisa/fishbot_ws/src/install/cartographer/lib/x86_64-linux-gnu/pkgconfig:/home/nagisa/fishbot_ws/src/install/cartographer/lib/pkgconfig PYTHONPATH=/home/nagisa/fishbot_ws/src/install/cartographer_ros_msgs/local/lib/python3.10/dist-packages:${PYTHONPATH} /usr/bin/cmake --build /home/nagisa/fishbot_ws/src/build/cartographer_ros -- -j12 -l12
[429.203s] DEBUG:colcon.colcon_core.event_handler.log_command:Invoking command in '/home/nagisa/fishbot_ws/src/build/cartographer_ros': AMENT_PREFIX_PATH=/home/nagisa/fishbot_ws/src/install/cartographer_ros_msgs:${AMENT_PREFIX_PATH} CMAKE_PREFIX_PATH=/home/nagisa/fishbot_ws/src/install/cartographer_ros_msgs:/home/nagisa/fishbot_ws/src/install/cartographer:/opt/ros/humble LD_LIBRARY_PATH=/home/nagisa/fishbot_ws/src/install/cartographer_ros_msgs/lib:${LD_LIBRARY_PATH} PATH=/home/nagisa/fishbot_ws/src/install/cartographer/bin:${PATH} PKG_CONFIG_PATH=/home/nagisa/fishbot_ws/src/install/cartographer/lib/x86_64-linux-gnu/pkgconfig:/home/nagisa/fishbot_ws/src/install/cartographer/lib/pkgconfig PYTHONPATH=/home/nagisa/fishbot_ws/src/install/cartographer_ros_msgs/local/lib/python3.10/dist-packages:${PYTHONPATH} /usr/bin/cmake --install /home/nagisa/fishbot_ws/src/build/cartographer_ros
[429.439s] Level 1:colcon.colcon_core.environment:create_environment_scripts_only(cartographer_ros)
[429.457s] DEBUG:colcon.colcon_core.event_handler.log_command:Invoked command in '/home/nagisa/fishbot_ws/src/build/cartographer_ros' returned '0': AMENT_PREFIX_PATH=/home/nagisa/fishbot_ws/src/install/cartographer_ros_msgs:${AMENT_PREFIX_PATH} CMAKE_PREFIX_PATH=/home/nagisa/fishbot_ws/src/install/cartographer_ros_msgs:/home/nagisa/fishbot_ws/src/install/cartographer:/opt/ros/humble LD_LIBRARY_PATH=/home/nagisa/fishbot_ws/src/install/cartographer_ros_msgs/lib:${LD_LIBRARY_PATH} PATH=/home/nagisa/fishbot_ws/src/install/cartographer/bin:${PATH} PKG_CONFIG_PATH=/home/nagisa/fishbot_ws/src/install/cartographer/lib/x86_64-linux-gnu/pkgconfig:/home/nagisa/fishbot_ws/src/install/cartographer/lib/pkgconfig PYTHONPATH=/home/nagisa/fishbot_ws/src/install/cartographer_ros_msgs/local/lib/python3.10/dist-packages:${PYTHONPATH} /usr/bin/cmake --install /home/nagisa/fishbot_ws/src/build/cartographer_ros
[429.470s] Level 1:colcon.colcon_core.environment:checking '/home/nagisa/fishbot_ws/src/install/cartographer_ros' for CMake module files
[429.474s] Level 1:colcon.colcon_core.environment:checking '/home/nagisa/fishbot_ws/src/install/cartographer_ros' for CMake config files
[429.479s] Level 1:colcon.colcon_core.shell:create_environment_hook('cartographer_ros', 'cmake_prefix_path')
[429.485s] INFO:colcon.colcon_core.shell:Creating environment hook '/home/nagisa/fishbot_ws/src/install/cartographer_ros/share/cartographer_ros/hook/cmake_prefix_path.ps1'
[429.526s] INFO:colcon.colcon_core.shell:Creating environment descriptor '/home/nagisa/fishbot_ws/src/install/cartographer_ros/share/cartographer_ros/hook/cmake_prefix_path.dsv'
[429.531s] INFO:colcon.colcon_core.shell:Creating environment hook '/home/nagisa/fishbot_ws/src/install/cartographer_ros/share/cartographer_ros/hook/cmake_prefix_path.sh'
[429.546s] Level 1:colcon.colcon_core.environment:checking '/home/nagisa/fishbot_ws/src/install/cartographer_ros/lib'
[429.546s] Level 1:colcon.colcon_core.environment:checking '/home/nagisa/fishbot_ws/src/install/cartographer_ros/bin'
[429.547s] Level 1:colcon.colcon_core.environment:checking '/home/nagisa/fishbot_ws/src/install/cartographer_ros/lib/pkgconfig/cartographer_ros.pc'
[429.557s] Level 1:colcon.colcon_core.environment:checking '/home/nagisa/fishbot_ws/src/install/cartographer_ros/lib/python3.10/site-packages'
[429.558s] Level 1:colcon.colcon_core.environment:checking '/home/nagisa/fishbot_ws/src/install/cartographer_ros/bin'
[429.559s] INFO:colcon.colcon_core.shell:Creating package script '/home/nagisa/fishbot_ws/src/install/cartographer_ros/share/cartographer_ros/package.ps1'
[429.567s] INFO:colcon.colcon_core.shell:Creating package descriptor '/home/nagisa/fishbot_ws/src/install/cartographer_ros/share/cartographer_ros/package.dsv'
[429.570s] INFO:colcon.colcon_core.shell:Creating package script '/home/nagisa/fishbot_ws/src/install/cartographer_ros/share/cartographer_ros/package.sh'
[429.574s] INFO:colcon.colcon_core.shell:Creating package script '/home/nagisa/fishbot_ws/src/install/cartographer_ros/share/cartographer_ros/package.bash'
[429.580s] INFO:colcon.colcon_core.shell:Creating package script '/home/nagisa/fishbot_ws/src/install/cartographer_ros/share/cartographer_ros/package.zsh'
[429.590s] Level 1:colcon.colcon_core.environment:create_file_with_runtime_dependencies(/home/nagisa/fishbot_ws/src/install/cartographer_ros/share/colcon-core/packages/cartographer_ros)
[429.808s] Level 1:colcon.colcon_core.environment:create_environment_scripts_only(cartographer_ros)
[429.809s] Level 1:colcon.colcon_core.environment:checking '/home/nagisa/fishbot_ws/src/install/cartographer_ros' for CMake module files
[429.809s] Level 1:colcon.colcon_core.environment:checking '/home/nagisa/fishbot_ws/src/install/cartographer_ros' for CMake config files
[429.809s] Level 1:colcon.colcon_core.shell:create_environment_hook('cartographer_ros', 'cmake_prefix_path')
[429.810s] INFO:colcon.colcon_core.shell:Creating environment hook '/home/nagisa/fishbot_ws/src/install/cartographer_ros/share/cartographer_ros/hook/cmake_prefix_path.ps1'
[429.811s] INFO:colcon.colcon_core.shell:Creating environment descriptor '/home/nagisa/fishbot_ws/src/install/cartographer_ros/share/cartographer_ros/hook/cmake_prefix_path.dsv'
[429.811s] INFO:colcon.colcon_core.shell:Creating environment hook '/home/nagisa/fishbot_ws/src/install/cartographer_ros/share/cartographer_ros/hook/cmake_prefix_path.sh'
[429.812s] Level 1:colcon.colcon_core.environment:checking '/home/nagisa/fishbot_ws/src/install/cartographer_ros/lib'
[429.812s] Level 1:colcon.colcon_core.environment:checking '/home/nagisa/fishbot_ws/src/install/cartographer_ros/bin'
[429.812s] Level 1:colcon.colcon_core.environment:checking '/home/nagisa/fishbot_ws/src/install/cartographer_ros/lib/pkgconfig/cartographer_ros.pc'
[429.812s] Level 1:colcon.colcon_core.environment:checking '/home/nagisa/fishbot_ws/src/install/cartographer_ros/lib/python3.10/site-packages'
[429.812s] Level 1:colcon.colcon_core.environment:checking '/home/nagisa/fishbot_ws/src/install/cartographer_ros/bin'
[429.813s] INFO:colcon.colcon_core.shell:Creating package script '/home/nagisa/fishbot_ws/src/install/cartographer_ros/share/cartographer_ros/package.ps1'
[429.814s] INFO:colcon.colcon_core.shell:Creating package descriptor '/home/nagisa/fishbot_ws/src/install/cartographer_ros/share/cartographer_ros/package.dsv'
[429.814s] INFO:colcon.colcon_core.shell:Creating package script '/home/nagisa/fishbot_ws/src/install/cartographer_ros/share/cartographer_ros/package.sh'
[429.816s] INFO:colcon.colcon_core.shell:Creating package script '/home/nagisa/fishbot_ws/src/install/cartographer_ros/share/cartographer_ros/package.bash'
[429.817s] INFO:colcon.colcon_core.shell:Creating package script '/home/nagisa/fishbot_ws/src/install/cartographer_ros/share/cartographer_ros/package.zsh'
[429.819s] Level 1:colcon.colcon_core.environment:create_file_with_runtime_dependencies(/home/nagisa/fishbot_ws/src/install/cartographer_ros/share/colcon-core/packages/cartographer_ros)
[429.824s] DEBUG:colcon.colcon_parallel_executor.executor.parallel:closing loop
[429.834s] DEBUG:colcon.colcon_parallel_executor.executor.parallel:loop closed
[429.838s] DEBUG:colcon.colcon_parallel_executor.executor.parallel:run_until_complete finished with '0'
[429.841s] DEBUG:colcon.colcon_core.event_reactor:joining thread
[429.983s] INFO:colcon.colcon_core.plugin_system:Skipping extension 'colcon_notification.desktop_notification.terminal_notifier': Not used on non-Darwin systems
[429.983s] INFO:colcon.colcon_core.plugin_system:Skipping extension 'colcon_notification.desktop_notification.win32': Not used on non-Windows systems
[429.983s] INFO:colcon.colcon_notification.desktop_notification:Sending desktop notification using 'notify2'
[431.158s] DEBUG:colcon.colcon_core.event_reactor:joined thread
[431.164s] INFO:colcon.colcon_core.shell:Creating prefix script '/home/nagisa/fishbot_ws/src/install/local_setup.ps1'
[431.168s] INFO:colcon.colcon_core.shell:Creating prefix util module '/home/nagisa/fishbot_ws/src/install/_local_setup_util_ps1.py'
[431.170s] INFO:colcon.colcon_core.shell:Creating prefix chain script '/home/nagisa/fishbot_ws/src/install/setup.ps1'
[431.175s] INFO:colcon.colcon_core.shell:Creating prefix script '/home/nagisa/fishbot_ws/src/install/local_setup.sh'
[431.177s] INFO:colcon.colcon_core.shell:Creating prefix util module '/home/nagisa/fishbot_ws/src/install/_local_setup_util_sh.py'
[431.177s] INFO:colcon.colcon_core.shell:Creating prefix chain script '/home/nagisa/fishbot_ws/src/install/setup.sh'
[431.180s] INFO:colcon.colcon_core.shell:Creating prefix script '/home/nagisa/fishbot_ws/src/install/local_setup.bash'
[431.181s] INFO:colcon.colcon_core.shell:Creating prefix chain script '/home/nagisa/fishbot_ws/src/install/setup.bash'
[431.182s] INFO:colcon.colcon_core.shell:Creating prefix script '/home/nagisa/fishbot_ws/src/install/local_setup.zsh'
[431.183s] INFO:colcon.colcon_core.shell:Creating prefix chain script '/home/nagisa/fishbot_ws/src/install/setup.zsh'
