[0.025s] Invoking command in '/home/nagisa/fishbot_ws/build/dwb_msgs': CMAKE_PREFIX_PATH=/home/nagisa/fishbot_ws/install/nav_2d_msgs:/home/nagisa/fishbot_ws/install/navigation2:/home/nagisa/fishbot_ws/install/nav2_smoother:/home/nagisa/fishbot_ws/install/nav2_dwb_controller:/home/nagisa/fishbot_ws/install/nav2_controller:/home/nagisa/fishbot_ws/install/dwb_plugins:/home/nagisa/fishbot_ws/install/dwb_critics:/home/nagisa/fishbot_ws/install/dwb_core:/home/nagisa/fishbot_ws/install/nav_2d_utils:/home/nagisa/fishbot_ws/install/dwb_msgs:/home/nagisa/fishbot_ws/install/nav2_waypoint_follower:/home/nagisa/fishbot_ws/install/nav2_theta_star_planner:/home/nagisa/fishbot_ws/install/nav2_smac_planner:/home/nagisa/fishbot_ws/install/nav2_rotation_shim_controller:/home/nagisa/fishbot_ws/install/nav2_regulated_pure_pursuit_controller:/home/nagisa/fishbot_ws/install/nav2_planner:/home/nagisa/fishbot_ws/install/nav2_navfn_planner:/home/nagisa/fishbot_ws/install/nav2_mppi_controller:/home/nagisa/fishbot_ws/install/nav2_constrained_smoother:/home/nagisa/fishbot_ws/install/nav2_bt_navigator:/home/nagisa/fishbot_ws/install/nav2_behaviors:/home/nagisa/fishbot_ws/install/nav2_core:/home/nagisa/fishbot_ws/install/nav2_collision_monitor:/home/nagisa/fishbot_ws/install/costmap_queue:/home/nagisa/fishbot_ws/install/nav2_costmap_2d:/home/nagisa/fishbot_ws/install/nav2_voxel_grid:/home/nagisa/fishbot_ws/install/nav2_velocity_smoother:/home/nagisa/fishbot_ws/install/nav2_rviz_plugins:/home/nagisa/fishbot_ws/install/nav2_map_server:/home/nagisa/fishbot_ws/install/nav2_lifecycle_manager:/home/nagisa/fishbot_ws/install/nav2_behavior_tree:/home/nagisa/fishbot_ws/install/nav2_amcl:/home/nagisa/fishbot_ws/install/nav2_util:/home/nagisa/fishbot_ws/install/nav2_msgs:/home/nagisa/fishbot_ws/install/nav2_common:/home/nagisa/fishbot_ws/install/fishbot_navigation2:/home/nagisa/fishbot_ws/install/fishbot_cartographer:/home/nagisa/fishbot_ws/install/cartographer_rviz:/home/nagisa/fishbot_ws/install/cartographer_ros:/home/nagisa/fishbot_ws/install/cartographer_ros_msgs:/home/nagisa/fishbot_ws/install/cartographer:/home/nagisa/fishbot_ws/install/nav2_simple_commander:/home/nagisa/fishbot_ws/install/fishbot_description:/opt/ros/humble LD_LIBRARY_PATH=/home/nagisa/fishbot_ws/install/nav_2d_msgs/lib:/home/nagisa/fishbot_ws/install/nav2_smoother/lib:/home/nagisa/fishbot_ws/install/nav2_controller/lib:/home/nagisa/fishbot_ws/install/dwb_plugins/lib:/home/nagisa/fishbot_ws/install/dwb_critics/lib:/home/nagisa/fishbot_ws/install/dwb_core/lib:/home/nagisa/fishbot_ws/install/nav_2d_utils/lib:/home/nagisa/fishbot_ws/install/dwb_msgs/lib:/home/nagisa/fishbot_ws/install/nav2_waypoint_follower/lib:/home/nagisa/fishbot_ws/install/nav2_theta_star_planner/lib:/home/nagisa/fishbot_ws/install/nav2_smac_planner/lib:/home/nagisa/fishbot_ws/install/nav2_rotation_shim_controller/lib:/home/nagisa/fishbot_ws/install/nav2_regulated_pure_pursuit_controller/lib:/home/nagisa/fishbot_ws/install/nav2_planner/lib:/home/nagisa/fishbot_ws/install/nav2_navfn_planner/lib:/home/nagisa/fishbot_ws/install/nav2_mppi_controller/lib:/home/nagisa/fishbot_ws/install/nav2_constrained_smoother/lib:/home/nagisa/fishbot_ws/install/nav2_bt_navigator/lib:/home/nagisa/fishbot_ws/install/nav2_behaviors/lib:/home/nagisa/fishbot_ws/install/nav2_collision_monitor/lib:/home/nagisa/fishbot_ws/install/costmap_queue/lib:/home/nagisa/fishbot_ws/install/nav2_costmap_2d/lib:/home/nagisa/fishbot_ws/install/nav2_voxel_grid/lib:/home/nagisa/fishbot_ws/install/nav2_velocity_smoother/lib:/home/nagisa/fishbot_ws/install/nav2_rviz_plugins/lib:/home/nagisa/fishbot_ws/install/nav2_map_server/lib:/home/nagisa/fishbot_ws/install/nav2_lifecycle_manager/lib:/home/nagisa/fishbot_ws/install/nav2_behavior_tree/lib:/home/nagisa/fishbot_ws/install/nav2_amcl/lib:/home/nagisa/fishbot_ws/install/nav2_util/lib:/home/nagisa/fishbot_ws/install/nav2_msgs/lib:/home/nagisa/fishbot_ws/install/cartographer_rviz/lib:/home/nagisa/fishbot_ws/install/cartographer_ros/lib:/home/nagisa/fishbot_ws/install/cartographer_ros_msgs/lib:/usr/lib/x86_64-linux-gnu/gazebo-11/plugins:/opt/ros/humble/opt/rviz_ogre_vendor/lib:/opt/ros/humble/lib/x86_64-linux-gnu:/opt/ros/humble/lib /usr/bin/cmake --build /home/nagisa/fishbot_ws/build/dwb_msgs -- -j12 -l12
[0.143s] [  1%] Built target dwb_msgs__cpp
[0.152s] [ 12%] Built target dwb_msgs__rosidl_generator_c
[0.183s] [ 12%] Built target ament_cmake_python_copy_dwb_msgs
[0.204s] [ 24%] Built target dwb_msgs__rosidl_typesupport_c
[0.206s] [ 35%] Built target dwb_msgs__rosidl_typesupport_introspection_cpp
[0.208s] [ 55%] Built target dwb_msgs__rosidl_typesupport_introspection_c
[0.209s] [ 58%] Built target dwb_msgs__rosidl_typesupport_cpp
[0.209s] [ 70%] Built target dwb_msgs__rosidl_typesupport_fastrtps_cpp
[0.215s] [ 82%] Built target dwb_msgs__rosidl_typesupport_fastrtps_c
[0.254s] [ 82%] Built target dwb_msgs
[0.296s] [ 83%] Built target dwb_msgs__py
[0.366s] [ 93%] Built target dwb_msgs__rosidl_generator_py
[0.396s] [ 95%] Built target dwb_msgs__rosidl_typesupport_c__pyext
[0.400s] [ 97%] Built target dwb_msgs__rosidl_typesupport_fastrtps_c__pyext
[0.401s] [100%] Built target dwb_msgs__rosidl_typesupport_introspection_c__pyext
[0.424s] running egg_info
[0.425s] writing dwb_msgs.egg-info/PKG-INFO
[0.426s] writing dependency_links to dwb_msgs.egg-info/dependency_links.txt
[0.426s] writing top-level names to dwb_msgs.egg-info/top_level.txt
[0.427s] reading manifest file 'dwb_msgs.egg-info/SOURCES.txt'
[0.429s] writing manifest file 'dwb_msgs.egg-info/SOURCES.txt'
[0.457s] [100%] Built target ament_cmake_python_build_dwb_msgs_egg
[0.474s] Invoked command in '/home/nagisa/fishbot_ws/build/dwb_msgs' returned '0': CMAKE_PREFIX_PATH=/home/nagisa/fishbot_ws/install/nav_2d_msgs:/home/nagisa/fishbot_ws/install/navigation2:/home/nagisa/fishbot_ws/install/nav2_smoother:/home/nagisa/fishbot_ws/install/nav2_dwb_controller:/home/nagisa/fishbot_ws/install/nav2_controller:/home/nagisa/fishbot_ws/install/dwb_plugins:/home/nagisa/fishbot_ws/install/dwb_critics:/home/nagisa/fishbot_ws/install/dwb_core:/home/nagisa/fishbot_ws/install/nav_2d_utils:/home/nagisa/fishbot_ws/install/dwb_msgs:/home/nagisa/fishbot_ws/install/nav2_waypoint_follower:/home/nagisa/fishbot_ws/install/nav2_theta_star_planner:/home/nagisa/fishbot_ws/install/nav2_smac_planner:/home/nagisa/fishbot_ws/install/nav2_rotation_shim_controller:/home/nagisa/fishbot_ws/install/nav2_regulated_pure_pursuit_controller:/home/nagisa/fishbot_ws/install/nav2_planner:/home/nagisa/fishbot_ws/install/nav2_navfn_planner:/home/nagisa/fishbot_ws/install/nav2_mppi_controller:/home/nagisa/fishbot_ws/install/nav2_constrained_smoother:/home/nagisa/fishbot_ws/install/nav2_bt_navigator:/home/nagisa/fishbot_ws/install/nav2_behaviors:/home/nagisa/fishbot_ws/install/nav2_core:/home/nagisa/fishbot_ws/install/nav2_collision_monitor:/home/nagisa/fishbot_ws/install/costmap_queue:/home/nagisa/fishbot_ws/install/nav2_costmap_2d:/home/nagisa/fishbot_ws/install/nav2_voxel_grid:/home/nagisa/fishbot_ws/install/nav2_velocity_smoother:/home/nagisa/fishbot_ws/install/nav2_rviz_plugins:/home/nagisa/fishbot_ws/install/nav2_map_server:/home/nagisa/fishbot_ws/install/nav2_lifecycle_manager:/home/nagisa/fishbot_ws/install/nav2_behavior_tree:/home/nagisa/fishbot_ws/install/nav2_amcl:/home/nagisa/fishbot_ws/install/nav2_util:/home/nagisa/fishbot_ws/install/nav2_msgs:/home/nagisa/fishbot_ws/install/nav2_common:/home/nagisa/fishbot_ws/install/fishbot_navigation2:/home/nagisa/fishbot_ws/install/fishbot_cartographer:/home/nagisa/fishbot_ws/install/cartographer_rviz:/home/nagisa/fishbot_ws/install/cartographer_ros:/home/nagisa/fishbot_ws/install/cartographer_ros_msgs:/home/nagisa/fishbot_ws/install/cartographer:/home/nagisa/fishbot_ws/install/nav2_simple_commander:/home/nagisa/fishbot_ws/install/fishbot_description:/opt/ros/humble LD_LIBRARY_PATH=/home/nagisa/fishbot_ws/install/nav_2d_msgs/lib:/home/nagisa/fishbot_ws/install/nav2_smoother/lib:/home/nagisa/fishbot_ws/install/nav2_controller/lib:/home/nagisa/fishbot_ws/install/dwb_plugins/lib:/home/nagisa/fishbot_ws/install/dwb_critics/lib:/home/nagisa/fishbot_ws/install/dwb_core/lib:/home/nagisa/fishbot_ws/install/nav_2d_utils/lib:/home/nagisa/fishbot_ws/install/dwb_msgs/lib:/home/nagisa/fishbot_ws/install/nav2_waypoint_follower/lib:/home/nagisa/fishbot_ws/install/nav2_theta_star_planner/lib:/home/nagisa/fishbot_ws/install/nav2_smac_planner/lib:/home/nagisa/fishbot_ws/install/nav2_rotation_shim_controller/lib:/home/nagisa/fishbot_ws/install/nav2_regulated_pure_pursuit_controller/lib:/home/nagisa/fishbot_ws/install/nav2_planner/lib:/home/nagisa/fishbot_ws/install/nav2_navfn_planner/lib:/home/nagisa/fishbot_ws/install/nav2_mppi_controller/lib:/home/nagisa/fishbot_ws/install/nav2_constrained_smoother/lib:/home/nagisa/fishbot_ws/install/nav2_bt_navigator/lib:/home/nagisa/fishbot_ws/install/nav2_behaviors/lib:/home/nagisa/fishbot_ws/install/nav2_collision_monitor/lib:/home/nagisa/fishbot_ws/install/costmap_queue/lib:/home/nagisa/fishbot_ws/install/nav2_costmap_2d/lib:/home/nagisa/fishbot_ws/install/nav2_voxel_grid/lib:/home/nagisa/fishbot_ws/install/nav2_velocity_smoother/lib:/home/nagisa/fishbot_ws/install/nav2_rviz_plugins/lib:/home/nagisa/fishbot_ws/install/nav2_map_server/lib:/home/nagisa/fishbot_ws/install/nav2_lifecycle_manager/lib:/home/nagisa/fishbot_ws/install/nav2_behavior_tree/lib:/home/nagisa/fishbot_ws/install/nav2_amcl/lib:/home/nagisa/fishbot_ws/install/nav2_util/lib:/home/nagisa/fishbot_ws/install/nav2_msgs/lib:/home/nagisa/fishbot_ws/install/cartographer_rviz/lib:/home/nagisa/fishbot_ws/install/cartographer_ros/lib:/home/nagisa/fishbot_ws/install/cartographer_ros_msgs/lib:/usr/lib/x86_64-linux-gnu/gazebo-11/plugins:/opt/ros/humble/opt/rviz_ogre_vendor/lib:/opt/ros/humble/lib/x86_64-linux-gnu:/opt/ros/humble/lib /usr/bin/cmake --build /home/nagisa/fishbot_ws/build/dwb_msgs -- -j12 -l12
[1.175s] Invoking command in '/home/nagisa/fishbot_ws/build/dwb_msgs': CMAKE_PREFIX_PATH=/home/nagisa/fishbot_ws/install/nav_2d_msgs:/home/nagisa/fishbot_ws/install/navigation2:/home/nagisa/fishbot_ws/install/nav2_smoother:/home/nagisa/fishbot_ws/install/nav2_dwb_controller:/home/nagisa/fishbot_ws/install/nav2_controller:/home/nagisa/fishbot_ws/install/dwb_plugins:/home/nagisa/fishbot_ws/install/dwb_critics:/home/nagisa/fishbot_ws/install/dwb_core:/home/nagisa/fishbot_ws/install/nav_2d_utils:/home/nagisa/fishbot_ws/install/dwb_msgs:/home/nagisa/fishbot_ws/install/nav2_waypoint_follower:/home/nagisa/fishbot_ws/install/nav2_theta_star_planner:/home/nagisa/fishbot_ws/install/nav2_smac_planner:/home/nagisa/fishbot_ws/install/nav2_rotation_shim_controller:/home/nagisa/fishbot_ws/install/nav2_regulated_pure_pursuit_controller:/home/nagisa/fishbot_ws/install/nav2_planner:/home/nagisa/fishbot_ws/install/nav2_navfn_planner:/home/nagisa/fishbot_ws/install/nav2_mppi_controller:/home/nagisa/fishbot_ws/install/nav2_constrained_smoother:/home/nagisa/fishbot_ws/install/nav2_bt_navigator:/home/nagisa/fishbot_ws/install/nav2_behaviors:/home/nagisa/fishbot_ws/install/nav2_core:/home/nagisa/fishbot_ws/install/nav2_collision_monitor:/home/nagisa/fishbot_ws/install/costmap_queue:/home/nagisa/fishbot_ws/install/nav2_costmap_2d:/home/nagisa/fishbot_ws/install/nav2_voxel_grid:/home/nagisa/fishbot_ws/install/nav2_velocity_smoother:/home/nagisa/fishbot_ws/install/nav2_rviz_plugins:/home/nagisa/fishbot_ws/install/nav2_map_server:/home/nagisa/fishbot_ws/install/nav2_lifecycle_manager:/home/nagisa/fishbot_ws/install/nav2_behavior_tree:/home/nagisa/fishbot_ws/install/nav2_amcl:/home/nagisa/fishbot_ws/install/nav2_util:/home/nagisa/fishbot_ws/install/nav2_msgs:/home/nagisa/fishbot_ws/install/nav2_common:/home/nagisa/fishbot_ws/install/fishbot_navigation2:/home/nagisa/fishbot_ws/install/fishbot_cartographer:/home/nagisa/fishbot_ws/install/cartographer_rviz:/home/nagisa/fishbot_ws/install/cartographer_ros:/home/nagisa/fishbot_ws/install/cartographer_ros_msgs:/home/nagisa/fishbot_ws/install/cartographer:/home/nagisa/fishbot_ws/install/nav2_simple_commander:/home/nagisa/fishbot_ws/install/fishbot_description:/opt/ros/humble LD_LIBRARY_PATH=/home/nagisa/fishbot_ws/install/nav_2d_msgs/lib:/home/nagisa/fishbot_ws/install/nav2_smoother/lib:/home/nagisa/fishbot_ws/install/nav2_controller/lib:/home/nagisa/fishbot_ws/install/dwb_plugins/lib:/home/nagisa/fishbot_ws/install/dwb_critics/lib:/home/nagisa/fishbot_ws/install/dwb_core/lib:/home/nagisa/fishbot_ws/install/nav_2d_utils/lib:/home/nagisa/fishbot_ws/install/dwb_msgs/lib:/home/nagisa/fishbot_ws/install/nav2_waypoint_follower/lib:/home/nagisa/fishbot_ws/install/nav2_theta_star_planner/lib:/home/nagisa/fishbot_ws/install/nav2_smac_planner/lib:/home/nagisa/fishbot_ws/install/nav2_rotation_shim_controller/lib:/home/nagisa/fishbot_ws/install/nav2_regulated_pure_pursuit_controller/lib:/home/nagisa/fishbot_ws/install/nav2_planner/lib:/home/nagisa/fishbot_ws/install/nav2_navfn_planner/lib:/home/nagisa/fishbot_ws/install/nav2_mppi_controller/lib:/home/nagisa/fishbot_ws/install/nav2_constrained_smoother/lib:/home/nagisa/fishbot_ws/install/nav2_bt_navigator/lib:/home/nagisa/fishbot_ws/install/nav2_behaviors/lib:/home/nagisa/fishbot_ws/install/nav2_collision_monitor/lib:/home/nagisa/fishbot_ws/install/costmap_queue/lib:/home/nagisa/fishbot_ws/install/nav2_costmap_2d/lib:/home/nagisa/fishbot_ws/install/nav2_voxel_grid/lib:/home/nagisa/fishbot_ws/install/nav2_velocity_smoother/lib:/home/nagisa/fishbot_ws/install/nav2_rviz_plugins/lib:/home/nagisa/fishbot_ws/install/nav2_map_server/lib:/home/nagisa/fishbot_ws/install/nav2_lifecycle_manager/lib:/home/nagisa/fishbot_ws/install/nav2_behavior_tree/lib:/home/nagisa/fishbot_ws/install/nav2_amcl/lib:/home/nagisa/fishbot_ws/install/nav2_util/lib:/home/nagisa/fishbot_ws/install/nav2_msgs/lib:/home/nagisa/fishbot_ws/install/cartographer_rviz/lib:/home/nagisa/fishbot_ws/install/cartographer_ros/lib:/home/nagisa/fishbot_ws/install/cartographer_ros_msgs/lib:/usr/lib/x86_64-linux-gnu/gazebo-11/plugins:/opt/ros/humble/opt/rviz_ogre_vendor/lib:/opt/ros/humble/lib/x86_64-linux-gnu:/opt/ros/humble/lib /usr/bin/cmake --install /home/nagisa/fishbot_ws/build/dwb_msgs
[1.191s] -- Install configuration: ""
[1.192s] -- Up-to-date: /home/nagisa/fishbot_ws/install/dwb_msgs/share/ament_index/resource_index/rosidl_interfaces/dwb_msgs
[1.193s] -- Up-to-date: /home/nagisa/fishbot_ws/install/dwb_msgs/include/dwb_msgs/dwb_msgs
[1.193s] -- Up-to-date: /home/nagisa/fishbot_ws/install/dwb_msgs/include/dwb_msgs/dwb_msgs/srv
[1.194s] -- Up-to-date: /home/nagisa/fishbot_ws/install/dwb_msgs/include/dwb_msgs/dwb_msgs/srv/debug_local_plan.h
[1.194s] -- Up-to-date: /home/nagisa/fishbot_ws/install/dwb_msgs/include/dwb_msgs/dwb_msgs/srv/generate_trajectory.h
[1.194s] -- Up-to-date: /home/nagisa/fishbot_ws/install/dwb_msgs/include/dwb_msgs/dwb_msgs/srv/detail
[1.195s] -- Up-to-date: /home/nagisa/fishbot_ws/install/dwb_msgs/include/dwb_msgs/dwb_msgs/srv/detail/get_critic_score__functions.c
[1.195s] -- Up-to-date: /home/nagisa/fishbot_ws/install/dwb_msgs/include/dwb_msgs/dwb_msgs/srv/detail/debug_local_plan__struct.h
[1.195s] -- Up-to-date: /home/nagisa/fishbot_ws/install/dwb_msgs/include/dwb_msgs/dwb_msgs/srv/detail/debug_local_plan__functions.c
[1.195s] -- Up-to-date: /home/nagisa/fishbot_ws/install/dwb_msgs/include/dwb_msgs/dwb_msgs/srv/detail/generate_twists__functions.c
[1.196s] -- Up-to-date: /home/nagisa/fishbot_ws/install/dwb_msgs/include/dwb_msgs/dwb_msgs/srv/detail/generate_trajectory__functions.c
[1.196s] -- Up-to-date: /home/nagisa/fishbot_ws/install/dwb_msgs/include/dwb_msgs/dwb_msgs/srv/detail/generate_trajectory__functions.h
[1.196s] -- Up-to-date: /home/nagisa/fishbot_ws/install/dwb_msgs/include/dwb_msgs/dwb_msgs/srv/detail/generate_twists__functions.h
[1.196s] -- Up-to-date: /home/nagisa/fishbot_ws/install/dwb_msgs/include/dwb_msgs/dwb_msgs/srv/detail/debug_local_plan__functions.h
[1.197s] -- Up-to-date: /home/nagisa/fishbot_ws/install/dwb_msgs/include/dwb_msgs/dwb_msgs/srv/detail/generate_trajectory__struct.h
[1.197s] -- Up-to-date: /home/nagisa/fishbot_ws/install/dwb_msgs/include/dwb_msgs/dwb_msgs/srv/detail/get_critic_score__type_support.h
[1.197s] -- Up-to-date: /home/nagisa/fishbot_ws/install/dwb_msgs/include/dwb_msgs/dwb_msgs/srv/detail/generate_twists__struct.h
[1.197s] -- Up-to-date: /home/nagisa/fishbot_ws/install/dwb_msgs/include/dwb_msgs/dwb_msgs/srv/detail/generate_twists__type_support.h
[1.197s] -- Up-to-date: /home/nagisa/fishbot_ws/install/dwb_msgs/include/dwb_msgs/dwb_msgs/srv/detail/score_trajectory__functions.h
[1.198s] -- Up-to-date: /home/nagisa/fishbot_ws/install/dwb_msgs/include/dwb_msgs/dwb_msgs/srv/detail/score_trajectory__functions.c
[1.198s] -- Up-to-date: /home/nagisa/fishbot_ws/install/dwb_msgs/include/dwb_msgs/dwb_msgs/srv/detail/get_critic_score__functions.h
[1.199s] -- Up-to-date: /home/nagisa/fishbot_ws/install/dwb_msgs/include/dwb_msgs/dwb_msgs/srv/detail/get_critic_score__struct.h
[1.199s] -- Up-to-date: /home/nagisa/fishbot_ws/install/dwb_msgs/include/dwb_msgs/dwb_msgs/srv/detail/score_trajectory__type_support.h
[1.199s] -- Up-to-date: /home/nagisa/fishbot_ws/install/dwb_msgs/include/dwb_msgs/dwb_msgs/srv/detail/score_trajectory__struct.h
[1.199s] -- Up-to-date: /home/nagisa/fishbot_ws/install/dwb_msgs/include/dwb_msgs/dwb_msgs/srv/detail/generate_trajectory__type_support.h
[1.199s] -- Up-to-date: /home/nagisa/fishbot_ws/install/dwb_msgs/include/dwb_msgs/dwb_msgs/srv/detail/debug_local_plan__type_support.h
[1.199s] -- Up-to-date: /home/nagisa/fishbot_ws/install/dwb_msgs/include/dwb_msgs/dwb_msgs/srv/get_critic_score.h
[1.200s] -- Up-to-date: /home/nagisa/fishbot_ws/install/dwb_msgs/include/dwb_msgs/dwb_msgs/srv/score_trajectory.h
[1.200s] -- Up-to-date: /home/nagisa/fishbot_ws/install/dwb_msgs/include/dwb_msgs/dwb_msgs/srv/generate_twists.h
[1.200s] -- Up-to-date: /home/nagisa/fishbot_ws/install/dwb_msgs/include/dwb_msgs/dwb_msgs/msg
[1.200s] -- Up-to-date: /home/nagisa/fishbot_ws/install/dwb_msgs/include/dwb_msgs/dwb_msgs/msg/rosidl_generator_c__visibility_control.h
[1.201s] -- Up-to-date: /home/nagisa/fishbot_ws/install/dwb_msgs/include/dwb_msgs/dwb_msgs/msg/trajectory_score.h
[1.201s] -- Up-to-date: /home/nagisa/fishbot_ws/install/dwb_msgs/include/dwb_msgs/dwb_msgs/msg/detail
[1.201s] -- Up-to-date: /home/nagisa/fishbot_ws/install/dwb_msgs/include/dwb_msgs/dwb_msgs/msg/detail/trajectory2_d__type_support.h
[1.202s] -- Up-to-date: /home/nagisa/fishbot_ws/install/dwb_msgs/include/dwb_msgs/dwb_msgs/msg/detail/trajectory_score__functions.h
[1.202s] -- Up-to-date: /home/nagisa/fishbot_ws/install/dwb_msgs/include/dwb_msgs/dwb_msgs/msg/detail/trajectory2_d__struct.h
[1.202s] -- Up-to-date: /home/nagisa/fishbot_ws/install/dwb_msgs/include/dwb_msgs/dwb_msgs/msg/detail/critic_score__functions.c
[1.202s] -- Up-to-date: /home/nagisa/fishbot_ws/install/dwb_msgs/include/dwb_msgs/dwb_msgs/msg/detail/critic_score__type_support.h
[1.202s] -- Up-to-date: /home/nagisa/fishbot_ws/install/dwb_msgs/include/dwb_msgs/dwb_msgs/msg/detail/trajectory2_d__functions.c
[1.202s] -- Up-to-date: /home/nagisa/fishbot_ws/install/dwb_msgs/include/dwb_msgs/dwb_msgs/msg/detail/trajectory_score__type_support.h
[1.203s] -- Up-to-date: /home/nagisa/fishbot_ws/install/dwb_msgs/include/dwb_msgs/dwb_msgs/msg/detail/local_plan_evaluation__type_support.h
[1.203s] -- Up-to-date: /home/nagisa/fishbot_ws/install/dwb_msgs/include/dwb_msgs/dwb_msgs/msg/detail/local_plan_evaluation__functions.h
[1.203s] -- Up-to-date: /home/nagisa/fishbot_ws/install/dwb_msgs/include/dwb_msgs/dwb_msgs/msg/detail/local_plan_evaluation__struct.h
[1.203s] -- Up-to-date: /home/nagisa/fishbot_ws/install/dwb_msgs/include/dwb_msgs/dwb_msgs/msg/detail/critic_score__functions.h
[1.203s] -- Up-to-date: /home/nagisa/fishbot_ws/install/dwb_msgs/include/dwb_msgs/dwb_msgs/msg/detail/local_plan_evaluation__functions.c
[1.204s] -- Up-to-date: /home/nagisa/fishbot_ws/install/dwb_msgs/include/dwb_msgs/dwb_msgs/msg/detail/critic_score__struct.h
[1.204s] -- Up-to-date: /home/nagisa/fishbot_ws/install/dwb_msgs/include/dwb_msgs/dwb_msgs/msg/detail/trajectory_score__struct.h
[1.204s] -- Up-to-date: /home/nagisa/fishbot_ws/install/dwb_msgs/include/dwb_msgs/dwb_msgs/msg/detail/trajectory_score__functions.c
[1.205s] -- Up-to-date: /home/nagisa/fishbot_ws/install/dwb_msgs/include/dwb_msgs/dwb_msgs/msg/detail/trajectory2_d__functions.h
[1.205s] -- Up-to-date: /home/nagisa/fishbot_ws/install/dwb_msgs/include/dwb_msgs/dwb_msgs/msg/trajectory2_d.h
[1.206s] -- Up-to-date: /home/nagisa/fishbot_ws/install/dwb_msgs/include/dwb_msgs/dwb_msgs/msg/critic_score.h
[1.206s] -- Up-to-date: /home/nagisa/fishbot_ws/install/dwb_msgs/include/dwb_msgs/dwb_msgs/msg/local_plan_evaluation.h
[1.206s] -- Up-to-date: /home/nagisa/fishbot_ws/install/dwb_msgs/share/dwb_msgs/environment/library_path.sh
[1.206s] -- Up-to-date: /home/nagisa/fishbot_ws/install/dwb_msgs/share/dwb_msgs/environment/library_path.dsv
[1.206s] -- Up-to-date: /home/nagisa/fishbot_ws/install/dwb_msgs/lib/libdwb_msgs__rosidl_generator_c.so
[1.206s] -- Up-to-date: /home/nagisa/fishbot_ws/install/dwb_msgs/include/dwb_msgs/dwb_msgs
[1.207s] -- Up-to-date: /home/nagisa/fishbot_ws/install/dwb_msgs/include/dwb_msgs/dwb_msgs/srv
[1.207s] -- Up-to-date: /home/nagisa/fishbot_ws/install/dwb_msgs/include/dwb_msgs/dwb_msgs/srv/detail
[1.207s] -- Up-to-date: /home/nagisa/fishbot_ws/install/dwb_msgs/include/dwb_msgs/dwb_msgs/srv/detail/generate_trajectory__rosidl_typesupport_fastrtps_c.h
[1.207s] -- Up-to-date: /home/nagisa/fishbot_ws/install/dwb_msgs/include/dwb_msgs/dwb_msgs/srv/detail/score_trajectory__rosidl_typesupport_fastrtps_c.h
[1.207s] -- Up-to-date: /home/nagisa/fishbot_ws/install/dwb_msgs/include/dwb_msgs/dwb_msgs/srv/detail/debug_local_plan__rosidl_typesupport_fastrtps_c.h
[1.208s] -- Up-to-date: /home/nagisa/fishbot_ws/install/dwb_msgs/include/dwb_msgs/dwb_msgs/srv/detail/generate_twists__rosidl_typesupport_fastrtps_c.h
[1.208s] -- Up-to-date: /home/nagisa/fishbot_ws/install/dwb_msgs/include/dwb_msgs/dwb_msgs/srv/detail/get_critic_score__rosidl_typesupport_fastrtps_c.h
[1.208s] -- Up-to-date: /home/nagisa/fishbot_ws/install/dwb_msgs/include/dwb_msgs/dwb_msgs/msg
[1.208s] -- Up-to-date: /home/nagisa/fishbot_ws/install/dwb_msgs/include/dwb_msgs/dwb_msgs/msg/rosidl_typesupport_fastrtps_c__visibility_control.h
[1.208s] -- Up-to-date: /home/nagisa/fishbot_ws/install/dwb_msgs/include/dwb_msgs/dwb_msgs/msg/detail
[1.208s] -- Up-to-date: /home/nagisa/fishbot_ws/install/dwb_msgs/include/dwb_msgs/dwb_msgs/msg/detail/critic_score__rosidl_typesupport_fastrtps_c.h
[1.208s] -- Up-to-date: /home/nagisa/fishbot_ws/install/dwb_msgs/include/dwb_msgs/dwb_msgs/msg/detail/trajectory_score__rosidl_typesupport_fastrtps_c.h
[1.209s] -- Up-to-date: /home/nagisa/fishbot_ws/install/dwb_msgs/include/dwb_msgs/dwb_msgs/msg/detail/trajectory2_d__rosidl_typesupport_fastrtps_c.h
[1.209s] -- Up-to-date: /home/nagisa/fishbot_ws/install/dwb_msgs/include/dwb_msgs/dwb_msgs/msg/detail/local_plan_evaluation__rosidl_typesupport_fastrtps_c.h
[1.209s] -- Up-to-date: /home/nagisa/fishbot_ws/install/dwb_msgs/lib/libdwb_msgs__rosidl_typesupport_fastrtps_c.so
[1.209s] -- Up-to-date: /home/nagisa/fishbot_ws/install/dwb_msgs/include/dwb_msgs/dwb_msgs
[1.209s] -- Up-to-date: /home/nagisa/fishbot_ws/install/dwb_msgs/include/dwb_msgs/dwb_msgs/srv
[1.209s] -- Up-to-date: /home/nagisa/fishbot_ws/install/dwb_msgs/include/dwb_msgs/dwb_msgs/srv/debug_local_plan.hpp
[1.209s] -- Up-to-date: /home/nagisa/fishbot_ws/install/dwb_msgs/include/dwb_msgs/dwb_msgs/srv/generate_twists.hpp
[1.209s] -- Up-to-date: /home/nagisa/fishbot_ws/install/dwb_msgs/include/dwb_msgs/dwb_msgs/srv/detail
[1.209s] -- Up-to-date: /home/nagisa/fishbot_ws/install/dwb_msgs/include/dwb_msgs/dwb_msgs/srv/detail/debug_local_plan__builder.hpp
[1.209s] -- Up-to-date: /home/nagisa/fishbot_ws/install/dwb_msgs/include/dwb_msgs/dwb_msgs/srv/detail/get_critic_score__builder.hpp
[1.209s] -- Up-to-date: /home/nagisa/fishbot_ws/install/dwb_msgs/include/dwb_msgs/dwb_msgs/srv/detail/debug_local_plan__struct.hpp
[1.209s] -- Up-to-date: /home/nagisa/fishbot_ws/install/dwb_msgs/include/dwb_msgs/dwb_msgs/srv/detail/generate_twists__struct.hpp
[1.209s] -- Up-to-date: /home/nagisa/fishbot_ws/install/dwb_msgs/include/dwb_msgs/dwb_msgs/srv/detail/get_critic_score__traits.hpp
[1.209s] -- Up-to-date: /home/nagisa/fishbot_ws/install/dwb_msgs/include/dwb_msgs/dwb_msgs/srv/detail/generate_trajectory__traits.hpp
[1.210s] -- Up-to-date: /home/nagisa/fishbot_ws/install/dwb_msgs/include/dwb_msgs/dwb_msgs/srv/detail/score_trajectory__builder.hpp
[1.210s] -- Up-to-date: /home/nagisa/fishbot_ws/install/dwb_msgs/include/dwb_msgs/dwb_msgs/srv/detail/get_critic_score__struct.hpp
[1.210s] -- Up-to-date: /home/nagisa/fishbot_ws/install/dwb_msgs/include/dwb_msgs/dwb_msgs/srv/detail/generate_trajectory__builder.hpp
[1.210s] -- Up-to-date: /home/nagisa/fishbot_ws/install/dwb_msgs/include/dwb_msgs/dwb_msgs/srv/detail/score_trajectory__struct.hpp
[1.210s] -- Up-to-date: /home/nagisa/fishbot_ws/install/dwb_msgs/include/dwb_msgs/dwb_msgs/srv/detail/debug_local_plan__traits.hpp
[1.210s] -- Up-to-date: /home/nagisa/fishbot_ws/install/dwb_msgs/include/dwb_msgs/dwb_msgs/srv/detail/generate_twists__builder.hpp
[1.210s] -- Up-to-date: /home/nagisa/fishbot_ws/install/dwb_msgs/include/dwb_msgs/dwb_msgs/srv/detail/generate_trajectory__struct.hpp
[1.210s] -- Up-to-date: /home/nagisa/fishbot_ws/install/dwb_msgs/include/dwb_msgs/dwb_msgs/srv/detail/generate_twists__traits.hpp
[1.210s] -- Up-to-date: /home/nagisa/fishbot_ws/install/dwb_msgs/include/dwb_msgs/dwb_msgs/srv/detail/score_trajectory__traits.hpp
[1.210s] -- Up-to-date: /home/nagisa/fishbot_ws/install/dwb_msgs/include/dwb_msgs/dwb_msgs/srv/get_critic_score.hpp
[1.210s] -- Up-to-date: /home/nagisa/fishbot_ws/install/dwb_msgs/include/dwb_msgs/dwb_msgs/srv/generate_trajectory.hpp
[1.211s] -- Up-to-date: /home/nagisa/fishbot_ws/install/dwb_msgs/include/dwb_msgs/dwb_msgs/srv/score_trajectory.hpp
[1.211s] -- Up-to-date: /home/nagisa/fishbot_ws/install/dwb_msgs/include/dwb_msgs/dwb_msgs/msg
[1.211s] -- Up-to-date: /home/nagisa/fishbot_ws/install/dwb_msgs/include/dwb_msgs/dwb_msgs/msg/local_plan_evaluation.hpp
[1.211s] -- Up-to-date: /home/nagisa/fishbot_ws/install/dwb_msgs/include/dwb_msgs/dwb_msgs/msg/critic_score.hpp
[1.211s] -- Up-to-date: /home/nagisa/fishbot_ws/install/dwb_msgs/include/dwb_msgs/dwb_msgs/msg/detail
[1.212s] -- Up-to-date: /home/nagisa/fishbot_ws/install/dwb_msgs/include/dwb_msgs/dwb_msgs/msg/detail/trajectory_score__builder.hpp
[1.212s] -- Up-to-date: /home/nagisa/fishbot_ws/install/dwb_msgs/include/dwb_msgs/dwb_msgs/msg/detail/critic_score__struct.hpp
[1.212s] -- Up-to-date: /home/nagisa/fishbot_ws/install/dwb_msgs/include/dwb_msgs/dwb_msgs/msg/detail/local_plan_evaluation__builder.hpp
[1.212s] -- Up-to-date: /home/nagisa/fishbot_ws/install/dwb_msgs/include/dwb_msgs/dwb_msgs/msg/detail/critic_score__builder.hpp
[1.213s] -- Up-to-date: /home/nagisa/fishbot_ws/install/dwb_msgs/include/dwb_msgs/dwb_msgs/msg/detail/local_plan_evaluation__traits.hpp
[1.213s] -- Up-to-date: /home/nagisa/fishbot_ws/install/dwb_msgs/include/dwb_msgs/dwb_msgs/msg/detail/local_plan_evaluation__struct.hpp
[1.213s] -- Up-to-date: /home/nagisa/fishbot_ws/install/dwb_msgs/include/dwb_msgs/dwb_msgs/msg/detail/critic_score__traits.hpp
[1.213s] -- Up-to-date: /home/nagisa/fishbot_ws/install/dwb_msgs/include/dwb_msgs/dwb_msgs/msg/detail/trajectory_score__traits.hpp
[1.213s] -- Up-to-date: /home/nagisa/fishbot_ws/install/dwb_msgs/include/dwb_msgs/dwb_msgs/msg/detail/trajectory_score__struct.hpp
[1.214s] -- Up-to-date: /home/nagisa/fishbot_ws/install/dwb_msgs/include/dwb_msgs/dwb_msgs/msg/detail/trajectory2_d__traits.hpp
[1.214s] -- Up-to-date: /home/nagisa/fishbot_ws/install/dwb_msgs/include/dwb_msgs/dwb_msgs/msg/detail/trajectory2_d__struct.hpp
[1.214s] -- Up-to-date: /home/nagisa/fishbot_ws/install/dwb_msgs/include/dwb_msgs/dwb_msgs/msg/detail/trajectory2_d__builder.hpp
[1.214s] -- Up-to-date: /home/nagisa/fishbot_ws/install/dwb_msgs/include/dwb_msgs/dwb_msgs/msg/trajectory_score.hpp
[1.214s] -- Up-to-date: /home/nagisa/fishbot_ws/install/dwb_msgs/include/dwb_msgs/dwb_msgs/msg/trajectory2_d.hpp
[1.215s] -- Up-to-date: /home/nagisa/fishbot_ws/install/dwb_msgs/include/dwb_msgs/dwb_msgs
[1.215s] -- Up-to-date: /home/nagisa/fishbot_ws/install/dwb_msgs/include/dwb_msgs/dwb_msgs/srv
[1.215s] -- Up-to-date: /home/nagisa/fishbot_ws/install/dwb_msgs/include/dwb_msgs/dwb_msgs/srv/detail
[1.215s] -- Up-to-date: /home/nagisa/fishbot_ws/install/dwb_msgs/include/dwb_msgs/dwb_msgs/srv/detail/debug_local_plan__rosidl_typesupport_fastrtps_cpp.hpp
[1.216s] -- Up-to-date: /home/nagisa/fishbot_ws/install/dwb_msgs/include/dwb_msgs/dwb_msgs/srv/detail/generate_twists__rosidl_typesupport_fastrtps_cpp.hpp
[1.217s] -- Up-to-date: /home/nagisa/fishbot_ws/install/dwb_msgs/include/dwb_msgs/dwb_msgs/srv/detail/get_critic_score__rosidl_typesupport_fastrtps_cpp.hpp
[1.217s] -- Up-to-date: /home/nagisa/fishbot_ws/install/dwb_msgs/include/dwb_msgs/dwb_msgs/srv/detail/score_trajectory__rosidl_typesupport_fastrtps_cpp.hpp
[1.217s] -- Up-to-date: /home/nagisa/fishbot_ws/install/dwb_msgs/include/dwb_msgs/dwb_msgs/srv/detail/dds_fastrtps
[1.217s] -- Up-to-date: /home/nagisa/fishbot_ws/install/dwb_msgs/include/dwb_msgs/dwb_msgs/srv/detail/generate_trajectory__rosidl_typesupport_fastrtps_cpp.hpp
[1.217s] -- Up-to-date: /home/nagisa/fishbot_ws/install/dwb_msgs/include/dwb_msgs/dwb_msgs/msg
[1.217s] -- Up-to-date: /home/nagisa/fishbot_ws/install/dwb_msgs/include/dwb_msgs/dwb_msgs/msg/rosidl_typesupport_fastrtps_cpp__visibility_control.h
[1.217s] -- Up-to-date: /home/nagisa/fishbot_ws/install/dwb_msgs/include/dwb_msgs/dwb_msgs/msg/detail
[1.217s] -- Up-to-date: /home/nagisa/fishbot_ws/install/dwb_msgs/include/dwb_msgs/dwb_msgs/msg/detail/critic_score__rosidl_typesupport_fastrtps_cpp.hpp
[1.217s] -- Up-to-date: /home/nagisa/fishbot_ws/install/dwb_msgs/include/dwb_msgs/dwb_msgs/msg/detail/trajectory_score__rosidl_typesupport_fastrtps_cpp.hpp
[1.217s] -- Up-to-date: /home/nagisa/fishbot_ws/install/dwb_msgs/include/dwb_msgs/dwb_msgs/msg/detail/trajectory2_d__rosidl_typesupport_fastrtps_cpp.hpp
[1.217s] -- Up-to-date: /home/nagisa/fishbot_ws/install/dwb_msgs/include/dwb_msgs/dwb_msgs/msg/detail/local_plan_evaluation__rosidl_typesupport_fastrtps_cpp.hpp
[1.217s] -- Up-to-date: /home/nagisa/fishbot_ws/install/dwb_msgs/include/dwb_msgs/dwb_msgs/msg/detail/dds_fastrtps
[1.217s] -- Up-to-date: /home/nagisa/fishbot_ws/install/dwb_msgs/lib/libdwb_msgs__rosidl_typesupport_fastrtps_cpp.so
[1.217s] -- Up-to-date: /home/nagisa/fishbot_ws/install/dwb_msgs/include/dwb_msgs/dwb_msgs
[1.217s] -- Up-to-date: /home/nagisa/fishbot_ws/install/dwb_msgs/include/dwb_msgs/dwb_msgs/srv
[1.217s] -- Up-to-date: /home/nagisa/fishbot_ws/install/dwb_msgs/include/dwb_msgs/dwb_msgs/srv/detail
[1.217s] -- Up-to-date: /home/nagisa/fishbot_ws/install/dwb_msgs/include/dwb_msgs/dwb_msgs/srv/detail/score_trajectory__rosidl_typesupport_introspection_c.h
[1.217s] -- Up-to-date: /home/nagisa/fishbot_ws/install/dwb_msgs/include/dwb_msgs/dwb_msgs/srv/detail/generate_trajectory__rosidl_typesupport_introspection_c.h
[1.217s] -- Up-to-date: /home/nagisa/fishbot_ws/install/dwb_msgs/include/dwb_msgs/dwb_msgs/srv/detail/debug_local_plan__rosidl_typesupport_introspection_c.h
[1.218s] -- Up-to-date: /home/nagisa/fishbot_ws/install/dwb_msgs/include/dwb_msgs/dwb_msgs/srv/detail/generate_twists__type_support.c
[1.218s] -- Up-to-date: /home/nagisa/fishbot_ws/install/dwb_msgs/include/dwb_msgs/dwb_msgs/srv/detail/generate_twists__rosidl_typesupport_introspection_c.h
[1.218s] -- Up-to-date: /home/nagisa/fishbot_ws/install/dwb_msgs/include/dwb_msgs/dwb_msgs/srv/detail/generate_trajectory__type_support.c
[1.218s] -- Up-to-date: /home/nagisa/fishbot_ws/install/dwb_msgs/include/dwb_msgs/dwb_msgs/srv/detail/score_trajectory__type_support.c
[1.218s] -- Up-to-date: /home/nagisa/fishbot_ws/install/dwb_msgs/include/dwb_msgs/dwb_msgs/srv/detail/get_critic_score__type_support.c
[1.218s] -- Up-to-date: /home/nagisa/fishbot_ws/install/dwb_msgs/include/dwb_msgs/dwb_msgs/srv/detail/get_critic_score__rosidl_typesupport_introspection_c.h
[1.218s] -- Up-to-date: /home/nagisa/fishbot_ws/install/dwb_msgs/include/dwb_msgs/dwb_msgs/srv/detail/debug_local_plan__type_support.c
[1.218s] -- Up-to-date: /home/nagisa/fishbot_ws/install/dwb_msgs/include/dwb_msgs/dwb_msgs/msg
[1.219s] -- Up-to-date: /home/nagisa/fishbot_ws/install/dwb_msgs/include/dwb_msgs/dwb_msgs/msg/rosidl_typesupport_introspection_c__visibility_control.h
[1.219s] -- Up-to-date: /home/nagisa/fishbot_ws/install/dwb_msgs/include/dwb_msgs/dwb_msgs/msg/detail
[1.219s] -- Up-to-date: /home/nagisa/fishbot_ws/install/dwb_msgs/include/dwb_msgs/dwb_msgs/msg/detail/critic_score__rosidl_typesupport_introspection_c.h
[1.219s] -- Up-to-date: /home/nagisa/fishbot_ws/install/dwb_msgs/include/dwb_msgs/dwb_msgs/msg/detail/local_plan_evaluation__type_support.c
[1.219s] -- Up-to-date: /home/nagisa/fishbot_ws/install/dwb_msgs/include/dwb_msgs/dwb_msgs/msg/detail/trajectory_score__rosidl_typesupport_introspection_c.h
[1.220s] -- Up-to-date: /home/nagisa/fishbot_ws/install/dwb_msgs/include/dwb_msgs/dwb_msgs/msg/detail/critic_score__type_support.c
[1.220s] -- Up-to-date: /home/nagisa/fishbot_ws/install/dwb_msgs/include/dwb_msgs/dwb_msgs/msg/detail/local_plan_evaluation__rosidl_typesupport_introspection_c.h
[1.220s] -- Up-to-date: /home/nagisa/fishbot_ws/install/dwb_msgs/include/dwb_msgs/dwb_msgs/msg/detail/trajectory2_d__rosidl_typesupport_introspection_c.h
[1.220s] -- Up-to-date: /home/nagisa/fishbot_ws/install/dwb_msgs/include/dwb_msgs/dwb_msgs/msg/detail/trajectory2_d__type_support.c
[1.220s] -- Up-to-date: /home/nagisa/fishbot_ws/install/dwb_msgs/include/dwb_msgs/dwb_msgs/msg/detail/trajectory_score__type_support.c
[1.220s] -- Up-to-date: /home/nagisa/fishbot_ws/install/dwb_msgs/lib/libdwb_msgs__rosidl_typesupport_introspection_c.so
[1.220s] -- Up-to-date: /home/nagisa/fishbot_ws/install/dwb_msgs/lib/libdwb_msgs__rosidl_typesupport_c.so
[1.220s] -- Up-to-date: /home/nagisa/fishbot_ws/install/dwb_msgs/include/dwb_msgs/dwb_msgs
[1.220s] -- Up-to-date: /home/nagisa/fishbot_ws/install/dwb_msgs/include/dwb_msgs/dwb_msgs/srv
[1.220s] -- Up-to-date: /home/nagisa/fishbot_ws/install/dwb_msgs/include/dwb_msgs/dwb_msgs/srv/detail
[1.220s] -- Up-to-date: /home/nagisa/fishbot_ws/install/dwb_msgs/include/dwb_msgs/dwb_msgs/srv/detail/get_critic_score__type_support.cpp
[1.220s] -- Up-to-date: /home/nagisa/fishbot_ws/install/dwb_msgs/include/dwb_msgs/dwb_msgs/srv/detail/generate_twists__type_support.cpp
[1.220s] -- Up-to-date: /home/nagisa/fishbot_ws/install/dwb_msgs/include/dwb_msgs/dwb_msgs/srv/detail/generate_trajectory__type_support.cpp
[1.220s] -- Up-to-date: /home/nagisa/fishbot_ws/install/dwb_msgs/include/dwb_msgs/dwb_msgs/srv/detail/score_trajectory__type_support.cpp
[1.220s] -- Up-to-date: /home/nagisa/fishbot_ws/install/dwb_msgs/include/dwb_msgs/dwb_msgs/srv/detail/generate_trajectory__rosidl_typesupport_introspection_cpp.hpp
[1.220s] -- Up-to-date: /home/nagisa/fishbot_ws/install/dwb_msgs/include/dwb_msgs/dwb_msgs/srv/detail/generate_twists__rosidl_typesupport_introspection_cpp.hpp
[1.221s] -- Up-to-date: /home/nagisa/fishbot_ws/install/dwb_msgs/include/dwb_msgs/dwb_msgs/srv/detail/debug_local_plan__rosidl_typesupport_introspection_cpp.hpp
[1.221s] -- Up-to-date: /home/nagisa/fishbot_ws/install/dwb_msgs/include/dwb_msgs/dwb_msgs/srv/detail/get_critic_score__rosidl_typesupport_introspection_cpp.hpp
[1.221s] -- Up-to-date: /home/nagisa/fishbot_ws/install/dwb_msgs/include/dwb_msgs/dwb_msgs/srv/detail/debug_local_plan__type_support.cpp
[1.221s] -- Up-to-date: /home/nagisa/fishbot_ws/install/dwb_msgs/include/dwb_msgs/dwb_msgs/srv/detail/score_trajectory__rosidl_typesupport_introspection_cpp.hpp
[1.221s] -- Up-to-date: /home/nagisa/fishbot_ws/install/dwb_msgs/include/dwb_msgs/dwb_msgs/msg
[1.221s] -- Up-to-date: /home/nagisa/fishbot_ws/install/dwb_msgs/include/dwb_msgs/dwb_msgs/msg/detail
[1.221s] -- Up-to-date: /home/nagisa/fishbot_ws/install/dwb_msgs/include/dwb_msgs/dwb_msgs/msg/detail/trajectory_score__type_support.cpp
[1.221s] -- Up-to-date: /home/nagisa/fishbot_ws/install/dwb_msgs/include/dwb_msgs/dwb_msgs/msg/detail/critic_score__type_support.cpp
[1.221s] -- Up-to-date: /home/nagisa/fishbot_ws/install/dwb_msgs/include/dwb_msgs/dwb_msgs/msg/detail/local_plan_evaluation__rosidl_typesupport_introspection_cpp.hpp
[1.221s] -- Up-to-date: /home/nagisa/fishbot_ws/install/dwb_msgs/include/dwb_msgs/dwb_msgs/msg/detail/trajectory2_d__type_support.cpp
[1.221s] -- Up-to-date: /home/nagisa/fishbot_ws/install/dwb_msgs/include/dwb_msgs/dwb_msgs/msg/detail/trajectory2_d__rosidl_typesupport_introspection_cpp.hpp
[1.222s] -- Up-to-date: /home/nagisa/fishbot_ws/install/dwb_msgs/include/dwb_msgs/dwb_msgs/msg/detail/trajectory_score__rosidl_typesupport_introspection_cpp.hpp
[1.222s] -- Up-to-date: /home/nagisa/fishbot_ws/install/dwb_msgs/include/dwb_msgs/dwb_msgs/msg/detail/critic_score__rosidl_typesupport_introspection_cpp.hpp
[1.222s] -- Up-to-date: /home/nagisa/fishbot_ws/install/dwb_msgs/include/dwb_msgs/dwb_msgs/msg/detail/local_plan_evaluation__type_support.cpp
[1.222s] -- Up-to-date: /home/nagisa/fishbot_ws/install/dwb_msgs/lib/libdwb_msgs__rosidl_typesupport_introspection_cpp.so
[1.222s] -- Up-to-date: /home/nagisa/fishbot_ws/install/dwb_msgs/lib/libdwb_msgs__rosidl_typesupport_cpp.so
[1.222s] -- Up-to-date: /home/nagisa/fishbot_ws/install/dwb_msgs/share/dwb_msgs/environment/pythonpath.sh
[1.222s] -- Up-to-date: /home/nagisa/fishbot_ws/install/dwb_msgs/share/dwb_msgs/environment/pythonpath.dsv
[1.222s] -- Up-to-date: /home/nagisa/fishbot_ws/install/dwb_msgs/local/lib/python3.10/dist-packages/dwb_msgs-1.1.16-py3.10.egg-info
[1.222s] -- Installing: /home/nagisa/fishbot_ws/install/dwb_msgs/local/lib/python3.10/dist-packages/dwb_msgs-1.1.16-py3.10.egg-info/dependency_links.txt
[1.222s] -- Installing: /home/nagisa/fishbot_ws/install/dwb_msgs/local/lib/python3.10/dist-packages/dwb_msgs-1.1.16-py3.10.egg-info/SOURCES.txt
[1.222s] -- Installing: /home/nagisa/fishbot_ws/install/dwb_msgs/local/lib/python3.10/dist-packages/dwb_msgs-1.1.16-py3.10.egg-info/top_level.txt
[1.222s] -- Installing: /home/nagisa/fishbot_ws/install/dwb_msgs/local/lib/python3.10/dist-packages/dwb_msgs-1.1.16-py3.10.egg-info/PKG-INFO
[1.222s] -- Up-to-date: /home/nagisa/fishbot_ws/install/dwb_msgs/local/lib/python3.10/dist-packages/dwb_msgs
[1.222s] -- Up-to-date: /home/nagisa/fishbot_ws/install/dwb_msgs/local/lib/python3.10/dist-packages/dwb_msgs/srv
[1.222s] -- Up-to-date: /home/nagisa/fishbot_ws/install/dwb_msgs/local/lib/python3.10/dist-packages/dwb_msgs/srv/_generate_trajectory_s.c
[1.222s] -- Up-to-date: /home/nagisa/fishbot_ws/install/dwb_msgs/local/lib/python3.10/dist-packages/dwb_msgs/srv/__init__.py
[1.222s] -- Up-to-date: /home/nagisa/fishbot_ws/install/dwb_msgs/local/lib/python3.10/dist-packages/dwb_msgs/srv/_score_trajectory_s.c
[1.222s] -- Up-to-date: /home/nagisa/fishbot_ws/install/dwb_msgs/local/lib/python3.10/dist-packages/dwb_msgs/srv/_generate_twists_s.c
[1.222s] -- Up-to-date: /home/nagisa/fishbot_ws/install/dwb_msgs/local/lib/python3.10/dist-packages/dwb_msgs/srv/_get_critic_score_s.c
[1.222s] -- Up-to-date: /home/nagisa/fishbot_ws/install/dwb_msgs/local/lib/python3.10/dist-packages/dwb_msgs/srv/_get_critic_score.py
[1.222s] -- Up-to-date: /home/nagisa/fishbot_ws/install/dwb_msgs/local/lib/python3.10/dist-packages/dwb_msgs/srv/_generate_trajectory.py
[1.223s] -- Up-to-date: /home/nagisa/fishbot_ws/install/dwb_msgs/local/lib/python3.10/dist-packages/dwb_msgs/srv/_debug_local_plan.py
[1.223s] -- Up-to-date: /home/nagisa/fishbot_ws/install/dwb_msgs/local/lib/python3.10/dist-packages/dwb_msgs/srv/_debug_local_plan_s.c
[1.223s] -- Up-to-date: /home/nagisa/fishbot_ws/install/dwb_msgs/local/lib/python3.10/dist-packages/dwb_msgs/srv/_score_trajectory.py
[1.223s] -- Up-to-date: /home/nagisa/fishbot_ws/install/dwb_msgs/local/lib/python3.10/dist-packages/dwb_msgs/srv/_generate_twists.py
[1.223s] -- Up-to-date: /home/nagisa/fishbot_ws/install/dwb_msgs/local/lib/python3.10/dist-packages/dwb_msgs/_dwb_msgs_s.ep.rosidl_typesupport_introspection_c.c
[1.223s] -- Up-to-date: /home/nagisa/fishbot_ws/install/dwb_msgs/local/lib/python3.10/dist-packages/dwb_msgs/_dwb_msgs_s.ep.rosidl_typesupport_c.c
[1.223s] -- Up-to-date: /home/nagisa/fishbot_ws/install/dwb_msgs/local/lib/python3.10/dist-packages/dwb_msgs/msg
[1.223s] -- Up-to-date: /home/nagisa/fishbot_ws/install/dwb_msgs/local/lib/python3.10/dist-packages/dwb_msgs/msg/_critic_score.py
[1.223s] -- Up-to-date: /home/nagisa/fishbot_ws/install/dwb_msgs/local/lib/python3.10/dist-packages/dwb_msgs/msg/__init__.py
[1.223s] -- Up-to-date: /home/nagisa/fishbot_ws/install/dwb_msgs/local/lib/python3.10/dist-packages/dwb_msgs/msg/_trajectory_score.py
[1.223s] -- Up-to-date: /home/nagisa/fishbot_ws/install/dwb_msgs/local/lib/python3.10/dist-packages/dwb_msgs/msg/_trajectory2_d.py
[1.223s] -- Up-to-date: /home/nagisa/fishbot_ws/install/dwb_msgs/local/lib/python3.10/dist-packages/dwb_msgs/msg/_local_plan_evaluation.py
[1.224s] -- Up-to-date: /home/nagisa/fishbot_ws/install/dwb_msgs/local/lib/python3.10/dist-packages/dwb_msgs/msg/_trajectory2_d_s.c
[1.224s] -- Up-to-date: /home/nagisa/fishbot_ws/install/dwb_msgs/local/lib/python3.10/dist-packages/dwb_msgs/msg/_trajectory_score_s.c
[1.224s] -- Up-to-date: /home/nagisa/fishbot_ws/install/dwb_msgs/local/lib/python3.10/dist-packages/dwb_msgs/msg/_local_plan_evaluation_s.c
[1.224s] -- Up-to-date: /home/nagisa/fishbot_ws/install/dwb_msgs/local/lib/python3.10/dist-packages/dwb_msgs/msg/_critic_score_s.c
[1.224s] -- Up-to-date: /home/nagisa/fishbot_ws/install/dwb_msgs/local/lib/python3.10/dist-packages/dwb_msgs/__init__.py
[1.225s] -- Up-to-date: /home/nagisa/fishbot_ws/install/dwb_msgs/local/lib/python3.10/dist-packages/dwb_msgs/dwb_msgs_s__rosidl_typesupport_fastrtps_c.cpython-310-x86_64-linux-gnu.so
[1.225s] -- Up-to-date: /home/nagisa/fishbot_ws/install/dwb_msgs/local/lib/python3.10/dist-packages/dwb_msgs/libdwb_msgs__rosidl_generator_py.so
[1.225s] -- Up-to-date: /home/nagisa/fishbot_ws/install/dwb_msgs/local/lib/python3.10/dist-packages/dwb_msgs/dwb_msgs_s__rosidl_typesupport_c.cpython-310-x86_64-linux-gnu.so
[1.225s] -- Up-to-date: /home/nagisa/fishbot_ws/install/dwb_msgs/local/lib/python3.10/dist-packages/dwb_msgs/dwb_msgs_s__rosidl_typesupport_introspection_c.cpython-310-x86_64-linux-gnu.so
[1.225s] -- Up-to-date: /home/nagisa/fishbot_ws/install/dwb_msgs/local/lib/python3.10/dist-packages/dwb_msgs/_dwb_msgs_s.ep.rosidl_typesupport_fastrtps_c.c
[1.260s] Listing '/home/nagisa/fishbot_ws/install/dwb_msgs/local/lib/python3.10/dist-packages/dwb_msgs'...
[1.261s] Listing '/home/nagisa/fishbot_ws/install/dwb_msgs/local/lib/python3.10/dist-packages/dwb_msgs/msg'...
[1.261s] Listing '/home/nagisa/fishbot_ws/install/dwb_msgs/local/lib/python3.10/dist-packages/dwb_msgs/srv'...
[1.266s] -- Up-to-date: /home/nagisa/fishbot_ws/install/dwb_msgs/local/lib/python3.10/dist-packages/dwb_msgs/dwb_msgs_s__rosidl_typesupport_fastrtps_c.cpython-310-x86_64-linux-gnu.so
[1.269s] -- Up-to-date: /home/nagisa/fishbot_ws/install/dwb_msgs/local/lib/python3.10/dist-packages/dwb_msgs/dwb_msgs_s__rosidl_typesupport_introspection_c.cpython-310-x86_64-linux-gnu.so
[1.271s] -- Up-to-date: /home/nagisa/fishbot_ws/install/dwb_msgs/local/lib/python3.10/dist-packages/dwb_msgs/dwb_msgs_s__rosidl_typesupport_c.cpython-310-x86_64-linux-gnu.so
[1.274s] -- Up-to-date: /home/nagisa/fishbot_ws/install/dwb_msgs/lib/libdwb_msgs__rosidl_generator_py.so
[1.274s] -- Up-to-date: /home/nagisa/fishbot_ws/install/dwb_msgs/share/dwb_msgs/msg/CriticScore.idl
[1.275s] -- Up-to-date: /home/nagisa/fishbot_ws/install/dwb_msgs/share/dwb_msgs/msg/LocalPlanEvaluation.idl
[1.275s] -- Up-to-date: /home/nagisa/fishbot_ws/install/dwb_msgs/share/dwb_msgs/msg/Trajectory2D.idl
[1.275s] -- Up-to-date: /home/nagisa/fishbot_ws/install/dwb_msgs/share/dwb_msgs/msg/TrajectoryScore.idl
[1.275s] -- Up-to-date: /home/nagisa/fishbot_ws/install/dwb_msgs/share/dwb_msgs/srv/DebugLocalPlan.idl
[1.276s] -- Up-to-date: /home/nagisa/fishbot_ws/install/dwb_msgs/share/dwb_msgs/srv/GenerateTrajectory.idl
[1.276s] -- Up-to-date: /home/nagisa/fishbot_ws/install/dwb_msgs/share/dwb_msgs/srv/GenerateTwists.idl
[1.276s] -- Up-to-date: /home/nagisa/fishbot_ws/install/dwb_msgs/share/dwb_msgs/srv/GetCriticScore.idl
[1.276s] -- Up-to-date: /home/nagisa/fishbot_ws/install/dwb_msgs/share/dwb_msgs/srv/ScoreTrajectory.idl
[1.277s] -- Up-to-date: /home/nagisa/fishbot_ws/install/dwb_msgs/share/dwb_msgs/msg/CriticScore.msg
[1.277s] -- Up-to-date: /home/nagisa/fishbot_ws/install/dwb_msgs/share/dwb_msgs/msg/LocalPlanEvaluation.msg
[1.277s] -- Up-to-date: /home/nagisa/fishbot_ws/install/dwb_msgs/share/dwb_msgs/msg/Trajectory2D.msg
[1.277s] -- Up-to-date: /home/nagisa/fishbot_ws/install/dwb_msgs/share/dwb_msgs/msg/TrajectoryScore.msg
[1.277s] -- Up-to-date: /home/nagisa/fishbot_ws/install/dwb_msgs/share/dwb_msgs/srv/DebugLocalPlan.srv
[1.278s] -- Up-to-date: /home/nagisa/fishbot_ws/install/dwb_msgs/share/dwb_msgs/srv/DebugLocalPlan_Request.msg
[1.278s] -- Up-to-date: /home/nagisa/fishbot_ws/install/dwb_msgs/share/dwb_msgs/srv/DebugLocalPlan_Response.msg
[1.278s] -- Up-to-date: /home/nagisa/fishbot_ws/install/dwb_msgs/share/dwb_msgs/srv/GenerateTrajectory.srv
[1.278s] -- Up-to-date: /home/nagisa/fishbot_ws/install/dwb_msgs/share/dwb_msgs/srv/GenerateTrajectory_Request.msg
[1.279s] -- Up-to-date: /home/nagisa/fishbot_ws/install/dwb_msgs/share/dwb_msgs/srv/GenerateTrajectory_Response.msg
[1.279s] -- Up-to-date: /home/nagisa/fishbot_ws/install/dwb_msgs/share/dwb_msgs/srv/GenerateTwists.srv
[1.279s] -- Up-to-date: /home/nagisa/fishbot_ws/install/dwb_msgs/share/dwb_msgs/srv/GenerateTwists_Request.msg
[1.279s] -- Up-to-date: /home/nagisa/fishbot_ws/install/dwb_msgs/share/dwb_msgs/srv/GenerateTwists_Response.msg
[1.279s] -- Up-to-date: /home/nagisa/fishbot_ws/install/dwb_msgs/share/dwb_msgs/srv/GetCriticScore.srv
[1.279s] -- Up-to-date: /home/nagisa/fishbot_ws/install/dwb_msgs/share/dwb_msgs/srv/GetCriticScore_Request.msg
[1.280s] -- Up-to-date: /home/nagisa/fishbot_ws/install/dwb_msgs/share/dwb_msgs/srv/GetCriticScore_Response.msg
[1.280s] -- Up-to-date: /home/nagisa/fishbot_ws/install/dwb_msgs/share/dwb_msgs/srv/ScoreTrajectory.srv
[1.280s] -- Up-to-date: /home/nagisa/fishbot_ws/install/dwb_msgs/share/dwb_msgs/srv/ScoreTrajectory_Request.msg
[1.280s] -- Up-to-date: /home/nagisa/fishbot_ws/install/dwb_msgs/share/dwb_msgs/srv/ScoreTrajectory_Response.msg
[1.280s] -- Up-to-date: /home/nagisa/fishbot_ws/install/dwb_msgs/share/ament_index/resource_index/package_run_dependencies/dwb_msgs
[1.280s] -- Up-to-date: /home/nagisa/fishbot_ws/install/dwb_msgs/share/ament_index/resource_index/parent_prefix_path/dwb_msgs
[1.280s] -- Up-to-date: /home/nagisa/fishbot_ws/install/dwb_msgs/share/dwb_msgs/environment/ament_prefix_path.sh
[1.281s] -- Up-to-date: /home/nagisa/fishbot_ws/install/dwb_msgs/share/dwb_msgs/environment/ament_prefix_path.dsv
[1.281s] -- Up-to-date: /home/nagisa/fishbot_ws/install/dwb_msgs/share/dwb_msgs/environment/path.sh
[1.281s] -- Up-to-date: /home/nagisa/fishbot_ws/install/dwb_msgs/share/dwb_msgs/environment/path.dsv
[1.281s] -- Up-to-date: /home/nagisa/fishbot_ws/install/dwb_msgs/share/dwb_msgs/local_setup.bash
[1.281s] -- Up-to-date: /home/nagisa/fishbot_ws/install/dwb_msgs/share/dwb_msgs/local_setup.sh
[1.281s] -- Up-to-date: /home/nagisa/fishbot_ws/install/dwb_msgs/share/dwb_msgs/local_setup.zsh
[1.281s] -- Up-to-date: /home/nagisa/fishbot_ws/install/dwb_msgs/share/dwb_msgs/local_setup.dsv
[1.281s] -- Installing: /home/nagisa/fishbot_ws/install/dwb_msgs/share/dwb_msgs/package.dsv
[1.281s] -- Up-to-date: /home/nagisa/fishbot_ws/install/dwb_msgs/share/ament_index/resource_index/packages/dwb_msgs
[1.283s] -- Up-to-date: /home/nagisa/fishbot_ws/install/dwb_msgs/share/dwb_msgs/cmake/export_dwb_msgs__rosidl_generator_cExport.cmake
[1.283s] -- Up-to-date: /home/nagisa/fishbot_ws/install/dwb_msgs/share/dwb_msgs/cmake/export_dwb_msgs__rosidl_generator_cExport-noconfig.cmake
[1.285s] -- Up-to-date: /home/nagisa/fishbot_ws/install/dwb_msgs/share/dwb_msgs/cmake/export_dwb_msgs__rosidl_typesupport_fastrtps_cExport.cmake
[1.285s] -- Up-to-date: /home/nagisa/fishbot_ws/install/dwb_msgs/share/dwb_msgs/cmake/export_dwb_msgs__rosidl_typesupport_fastrtps_cExport-noconfig.cmake
[1.286s] -- Up-to-date: /home/nagisa/fishbot_ws/install/dwb_msgs/share/dwb_msgs/cmake/export_dwb_msgs__rosidl_generator_cppExport.cmake
[1.287s] -- Up-to-date: /home/nagisa/fishbot_ws/install/dwb_msgs/share/dwb_msgs/cmake/export_dwb_msgs__rosidl_typesupport_fastrtps_cppExport.cmake
[1.288s] -- Up-to-date: /home/nagisa/fishbot_ws/install/dwb_msgs/share/dwb_msgs/cmake/export_dwb_msgs__rosidl_typesupport_fastrtps_cppExport-noconfig.cmake
[1.289s] -- Up-to-date: /home/nagisa/fishbot_ws/install/dwb_msgs/share/dwb_msgs/cmake/dwb_msgs__rosidl_typesupport_introspection_cExport.cmake
[1.289s] -- Up-to-date: /home/nagisa/fishbot_ws/install/dwb_msgs/share/dwb_msgs/cmake/dwb_msgs__rosidl_typesupport_introspection_cExport-noconfig.cmake
[1.291s] -- Up-to-date: /home/nagisa/fishbot_ws/install/dwb_msgs/share/dwb_msgs/cmake/dwb_msgs__rosidl_typesupport_cExport.cmake
[1.291s] -- Up-to-date: /home/nagisa/fishbot_ws/install/dwb_msgs/share/dwb_msgs/cmake/dwb_msgs__rosidl_typesupport_cExport-noconfig.cmake
[1.292s] -- Up-to-date: /home/nagisa/fishbot_ws/install/dwb_msgs/share/dwb_msgs/cmake/dwb_msgs__rosidl_typesupport_introspection_cppExport.cmake
[1.292s] -- Up-to-date: /home/nagisa/fishbot_ws/install/dwb_msgs/share/dwb_msgs/cmake/dwb_msgs__rosidl_typesupport_introspection_cppExport-noconfig.cmake
[1.293s] -- Up-to-date: /home/nagisa/fishbot_ws/install/dwb_msgs/share/dwb_msgs/cmake/dwb_msgs__rosidl_typesupport_cppExport.cmake
[1.294s] -- Up-to-date: /home/nagisa/fishbot_ws/install/dwb_msgs/share/dwb_msgs/cmake/dwb_msgs__rosidl_typesupport_cppExport-noconfig.cmake
[1.295s] -- Up-to-date: /home/nagisa/fishbot_ws/install/dwb_msgs/share/dwb_msgs/cmake/export_dwb_msgs__rosidl_generator_pyExport.cmake
[1.296s] -- Up-to-date: /home/nagisa/fishbot_ws/install/dwb_msgs/share/dwb_msgs/cmake/export_dwb_msgs__rosidl_generator_pyExport-noconfig.cmake
[1.296s] -- Up-to-date: /home/nagisa/fishbot_ws/install/dwb_msgs/share/dwb_msgs/cmake/rosidl_cmake-extras.cmake
[1.296s] -- Up-to-date: /home/nagisa/fishbot_ws/install/dwb_msgs/share/dwb_msgs/cmake/ament_cmake_export_dependencies-extras.cmake
[1.296s] -- Up-to-date: /home/nagisa/fishbot_ws/install/dwb_msgs/share/dwb_msgs/cmake/ament_cmake_export_include_directories-extras.cmake
[1.296s] -- Up-to-date: /home/nagisa/fishbot_ws/install/dwb_msgs/share/dwb_msgs/cmake/ament_cmake_export_libraries-extras.cmake
[1.296s] -- Up-to-date: /home/nagisa/fishbot_ws/install/dwb_msgs/share/dwb_msgs/cmake/ament_cmake_export_targets-extras.cmake
[1.296s] -- Up-to-date: /home/nagisa/fishbot_ws/install/dwb_msgs/share/dwb_msgs/cmake/rosidl_cmake_export_typesupport_targets-extras.cmake
[1.296s] -- Up-to-date: /home/nagisa/fishbot_ws/install/dwb_msgs/share/dwb_msgs/cmake/rosidl_cmake_export_typesupport_libraries-extras.cmake
[1.296s] -- Up-to-date: /home/nagisa/fishbot_ws/install/dwb_msgs/share/dwb_msgs/cmake/dwb_msgsConfig.cmake
[1.296s] -- Up-to-date: /home/nagisa/fishbot_ws/install/dwb_msgs/share/dwb_msgs/cmake/dwb_msgsConfig-version.cmake
[1.296s] -- Up-to-date: /home/nagisa/fishbot_ws/install/dwb_msgs/share/dwb_msgs/package.xml
[1.300s] Invoked command in '/home/nagisa/fishbot_ws/build/dwb_msgs' returned '0': CMAKE_PREFIX_PATH=/home/nagisa/fishbot_ws/install/nav_2d_msgs:/home/nagisa/fishbot_ws/install/navigation2:/home/nagisa/fishbot_ws/install/nav2_smoother:/home/nagisa/fishbot_ws/install/nav2_dwb_controller:/home/nagisa/fishbot_ws/install/nav2_controller:/home/nagisa/fishbot_ws/install/dwb_plugins:/home/nagisa/fishbot_ws/install/dwb_critics:/home/nagisa/fishbot_ws/install/dwb_core:/home/nagisa/fishbot_ws/install/nav_2d_utils:/home/nagisa/fishbot_ws/install/dwb_msgs:/home/nagisa/fishbot_ws/install/nav2_waypoint_follower:/home/nagisa/fishbot_ws/install/nav2_theta_star_planner:/home/nagisa/fishbot_ws/install/nav2_smac_planner:/home/nagisa/fishbot_ws/install/nav2_rotation_shim_controller:/home/nagisa/fishbot_ws/install/nav2_regulated_pure_pursuit_controller:/home/nagisa/fishbot_ws/install/nav2_planner:/home/nagisa/fishbot_ws/install/nav2_navfn_planner:/home/nagisa/fishbot_ws/install/nav2_mppi_controller:/home/nagisa/fishbot_ws/install/nav2_constrained_smoother:/home/nagisa/fishbot_ws/install/nav2_bt_navigator:/home/nagisa/fishbot_ws/install/nav2_behaviors:/home/nagisa/fishbot_ws/install/nav2_core:/home/nagisa/fishbot_ws/install/nav2_collision_monitor:/home/nagisa/fishbot_ws/install/costmap_queue:/home/nagisa/fishbot_ws/install/nav2_costmap_2d:/home/nagisa/fishbot_ws/install/nav2_voxel_grid:/home/nagisa/fishbot_ws/install/nav2_velocity_smoother:/home/nagisa/fishbot_ws/install/nav2_rviz_plugins:/home/nagisa/fishbot_ws/install/nav2_map_server:/home/nagisa/fishbot_ws/install/nav2_lifecycle_manager:/home/nagisa/fishbot_ws/install/nav2_behavior_tree:/home/nagisa/fishbot_ws/install/nav2_amcl:/home/nagisa/fishbot_ws/install/nav2_util:/home/nagisa/fishbot_ws/install/nav2_msgs:/home/nagisa/fishbot_ws/install/nav2_common:/home/nagisa/fishbot_ws/install/fishbot_navigation2:/home/nagisa/fishbot_ws/install/fishbot_cartographer:/home/nagisa/fishbot_ws/install/cartographer_rviz:/home/nagisa/fishbot_ws/install/cartographer_ros:/home/nagisa/fishbot_ws/install/cartographer_ros_msgs:/home/nagisa/fishbot_ws/install/cartographer:/home/nagisa/fishbot_ws/install/nav2_simple_commander:/home/nagisa/fishbot_ws/install/fishbot_description:/opt/ros/humble LD_LIBRARY_PATH=/home/nagisa/fishbot_ws/install/nav_2d_msgs/lib:/home/nagisa/fishbot_ws/install/nav2_smoother/lib:/home/nagisa/fishbot_ws/install/nav2_controller/lib:/home/nagisa/fishbot_ws/install/dwb_plugins/lib:/home/nagisa/fishbot_ws/install/dwb_critics/lib:/home/nagisa/fishbot_ws/install/dwb_core/lib:/home/nagisa/fishbot_ws/install/nav_2d_utils/lib:/home/nagisa/fishbot_ws/install/dwb_msgs/lib:/home/nagisa/fishbot_ws/install/nav2_waypoint_follower/lib:/home/nagisa/fishbot_ws/install/nav2_theta_star_planner/lib:/home/nagisa/fishbot_ws/install/nav2_smac_planner/lib:/home/nagisa/fishbot_ws/install/nav2_rotation_shim_controller/lib:/home/nagisa/fishbot_ws/install/nav2_regulated_pure_pursuit_controller/lib:/home/nagisa/fishbot_ws/install/nav2_planner/lib:/home/nagisa/fishbot_ws/install/nav2_navfn_planner/lib:/home/nagisa/fishbot_ws/install/nav2_mppi_controller/lib:/home/nagisa/fishbot_ws/install/nav2_constrained_smoother/lib:/home/nagisa/fishbot_ws/install/nav2_bt_navigator/lib:/home/nagisa/fishbot_ws/install/nav2_behaviors/lib:/home/nagisa/fishbot_ws/install/nav2_collision_monitor/lib:/home/nagisa/fishbot_ws/install/costmap_queue/lib:/home/nagisa/fishbot_ws/install/nav2_costmap_2d/lib:/home/nagisa/fishbot_ws/install/nav2_voxel_grid/lib:/home/nagisa/fishbot_ws/install/nav2_velocity_smoother/lib:/home/nagisa/fishbot_ws/install/nav2_rviz_plugins/lib:/home/nagisa/fishbot_ws/install/nav2_map_server/lib:/home/nagisa/fishbot_ws/install/nav2_lifecycle_manager/lib:/home/nagisa/fishbot_ws/install/nav2_behavior_tree/lib:/home/nagisa/fishbot_ws/install/nav2_amcl/lib:/home/nagisa/fishbot_ws/install/nav2_util/lib:/home/nagisa/fishbot_ws/install/nav2_msgs/lib:/home/nagisa/fishbot_ws/install/cartographer_rviz/lib:/home/nagisa/fishbot_ws/install/cartographer_ros/lib:/home/nagisa/fishbot_ws/install/cartographer_ros_msgs/lib:/usr/lib/x86_64-linux-gnu/gazebo-11/plugins:/opt/ros/humble/opt/rviz_ogre_vendor/lib:/opt/ros/humble/lib/x86_64-linux-gnu:/opt/ros/humble/lib /usr/bin/cmake --install /home/nagisa/fishbot_ws/build/dwb_msgs
