[0.019s] Invoking command in '/home/nagisa/fishbot_ws/build/nav2_common': CMAKE_PREFIX_PATH=/opt/ros/humble /usr/bin/cmake /home/nagisa/fishbot_ws/src/navigation2/nav2_common -DCMAKE_INSTALL_PREFIX=/home/nagisa/fishbot_ws/install/nav2_common
[0.091s] -- Found ament_cmake_core: 1.3.10 (/opt/ros/humble/share/ament_cmake_core/cmake)
[0.258s] -- Found Python3: /usr/bin/python3 (found version "3.10.12") found components: Interpreter 
[0.337s] -- Found ament_cmake_python: 1.3.10 (/opt/ros/humble/share/ament_cmake_python/cmake)
[0.476s] -- Configuring done
[0.479s] -- Generating done
[0.479s] -- Build files have been written to: /home/nagisa/fishbot_ws/build/nav2_common
[0.482s] Invoked command in '/home/nagisa/fishbot_ws/build/nav2_common' returned '0': CMAKE_PREFIX_PATH=/opt/ros/humble /usr/bin/cmake /home/nagisa/fishbot_ws/src/navigation2/nav2_common -DCMAKE_INSTALL_PREFIX=/home/nagisa/fishbot_ws/install/nav2_common
[0.483s] Invoking command in '/home/nagisa/fishbot_ws/build/nav2_common': CMAKE_PREFIX_PATH=/opt/ros/humble /usr/bin/cmake --build /home/nagisa/fishbot_ws/build/nav2_common -- -j12 -l12
[0.546s] Built target ament_cmake_python_copy_nav2_common
[0.766s] running egg_info
[0.767s] creating nav2_common.egg-info
[0.767s] writing nav2_common.egg-info/PKG-INFO
[0.767s] writing dependency_links to nav2_common.egg-info/dependency_links.txt
[0.767s] writing top-level names to nav2_common.egg-info/top_level.txt
[0.767s] writing manifest file 'nav2_common.egg-info/SOURCES.txt'
[0.771s] reading manifest file 'nav2_common.egg-info/SOURCES.txt'
[0.772s] writing manifest file 'nav2_common.egg-info/SOURCES.txt'
[0.796s] Built target ament_cmake_python_build_nav2_common_egg
[0.807s] Invoked command in '/home/nagisa/fishbot_ws/build/nav2_common' returned '0': CMAKE_PREFIX_PATH=/opt/ros/humble /usr/bin/cmake --build /home/nagisa/fishbot_ws/build/nav2_common -- -j12 -l12
[0.847s] Invoking command in '/home/nagisa/fishbot_ws/build/nav2_common': CMAKE_PREFIX_PATH=/opt/ros/humble /usr/bin/cmake --install /home/nagisa/fishbot_ws/build/nav2_common
[0.855s] -- Install configuration: ""
[0.855s] -- Installing: /home/nagisa/fishbot_ws/install/nav2_common/share/nav2_common/environment/pythonpath.sh
[0.855s] -- Installing: /home/nagisa/fishbot_ws/install/nav2_common/share/nav2_common/environment/pythonpath.dsv
[0.855s] -- Installing: /home/nagisa/fishbot_ws/install/nav2_common/local/lib/python3.10/dist-packages/nav2_common-1.1.16-py3.10.egg-info
[0.856s] -- Installing: /home/nagisa/fishbot_ws/install/nav2_common/local/lib/python3.10/dist-packages/nav2_common-1.1.16-py3.10.egg-info/dependency_links.txt
[0.856s] -- Installing: /home/nagisa/fishbot_ws/install/nav2_common/local/lib/python3.10/dist-packages/nav2_common-1.1.16-py3.10.egg-info/SOURCES.txt
[0.856s] -- Installing: /home/nagisa/fishbot_ws/install/nav2_common/local/lib/python3.10/dist-packages/nav2_common-1.1.16-py3.10.egg-info/top_level.txt
[0.856s] -- Installing: /home/nagisa/fishbot_ws/install/nav2_common/local/lib/python3.10/dist-packages/nav2_common-1.1.16-py3.10.egg-info/PKG-INFO
[0.856s] -- Installing: /home/nagisa/fishbot_ws/install/nav2_common/local/lib/python3.10/dist-packages/nav2_common
[0.856s] -- Installing: /home/nagisa/fishbot_ws/install/nav2_common/local/lib/python3.10/dist-packages/nav2_common/__init__.py
[0.856s] -- Installing: /home/nagisa/fishbot_ws/install/nav2_common/local/lib/python3.10/dist-packages/nav2_common/launch
[0.856s] -- Installing: /home/nagisa/fishbot_ws/install/nav2_common/local/lib/python3.10/dist-packages/nav2_common/launch/__init__.py
[0.856s] -- Installing: /home/nagisa/fishbot_ws/install/nav2_common/local/lib/python3.10/dist-packages/nav2_common/launch/rewritten_yaml.py
[0.857s] -- Installing: /home/nagisa/fishbot_ws/install/nav2_common/local/lib/python3.10/dist-packages/nav2_common/launch/parse_multirobot_pose.py
[0.857s] -- Installing: /home/nagisa/fishbot_ws/install/nav2_common/local/lib/python3.10/dist-packages/nav2_common/launch/replace_string.py
[0.857s] -- Installing: /home/nagisa/fishbot_ws/install/nav2_common/local/lib/python3.10/dist-packages/nav2_common/launch/has_node_params.py
[0.890s] Listing '/home/nagisa/fishbot_ws/install/nav2_common/local/lib/python3.10/dist-packages/nav2_common'...
[0.890s] Compiling '/home/nagisa/fishbot_ws/install/nav2_common/local/lib/python3.10/dist-packages/nav2_common/__init__.py'...
[0.890s] Listing '/home/nagisa/fishbot_ws/install/nav2_common/local/lib/python3.10/dist-packages/nav2_common/launch'...
[0.890s] Compiling '/home/nagisa/fishbot_ws/install/nav2_common/local/lib/python3.10/dist-packages/nav2_common/launch/__init__.py'...
[0.890s] Compiling '/home/nagisa/fishbot_ws/install/nav2_common/local/lib/python3.10/dist-packages/nav2_common/launch/has_node_params.py'...
[0.890s] Compiling '/home/nagisa/fishbot_ws/install/nav2_common/local/lib/python3.10/dist-packages/nav2_common/launch/parse_multirobot_pose.py'...
[0.890s] Compiling '/home/nagisa/fishbot_ws/install/nav2_common/local/lib/python3.10/dist-packages/nav2_common/launch/replace_string.py'...
[0.890s] Compiling '/home/nagisa/fishbot_ws/install/nav2_common/local/lib/python3.10/dist-packages/nav2_common/launch/rewritten_yaml.py'...
[0.893s] -- Installing: /home/nagisa/fishbot_ws/install/nav2_common/share/ament_index/resource_index/package_run_dependencies/nav2_common
[0.893s] -- Installing: /home/nagisa/fishbot_ws/install/nav2_common/share/ament_index/resource_index/parent_prefix_path/nav2_common
[0.894s] -- Installing: /home/nagisa/fishbot_ws/install/nav2_common/share/nav2_common/environment/ament_prefix_path.sh
[0.894s] -- Installing: /home/nagisa/fishbot_ws/install/nav2_common/share/nav2_common/environment/ament_prefix_path.dsv
[0.894s] -- Installing: /home/nagisa/fishbot_ws/install/nav2_common/share/nav2_common/environment/path.sh
[0.894s] -- Installing: /home/nagisa/fishbot_ws/install/nav2_common/share/nav2_common/environment/path.dsv
[0.894s] -- Installing: /home/nagisa/fishbot_ws/install/nav2_common/share/nav2_common/local_setup.bash
[0.894s] -- Installing: /home/nagisa/fishbot_ws/install/nav2_common/share/nav2_common/local_setup.sh
[0.894s] -- Installing: /home/nagisa/fishbot_ws/install/nav2_common/share/nav2_common/local_setup.zsh
[0.895s] -- Installing: /home/nagisa/fishbot_ws/install/nav2_common/share/nav2_common/local_setup.dsv
[0.895s] -- Installing: /home/nagisa/fishbot_ws/install/nav2_common/share/nav2_common/package.dsv
[0.895s] -- Installing: /home/nagisa/fishbot_ws/install/nav2_common/share/ament_index/resource_index/packages/nav2_common
[0.895s] -- Installing: /home/nagisa/fishbot_ws/install/nav2_common/share/nav2_common/cmake/nav2_common-extras.cmake
[0.895s] -- Installing: /home/nagisa/fishbot_ws/install/nav2_common/share/nav2_common/cmake/nav2_commonConfig.cmake
[0.895s] -- Installing: /home/nagisa/fishbot_ws/install/nav2_common/share/nav2_common/cmake/nav2_commonConfig-version.cmake
[0.895s] -- Installing: /home/nagisa/fishbot_ws/install/nav2_common/share/nav2_common/package.xml
[0.895s] -- Up-to-date: /home/nagisa/fishbot_ws/install/nav2_common/share/nav2_common/cmake
[0.896s] -- Installing: /home/nagisa/fishbot_ws/install/nav2_common/share/nav2_common/cmake/nav2_package.cmake
[0.897s] Invoked command in '/home/nagisa/fishbot_ws/build/nav2_common' returned '0': CMAKE_PREFIX_PATH=/opt/ros/humble /usr/bin/cmake --install /home/nagisa/fishbot_ws/build/nav2_common
