[0.058s] Invoking command in '/home/nagisa/fishbot_ws/build/dwb_critics': AMENT_PREFIX_PATH=/home/nagisa/fishbot_ws/install/dwb_core:/home/nagisa/fishbot_ws/install/nav2_core:/home/nagisa/fishbot_ws/install/costmap_queue:/home/nagisa/fishbot_ws/install/nav2_costmap_2d:/home/nagisa/fishbot_ws/install/nav_2d_utils:/home/nagisa/fishbot_ws/install/nav2_map_server:/home/nagisa/fishbot_ws/install/nav2_lifecycle_manager:/home/nagisa/fishbot_ws/install/nav2_util:/home/nagisa/fishbot_ws/install/nav2_voxel_grid:/home/nagisa/fishbot_ws/install/nav2_msgs:/home/nagisa/fishbot_ws/install/dwb_msgs:/home/nagisa/fishbot_ws/install/nav_2d_msgs:/home/nagisa/fishbot_ws/install/nav2_common:${AMENT_PREFIX_PATH} CMAKE_PREFIX_PATH=/home/nagisa/fishbot_ws/install/dwb_core:/home/nagisa/fishbot_ws/install/nav2_core:/home/nagisa/fishbot_ws/install/costmap_queue:/home/nagisa/fishbot_ws/install/nav2_costmap_2d:/home/nagisa/fishbot_ws/install/nav_2d_utils:/home/nagisa/fishbot_ws/install/nav2_map_server:/home/nagisa/fishbot_ws/install/nav2_lifecycle_manager:/home/nagisa/fishbot_ws/install/nav2_util:/home/nagisa/fishbot_ws/install/nav2_voxel_grid:/home/nagisa/fishbot_ws/install/nav2_msgs:/home/nagisa/fishbot_ws/install/dwb_msgs:/home/nagisa/fishbot_ws/install/nav_2d_msgs:/home/nagisa/fishbot_ws/install/nav2_common:/opt/ros/humble LD_LIBRARY_PATH=/home/nagisa/fishbot_ws/install/dwb_core/lib:/home/nagisa/fishbot_ws/install/costmap_queue/lib:/home/nagisa/fishbot_ws/install/nav2_costmap_2d/lib:/home/nagisa/fishbot_ws/install/nav_2d_utils/lib:/home/nagisa/fishbot_ws/install/nav2_map_server/lib:/home/nagisa/fishbot_ws/install/nav2_lifecycle_manager/lib:/home/nagisa/fishbot_ws/install/nav2_util/lib:/home/nagisa/fishbot_ws/install/nav2_voxel_grid/lib:/home/nagisa/fishbot_ws/install/nav2_msgs/lib:/home/nagisa/fishbot_ws/install/dwb_msgs/lib:/home/nagisa/fishbot_ws/install/nav_2d_msgs/lib:${LD_LIBRARY_PATH} PYTHONPATH=/home/nagisa/fishbot_ws/install/nav2_msgs/local/lib/python3.10/dist-packages:/home/nagisa/fishbot_ws/install/dwb_msgs/local/lib/python3.10/dist-packages:/home/nagisa/fishbot_ws/install/nav_2d_msgs/local/lib/python3.10/dist-packages:/home/nagisa/fishbot_ws/install/nav2_common/local/lib/python3.10/dist-packages:${PYTHONPATH} /usr/bin/cmake --build /home/nagisa/fishbot_ws/build/dwb_critics -- -j12 -l12
[0.135s] [35m[1mConsolidate compiler generated dependencies of target gtest_main[0m
[0.135s] [35m[1mConsolidate compiler generated dependencies of target gtest[0m
[0.153s] [  7%] Built target gtest
[0.153s] [ 14%] Built target gtest_main
[0.157s] [35m[1mConsolidate compiler generated dependencies of target dwb_critics[0m
[0.212s] [ 62%] Built target dwb_critics
[0.234s] [35m[1mConsolidate compiler generated dependencies of target alignment_util_tests[0m
[0.235s] [35m[1mConsolidate compiler generated dependencies of target obstacle_footprint_tests[0m
[0.236s] [35m[1mConsolidate compiler generated dependencies of target prefer_forward_tests[0m
[0.236s] [35m[1mConsolidate compiler generated dependencies of target base_obstacle_tests[0m
[0.240s] [35m[1mConsolidate compiler generated dependencies of target twirling_tests[0m
[0.256s] [ 70%] Built target alignment_util_tests
[0.258s] [ 77%] Built target prefer_forward_tests
[0.258s] [ 85%] Built target obstacle_footprint_tests
[0.258s] [ 92%] Built target base_obstacle_tests
[0.263s] [100%] Built target twirling_tests
[0.277s] Invoked command in '/home/nagisa/fishbot_ws/build/dwb_critics' returned '0': AMENT_PREFIX_PATH=/home/nagisa/fishbot_ws/install/dwb_core:/home/nagisa/fishbot_ws/install/nav2_core:/home/nagisa/fishbot_ws/install/costmap_queue:/home/nagisa/fishbot_ws/install/nav2_costmap_2d:/home/nagisa/fishbot_ws/install/nav_2d_utils:/home/nagisa/fishbot_ws/install/nav2_map_server:/home/nagisa/fishbot_ws/install/nav2_lifecycle_manager:/home/nagisa/fishbot_ws/install/nav2_util:/home/nagisa/fishbot_ws/install/nav2_voxel_grid:/home/nagisa/fishbot_ws/install/nav2_msgs:/home/nagisa/fishbot_ws/install/dwb_msgs:/home/nagisa/fishbot_ws/install/nav_2d_msgs:/home/nagisa/fishbot_ws/install/nav2_common:${AMENT_PREFIX_PATH} CMAKE_PREFIX_PATH=/home/nagisa/fishbot_ws/install/dwb_core:/home/nagisa/fishbot_ws/install/nav2_core:/home/nagisa/fishbot_ws/install/costmap_queue:/home/nagisa/fishbot_ws/install/nav2_costmap_2d:/home/nagisa/fishbot_ws/install/nav_2d_utils:/home/nagisa/fishbot_ws/install/nav2_map_server:/home/nagisa/fishbot_ws/install/nav2_lifecycle_manager:/home/nagisa/fishbot_ws/install/nav2_util:/home/nagisa/fishbot_ws/install/nav2_voxel_grid:/home/nagisa/fishbot_ws/install/nav2_msgs:/home/nagisa/fishbot_ws/install/dwb_msgs:/home/nagisa/fishbot_ws/install/nav_2d_msgs:/home/nagisa/fishbot_ws/install/nav2_common:/opt/ros/humble LD_LIBRARY_PATH=/home/nagisa/fishbot_ws/install/dwb_core/lib:/home/nagisa/fishbot_ws/install/costmap_queue/lib:/home/nagisa/fishbot_ws/install/nav2_costmap_2d/lib:/home/nagisa/fishbot_ws/install/nav_2d_utils/lib:/home/nagisa/fishbot_ws/install/nav2_map_server/lib:/home/nagisa/fishbot_ws/install/nav2_lifecycle_manager/lib:/home/nagisa/fishbot_ws/install/nav2_util/lib:/home/nagisa/fishbot_ws/install/nav2_voxel_grid/lib:/home/nagisa/fishbot_ws/install/nav2_msgs/lib:/home/nagisa/fishbot_ws/install/dwb_msgs/lib:/home/nagisa/fishbot_ws/install/nav_2d_msgs/lib:${LD_LIBRARY_PATH} PYTHONPATH=/home/nagisa/fishbot_ws/install/nav2_msgs/local/lib/python3.10/dist-packages:/home/nagisa/fishbot_ws/install/dwb_msgs/local/lib/python3.10/dist-packages:/home/nagisa/fishbot_ws/install/nav_2d_msgs/local/lib/python3.10/dist-packages:/home/nagisa/fishbot_ws/install/nav2_common/local/lib/python3.10/dist-packages:${PYTHONPATH} /usr/bin/cmake --build /home/nagisa/fishbot_ws/build/dwb_critics -- -j12 -l12
[0.388s] Invoking command in '/home/nagisa/fishbot_ws/build/dwb_critics': AMENT_PREFIX_PATH=/home/nagisa/fishbot_ws/install/dwb_core:/home/nagisa/fishbot_ws/install/nav2_core:/home/nagisa/fishbot_ws/install/costmap_queue:/home/nagisa/fishbot_ws/install/nav2_costmap_2d:/home/nagisa/fishbot_ws/install/nav_2d_utils:/home/nagisa/fishbot_ws/install/nav2_map_server:/home/nagisa/fishbot_ws/install/nav2_lifecycle_manager:/home/nagisa/fishbot_ws/install/nav2_util:/home/nagisa/fishbot_ws/install/nav2_voxel_grid:/home/nagisa/fishbot_ws/install/nav2_msgs:/home/nagisa/fishbot_ws/install/dwb_msgs:/home/nagisa/fishbot_ws/install/nav_2d_msgs:/home/nagisa/fishbot_ws/install/nav2_common:${AMENT_PREFIX_PATH} CMAKE_PREFIX_PATH=/home/nagisa/fishbot_ws/install/dwb_core:/home/nagisa/fishbot_ws/install/nav2_core:/home/nagisa/fishbot_ws/install/costmap_queue:/home/nagisa/fishbot_ws/install/nav2_costmap_2d:/home/nagisa/fishbot_ws/install/nav_2d_utils:/home/nagisa/fishbot_ws/install/nav2_map_server:/home/nagisa/fishbot_ws/install/nav2_lifecycle_manager:/home/nagisa/fishbot_ws/install/nav2_util:/home/nagisa/fishbot_ws/install/nav2_voxel_grid:/home/nagisa/fishbot_ws/install/nav2_msgs:/home/nagisa/fishbot_ws/install/dwb_msgs:/home/nagisa/fishbot_ws/install/nav_2d_msgs:/home/nagisa/fishbot_ws/install/nav2_common:/opt/ros/humble LD_LIBRARY_PATH=/home/nagisa/fishbot_ws/install/dwb_core/lib:/home/nagisa/fishbot_ws/install/costmap_queue/lib:/home/nagisa/fishbot_ws/install/nav2_costmap_2d/lib:/home/nagisa/fishbot_ws/install/nav_2d_utils/lib:/home/nagisa/fishbot_ws/install/nav2_map_server/lib:/home/nagisa/fishbot_ws/install/nav2_lifecycle_manager/lib:/home/nagisa/fishbot_ws/install/nav2_util/lib:/home/nagisa/fishbot_ws/install/nav2_voxel_grid/lib:/home/nagisa/fishbot_ws/install/nav2_msgs/lib:/home/nagisa/fishbot_ws/install/dwb_msgs/lib:/home/nagisa/fishbot_ws/install/nav_2d_msgs/lib:${LD_LIBRARY_PATH} PYTHONPATH=/home/nagisa/fishbot_ws/install/nav2_msgs/local/lib/python3.10/dist-packages:/home/nagisa/fishbot_ws/install/dwb_msgs/local/lib/python3.10/dist-packages:/home/nagisa/fishbot_ws/install/nav_2d_msgs/local/lib/python3.10/dist-packages:/home/nagisa/fishbot_ws/install/nav2_common/local/lib/python3.10/dist-packages:${PYTHONPATH} /usr/bin/cmake --install /home/nagisa/fishbot_ws/build/dwb_critics
[0.400s] -- Install configuration: "Release"
[0.403s] -- Up-to-date: /home/nagisa/fishbot_ws/install/dwb_critics/lib/libdwb_critics.so
[0.403s] -- Up-to-date: /home/nagisa/fishbot_ws/install/dwb_critics/include/
[0.404s] -- Up-to-date: /home/nagisa/fishbot_ws/install/dwb_critics/include//dwb_critics
[0.404s] -- Up-to-date: /home/nagisa/fishbot_ws/install/dwb_critics/include//dwb_critics/map_grid.hpp
[0.404s] -- Up-to-date: /home/nagisa/fishbot_ws/install/dwb_critics/include//dwb_critics/goal_align.hpp
[0.404s] -- Up-to-date: /home/nagisa/fishbot_ws/install/dwb_critics/include//dwb_critics/alignment_util.hpp
[0.404s] -- Up-to-date: /home/nagisa/fishbot_ws/install/dwb_critics/include//dwb_critics/obstacle_footprint.hpp
[0.404s] -- Up-to-date: /home/nagisa/fishbot_ws/install/dwb_critics/include//dwb_critics/path_dist.hpp
[0.404s] -- Up-to-date: /home/nagisa/fishbot_ws/install/dwb_critics/include//dwb_critics/rotate_to_goal.hpp
[0.404s] -- Up-to-date: /home/nagisa/fishbot_ws/install/dwb_critics/include//dwb_critics/line_iterator.hpp
[0.405s] -- Up-to-date: /home/nagisa/fishbot_ws/install/dwb_critics/include//dwb_critics/base_obstacle.hpp
[0.405s] -- Up-to-date: /home/nagisa/fishbot_ws/install/dwb_critics/include//dwb_critics/twirling.hpp
[0.405s] -- Up-to-date: /home/nagisa/fishbot_ws/install/dwb_critics/include//dwb_critics/path_align.hpp
[0.405s] -- Up-to-date: /home/nagisa/fishbot_ws/install/dwb_critics/include//dwb_critics/prefer_forward.hpp
[0.405s] -- Up-to-date: /home/nagisa/fishbot_ws/install/dwb_critics/include//dwb_critics/oscillation.hpp
[0.405s] -- Up-to-date: /home/nagisa/fishbot_ws/install/dwb_critics/include//dwb_critics/goal_dist.hpp
[0.405s] -- Up-to-date: /home/nagisa/fishbot_ws/install/dwb_critics/share/dwb_critics/default_critics.xml
[0.406s] -- Up-to-date: /home/nagisa/fishbot_ws/install/dwb_critics/share/dwb_critics/environment/library_path.sh
[0.406s] -- Up-to-date: /home/nagisa/fishbot_ws/install/dwb_critics/share/dwb_critics/environment/library_path.dsv
[0.406s] -- Up-to-date: /home/nagisa/fishbot_ws/install/dwb_critics/share/dwb_critics/default_critics.xml
[0.407s] -- Up-to-date: /home/nagisa/fishbot_ws/install/dwb_critics/share/ament_index/resource_index/package_run_dependencies/dwb_critics
[0.408s] -- Up-to-date: /home/nagisa/fishbot_ws/install/dwb_critics/share/ament_index/resource_index/parent_prefix_path/dwb_critics
[0.408s] -- Up-to-date: /home/nagisa/fishbot_ws/install/dwb_critics/share/dwb_critics/environment/ament_prefix_path.sh
[0.408s] -- Up-to-date: /home/nagisa/fishbot_ws/install/dwb_critics/share/dwb_critics/environment/ament_prefix_path.dsv
[0.408s] -- Up-to-date: /home/nagisa/fishbot_ws/install/dwb_critics/share/dwb_critics/environment/path.sh
[0.408s] -- Up-to-date: /home/nagisa/fishbot_ws/install/dwb_critics/share/dwb_critics/environment/path.dsv
[0.408s] -- Up-to-date: /home/nagisa/fishbot_ws/install/dwb_critics/share/dwb_critics/local_setup.bash
[0.408s] -- Up-to-date: /home/nagisa/fishbot_ws/install/dwb_critics/share/dwb_critics/local_setup.sh
[0.408s] -- Up-to-date: /home/nagisa/fishbot_ws/install/dwb_critics/share/dwb_critics/local_setup.zsh
[0.408s] -- Up-to-date: /home/nagisa/fishbot_ws/install/dwb_critics/share/dwb_critics/local_setup.dsv
[0.408s] -- Installing: /home/nagisa/fishbot_ws/install/dwb_critics/share/dwb_critics/package.dsv
[0.409s] -- Up-to-date: /home/nagisa/fishbot_ws/install/dwb_critics/share/ament_index/resource_index/packages/dwb_critics
[0.409s] -- Up-to-date: /home/nagisa/fishbot_ws/install/dwb_critics/share/ament_index/resource_index/dwb_core__pluginlib__plugin/dwb_critics
[0.410s] -- Up-to-date: /home/nagisa/fishbot_ws/install/dwb_critics/share/dwb_critics/cmake/ament_cmake_export_include_directories-extras.cmake
[0.410s] -- Up-to-date: /home/nagisa/fishbot_ws/install/dwb_critics/share/dwb_critics/cmake/ament_cmake_export_libraries-extras.cmake
[0.410s] -- Up-to-date: /home/nagisa/fishbot_ws/install/dwb_critics/share/dwb_critics/cmake/ament_cmake_export_dependencies-extras.cmake
[0.410s] -- Up-to-date: /home/nagisa/fishbot_ws/install/dwb_critics/share/dwb_critics/cmake/dwb_criticsConfig.cmake
[0.410s] -- Up-to-date: /home/nagisa/fishbot_ws/install/dwb_critics/share/dwb_critics/cmake/dwb_criticsConfig-version.cmake
[0.410s] -- Up-to-date: /home/nagisa/fishbot_ws/install/dwb_critics/share/dwb_critics/package.xml
[0.413s] Invoked command in '/home/nagisa/fishbot_ws/build/dwb_critics' returned '0': AMENT_PREFIX_PATH=/home/nagisa/fishbot_ws/install/dwb_core:/home/nagisa/fishbot_ws/install/nav2_core:/home/nagisa/fishbot_ws/install/costmap_queue:/home/nagisa/fishbot_ws/install/nav2_costmap_2d:/home/nagisa/fishbot_ws/install/nav_2d_utils:/home/nagisa/fishbot_ws/install/nav2_map_server:/home/nagisa/fishbot_ws/install/nav2_lifecycle_manager:/home/nagisa/fishbot_ws/install/nav2_util:/home/nagisa/fishbot_ws/install/nav2_voxel_grid:/home/nagisa/fishbot_ws/install/nav2_msgs:/home/nagisa/fishbot_ws/install/dwb_msgs:/home/nagisa/fishbot_ws/install/nav_2d_msgs:/home/nagisa/fishbot_ws/install/nav2_common:${AMENT_PREFIX_PATH} CMAKE_PREFIX_PATH=/home/nagisa/fishbot_ws/install/dwb_core:/home/nagisa/fishbot_ws/install/nav2_core:/home/nagisa/fishbot_ws/install/costmap_queue:/home/nagisa/fishbot_ws/install/nav2_costmap_2d:/home/nagisa/fishbot_ws/install/nav_2d_utils:/home/nagisa/fishbot_ws/install/nav2_map_server:/home/nagisa/fishbot_ws/install/nav2_lifecycle_manager:/home/nagisa/fishbot_ws/install/nav2_util:/home/nagisa/fishbot_ws/install/nav2_voxel_grid:/home/nagisa/fishbot_ws/install/nav2_msgs:/home/nagisa/fishbot_ws/install/dwb_msgs:/home/nagisa/fishbot_ws/install/nav_2d_msgs:/home/nagisa/fishbot_ws/install/nav2_common:/opt/ros/humble LD_LIBRARY_PATH=/home/nagisa/fishbot_ws/install/dwb_core/lib:/home/nagisa/fishbot_ws/install/costmap_queue/lib:/home/nagisa/fishbot_ws/install/nav2_costmap_2d/lib:/home/nagisa/fishbot_ws/install/nav_2d_utils/lib:/home/nagisa/fishbot_ws/install/nav2_map_server/lib:/home/nagisa/fishbot_ws/install/nav2_lifecycle_manager/lib:/home/nagisa/fishbot_ws/install/nav2_util/lib:/home/nagisa/fishbot_ws/install/nav2_voxel_grid/lib:/home/nagisa/fishbot_ws/install/nav2_msgs/lib:/home/nagisa/fishbot_ws/install/dwb_msgs/lib:/home/nagisa/fishbot_ws/install/nav_2d_msgs/lib:${LD_LIBRARY_PATH} PYTHONPATH=/home/nagisa/fishbot_ws/install/nav2_msgs/local/lib/python3.10/dist-packages:/home/nagisa/fishbot_ws/install/dwb_msgs/local/lib/python3.10/dist-packages:/home/nagisa/fishbot_ws/install/nav_2d_msgs/local/lib/python3.10/dist-packages:/home/nagisa/fishbot_ws/install/nav2_common/local/lib/python3.10/dist-packages:${PYTHONPATH} /usr/bin/cmake --install /home/nagisa/fishbot_ws/build/dwb_critics
