-- Found ament_cmake: 1.3.10 (/opt/ros/humble/share/ament_cmake/cmake)
-- Found rclcpp: 16.0.10 (/opt/ros/humble/share/rclcpp/cmake)
-- Found rosidl_generator_c: 3.1.5 (/opt/ros/humble/share/rosidl_generator_c/cmake)
-- Found rosidl_adapter: 3.1.5 (/opt/ros/humble/share/rosidl_adapter/cmake)
-- Found rosidl_generator_cpp: 3.1.5 (/opt/ros/humble/share/rosidl_generator_cpp/cmake)
-- Using all available rosidl_typesupport_c: rosidl_typesupport_fastrtps_c;rosidl_typesupport_introspection_c
-- Using all available rosidl_typesupport_cpp: rosidl_typesupport_fastrtps_cpp;rosidl_typesupport_introspection_cpp
-- Found rmw_implementation_cmake: 6.1.2 (/opt/ros/humble/share/rmw_implementation_cmake/cmake)
-- Found rmw_fastrtps_cpp: 6.2.7 (/opt/ros/humble/share/rmw_fastrtps_cpp/cmake)
-- Using RMW implementation 'rmw_fastrtps_cpp' as default
-- Found ament_lint_auto: 0.12.11 (/opt/ros/humble/share/ament_lint_auto/cmake)
-- Added test 'cppcheck' to perform static code analysis on C / C++ code
-- Configured cppcheck include dirs: 
-- Configured cppcheck exclude dirs and/or files: 
-- Added test 'lint_cmake' to check CMake code style
-- Added test 'uncrustify' to check C / C++ code style
-- Configured uncrustify additional arguments: 
-- Added test 'xmllint' to check XML markup files
-- Configuring done
-- Generating done
-- Build files have been written to: /home/nagisa/candpy_ws/build/cpp_pkg
[35m[1mConsolidate compiler generated dependencies of target qq_node[0m
[ 25%] [32mBuilding CXX object CMakeFiles/tx_qq_node.dir/src/tx_qq_node.cpp.o[0m
[ 75%] Built target qq_node
[100%] [32m[1mLinking CXX executable tx_qq_node[0m
[100%] Built target tx_qq_node
-- Install configuration: ""
-- Installing: /home/nagisa/candpy_ws/install/cpp_pkg/share/ament_index/resource_index/package_run_dependencies/cpp_pkg
-- Installing: /home/nagisa/candpy_ws/install/cpp_pkg/share/ament_index/resource_index/parent_prefix_path/cpp_pkg
-- Installing: /home/nagisa/candpy_ws/install/cpp_pkg/share/cpp_pkg/environment/ament_prefix_path.sh
-- Installing: /home/nagisa/candpy_ws/install/cpp_pkg/share/cpp_pkg/environment/ament_prefix_path.dsv
-- Installing: /home/nagisa/candpy_ws/install/cpp_pkg/share/cpp_pkg/environment/path.sh
-- Installing: /home/nagisa/candpy_ws/install/cpp_pkg/share/cpp_pkg/environment/path.dsv
-- Installing: /home/nagisa/candpy_ws/install/cpp_pkg/share/cpp_pkg/local_setup.bash
-- Installing: /home/nagisa/candpy_ws/install/cpp_pkg/share/cpp_pkg/local_setup.sh
-- Installing: /home/nagisa/candpy_ws/install/cpp_pkg/share/cpp_pkg/local_setup.zsh
-- Installing: /home/nagisa/candpy_ws/install/cpp_pkg/share/cpp_pkg/local_setup.dsv
-- Installing: /home/nagisa/candpy_ws/install/cpp_pkg/share/cpp_pkg/package.dsv
-- Installing: /home/nagisa/candpy_ws/install/cpp_pkg/share/ament_index/resource_index/packages/cpp_pkg
-- Installing: /home/nagisa/candpy_ws/install/cpp_pkg/share/cpp_pkg/cmake/cpp_pkgConfig.cmake
-- Installing: /home/nagisa/candpy_ws/install/cpp_pkg/share/cpp_pkg/cmake/cpp_pkgConfig-version.cmake
-- Installing: /home/nagisa/candpy_ws/install/cpp_pkg/share/cpp_pkg/package.xml
-- Installing: /home/nagisa/candpy_ws/install/cpp_pkg/lib/cpp_pkg/qq_node
-- Set runtime path of "/home/nagisa/candpy_ws/install/cpp_pkg/lib/cpp_pkg/qq_node" to ""
-- Installing: /home/nagisa/candpy_ws/install/cpp_pkg/lib/cpp_pkg/tx_qq_node
-- Set runtime path of "/home/nagisa/candpy_ws/install/cpp_pkg/lib/cpp_pkg/tx_qq_node" to ""
