[0.016s] Invoking command in '/home/nagisa/candpy_ws/build/cpp_pkg': CMAKE_PREFIX_PATH=/opt/ros/humble /usr/bin/cmake --build /home/nagisa/candpy_ws/build/cpp_pkg -- -j12 -l12
[0.042s] -- Found ament_cmake: 1.3.10 (/opt/ros/humble/share/ament_cmake/cmake)
[0.161s] -- Found rclcpp: 16.0.10 (/opt/ros/humble/share/rclcpp/cmake)
[0.187s] -- Found rosidl_generator_c: 3.1.5 (/opt/ros/humble/share/rosidl_generator_c/cmake)
[0.190s] -- Found rosidl_adapter: 3.1.5 (/opt/ros/humble/share/rosidl_adapter/cmake)
[0.195s] -- Found rosidl_generator_cpp: 3.1.5 (/opt/ros/humble/share/rosidl_generator_cpp/cmake)
[0.203s] -- Using all available rosidl_typesupport_c: rosidl_typesupport_fastrtps_c;rosidl_typesupport_introspection_c
[0.214s] -- Using all available rosidl_typesupport_cpp: rosidl_typesupport_fastrtps_cpp;rosidl_typesupport_introspection_cpp
[0.242s] -- Found rmw_implementation_cmake: 6.1.2 (/opt/ros/humble/share/rmw_implementation_cmake/cmake)
[0.243s] -- Found rmw_fastrtps_cpp: 6.2.7 (/opt/ros/humble/share/rmw_fastrtps_cpp/cmake)
[0.334s] -- Using RMW implementation 'rmw_fastrtps_cpp' as default
[0.375s] -- Found ament_lint_auto: 0.12.11 (/opt/ros/humble/share/ament_lint_auto/cmake)
[0.437s] -- Added test 'cppcheck' to perform static code analysis on C / C++ code
[0.438s] -- Configured cppcheck include dirs: 
[0.438s] -- Configured cppcheck exclude dirs and/or files: 
[0.438s] -- Added test 'lint_cmake' to check CMake code style
[0.438s] -- Added test 'uncrustify' to check C / C++ code style
[0.438s] -- Configured uncrustify additional arguments: 
[0.438s] -- Added test 'xmllint' to check XML markup files
[0.440s] -- Configuring done
[0.453s] -- Generating done
[0.456s] -- Build files have been written to: /home/nagisa/candpy_ws/build/cpp_pkg
[0.484s] [35m[1mConsolidate compiler generated dependencies of target qq_node[0m
[0.495s] [ 25%] [32mBuilding CXX object CMakeFiles/tx_qq_node.dir/src/tx_qq_node.cpp.o[0m
[0.505s] [ 75%] Built target qq_node
[8.796s] [100%] [32m[1mLinking CXX executable tx_qq_node[0m
[9.193s] [100%] Built target tx_qq_node
[9.205s] Invoked command in '/home/nagisa/candpy_ws/build/cpp_pkg' returned '0': CMAKE_PREFIX_PATH=/opt/ros/humble /usr/bin/cmake --build /home/nagisa/candpy_ws/build/cpp_pkg -- -j12 -l12
[9.260s] Invoking command in '/home/nagisa/candpy_ws/build/cpp_pkg': CMAKE_PREFIX_PATH=/opt/ros/humble /usr/bin/cmake --install /home/nagisa/candpy_ws/build/cpp_pkg
[9.267s] -- Install configuration: ""
[9.268s] -- Installing: /home/nagisa/candpy_ws/install/cpp_pkg/share/ament_index/resource_index/package_run_dependencies/cpp_pkg
[9.268s] -- Installing: /home/nagisa/candpy_ws/install/cpp_pkg/share/ament_index/resource_index/parent_prefix_path/cpp_pkg
[9.269s] -- Installing: /home/nagisa/candpy_ws/install/cpp_pkg/share/cpp_pkg/environment/ament_prefix_path.sh
[9.269s] -- Installing: /home/nagisa/candpy_ws/install/cpp_pkg/share/cpp_pkg/environment/ament_prefix_path.dsv
[9.269s] -- Installing: /home/nagisa/candpy_ws/install/cpp_pkg/share/cpp_pkg/environment/path.sh
[9.270s] -- Installing: /home/nagisa/candpy_ws/install/cpp_pkg/share/cpp_pkg/environment/path.dsv
[9.270s] -- Installing: /home/nagisa/candpy_ws/install/cpp_pkg/share/cpp_pkg/local_setup.bash
[9.270s] -- Installing: /home/nagisa/candpy_ws/install/cpp_pkg/share/cpp_pkg/local_setup.sh
[9.270s] -- Installing: /home/nagisa/candpy_ws/install/cpp_pkg/share/cpp_pkg/local_setup.zsh
[9.270s] -- Installing: /home/nagisa/candpy_ws/install/cpp_pkg/share/cpp_pkg/local_setup.dsv
[9.270s] -- Installing: /home/nagisa/candpy_ws/install/cpp_pkg/share/cpp_pkg/package.dsv
[9.270s] -- Installing: /home/nagisa/candpy_ws/install/cpp_pkg/share/ament_index/resource_index/packages/cpp_pkg
[9.271s] -- Installing: /home/nagisa/candpy_ws/install/cpp_pkg/share/cpp_pkg/cmake/cpp_pkgConfig.cmake
[9.271s] -- Installing: /home/nagisa/candpy_ws/install/cpp_pkg/share/cpp_pkg/cmake/cpp_pkgConfig-version.cmake
[9.271s] -- Installing: /home/nagisa/candpy_ws/install/cpp_pkg/share/cpp_pkg/package.xml
[9.271s] -- Installing: /home/nagisa/candpy_ws/install/cpp_pkg/lib/cpp_pkg/qq_node
[9.274s] -- Set runtime path of "/home/nagisa/candpy_ws/install/cpp_pkg/lib/cpp_pkg/qq_node" to ""
[9.274s] -- Installing: /home/nagisa/candpy_ws/install/cpp_pkg/lib/cpp_pkg/tx_qq_node
[9.277s] -- Set runtime path of "/home/nagisa/candpy_ws/install/cpp_pkg/lib/cpp_pkg/tx_qq_node" to ""
[9.279s] Invoked command in '/home/nagisa/candpy_ws/build/cpp_pkg' returned '0': CMAKE_PREFIX_PATH=/opt/ros/humble /usr/bin/cmake --install /home/nagisa/candpy_ws/build/cpp_pkg
