[0.250s] Invoking command in '/home/nagisa/fishbot_ws/build/nav2_collision_monitor': AMENT_PREFIX_PATH=/home/nagisa/fishbot_ws/install/nav2_costmap_2d:/home/nagisa/fishbot_ws/install/nav2_map_server:/home/nagisa/fishbot_ws/install/nav2_lifecycle_manager:/home/nagisa/fishbot_ws/install/nav2_util:/home/nagisa/fishbot_ws/install/nav2_voxel_grid:/home/nagisa/fishbot_ws/install/nav2_msgs:/home/nagisa/fishbot_ws/install/nav2_common:${AMENT_PREFIX_PATH} CMAKE_PREFIX_PATH=/home/nagisa/fishbot_ws/install/nav2_costmap_2d:/home/nagisa/fishbot_ws/install/nav2_map_server:/home/nagisa/fishbot_ws/install/nav2_lifecycle_manager:/home/nagisa/fishbot_ws/install/nav2_util:/home/nagisa/fishbot_ws/install/nav2_voxel_grid:/home/nagisa/fishbot_ws/install/nav2_msgs:/home/nagisa/fishbot_ws/install/nav2_common:/opt/ros/humble LD_LIBRARY_PATH=/home/nagisa/fishbot_ws/install/nav2_costmap_2d/lib:/home/nagisa/fishbot_ws/install/nav2_map_server/lib:/home/nagisa/fishbot_ws/install/nav2_lifecycle_manager/lib:/home/nagisa/fishbot_ws/install/nav2_util/lib:/home/nagisa/fishbot_ws/install/nav2_voxel_grid/lib:/home/nagisa/fishbot_ws/install/nav2_msgs/lib:${LD_LIBRARY_PATH} PYTHONPATH=/home/nagisa/fishbot_ws/install/nav2_msgs/local/lib/python3.10/dist-packages:/home/nagisa/fishbot_ws/install/nav2_common/local/lib/python3.10/dist-packages:${PYTHONPATH} /usr/bin/cmake /home/nagisa/fishbot_ws/src/navigation2/nav2_collision_monitor -DCMAKE_INSTALL_PREFIX=/home/nagisa/fishbot_ws/install/nav2_collision_monitor
[0.538s] -- The C compiler identification is GNU 11.4.0
[0.774s] -- The CXX compiler identification is GNU 11.4.0
[0.817s] -- Detecting C compiler ABI info
[1.114s] -- Detecting C compiler ABI info - done
[1.127s] -- Check for working C compiler: /usr/bin/cc - skipped
[1.129s] -- Detecting C compile features
[1.133s] -- Detecting C compile features - done
[1.147s] -- Detecting CXX compiler ABI info
[1.488s] -- Detecting CXX compiler ABI info - done
[1.511s] -- Check for working CXX compiler: /usr/bin/c++ - skipped
[1.513s] -- Detecting CXX compile features
[1.514s] -- Detecting CXX compile features - done
[1.588s] -- Found ament_cmake: 1.3.10 (/opt/ros/humble/share/ament_cmake/cmake)
[2.142s] -- Found Python3: /usr/bin/python3 (found version "3.10.12") found components: Interpreter 
[2.609s] -- Found rclcpp: 16.0.10 (/opt/ros/humble/share/rclcpp/cmake)
[2.812s] -- Found rosidl_generator_c: 3.1.5 (/opt/ros/humble/share/rosidl_generator_c/cmake)
[2.841s] -- Found rosidl_adapter: 3.1.5 (/opt/ros/humble/share/rosidl_adapter/cmake)
[2.886s] -- Found rosidl_generator_cpp: 3.1.5 (/opt/ros/humble/share/rosidl_generator_cpp/cmake)
[2.999s] -- Using all available rosidl_typesupport_c: rosidl_typesupport_fastrtps_c;rosidl_typesupport_introspection_c
[3.106s] -- Using all available rosidl_typesupport_cpp: rosidl_typesupport_fastrtps_cpp;rosidl_typesupport_introspection_cpp
[3.391s] -- Found rmw_implementation_cmake: 6.1.2 (/opt/ros/humble/share/rmw_implementation_cmake/cmake)
[3.414s] -- Found rmw_fastrtps_cpp: 6.2.7 (/opt/ros/humble/share/rmw_fastrtps_cpp/cmake)
[3.869s] -- Found OpenSSL: /usr/lib/x86_64-linux-gnu/libcrypto.so (found version "3.0.2")  
[3.934s] -- Found FastRTPS: /opt/ros/humble/include  
[4.065s] -- Using RMW implementation 'rmw_fastrtps_cpp' as default
[4.112s] -- Looking for pthread.h
[4.406s] -- Looking for pthread.h - found
[4.409s] -- Performing Test CMAKE_HAVE_LIBC_PTHREAD
[4.726s] -- Performing Test CMAKE_HAVE_LIBC_PTHREAD - Success
[4.726s] -- Found Threads: TRUE  
[4.990s] -- Found rclcpp_components: 16.0.10 (/opt/ros/humble/share/rclcpp_components/cmake)
[5.126s] -- Found sensor_msgs: 4.2.4 (/opt/ros/humble/share/sensor_msgs/cmake)
[5.315s] -- Found tf2: 0.25.8 (/opt/ros/humble/share/tf2/cmake)
[5.347s] -- Found tf2_ros: 0.25.8 (/opt/ros/humble/share/tf2_ros/cmake)
[5.686s] -- Found tf2_geometry_msgs: 0.25.8 (/opt/ros/humble/share/tf2_geometry_msgs/cmake)
[5.743s] -- Found eigen3_cmake_module: 0.1.1 (/opt/ros/humble/share/eigen3_cmake_module/cmake)
[5.750s] -- Found Eigen3: TRUE (found version "3.4.0") 
[5.751s] -- Ensuring Eigen3 include directory is part of orocos-kdl CMake target
[5.764s] -- Found nav2_common: 1.1.16 (/home/nagisa/fishbot_ws/install/nav2_common/share/nav2_common/cmake)
[5.777s] -- Found nav2_util: 1.1.16 (/home/nagisa/fishbot_ws/install/nav2_util/share/nav2_util/cmake)
[6.251s] -- Found nav2_costmap_2d: 1.1.16 (/home/nagisa/fishbot_ws/install/nav2_costmap_2d/share/nav2_costmap_2d/cmake)
[6.676s] -- Setting build type to Release as none was specified.
[6.836s] -- Found ament_lint_auto: 0.12.11 (/opt/ros/humble/share/ament_lint_auto/cmake)
[7.198s] -- Found gtest sources under '/opt/ros/humble/src/gtest_vendor': C++ tests using 'Google Test' will be built
[7.618s] -- Added test 'cppcheck' to perform static code analysis on C / C++ code
[7.620s] -- Configured cppcheck include dirs: /home/nagisa/fishbot_ws/src/navigation2/nav2_collision_monitor/include
[7.620s] -- Configured cppcheck exclude dirs and/or files: 
[7.623s] -- Added test 'flake8' to check Python code syntax and style conventions
[7.626s] -- Added test 'lint_cmake' to check CMake code style
[7.629s] -- Added test 'pep257' to check Python code against some of the docstring style conventions in PEP 257
[7.635s] -- Added test 'uncrustify' to check C / C++ code style
[7.635s] -- Configured uncrustify additional arguments: 
[7.638s] -- Added test 'xmllint' to check XML markup files
[7.656s] -- Configuring done
[8.502s] -- Generating done
[8.510s] -- Build files have been written to: /home/nagisa/fishbot_ws/build/nav2_collision_monitor
[8.555s] Invoked command in '/home/nagisa/fishbot_ws/build/nav2_collision_monitor' returned '0': AMENT_PREFIX_PATH=/home/nagisa/fishbot_ws/install/nav2_costmap_2d:/home/nagisa/fishbot_ws/install/nav2_map_server:/home/nagisa/fishbot_ws/install/nav2_lifecycle_manager:/home/nagisa/fishbot_ws/install/nav2_util:/home/nagisa/fishbot_ws/install/nav2_voxel_grid:/home/nagisa/fishbot_ws/install/nav2_msgs:/home/nagisa/fishbot_ws/install/nav2_common:${AMENT_PREFIX_PATH} CMAKE_PREFIX_PATH=/home/nagisa/fishbot_ws/install/nav2_costmap_2d:/home/nagisa/fishbot_ws/install/nav2_map_server:/home/nagisa/fishbot_ws/install/nav2_lifecycle_manager:/home/nagisa/fishbot_ws/install/nav2_util:/home/nagisa/fishbot_ws/install/nav2_voxel_grid:/home/nagisa/fishbot_ws/install/nav2_msgs:/home/nagisa/fishbot_ws/install/nav2_common:/opt/ros/humble LD_LIBRARY_PATH=/home/nagisa/fishbot_ws/install/nav2_costmap_2d/lib:/home/nagisa/fishbot_ws/install/nav2_map_server/lib:/home/nagisa/fishbot_ws/install/nav2_lifecycle_manager/lib:/home/nagisa/fishbot_ws/install/nav2_util/lib:/home/nagisa/fishbot_ws/install/nav2_voxel_grid/lib:/home/nagisa/fishbot_ws/install/nav2_msgs/lib:${LD_LIBRARY_PATH} PYTHONPATH=/home/nagisa/fishbot_ws/install/nav2_msgs/local/lib/python3.10/dist-packages:/home/nagisa/fishbot_ws/install/nav2_common/local/lib/python3.10/dist-packages:${PYTHONPATH} /usr/bin/cmake /home/nagisa/fishbot_ws/src/navigation2/nav2_collision_monitor -DCMAKE_INSTALL_PREFIX=/home/nagisa/fishbot_ws/install/nav2_collision_monitor
[8.578s] Invoking command in '/home/nagisa/fishbot_ws/build/nav2_collision_monitor': AMENT_PREFIX_PATH=/home/nagisa/fishbot_ws/install/nav2_costmap_2d:/home/nagisa/fishbot_ws/install/nav2_map_server:/home/nagisa/fishbot_ws/install/nav2_lifecycle_manager:/home/nagisa/fishbot_ws/install/nav2_util:/home/nagisa/fishbot_ws/install/nav2_voxel_grid:/home/nagisa/fishbot_ws/install/nav2_msgs:/home/nagisa/fishbot_ws/install/nav2_common:${AMENT_PREFIX_PATH} CMAKE_PREFIX_PATH=/home/nagisa/fishbot_ws/install/nav2_costmap_2d:/home/nagisa/fishbot_ws/install/nav2_map_server:/home/nagisa/fishbot_ws/install/nav2_lifecycle_manager:/home/nagisa/fishbot_ws/install/nav2_util:/home/nagisa/fishbot_ws/install/nav2_voxel_grid:/home/nagisa/fishbot_ws/install/nav2_msgs:/home/nagisa/fishbot_ws/install/nav2_common:/opt/ros/humble LD_LIBRARY_PATH=/home/nagisa/fishbot_ws/install/nav2_costmap_2d/lib:/home/nagisa/fishbot_ws/install/nav2_map_server/lib:/home/nagisa/fishbot_ws/install/nav2_lifecycle_manager/lib:/home/nagisa/fishbot_ws/install/nav2_util/lib:/home/nagisa/fishbot_ws/install/nav2_voxel_grid/lib:/home/nagisa/fishbot_ws/install/nav2_msgs/lib:${LD_LIBRARY_PATH} PYTHONPATH=/home/nagisa/fishbot_ws/install/nav2_msgs/local/lib/python3.10/dist-packages:/home/nagisa/fishbot_ws/install/nav2_common/local/lib/python3.10/dist-packages:${PYTHONPATH} /usr/bin/cmake --build /home/nagisa/fishbot_ws/build/nav2_collision_monitor -- -j12 -l12
[8.786s] [  4%] [32mBuilding CXX object CMakeFiles/collision_monitor_core.dir/src/collision_monitor_node.cpp.o[0m
[8.787s] [  8%] [32mBuilding CXX object gtest/CMakeFiles/gtest_main.dir/src/gtest_main.cc.o[0m
[8.789s] [ 13%] [32mBuilding CXX object CMakeFiles/collision_monitor_core.dir/src/range.cpp.o[0m
[8.789s] [ 17%] [32mBuilding CXX object CMakeFiles/collision_monitor_core.dir/src/scan.cpp.o[0m
[8.790s] [ 21%] [32mBuilding CXX object CMakeFiles/collision_monitor_core.dir/src/kinematics.cpp.o[0m
[8.794s] [ 26%] [32mBuilding CXX object CMakeFiles/collision_monitor_core.dir/src/polygon.cpp.o[0m
[8.794s] [ 34%] [32mBuilding CXX object CMakeFiles/collision_monitor_core.dir/src/pointcloud.cpp.o[0m
[8.798s] [ 30%] [32mBuilding CXX object CMakeFiles/collision_monitor_core.dir/src/circle.cpp.o[0m
[8.802s] [ 39%] [32mBuilding CXX object gtest/CMakeFiles/gtest.dir/src/gtest-all.cc.o[0m
[8.809s] [ 43%] [32mBuilding CXX object CMakeFiles/collision_monitor_core.dir/src/source.cpp.o[0m
[11.563s] [ 47%] [32m[1mLinking CXX static library libgtest_main.a[0m
[11.627s] [ 47%] Built target gtest_main
[30.446s] [ 52%] [32m[1mLinking CXX static library libgtest.a[0m
[30.520s] [ 52%] Built target gtest
[34.992s] [ 56%] [32m[1mLinking CXX shared library libcollision_monitor_core.so[0m
[35.743s] [ 56%] Built target collision_monitor_core
[35.782s] [ 69%] [32mBuilding CXX object test/CMakeFiles/polygons_test.dir/polygons_test.cpp.o[0m
[35.782s] [ 69%] [32mBuilding CXX object CMakeFiles/collision_monitor.dir/src/main.cpp.o[0m
[35.782s] [ 69%] [32mBuilding CXX object test/CMakeFiles/sources_test.dir/sources_test.cpp.o[0m
[35.783s] [ 73%] [32mBuilding CXX object test/CMakeFiles/collision_monitor_node_test.dir/collision_monitor_node_test.cpp.o[0m
[35.786s] [ 78%] [32mBuilding CXX object test/CMakeFiles/kinematics_test.dir/kinematics_test.cpp.o[0m
[39.358s] [ 82%] [32m[1mLinking CXX executable kinematics_test[0m
[39.722s] [ 82%] Built target kinematics_test
[39.734s] [ 86%] [32m[1mLinking CXX executable collision_monitor[0m
[40.059s] [ 86%] Built target collision_monitor
[44.978s] [ 91%] [32m[1mLinking CXX executable sources_test[0m
[45.383s] [ 91%] Built target sources_test
[48.379s] [ 95%] [32m[1mLinking CXX executable polygons_test[0m
[48.816s] [ 95%] Built target polygons_test
[56.626s] [100%] [32m[1mLinking CXX executable collision_monitor_node_test[0m
[57.138s] [100%] Built target collision_monitor_node_test
[57.201s] Invoked command in '/home/nagisa/fishbot_ws/build/nav2_collision_monitor' returned '0': AMENT_PREFIX_PATH=/home/nagisa/fishbot_ws/install/nav2_costmap_2d:/home/nagisa/fishbot_ws/install/nav2_map_server:/home/nagisa/fishbot_ws/install/nav2_lifecycle_manager:/home/nagisa/fishbot_ws/install/nav2_util:/home/nagisa/fishbot_ws/install/nav2_voxel_grid:/home/nagisa/fishbot_ws/install/nav2_msgs:/home/nagisa/fishbot_ws/install/nav2_common:${AMENT_PREFIX_PATH} CMAKE_PREFIX_PATH=/home/nagisa/fishbot_ws/install/nav2_costmap_2d:/home/nagisa/fishbot_ws/install/nav2_map_server:/home/nagisa/fishbot_ws/install/nav2_lifecycle_manager:/home/nagisa/fishbot_ws/install/nav2_util:/home/nagisa/fishbot_ws/install/nav2_voxel_grid:/home/nagisa/fishbot_ws/install/nav2_msgs:/home/nagisa/fishbot_ws/install/nav2_common:/opt/ros/humble LD_LIBRARY_PATH=/home/nagisa/fishbot_ws/install/nav2_costmap_2d/lib:/home/nagisa/fishbot_ws/install/nav2_map_server/lib:/home/nagisa/fishbot_ws/install/nav2_lifecycle_manager/lib:/home/nagisa/fishbot_ws/install/nav2_util/lib:/home/nagisa/fishbot_ws/install/nav2_voxel_grid/lib:/home/nagisa/fishbot_ws/install/nav2_msgs/lib:${LD_LIBRARY_PATH} PYTHONPATH=/home/nagisa/fishbot_ws/install/nav2_msgs/local/lib/python3.10/dist-packages:/home/nagisa/fishbot_ws/install/nav2_common/local/lib/python3.10/dist-packages:${PYTHONPATH} /usr/bin/cmake --build /home/nagisa/fishbot_ws/build/nav2_collision_monitor -- -j12 -l12
[57.296s] Invoking command in '/home/nagisa/fishbot_ws/build/nav2_collision_monitor': AMENT_PREFIX_PATH=/home/nagisa/fishbot_ws/install/nav2_costmap_2d:/home/nagisa/fishbot_ws/install/nav2_map_server:/home/nagisa/fishbot_ws/install/nav2_lifecycle_manager:/home/nagisa/fishbot_ws/install/nav2_util:/home/nagisa/fishbot_ws/install/nav2_voxel_grid:/home/nagisa/fishbot_ws/install/nav2_msgs:/home/nagisa/fishbot_ws/install/nav2_common:${AMENT_PREFIX_PATH} CMAKE_PREFIX_PATH=/home/nagisa/fishbot_ws/install/nav2_costmap_2d:/home/nagisa/fishbot_ws/install/nav2_map_server:/home/nagisa/fishbot_ws/install/nav2_lifecycle_manager:/home/nagisa/fishbot_ws/install/nav2_util:/home/nagisa/fishbot_ws/install/nav2_voxel_grid:/home/nagisa/fishbot_ws/install/nav2_msgs:/home/nagisa/fishbot_ws/install/nav2_common:/opt/ros/humble LD_LIBRARY_PATH=/home/nagisa/fishbot_ws/install/nav2_costmap_2d/lib:/home/nagisa/fishbot_ws/install/nav2_map_server/lib:/home/nagisa/fishbot_ws/install/nav2_lifecycle_manager/lib:/home/nagisa/fishbot_ws/install/nav2_util/lib:/home/nagisa/fishbot_ws/install/nav2_voxel_grid/lib:/home/nagisa/fishbot_ws/install/nav2_msgs/lib:${LD_LIBRARY_PATH} PYTHONPATH=/home/nagisa/fishbot_ws/install/nav2_msgs/local/lib/python3.10/dist-packages:/home/nagisa/fishbot_ws/install/nav2_common/local/lib/python3.10/dist-packages:${PYTHONPATH} /usr/bin/cmake --install /home/nagisa/fishbot_ws/build/nav2_collision_monitor
[57.305s] -- Install configuration: "Release"
[57.305s] -- Installing: /home/nagisa/fishbot_ws/install/nav2_collision_monitor/lib/libcollision_monitor_core.so
[57.309s] -- Set runtime path of "/home/nagisa/fishbot_ws/install/nav2_collision_monitor/lib/libcollision_monitor_core.so" to ""
[57.309s] -- Installing: /home/nagisa/fishbot_ws/install/nav2_collision_monitor/lib/nav2_collision_monitor/collision_monitor
[57.309s] -- Set runtime path of "/home/nagisa/fishbot_ws/install/nav2_collision_monitor/lib/nav2_collision_monitor/collision_monitor" to ""
[57.309s] -- Installing: /home/nagisa/fishbot_ws/install/nav2_collision_monitor/include/
[57.310s] -- Installing: /home/nagisa/fishbot_ws/install/nav2_collision_monitor/include//nav2_collision_monitor
[57.310s] -- Installing: /home/nagisa/fishbot_ws/install/nav2_collision_monitor/include//nav2_collision_monitor/scan.hpp
[57.310s] -- Installing: /home/nagisa/fishbot_ws/install/nav2_collision_monitor/include//nav2_collision_monitor/polygon.hpp
[57.310s] -- Installing: /home/nagisa/fishbot_ws/install/nav2_collision_monitor/include//nav2_collision_monitor/circle.hpp
[57.310s] -- Installing: /home/nagisa/fishbot_ws/install/nav2_collision_monitor/include//nav2_collision_monitor/pointcloud.hpp
[57.310s] -- Installing: /home/nagisa/fishbot_ws/install/nav2_collision_monitor/include//nav2_collision_monitor/source.hpp
[57.311s] -- Installing: /home/nagisa/fishbot_ws/install/nav2_collision_monitor/include//nav2_collision_monitor/collision_monitor_node.hpp
[57.311s] -- Installing: /home/nagisa/fishbot_ws/install/nav2_collision_monitor/include//nav2_collision_monitor/range.hpp
[57.311s] -- Installing: /home/nagisa/fishbot_ws/install/nav2_collision_monitor/include//nav2_collision_monitor/kinematics.hpp
[57.311s] -- Installing: /home/nagisa/fishbot_ws/install/nav2_collision_monitor/include//nav2_collision_monitor/types.hpp
[57.311s] -- Installing: /home/nagisa/fishbot_ws/install/nav2_collision_monitor/share/nav2_collision_monitor/launch
[57.311s] -- Installing: /home/nagisa/fishbot_ws/install/nav2_collision_monitor/share/nav2_collision_monitor/launch/collision_monitor_node.launch.py
[57.311s] -- Installing: /home/nagisa/fishbot_ws/install/nav2_collision_monitor/share/nav2_collision_monitor/params
[57.312s] -- Installing: /home/nagisa/fishbot_ws/install/nav2_collision_monitor/share/nav2_collision_monitor/params/collision_monitor_params.yaml
[57.313s] -- Installing: /home/nagisa/fishbot_ws/install/nav2_collision_monitor/share/nav2_collision_monitor/environment/library_path.sh
[57.313s] -- Installing: /home/nagisa/fishbot_ws/install/nav2_collision_monitor/share/nav2_collision_monitor/environment/library_path.dsv
[57.314s] -- Installing: /home/nagisa/fishbot_ws/install/nav2_collision_monitor/share/ament_index/resource_index/package_run_dependencies/nav2_collision_monitor
[57.315s] -- Installing: /home/nagisa/fishbot_ws/install/nav2_collision_monitor/share/ament_index/resource_index/parent_prefix_path/nav2_collision_monitor
[57.316s] -- Installing: /home/nagisa/fishbot_ws/install/nav2_collision_monitor/share/nav2_collision_monitor/environment/ament_prefix_path.sh
[57.316s] -- Installing: /home/nagisa/fishbot_ws/install/nav2_collision_monitor/share/nav2_collision_monitor/environment/ament_prefix_path.dsv
[57.317s] -- Installing: /home/nagisa/fishbot_ws/install/nav2_collision_monitor/share/nav2_collision_monitor/environment/path.sh
[57.317s] -- Installing: /home/nagisa/fishbot_ws/install/nav2_collision_monitor/share/nav2_collision_monitor/environment/path.dsv
[57.317s] -- Installing: /home/nagisa/fishbot_ws/install/nav2_collision_monitor/share/nav2_collision_monitor/local_setup.bash
[57.317s] -- Installing: /home/nagisa/fishbot_ws/install/nav2_collision_monitor/share/nav2_collision_monitor/local_setup.sh
[57.318s] -- Installing: /home/nagisa/fishbot_ws/install/nav2_collision_monitor/share/nav2_collision_monitor/local_setup.zsh
[57.318s] -- Installing: /home/nagisa/fishbot_ws/install/nav2_collision_monitor/share/nav2_collision_monitor/local_setup.dsv
[57.318s] -- Installing: /home/nagisa/fishbot_ws/install/nav2_collision_monitor/share/nav2_collision_monitor/package.dsv
[57.319s] -- Installing: /home/nagisa/fishbot_ws/install/nav2_collision_monitor/share/ament_index/resource_index/packages/nav2_collision_monitor
[57.319s] -- Installing: /home/nagisa/fishbot_ws/install/nav2_collision_monitor/share/ament_index/resource_index/rclcpp_components/nav2_collision_monitor
[57.319s] -- Installing: /home/nagisa/fishbot_ws/install/nav2_collision_monitor/share/nav2_collision_monitor/cmake/ament_cmake_export_include_directories-extras.cmake
[57.320s] -- Installing: /home/nagisa/fishbot_ws/install/nav2_collision_monitor/share/nav2_collision_monitor/cmake/ament_cmake_export_libraries-extras.cmake
[57.320s] -- Installing: /home/nagisa/fishbot_ws/install/nav2_collision_monitor/share/nav2_collision_monitor/cmake/ament_cmake_export_dependencies-extras.cmake
[57.320s] -- Installing: /home/nagisa/fishbot_ws/install/nav2_collision_monitor/share/nav2_collision_monitor/cmake/nav2_collision_monitorConfig.cmake
[57.321s] -- Installing: /home/nagisa/fishbot_ws/install/nav2_collision_monitor/share/nav2_collision_monitor/cmake/nav2_collision_monitorConfig-version.cmake
[57.321s] -- Installing: /home/nagisa/fishbot_ws/install/nav2_collision_monitor/share/nav2_collision_monitor/package.xml
[57.330s] Invoked command in '/home/nagisa/fishbot_ws/build/nav2_collision_monitor' returned '0': AMENT_PREFIX_PATH=/home/nagisa/fishbot_ws/install/nav2_costmap_2d:/home/nagisa/fishbot_ws/install/nav2_map_server:/home/nagisa/fishbot_ws/install/nav2_lifecycle_manager:/home/nagisa/fishbot_ws/install/nav2_util:/home/nagisa/fishbot_ws/install/nav2_voxel_grid:/home/nagisa/fishbot_ws/install/nav2_msgs:/home/nagisa/fishbot_ws/install/nav2_common:${AMENT_PREFIX_PATH} CMAKE_PREFIX_PATH=/home/nagisa/fishbot_ws/install/nav2_costmap_2d:/home/nagisa/fishbot_ws/install/nav2_map_server:/home/nagisa/fishbot_ws/install/nav2_lifecycle_manager:/home/nagisa/fishbot_ws/install/nav2_util:/home/nagisa/fishbot_ws/install/nav2_voxel_grid:/home/nagisa/fishbot_ws/install/nav2_msgs:/home/nagisa/fishbot_ws/install/nav2_common:/opt/ros/humble LD_LIBRARY_PATH=/home/nagisa/fishbot_ws/install/nav2_costmap_2d/lib:/home/nagisa/fishbot_ws/install/nav2_map_server/lib:/home/nagisa/fishbot_ws/install/nav2_lifecycle_manager/lib:/home/nagisa/fishbot_ws/install/nav2_util/lib:/home/nagisa/fishbot_ws/install/nav2_voxel_grid/lib:/home/nagisa/fishbot_ws/install/nav2_msgs/lib:${LD_LIBRARY_PATH} PYTHONPATH=/home/nagisa/fishbot_ws/install/nav2_msgs/local/lib/python3.10/dist-packages:/home/nagisa/fishbot_ws/install/nav2_common/local/lib/python3.10/dist-packages:${PYTHONPATH} /usr/bin/cmake --install /home/nagisa/fishbot_ws/build/nav2_collision_monitor
