[0.181s] DEBUG:colcon:Command line arguments: ['/usr/bin/colcon', 'build']
[0.181s] DEBUG:colcon:Parsed command line arguments: Namespace(log_base=None, log_level=None, verb_name='build', build_base='build', install_base='install', merge_install=False, symlink_install=False, test_result_base=None, continue_on_error=False, executor='parallel', parallel_workers=12, event_handlers=None, ignore_user_meta=False, metas=['./colcon.meta'], base_paths=['.'], packages_ignore=None, packages_ignore_regex=None, paths=None, packages_up_to=None, packages_up_to_regex=None, packages_above=None, packages_above_and_dependencies=None, packages_above_depth=None, packages_select_by_dep=None, packages_skip_by_dep=None, packages_skip_up_to=None, packages_select_build_failed=False, packages_skip_build_finished=False, packages_select_test_failures=False, packages_skip_test_passed=False, packages_select=None, packages_skip=None, packages_select_regex=None, packages_skip_regex=None, packages_start=None, packages_end=None, allow_overriding=[], cmake_args=None, cmake_target=None, cmake_target_skip_unavailable=False, cmake_clean_cache=False, cmake_clean_first=False, cmake_force_configure=False, ament_cmake_args=None, catkin_cmake_args=None, catkin_skip_building_tests=False, verb_parser=<colcon_defaults.argument_parser.defaults.DefaultArgumentsDecorator object at 0x7e1ffa628fa0>, verb_extension=<colcon_core.verb.build.BuildVerb object at 0x7e1ffa6288e0>, main=<bound method BuildVerb.main of <colcon_core.verb.build.BuildVerb object at 0x7e1ffa6288e0>>)
[0.362s] Level 1:colcon.colcon_core.package_discovery:discover_packages(colcon_meta) check parameters
[0.363s] Level 1:colcon.colcon_core.package_discovery:discover_packages(recursive) check parameters
[0.363s] Level 1:colcon.colcon_core.package_discovery:discover_packages(ignore) check parameters
[0.363s] Level 1:colcon.colcon_core.package_discovery:discover_packages(path) check parameters
[0.363s] Level 1:colcon.colcon_core.package_discovery:discover_packages(colcon_meta) discover
[0.363s] Level 1:colcon.colcon_core.package_discovery:discover_packages(recursive) discover
[0.363s] INFO:colcon.colcon_core.package_discovery:Crawling recursively for packages in '/home/nagisa/fishbot_ws'
[0.363s] Level 1:colcon.colcon_core.package_identification:_identify(.) by extensions ['ignore', 'ignore_ament_install']
[0.363s] Level 1:colcon.colcon_core.package_identification:_identify(.) by extension 'ignore'
[0.363s] Level 1:colcon.colcon_core.package_identification:_identify(.) by extension 'ignore_ament_install'
[0.363s] Level 1:colcon.colcon_core.package_identification:_identify(.) by extensions ['colcon_pkg']
[0.363s] Level 1:colcon.colcon_core.package_identification:_identify(.) by extension 'colcon_pkg'
[0.363s] Level 1:colcon.colcon_core.package_identification:_identify(.) by extensions ['colcon_meta']
[0.363s] Level 1:colcon.colcon_core.package_identification:_identify(.) by extension 'colcon_meta'
[0.363s] Level 1:colcon.colcon_core.package_identification:_identify(.) by extensions ['ros']
[0.363s] Level 1:colcon.colcon_core.package_identification:_identify(.) by extension 'ros'
[0.375s] Level 1:colcon.colcon_core.package_identification:_identify(.) by extensions ['cmake', 'python']
[0.375s] Level 1:colcon.colcon_core.package_identification:_identify(.) by extension 'cmake'
[0.375s] Level 1:colcon.colcon_core.package_identification:_identify(.) by extension 'python'
[0.375s] Level 1:colcon.colcon_core.package_identification:_identify(.) by extensions ['python_setup_py']
[0.375s] Level 1:colcon.colcon_core.package_identification:_identify(.) by extension 'python_setup_py'
[0.376s] Level 1:colcon.colcon_core.package_identification:_identify(build) by extensions ['ignore', 'ignore_ament_install']
[0.376s] Level 1:colcon.colcon_core.package_identification:_identify(build) by extension 'ignore'
[0.376s] Level 1:colcon.colcon_core.package_identification:_identify(build) ignored
[0.377s] Level 1:colcon.colcon_core.package_identification:_identify(install) by extensions ['ignore', 'ignore_ament_install']
[0.377s] Level 1:colcon.colcon_core.package_identification:_identify(install) by extension 'ignore'
[0.377s] Level 1:colcon.colcon_core.package_identification:_identify(install) ignored
[0.377s] Level 1:colcon.colcon_core.package_identification:_identify(log) by extensions ['ignore', 'ignore_ament_install']
[0.377s] Level 1:colcon.colcon_core.package_identification:_identify(log) by extension 'ignore'
[0.377s] Level 1:colcon.colcon_core.package_identification:_identify(log) ignored
[0.377s] Level 1:colcon.colcon_core.package_identification:_identify(src) by extensions ['ignore', 'ignore_ament_install']
[0.377s] Level 1:colcon.colcon_core.package_identification:_identify(src) by extension 'ignore'
[0.378s] Level 1:colcon.colcon_core.package_identification:_identify(src) by extension 'ignore_ament_install'
[0.378s] Level 1:colcon.colcon_core.package_identification:_identify(src) by extensions ['colcon_pkg']
[0.378s] Level 1:colcon.colcon_core.package_identification:_identify(src) by extension 'colcon_pkg'
[0.378s] Level 1:colcon.colcon_core.package_identification:_identify(src) by extensions ['colcon_meta']
[0.378s] Level 1:colcon.colcon_core.package_identification:_identify(src) by extension 'colcon_meta'
[0.378s] Level 1:colcon.colcon_core.package_identification:_identify(src) by extensions ['ros']
[0.378s] Level 1:colcon.colcon_core.package_identification:_identify(src) by extension 'ros'
[0.378s] Level 1:colcon.colcon_core.package_identification:_identify(src) by extensions ['cmake', 'python']
[0.378s] Level 1:colcon.colcon_core.package_identification:_identify(src) by extension 'cmake'
[0.378s] Level 1:colcon.colcon_core.package_identification:_identify(src) by extension 'python'
[0.378s] Level 1:colcon.colcon_core.package_identification:_identify(src) by extensions ['python_setup_py']
[0.378s] Level 1:colcon.colcon_core.package_identification:_identify(src) by extension 'python_setup_py'
[0.378s] Level 1:colcon.colcon_core.package_identification:_identify(src/build) by extensions ['ignore', 'ignore_ament_install']
[0.378s] Level 1:colcon.colcon_core.package_identification:_identify(src/build) by extension 'ignore'
[0.378s] Level 1:colcon.colcon_core.package_identification:_identify(src/build) ignored
[0.379s] Level 1:colcon.colcon_core.package_identification:_identify(src/cartographer) by extensions ['ignore', 'ignore_ament_install']
[0.379s] Level 1:colcon.colcon_core.package_identification:_identify(src/cartographer) by extension 'ignore'
[0.379s] Level 1:colcon.colcon_core.package_identification:_identify(src/cartographer) by extension 'ignore_ament_install'
[0.379s] Level 1:colcon.colcon_core.package_identification:_identify(src/cartographer) by extensions ['colcon_pkg']
[0.379s] Level 1:colcon.colcon_core.package_identification:_identify(src/cartographer) by extension 'colcon_pkg'
[0.379s] Level 1:colcon.colcon_core.package_identification:_identify(src/cartographer) by extensions ['colcon_meta']
[0.379s] Level 1:colcon.colcon_core.package_identification:_identify(src/cartographer) by extension 'colcon_meta'
[0.379s] Level 1:colcon.colcon_core.package_identification:_identify(src/cartographer) by extensions ['ros']
[0.379s] Level 1:colcon.colcon_core.package_identification:_identify(src/cartographer) by extension 'ros'
[0.382s] DEBUG:colcon.colcon_core.package_identification:Package 'src/cartographer' with type 'ros.cmake' and name 'cartographer'
[0.382s] Level 1:colcon.colcon_core.package_identification:_identify(src/cartographer_ros) by extensions ['ignore', 'ignore_ament_install']
[0.382s] Level 1:colcon.colcon_core.package_identification:_identify(src/cartographer_ros) by extension 'ignore'
[0.382s] Level 1:colcon.colcon_core.package_identification:_identify(src/cartographer_ros) by extension 'ignore_ament_install'
[0.382s] Level 1:colcon.colcon_core.package_identification:_identify(src/cartographer_ros) by extensions ['colcon_pkg']
[0.382s] Level 1:colcon.colcon_core.package_identification:_identify(src/cartographer_ros) by extension 'colcon_pkg'
[0.382s] Level 1:colcon.colcon_core.package_identification:_identify(src/cartographer_ros) by extensions ['colcon_meta']
[0.382s] Level 1:colcon.colcon_core.package_identification:_identify(src/cartographer_ros) by extension 'colcon_meta'
[0.382s] Level 1:colcon.colcon_core.package_identification:_identify(src/cartographer_ros) by extensions ['ros']
[0.382s] Level 1:colcon.colcon_core.package_identification:_identify(src/cartographer_ros) by extension 'ros'
[0.382s] Level 1:colcon.colcon_core.package_identification:_identify(src/cartographer_ros) by extensions ['cmake', 'python']
[0.382s] Level 1:colcon.colcon_core.package_identification:_identify(src/cartographer_ros) by extension 'cmake'
[0.382s] Level 1:colcon.colcon_core.package_identification:_identify(src/cartographer_ros) by extension 'python'
[0.382s] Level 1:colcon.colcon_core.package_identification:_identify(src/cartographer_ros) by extensions ['python_setup_py']
[0.382s] Level 1:colcon.colcon_core.package_identification:_identify(src/cartographer_ros) by extension 'python_setup_py'
[0.382s] Level 1:colcon.colcon_core.package_identification:_identify(src/cartographer_ros/cartographer_ros) by extensions ['ignore', 'ignore_ament_install']
[0.383s] Level 1:colcon.colcon_core.package_identification:_identify(src/cartographer_ros/cartographer_ros) by extension 'ignore'
[0.383s] Level 1:colcon.colcon_core.package_identification:_identify(src/cartographer_ros/cartographer_ros) by extension 'ignore_ament_install'
[0.383s] Level 1:colcon.colcon_core.package_identification:_identify(src/cartographer_ros/cartographer_ros) by extensions ['colcon_pkg']
[0.383s] Level 1:colcon.colcon_core.package_identification:_identify(src/cartographer_ros/cartographer_ros) by extension 'colcon_pkg'
[0.383s] Level 1:colcon.colcon_core.package_identification:_identify(src/cartographer_ros/cartographer_ros) by extensions ['colcon_meta']
[0.383s] Level 1:colcon.colcon_core.package_identification:_identify(src/cartographer_ros/cartographer_ros) by extension 'colcon_meta'
[0.383s] Level 1:colcon.colcon_core.package_identification:_identify(src/cartographer_ros/cartographer_ros) by extensions ['ros']
[0.383s] Level 1:colcon.colcon_core.package_identification:_identify(src/cartographer_ros/cartographer_ros) by extension 'ros'
[0.385s] DEBUG:colcon.colcon_core.package_identification:Package 'src/cartographer_ros/cartographer_ros' with type 'ros.ament_cmake' and name 'cartographer_ros'
[0.385s] Level 1:colcon.colcon_core.package_identification:_identify(src/cartographer_ros/cartographer_ros_msgs) by extensions ['ignore', 'ignore_ament_install']
[0.385s] Level 1:colcon.colcon_core.package_identification:_identify(src/cartographer_ros/cartographer_ros_msgs) by extension 'ignore'
[0.385s] Level 1:colcon.colcon_core.package_identification:_identify(src/cartographer_ros/cartographer_ros_msgs) by extension 'ignore_ament_install'
[0.385s] Level 1:colcon.colcon_core.package_identification:_identify(src/cartographer_ros/cartographer_ros_msgs) by extensions ['colcon_pkg']
[0.385s] Level 1:colcon.colcon_core.package_identification:_identify(src/cartographer_ros/cartographer_ros_msgs) by extension 'colcon_pkg'
[0.385s] Level 1:colcon.colcon_core.package_identification:_identify(src/cartographer_ros/cartographer_ros_msgs) by extensions ['colcon_meta']
[0.385s] Level 1:colcon.colcon_core.package_identification:_identify(src/cartographer_ros/cartographer_ros_msgs) by extension 'colcon_meta'
[0.385s] Level 1:colcon.colcon_core.package_identification:_identify(src/cartographer_ros/cartographer_ros_msgs) by extensions ['ros']
[0.385s] Level 1:colcon.colcon_core.package_identification:_identify(src/cartographer_ros/cartographer_ros_msgs) by extension 'ros'
[0.386s] DEBUG:colcon.colcon_core.package_identification:Package 'src/cartographer_ros/cartographer_ros_msgs' with type 'ros.ament_cmake' and name 'cartographer_ros_msgs'
[0.386s] Level 1:colcon.colcon_core.package_identification:_identify(src/cartographer_ros/cartographer_rviz) by extensions ['ignore', 'ignore_ament_install']
[0.386s] Level 1:colcon.colcon_core.package_identification:_identify(src/cartographer_ros/cartographer_rviz) by extension 'ignore'
[0.386s] Level 1:colcon.colcon_core.package_identification:_identify(src/cartographer_ros/cartographer_rviz) by extension 'ignore_ament_install'
[0.386s] Level 1:colcon.colcon_core.package_identification:_identify(src/cartographer_ros/cartographer_rviz) by extensions ['colcon_pkg']
[0.386s] Level 1:colcon.colcon_core.package_identification:_identify(src/cartographer_ros/cartographer_rviz) by extension 'colcon_pkg'
[0.386s] Level 1:colcon.colcon_core.package_identification:_identify(src/cartographer_ros/cartographer_rviz) by extensions ['colcon_meta']
[0.386s] Level 1:colcon.colcon_core.package_identification:_identify(src/cartographer_ros/cartographer_rviz) by extension 'colcon_meta'
[0.386s] Level 1:colcon.colcon_core.package_identification:_identify(src/cartographer_ros/cartographer_rviz) by extensions ['ros']
[0.386s] Level 1:colcon.colcon_core.package_identification:_identify(src/cartographer_ros/cartographer_rviz) by extension 'ros'
[0.387s] DEBUG:colcon.colcon_core.package_identification:Package 'src/cartographer_ros/cartographer_rviz' with type 'ros.ament_cmake' and name 'cartographer_rviz'
[0.387s] Level 1:colcon.colcon_core.package_identification:_identify(src/cartographer_ros/docs) by extensions ['ignore', 'ignore_ament_install']
[0.387s] Level 1:colcon.colcon_core.package_identification:_identify(src/cartographer_ros/docs) by extension 'ignore'
[0.387s] Level 1:colcon.colcon_core.package_identification:_identify(src/cartographer_ros/docs) ignored
[0.388s] Level 1:colcon.colcon_core.package_identification:_identify(src/cartographer_ros/scripts) by extensions ['ignore', 'ignore_ament_install']
[0.388s] Level 1:colcon.colcon_core.package_identification:_identify(src/cartographer_ros/scripts) by extension 'ignore'
[0.388s] Level 1:colcon.colcon_core.package_identification:_identify(src/cartographer_ros/scripts) by extension 'ignore_ament_install'
[0.388s] Level 1:colcon.colcon_core.package_identification:_identify(src/cartographer_ros/scripts) by extensions ['colcon_pkg']
[0.388s] Level 1:colcon.colcon_core.package_identification:_identify(src/cartographer_ros/scripts) by extension 'colcon_pkg'
[0.388s] Level 1:colcon.colcon_core.package_identification:_identify(src/cartographer_ros/scripts) by extensions ['colcon_meta']
[0.388s] Level 1:colcon.colcon_core.package_identification:_identify(src/cartographer_ros/scripts) by extension 'colcon_meta'
[0.388s] Level 1:colcon.colcon_core.package_identification:_identify(src/cartographer_ros/scripts) by extensions ['ros']
[0.388s] Level 1:colcon.colcon_core.package_identification:_identify(src/cartographer_ros/scripts) by extension 'ros'
[0.388s] Level 1:colcon.colcon_core.package_identification:_identify(src/cartographer_ros/scripts) by extensions ['cmake', 'python']
[0.388s] Level 1:colcon.colcon_core.package_identification:_identify(src/cartographer_ros/scripts) by extension 'cmake'
[0.388s] Level 1:colcon.colcon_core.package_identification:_identify(src/cartographer_ros/scripts) by extension 'python'
[0.388s] Level 1:colcon.colcon_core.package_identification:_identify(src/cartographer_ros/scripts) by extensions ['python_setup_py']
[0.388s] Level 1:colcon.colcon_core.package_identification:_identify(src/cartographer_ros/scripts) by extension 'python_setup_py'
[0.388s] Level 1:colcon.colcon_core.package_identification:_identify(src/fishbot_cartographer) by extensions ['ignore', 'ignore_ament_install']
[0.388s] Level 1:colcon.colcon_core.package_identification:_identify(src/fishbot_cartographer) by extension 'ignore'
[0.388s] Level 1:colcon.colcon_core.package_identification:_identify(src/fishbot_cartographer) by extension 'ignore_ament_install'
[0.388s] Level 1:colcon.colcon_core.package_identification:_identify(src/fishbot_cartographer) by extensions ['colcon_pkg']
[0.388s] Level 1:colcon.colcon_core.package_identification:_identify(src/fishbot_cartographer) by extension 'colcon_pkg'
[0.388s] Level 1:colcon.colcon_core.package_identification:_identify(src/fishbot_cartographer) by extensions ['colcon_meta']
[0.388s] Level 1:colcon.colcon_core.package_identification:_identify(src/fishbot_cartographer) by extension 'colcon_meta'
[0.388s] Level 1:colcon.colcon_core.package_identification:_identify(src/fishbot_cartographer) by extensions ['ros']
[0.388s] Level 1:colcon.colcon_core.package_identification:_identify(src/fishbot_cartographer) by extension 'ros'
[0.389s] DEBUG:colcon.colcon_core.package_identification:Package 'src/fishbot_cartographer' with type 'ros.ament_cmake' and name 'fishbot_cartographer'
[0.389s] Level 1:colcon.colcon_core.package_identification:_identify(src/fishbot_description) by extensions ['ignore', 'ignore_ament_install']
[0.389s] Level 1:colcon.colcon_core.package_identification:_identify(src/fishbot_description) by extension 'ignore'
[0.389s] Level 1:colcon.colcon_core.package_identification:_identify(src/fishbot_description) by extension 'ignore_ament_install'
[0.389s] Level 1:colcon.colcon_core.package_identification:_identify(src/fishbot_description) by extensions ['colcon_pkg']
[0.389s] Level 1:colcon.colcon_core.package_identification:_identify(src/fishbot_description) by extension 'colcon_pkg'
[0.389s] Level 1:colcon.colcon_core.package_identification:_identify(src/fishbot_description) by extensions ['colcon_meta']
[0.389s] Level 1:colcon.colcon_core.package_identification:_identify(src/fishbot_description) by extension 'colcon_meta'
[0.389s] Level 1:colcon.colcon_core.package_identification:_identify(src/fishbot_description) by extensions ['ros']
[0.389s] Level 1:colcon.colcon_core.package_identification:_identify(src/fishbot_description) by extension 'ros'
[0.390s] DEBUG:colcon.colcon_core.package_identification:Package 'src/fishbot_description' with type 'ros.ament_python' and name 'fishbot_description'
[0.390s] Level 1:colcon.colcon_core.package_identification:_identify(src/install) by extensions ['ignore', 'ignore_ament_install']
[0.390s] Level 1:colcon.colcon_core.package_identification:_identify(src/install) by extension 'ignore'
[0.390s] Level 1:colcon.colcon_core.package_identification:_identify(src/install) ignored
[0.390s] Level 1:colcon.colcon_core.package_identification:_identify(src/log) by extensions ['ignore', 'ignore_ament_install']
[0.390s] Level 1:colcon.colcon_core.package_identification:_identify(src/log) by extension 'ignore'
[0.390s] Level 1:colcon.colcon_core.package_identification:_identify(src/log) ignored
[0.390s] Level 1:colcon.colcon_core.package_discovery:discover_packages(recursive) using defaults
[0.390s] Level 1:colcon.colcon_core.package_discovery:discover_packages(ignore) discover
[0.390s] Level 1:colcon.colcon_core.package_discovery:discover_packages(ignore) using defaults
[0.390s] Level 1:colcon.colcon_core.package_discovery:discover_packages(path) discover
[0.390s] Level 1:colcon.colcon_core.package_discovery:discover_packages(path) using defaults
[0.411s] Level 1:colcon.colcon_core.package_discovery:discover_packages(prefix_path) check parameters
[0.411s] Level 1:colcon.colcon_core.package_discovery:discover_packages(prefix_path) discover
[0.414s] DEBUG:colcon.colcon_installed_package_information.package_discovery:Found 6 installed packages in /home/nagisa/fishbot_ws/install
[0.417s] DEBUG:colcon.colcon_installed_package_information.package_discovery:Found 364 installed packages in /opt/ros/humble
[0.426s] Level 1:colcon.colcon_core.package_discovery:discover_packages(prefix_path) using defaults
[0.528s] Level 5:colcon.colcon_core.verb:set package 'cartographer' build argument 'cmake_args' from command line to 'None'
[0.528s] Level 5:colcon.colcon_core.verb:set package 'cartographer' build argument 'cmake_target' from command line to 'None'
[0.528s] Level 5:colcon.colcon_core.verb:set package 'cartographer' build argument 'cmake_target_skip_unavailable' from command line to 'False'
[0.528s] Level 5:colcon.colcon_core.verb:set package 'cartographer' build argument 'cmake_clean_cache' from command line to 'False'
[0.528s] Level 5:colcon.colcon_core.verb:set package 'cartographer' build argument 'cmake_clean_first' from command line to 'False'
[0.528s] Level 5:colcon.colcon_core.verb:set package 'cartographer' build argument 'cmake_force_configure' from command line to 'False'
[0.528s] Level 5:colcon.colcon_core.verb:set package 'cartographer' build argument 'ament_cmake_args' from command line to 'None'
[0.528s] Level 5:colcon.colcon_core.verb:set package 'cartographer' build argument 'catkin_cmake_args' from command line to 'None'
[0.528s] Level 5:colcon.colcon_core.verb:set package 'cartographer' build argument 'catkin_skip_building_tests' from command line to 'False'
[0.528s] DEBUG:colcon.colcon_core.verb:Building package 'cartographer' with the following arguments: {'ament_cmake_args': None, 'build_base': '/home/nagisa/fishbot_ws/build/cartographer', 'catkin_cmake_args': None, 'catkin_skip_building_tests': False, 'cmake_args': None, 'cmake_clean_cache': False, 'cmake_clean_first': False, 'cmake_force_configure': False, 'cmake_target': None, 'cmake_target_skip_unavailable': False, 'install_base': '/home/nagisa/fishbot_ws/install/cartographer', 'merge_install': False, 'path': '/home/nagisa/fishbot_ws/src/cartographer', 'symlink_install': False, 'test_result_base': None}
[0.528s] Level 5:colcon.colcon_core.verb:set package 'cartographer_ros_msgs' build argument 'cmake_args' from command line to 'None'
[0.528s] Level 5:colcon.colcon_core.verb:set package 'cartographer_ros_msgs' build argument 'cmake_target' from command line to 'None'
[0.528s] Level 5:colcon.colcon_core.verb:set package 'cartographer_ros_msgs' build argument 'cmake_target_skip_unavailable' from command line to 'False'
[0.528s] Level 5:colcon.colcon_core.verb:set package 'cartographer_ros_msgs' build argument 'cmake_clean_cache' from command line to 'False'
[0.528s] Level 5:colcon.colcon_core.verb:set package 'cartographer_ros_msgs' build argument 'cmake_clean_first' from command line to 'False'
[0.528s] Level 5:colcon.colcon_core.verb:set package 'cartographer_ros_msgs' build argument 'cmake_force_configure' from command line to 'False'
[0.528s] Level 5:colcon.colcon_core.verb:set package 'cartographer_ros_msgs' build argument 'ament_cmake_args' from command line to 'None'
[0.528s] Level 5:colcon.colcon_core.verb:set package 'cartographer_ros_msgs' build argument 'catkin_cmake_args' from command line to 'None'
[0.528s] Level 5:colcon.colcon_core.verb:set package 'cartographer_ros_msgs' build argument 'catkin_skip_building_tests' from command line to 'False'
[0.528s] DEBUG:colcon.colcon_core.verb:Building package 'cartographer_ros_msgs' with the following arguments: {'ament_cmake_args': None, 'build_base': '/home/nagisa/fishbot_ws/build/cartographer_ros_msgs', 'catkin_cmake_args': None, 'catkin_skip_building_tests': False, 'cmake_args': None, 'cmake_clean_cache': False, 'cmake_clean_first': False, 'cmake_force_configure': False, 'cmake_target': None, 'cmake_target_skip_unavailable': False, 'install_base': '/home/nagisa/fishbot_ws/install/cartographer_ros_msgs', 'merge_install': False, 'path': '/home/nagisa/fishbot_ws/src/cartographer_ros/cartographer_ros_msgs', 'symlink_install': False, 'test_result_base': None}
[0.529s] Level 5:colcon.colcon_core.verb:set package 'fishbot_cartographer' build argument 'cmake_args' from command line to 'None'
[0.529s] Level 5:colcon.colcon_core.verb:set package 'fishbot_cartographer' build argument 'cmake_target' from command line to 'None'
[0.529s] Level 5:colcon.colcon_core.verb:set package 'fishbot_cartographer' build argument 'cmake_target_skip_unavailable' from command line to 'False'
[0.529s] Level 5:colcon.colcon_core.verb:set package 'fishbot_cartographer' build argument 'cmake_clean_cache' from command line to 'False'
[0.529s] Level 5:colcon.colcon_core.verb:set package 'fishbot_cartographer' build argument 'cmake_clean_first' from command line to 'False'
[0.529s] Level 5:colcon.colcon_core.verb:set package 'fishbot_cartographer' build argument 'cmake_force_configure' from command line to 'False'
[0.529s] Level 5:colcon.colcon_core.verb:set package 'fishbot_cartographer' build argument 'ament_cmake_args' from command line to 'None'
[0.529s] Level 5:colcon.colcon_core.verb:set package 'fishbot_cartographer' build argument 'catkin_cmake_args' from command line to 'None'
[0.529s] Level 5:colcon.colcon_core.verb:set package 'fishbot_cartographer' build argument 'catkin_skip_building_tests' from command line to 'False'
[0.529s] DEBUG:colcon.colcon_core.verb:Building package 'fishbot_cartographer' with the following arguments: {'ament_cmake_args': None, 'build_base': '/home/nagisa/fishbot_ws/build/fishbot_cartographer', 'catkin_cmake_args': None, 'catkin_skip_building_tests': False, 'cmake_args': None, 'cmake_clean_cache': False, 'cmake_clean_first': False, 'cmake_force_configure': False, 'cmake_target': None, 'cmake_target_skip_unavailable': False, 'install_base': '/home/nagisa/fishbot_ws/install/fishbot_cartographer', 'merge_install': False, 'path': '/home/nagisa/fishbot_ws/src/fishbot_cartographer', 'symlink_install': False, 'test_result_base': None}
[0.529s] Level 5:colcon.colcon_core.verb:set package 'fishbot_description' build argument 'cmake_args' from command line to 'None'
[0.529s] Level 5:colcon.colcon_core.verb:set package 'fishbot_description' build argument 'cmake_target' from command line to 'None'
[0.529s] Level 5:colcon.colcon_core.verb:set package 'fishbot_description' build argument 'cmake_target_skip_unavailable' from command line to 'False'
[0.529s] Level 5:colcon.colcon_core.verb:set package 'fishbot_description' build argument 'cmake_clean_cache' from command line to 'False'
[0.529s] Level 5:colcon.colcon_core.verb:set package 'fishbot_description' build argument 'cmake_clean_first' from command line to 'False'
[0.529s] Level 5:colcon.colcon_core.verb:set package 'fishbot_description' build argument 'cmake_force_configure' from command line to 'False'
[0.529s] Level 5:colcon.colcon_core.verb:set package 'fishbot_description' build argument 'ament_cmake_args' from command line to 'None'
[0.529s] Level 5:colcon.colcon_core.verb:set package 'fishbot_description' build argument 'catkin_cmake_args' from command line to 'None'
[0.529s] Level 5:colcon.colcon_core.verb:set package 'fishbot_description' build argument 'catkin_skip_building_tests' from command line to 'False'
[0.529s] DEBUG:colcon.colcon_core.verb:Building package 'fishbot_description' with the following arguments: {'ament_cmake_args': None, 'build_base': '/home/nagisa/fishbot_ws/build/fishbot_description', 'catkin_cmake_args': None, 'catkin_skip_building_tests': False, 'cmake_args': None, 'cmake_clean_cache': False, 'cmake_clean_first': False, 'cmake_force_configure': False, 'cmake_target': None, 'cmake_target_skip_unavailable': False, 'install_base': '/home/nagisa/fishbot_ws/install/fishbot_description', 'merge_install': False, 'path': '/home/nagisa/fishbot_ws/src/fishbot_description', 'symlink_install': False, 'test_result_base': None}
[0.530s] Level 5:colcon.colcon_core.verb:set package 'cartographer_ros' build argument 'cmake_args' from command line to 'None'
[0.530s] Level 5:colcon.colcon_core.verb:set package 'cartographer_ros' build argument 'cmake_target' from command line to 'None'
[0.530s] Level 5:colcon.colcon_core.verb:set package 'cartographer_ros' build argument 'cmake_target_skip_unavailable' from command line to 'False'
[0.530s] Level 5:colcon.colcon_core.verb:set package 'cartographer_ros' build argument 'cmake_clean_cache' from command line to 'False'
[0.530s] Level 5:colcon.colcon_core.verb:set package 'cartographer_ros' build argument 'cmake_clean_first' from command line to 'False'
[0.530s] Level 5:colcon.colcon_core.verb:set package 'cartographer_ros' build argument 'cmake_force_configure' from command line to 'False'
[0.530s] Level 5:colcon.colcon_core.verb:set package 'cartographer_ros' build argument 'ament_cmake_args' from command line to 'None'
[0.530s] Level 5:colcon.colcon_core.verb:set package 'cartographer_ros' build argument 'catkin_cmake_args' from command line to 'None'
[0.530s] Level 5:colcon.colcon_core.verb:set package 'cartographer_ros' build argument 'catkin_skip_building_tests' from command line to 'False'
[0.530s] DEBUG:colcon.colcon_core.verb:Building package 'cartographer_ros' with the following arguments: {'ament_cmake_args': None, 'build_base': '/home/nagisa/fishbot_ws/build/cartographer_ros', 'catkin_cmake_args': None, 'catkin_skip_building_tests': False, 'cmake_args': None, 'cmake_clean_cache': False, 'cmake_clean_first': False, 'cmake_force_configure': False, 'cmake_target': None, 'cmake_target_skip_unavailable': False, 'install_base': '/home/nagisa/fishbot_ws/install/cartographer_ros', 'merge_install': False, 'path': '/home/nagisa/fishbot_ws/src/cartographer_ros/cartographer_ros', 'symlink_install': False, 'test_result_base': None}
[0.530s] Level 5:colcon.colcon_core.verb:set package 'cartographer_rviz' build argument 'cmake_args' from command line to 'None'
[0.530s] Level 5:colcon.colcon_core.verb:set package 'cartographer_rviz' build argument 'cmake_target' from command line to 'None'
[0.530s] Level 5:colcon.colcon_core.verb:set package 'cartographer_rviz' build argument 'cmake_target_skip_unavailable' from command line to 'False'
[0.530s] Level 5:colcon.colcon_core.verb:set package 'cartographer_rviz' build argument 'cmake_clean_cache' from command line to 'False'
[0.530s] Level 5:colcon.colcon_core.verb:set package 'cartographer_rviz' build argument 'cmake_clean_first' from command line to 'False'
[0.530s] Level 5:colcon.colcon_core.verb:set package 'cartographer_rviz' build argument 'cmake_force_configure' from command line to 'False'
[0.530s] Level 5:colcon.colcon_core.verb:set package 'cartographer_rviz' build argument 'ament_cmake_args' from command line to 'None'
[0.530s] Level 5:colcon.colcon_core.verb:set package 'cartographer_rviz' build argument 'catkin_cmake_args' from command line to 'None'
[0.530s] Level 5:colcon.colcon_core.verb:set package 'cartographer_rviz' build argument 'catkin_skip_building_tests' from command line to 'False'
[0.530s] DEBUG:colcon.colcon_core.verb:Building package 'cartographer_rviz' with the following arguments: {'ament_cmake_args': None, 'build_base': '/home/nagisa/fishbot_ws/build/cartographer_rviz', 'catkin_cmake_args': None, 'catkin_skip_building_tests': False, 'cmake_args': None, 'cmake_clean_cache': False, 'cmake_clean_first': False, 'cmake_force_configure': False, 'cmake_target': None, 'cmake_target_skip_unavailable': False, 'install_base': '/home/nagisa/fishbot_ws/install/cartographer_rviz', 'merge_install': False, 'path': '/home/nagisa/fishbot_ws/src/cartographer_ros/cartographer_rviz', 'symlink_install': False, 'test_result_base': None}
[0.531s] INFO:colcon.colcon_core.executor:Executing jobs using 'parallel' executor
[0.532s] DEBUG:colcon.colcon_parallel_executor.executor.parallel:run_until_complete
[0.532s] INFO:colcon.colcon_ros.task.cmake.build:Building ROS package in '/home/nagisa/fishbot_ws/src/cartographer' with build type 'cmake'
[0.532s] INFO:colcon.colcon_cmake.task.cmake.build:Building CMake package in '/home/nagisa/fishbot_ws/src/cartographer'
[0.536s] INFO:colcon.colcon_core.plugin_system:Skipping extension 'colcon_core.shell.bat': Not used on non-Windows systems
[0.536s] INFO:colcon.colcon_core.shell:Skip shell extension 'powershell' for command environment: Not usable outside of PowerShell
[0.536s] DEBUG:colcon.colcon_core.shell:Skip shell extension 'dsv' for command environment
[0.540s] INFO:colcon.colcon_ros.task.ament_cmake.build:Building ROS package in '/home/nagisa/fishbot_ws/src/cartographer_ros/cartographer_ros_msgs' with build type 'ament_cmake'
[0.540s] INFO:colcon.colcon_cmake.task.cmake.build:Building CMake package in '/home/nagisa/fishbot_ws/src/cartographer_ros/cartographer_ros_msgs'
[0.541s] INFO:colcon.colcon_core.shell:Skip shell extension 'powershell' for command environment: Not usable outside of PowerShell
[0.541s] DEBUG:colcon.colcon_core.shell:Skip shell extension 'dsv' for command environment
[0.544s] INFO:colcon.colcon_ros.task.ament_cmake.build:Building ROS package in '/home/nagisa/fishbot_ws/src/fishbot_cartographer' with build type 'ament_cmake'
[0.545s] INFO:colcon.colcon_cmake.task.cmake.build:Building CMake package in '/home/nagisa/fishbot_ws/src/fishbot_cartographer'
[0.545s] INFO:colcon.colcon_core.shell:Skip shell extension 'powershell' for command environment: Not usable outside of PowerShell
[0.545s] DEBUG:colcon.colcon_core.shell:Skip shell extension 'dsv' for command environment
[0.549s] INFO:colcon.colcon_ros.task.ament_python.build:Building ROS package in '/home/nagisa/fishbot_ws/src/fishbot_description' with build type 'ament_python'
[0.549s] Level 1:colcon.colcon_core.shell:create_environment_hook('fishbot_description', 'ament_prefix_path')
[0.549s] INFO:colcon.colcon_core.shell:Creating environment hook '/home/nagisa/fishbot_ws/install/fishbot_description/share/fishbot_description/hook/ament_prefix_path.ps1'
[0.550s] INFO:colcon.colcon_core.shell:Creating environment descriptor '/home/nagisa/fishbot_ws/install/fishbot_description/share/fishbot_description/hook/ament_prefix_path.dsv'
[0.550s] INFO:colcon.colcon_core.shell:Creating environment hook '/home/nagisa/fishbot_ws/install/fishbot_description/share/fishbot_description/hook/ament_prefix_path.sh'
[0.551s] INFO:colcon.colcon_core.shell:Skip shell extension 'powershell' for command environment: Not usable outside of PowerShell
[0.551s] DEBUG:colcon.colcon_core.shell:Skip shell extension 'dsv' for command environment
[0.565s] DEBUG:colcon.colcon_core.event_handler.log_command:Invoking command in '/home/nagisa/fishbot_ws/build/cartographer': CMAKE_PREFIX_PATH=${CMAKE_PREFIX_PATH}:/home/nagisa/fishbot_ws/install/fishbot_description:/opt/ros/humble /usr/bin/cmake --build /home/nagisa/fishbot_ws/build/cartographer -- -j12 -l12
[0.570s] DEBUG:colcon.colcon_core.event_handler.log_command:Invoking command in '/home/nagisa/fishbot_ws/build/cartographer_ros_msgs': CMAKE_PREFIX_PATH=${CMAKE_PREFIX_PATH}:/home/nagisa/fishbot_ws/install/fishbot_description:/opt/ros/humble /usr/bin/cmake --build /home/nagisa/fishbot_ws/build/cartographer_ros_msgs -- -j12 -l12
[0.580s] DEBUG:colcon.colcon_core.event_handler.log_command:Invoking command in '/home/nagisa/fishbot_ws/build/fishbot_cartographer': CMAKE_PREFIX_PATH=${CMAKE_PREFIX_PATH}:/home/nagisa/fishbot_ws/install/fishbot_description:/opt/ros/humble /usr/bin/cmake --build /home/nagisa/fishbot_ws/build/fishbot_cartographer -- -j12 -l12
[0.809s] INFO:colcon.colcon_core.task.python.build:Building Python package in '/home/nagisa/fishbot_ws/src/fishbot_description'
[0.809s] INFO:colcon.colcon_core.shell:Skip shell extension 'powershell' for command environment: Not usable outside of PowerShell
[0.809s] DEBUG:colcon.colcon_core.shell:Skip shell extension 'dsv' for command environment
[0.816s] DEBUG:colcon.colcon_core.event_handler.log_command:Invoked command in '/home/nagisa/fishbot_ws/build/fishbot_cartographer' returned '0': CMAKE_PREFIX_PATH=${CMAKE_PREFIX_PATH}:/home/nagisa/fishbot_ws/install/fishbot_description:/opt/ros/humble /usr/bin/cmake --build /home/nagisa/fishbot_ws/build/fishbot_cartographer -- -j12 -l12
[0.862s] DEBUG:colcon.colcon_core.event_handler.log_command:Invoking command in '/home/nagisa/fishbot_ws/build/fishbot_cartographer': CMAKE_PREFIX_PATH=${CMAKE_PREFIX_PATH}:/home/nagisa/fishbot_ws/install/fishbot_description:/opt/ros/humble /usr/bin/cmake --install /home/nagisa/fishbot_ws/build/fishbot_cartographer
[0.884s] Level 1:colcon.colcon_core.environment:create_environment_scripts_only(fishbot_cartographer)
[0.886s] DEBUG:colcon.colcon_core.event_handler.log_command:Invoked command in '/home/nagisa/fishbot_ws/build/fishbot_cartographer' returned '0': CMAKE_PREFIX_PATH=${CMAKE_PREFIX_PATH}:/home/nagisa/fishbot_ws/install/fishbot_description:/opt/ros/humble /usr/bin/cmake --install /home/nagisa/fishbot_ws/build/fishbot_cartographer
[0.889s] Level 1:colcon.colcon_core.environment:checking '/home/nagisa/fishbot_ws/install/fishbot_cartographer' for CMake module files
[0.890s] Level 1:colcon.colcon_core.environment:checking '/home/nagisa/fishbot_ws/install/fishbot_cartographer' for CMake config files
[0.892s] Level 1:colcon.colcon_core.shell:create_environment_hook('fishbot_cartographer', 'cmake_prefix_path')
[0.892s] INFO:colcon.colcon_core.shell:Creating environment hook '/home/nagisa/fishbot_ws/install/fishbot_cartographer/share/fishbot_cartographer/hook/cmake_prefix_path.ps1'
[0.894s] INFO:colcon.colcon_core.shell:Creating environment descriptor '/home/nagisa/fishbot_ws/install/fishbot_cartographer/share/fishbot_cartographer/hook/cmake_prefix_path.dsv'
[0.895s] INFO:colcon.colcon_core.shell:Creating environment hook '/home/nagisa/fishbot_ws/install/fishbot_cartographer/share/fishbot_cartographer/hook/cmake_prefix_path.sh'
[0.896s] Level 1:colcon.colcon_core.environment:checking '/home/nagisa/fishbot_ws/install/fishbot_cartographer/bin'
[0.896s] Level 1:colcon.colcon_core.environment:checking '/home/nagisa/fishbot_ws/install/fishbot_cartographer/lib/pkgconfig/fishbot_cartographer.pc'
[0.896s] Level 1:colcon.colcon_core.environment:checking '/home/nagisa/fishbot_ws/install/fishbot_cartographer/lib/python3.10/site-packages'
[0.897s] Level 1:colcon.colcon_core.environment:checking '/home/nagisa/fishbot_ws/install/fishbot_cartographer/bin'
[0.897s] INFO:colcon.colcon_core.shell:Creating package script '/home/nagisa/fishbot_ws/install/fishbot_cartographer/share/fishbot_cartographer/package.ps1'
[0.899s] INFO:colcon.colcon_core.shell:Creating package descriptor '/home/nagisa/fishbot_ws/install/fishbot_cartographer/share/fishbot_cartographer/package.dsv'
[0.900s] INFO:colcon.colcon_core.shell:Creating package script '/home/nagisa/fishbot_ws/install/fishbot_cartographer/share/fishbot_cartographer/package.sh'
[0.901s] INFO:colcon.colcon_core.shell:Creating package script '/home/nagisa/fishbot_ws/install/fishbot_cartographer/share/fishbot_cartographer/package.bash'
[0.902s] INFO:colcon.colcon_core.shell:Creating package script '/home/nagisa/fishbot_ws/install/fishbot_cartographer/share/fishbot_cartographer/package.zsh'
[0.903s] Level 1:colcon.colcon_core.environment:create_file_with_runtime_dependencies(/home/nagisa/fishbot_ws/install/fishbot_cartographer/share/colcon-core/packages/fishbot_cartographer)
[0.958s] Level 1:colcon.colcon_core.environment:create_environment_scripts_only(fishbot_cartographer)
[0.958s] Level 1:colcon.colcon_core.environment:checking '/home/nagisa/fishbot_ws/install/fishbot_cartographer' for CMake module files
[0.959s] Level 1:colcon.colcon_core.environment:checking '/home/nagisa/fishbot_ws/install/fishbot_cartographer' for CMake config files
[0.959s] Level 1:colcon.colcon_core.shell:create_environment_hook('fishbot_cartographer', 'cmake_prefix_path')
[0.959s] INFO:colcon.colcon_core.shell:Creating environment hook '/home/nagisa/fishbot_ws/install/fishbot_cartographer/share/fishbot_cartographer/hook/cmake_prefix_path.ps1'
[0.960s] INFO:colcon.colcon_core.shell:Creating environment descriptor '/home/nagisa/fishbot_ws/install/fishbot_cartographer/share/fishbot_cartographer/hook/cmake_prefix_path.dsv'
[0.960s] INFO:colcon.colcon_core.shell:Creating environment hook '/home/nagisa/fishbot_ws/install/fishbot_cartographer/share/fishbot_cartographer/hook/cmake_prefix_path.sh'
[0.961s] Level 1:colcon.colcon_core.environment:checking '/home/nagisa/fishbot_ws/install/fishbot_cartographer/bin'
[0.961s] Level 1:colcon.colcon_core.environment:checking '/home/nagisa/fishbot_ws/install/fishbot_cartographer/lib/pkgconfig/fishbot_cartographer.pc'
[0.961s] Level 1:colcon.colcon_core.environment:checking '/home/nagisa/fishbot_ws/install/fishbot_cartographer/lib/python3.10/site-packages'
[0.961s] Level 1:colcon.colcon_core.environment:checking '/home/nagisa/fishbot_ws/install/fishbot_cartographer/bin'
[0.961s] INFO:colcon.colcon_core.shell:Creating package script '/home/nagisa/fishbot_ws/install/fishbot_cartographer/share/fishbot_cartographer/package.ps1'
[0.962s] INFO:colcon.colcon_core.shell:Creating package descriptor '/home/nagisa/fishbot_ws/install/fishbot_cartographer/share/fishbot_cartographer/package.dsv'
[0.963s] INFO:colcon.colcon_core.shell:Creating package script '/home/nagisa/fishbot_ws/install/fishbot_cartographer/share/fishbot_cartographer/package.sh'
[0.963s] INFO:colcon.colcon_core.shell:Creating package script '/home/nagisa/fishbot_ws/install/fishbot_cartographer/share/fishbot_cartographer/package.bash'
[0.964s] INFO:colcon.colcon_core.shell:Creating package script '/home/nagisa/fishbot_ws/install/fishbot_cartographer/share/fishbot_cartographer/package.zsh'
[0.964s] Level 1:colcon.colcon_core.environment:create_file_with_runtime_dependencies(/home/nagisa/fishbot_ws/install/fishbot_cartographer/share/colcon-core/packages/fishbot_cartographer)
[0.972s] DEBUG:colcon.colcon_core.event_handler.log_command:Invoked command in '/home/nagisa/fishbot_ws/build/cartographer_ros_msgs' returned '0': CMAKE_PREFIX_PATH=${CMAKE_PREFIX_PATH}:/home/nagisa/fishbot_ws/install/fishbot_description:/opt/ros/humble /usr/bin/cmake --build /home/nagisa/fishbot_ws/build/cartographer_ros_msgs -- -j12 -l12
[1.270s] DEBUG:colcon.colcon_core.event_handler.log_command:Invoking command in '/home/nagisa/fishbot_ws/src/fishbot_description': PYTHONPATH=/home/nagisa/fishbot_ws/build/fishbot_description/prefix_override:/usr/lib/python3/dist-packages/colcon_core/task/python/colcon_distutils_commands:/home/nagisa/fishbot_ws/install/fishbot_description/lib/python3.10/site-packages:${PYTHONPATH} /usr/bin/python3 -W ignore:setup.py install is deprecated setup.py egg_info --egg-base ../../build/fishbot_description build --build-base /home/nagisa/fishbot_ws/build/fishbot_description/build install --record /home/nagisa/fishbot_ws/build/fishbot_description/install.log --single-version-externally-managed install_data
[1.270s] DEBUG:colcon.colcon_core.event_handler.log_command:Invoked command in '/home/nagisa/fishbot_ws/build/cartographer' returned '0': CMAKE_PREFIX_PATH=${CMAKE_PREFIX_PATH}:/home/nagisa/fishbot_ws/install/fishbot_description:/opt/ros/humble /usr/bin/cmake --build /home/nagisa/fishbot_ws/build/cartographer -- -j12 -l12
[1.517s] Level 1:colcon.colcon_core.environment:checking '/home/nagisa/fishbot_ws/install/fishbot_description' for CMake module files
[1.518s] DEBUG:colcon.colcon_core.event_handler.log_command:Invoked command in '/home/nagisa/fishbot_ws/src/fishbot_description' returned '0': PYTHONPATH=/home/nagisa/fishbot_ws/build/fishbot_description/prefix_override:/usr/lib/python3/dist-packages/colcon_core/task/python/colcon_distutils_commands:/home/nagisa/fishbot_ws/install/fishbot_description/lib/python3.10/site-packages:${PYTHONPATH} /usr/bin/python3 -W ignore:setup.py install is deprecated setup.py egg_info --egg-base ../../build/fishbot_description build --build-base /home/nagisa/fishbot_ws/build/fishbot_description/build install --record /home/nagisa/fishbot_ws/build/fishbot_description/install.log --single-version-externally-managed install_data
[1.518s] Level 1:colcon.colcon_core.environment:checking '/home/nagisa/fishbot_ws/install/fishbot_description' for CMake config files
[1.519s] Level 1:colcon.colcon_core.environment:checking '/home/nagisa/fishbot_ws/install/fishbot_description/lib'
[1.519s] Level 1:colcon.colcon_core.environment:checking '/home/nagisa/fishbot_ws/install/fishbot_description/bin'
[1.519s] Level 1:colcon.colcon_core.environment:checking '/home/nagisa/fishbot_ws/install/fishbot_description/lib/pkgconfig/fishbot_description.pc'
[1.519s] Level 1:colcon.colcon_core.environment:checking '/home/nagisa/fishbot_ws/install/fishbot_description/lib/python3.10/site-packages'
[1.519s] Level 1:colcon.colcon_core.shell:create_environment_hook('fishbot_description', 'pythonpath')
[1.519s] INFO:colcon.colcon_core.shell:Creating environment hook '/home/nagisa/fishbot_ws/install/fishbot_description/share/fishbot_description/hook/pythonpath.ps1'
[1.520s] INFO:colcon.colcon_core.shell:Creating environment descriptor '/home/nagisa/fishbot_ws/install/fishbot_description/share/fishbot_description/hook/pythonpath.dsv'
[1.520s] INFO:colcon.colcon_core.shell:Creating environment hook '/home/nagisa/fishbot_ws/install/fishbot_description/share/fishbot_description/hook/pythonpath.sh'
[1.521s] Level 1:colcon.colcon_core.environment:checking '/home/nagisa/fishbot_ws/install/fishbot_description/bin'
[1.521s] Level 1:colcon.colcon_core.environment:create_environment_scripts_only(fishbot_description)
[1.521s] INFO:colcon.colcon_core.shell:Creating package script '/home/nagisa/fishbot_ws/install/fishbot_description/share/fishbot_description/package.ps1'
[1.522s] INFO:colcon.colcon_core.shell:Creating package descriptor '/home/nagisa/fishbot_ws/install/fishbot_description/share/fishbot_description/package.dsv'
[1.522s] INFO:colcon.colcon_core.shell:Creating package script '/home/nagisa/fishbot_ws/install/fishbot_description/share/fishbot_description/package.sh'
[1.522s] INFO:colcon.colcon_core.shell:Creating package script '/home/nagisa/fishbot_ws/install/fishbot_description/share/fishbot_description/package.bash'
[1.523s] INFO:colcon.colcon_core.shell:Creating package script '/home/nagisa/fishbot_ws/install/fishbot_description/share/fishbot_description/package.zsh'
[1.523s] Level 1:colcon.colcon_core.environment:create_file_with_runtime_dependencies(/home/nagisa/fishbot_ws/install/fishbot_description/share/colcon-core/packages/fishbot_description)
[1.945s] DEBUG:colcon.colcon_core.event_handler.log_command:Invoking command in '/home/nagisa/fishbot_ws/build/cartographer_ros_msgs': CMAKE_PREFIX_PATH=${CMAKE_PREFIX_PATH}:/home/nagisa/fishbot_ws/install/fishbot_description:/opt/ros/humble /usr/bin/cmake --install /home/nagisa/fishbot_ws/build/cartographer_ros_msgs
[2.031s] Level 1:colcon.colcon_core.environment:create_environment_scripts_only(cartographer_ros_msgs)
[2.031s] Level 1:colcon.colcon_core.environment:checking '/home/nagisa/fishbot_ws/install/cartographer_ros_msgs' for CMake module files
[2.032s] DEBUG:colcon.colcon_core.event_handler.log_command:Invoked command in '/home/nagisa/fishbot_ws/build/cartographer_ros_msgs' returned '0': CMAKE_PREFIX_PATH=${CMAKE_PREFIX_PATH}:/home/nagisa/fishbot_ws/install/fishbot_description:/opt/ros/humble /usr/bin/cmake --install /home/nagisa/fishbot_ws/build/cartographer_ros_msgs
[2.033s] Level 1:colcon.colcon_core.environment:checking '/home/nagisa/fishbot_ws/install/cartographer_ros_msgs' for CMake config files
[2.036s] Level 1:colcon.colcon_core.shell:create_environment_hook('cartographer_ros_msgs', 'cmake_prefix_path')
[2.037s] INFO:colcon.colcon_core.shell:Creating environment hook '/home/nagisa/fishbot_ws/install/cartographer_ros_msgs/share/cartographer_ros_msgs/hook/cmake_prefix_path.ps1'
[2.037s] INFO:colcon.colcon_core.shell:Creating environment descriptor '/home/nagisa/fishbot_ws/install/cartographer_ros_msgs/share/cartographer_ros_msgs/hook/cmake_prefix_path.dsv'
[2.038s] INFO:colcon.colcon_core.shell:Creating environment hook '/home/nagisa/fishbot_ws/install/cartographer_ros_msgs/share/cartographer_ros_msgs/hook/cmake_prefix_path.sh'
[2.038s] Level 1:colcon.colcon_core.environment:checking '/home/nagisa/fishbot_ws/install/cartographer_ros_msgs/lib'
[2.038s] Level 1:colcon.colcon_core.shell:create_environment_hook('cartographer_ros_msgs', 'ld_library_path_lib')
[2.038s] INFO:colcon.colcon_core.shell:Creating environment hook '/home/nagisa/fishbot_ws/install/cartographer_ros_msgs/share/cartographer_ros_msgs/hook/ld_library_path_lib.ps1'
[2.039s] INFO:colcon.colcon_core.shell:Creating environment descriptor '/home/nagisa/fishbot_ws/install/cartographer_ros_msgs/share/cartographer_ros_msgs/hook/ld_library_path_lib.dsv'
[2.039s] INFO:colcon.colcon_core.shell:Creating environment hook '/home/nagisa/fishbot_ws/install/cartographer_ros_msgs/share/cartographer_ros_msgs/hook/ld_library_path_lib.sh'
[2.041s] Level 1:colcon.colcon_core.environment:checking '/home/nagisa/fishbot_ws/install/cartographer_ros_msgs/bin'
[2.041s] Level 1:colcon.colcon_core.environment:checking '/home/nagisa/fishbot_ws/install/cartographer_ros_msgs/lib/pkgconfig/cartographer_ros_msgs.pc'
[2.041s] Level 1:colcon.colcon_core.environment:checking '/home/nagisa/fishbot_ws/install/cartographer_ros_msgs/lib/python3.10/site-packages'
[2.042s] Level 1:colcon.colcon_core.environment:checking '/home/nagisa/fishbot_ws/install/cartographer_ros_msgs/bin'
[2.042s] INFO:colcon.colcon_core.shell:Creating package script '/home/nagisa/fishbot_ws/install/cartographer_ros_msgs/share/cartographer_ros_msgs/package.ps1'
[2.042s] INFO:colcon.colcon_core.shell:Creating package descriptor '/home/nagisa/fishbot_ws/install/cartographer_ros_msgs/share/cartographer_ros_msgs/package.dsv'
[2.043s] INFO:colcon.colcon_core.shell:Creating package script '/home/nagisa/fishbot_ws/install/cartographer_ros_msgs/share/cartographer_ros_msgs/package.sh'
[2.043s] INFO:colcon.colcon_core.shell:Creating package script '/home/nagisa/fishbot_ws/install/cartographer_ros_msgs/share/cartographer_ros_msgs/package.bash'
[2.044s] INFO:colcon.colcon_core.shell:Creating package script '/home/nagisa/fishbot_ws/install/cartographer_ros_msgs/share/cartographer_ros_msgs/package.zsh'
[2.044s] Level 1:colcon.colcon_core.environment:create_file_with_runtime_dependencies(/home/nagisa/fishbot_ws/install/cartographer_ros_msgs/share/colcon-core/packages/cartographer_ros_msgs)
[2.773s] DEBUG:colcon.colcon_core.event_handler.log_command:Invoking command in '/home/nagisa/fishbot_ws/build/cartographer': CMAKE_PREFIX_PATH=${CMAKE_PREFIX_PATH}:/home/nagisa/fishbot_ws/install/fishbot_description:/opt/ros/humble /usr/bin/cmake --install /home/nagisa/fishbot_ws/build/cartographer
[2.806s] DEBUG:colcon.colcon_core.event_handler.log_command:Invoked command in '/home/nagisa/fishbot_ws/build/cartographer' returned '0': CMAKE_PREFIX_PATH=${CMAKE_PREFIX_PATH}:/home/nagisa/fishbot_ws/install/fishbot_description:/opt/ros/humble /usr/bin/cmake --install /home/nagisa/fishbot_ws/build/cartographer
[2.987s] Level 1:colcon.colcon_core.environment:create_environment_scripts_only(cartographer_ros_msgs)
[2.987s] Level 1:colcon.colcon_core.environment:checking '/home/nagisa/fishbot_ws/install/cartographer_ros_msgs' for CMake module files
[2.988s] Level 1:colcon.colcon_core.environment:checking '/home/nagisa/fishbot_ws/install/cartographer_ros_msgs' for CMake config files
[2.988s] Level 1:colcon.colcon_core.shell:create_environment_hook('cartographer_ros_msgs', 'cmake_prefix_path')
[2.989s] INFO:colcon.colcon_core.shell:Creating environment hook '/home/nagisa/fishbot_ws/install/cartographer_ros_msgs/share/cartographer_ros_msgs/hook/cmake_prefix_path.ps1'
[2.989s] INFO:colcon.colcon_core.shell:Creating environment descriptor '/home/nagisa/fishbot_ws/install/cartographer_ros_msgs/share/cartographer_ros_msgs/hook/cmake_prefix_path.dsv'
[2.990s] INFO:colcon.colcon_core.shell:Creating environment hook '/home/nagisa/fishbot_ws/install/cartographer_ros_msgs/share/cartographer_ros_msgs/hook/cmake_prefix_path.sh'
[2.990s] Level 1:colcon.colcon_core.environment:checking '/home/nagisa/fishbot_ws/install/cartographer_ros_msgs/lib'
[2.990s] Level 1:colcon.colcon_core.shell:create_environment_hook('cartographer_ros_msgs', 'ld_library_path_lib')
[2.991s] INFO:colcon.colcon_core.shell:Creating environment hook '/home/nagisa/fishbot_ws/install/cartographer_ros_msgs/share/cartographer_ros_msgs/hook/ld_library_path_lib.ps1'
[2.991s] INFO:colcon.colcon_core.shell:Creating environment descriptor '/home/nagisa/fishbot_ws/install/cartographer_ros_msgs/share/cartographer_ros_msgs/hook/ld_library_path_lib.dsv'
[2.991s] INFO:colcon.colcon_core.shell:Creating environment hook '/home/nagisa/fishbot_ws/install/cartographer_ros_msgs/share/cartographer_ros_msgs/hook/ld_library_path_lib.sh'
[2.992s] Level 1:colcon.colcon_core.environment:checking '/home/nagisa/fishbot_ws/install/cartographer_ros_msgs/bin'
[2.992s] Level 1:colcon.colcon_core.environment:checking '/home/nagisa/fishbot_ws/install/cartographer_ros_msgs/lib/pkgconfig/cartographer_ros_msgs.pc'
[2.992s] Level 1:colcon.colcon_core.environment:checking '/home/nagisa/fishbot_ws/install/cartographer_ros_msgs/lib/python3.10/site-packages'
[2.992s] Level 1:colcon.colcon_core.environment:checking '/home/nagisa/fishbot_ws/install/cartographer_ros_msgs/bin'
[2.992s] INFO:colcon.colcon_core.shell:Creating package script '/home/nagisa/fishbot_ws/install/cartographer_ros_msgs/share/cartographer_ros_msgs/package.ps1'
[2.993s] INFO:colcon.colcon_core.shell:Creating package descriptor '/home/nagisa/fishbot_ws/install/cartographer_ros_msgs/share/cartographer_ros_msgs/package.dsv'
[2.993s] INFO:colcon.colcon_core.shell:Creating package script '/home/nagisa/fishbot_ws/install/cartographer_ros_msgs/share/cartographer_ros_msgs/package.sh'
[2.994s] INFO:colcon.colcon_core.shell:Creating package script '/home/nagisa/fishbot_ws/install/cartographer_ros_msgs/share/cartographer_ros_msgs/package.bash'
[2.994s] INFO:colcon.colcon_core.shell:Creating package script '/home/nagisa/fishbot_ws/install/cartographer_ros_msgs/share/cartographer_ros_msgs/package.zsh'
[2.994s] Level 1:colcon.colcon_core.environment:create_file_with_runtime_dependencies(/home/nagisa/fishbot_ws/install/cartographer_ros_msgs/share/colcon-core/packages/cartographer_ros_msgs)
[4.632s] Level 1:colcon.colcon_core.shell:create_environment_hook('cartographer', 'pkg_config_path')
[4.632s] INFO:colcon.colcon_core.shell:Creating environment hook '/home/nagisa/fishbot_ws/install/cartographer/share/cartographer/hook/pkg_config_path.ps1'
[4.633s] INFO:colcon.colcon_core.shell:Creating environment descriptor '/home/nagisa/fishbot_ws/install/cartographer/share/cartographer/hook/pkg_config_path.dsv'
[4.633s] INFO:colcon.colcon_core.shell:Creating environment hook '/home/nagisa/fishbot_ws/install/cartographer/share/cartographer/hook/pkg_config_path.sh'
[4.636s] Level 1:colcon.colcon_core.shell:create_environment_hook('cartographer', 'pkg_config_path_multiarch')
[4.636s] INFO:colcon.colcon_core.shell:Creating environment hook '/home/nagisa/fishbot_ws/install/cartographer/share/cartographer/hook/pkg_config_path_multiarch.ps1'
[4.637s] INFO:colcon.colcon_core.shell:Creating environment descriptor '/home/nagisa/fishbot_ws/install/cartographer/share/cartographer/hook/pkg_config_path_multiarch.dsv'
[4.637s] INFO:colcon.colcon_core.shell:Creating environment hook '/home/nagisa/fishbot_ws/install/cartographer/share/cartographer/hook/pkg_config_path_multiarch.sh'
[4.638s] Level 1:colcon.colcon_core.environment:create_environment_scripts_only(cartographer)
[4.638s] Level 1:colcon.colcon_core.environment:checking '/home/nagisa/fishbot_ws/install/cartographer' for CMake module files
[4.639s] Level 1:colcon.colcon_core.environment:checking '/home/nagisa/fishbot_ws/install/cartographer' for CMake config files
[4.640s] Level 1:colcon.colcon_core.shell:create_environment_hook('cartographer', 'cmake_prefix_path')
[4.640s] INFO:colcon.colcon_core.shell:Creating environment hook '/home/nagisa/fishbot_ws/install/cartographer/share/cartographer/hook/cmake_prefix_path.ps1'
[4.640s] INFO:colcon.colcon_core.shell:Creating environment descriptor '/home/nagisa/fishbot_ws/install/cartographer/share/cartographer/hook/cmake_prefix_path.dsv'
[4.641s] INFO:colcon.colcon_core.shell:Creating environment hook '/home/nagisa/fishbot_ws/install/cartographer/share/cartographer/hook/cmake_prefix_path.sh'
[4.641s] Level 1:colcon.colcon_core.environment:checking '/home/nagisa/fishbot_ws/install/cartographer/lib'
[4.641s] Level 1:colcon.colcon_core.environment:checking '/home/nagisa/fishbot_ws/install/cartographer/bin'
[4.641s] Level 1:colcon.colcon_core.shell:create_environment_hook('cartographer', 'path')
[4.641s] INFO:colcon.colcon_core.shell:Creating environment hook '/home/nagisa/fishbot_ws/install/cartographer/share/cartographer/hook/path.ps1'
[4.642s] INFO:colcon.colcon_core.shell:Creating environment descriptor '/home/nagisa/fishbot_ws/install/cartographer/share/cartographer/hook/path.dsv'
[4.642s] INFO:colcon.colcon_core.shell:Creating environment hook '/home/nagisa/fishbot_ws/install/cartographer/share/cartographer/hook/path.sh'
[4.642s] Level 1:colcon.colcon_core.environment:checking '/home/nagisa/fishbot_ws/install/cartographer/lib/pkgconfig/cartographer.pc'
[4.643s] Level 1:colcon.colcon_core.environment:checking '/home/nagisa/fishbot_ws/install/cartographer/lib/python3.10/site-packages'
[4.643s] Level 1:colcon.colcon_core.environment:checking '/home/nagisa/fishbot_ws/install/cartographer/bin'
[4.643s] Level 1:colcon.colcon_core.shell:create_environment_hook('cartographer', 'pythonscriptspath')
[4.643s] INFO:colcon.colcon_core.shell:Creating environment hook '/home/nagisa/fishbot_ws/install/cartographer/share/cartographer/hook/pythonscriptspath.ps1'
[4.643s] INFO:colcon.colcon_core.shell:Creating environment descriptor '/home/nagisa/fishbot_ws/install/cartographer/share/cartographer/hook/pythonscriptspath.dsv'
[4.644s] INFO:colcon.colcon_core.shell:Creating environment hook '/home/nagisa/fishbot_ws/install/cartographer/share/cartographer/hook/pythonscriptspath.sh'
[4.645s] INFO:colcon.colcon_core.shell:Creating package script '/home/nagisa/fishbot_ws/install/cartographer/share/cartographer/package.ps1'
[4.645s] INFO:colcon.colcon_core.shell:Creating package descriptor '/home/nagisa/fishbot_ws/install/cartographer/share/cartographer/package.dsv'
[4.646s] INFO:colcon.colcon_core.shell:Creating package script '/home/nagisa/fishbot_ws/install/cartographer/share/cartographer/package.sh'
[4.646s] INFO:colcon.colcon_core.shell:Creating package script '/home/nagisa/fishbot_ws/install/cartographer/share/cartographer/package.bash'
[4.648s] INFO:colcon.colcon_core.shell:Creating package script '/home/nagisa/fishbot_ws/install/cartographer/share/cartographer/package.zsh'
[4.649s] Level 1:colcon.colcon_core.environment:create_file_with_runtime_dependencies(/home/nagisa/fishbot_ws/install/cartographer/share/colcon-core/packages/cartographer)
[4.649s] INFO:colcon.colcon_ros.task.ament_cmake.build:Building ROS package in '/home/nagisa/fishbot_ws/src/cartographer_ros/cartographer_ros' with build type 'ament_cmake'
[4.649s] INFO:colcon.colcon_cmake.task.cmake.build:Building CMake package in '/home/nagisa/fishbot_ws/src/cartographer_ros/cartographer_ros'
[4.650s] INFO:colcon.colcon_core.shell:Skip shell extension 'powershell' for command environment: Not usable outside of PowerShell
[4.650s] DEBUG:colcon.colcon_core.shell:Skip shell extension 'dsv' for command environment
[4.668s] DEBUG:colcon.colcon_core.event_handler.log_command:Invoking command in '/home/nagisa/fishbot_ws/build/cartographer_ros': CMAKE_PREFIX_PATH=/home/nagisa/fishbot_ws/install/cartographer_ros_msgs:/home/nagisa/fishbot_ws/install/cartographer:/home/nagisa/fishbot_ws/install/fishbot_cartographer:/home/nagisa/fishbot_ws/install/cartographer_rviz:/home/nagisa/fishbot_ws/install/cartographer_ros:/home/nagisa/fishbot_ws/install/fishbot_description:/opt/ros/humble LD_LIBRARY_PATH=/home/nagisa/fishbot_ws/install/cartographer_ros_msgs/lib:/home/nagisa/fishbot_ws/install/cartographer_rviz/lib:/home/nagisa/fishbot_ws/install/cartographer_ros/lib:/usr/lib/x86_64-linux-gnu/gazebo-11/plugins:/opt/ros/humble/opt/rviz_ogre_vendor/lib:/opt/ros/humble/lib/x86_64-linux-gnu:/opt/ros/humble/lib /usr/bin/cmake --build /home/nagisa/fishbot_ws/build/cartographer_ros -- -j12 -l12
[4.872s] DEBUG:colcon.colcon_core.event_handler.log_command:Invoked command in '/home/nagisa/fishbot_ws/build/cartographer_ros' returned '0': CMAKE_PREFIX_PATH=/home/nagisa/fishbot_ws/install/cartographer_ros_msgs:/home/nagisa/fishbot_ws/install/cartographer:/home/nagisa/fishbot_ws/install/fishbot_cartographer:/home/nagisa/fishbot_ws/install/cartographer_rviz:/home/nagisa/fishbot_ws/install/cartographer_ros:/home/nagisa/fishbot_ws/install/fishbot_description:/opt/ros/humble LD_LIBRARY_PATH=/home/nagisa/fishbot_ws/install/cartographer_ros_msgs/lib:/home/nagisa/fishbot_ws/install/cartographer_rviz/lib:/home/nagisa/fishbot_ws/install/cartographer_ros/lib:/usr/lib/x86_64-linux-gnu/gazebo-11/plugins:/opt/ros/humble/opt/rviz_ogre_vendor/lib:/opt/ros/humble/lib/x86_64-linux-gnu:/opt/ros/humble/lib /usr/bin/cmake --build /home/nagisa/fishbot_ws/build/cartographer_ros -- -j12 -l12
[5.082s] DEBUG:colcon.colcon_core.event_handler.log_command:Invoking command in '/home/nagisa/fishbot_ws/build/cartographer_ros': CMAKE_PREFIX_PATH=/home/nagisa/fishbot_ws/install/cartographer_ros_msgs:/home/nagisa/fishbot_ws/install/cartographer:/home/nagisa/fishbot_ws/install/fishbot_cartographer:/home/nagisa/fishbot_ws/install/cartographer_rviz:/home/nagisa/fishbot_ws/install/cartographer_ros:/home/nagisa/fishbot_ws/install/fishbot_description:/opt/ros/humble LD_LIBRARY_PATH=/home/nagisa/fishbot_ws/install/cartographer_ros_msgs/lib:/home/nagisa/fishbot_ws/install/cartographer_rviz/lib:/home/nagisa/fishbot_ws/install/cartographer_ros/lib:/usr/lib/x86_64-linux-gnu/gazebo-11/plugins:/opt/ros/humble/opt/rviz_ogre_vendor/lib:/opt/ros/humble/lib/x86_64-linux-gnu:/opt/ros/humble/lib /usr/bin/cmake --install /home/nagisa/fishbot_ws/build/cartographer_ros
[5.108s] Level 1:colcon.colcon_core.environment:create_environment_scripts_only(cartographer_ros)
[5.108s] DEBUG:colcon.colcon_core.event_handler.log_command:Invoked command in '/home/nagisa/fishbot_ws/build/cartographer_ros' returned '0': CMAKE_PREFIX_PATH=/home/nagisa/fishbot_ws/install/cartographer_ros_msgs:/home/nagisa/fishbot_ws/install/cartographer:/home/nagisa/fishbot_ws/install/fishbot_cartographer:/home/nagisa/fishbot_ws/install/cartographer_rviz:/home/nagisa/fishbot_ws/install/cartographer_ros:/home/nagisa/fishbot_ws/install/fishbot_description:/opt/ros/humble LD_LIBRARY_PATH=/home/nagisa/fishbot_ws/install/cartographer_ros_msgs/lib:/home/nagisa/fishbot_ws/install/cartographer_rviz/lib:/home/nagisa/fishbot_ws/install/cartographer_ros/lib:/usr/lib/x86_64-linux-gnu/gazebo-11/plugins:/opt/ros/humble/opt/rviz_ogre_vendor/lib:/opt/ros/humble/lib/x86_64-linux-gnu:/opt/ros/humble/lib /usr/bin/cmake --install /home/nagisa/fishbot_ws/build/cartographer_ros
[5.108s] Level 1:colcon.colcon_core.environment:checking '/home/nagisa/fishbot_ws/install/cartographer_ros' for CMake module files
[5.110s] Level 1:colcon.colcon_core.environment:checking '/home/nagisa/fishbot_ws/install/cartographer_ros' for CMake config files
[5.111s] Level 1:colcon.colcon_core.shell:create_environment_hook('cartographer_ros', 'cmake_prefix_path')
[5.111s] INFO:colcon.colcon_core.shell:Creating environment hook '/home/nagisa/fishbot_ws/install/cartographer_ros/share/cartographer_ros/hook/cmake_prefix_path.ps1'
[5.111s] INFO:colcon.colcon_core.shell:Creating environment descriptor '/home/nagisa/fishbot_ws/install/cartographer_ros/share/cartographer_ros/hook/cmake_prefix_path.dsv'
[5.112s] INFO:colcon.colcon_core.shell:Creating environment hook '/home/nagisa/fishbot_ws/install/cartographer_ros/share/cartographer_ros/hook/cmake_prefix_path.sh'
[5.112s] Level 1:colcon.colcon_core.environment:checking '/home/nagisa/fishbot_ws/install/cartographer_ros/lib'
[5.112s] Level 1:colcon.colcon_core.environment:checking '/home/nagisa/fishbot_ws/install/cartographer_ros/bin'
[5.112s] Level 1:colcon.colcon_core.environment:checking '/home/nagisa/fishbot_ws/install/cartographer_ros/lib/pkgconfig/cartographer_ros.pc'
[5.113s] Level 1:colcon.colcon_core.environment:checking '/home/nagisa/fishbot_ws/install/cartographer_ros/lib/python3.10/site-packages'
[5.113s] Level 1:colcon.colcon_core.environment:checking '/home/nagisa/fishbot_ws/install/cartographer_ros/bin'
[5.113s] INFO:colcon.colcon_core.shell:Creating package script '/home/nagisa/fishbot_ws/install/cartographer_ros/share/cartographer_ros/package.ps1'
[5.113s] INFO:colcon.colcon_core.shell:Creating package descriptor '/home/nagisa/fishbot_ws/install/cartographer_ros/share/cartographer_ros/package.dsv'
[5.114s] INFO:colcon.colcon_core.shell:Creating package script '/home/nagisa/fishbot_ws/install/cartographer_ros/share/cartographer_ros/package.sh'
[5.114s] INFO:colcon.colcon_core.shell:Creating package script '/home/nagisa/fishbot_ws/install/cartographer_ros/share/cartographer_ros/package.bash'
[5.114s] INFO:colcon.colcon_core.shell:Creating package script '/home/nagisa/fishbot_ws/install/cartographer_ros/share/cartographer_ros/package.zsh'
[5.115s] Level 1:colcon.colcon_core.environment:create_file_with_runtime_dependencies(/home/nagisa/fishbot_ws/install/cartographer_ros/share/colcon-core/packages/cartographer_ros)
[5.333s] Level 1:colcon.colcon_core.environment:create_environment_scripts_only(cartographer_ros)
[5.333s] Level 1:colcon.colcon_core.environment:checking '/home/nagisa/fishbot_ws/install/cartographer_ros' for CMake module files
[5.334s] Level 1:colcon.colcon_core.environment:checking '/home/nagisa/fishbot_ws/install/cartographer_ros' for CMake config files
[5.334s] Level 1:colcon.colcon_core.shell:create_environment_hook('cartographer_ros', 'cmake_prefix_path')
[5.334s] INFO:colcon.colcon_core.shell:Creating environment hook '/home/nagisa/fishbot_ws/install/cartographer_ros/share/cartographer_ros/hook/cmake_prefix_path.ps1'
[5.335s] INFO:colcon.colcon_core.shell:Creating environment descriptor '/home/nagisa/fishbot_ws/install/cartographer_ros/share/cartographer_ros/hook/cmake_prefix_path.dsv'
[5.335s] INFO:colcon.colcon_core.shell:Creating environment hook '/home/nagisa/fishbot_ws/install/cartographer_ros/share/cartographer_ros/hook/cmake_prefix_path.sh'
[5.336s] Level 1:colcon.colcon_core.environment:checking '/home/nagisa/fishbot_ws/install/cartographer_ros/lib'
[5.336s] Level 1:colcon.colcon_core.environment:checking '/home/nagisa/fishbot_ws/install/cartographer_ros/bin'
[5.336s] Level 1:colcon.colcon_core.environment:checking '/home/nagisa/fishbot_ws/install/cartographer_ros/lib/pkgconfig/cartographer_ros.pc'
[5.336s] Level 1:colcon.colcon_core.environment:checking '/home/nagisa/fishbot_ws/install/cartographer_ros/lib/python3.10/site-packages'
[5.336s] Level 1:colcon.colcon_core.environment:checking '/home/nagisa/fishbot_ws/install/cartographer_ros/bin'
[5.337s] INFO:colcon.colcon_core.shell:Creating package script '/home/nagisa/fishbot_ws/install/cartographer_ros/share/cartographer_ros/package.ps1'
[5.337s] INFO:colcon.colcon_core.shell:Creating package descriptor '/home/nagisa/fishbot_ws/install/cartographer_ros/share/cartographer_ros/package.dsv'
[5.338s] INFO:colcon.colcon_core.shell:Creating package script '/home/nagisa/fishbot_ws/install/cartographer_ros/share/cartographer_ros/package.sh'
[5.338s] INFO:colcon.colcon_core.shell:Creating package script '/home/nagisa/fishbot_ws/install/cartographer_ros/share/cartographer_ros/package.bash'
[5.338s] INFO:colcon.colcon_core.shell:Creating package script '/home/nagisa/fishbot_ws/install/cartographer_ros/share/cartographer_ros/package.zsh'
[5.339s] Level 1:colcon.colcon_core.environment:create_file_with_runtime_dependencies(/home/nagisa/fishbot_ws/install/cartographer_ros/share/colcon-core/packages/cartographer_ros)
[5.339s] INFO:colcon.colcon_ros.task.ament_cmake.build:Building ROS package in '/home/nagisa/fishbot_ws/src/cartographer_ros/cartographer_rviz' with build type 'ament_cmake'
[5.339s] INFO:colcon.colcon_cmake.task.cmake.build:Building CMake package in '/home/nagisa/fishbot_ws/src/cartographer_ros/cartographer_rviz'
[5.340s] INFO:colcon.colcon_core.shell:Skip shell extension 'powershell' for command environment: Not usable outside of PowerShell
[5.340s] DEBUG:colcon.colcon_core.shell:Skip shell extension 'dsv' for command environment
[5.362s] DEBUG:colcon.colcon_core.event_handler.log_command:Invoking command in '/home/nagisa/fishbot_ws/build/cartographer_rviz': CMAKE_PREFIX_PATH=/home/nagisa/fishbot_ws/install/cartographer_ros:/home/nagisa/fishbot_ws/install/cartographer_ros_msgs:/home/nagisa/fishbot_ws/install/cartographer:/home/nagisa/fishbot_ws/install/fishbot_cartographer:/home/nagisa/fishbot_ws/install/cartographer_rviz:/home/nagisa/fishbot_ws/install/fishbot_description:/opt/ros/humble LD_LIBRARY_PATH=/home/nagisa/fishbot_ws/install/cartographer_ros_msgs/lib:/home/nagisa/fishbot_ws/install/cartographer_rviz/lib:/home/nagisa/fishbot_ws/install/cartographer_ros/lib:/usr/lib/x86_64-linux-gnu/gazebo-11/plugins:/opt/ros/humble/opt/rviz_ogre_vendor/lib:/opt/ros/humble/lib/x86_64-linux-gnu:/opt/ros/humble/lib /usr/bin/cmake --build /home/nagisa/fishbot_ws/build/cartographer_rviz -- -j12 -l12
[5.535s] DEBUG:colcon.colcon_core.event_handler.log_command:Invoked command in '/home/nagisa/fishbot_ws/build/cartographer_rviz' returned '0': CMAKE_PREFIX_PATH=/home/nagisa/fishbot_ws/install/cartographer_ros:/home/nagisa/fishbot_ws/install/cartographer_ros_msgs:/home/nagisa/fishbot_ws/install/cartographer:/home/nagisa/fishbot_ws/install/fishbot_cartographer:/home/nagisa/fishbot_ws/install/cartographer_rviz:/home/nagisa/fishbot_ws/install/fishbot_description:/opt/ros/humble LD_LIBRARY_PATH=/home/nagisa/fishbot_ws/install/cartographer_ros_msgs/lib:/home/nagisa/fishbot_ws/install/cartographer_rviz/lib:/home/nagisa/fishbot_ws/install/cartographer_ros/lib:/usr/lib/x86_64-linux-gnu/gazebo-11/plugins:/opt/ros/humble/opt/rviz_ogre_vendor/lib:/opt/ros/humble/lib/x86_64-linux-gnu:/opt/ros/humble/lib /usr/bin/cmake --build /home/nagisa/fishbot_ws/build/cartographer_rviz -- -j12 -l12
[5.609s] DEBUG:colcon.colcon_core.event_handler.log_command:Invoking command in '/home/nagisa/fishbot_ws/build/cartographer_rviz': CMAKE_PREFIX_PATH=/home/nagisa/fishbot_ws/install/cartographer_ros:/home/nagisa/fishbot_ws/install/cartographer_ros_msgs:/home/nagisa/fishbot_ws/install/cartographer:/home/nagisa/fishbot_ws/install/fishbot_cartographer:/home/nagisa/fishbot_ws/install/cartographer_rviz:/home/nagisa/fishbot_ws/install/fishbot_description:/opt/ros/humble LD_LIBRARY_PATH=/home/nagisa/fishbot_ws/install/cartographer_ros_msgs/lib:/home/nagisa/fishbot_ws/install/cartographer_rviz/lib:/home/nagisa/fishbot_ws/install/cartographer_ros/lib:/usr/lib/x86_64-linux-gnu/gazebo-11/plugins:/opt/ros/humble/opt/rviz_ogre_vendor/lib:/opt/ros/humble/lib/x86_64-linux-gnu:/opt/ros/humble/lib /usr/bin/cmake --install /home/nagisa/fishbot_ws/build/cartographer_rviz
[5.623s] Level 1:colcon.colcon_core.environment:create_environment_scripts_only(cartographer_rviz)
[5.623s] Level 1:colcon.colcon_core.environment:checking '/home/nagisa/fishbot_ws/install/cartographer_rviz' for CMake module files
[5.623s] DEBUG:colcon.colcon_core.event_handler.log_command:Invoked command in '/home/nagisa/fishbot_ws/build/cartographer_rviz' returned '0': CMAKE_PREFIX_PATH=/home/nagisa/fishbot_ws/install/cartographer_ros:/home/nagisa/fishbot_ws/install/cartographer_ros_msgs:/home/nagisa/fishbot_ws/install/cartographer:/home/nagisa/fishbot_ws/install/fishbot_cartographer:/home/nagisa/fishbot_ws/install/cartographer_rviz:/home/nagisa/fishbot_ws/install/fishbot_description:/opt/ros/humble LD_LIBRARY_PATH=/home/nagisa/fishbot_ws/install/cartographer_ros_msgs/lib:/home/nagisa/fishbot_ws/install/cartographer_rviz/lib:/home/nagisa/fishbot_ws/install/cartographer_ros/lib:/usr/lib/x86_64-linux-gnu/gazebo-11/plugins:/opt/ros/humble/opt/rviz_ogre_vendor/lib:/opt/ros/humble/lib/x86_64-linux-gnu:/opt/ros/humble/lib /usr/bin/cmake --install /home/nagisa/fishbot_ws/build/cartographer_rviz
[5.624s] Level 1:colcon.colcon_core.environment:checking '/home/nagisa/fishbot_ws/install/cartographer_rviz' for CMake config files
[5.625s] Level 1:colcon.colcon_core.shell:create_environment_hook('cartographer_rviz', 'cmake_prefix_path')
[5.625s] INFO:colcon.colcon_core.shell:Creating environment hook '/home/nagisa/fishbot_ws/install/cartographer_rviz/share/cartographer_rviz/hook/cmake_prefix_path.ps1'
[5.626s] INFO:colcon.colcon_core.shell:Creating environment descriptor '/home/nagisa/fishbot_ws/install/cartographer_rviz/share/cartographer_rviz/hook/cmake_prefix_path.dsv'
[5.626s] INFO:colcon.colcon_core.shell:Creating environment hook '/home/nagisa/fishbot_ws/install/cartographer_rviz/share/cartographer_rviz/hook/cmake_prefix_path.sh'
[5.627s] Level 1:colcon.colcon_core.environment:checking '/home/nagisa/fishbot_ws/install/cartographer_rviz/lib'
[5.627s] Level 1:colcon.colcon_core.shell:create_environment_hook('cartographer_rviz', 'ld_library_path_lib')
[5.627s] INFO:colcon.colcon_core.shell:Creating environment hook '/home/nagisa/fishbot_ws/install/cartographer_rviz/share/cartographer_rviz/hook/ld_library_path_lib.ps1'
[5.627s] INFO:colcon.colcon_core.shell:Creating environment descriptor '/home/nagisa/fishbot_ws/install/cartographer_rviz/share/cartographer_rviz/hook/ld_library_path_lib.dsv'
[5.628s] INFO:colcon.colcon_core.shell:Creating environment hook '/home/nagisa/fishbot_ws/install/cartographer_rviz/share/cartographer_rviz/hook/ld_library_path_lib.sh'
[5.628s] Level 1:colcon.colcon_core.environment:checking '/home/nagisa/fishbot_ws/install/cartographer_rviz/bin'
[5.628s] Level 1:colcon.colcon_core.environment:checking '/home/nagisa/fishbot_ws/install/cartographer_rviz/lib/pkgconfig/cartographer_rviz.pc'
[5.628s] Level 1:colcon.colcon_core.environment:checking '/home/nagisa/fishbot_ws/install/cartographer_rviz/lib/python3.10/site-packages'
[5.629s] Level 1:colcon.colcon_core.environment:checking '/home/nagisa/fishbot_ws/install/cartographer_rviz/bin'
[5.629s] INFO:colcon.colcon_core.shell:Creating package script '/home/nagisa/fishbot_ws/install/cartographer_rviz/share/cartographer_rviz/package.ps1'
[5.629s] INFO:colcon.colcon_core.shell:Creating package descriptor '/home/nagisa/fishbot_ws/install/cartographer_rviz/share/cartographer_rviz/package.dsv'
[5.630s] INFO:colcon.colcon_core.shell:Creating package script '/home/nagisa/fishbot_ws/install/cartographer_rviz/share/cartographer_rviz/package.sh'
[5.630s] INFO:colcon.colcon_core.shell:Creating package script '/home/nagisa/fishbot_ws/install/cartographer_rviz/share/cartographer_rviz/package.bash'
[5.630s] INFO:colcon.colcon_core.shell:Creating package script '/home/nagisa/fishbot_ws/install/cartographer_rviz/share/cartographer_rviz/package.zsh'
[5.631s] Level 1:colcon.colcon_core.environment:create_file_with_runtime_dependencies(/home/nagisa/fishbot_ws/install/cartographer_rviz/share/colcon-core/packages/cartographer_rviz)
[5.712s] Level 1:colcon.colcon_core.environment:create_environment_scripts_only(cartographer_rviz)
[5.712s] Level 1:colcon.colcon_core.environment:checking '/home/nagisa/fishbot_ws/install/cartographer_rviz' for CMake module files
[5.712s] Level 1:colcon.colcon_core.environment:checking '/home/nagisa/fishbot_ws/install/cartographer_rviz' for CMake config files
[5.712s] Level 1:colcon.colcon_core.shell:create_environment_hook('cartographer_rviz', 'cmake_prefix_path')
[5.713s] INFO:colcon.colcon_core.shell:Creating environment hook '/home/nagisa/fishbot_ws/install/cartographer_rviz/share/cartographer_rviz/hook/cmake_prefix_path.ps1'
[5.713s] INFO:colcon.colcon_core.shell:Creating environment descriptor '/home/nagisa/fishbot_ws/install/cartographer_rviz/share/cartographer_rviz/hook/cmake_prefix_path.dsv'
[5.714s] INFO:colcon.colcon_core.shell:Creating environment hook '/home/nagisa/fishbot_ws/install/cartographer_rviz/share/cartographer_rviz/hook/cmake_prefix_path.sh'
[5.714s] Level 1:colcon.colcon_core.environment:checking '/home/nagisa/fishbot_ws/install/cartographer_rviz/lib'
[5.714s] Level 1:colcon.colcon_core.shell:create_environment_hook('cartographer_rviz', 'ld_library_path_lib')
[5.714s] INFO:colcon.colcon_core.shell:Creating environment hook '/home/nagisa/fishbot_ws/install/cartographer_rviz/share/cartographer_rviz/hook/ld_library_path_lib.ps1'
[5.715s] INFO:colcon.colcon_core.shell:Creating environment descriptor '/home/nagisa/fishbot_ws/install/cartographer_rviz/share/cartographer_rviz/hook/ld_library_path_lib.dsv'
[5.715s] INFO:colcon.colcon_core.shell:Creating environment hook '/home/nagisa/fishbot_ws/install/cartographer_rviz/share/cartographer_rviz/hook/ld_library_path_lib.sh'
[5.716s] Level 1:colcon.colcon_core.environment:checking '/home/nagisa/fishbot_ws/install/cartographer_rviz/bin'
[5.716s] Level 1:colcon.colcon_core.environment:checking '/home/nagisa/fishbot_ws/install/cartographer_rviz/lib/pkgconfig/cartographer_rviz.pc'
[5.716s] Level 1:colcon.colcon_core.environment:checking '/home/nagisa/fishbot_ws/install/cartographer_rviz/lib/python3.10/site-packages'
[5.716s] Level 1:colcon.colcon_core.environment:checking '/home/nagisa/fishbot_ws/install/cartographer_rviz/bin'
[5.716s] INFO:colcon.colcon_core.shell:Creating package script '/home/nagisa/fishbot_ws/install/cartographer_rviz/share/cartographer_rviz/package.ps1'
[5.717s] INFO:colcon.colcon_core.shell:Creating package descriptor '/home/nagisa/fishbot_ws/install/cartographer_rviz/share/cartographer_rviz/package.dsv'
[5.717s] INFO:colcon.colcon_core.shell:Creating package script '/home/nagisa/fishbot_ws/install/cartographer_rviz/share/cartographer_rviz/package.sh'
[5.718s] INFO:colcon.colcon_core.shell:Creating package script '/home/nagisa/fishbot_ws/install/cartographer_rviz/share/cartographer_rviz/package.bash'
[5.718s] INFO:colcon.colcon_core.shell:Creating package script '/home/nagisa/fishbot_ws/install/cartographer_rviz/share/cartographer_rviz/package.zsh'
[5.719s] Level 1:colcon.colcon_core.environment:create_file_with_runtime_dependencies(/home/nagisa/fishbot_ws/install/cartographer_rviz/share/colcon-core/packages/cartographer_rviz)
[5.719s] DEBUG:colcon.colcon_parallel_executor.executor.parallel:closing loop
[5.719s] DEBUG:colcon.colcon_parallel_executor.executor.parallel:loop closed
[5.719s] DEBUG:colcon.colcon_parallel_executor.executor.parallel:run_until_complete finished with '0'
[5.719s] DEBUG:colcon.colcon_core.event_reactor:joining thread
[5.726s] INFO:colcon.colcon_core.plugin_system:Skipping extension 'colcon_notification.desktop_notification.terminal_notifier': Not used on non-Darwin systems
[5.726s] INFO:colcon.colcon_core.plugin_system:Skipping extension 'colcon_notification.desktop_notification.win32': Not used on non-Windows systems
[5.726s] INFO:colcon.colcon_notification.desktop_notification:Sending desktop notification using 'notify2'
[5.738s] DEBUG:colcon.colcon_core.event_reactor:joined thread
[5.738s] INFO:colcon.colcon_core.shell:Creating prefix script '/home/nagisa/fishbot_ws/install/local_setup.ps1'
[5.739s] INFO:colcon.colcon_core.shell:Creating prefix util module '/home/nagisa/fishbot_ws/install/_local_setup_util_ps1.py'
[5.741s] INFO:colcon.colcon_core.shell:Creating prefix chain script '/home/nagisa/fishbot_ws/install/setup.ps1'
[5.742s] INFO:colcon.colcon_core.shell:Creating prefix script '/home/nagisa/fishbot_ws/install/local_setup.sh'
[5.742s] INFO:colcon.colcon_core.shell:Creating prefix util module '/home/nagisa/fishbot_ws/install/_local_setup_util_sh.py'
[5.743s] INFO:colcon.colcon_core.shell:Creating prefix chain script '/home/nagisa/fishbot_ws/install/setup.sh'
[5.744s] INFO:colcon.colcon_core.shell:Creating prefix script '/home/nagisa/fishbot_ws/install/local_setup.bash'
[5.744s] INFO:colcon.colcon_core.shell:Creating prefix chain script '/home/nagisa/fishbot_ws/install/setup.bash'
[5.745s] INFO:colcon.colcon_core.shell:Creating prefix script '/home/nagisa/fishbot_ws/install/local_setup.zsh'
[5.746s] INFO:colcon.colcon_core.shell:Creating prefix chain script '/home/nagisa/fishbot_ws/install/setup.zsh'
