[0.049s] Invoking command in '/home/nagisa/fishbot_ws/build/dwb_core': AMENT_PREFIX_PATH=/home/nagisa/fishbot_ws/install/nav2_core:/home/nagisa/fishbot_ws/install/nav2_costmap_2d:/home/nagisa/fishbot_ws/install/nav_2d_utils:/home/nagisa/fishbot_ws/install/nav2_map_server:/home/nagisa/fishbot_ws/install/nav2_lifecycle_manager:/home/nagisa/fishbot_ws/install/nav2_util:/home/nagisa/fishbot_ws/install/nav2_voxel_grid:/home/nagisa/fishbot_ws/install/nav2_msgs:/home/nagisa/fishbot_ws/install/dwb_msgs:/home/nagisa/fishbot_ws/install/nav_2d_msgs:/home/nagisa/fishbot_ws/install/nav2_common:${AMENT_PREFIX_PATH} CMAKE_PREFIX_PATH=/home/nagisa/fishbot_ws/install/nav2_core:/home/nagisa/fishbot_ws/install/nav2_costmap_2d:/home/nagisa/fishbot_ws/install/nav_2d_utils:/home/nagisa/fishbot_ws/install/nav2_map_server:/home/nagisa/fishbot_ws/install/nav2_lifecycle_manager:/home/nagisa/fishbot_ws/install/nav2_util:/home/nagisa/fishbot_ws/install/nav2_voxel_grid:/home/nagisa/fishbot_ws/install/nav2_msgs:/home/nagisa/fishbot_ws/install/dwb_msgs:/home/nagisa/fishbot_ws/install/nav_2d_msgs:/home/nagisa/fishbot_ws/install/nav2_common:/opt/ros/humble LD_LIBRARY_PATH=/home/nagisa/fishbot_ws/install/nav2_costmap_2d/lib:/home/nagisa/fishbot_ws/install/nav_2d_utils/lib:/home/nagisa/fishbot_ws/install/nav2_map_server/lib:/home/nagisa/fishbot_ws/install/nav2_lifecycle_manager/lib:/home/nagisa/fishbot_ws/install/nav2_util/lib:/home/nagisa/fishbot_ws/install/nav2_voxel_grid/lib:/home/nagisa/fishbot_ws/install/nav2_msgs/lib:/home/nagisa/fishbot_ws/install/dwb_msgs/lib:/home/nagisa/fishbot_ws/install/nav_2d_msgs/lib:${LD_LIBRARY_PATH} PYTHONPATH=/home/nagisa/fishbot_ws/install/nav2_msgs/local/lib/python3.10/dist-packages:/home/nagisa/fishbot_ws/install/dwb_msgs/local/lib/python3.10/dist-packages:/home/nagisa/fishbot_ws/install/nav_2d_msgs/local/lib/python3.10/dist-packages:/home/nagisa/fishbot_ws/install/nav2_common/local/lib/python3.10/dist-packages:${PYTHONPATH} /usr/bin/cmake --build /home/nagisa/fishbot_ws/build/dwb_core -- -j12 -l12
[0.124s] [35m[1mConsolidate compiler generated dependencies of target gtest_main[0m
[0.127s] [35m[1mConsolidate compiler generated dependencies of target gtest[0m
[0.132s] [35m[1mConsolidate compiler generated dependencies of target dwb_core[0m
[0.143s] [ 18%] Built target gtest_main
[0.151s] [ 36%] Built target gtest
[0.167s] [ 81%] Built target dwb_core
[0.189s] [35m[1mConsolidate compiler generated dependencies of target utils_test[0m
[0.213s] [100%] Built target utils_test
[0.227s] Invoked command in '/home/nagisa/fishbot_ws/build/dwb_core' returned '0': AMENT_PREFIX_PATH=/home/nagisa/fishbot_ws/install/nav2_core:/home/nagisa/fishbot_ws/install/nav2_costmap_2d:/home/nagisa/fishbot_ws/install/nav_2d_utils:/home/nagisa/fishbot_ws/install/nav2_map_server:/home/nagisa/fishbot_ws/install/nav2_lifecycle_manager:/home/nagisa/fishbot_ws/install/nav2_util:/home/nagisa/fishbot_ws/install/nav2_voxel_grid:/home/nagisa/fishbot_ws/install/nav2_msgs:/home/nagisa/fishbot_ws/install/dwb_msgs:/home/nagisa/fishbot_ws/install/nav_2d_msgs:/home/nagisa/fishbot_ws/install/nav2_common:${AMENT_PREFIX_PATH} CMAKE_PREFIX_PATH=/home/nagisa/fishbot_ws/install/nav2_core:/home/nagisa/fishbot_ws/install/nav2_costmap_2d:/home/nagisa/fishbot_ws/install/nav_2d_utils:/home/nagisa/fishbot_ws/install/nav2_map_server:/home/nagisa/fishbot_ws/install/nav2_lifecycle_manager:/home/nagisa/fishbot_ws/install/nav2_util:/home/nagisa/fishbot_ws/install/nav2_voxel_grid:/home/nagisa/fishbot_ws/install/nav2_msgs:/home/nagisa/fishbot_ws/install/dwb_msgs:/home/nagisa/fishbot_ws/install/nav_2d_msgs:/home/nagisa/fishbot_ws/install/nav2_common:/opt/ros/humble LD_LIBRARY_PATH=/home/nagisa/fishbot_ws/install/nav2_costmap_2d/lib:/home/nagisa/fishbot_ws/install/nav_2d_utils/lib:/home/nagisa/fishbot_ws/install/nav2_map_server/lib:/home/nagisa/fishbot_ws/install/nav2_lifecycle_manager/lib:/home/nagisa/fishbot_ws/install/nav2_util/lib:/home/nagisa/fishbot_ws/install/nav2_voxel_grid/lib:/home/nagisa/fishbot_ws/install/nav2_msgs/lib:/home/nagisa/fishbot_ws/install/dwb_msgs/lib:/home/nagisa/fishbot_ws/install/nav_2d_msgs/lib:${LD_LIBRARY_PATH} PYTHONPATH=/home/nagisa/fishbot_ws/install/nav2_msgs/local/lib/python3.10/dist-packages:/home/nagisa/fishbot_ws/install/dwb_msgs/local/lib/python3.10/dist-packages:/home/nagisa/fishbot_ws/install/nav_2d_msgs/local/lib/python3.10/dist-packages:/home/nagisa/fishbot_ws/install/nav2_common/local/lib/python3.10/dist-packages:${PYTHONPATH} /usr/bin/cmake --build /home/nagisa/fishbot_ws/build/dwb_core -- -j12 -l12
[0.306s] Invoking command in '/home/nagisa/fishbot_ws/build/dwb_core': AMENT_PREFIX_PATH=/home/nagisa/fishbot_ws/install/nav2_core:/home/nagisa/fishbot_ws/install/nav2_costmap_2d:/home/nagisa/fishbot_ws/install/nav_2d_utils:/home/nagisa/fishbot_ws/install/nav2_map_server:/home/nagisa/fishbot_ws/install/nav2_lifecycle_manager:/home/nagisa/fishbot_ws/install/nav2_util:/home/nagisa/fishbot_ws/install/nav2_voxel_grid:/home/nagisa/fishbot_ws/install/nav2_msgs:/home/nagisa/fishbot_ws/install/dwb_msgs:/home/nagisa/fishbot_ws/install/nav_2d_msgs:/home/nagisa/fishbot_ws/install/nav2_common:${AMENT_PREFIX_PATH} CMAKE_PREFIX_PATH=/home/nagisa/fishbot_ws/install/nav2_core:/home/nagisa/fishbot_ws/install/nav2_costmap_2d:/home/nagisa/fishbot_ws/install/nav_2d_utils:/home/nagisa/fishbot_ws/install/nav2_map_server:/home/nagisa/fishbot_ws/install/nav2_lifecycle_manager:/home/nagisa/fishbot_ws/install/nav2_util:/home/nagisa/fishbot_ws/install/nav2_voxel_grid:/home/nagisa/fishbot_ws/install/nav2_msgs:/home/nagisa/fishbot_ws/install/dwb_msgs:/home/nagisa/fishbot_ws/install/nav_2d_msgs:/home/nagisa/fishbot_ws/install/nav2_common:/opt/ros/humble LD_LIBRARY_PATH=/home/nagisa/fishbot_ws/install/nav2_costmap_2d/lib:/home/nagisa/fishbot_ws/install/nav_2d_utils/lib:/home/nagisa/fishbot_ws/install/nav2_map_server/lib:/home/nagisa/fishbot_ws/install/nav2_lifecycle_manager/lib:/home/nagisa/fishbot_ws/install/nav2_util/lib:/home/nagisa/fishbot_ws/install/nav2_voxel_grid/lib:/home/nagisa/fishbot_ws/install/nav2_msgs/lib:/home/nagisa/fishbot_ws/install/dwb_msgs/lib:/home/nagisa/fishbot_ws/install/nav_2d_msgs/lib:${LD_LIBRARY_PATH} PYTHONPATH=/home/nagisa/fishbot_ws/install/nav2_msgs/local/lib/python3.10/dist-packages:/home/nagisa/fishbot_ws/install/dwb_msgs/local/lib/python3.10/dist-packages:/home/nagisa/fishbot_ws/install/nav_2d_msgs/local/lib/python3.10/dist-packages:/home/nagisa/fishbot_ws/install/nav2_common/local/lib/python3.10/dist-packages:${PYTHONPATH} /usr/bin/cmake --install /home/nagisa/fishbot_ws/build/dwb_core
[0.319s] -- Install configuration: "Release"
[0.321s] -- Up-to-date: /home/nagisa/fishbot_ws/install/dwb_core/lib/libdwb_core.so
[0.322s] -- Up-to-date: /home/nagisa/fishbot_ws/install/dwb_core/include/
[0.322s] -- Up-to-date: /home/nagisa/fishbot_ws/install/dwb_core/include//dwb_core
[0.323s] -- Up-to-date: /home/nagisa/fishbot_ws/install/dwb_core/include//dwb_core/trajectory_generator.hpp
[0.323s] -- Up-to-date: /home/nagisa/fishbot_ws/install/dwb_core/include//dwb_core/illegal_trajectory_tracker.hpp
[0.323s] -- Up-to-date: /home/nagisa/fishbot_ws/install/dwb_core/include//dwb_core/exceptions.hpp
[0.323s] -- Up-to-date: /home/nagisa/fishbot_ws/install/dwb_core/include//dwb_core/publisher.hpp
[0.323s] -- Up-to-date: /home/nagisa/fishbot_ws/install/dwb_core/include//dwb_core/dwb_local_planner.hpp
[0.323s] -- Up-to-date: /home/nagisa/fishbot_ws/install/dwb_core/include//dwb_core/trajectory_critic.hpp
[0.323s] -- Up-to-date: /home/nagisa/fishbot_ws/install/dwb_core/include//dwb_core/trajectory_utils.hpp
[0.324s] -- Up-to-date: /home/nagisa/fishbot_ws/install/dwb_core/share/dwb_core/environment/library_path.sh
[0.325s] -- Up-to-date: /home/nagisa/fishbot_ws/install/dwb_core/share/dwb_core/environment/library_path.dsv
[0.325s] -- Up-to-date: /home/nagisa/fishbot_ws/install/dwb_core/share/dwb_core/local_planner_plugin.xml
[0.326s] -- Up-to-date: /home/nagisa/fishbot_ws/install/dwb_core/share/ament_index/resource_index/package_run_dependencies/dwb_core
[0.326s] -- Up-to-date: /home/nagisa/fishbot_ws/install/dwb_core/share/ament_index/resource_index/parent_prefix_path/dwb_core
[0.327s] -- Up-to-date: /home/nagisa/fishbot_ws/install/dwb_core/share/dwb_core/environment/ament_prefix_path.sh
[0.327s] -- Up-to-date: /home/nagisa/fishbot_ws/install/dwb_core/share/dwb_core/environment/ament_prefix_path.dsv
[0.327s] -- Up-to-date: /home/nagisa/fishbot_ws/install/dwb_core/share/dwb_core/environment/path.sh
[0.327s] -- Up-to-date: /home/nagisa/fishbot_ws/install/dwb_core/share/dwb_core/environment/path.dsv
[0.327s] -- Up-to-date: /home/nagisa/fishbot_ws/install/dwb_core/share/dwb_core/local_setup.bash
[0.327s] -- Up-to-date: /home/nagisa/fishbot_ws/install/dwb_core/share/dwb_core/local_setup.sh
[0.327s] -- Up-to-date: /home/nagisa/fishbot_ws/install/dwb_core/share/dwb_core/local_setup.zsh
[0.327s] -- Up-to-date: /home/nagisa/fishbot_ws/install/dwb_core/share/dwb_core/local_setup.dsv
[0.327s] -- Installing: /home/nagisa/fishbot_ws/install/dwb_core/share/dwb_core/package.dsv
[0.328s] -- Up-to-date: /home/nagisa/fishbot_ws/install/dwb_core/share/ament_index/resource_index/packages/dwb_core
[0.328s] -- Up-to-date: /home/nagisa/fishbot_ws/install/dwb_core/share/ament_index/resource_index/nav2_core__pluginlib__plugin/dwb_core
[0.328s] -- Up-to-date: /home/nagisa/fishbot_ws/install/dwb_core/share/dwb_core/cmake/ament_cmake_export_include_directories-extras.cmake
[0.329s] -- Up-to-date: /home/nagisa/fishbot_ws/install/dwb_core/share/dwb_core/cmake/ament_cmake_export_libraries-extras.cmake
[0.329s] -- Up-to-date: /home/nagisa/fishbot_ws/install/dwb_core/share/dwb_core/cmake/ament_cmake_export_dependencies-extras.cmake
[0.329s] -- Up-to-date: /home/nagisa/fishbot_ws/install/dwb_core/share/dwb_core/cmake/dwb_coreConfig.cmake
[0.329s] -- Up-to-date: /home/nagisa/fishbot_ws/install/dwb_core/share/dwb_core/cmake/dwb_coreConfig-version.cmake
[0.329s] -- Up-to-date: /home/nagisa/fishbot_ws/install/dwb_core/share/dwb_core/package.xml
[0.332s] Invoked command in '/home/nagisa/fishbot_ws/build/dwb_core' returned '0': AMENT_PREFIX_PATH=/home/nagisa/fishbot_ws/install/nav2_core:/home/nagisa/fishbot_ws/install/nav2_costmap_2d:/home/nagisa/fishbot_ws/install/nav_2d_utils:/home/nagisa/fishbot_ws/install/nav2_map_server:/home/nagisa/fishbot_ws/install/nav2_lifecycle_manager:/home/nagisa/fishbot_ws/install/nav2_util:/home/nagisa/fishbot_ws/install/nav2_voxel_grid:/home/nagisa/fishbot_ws/install/nav2_msgs:/home/nagisa/fishbot_ws/install/dwb_msgs:/home/nagisa/fishbot_ws/install/nav_2d_msgs:/home/nagisa/fishbot_ws/install/nav2_common:${AMENT_PREFIX_PATH} CMAKE_PREFIX_PATH=/home/nagisa/fishbot_ws/install/nav2_core:/home/nagisa/fishbot_ws/install/nav2_costmap_2d:/home/nagisa/fishbot_ws/install/nav_2d_utils:/home/nagisa/fishbot_ws/install/nav2_map_server:/home/nagisa/fishbot_ws/install/nav2_lifecycle_manager:/home/nagisa/fishbot_ws/install/nav2_util:/home/nagisa/fishbot_ws/install/nav2_voxel_grid:/home/nagisa/fishbot_ws/install/nav2_msgs:/home/nagisa/fishbot_ws/install/dwb_msgs:/home/nagisa/fishbot_ws/install/nav_2d_msgs:/home/nagisa/fishbot_ws/install/nav2_common:/opt/ros/humble LD_LIBRARY_PATH=/home/nagisa/fishbot_ws/install/nav2_costmap_2d/lib:/home/nagisa/fishbot_ws/install/nav_2d_utils/lib:/home/nagisa/fishbot_ws/install/nav2_map_server/lib:/home/nagisa/fishbot_ws/install/nav2_lifecycle_manager/lib:/home/nagisa/fishbot_ws/install/nav2_util/lib:/home/nagisa/fishbot_ws/install/nav2_voxel_grid/lib:/home/nagisa/fishbot_ws/install/nav2_msgs/lib:/home/nagisa/fishbot_ws/install/dwb_msgs/lib:/home/nagisa/fishbot_ws/install/nav_2d_msgs/lib:${LD_LIBRARY_PATH} PYTHONPATH=/home/nagisa/fishbot_ws/install/nav2_msgs/local/lib/python3.10/dist-packages:/home/nagisa/fishbot_ws/install/dwb_msgs/local/lib/python3.10/dist-packages:/home/nagisa/fishbot_ws/install/nav_2d_msgs/local/lib/python3.10/dist-packages:/home/nagisa/fishbot_ws/install/nav2_common/local/lib/python3.10/dist-packages:${PYTHONPATH} /usr/bin/cmake --install /home/nagisa/fishbot_ws/build/dwb_core
