[0.179s] Invoking command in '/home/nagisa/fishbot_ws/build/nav_2d_utils': AMENT_PREFIX_PATH=/home/nagisa/fishbot_ws/install/nav2_util:/home/nagisa/fishbot_ws/install/nav2_msgs:/home/nagisa/fishbot_ws/install/nav_2d_msgs:/home/nagisa/fishbot_ws/install/nav2_common:${AMENT_PREFIX_PATH} CMAKE_PREFIX_PATH=/home/nagisa/fishbot_ws/install/nav2_util:/home/nagisa/fishbot_ws/install/nav2_msgs:/home/nagisa/fishbot_ws/install/nav_2d_msgs:/home/nagisa/fishbot_ws/install/nav2_common:/opt/ros/humble LD_LIBRARY_PATH=/home/nagisa/fishbot_ws/install/nav2_util/lib:/home/nagisa/fishbot_ws/install/nav2_msgs/lib:/home/nagisa/fishbot_ws/install/nav_2d_msgs/lib:${LD_LIBRARY_PATH} PYTHONPATH=/home/nagisa/fishbot_ws/install/nav2_msgs/local/lib/python3.10/dist-packages:/home/nagisa/fishbot_ws/install/nav_2d_msgs/local/lib/python3.10/dist-packages:/home/nagisa/fishbot_ws/install/nav2_common/local/lib/python3.10/dist-packages:${PYTHONPATH} /usr/bin/cmake /home/nagisa/fishbot_ws/src/navigation2/nav2_dwb_controller/nav_2d_utils -DCMAKE_INSTALL_PREFIX=/home/nagisa/fishbot_ws/install/nav_2d_utils
[0.505s] -- The C compiler identification is GNU 11.4.0
[0.703s] -- The CXX compiler identification is GNU 11.4.0
[0.734s] -- Detecting C compiler ABI info
[0.977s] -- Detecting C compiler ABI info - done
[0.995s] -- Check for working C compiler: /usr/bin/cc - skipped
[0.995s] -- Detecting C compile features
[0.996s] -- Detecting C compile features - done
[1.004s] -- Detecting CXX compiler ABI info
[1.283s] -- Detecting CXX compiler ABI info - done
[1.307s] -- Check for working CXX compiler: /usr/bin/c++ - skipped
[1.307s] -- Detecting CXX compile features
[1.309s] -- Detecting CXX compile features - done
[1.318s] -- Found ament_cmake: 1.3.10 (/opt/ros/humble/share/ament_cmake/cmake)
[1.804s] -- Found Python3: /usr/bin/python3 (found version "3.10.12") found components: Interpreter 
[2.126s] -- Found nav2_common: 1.1.16 (/home/nagisa/fishbot_ws/install/nav2_common/share/nav2_common/cmake)
[2.130s] -- Found geometry_msgs: 4.2.4 (/opt/ros/humble/share/geometry_msgs/cmake)
[2.338s] -- Found rosidl_generator_c: 3.1.5 (/opt/ros/humble/share/rosidl_generator_c/cmake)
[2.362s] -- Found rosidl_adapter: 3.1.5 (/opt/ros/humble/share/rosidl_adapter/cmake)
[2.412s] -- Found rosidl_generator_cpp: 3.1.5 (/opt/ros/humble/share/rosidl_generator_cpp/cmake)
[2.502s] -- Using all available rosidl_typesupport_c: rosidl_typesupport_fastrtps_c;rosidl_typesupport_introspection_c
[2.598s] -- Using all available rosidl_typesupport_cpp: rosidl_typesupport_fastrtps_cpp;rosidl_typesupport_introspection_cpp
[2.776s] -- Found nav_2d_msgs: 1.1.16 (/home/nagisa/fishbot_ws/install/nav_2d_msgs/share/nav_2d_msgs/cmake)
[2.856s] -- Found nav_msgs: 4.2.4 (/opt/ros/humble/share/nav_msgs/cmake)
[2.938s] -- Found rclcpp: 16.0.10 (/opt/ros/humble/share/rclcpp/cmake)
[3.042s] -- Found rmw_implementation_cmake: 6.1.2 (/opt/ros/humble/share/rmw_implementation_cmake/cmake)
[3.050s] -- Found rmw_fastrtps_cpp: 6.2.7 (/opt/ros/humble/share/rmw_fastrtps_cpp/cmake)
[3.370s] -- Found OpenSSL: /usr/lib/x86_64-linux-gnu/libcrypto.so (found version "3.0.2")  
[3.468s] -- Found FastRTPS: /opt/ros/humble/include  
[3.583s] -- Using RMW implementation 'rmw_fastrtps_cpp' as default
[3.608s] -- Looking for pthread.h
[3.866s] -- Looking for pthread.h - found
[3.866s] -- Performing Test CMAKE_HAVE_LIBC_PTHREAD
[4.134s] -- Performing Test CMAKE_HAVE_LIBC_PTHREAD - Success
[4.149s] -- Found Threads: TRUE  
[4.287s] -- Found tf2: 0.25.8 (/opt/ros/humble/share/tf2/cmake)
[4.326s] -- Found tf2_geometry_msgs: 0.25.8 (/opt/ros/humble/share/tf2_geometry_msgs/cmake)
[4.379s] -- Found eigen3_cmake_module: 0.1.1 (/opt/ros/humble/share/eigen3_cmake_module/cmake)
[4.389s] -- Found Eigen3: TRUE (found version "3.4.0") 
[4.389s] -- Ensuring Eigen3 include directory is part of orocos-kdl CMake target
[4.689s] -- Found nav2_msgs: 1.1.16 (/home/nagisa/fishbot_ws/install/nav2_msgs/share/nav2_msgs/cmake)
[4.749s] -- Found nav2_util: 1.1.16 (/home/nagisa/fishbot_ws/install/nav2_util/share/nav2_util/cmake)
[4.896s] -- Setting build type to Release as none was specified.
[5.076s] -- Found ament_lint_auto: 0.12.11 (/opt/ros/humble/share/ament_lint_auto/cmake)
[5.348s] -- Found gtest sources under '/opt/ros/humble/src/gtest_vendor': C++ tests using 'Google Test' will be built
[5.396s] -- Added test 'cppcheck' to perform static code analysis on C / C++ code
[5.396s] -- Configured cppcheck include dirs: /home/nagisa/fishbot_ws/src/navigation2/nav2_dwb_controller/nav_2d_utils/include
[5.396s] -- Configured cppcheck exclude dirs and/or files: 
[5.398s] -- Added test 'cpplint' to check C / C++ code against the Google style
[5.398s] -- Configured cpplint exclude dirs and/or files: 
[5.403s] -- Added test 'lint_cmake' to check CMake code style
[5.410s] -- Added test 'uncrustify' to check C / C++ code style
[5.411s] -- Configured uncrustify additional arguments: 
[5.411s] -- Added test 'xmllint' to check XML markup files
[5.431s] -- Configuring done
[5.883s] -- Generating done
[5.905s] -- Build files have been written to: /home/nagisa/fishbot_ws/build/nav_2d_utils
[5.959s] Invoked command in '/home/nagisa/fishbot_ws/build/nav_2d_utils' returned '0': AMENT_PREFIX_PATH=/home/nagisa/fishbot_ws/install/nav2_util:/home/nagisa/fishbot_ws/install/nav2_msgs:/home/nagisa/fishbot_ws/install/nav_2d_msgs:/home/nagisa/fishbot_ws/install/nav2_common:${AMENT_PREFIX_PATH} CMAKE_PREFIX_PATH=/home/nagisa/fishbot_ws/install/nav2_util:/home/nagisa/fishbot_ws/install/nav2_msgs:/home/nagisa/fishbot_ws/install/nav_2d_msgs:/home/nagisa/fishbot_ws/install/nav2_common:/opt/ros/humble LD_LIBRARY_PATH=/home/nagisa/fishbot_ws/install/nav2_util/lib:/home/nagisa/fishbot_ws/install/nav2_msgs/lib:/home/nagisa/fishbot_ws/install/nav_2d_msgs/lib:${LD_LIBRARY_PATH} PYTHONPATH=/home/nagisa/fishbot_ws/install/nav2_msgs/local/lib/python3.10/dist-packages:/home/nagisa/fishbot_ws/install/nav_2d_msgs/local/lib/python3.10/dist-packages:/home/nagisa/fishbot_ws/install/nav2_common/local/lib/python3.10/dist-packages:${PYTHONPATH} /usr/bin/cmake /home/nagisa/fishbot_ws/src/navigation2/nav2_dwb_controller/nav_2d_utils -DCMAKE_INSTALL_PREFIX=/home/nagisa/fishbot_ws/install/nav_2d_utils
[5.970s] Invoking command in '/home/nagisa/fishbot_ws/build/nav_2d_utils': AMENT_PREFIX_PATH=/home/nagisa/fishbot_ws/install/nav2_util:/home/nagisa/fishbot_ws/install/nav2_msgs:/home/nagisa/fishbot_ws/install/nav_2d_msgs:/home/nagisa/fishbot_ws/install/nav2_common:${AMENT_PREFIX_PATH} CMAKE_PREFIX_PATH=/home/nagisa/fishbot_ws/install/nav2_util:/home/nagisa/fishbot_ws/install/nav2_msgs:/home/nagisa/fishbot_ws/install/nav_2d_msgs:/home/nagisa/fishbot_ws/install/nav2_common:/opt/ros/humble LD_LIBRARY_PATH=/home/nagisa/fishbot_ws/install/nav2_util/lib:/home/nagisa/fishbot_ws/install/nav2_msgs/lib:/home/nagisa/fishbot_ws/install/nav_2d_msgs/lib:${LD_LIBRARY_PATH} PYTHONPATH=/home/nagisa/fishbot_ws/install/nav2_msgs/local/lib/python3.10/dist-packages:/home/nagisa/fishbot_ws/install/nav_2d_msgs/local/lib/python3.10/dist-packages:/home/nagisa/fishbot_ws/install/nav2_common/local/lib/python3.10/dist-packages:${PYTHONPATH} /usr/bin/cmake --build /home/nagisa/fishbot_ws/build/nav_2d_utils -- -j12 -l12
[6.177s] [  6%] [32mBuilding CXX object CMakeFiles/conversions.dir/src/conversions.cpp.o[0m
[6.179s] [ 12%] [32mBuilding CXX object gtest/CMakeFiles/gtest_main.dir/src/gtest_main.cc.o[0m
[6.188s] [ 18%] [32mBuilding CXX object CMakeFiles/path_ops.dir/src/path_ops.cpp.o[0m
[6.215s] [ 25%] [32mBuilding CXX object gtest/CMakeFiles/gtest.dir/src/gtest-all.cc.o[0m
[13.598s] [ 31%] [32m[1mLinking CXX shared library libpath_ops.so[0m
[14.648s] [ 37%] [32m[1mLinking CXX static library libgtest_main.a[0m
[15.284s] [ 37%] Built target gtest_main
[28.089s] [ 37%] Built target path_ops
[34.459s] [ 43%] [32m[1mLinking CXX shared library libconversions.so[0m
[36.016s] [ 43%] Built target conversions
[36.245s] [ 50%] [32mBuilding CXX object CMakeFiles/tf_help.dir/src/tf_help.cpp.o[0m
