[0.014s] Invoking command in '/home/nagisa/fishbot_ws/build/dwb_msgs': AMENT_PREFIX_PATH=/home/nagisa/fishbot_ws/install/nav_2d_msgs:${AMENT_PREFIX_PATH} CMAKE_PREFIX_PATH=/home/nagisa/fishbot_ws/install/nav_2d_msgs:/opt/ros/humble LD_LIBRARY_PATH=/home/nagisa/fishbot_ws/install/nav_2d_msgs/lib:${LD_LIBRARY_PATH} PYTHONPATH=/home/nagisa/fishbot_ws/install/nav_2d_msgs/local/lib/python3.10/dist-packages:${PYTHONPATH} /usr/bin/cmake --build /home/nagisa/fishbot_ws/build/dwb_msgs -- -j12 -l12
[0.095s] [  1%] Built target dwb_msgs__cpp
[0.103s] [ 12%] Built target dwb_msgs__rosidl_generator_c
[0.132s] [ 12%] Built target ament_cmake_python_copy_dwb_msgs
[0.137s] [ 24%] Built target dwb_msgs__rosidl_typesupport_cpp
[0.143s] [ 35%] Built target dwb_msgs__rosidl_typesupport_introspection_cpp
[0.146s] [ 58%] Built target dwb_msgs__rosidl_typesupport_c
[0.146s] [ 58%] Built target dwb_msgs__rosidl_typesupport_fastrtps_cpp
[0.148s] [ 70%] Built target dwb_msgs__rosidl_typesupport_fastrtps_c
[0.152s] [ 82%] Built target dwb_msgs__rosidl_typesupport_introspection_c
[0.181s] [ 82%] Built target dwb_msgs
[0.209s] [ 83%] Built target dwb_msgs__py
[0.247s] [ 93%] Built target dwb_msgs__rosidl_generator_py
[0.278s] [ 95%] Built target dwb_msgs__rosidl_typesupport_c__pyext
[0.278s] [ 97%] Built target dwb_msgs__rosidl_typesupport_fastrtps_c__pyext
[0.279s] [100%] Built target dwb_msgs__rosidl_typesupport_introspection_c__pyext
[0.356s] running egg_info
[0.357s] writing dwb_msgs.egg-info/PKG-INFO
[0.357s] writing dependency_links to dwb_msgs.egg-info/dependency_links.txt
[0.358s] writing top-level names to dwb_msgs.egg-info/top_level.txt
[0.360s] reading manifest file 'dwb_msgs.egg-info/SOURCES.txt'
[0.361s] writing manifest file 'dwb_msgs.egg-info/SOURCES.txt'
[0.386s] [100%] Built target ament_cmake_python_build_dwb_msgs_egg
[0.400s] Invoked command in '/home/nagisa/fishbot_ws/build/dwb_msgs' returned '0': AMENT_PREFIX_PATH=/home/nagisa/fishbot_ws/install/nav_2d_msgs:${AMENT_PREFIX_PATH} CMAKE_PREFIX_PATH=/home/nagisa/fishbot_ws/install/nav_2d_msgs:/opt/ros/humble LD_LIBRARY_PATH=/home/nagisa/fishbot_ws/install/nav_2d_msgs/lib:${LD_LIBRARY_PATH} PYTHONPATH=/home/nagisa/fishbot_ws/install/nav_2d_msgs/local/lib/python3.10/dist-packages:${PYTHONPATH} /usr/bin/cmake --build /home/nagisa/fishbot_ws/build/dwb_msgs -- -j12 -l12
[0.909s] Invoking command in '/home/nagisa/fishbot_ws/build/dwb_msgs': AMENT_PREFIX_PATH=/home/nagisa/fishbot_ws/install/nav_2d_msgs:${AMENT_PREFIX_PATH} CMAKE_PREFIX_PATH=/home/nagisa/fishbot_ws/install/nav_2d_msgs:/opt/ros/humble LD_LIBRARY_PATH=/home/nagisa/fishbot_ws/install/nav_2d_msgs/lib:${LD_LIBRARY_PATH} PYTHONPATH=/home/nagisa/fishbot_ws/install/nav_2d_msgs/local/lib/python3.10/dist-packages:${PYTHONPATH} /usr/bin/cmake --install /home/nagisa/fishbot_ws/build/dwb_msgs
[0.920s] -- Install configuration: ""
[0.925s] -- Up-to-date: /home/nagisa/fishbot_ws/install/dwb_msgs/share/ament_index/resource_index/rosidl_interfaces/dwb_msgs
[0.925s] -- Up-to-date: /home/nagisa/fishbot_ws/install/dwb_msgs/include/dwb_msgs/dwb_msgs
[0.926s] -- Up-to-date: /home/nagisa/fishbot_ws/install/dwb_msgs/include/dwb_msgs/dwb_msgs/srv
[0.926s] -- Up-to-date: /home/nagisa/fishbot_ws/install/dwb_msgs/include/dwb_msgs/dwb_msgs/srv/debug_local_plan.h
[0.926s] -- Up-to-date: /home/nagisa/fishbot_ws/install/dwb_msgs/include/dwb_msgs/dwb_msgs/srv/generate_trajectory.h
[0.926s] -- Up-to-date: /home/nagisa/fishbot_ws/install/dwb_msgs/include/dwb_msgs/dwb_msgs/srv/detail
[0.927s] -- Up-to-date: /home/nagisa/fishbot_ws/install/dwb_msgs/include/dwb_msgs/dwb_msgs/srv/detail/get_critic_score__functions.c
[0.927s] -- Up-to-date: /home/nagisa/fishbot_ws/install/dwb_msgs/include/dwb_msgs/dwb_msgs/srv/detail/debug_local_plan__struct.h
[0.927s] -- Up-to-date: /home/nagisa/fishbot_ws/install/dwb_msgs/include/dwb_msgs/dwb_msgs/srv/detail/debug_local_plan__functions.c
[0.927s] -- Up-to-date: /home/nagisa/fishbot_ws/install/dwb_msgs/include/dwb_msgs/dwb_msgs/srv/detail/generate_twists__functions.c
[0.927s] -- Up-to-date: /home/nagisa/fishbot_ws/install/dwb_msgs/include/dwb_msgs/dwb_msgs/srv/detail/generate_trajectory__functions.c
[0.927s] -- Up-to-date: /home/nagisa/fishbot_ws/install/dwb_msgs/include/dwb_msgs/dwb_msgs/srv/detail/generate_trajectory__functions.h
[0.928s] -- Up-to-date: /home/nagisa/fishbot_ws/install/dwb_msgs/include/dwb_msgs/dwb_msgs/srv/detail/generate_twists__functions.h
[0.928s] -- Up-to-date: /home/nagisa/fishbot_ws/install/dwb_msgs/include/dwb_msgs/dwb_msgs/srv/detail/debug_local_plan__functions.h
[0.928s] -- Up-to-date: /home/nagisa/fishbot_ws/install/dwb_msgs/include/dwb_msgs/dwb_msgs/srv/detail/generate_trajectory__struct.h
[0.928s] -- Up-to-date: /home/nagisa/fishbot_ws/install/dwb_msgs/include/dwb_msgs/dwb_msgs/srv/detail/get_critic_score__type_support.h
[0.928s] -- Up-to-date: /home/nagisa/fishbot_ws/install/dwb_msgs/include/dwb_msgs/dwb_msgs/srv/detail/generate_twists__struct.h
[0.928s] -- Up-to-date: /home/nagisa/fishbot_ws/install/dwb_msgs/include/dwb_msgs/dwb_msgs/srv/detail/generate_twists__type_support.h
[0.928s] -- Up-to-date: /home/nagisa/fishbot_ws/install/dwb_msgs/include/dwb_msgs/dwb_msgs/srv/detail/score_trajectory__functions.h
[0.928s] -- Up-to-date: /home/nagisa/fishbot_ws/install/dwb_msgs/include/dwb_msgs/dwb_msgs/srv/detail/score_trajectory__functions.c
[0.928s] -- Up-to-date: /home/nagisa/fishbot_ws/install/dwb_msgs/include/dwb_msgs/dwb_msgs/srv/detail/get_critic_score__functions.h
[0.928s] -- Up-to-date: /home/nagisa/fishbot_ws/install/dwb_msgs/include/dwb_msgs/dwb_msgs/srv/detail/get_critic_score__struct.h
[0.928s] -- Up-to-date: /home/nagisa/fishbot_ws/install/dwb_msgs/include/dwb_msgs/dwb_msgs/srv/detail/score_trajectory__type_support.h
[0.928s] -- Up-to-date: /home/nagisa/fishbot_ws/install/dwb_msgs/include/dwb_msgs/dwb_msgs/srv/detail/score_trajectory__struct.h
[0.928s] -- Up-to-date: /home/nagisa/fishbot_ws/install/dwb_msgs/include/dwb_msgs/dwb_msgs/srv/detail/generate_trajectory__type_support.h
[0.928s] -- Up-to-date: /home/nagisa/fishbot_ws/install/dwb_msgs/include/dwb_msgs/dwb_msgs/srv/detail/debug_local_plan__type_support.h
[0.928s] -- Up-to-date: /home/nagisa/fishbot_ws/install/dwb_msgs/include/dwb_msgs/dwb_msgs/srv/get_critic_score.h
[0.928s] -- Up-to-date: /home/nagisa/fishbot_ws/install/dwb_msgs/include/dwb_msgs/dwb_msgs/srv/score_trajectory.h
[0.928s] -- Up-to-date: /home/nagisa/fishbot_ws/install/dwb_msgs/include/dwb_msgs/dwb_msgs/srv/generate_twists.h
[0.928s] -- Up-to-date: /home/nagisa/fishbot_ws/install/dwb_msgs/include/dwb_msgs/dwb_msgs/msg
[0.929s] -- Up-to-date: /home/nagisa/fishbot_ws/install/dwb_msgs/include/dwb_msgs/dwb_msgs/msg/rosidl_generator_c__visibility_control.h
[0.929s] -- Up-to-date: /home/nagisa/fishbot_ws/install/dwb_msgs/include/dwb_msgs/dwb_msgs/msg/trajectory_score.h
[0.929s] -- Up-to-date: /home/nagisa/fishbot_ws/install/dwb_msgs/include/dwb_msgs/dwb_msgs/msg/detail
[0.930s] -- Up-to-date: /home/nagisa/fishbot_ws/install/dwb_msgs/include/dwb_msgs/dwb_msgs/msg/detail/trajectory2_d__type_support.h
[0.930s] -- Up-to-date: /home/nagisa/fishbot_ws/install/dwb_msgs/include/dwb_msgs/dwb_msgs/msg/detail/trajectory_score__functions.h
[0.930s] -- Up-to-date: /home/nagisa/fishbot_ws/install/dwb_msgs/include/dwb_msgs/dwb_msgs/msg/detail/trajectory2_d__struct.h
[0.930s] -- Up-to-date: /home/nagisa/fishbot_ws/install/dwb_msgs/include/dwb_msgs/dwb_msgs/msg/detail/critic_score__functions.c
[0.930s] -- Up-to-date: /home/nagisa/fishbot_ws/install/dwb_msgs/include/dwb_msgs/dwb_msgs/msg/detail/critic_score__type_support.h
[0.930s] -- Up-to-date: /home/nagisa/fishbot_ws/install/dwb_msgs/include/dwb_msgs/dwb_msgs/msg/detail/trajectory2_d__functions.c
[0.930s] -- Up-to-date: /home/nagisa/fishbot_ws/install/dwb_msgs/include/dwb_msgs/dwb_msgs/msg/detail/trajectory_score__type_support.h
[0.930s] -- Up-to-date: /home/nagisa/fishbot_ws/install/dwb_msgs/include/dwb_msgs/dwb_msgs/msg/detail/local_plan_evaluation__type_support.h
[0.930s] -- Up-to-date: /home/nagisa/fishbot_ws/install/dwb_msgs/include/dwb_msgs/dwb_msgs/msg/detail/local_plan_evaluation__functions.h
[0.931s] -- Up-to-date: /home/nagisa/fishbot_ws/install/dwb_msgs/include/dwb_msgs/dwb_msgs/msg/detail/local_plan_evaluation__struct.h
[0.931s] -- Up-to-date: /home/nagisa/fishbot_ws/install/dwb_msgs/include/dwb_msgs/dwb_msgs/msg/detail/critic_score__functions.h
[0.931s] -- Up-to-date: /home/nagisa/fishbot_ws/install/dwb_msgs/include/dwb_msgs/dwb_msgs/msg/detail/local_plan_evaluation__functions.c
[0.931s] -- Up-to-date: /home/nagisa/fishbot_ws/install/dwb_msgs/include/dwb_msgs/dwb_msgs/msg/detail/critic_score__struct.h
[0.931s] -- Up-to-date: /home/nagisa/fishbot_ws/install/dwb_msgs/include/dwb_msgs/dwb_msgs/msg/detail/trajectory_score__struct.h
[0.931s] -- Up-to-date: /home/nagisa/fishbot_ws/install/dwb_msgs/include/dwb_msgs/dwb_msgs/msg/detail/trajectory_score__functions.c
[0.931s] -- Up-to-date: /home/nagisa/fishbot_ws/install/dwb_msgs/include/dwb_msgs/dwb_msgs/msg/detail/trajectory2_d__functions.h
[0.931s] -- Up-to-date: /home/nagisa/fishbot_ws/install/dwb_msgs/include/dwb_msgs/dwb_msgs/msg/trajectory2_d.h
[0.931s] -- Up-to-date: /home/nagisa/fishbot_ws/install/dwb_msgs/include/dwb_msgs/dwb_msgs/msg/critic_score.h
[0.931s] -- Up-to-date: /home/nagisa/fishbot_ws/install/dwb_msgs/include/dwb_msgs/dwb_msgs/msg/local_plan_evaluation.h
[0.932s] -- Up-to-date: /home/nagisa/fishbot_ws/install/dwb_msgs/share/dwb_msgs/environment/library_path.sh
[0.932s] -- Up-to-date: /home/nagisa/fishbot_ws/install/dwb_msgs/share/dwb_msgs/environment/library_path.dsv
[0.933s] -- Up-to-date: /home/nagisa/fishbot_ws/install/dwb_msgs/lib/libdwb_msgs__rosidl_generator_c.so
[0.934s] -- Up-to-date: /home/nagisa/fishbot_ws/install/dwb_msgs/include/dwb_msgs/dwb_msgs
[0.934s] -- Up-to-date: /home/nagisa/fishbot_ws/install/dwb_msgs/include/dwb_msgs/dwb_msgs/srv
[0.934s] -- Up-to-date: /home/nagisa/fishbot_ws/install/dwb_msgs/include/dwb_msgs/dwb_msgs/srv/detail
[0.934s] -- Up-to-date: /home/nagisa/fishbot_ws/install/dwb_msgs/include/dwb_msgs/dwb_msgs/srv/detail/generate_trajectory__rosidl_typesupport_fastrtps_c.h
[0.934s] -- Up-to-date: /home/nagisa/fishbot_ws/install/dwb_msgs/include/dwb_msgs/dwb_msgs/srv/detail/score_trajectory__rosidl_typesupport_fastrtps_c.h
[0.935s] -- Up-to-date: /home/nagisa/fishbot_ws/install/dwb_msgs/include/dwb_msgs/dwb_msgs/srv/detail/debug_local_plan__rosidl_typesupport_fastrtps_c.h
[0.935s] -- Up-to-date: /home/nagisa/fishbot_ws/install/dwb_msgs/include/dwb_msgs/dwb_msgs/srv/detail/generate_twists__rosidl_typesupport_fastrtps_c.h
[0.935s] -- Up-to-date: /home/nagisa/fishbot_ws/install/dwb_msgs/include/dwb_msgs/dwb_msgs/srv/detail/get_critic_score__rosidl_typesupport_fastrtps_c.h
[0.935s] -- Up-to-date: /home/nagisa/fishbot_ws/install/dwb_msgs/include/dwb_msgs/dwb_msgs/msg
[0.935s] -- Up-to-date: /home/nagisa/fishbot_ws/install/dwb_msgs/include/dwb_msgs/dwb_msgs/msg/rosidl_typesupport_fastrtps_c__visibility_control.h
[0.935s] -- Up-to-date: /home/nagisa/fishbot_ws/install/dwb_msgs/include/dwb_msgs/dwb_msgs/msg/detail
[0.935s] -- Up-to-date: /home/nagisa/fishbot_ws/install/dwb_msgs/include/dwb_msgs/dwb_msgs/msg/detail/critic_score__rosidl_typesupport_fastrtps_c.h
[0.935s] -- Up-to-date: /home/nagisa/fishbot_ws/install/dwb_msgs/include/dwb_msgs/dwb_msgs/msg/detail/trajectory_score__rosidl_typesupport_fastrtps_c.h
[0.935s] -- Up-to-date: /home/nagisa/fishbot_ws/install/dwb_msgs/include/dwb_msgs/dwb_msgs/msg/detail/trajectory2_d__rosidl_typesupport_fastrtps_c.h
[0.935s] -- Up-to-date: /home/nagisa/fishbot_ws/install/dwb_msgs/include/dwb_msgs/dwb_msgs/msg/detail/local_plan_evaluation__rosidl_typesupport_fastrtps_c.h
[0.936s] -- Up-to-date: /home/nagisa/fishbot_ws/install/dwb_msgs/lib/libdwb_msgs__rosidl_typesupport_fastrtps_c.so
[0.937s] -- Up-to-date: /home/nagisa/fishbot_ws/install/dwb_msgs/include/dwb_msgs/dwb_msgs
[0.937s] -- Up-to-date: /home/nagisa/fishbot_ws/install/dwb_msgs/include/dwb_msgs/dwb_msgs/srv
[0.937s] -- Up-to-date: /home/nagisa/fishbot_ws/install/dwb_msgs/include/dwb_msgs/dwb_msgs/srv/debug_local_plan.hpp
[0.937s] -- Up-to-date: /home/nagisa/fishbot_ws/install/dwb_msgs/include/dwb_msgs/dwb_msgs/srv/generate_twists.hpp
[0.937s] -- Up-to-date: /home/nagisa/fishbot_ws/install/dwb_msgs/include/dwb_msgs/dwb_msgs/srv/detail
[0.937s] -- Up-to-date: /home/nagisa/fishbot_ws/install/dwb_msgs/include/dwb_msgs/dwb_msgs/srv/detail/debug_local_plan__builder.hpp
[0.937s] -- Up-to-date: /home/nagisa/fishbot_ws/install/dwb_msgs/include/dwb_msgs/dwb_msgs/srv/detail/get_critic_score__builder.hpp
[0.937s] -- Up-to-date: /home/nagisa/fishbot_ws/install/dwb_msgs/include/dwb_msgs/dwb_msgs/srv/detail/debug_local_plan__struct.hpp
[0.938s] -- Up-to-date: /home/nagisa/fishbot_ws/install/dwb_msgs/include/dwb_msgs/dwb_msgs/srv/detail/generate_twists__struct.hpp
[0.938s] -- Up-to-date: /home/nagisa/fishbot_ws/install/dwb_msgs/include/dwb_msgs/dwb_msgs/srv/detail/get_critic_score__traits.hpp
[0.938s] -- Up-to-date: /home/nagisa/fishbot_ws/install/dwb_msgs/include/dwb_msgs/dwb_msgs/srv/detail/generate_trajectory__traits.hpp
[0.938s] -- Up-to-date: /home/nagisa/fishbot_ws/install/dwb_msgs/include/dwb_msgs/dwb_msgs/srv/detail/score_trajectory__builder.hpp
[0.938s] -- Up-to-date: /home/nagisa/fishbot_ws/install/dwb_msgs/include/dwb_msgs/dwb_msgs/srv/detail/get_critic_score__struct.hpp
[0.938s] -- Up-to-date: /home/nagisa/fishbot_ws/install/dwb_msgs/include/dwb_msgs/dwb_msgs/srv/detail/generate_trajectory__builder.hpp
[0.939s] -- Up-to-date: /home/nagisa/fishbot_ws/install/dwb_msgs/include/dwb_msgs/dwb_msgs/srv/detail/score_trajectory__struct.hpp
[0.939s] -- Up-to-date: /home/nagisa/fishbot_ws/install/dwb_msgs/include/dwb_msgs/dwb_msgs/srv/detail/debug_local_plan__traits.hpp
[0.939s] -- Up-to-date: /home/nagisa/fishbot_ws/install/dwb_msgs/include/dwb_msgs/dwb_msgs/srv/detail/generate_twists__builder.hpp
[0.939s] -- Up-to-date: /home/nagisa/fishbot_ws/install/dwb_msgs/include/dwb_msgs/dwb_msgs/srv/detail/generate_trajectory__struct.hpp
[0.939s] -- Up-to-date: /home/nagisa/fishbot_ws/install/dwb_msgs/include/dwb_msgs/dwb_msgs/srv/detail/generate_twists__traits.hpp
[0.939s] -- Up-to-date: /home/nagisa/fishbot_ws/install/dwb_msgs/include/dwb_msgs/dwb_msgs/srv/detail/score_trajectory__traits.hpp
[0.939s] -- Up-to-date: /home/nagisa/fishbot_ws/install/dwb_msgs/include/dwb_msgs/dwb_msgs/srv/get_critic_score.hpp
[0.940s] -- Up-to-date: /home/nagisa/fishbot_ws/install/dwb_msgs/include/dwb_msgs/dwb_msgs/srv/generate_trajectory.hpp
[0.940s] -- Up-to-date: /home/nagisa/fishbot_ws/install/dwb_msgs/include/dwb_msgs/dwb_msgs/srv/score_trajectory.hpp
[0.940s] -- Up-to-date: /home/nagisa/fishbot_ws/install/dwb_msgs/include/dwb_msgs/dwb_msgs/msg
[0.940s] -- Up-to-date: /home/nagisa/fishbot_ws/install/dwb_msgs/include/dwb_msgs/dwb_msgs/msg/local_plan_evaluation.hpp
[0.940s] -- Up-to-date: /home/nagisa/fishbot_ws/install/dwb_msgs/include/dwb_msgs/dwb_msgs/msg/critic_score.hpp
[0.940s] -- Up-to-date: /home/nagisa/fishbot_ws/install/dwb_msgs/include/dwb_msgs/dwb_msgs/msg/detail
[0.940s] -- Up-to-date: /home/nagisa/fishbot_ws/install/dwb_msgs/include/dwb_msgs/dwb_msgs/msg/detail/trajectory_score__builder.hpp
[0.940s] -- Up-to-date: /home/nagisa/fishbot_ws/install/dwb_msgs/include/dwb_msgs/dwb_msgs/msg/detail/critic_score__struct.hpp
[0.940s] -- Up-to-date: /home/nagisa/fishbot_ws/install/dwb_msgs/include/dwb_msgs/dwb_msgs/msg/detail/local_plan_evaluation__builder.hpp
[0.940s] -- Up-to-date: /home/nagisa/fishbot_ws/install/dwb_msgs/include/dwb_msgs/dwb_msgs/msg/detail/critic_score__builder.hpp
[0.940s] -- Up-to-date: /home/nagisa/fishbot_ws/install/dwb_msgs/include/dwb_msgs/dwb_msgs/msg/detail/local_plan_evaluation__traits.hpp
[0.940s] -- Up-to-date: /home/nagisa/fishbot_ws/install/dwb_msgs/include/dwb_msgs/dwb_msgs/msg/detail/local_plan_evaluation__struct.hpp
[0.940s] -- Up-to-date: /home/nagisa/fishbot_ws/install/dwb_msgs/include/dwb_msgs/dwb_msgs/msg/detail/critic_score__traits.hpp
[0.940s] -- Up-to-date: /home/nagisa/fishbot_ws/install/dwb_msgs/include/dwb_msgs/dwb_msgs/msg/detail/trajectory_score__traits.hpp
[0.941s] -- Up-to-date: /home/nagisa/fishbot_ws/install/dwb_msgs/include/dwb_msgs/dwb_msgs/msg/detail/trajectory_score__struct.hpp
[0.941s] -- Up-to-date: /home/nagisa/fishbot_ws/install/dwb_msgs/include/dwb_msgs/dwb_msgs/msg/detail/trajectory2_d__traits.hpp
[0.941s] -- Up-to-date: /home/nagisa/fishbot_ws/install/dwb_msgs/include/dwb_msgs/dwb_msgs/msg/detail/trajectory2_d__struct.hpp
[0.941s] -- Up-to-date: /home/nagisa/fishbot_ws/install/dwb_msgs/include/dwb_msgs/dwb_msgs/msg/detail/trajectory2_d__builder.hpp
[0.941s] -- Up-to-date: /home/nagisa/fishbot_ws/install/dwb_msgs/include/dwb_msgs/dwb_msgs/msg/trajectory_score.hpp
[0.941s] -- Up-to-date: /home/nagisa/fishbot_ws/install/dwb_msgs/include/dwb_msgs/dwb_msgs/msg/trajectory2_d.hpp
[0.941s] -- Up-to-date: /home/nagisa/fishbot_ws/install/dwb_msgs/include/dwb_msgs/dwb_msgs
[0.942s] -- Up-to-date: /home/nagisa/fishbot_ws/install/dwb_msgs/include/dwb_msgs/dwb_msgs/srv
[0.942s] -- Up-to-date: /home/nagisa/fishbot_ws/install/dwb_msgs/include/dwb_msgs/dwb_msgs/srv/detail
[0.942s] -- Up-to-date: /home/nagisa/fishbot_ws/install/dwb_msgs/include/dwb_msgs/dwb_msgs/srv/detail/debug_local_plan__rosidl_typesupport_fastrtps_cpp.hpp
[0.942s] -- Up-to-date: /home/nagisa/fishbot_ws/install/dwb_msgs/include/dwb_msgs/dwb_msgs/srv/detail/generate_twists__rosidl_typesupport_fastrtps_cpp.hpp
[0.942s] -- Up-to-date: /home/nagisa/fishbot_ws/install/dwb_msgs/include/dwb_msgs/dwb_msgs/srv/detail/get_critic_score__rosidl_typesupport_fastrtps_cpp.hpp
[0.942s] -- Up-to-date: /home/nagisa/fishbot_ws/install/dwb_msgs/include/dwb_msgs/dwb_msgs/srv/detail/score_trajectory__rosidl_typesupport_fastrtps_cpp.hpp
[0.942s] -- Up-to-date: /home/nagisa/fishbot_ws/install/dwb_msgs/include/dwb_msgs/dwb_msgs/srv/detail/dds_fastrtps
[0.942s] -- Up-to-date: /home/nagisa/fishbot_ws/install/dwb_msgs/include/dwb_msgs/dwb_msgs/srv/detail/generate_trajectory__rosidl_typesupport_fastrtps_cpp.hpp
[0.942s] -- Up-to-date: /home/nagisa/fishbot_ws/install/dwb_msgs/include/dwb_msgs/dwb_msgs/msg
[0.942s] -- Up-to-date: /home/nagisa/fishbot_ws/install/dwb_msgs/include/dwb_msgs/dwb_msgs/msg/rosidl_typesupport_fastrtps_cpp__visibility_control.h
[0.942s] -- Up-to-date: /home/nagisa/fishbot_ws/install/dwb_msgs/include/dwb_msgs/dwb_msgs/msg/detail
[0.942s] -- Up-to-date: /home/nagisa/fishbot_ws/install/dwb_msgs/include/dwb_msgs/dwb_msgs/msg/detail/critic_score__rosidl_typesupport_fastrtps_cpp.hpp
[0.942s] -- Up-to-date: /home/nagisa/fishbot_ws/install/dwb_msgs/include/dwb_msgs/dwb_msgs/msg/detail/trajectory_score__rosidl_typesupport_fastrtps_cpp.hpp
[0.942s] -- Up-to-date: /home/nagisa/fishbot_ws/install/dwb_msgs/include/dwb_msgs/dwb_msgs/msg/detail/trajectory2_d__rosidl_typesupport_fastrtps_cpp.hpp
[0.942s] -- Up-to-date: /home/nagisa/fishbot_ws/install/dwb_msgs/include/dwb_msgs/dwb_msgs/msg/detail/local_plan_evaluation__rosidl_typesupport_fastrtps_cpp.hpp
[0.942s] -- Up-to-date: /home/nagisa/fishbot_ws/install/dwb_msgs/include/dwb_msgs/dwb_msgs/msg/detail/dds_fastrtps
[0.942s] -- Up-to-date: /home/nagisa/fishbot_ws/install/dwb_msgs/lib/libdwb_msgs__rosidl_typesupport_fastrtps_cpp.so
[0.942s] -- Up-to-date: /home/nagisa/fishbot_ws/install/dwb_msgs/include/dwb_msgs/dwb_msgs
[0.942s] -- Up-to-date: /home/nagisa/fishbot_ws/install/dwb_msgs/include/dwb_msgs/dwb_msgs/srv
[0.942s] -- Up-to-date: /home/nagisa/fishbot_ws/install/dwb_msgs/include/dwb_msgs/dwb_msgs/srv/detail
[0.942s] -- Up-to-date: /home/nagisa/fishbot_ws/install/dwb_msgs/include/dwb_msgs/dwb_msgs/srv/detail/score_trajectory__rosidl_typesupport_introspection_c.h
[0.942s] -- Up-to-date: /home/nagisa/fishbot_ws/install/dwb_msgs/include/dwb_msgs/dwb_msgs/srv/detail/generate_trajectory__rosidl_typesupport_introspection_c.h
[0.943s] -- Up-to-date: /home/nagisa/fishbot_ws/install/dwb_msgs/include/dwb_msgs/dwb_msgs/srv/detail/debug_local_plan__rosidl_typesupport_introspection_c.h
[0.943s] -- Up-to-date: /home/nagisa/fishbot_ws/install/dwb_msgs/include/dwb_msgs/dwb_msgs/srv/detail/generate_twists__type_support.c
[0.943s] -- Up-to-date: /home/nagisa/fishbot_ws/install/dwb_msgs/include/dwb_msgs/dwb_msgs/srv/detail/generate_twists__rosidl_typesupport_introspection_c.h
[0.943s] -- Up-to-date: /home/nagisa/fishbot_ws/install/dwb_msgs/include/dwb_msgs/dwb_msgs/srv/detail/generate_trajectory__type_support.c
[0.943s] -- Up-to-date: /home/nagisa/fishbot_ws/install/dwb_msgs/include/dwb_msgs/dwb_msgs/srv/detail/score_trajectory__type_support.c
[0.943s] -- Up-to-date: /home/nagisa/fishbot_ws/install/dwb_msgs/include/dwb_msgs/dwb_msgs/srv/detail/get_critic_score__type_support.c
[0.943s] -- Up-to-date: /home/nagisa/fishbot_ws/install/dwb_msgs/include/dwb_msgs/dwb_msgs/srv/detail/get_critic_score__rosidl_typesupport_introspection_c.h
[0.943s] -- Up-to-date: /home/nagisa/fishbot_ws/install/dwb_msgs/include/dwb_msgs/dwb_msgs/srv/detail/debug_local_plan__type_support.c
[0.943s] -- Up-to-date: /home/nagisa/fishbot_ws/install/dwb_msgs/include/dwb_msgs/dwb_msgs/msg
[0.943s] -- Up-to-date: /home/nagisa/fishbot_ws/install/dwb_msgs/include/dwb_msgs/dwb_msgs/msg/rosidl_typesupport_introspection_c__visibility_control.h
[0.943s] -- Up-to-date: /home/nagisa/fishbot_ws/install/dwb_msgs/include/dwb_msgs/dwb_msgs/msg/detail
[0.943s] -- Up-to-date: /home/nagisa/fishbot_ws/install/dwb_msgs/include/dwb_msgs/dwb_msgs/msg/detail/critic_score__rosidl_typesupport_introspection_c.h
[0.943s] -- Up-to-date: /home/nagisa/fishbot_ws/install/dwb_msgs/include/dwb_msgs/dwb_msgs/msg/detail/local_plan_evaluation__type_support.c
[0.943s] -- Up-to-date: /home/nagisa/fishbot_ws/install/dwb_msgs/include/dwb_msgs/dwb_msgs/msg/detail/trajectory_score__rosidl_typesupport_introspection_c.h
[0.943s] -- Up-to-date: /home/nagisa/fishbot_ws/install/dwb_msgs/include/dwb_msgs/dwb_msgs/msg/detail/critic_score__type_support.c
[0.943s] -- Up-to-date: /home/nagisa/fishbot_ws/install/dwb_msgs/include/dwb_msgs/dwb_msgs/msg/detail/local_plan_evaluation__rosidl_typesupport_introspection_c.h
[0.943s] -- Up-to-date: /home/nagisa/fishbot_ws/install/dwb_msgs/include/dwb_msgs/dwb_msgs/msg/detail/trajectory2_d__rosidl_typesupport_introspection_c.h
[0.943s] -- Up-to-date: /home/nagisa/fishbot_ws/install/dwb_msgs/include/dwb_msgs/dwb_msgs/msg/detail/trajectory2_d__type_support.c
[0.943s] -- Up-to-date: /home/nagisa/fishbot_ws/install/dwb_msgs/include/dwb_msgs/dwb_msgs/msg/detail/trajectory_score__type_support.c
[0.944s] -- Up-to-date: /home/nagisa/fishbot_ws/install/dwb_msgs/lib/libdwb_msgs__rosidl_typesupport_introspection_c.so
[0.945s] -- Up-to-date: /home/nagisa/fishbot_ws/install/dwb_msgs/lib/libdwb_msgs__rosidl_typesupport_c.so
[0.945s] -- Up-to-date: /home/nagisa/fishbot_ws/install/dwb_msgs/include/dwb_msgs/dwb_msgs
[0.945s] -- Up-to-date: /home/nagisa/fishbot_ws/install/dwb_msgs/include/dwb_msgs/dwb_msgs/srv
[0.945s] -- Up-to-date: /home/nagisa/fishbot_ws/install/dwb_msgs/include/dwb_msgs/dwb_msgs/srv/detail
[0.945s] -- Up-to-date: /home/nagisa/fishbot_ws/install/dwb_msgs/include/dwb_msgs/dwb_msgs/srv/detail/get_critic_score__type_support.cpp
[0.945s] -- Up-to-date: /home/nagisa/fishbot_ws/install/dwb_msgs/include/dwb_msgs/dwb_msgs/srv/detail/generate_twists__type_support.cpp
[0.946s] -- Up-to-date: /home/nagisa/fishbot_ws/install/dwb_msgs/include/dwb_msgs/dwb_msgs/srv/detail/generate_trajectory__type_support.cpp
[0.946s] -- Up-to-date: /home/nagisa/fishbot_ws/install/dwb_msgs/include/dwb_msgs/dwb_msgs/srv/detail/score_trajectory__type_support.cpp
[0.946s] -- Up-to-date: /home/nagisa/fishbot_ws/install/dwb_msgs/include/dwb_msgs/dwb_msgs/srv/detail/generate_trajectory__rosidl_typesupport_introspection_cpp.hpp
[0.946s] -- Up-to-date: /home/nagisa/fishbot_ws/install/dwb_msgs/include/dwb_msgs/dwb_msgs/srv/detail/generate_twists__rosidl_typesupport_introspection_cpp.hpp
[0.946s] -- Up-to-date: /home/nagisa/fishbot_ws/install/dwb_msgs/include/dwb_msgs/dwb_msgs/srv/detail/debug_local_plan__rosidl_typesupport_introspection_cpp.hpp
[0.946s] -- Up-to-date: /home/nagisa/fishbot_ws/install/dwb_msgs/include/dwb_msgs/dwb_msgs/srv/detail/get_critic_score__rosidl_typesupport_introspection_cpp.hpp
[0.946s] -- Up-to-date: /home/nagisa/fishbot_ws/install/dwb_msgs/include/dwb_msgs/dwb_msgs/srv/detail/debug_local_plan__type_support.cpp
[0.946s] -- Up-to-date: /home/nagisa/fishbot_ws/install/dwb_msgs/include/dwb_msgs/dwb_msgs/srv/detail/score_trajectory__rosidl_typesupport_introspection_cpp.hpp
[0.946s] -- Up-to-date: /home/nagisa/fishbot_ws/install/dwb_msgs/include/dwb_msgs/dwb_msgs/msg
[0.946s] -- Up-to-date: /home/nagisa/fishbot_ws/install/dwb_msgs/include/dwb_msgs/dwb_msgs/msg/detail
[0.946s] -- Up-to-date: /home/nagisa/fishbot_ws/install/dwb_msgs/include/dwb_msgs/dwb_msgs/msg/detail/trajectory_score__type_support.cpp
[0.946s] -- Up-to-date: /home/nagisa/fishbot_ws/install/dwb_msgs/include/dwb_msgs/dwb_msgs/msg/detail/critic_score__type_support.cpp
[0.946s] -- Up-to-date: /home/nagisa/fishbot_ws/install/dwb_msgs/include/dwb_msgs/dwb_msgs/msg/detail/local_plan_evaluation__rosidl_typesupport_introspection_cpp.hpp
[0.946s] -- Up-to-date: /home/nagisa/fishbot_ws/install/dwb_msgs/include/dwb_msgs/dwb_msgs/msg/detail/trajectory2_d__type_support.cpp
[0.946s] -- Up-to-date: /home/nagisa/fishbot_ws/install/dwb_msgs/include/dwb_msgs/dwb_msgs/msg/detail/trajectory2_d__rosidl_typesupport_introspection_cpp.hpp
[0.946s] -- Up-to-date: /home/nagisa/fishbot_ws/install/dwb_msgs/include/dwb_msgs/dwb_msgs/msg/detail/trajectory_score__rosidl_typesupport_introspection_cpp.hpp
[0.947s] -- Up-to-date: /home/nagisa/fishbot_ws/install/dwb_msgs/include/dwb_msgs/dwb_msgs/msg/detail/critic_score__rosidl_typesupport_introspection_cpp.hpp
[0.947s] -- Up-to-date: /home/nagisa/fishbot_ws/install/dwb_msgs/include/dwb_msgs/dwb_msgs/msg/detail/local_plan_evaluation__type_support.cpp
[0.947s] -- Up-to-date: /home/nagisa/fishbot_ws/install/dwb_msgs/lib/libdwb_msgs__rosidl_typesupport_introspection_cpp.so
[0.948s] -- Up-to-date: /home/nagisa/fishbot_ws/install/dwb_msgs/lib/libdwb_msgs__rosidl_typesupport_cpp.so
[0.948s] -- Up-to-date: /home/nagisa/fishbot_ws/install/dwb_msgs/share/dwb_msgs/environment/pythonpath.sh
[0.949s] -- Up-to-date: /home/nagisa/fishbot_ws/install/dwb_msgs/share/dwb_msgs/environment/pythonpath.dsv
[0.950s] -- Up-to-date: /home/nagisa/fishbot_ws/install/dwb_msgs/local/lib/python3.10/dist-packages/dwb_msgs-1.1.16-py3.10.egg-info
[0.950s] -- Installing: /home/nagisa/fishbot_ws/install/dwb_msgs/local/lib/python3.10/dist-packages/dwb_msgs-1.1.16-py3.10.egg-info/dependency_links.txt
[0.951s] -- Installing: /home/nagisa/fishbot_ws/install/dwb_msgs/local/lib/python3.10/dist-packages/dwb_msgs-1.1.16-py3.10.egg-info/SOURCES.txt
[0.951s] -- Installing: /home/nagisa/fishbot_ws/install/dwb_msgs/local/lib/python3.10/dist-packages/dwb_msgs-1.1.16-py3.10.egg-info/top_level.txt
[0.951s] -- Installing: /home/nagisa/fishbot_ws/install/dwb_msgs/local/lib/python3.10/dist-packages/dwb_msgs-1.1.16-py3.10.egg-info/PKG-INFO
[0.951s] -- Up-to-date: /home/nagisa/fishbot_ws/install/dwb_msgs/local/lib/python3.10/dist-packages/dwb_msgs
[0.952s] -- Up-to-date: /home/nagisa/fishbot_ws/install/dwb_msgs/local/lib/python3.10/dist-packages/dwb_msgs/srv
[0.952s] -- Up-to-date: /home/nagisa/fishbot_ws/install/dwb_msgs/local/lib/python3.10/dist-packages/dwb_msgs/srv/_generate_trajectory_s.c
[0.952s] -- Up-to-date: /home/nagisa/fishbot_ws/install/dwb_msgs/local/lib/python3.10/dist-packages/dwb_msgs/srv/__init__.py
[0.952s] -- Up-to-date: /home/nagisa/fishbot_ws/install/dwb_msgs/local/lib/python3.10/dist-packages/dwb_msgs/srv/_score_trajectory_s.c
[0.952s] -- Up-to-date: /home/nagisa/fishbot_ws/install/dwb_msgs/local/lib/python3.10/dist-packages/dwb_msgs/srv/_generate_twists_s.c
[0.953s] -- Up-to-date: /home/nagisa/fishbot_ws/install/dwb_msgs/local/lib/python3.10/dist-packages/dwb_msgs/srv/_get_critic_score_s.c
[0.953s] -- Up-to-date: /home/nagisa/fishbot_ws/install/dwb_msgs/local/lib/python3.10/dist-packages/dwb_msgs/srv/_get_critic_score.py
[0.953s] -- Up-to-date: /home/nagisa/fishbot_ws/install/dwb_msgs/local/lib/python3.10/dist-packages/dwb_msgs/srv/_generate_trajectory.py
[0.953s] -- Up-to-date: /home/nagisa/fishbot_ws/install/dwb_msgs/local/lib/python3.10/dist-packages/dwb_msgs/srv/_debug_local_plan.py
[0.953s] -- Up-to-date: /home/nagisa/fishbot_ws/install/dwb_msgs/local/lib/python3.10/dist-packages/dwb_msgs/srv/_debug_local_plan_s.c
[0.953s] -- Up-to-date: /home/nagisa/fishbot_ws/install/dwb_msgs/local/lib/python3.10/dist-packages/dwb_msgs/srv/_score_trajectory.py
[0.953s] -- Up-to-date: /home/nagisa/fishbot_ws/install/dwb_msgs/local/lib/python3.10/dist-packages/dwb_msgs/srv/_generate_twists.py
[0.953s] -- Up-to-date: /home/nagisa/fishbot_ws/install/dwb_msgs/local/lib/python3.10/dist-packages/dwb_msgs/_dwb_msgs_s.ep.rosidl_typesupport_introspection_c.c
[0.954s] -- Up-to-date: /home/nagisa/fishbot_ws/install/dwb_msgs/local/lib/python3.10/dist-packages/dwb_msgs/_dwb_msgs_s.ep.rosidl_typesupport_c.c
[0.954s] -- Up-to-date: /home/nagisa/fishbot_ws/install/dwb_msgs/local/lib/python3.10/dist-packages/dwb_msgs/msg
[0.954s] -- Up-to-date: /home/nagisa/fishbot_ws/install/dwb_msgs/local/lib/python3.10/dist-packages/dwb_msgs/msg/_critic_score.py
[0.954s] -- Up-to-date: /home/nagisa/fishbot_ws/install/dwb_msgs/local/lib/python3.10/dist-packages/dwb_msgs/msg/__init__.py
[0.954s] -- Up-to-date: /home/nagisa/fishbot_ws/install/dwb_msgs/local/lib/python3.10/dist-packages/dwb_msgs/msg/_trajectory_score.py
[0.954s] -- Up-to-date: /home/nagisa/fishbot_ws/install/dwb_msgs/local/lib/python3.10/dist-packages/dwb_msgs/msg/_trajectory2_d.py
[0.954s] -- Up-to-date: /home/nagisa/fishbot_ws/install/dwb_msgs/local/lib/python3.10/dist-packages/dwb_msgs/msg/_local_plan_evaluation.py
[0.954s] -- Up-to-date: /home/nagisa/fishbot_ws/install/dwb_msgs/local/lib/python3.10/dist-packages/dwb_msgs/msg/_trajectory2_d_s.c
[0.954s] -- Up-to-date: /home/nagisa/fishbot_ws/install/dwb_msgs/local/lib/python3.10/dist-packages/dwb_msgs/msg/_trajectory_score_s.c
[0.954s] -- Up-to-date: /home/nagisa/fishbot_ws/install/dwb_msgs/local/lib/python3.10/dist-packages/dwb_msgs/msg/_local_plan_evaluation_s.c
[0.954s] -- Up-to-date: /home/nagisa/fishbot_ws/install/dwb_msgs/local/lib/python3.10/dist-packages/dwb_msgs/msg/_critic_score_s.c
[0.954s] -- Up-to-date: /home/nagisa/fishbot_ws/install/dwb_msgs/local/lib/python3.10/dist-packages/dwb_msgs/__init__.py
[0.954s] -- Up-to-date: /home/nagisa/fishbot_ws/install/dwb_msgs/local/lib/python3.10/dist-packages/dwb_msgs/dwb_msgs_s__rosidl_typesupport_fastrtps_c.cpython-310-x86_64-linux-gnu.so
[0.954s] -- Up-to-date: /home/nagisa/fishbot_ws/install/dwb_msgs/local/lib/python3.10/dist-packages/dwb_msgs/libdwb_msgs__rosidl_generator_py.so
[0.954s] -- Up-to-date: /home/nagisa/fishbot_ws/install/dwb_msgs/local/lib/python3.10/dist-packages/dwb_msgs/dwb_msgs_s__rosidl_typesupport_c.cpython-310-x86_64-linux-gnu.so
[0.954s] -- Up-to-date: /home/nagisa/fishbot_ws/install/dwb_msgs/local/lib/python3.10/dist-packages/dwb_msgs/dwb_msgs_s__rosidl_typesupport_introspection_c.cpython-310-x86_64-linux-gnu.so
[0.955s] -- Up-to-date: /home/nagisa/fishbot_ws/install/dwb_msgs/local/lib/python3.10/dist-packages/dwb_msgs/_dwb_msgs_s.ep.rosidl_typesupport_fastrtps_c.c
[0.991s] Listing '/home/nagisa/fishbot_ws/install/dwb_msgs/local/lib/python3.10/dist-packages/dwb_msgs'...
[0.991s] Listing '/home/nagisa/fishbot_ws/install/dwb_msgs/local/lib/python3.10/dist-packages/dwb_msgs/msg'...
[0.991s] Listing '/home/nagisa/fishbot_ws/install/dwb_msgs/local/lib/python3.10/dist-packages/dwb_msgs/srv'...
[0.996s] -- Up-to-date: /home/nagisa/fishbot_ws/install/dwb_msgs/local/lib/python3.10/dist-packages/dwb_msgs/dwb_msgs_s__rosidl_typesupport_fastrtps_c.cpython-310-x86_64-linux-gnu.so
[0.998s] -- Up-to-date: /home/nagisa/fishbot_ws/install/dwb_msgs/local/lib/python3.10/dist-packages/dwb_msgs/dwb_msgs_s__rosidl_typesupport_introspection_c.cpython-310-x86_64-linux-gnu.so
[1.000s] -- Up-to-date: /home/nagisa/fishbot_ws/install/dwb_msgs/local/lib/python3.10/dist-packages/dwb_msgs/dwb_msgs_s__rosidl_typesupport_c.cpython-310-x86_64-linux-gnu.so
[1.002s] -- Up-to-date: /home/nagisa/fishbot_ws/install/dwb_msgs/lib/libdwb_msgs__rosidl_generator_py.so
[1.003s] -- Up-to-date: /home/nagisa/fishbot_ws/install/dwb_msgs/share/dwb_msgs/msg/CriticScore.idl
[1.003s] -- Up-to-date: /home/nagisa/fishbot_ws/install/dwb_msgs/share/dwb_msgs/msg/LocalPlanEvaluation.idl
[1.003s] -- Up-to-date: /home/nagisa/fishbot_ws/install/dwb_msgs/share/dwb_msgs/msg/Trajectory2D.idl
[1.003s] -- Up-to-date: /home/nagisa/fishbot_ws/install/dwb_msgs/share/dwb_msgs/msg/TrajectoryScore.idl
[1.004s] -- Up-to-date: /home/nagisa/fishbot_ws/install/dwb_msgs/share/dwb_msgs/srv/DebugLocalPlan.idl
[1.004s] -- Up-to-date: /home/nagisa/fishbot_ws/install/dwb_msgs/share/dwb_msgs/srv/GenerateTrajectory.idl
[1.004s] -- Up-to-date: /home/nagisa/fishbot_ws/install/dwb_msgs/share/dwb_msgs/srv/GenerateTwists.idl
[1.004s] -- Up-to-date: /home/nagisa/fishbot_ws/install/dwb_msgs/share/dwb_msgs/srv/GetCriticScore.idl
[1.004s] -- Up-to-date: /home/nagisa/fishbot_ws/install/dwb_msgs/share/dwb_msgs/srv/ScoreTrajectory.idl
[1.004s] -- Up-to-date: /home/nagisa/fishbot_ws/install/dwb_msgs/share/dwb_msgs/msg/CriticScore.msg
[1.004s] -- Up-to-date: /home/nagisa/fishbot_ws/install/dwb_msgs/share/dwb_msgs/msg/LocalPlanEvaluation.msg
[1.004s] -- Up-to-date: /home/nagisa/fishbot_ws/install/dwb_msgs/share/dwb_msgs/msg/Trajectory2D.msg
[1.004s] -- Up-to-date: /home/nagisa/fishbot_ws/install/dwb_msgs/share/dwb_msgs/msg/TrajectoryScore.msg
[1.004s] -- Up-to-date: /home/nagisa/fishbot_ws/install/dwb_msgs/share/dwb_msgs/srv/DebugLocalPlan.srv
[1.005s] -- Up-to-date: /home/nagisa/fishbot_ws/install/dwb_msgs/share/dwb_msgs/srv/DebugLocalPlan_Request.msg
[1.005s] -- Up-to-date: /home/nagisa/fishbot_ws/install/dwb_msgs/share/dwb_msgs/srv/DebugLocalPlan_Response.msg
[1.005s] -- Up-to-date: /home/nagisa/fishbot_ws/install/dwb_msgs/share/dwb_msgs/srv/GenerateTrajectory.srv
[1.005s] -- Up-to-date: /home/nagisa/fishbot_ws/install/dwb_msgs/share/dwb_msgs/srv/GenerateTrajectory_Request.msg
[1.005s] -- Up-to-date: /home/nagisa/fishbot_ws/install/dwb_msgs/share/dwb_msgs/srv/GenerateTrajectory_Response.msg
[1.005s] -- Up-to-date: /home/nagisa/fishbot_ws/install/dwb_msgs/share/dwb_msgs/srv/GenerateTwists.srv
[1.005s] -- Up-to-date: /home/nagisa/fishbot_ws/install/dwb_msgs/share/dwb_msgs/srv/GenerateTwists_Request.msg
[1.005s] -- Up-to-date: /home/nagisa/fishbot_ws/install/dwb_msgs/share/dwb_msgs/srv/GenerateTwists_Response.msg
[1.006s] -- Up-to-date: /home/nagisa/fishbot_ws/install/dwb_msgs/share/dwb_msgs/srv/GetCriticScore.srv
[1.006s] -- Up-to-date: /home/nagisa/fishbot_ws/install/dwb_msgs/share/dwb_msgs/srv/GetCriticScore_Request.msg
[1.006s] -- Up-to-date: /home/nagisa/fishbot_ws/install/dwb_msgs/share/dwb_msgs/srv/GetCriticScore_Response.msg
[1.006s] -- Up-to-date: /home/nagisa/fishbot_ws/install/dwb_msgs/share/dwb_msgs/srv/ScoreTrajectory.srv
[1.006s] -- Up-to-date: /home/nagisa/fishbot_ws/install/dwb_msgs/share/dwb_msgs/srv/ScoreTrajectory_Request.msg
[1.006s] -- Up-to-date: /home/nagisa/fishbot_ws/install/dwb_msgs/share/dwb_msgs/srv/ScoreTrajectory_Response.msg
[1.006s] -- Up-to-date: /home/nagisa/fishbot_ws/install/dwb_msgs/share/ament_index/resource_index/package_run_dependencies/dwb_msgs
[1.006s] -- Up-to-date: /home/nagisa/fishbot_ws/install/dwb_msgs/share/ament_index/resource_index/parent_prefix_path/dwb_msgs
[1.006s] -- Up-to-date: /home/nagisa/fishbot_ws/install/dwb_msgs/share/dwb_msgs/environment/ament_prefix_path.sh
[1.007s] -- Up-to-date: /home/nagisa/fishbot_ws/install/dwb_msgs/share/dwb_msgs/environment/ament_prefix_path.dsv
[1.007s] -- Up-to-date: /home/nagisa/fishbot_ws/install/dwb_msgs/share/dwb_msgs/environment/path.sh
[1.007s] -- Up-to-date: /home/nagisa/fishbot_ws/install/dwb_msgs/share/dwb_msgs/environment/path.dsv
[1.007s] -- Up-to-date: /home/nagisa/fishbot_ws/install/dwb_msgs/share/dwb_msgs/local_setup.bash
[1.007s] -- Up-to-date: /home/nagisa/fishbot_ws/install/dwb_msgs/share/dwb_msgs/local_setup.sh
[1.007s] -- Up-to-date: /home/nagisa/fishbot_ws/install/dwb_msgs/share/dwb_msgs/local_setup.zsh
[1.007s] -- Up-to-date: /home/nagisa/fishbot_ws/install/dwb_msgs/share/dwb_msgs/local_setup.dsv
[1.008s] -- Installing: /home/nagisa/fishbot_ws/install/dwb_msgs/share/dwb_msgs/package.dsv
[1.008s] -- Up-to-date: /home/nagisa/fishbot_ws/install/dwb_msgs/share/ament_index/resource_index/packages/dwb_msgs
[1.010s] -- Up-to-date: /home/nagisa/fishbot_ws/install/dwb_msgs/share/dwb_msgs/cmake/export_dwb_msgs__rosidl_generator_cExport.cmake
[1.011s] -- Up-to-date: /home/nagisa/fishbot_ws/install/dwb_msgs/share/dwb_msgs/cmake/export_dwb_msgs__rosidl_generator_cExport-noconfig.cmake
[1.011s] -- Up-to-date: /home/nagisa/fishbot_ws/install/dwb_msgs/share/dwb_msgs/cmake/export_dwb_msgs__rosidl_typesupport_fastrtps_cExport.cmake
[1.011s] -- Up-to-date: /home/nagisa/fishbot_ws/install/dwb_msgs/share/dwb_msgs/cmake/export_dwb_msgs__rosidl_typesupport_fastrtps_cExport-noconfig.cmake
[1.012s] -- Up-to-date: /home/nagisa/fishbot_ws/install/dwb_msgs/share/dwb_msgs/cmake/export_dwb_msgs__rosidl_generator_cppExport.cmake
[1.012s] -- Up-to-date: /home/nagisa/fishbot_ws/install/dwb_msgs/share/dwb_msgs/cmake/export_dwb_msgs__rosidl_typesupport_fastrtps_cppExport.cmake
[1.012s] -- Up-to-date: /home/nagisa/fishbot_ws/install/dwb_msgs/share/dwb_msgs/cmake/export_dwb_msgs__rosidl_typesupport_fastrtps_cppExport-noconfig.cmake
[1.013s] -- Up-to-date: /home/nagisa/fishbot_ws/install/dwb_msgs/share/dwb_msgs/cmake/dwb_msgs__rosidl_typesupport_introspection_cExport.cmake
[1.013s] -- Up-to-date: /home/nagisa/fishbot_ws/install/dwb_msgs/share/dwb_msgs/cmake/dwb_msgs__rosidl_typesupport_introspection_cExport-noconfig.cmake
[1.013s] -- Up-to-date: /home/nagisa/fishbot_ws/install/dwb_msgs/share/dwb_msgs/cmake/dwb_msgs__rosidl_typesupport_cExport.cmake
[1.014s] -- Up-to-date: /home/nagisa/fishbot_ws/install/dwb_msgs/share/dwb_msgs/cmake/dwb_msgs__rosidl_typesupport_cExport-noconfig.cmake
[1.014s] -- Up-to-date: /home/nagisa/fishbot_ws/install/dwb_msgs/share/dwb_msgs/cmake/dwb_msgs__rosidl_typesupport_introspection_cppExport.cmake
[1.014s] -- Up-to-date: /home/nagisa/fishbot_ws/install/dwb_msgs/share/dwb_msgs/cmake/dwb_msgs__rosidl_typesupport_introspection_cppExport-noconfig.cmake
[1.014s] -- Up-to-date: /home/nagisa/fishbot_ws/install/dwb_msgs/share/dwb_msgs/cmake/dwb_msgs__rosidl_typesupport_cppExport.cmake
[1.015s] -- Up-to-date: /home/nagisa/fishbot_ws/install/dwb_msgs/share/dwb_msgs/cmake/dwb_msgs__rosidl_typesupport_cppExport-noconfig.cmake
[1.015s] -- Up-to-date: /home/nagisa/fishbot_ws/install/dwb_msgs/share/dwb_msgs/cmake/export_dwb_msgs__rosidl_generator_pyExport.cmake
[1.015s] -- Up-to-date: /home/nagisa/fishbot_ws/install/dwb_msgs/share/dwb_msgs/cmake/export_dwb_msgs__rosidl_generator_pyExport-noconfig.cmake
[1.015s] -- Up-to-date: /home/nagisa/fishbot_ws/install/dwb_msgs/share/dwb_msgs/cmake/rosidl_cmake-extras.cmake
[1.015s] -- Up-to-date: /home/nagisa/fishbot_ws/install/dwb_msgs/share/dwb_msgs/cmake/ament_cmake_export_dependencies-extras.cmake
[1.015s] -- Up-to-date: /home/nagisa/fishbot_ws/install/dwb_msgs/share/dwb_msgs/cmake/ament_cmake_export_include_directories-extras.cmake
[1.015s] -- Up-to-date: /home/nagisa/fishbot_ws/install/dwb_msgs/share/dwb_msgs/cmake/ament_cmake_export_libraries-extras.cmake
[1.015s] -- Up-to-date: /home/nagisa/fishbot_ws/install/dwb_msgs/share/dwb_msgs/cmake/ament_cmake_export_targets-extras.cmake
[1.016s] -- Up-to-date: /home/nagisa/fishbot_ws/install/dwb_msgs/share/dwb_msgs/cmake/rosidl_cmake_export_typesupport_targets-extras.cmake
[1.016s] -- Up-to-date: /home/nagisa/fishbot_ws/install/dwb_msgs/share/dwb_msgs/cmake/rosidl_cmake_export_typesupport_libraries-extras.cmake
[1.016s] -- Up-to-date: /home/nagisa/fishbot_ws/install/dwb_msgs/share/dwb_msgs/cmake/dwb_msgsConfig.cmake
[1.016s] -- Up-to-date: /home/nagisa/fishbot_ws/install/dwb_msgs/share/dwb_msgs/cmake/dwb_msgsConfig-version.cmake
[1.016s] -- Up-to-date: /home/nagisa/fishbot_ws/install/dwb_msgs/share/dwb_msgs/package.xml
[1.019s] Invoked command in '/home/nagisa/fishbot_ws/build/dwb_msgs' returned '0': AMENT_PREFIX_PATH=/home/nagisa/fishbot_ws/install/nav_2d_msgs:${AMENT_PREFIX_PATH} CMAKE_PREFIX_PATH=/home/nagisa/fishbot_ws/install/nav_2d_msgs:/opt/ros/humble LD_LIBRARY_PATH=/home/nagisa/fishbot_ws/install/nav_2d_msgs/lib:${LD_LIBRARY_PATH} PYTHONPATH=/home/nagisa/fishbot_ws/install/nav_2d_msgs/local/lib/python3.10/dist-packages:${PYTHONPATH} /usr/bin/cmake --install /home/nagisa/fishbot_ws/build/dwb_msgs
