[0.097s] Invoking command in '/home/nagisa/fishbot_ws/build/nav2_smac_planner': CMAKE_PREFIX_PATH=/home/nagisa/fishbot_ws/install/nav2_core:/home/nagisa/fishbot_ws/install/nav2_costmap_2d:/home/nagisa/fishbot_ws/install/nav2_map_server:/home/nagisa/fishbot_ws/install/nav2_lifecycle_manager:/home/nagisa/fishbot_ws/install/nav2_util:/home/nagisa/fishbot_ws/install/nav2_voxel_grid:/home/nagisa/fishbot_ws/install/nav2_msgs:/home/nagisa/fishbot_ws/install/nav2_common:/home/nagisa/fishbot_ws/install/navigation2:/home/nagisa/fishbot_ws/install/nav2_smoother:/home/nagisa/fishbot_ws/install/nav2_dwb_controller:/home/nagisa/fishbot_ws/install/nav2_controller:/home/nagisa/fishbot_ws/install/dwb_plugins:/home/nagisa/fishbot_ws/install/dwb_critics:/home/nagisa/fishbot_ws/install/dwb_core:/home/nagisa/fishbot_ws/install/nav_2d_utils:/home/nagisa/fishbot_ws/install/dwb_msgs:/home/nagisa/fishbot_ws/install/nav_2d_msgs:/home/nagisa/fishbot_ws/install/nav2_waypoint_follower:/home/nagisa/fishbot_ws/install/nav2_theta_star_planner:/home/nagisa/fishbot_ws/install/nav2_smac_planner:/home/nagisa/fishbot_ws/install/nav2_rotation_shim_controller:/home/nagisa/fishbot_ws/install/nav2_regulated_pure_pursuit_controller:/home/nagisa/fishbot_ws/install/nav2_planner:/home/nagisa/fishbot_ws/install/nav2_navfn_planner:/home/nagisa/fishbot_ws/install/nav2_mppi_controller:/home/nagisa/fishbot_ws/install/nav2_constrained_smoother:/home/nagisa/fishbot_ws/install/nav2_bt_navigator:/home/nagisa/fishbot_ws/install/nav2_behaviors:/home/nagisa/fishbot_ws/install/nav2_collision_monitor:/home/nagisa/fishbot_ws/install/costmap_queue:/home/nagisa/fishbot_ws/install/nav2_velocity_smoother:/home/nagisa/fishbot_ws/install/nav2_rviz_plugins:/home/nagisa/fishbot_ws/install/nav2_behavior_tree:/home/nagisa/fishbot_ws/install/nav2_amcl:/home/nagisa/fishbot_ws/install/fishbot_navigation2:/home/nagisa/fishbot_ws/install/fishbot_cartographer:/home/nagisa/fishbot_ws/install/cartographer_rviz:/home/nagisa/fishbot_ws/install/cartographer_ros:/home/nagisa/fishbot_ws/install/cartographer_ros_msgs:/home/nagisa/fishbot_ws/install/cartographer:/home/nagisa/fishbot_ws/install/nav2_simple_commander:/home/nagisa/fishbot_ws/install/fishbot_description:/opt/ros/humble LD_LIBRARY_PATH=/home/nagisa/fishbot_ws/install/nav2_costmap_2d/lib:/home/nagisa/fishbot_ws/install/nav2_map_server/lib:/home/nagisa/fishbot_ws/install/nav2_lifecycle_manager/lib:/home/nagisa/fishbot_ws/install/nav2_util/lib:/home/nagisa/fishbot_ws/install/nav2_voxel_grid/lib:/home/nagisa/fishbot_ws/install/nav2_msgs/lib:/home/nagisa/fishbot_ws/install/nav2_smoother/lib:/home/nagisa/fishbot_ws/install/nav2_controller/lib:/home/nagisa/fishbot_ws/install/dwb_plugins/lib:/home/nagisa/fishbot_ws/install/dwb_critics/lib:/home/nagisa/fishbot_ws/install/dwb_core/lib:/home/nagisa/fishbot_ws/install/nav_2d_utils/lib:/home/nagisa/fishbot_ws/install/dwb_msgs/lib:/home/nagisa/fishbot_ws/install/nav_2d_msgs/lib:/home/nagisa/fishbot_ws/install/nav2_waypoint_follower/lib:/home/nagisa/fishbot_ws/install/nav2_theta_star_planner/lib:/home/nagisa/fishbot_ws/install/nav2_smac_planner/lib:/home/nagisa/fishbot_ws/install/nav2_rotation_shim_controller/lib:/home/nagisa/fishbot_ws/install/nav2_regulated_pure_pursuit_controller/lib:/home/nagisa/fishbot_ws/install/nav2_planner/lib:/home/nagisa/fishbot_ws/install/nav2_navfn_planner/lib:/home/nagisa/fishbot_ws/install/nav2_mppi_controller/lib:/home/nagisa/fishbot_ws/install/nav2_constrained_smoother/lib:/home/nagisa/fishbot_ws/install/nav2_bt_navigator/lib:/home/nagisa/fishbot_ws/install/nav2_behaviors/lib:/home/nagisa/fishbot_ws/install/nav2_collision_monitor/lib:/home/nagisa/fishbot_ws/install/costmap_queue/lib:/home/nagisa/fishbot_ws/install/nav2_velocity_smoother/lib:/home/nagisa/fishbot_ws/install/nav2_rviz_plugins/lib:/home/nagisa/fishbot_ws/install/nav2_behavior_tree/lib:/home/nagisa/fishbot_ws/install/nav2_amcl/lib:/home/nagisa/fishbot_ws/install/cartographer_rviz/lib:/home/nagisa/fishbot_ws/install/cartographer_ros/lib:/home/nagisa/fishbot_ws/install/cartographer_ros_msgs/lib:/usr/lib/x86_64-linux-gnu/gazebo-11/plugins:/opt/ros/humble/opt/rviz_ogre_vendor/lib:/opt/ros/humble/lib/x86_64-linux-gnu:/opt/ros/humble/lib /usr/bin/cmake --build /home/nagisa/fishbot_ws/build/nav2_smac_planner -- -j12 -l12
[0.280s] [35m[1mConsolidate compiler generated dependencies of target nav2_smac_planner_2d[0m
[0.325s] [35m[1mConsolidate compiler generated dependencies of target nav2_smac_planner_lattice[0m
[0.336s] [  3%] Built target gtest_main
[0.349s] [  6%] Built target gtest
[0.454s] [ 25%] Built target nav2_smac_planner
[0.456s] [ 44%] Built target nav2_smac_planner_lattice
[0.486s] [ 62%] Built target nav2_smac_planner_2d
[0.548s] [35m[1mConsolidate compiler generated dependencies of target test_smac_2d[0m
[0.628s] [35m[1mConsolidate compiler generated dependencies of target test_smac_lattice[0m
[0.628s] [35m[1mConsolidate compiler generated dependencies of target test_smoother[0m
[0.628s] [ 66%] Built target test_node2d
[0.628s] [ 69%] Built target test_smac_2d
[0.629s] [ 72%] Built target test_costmap_downsampler
[0.651s] [ 76%] Built target test_nodehybrid
[0.658s] [ 79%] Built target test_collision_checker
[0.664s] [ 83%] Built target test_smac_hybrid
[0.666s] [ 86%] Built target test_nodebasic
[0.672s] [ 89%] Built target test_lattice_node
[0.676s] [ 93%] Built target test_a_star
[0.678s] [ 96%] Built target test_smoother
[0.689s] [100%] Built target test_smac_lattice
[0.706s] Invoked command in '/home/nagisa/fishbot_ws/build/nav2_smac_planner' returned '0': CMAKE_PREFIX_PATH=/home/nagisa/fishbot_ws/install/nav2_core:/home/nagisa/fishbot_ws/install/nav2_costmap_2d:/home/nagisa/fishbot_ws/install/nav2_map_server:/home/nagisa/fishbot_ws/install/nav2_lifecycle_manager:/home/nagisa/fishbot_ws/install/nav2_util:/home/nagisa/fishbot_ws/install/nav2_voxel_grid:/home/nagisa/fishbot_ws/install/nav2_msgs:/home/nagisa/fishbot_ws/install/nav2_common:/home/nagisa/fishbot_ws/install/navigation2:/home/nagisa/fishbot_ws/install/nav2_smoother:/home/nagisa/fishbot_ws/install/nav2_dwb_controller:/home/nagisa/fishbot_ws/install/nav2_controller:/home/nagisa/fishbot_ws/install/dwb_plugins:/home/nagisa/fishbot_ws/install/dwb_critics:/home/nagisa/fishbot_ws/install/dwb_core:/home/nagisa/fishbot_ws/install/nav_2d_utils:/home/nagisa/fishbot_ws/install/dwb_msgs:/home/nagisa/fishbot_ws/install/nav_2d_msgs:/home/nagisa/fishbot_ws/install/nav2_waypoint_follower:/home/nagisa/fishbot_ws/install/nav2_theta_star_planner:/home/nagisa/fishbot_ws/install/nav2_smac_planner:/home/nagisa/fishbot_ws/install/nav2_rotation_shim_controller:/home/nagisa/fishbot_ws/install/nav2_regulated_pure_pursuit_controller:/home/nagisa/fishbot_ws/install/nav2_planner:/home/nagisa/fishbot_ws/install/nav2_navfn_planner:/home/nagisa/fishbot_ws/install/nav2_mppi_controller:/home/nagisa/fishbot_ws/install/nav2_constrained_smoother:/home/nagisa/fishbot_ws/install/nav2_bt_navigator:/home/nagisa/fishbot_ws/install/nav2_behaviors:/home/nagisa/fishbot_ws/install/nav2_collision_monitor:/home/nagisa/fishbot_ws/install/costmap_queue:/home/nagisa/fishbot_ws/install/nav2_velocity_smoother:/home/nagisa/fishbot_ws/install/nav2_rviz_plugins:/home/nagisa/fishbot_ws/install/nav2_behavior_tree:/home/nagisa/fishbot_ws/install/nav2_amcl:/home/nagisa/fishbot_ws/install/fishbot_navigation2:/home/nagisa/fishbot_ws/install/fishbot_cartographer:/home/nagisa/fishbot_ws/install/cartographer_rviz:/home/nagisa/fishbot_ws/install/cartographer_ros:/home/nagisa/fishbot_ws/install/cartographer_ros_msgs:/home/nagisa/fishbot_ws/install/cartographer:/home/nagisa/fishbot_ws/install/nav2_simple_commander:/home/nagisa/fishbot_ws/install/fishbot_description:/opt/ros/humble LD_LIBRARY_PATH=/home/nagisa/fishbot_ws/install/nav2_costmap_2d/lib:/home/nagisa/fishbot_ws/install/nav2_map_server/lib:/home/nagisa/fishbot_ws/install/nav2_lifecycle_manager/lib:/home/nagisa/fishbot_ws/install/nav2_util/lib:/home/nagisa/fishbot_ws/install/nav2_voxel_grid/lib:/home/nagisa/fishbot_ws/install/nav2_msgs/lib:/home/nagisa/fishbot_ws/install/nav2_smoother/lib:/home/nagisa/fishbot_ws/install/nav2_controller/lib:/home/nagisa/fishbot_ws/install/dwb_plugins/lib:/home/nagisa/fishbot_ws/install/dwb_critics/lib:/home/nagisa/fishbot_ws/install/dwb_core/lib:/home/nagisa/fishbot_ws/install/nav_2d_utils/lib:/home/nagisa/fishbot_ws/install/dwb_msgs/lib:/home/nagisa/fishbot_ws/install/nav_2d_msgs/lib:/home/nagisa/fishbot_ws/install/nav2_waypoint_follower/lib:/home/nagisa/fishbot_ws/install/nav2_theta_star_planner/lib:/home/nagisa/fishbot_ws/install/nav2_smac_planner/lib:/home/nagisa/fishbot_ws/install/nav2_rotation_shim_controller/lib:/home/nagisa/fishbot_ws/install/nav2_regulated_pure_pursuit_controller/lib:/home/nagisa/fishbot_ws/install/nav2_planner/lib:/home/nagisa/fishbot_ws/install/nav2_navfn_planner/lib:/home/nagisa/fishbot_ws/install/nav2_mppi_controller/lib:/home/nagisa/fishbot_ws/install/nav2_constrained_smoother/lib:/home/nagisa/fishbot_ws/install/nav2_bt_navigator/lib:/home/nagisa/fishbot_ws/install/nav2_behaviors/lib:/home/nagisa/fishbot_ws/install/nav2_collision_monitor/lib:/home/nagisa/fishbot_ws/install/costmap_queue/lib:/home/nagisa/fishbot_ws/install/nav2_velocity_smoother/lib:/home/nagisa/fishbot_ws/install/nav2_rviz_plugins/lib:/home/nagisa/fishbot_ws/install/nav2_behavior_tree/lib:/home/nagisa/fishbot_ws/install/nav2_amcl/lib:/home/nagisa/fishbot_ws/install/cartographer_rviz/lib:/home/nagisa/fishbot_ws/install/cartographer_ros/lib:/home/nagisa/fishbot_ws/install/cartographer_ros_msgs/lib:/usr/lib/x86_64-linux-gnu/gazebo-11/plugins:/opt/ros/humble/opt/rviz_ogre_vendor/lib:/opt/ros/humble/lib/x86_64-linux-gnu:/opt/ros/humble/lib /usr/bin/cmake --build /home/nagisa/fishbot_ws/build/nav2_smac_planner -- -j12 -l12
[1.050s] Invoking command in '/home/nagisa/fishbot_ws/build/nav2_smac_planner': CMAKE_PREFIX_PATH=/home/nagisa/fishbot_ws/install/nav2_core:/home/nagisa/fishbot_ws/install/nav2_costmap_2d:/home/nagisa/fishbot_ws/install/nav2_map_server:/home/nagisa/fishbot_ws/install/nav2_lifecycle_manager:/home/nagisa/fishbot_ws/install/nav2_util:/home/nagisa/fishbot_ws/install/nav2_voxel_grid:/home/nagisa/fishbot_ws/install/nav2_msgs:/home/nagisa/fishbot_ws/install/nav2_common:/home/nagisa/fishbot_ws/install/navigation2:/home/nagisa/fishbot_ws/install/nav2_smoother:/home/nagisa/fishbot_ws/install/nav2_dwb_controller:/home/nagisa/fishbot_ws/install/nav2_controller:/home/nagisa/fishbot_ws/install/dwb_plugins:/home/nagisa/fishbot_ws/install/dwb_critics:/home/nagisa/fishbot_ws/install/dwb_core:/home/nagisa/fishbot_ws/install/nav_2d_utils:/home/nagisa/fishbot_ws/install/dwb_msgs:/home/nagisa/fishbot_ws/install/nav_2d_msgs:/home/nagisa/fishbot_ws/install/nav2_waypoint_follower:/home/nagisa/fishbot_ws/install/nav2_theta_star_planner:/home/nagisa/fishbot_ws/install/nav2_smac_planner:/home/nagisa/fishbot_ws/install/nav2_rotation_shim_controller:/home/nagisa/fishbot_ws/install/nav2_regulated_pure_pursuit_controller:/home/nagisa/fishbot_ws/install/nav2_planner:/home/nagisa/fishbot_ws/install/nav2_navfn_planner:/home/nagisa/fishbot_ws/install/nav2_mppi_controller:/home/nagisa/fishbot_ws/install/nav2_constrained_smoother:/home/nagisa/fishbot_ws/install/nav2_bt_navigator:/home/nagisa/fishbot_ws/install/nav2_behaviors:/home/nagisa/fishbot_ws/install/nav2_collision_monitor:/home/nagisa/fishbot_ws/install/costmap_queue:/home/nagisa/fishbot_ws/install/nav2_velocity_smoother:/home/nagisa/fishbot_ws/install/nav2_rviz_plugins:/home/nagisa/fishbot_ws/install/nav2_behavior_tree:/home/nagisa/fishbot_ws/install/nav2_amcl:/home/nagisa/fishbot_ws/install/fishbot_navigation2:/home/nagisa/fishbot_ws/install/fishbot_cartographer:/home/nagisa/fishbot_ws/install/cartographer_rviz:/home/nagisa/fishbot_ws/install/cartographer_ros:/home/nagisa/fishbot_ws/install/cartographer_ros_msgs:/home/nagisa/fishbot_ws/install/cartographer:/home/nagisa/fishbot_ws/install/nav2_simple_commander:/home/nagisa/fishbot_ws/install/fishbot_description:/opt/ros/humble LD_LIBRARY_PATH=/home/nagisa/fishbot_ws/install/nav2_costmap_2d/lib:/home/nagisa/fishbot_ws/install/nav2_map_server/lib:/home/nagisa/fishbot_ws/install/nav2_lifecycle_manager/lib:/home/nagisa/fishbot_ws/install/nav2_util/lib:/home/nagisa/fishbot_ws/install/nav2_voxel_grid/lib:/home/nagisa/fishbot_ws/install/nav2_msgs/lib:/home/nagisa/fishbot_ws/install/nav2_smoother/lib:/home/nagisa/fishbot_ws/install/nav2_controller/lib:/home/nagisa/fishbot_ws/install/dwb_plugins/lib:/home/nagisa/fishbot_ws/install/dwb_critics/lib:/home/nagisa/fishbot_ws/install/dwb_core/lib:/home/nagisa/fishbot_ws/install/nav_2d_utils/lib:/home/nagisa/fishbot_ws/install/dwb_msgs/lib:/home/nagisa/fishbot_ws/install/nav_2d_msgs/lib:/home/nagisa/fishbot_ws/install/nav2_waypoint_follower/lib:/home/nagisa/fishbot_ws/install/nav2_theta_star_planner/lib:/home/nagisa/fishbot_ws/install/nav2_smac_planner/lib:/home/nagisa/fishbot_ws/install/nav2_rotation_shim_controller/lib:/home/nagisa/fishbot_ws/install/nav2_regulated_pure_pursuit_controller/lib:/home/nagisa/fishbot_ws/install/nav2_planner/lib:/home/nagisa/fishbot_ws/install/nav2_navfn_planner/lib:/home/nagisa/fishbot_ws/install/nav2_mppi_controller/lib:/home/nagisa/fishbot_ws/install/nav2_constrained_smoother/lib:/home/nagisa/fishbot_ws/install/nav2_bt_navigator/lib:/home/nagisa/fishbot_ws/install/nav2_behaviors/lib:/home/nagisa/fishbot_ws/install/nav2_collision_monitor/lib:/home/nagisa/fishbot_ws/install/costmap_queue/lib:/home/nagisa/fishbot_ws/install/nav2_velocity_smoother/lib:/home/nagisa/fishbot_ws/install/nav2_rviz_plugins/lib:/home/nagisa/fishbot_ws/install/nav2_behavior_tree/lib:/home/nagisa/fishbot_ws/install/nav2_amcl/lib:/home/nagisa/fishbot_ws/install/cartographer_rviz/lib:/home/nagisa/fishbot_ws/install/cartographer_ros/lib:/home/nagisa/fishbot_ws/install/cartographer_ros_msgs/lib:/usr/lib/x86_64-linux-gnu/gazebo-11/plugins:/opt/ros/humble/opt/rviz_ogre_vendor/lib:/opt/ros/humble/lib/x86_64-linux-gnu:/opt/ros/humble/lib /usr/bin/cmake --install /home/nagisa/fishbot_ws/build/nav2_smac_planner
[1.061s] -- Install configuration: "Release"
[1.061s] -- Up-to-date: /home/nagisa/fishbot_ws/install/nav2_smac_planner/share/nav2_smac_planner/smac_plugin_hybrid.xml
[1.062s] -- Up-to-date: /home/nagisa/fishbot_ws/install/nav2_smac_planner/share/nav2_smac_planner/smac_plugin_2d.xml
[1.062s] -- Up-to-date: /home/nagisa/fishbot_ws/install/nav2_smac_planner/share/nav2_smac_planner/smac_plugin_lattice.xml
[1.064s] -- Up-to-date: /home/nagisa/fishbot_ws/install/nav2_smac_planner/lib/libnav2_smac_planner.so
[1.066s] -- Up-to-date: /home/nagisa/fishbot_ws/install/nav2_smac_planner/lib/libnav2_smac_planner_2d.so
[1.068s] -- Up-to-date: /home/nagisa/fishbot_ws/install/nav2_smac_planner/lib/libnav2_smac_planner_lattice.so
[1.069s] -- Up-to-date: /home/nagisa/fishbot_ws/install/nav2_smac_planner/include/
[1.069s] -- Up-to-date: /home/nagisa/fishbot_ws/install/nav2_smac_planner/include//nav2_smac_planner
[1.070s] -- Up-to-date: /home/nagisa/fishbot_ws/install/nav2_smac_planner/include//nav2_smac_planner/smac_planner_hybrid.hpp
[1.070s] -- Up-to-date: /home/nagisa/fishbot_ws/install/nav2_smac_planner/include//nav2_smac_planner/analytic_expansion.hpp
[1.070s] -- Up-to-date: /home/nagisa/fishbot_ws/install/nav2_smac_planner/include//nav2_smac_planner/node_hybrid.hpp
[1.070s] -- Up-to-date: /home/nagisa/fishbot_ws/install/nav2_smac_planner/include//nav2_smac_planner/a_star.hpp
[1.070s] -- Up-to-date: /home/nagisa/fishbot_ws/install/nav2_smac_planner/include//nav2_smac_planner/smac_planner_lattice.hpp
[1.070s] -- Up-to-date: /home/nagisa/fishbot_ws/install/nav2_smac_planner/include//nav2_smac_planner/collision_checker.hpp
[1.071s] -- Up-to-date: /home/nagisa/fishbot_ws/install/nav2_smac_planner/include//nav2_smac_planner/smac_planner_2d.hpp
[1.071s] -- Up-to-date: /home/nagisa/fishbot_ws/install/nav2_smac_planner/include//nav2_smac_planner/node_lattice.hpp
[1.071s] -- Up-to-date: /home/nagisa/fishbot_ws/install/nav2_smac_planner/include//nav2_smac_planner/costmap_downsampler.hpp
[1.073s] -- Up-to-date: /home/nagisa/fishbot_ws/install/nav2_smac_planner/include//nav2_smac_planner/node_basic.hpp
[1.075s] -- Up-to-date: /home/nagisa/fishbot_ws/install/nav2_smac_planner/include//nav2_smac_planner/utils.hpp
[1.075s] -- Up-to-date: /home/nagisa/fishbot_ws/install/nav2_smac_planner/include//nav2_smac_planner/thirdparty
[1.075s] -- Up-to-date: /home/nagisa/fishbot_ws/install/nav2_smac_planner/include//nav2_smac_planner/thirdparty/robin_hood.h
[1.075s] -- Up-to-date: /home/nagisa/fishbot_ws/install/nav2_smac_planner/include//nav2_smac_planner/node_2d.hpp
[1.075s] -- Up-to-date: /home/nagisa/fishbot_ws/install/nav2_smac_planner/include//nav2_smac_planner/constants.hpp
[1.075s] -- Up-to-date: /home/nagisa/fishbot_ws/install/nav2_smac_planner/include//nav2_smac_planner/smoother.hpp
[1.075s] -- Up-to-date: /home/nagisa/fishbot_ws/install/nav2_smac_planner/include//nav2_smac_planner/types.hpp
[1.076s] -- Up-to-date: /home/nagisa/fishbot_ws/install/nav2_smac_planner/share/nav2_smac_planner/sample_primitives
[1.076s] -- Up-to-date: /home/nagisa/fishbot_ws/install/nav2_smac_planner/share/nav2_smac_planner/sample_primitives/5cm_resolution
[1.077s] -- Up-to-date: /home/nagisa/fishbot_ws/install/nav2_smac_planner/share/nav2_smac_planner/sample_primitives/5cm_resolution/0.5m_turning_radius
[1.077s] -- Up-to-date: /home/nagisa/fishbot_ws/install/nav2_smac_planner/share/nav2_smac_planner/sample_primitives/5cm_resolution/0.5m_turning_radius/all_trajectories.png
[1.077s] -- Up-to-date: /home/nagisa/fishbot_ws/install/nav2_smac_planner/share/nav2_smac_planner/sample_primitives/5cm_resolution/0.5m_turning_radius/omni
[1.077s] -- Up-to-date: /home/nagisa/fishbot_ws/install/nav2_smac_planner/share/nav2_smac_planner/sample_primitives/5cm_resolution/0.5m_turning_radius/omni/output.json
[1.077s] -- Up-to-date: /home/nagisa/fishbot_ws/install/nav2_smac_planner/share/nav2_smac_planner/sample_primitives/5cm_resolution/0.5m_turning_radius/diff
[1.079s] -- Up-to-date: /home/nagisa/fishbot_ws/install/nav2_smac_planner/share/nav2_smac_planner/sample_primitives/5cm_resolution/0.5m_turning_radius/diff/output.json
[1.081s] -- Up-to-date: /home/nagisa/fishbot_ws/install/nav2_smac_planner/share/nav2_smac_planner/sample_primitives/5cm_resolution/0.5m_turning_radius/ackermann
[1.081s] -- Up-to-date: /home/nagisa/fishbot_ws/install/nav2_smac_planner/share/nav2_smac_planner/sample_primitives/5cm_resolution/0.5m_turning_radius/ackermann/output.json
[1.081s] -- Up-to-date: /home/nagisa/fishbot_ws/install/nav2_smac_planner/share/nav2_smac_planner/sample_primitives/5cm_resolution/1m_turning_radius
[1.096s] -- Up-to-date: /home/nagisa/fishbot_ws/install/nav2_smac_planner/share/nav2_smac_planner/sample_primitives/5cm_resolution/1m_turning_radius/all_trajectories.png
[1.096s] -- Up-to-date: /home/nagisa/fishbot_ws/install/nav2_smac_planner/share/nav2_smac_planner/sample_primitives/5cm_resolution/1m_turning_radius/omni
[1.096s] -- Up-to-date: /home/nagisa/fishbot_ws/install/nav2_smac_planner/share/nav2_smac_planner/sample_primitives/5cm_resolution/1m_turning_radius/omni/output.json
[1.096s] -- Up-to-date: /home/nagisa/fishbot_ws/install/nav2_smac_planner/share/nav2_smac_planner/sample_primitives/5cm_resolution/1m_turning_radius/diff
[1.096s] -- Up-to-date: /home/nagisa/fishbot_ws/install/nav2_smac_planner/share/nav2_smac_planner/sample_primitives/5cm_resolution/1m_turning_radius/diff/output.json
[1.096s] -- Up-to-date: /home/nagisa/fishbot_ws/install/nav2_smac_planner/share/nav2_smac_planner/sample_primitives/5cm_resolution/1m_turning_radius/ackermann
[1.096s] -- Up-to-date: /home/nagisa/fishbot_ws/install/nav2_smac_planner/share/nav2_smac_planner/sample_primitives/5cm_resolution/1m_turning_radius/ackermann/output.json
[1.096s] -- Up-to-date: /home/nagisa/fishbot_ws/install/nav2_smac_planner/share/nav2_smac_planner/environment/library_path.sh
[1.097s] -- Up-to-date: /home/nagisa/fishbot_ws/install/nav2_smac_planner/share/nav2_smac_planner/environment/library_path.dsv
[1.097s] -- Up-to-date: /home/nagisa/fishbot_ws/install/nav2_smac_planner/share/ament_index/resource_index/package_run_dependencies/nav2_smac_planner
[1.097s] -- Up-to-date: /home/nagisa/fishbot_ws/install/nav2_smac_planner/share/ament_index/resource_index/parent_prefix_path/nav2_smac_planner
[1.097s] -- Up-to-date: /home/nagisa/fishbot_ws/install/nav2_smac_planner/share/nav2_smac_planner/environment/ament_prefix_path.sh
[1.097s] -- Up-to-date: /home/nagisa/fishbot_ws/install/nav2_smac_planner/share/nav2_smac_planner/environment/ament_prefix_path.dsv
[1.097s] -- Up-to-date: /home/nagisa/fishbot_ws/install/nav2_smac_planner/share/nav2_smac_planner/environment/path.sh
[1.097s] -- Up-to-date: /home/nagisa/fishbot_ws/install/nav2_smac_planner/share/nav2_smac_planner/environment/path.dsv
[1.097s] -- Up-to-date: /home/nagisa/fishbot_ws/install/nav2_smac_planner/share/nav2_smac_planner/local_setup.bash
[1.097s] -- Up-to-date: /home/nagisa/fishbot_ws/install/nav2_smac_planner/share/nav2_smac_planner/local_setup.sh
[1.097s] -- Up-to-date: /home/nagisa/fishbot_ws/install/nav2_smac_planner/share/nav2_smac_planner/local_setup.zsh
[1.097s] -- Up-to-date: /home/nagisa/fishbot_ws/install/nav2_smac_planner/share/nav2_smac_planner/local_setup.dsv
[1.097s] -- Installing: /home/nagisa/fishbot_ws/install/nav2_smac_planner/share/nav2_smac_planner/package.dsv
[1.097s] -- Up-to-date: /home/nagisa/fishbot_ws/install/nav2_smac_planner/share/ament_index/resource_index/packages/nav2_smac_planner
[1.097s] -- Up-to-date: /home/nagisa/fishbot_ws/install/nav2_smac_planner/share/ament_index/resource_index/nav2_core__pluginlib__plugin/nav2_smac_planner
[1.097s] -- Up-to-date: /home/nagisa/fishbot_ws/install/nav2_smac_planner/share/nav2_smac_planner/cmake/ament_cmake_export_include_directories-extras.cmake
[1.097s] -- Up-to-date: /home/nagisa/fishbot_ws/install/nav2_smac_planner/share/nav2_smac_planner/cmake/ament_cmake_export_libraries-extras.cmake
[1.097s] -- Up-to-date: /home/nagisa/fishbot_ws/install/nav2_smac_planner/share/nav2_smac_planner/cmake/ament_cmake_export_dependencies-extras.cmake
[1.100s] -- Up-to-date: /home/nagisa/fishbot_ws/install/nav2_smac_planner/share/nav2_smac_planner/cmake/nav2_smac_plannerConfig.cmake
[1.100s] -- Up-to-date: /home/nagisa/fishbot_ws/install/nav2_smac_planner/share/nav2_smac_planner/cmake/nav2_smac_plannerConfig-version.cmake
[1.102s] -- Up-to-date: /home/nagisa/fishbot_ws/install/nav2_smac_planner/share/nav2_smac_planner/package.xml
[1.137s] Invoked command in '/home/nagisa/fishbot_ws/build/nav2_smac_planner' returned '0': CMAKE_PREFIX_PATH=/home/nagisa/fishbot_ws/install/nav2_core:/home/nagisa/fishbot_ws/install/nav2_costmap_2d:/home/nagisa/fishbot_ws/install/nav2_map_server:/home/nagisa/fishbot_ws/install/nav2_lifecycle_manager:/home/nagisa/fishbot_ws/install/nav2_util:/home/nagisa/fishbot_ws/install/nav2_voxel_grid:/home/nagisa/fishbot_ws/install/nav2_msgs:/home/nagisa/fishbot_ws/install/nav2_common:/home/nagisa/fishbot_ws/install/navigation2:/home/nagisa/fishbot_ws/install/nav2_smoother:/home/nagisa/fishbot_ws/install/nav2_dwb_controller:/home/nagisa/fishbot_ws/install/nav2_controller:/home/nagisa/fishbot_ws/install/dwb_plugins:/home/nagisa/fishbot_ws/install/dwb_critics:/home/nagisa/fishbot_ws/install/dwb_core:/home/nagisa/fishbot_ws/install/nav_2d_utils:/home/nagisa/fishbot_ws/install/dwb_msgs:/home/nagisa/fishbot_ws/install/nav_2d_msgs:/home/nagisa/fishbot_ws/install/nav2_waypoint_follower:/home/nagisa/fishbot_ws/install/nav2_theta_star_planner:/home/nagisa/fishbot_ws/install/nav2_smac_planner:/home/nagisa/fishbot_ws/install/nav2_rotation_shim_controller:/home/nagisa/fishbot_ws/install/nav2_regulated_pure_pursuit_controller:/home/nagisa/fishbot_ws/install/nav2_planner:/home/nagisa/fishbot_ws/install/nav2_navfn_planner:/home/nagisa/fishbot_ws/install/nav2_mppi_controller:/home/nagisa/fishbot_ws/install/nav2_constrained_smoother:/home/nagisa/fishbot_ws/install/nav2_bt_navigator:/home/nagisa/fishbot_ws/install/nav2_behaviors:/home/nagisa/fishbot_ws/install/nav2_collision_monitor:/home/nagisa/fishbot_ws/install/costmap_queue:/home/nagisa/fishbot_ws/install/nav2_velocity_smoother:/home/nagisa/fishbot_ws/install/nav2_rviz_plugins:/home/nagisa/fishbot_ws/install/nav2_behavior_tree:/home/nagisa/fishbot_ws/install/nav2_amcl:/home/nagisa/fishbot_ws/install/fishbot_navigation2:/home/nagisa/fishbot_ws/install/fishbot_cartographer:/home/nagisa/fishbot_ws/install/cartographer_rviz:/home/nagisa/fishbot_ws/install/cartographer_ros:/home/nagisa/fishbot_ws/install/cartographer_ros_msgs:/home/nagisa/fishbot_ws/install/cartographer:/home/nagisa/fishbot_ws/install/nav2_simple_commander:/home/nagisa/fishbot_ws/install/fishbot_description:/opt/ros/humble LD_LIBRARY_PATH=/home/nagisa/fishbot_ws/install/nav2_costmap_2d/lib:/home/nagisa/fishbot_ws/install/nav2_map_server/lib:/home/nagisa/fishbot_ws/install/nav2_lifecycle_manager/lib:/home/nagisa/fishbot_ws/install/nav2_util/lib:/home/nagisa/fishbot_ws/install/nav2_voxel_grid/lib:/home/nagisa/fishbot_ws/install/nav2_msgs/lib:/home/nagisa/fishbot_ws/install/nav2_smoother/lib:/home/nagisa/fishbot_ws/install/nav2_controller/lib:/home/nagisa/fishbot_ws/install/dwb_plugins/lib:/home/nagisa/fishbot_ws/install/dwb_critics/lib:/home/nagisa/fishbot_ws/install/dwb_core/lib:/home/nagisa/fishbot_ws/install/nav_2d_utils/lib:/home/nagisa/fishbot_ws/install/dwb_msgs/lib:/home/nagisa/fishbot_ws/install/nav_2d_msgs/lib:/home/nagisa/fishbot_ws/install/nav2_waypoint_follower/lib:/home/nagisa/fishbot_ws/install/nav2_theta_star_planner/lib:/home/nagisa/fishbot_ws/install/nav2_smac_planner/lib:/home/nagisa/fishbot_ws/install/nav2_rotation_shim_controller/lib:/home/nagisa/fishbot_ws/install/nav2_regulated_pure_pursuit_controller/lib:/home/nagisa/fishbot_ws/install/nav2_planner/lib:/home/nagisa/fishbot_ws/install/nav2_navfn_planner/lib:/home/nagisa/fishbot_ws/install/nav2_mppi_controller/lib:/home/nagisa/fishbot_ws/install/nav2_constrained_smoother/lib:/home/nagisa/fishbot_ws/install/nav2_bt_navigator/lib:/home/nagisa/fishbot_ws/install/nav2_behaviors/lib:/home/nagisa/fishbot_ws/install/nav2_collision_monitor/lib:/home/nagisa/fishbot_ws/install/costmap_queue/lib:/home/nagisa/fishbot_ws/install/nav2_velocity_smoother/lib:/home/nagisa/fishbot_ws/install/nav2_rviz_plugins/lib:/home/nagisa/fishbot_ws/install/nav2_behavior_tree/lib:/home/nagisa/fishbot_ws/install/nav2_amcl/lib:/home/nagisa/fishbot_ws/install/cartographer_rviz/lib:/home/nagisa/fishbot_ws/install/cartographer_ros/lib:/home/nagisa/fishbot_ws/install/cartographer_ros_msgs/lib:/usr/lib/x86_64-linux-gnu/gazebo-11/plugins:/opt/ros/humble/opt/rviz_ogre_vendor/lib:/opt/ros/humble/lib/x86_64-linux-gnu:/opt/ros/humble/lib /usr/bin/cmake --install /home/nagisa/fishbot_ws/build/nav2_smac_planner
