[1.388s] Invoking command in '/home/nagisa/fishbot_ws/src/navigation2/nav2_simple_commander': AMENT_PREFIX_PATH=/home/nagisa/fishbot_ws/install/nav2_msgs:/home/nagisa/fishbot_ws/install/nav2_common:${AMENT_PREFIX_PATH} CMAKE_PREFIX_PATH=/home/nagisa/fishbot_ws/install/nav2_msgs:/home/nagisa/fishbot_ws/install/nav2_common LD_LIBRARY_PATH=/home/nagisa/fishbot_ws/install/nav2_msgs/lib:${LD_LIBRARY_PATH} PYTHONPATH=/home/nagisa/fishbot_ws/build/nav2_simple_commander/prefix_override:/usr/lib/python3/dist-packages/colcon_core/task/python/colcon_distutils_commands:/home/nagisa/fishbot_ws/install/nav2_simple_commander/lib/python3.10/site-packages:/home/nagisa/fishbot_ws/install/nav2_msgs/local/lib/python3.10/dist-packages:/home/nagisa/fishbot_ws/install/nav2_common/local/lib/python3.10/dist-packages:${PYTHONPATH} /usr/bin/python3 -W ignore:setup.py install is deprecated setup.py egg_info --egg-base ../../../build/nav2_simple_commander build --build-base /home/nagisa/fishbot_ws/build/nav2_simple_commander/build install --record /home/nagisa/fishbot_ws/build/nav2_simple_commander/install.log --single-version-externally-managed install_data
[2.275s] running egg_info
[2.283s] writing ../../../build/nav2_simple_commander/nav2_simple_commander.egg-info/PKG-INFO
[2.290s] writing dependency_links to ../../../build/nav2_simple_commander/nav2_simple_commander.egg-info/dependency_links.txt
[2.290s] writing entry points to ../../../build/nav2_simple_commander/nav2_simple_commander.egg-info/entry_points.txt
[2.291s] writing requirements to ../../../build/nav2_simple_commander/nav2_simple_commander.egg-info/requires.txt
[2.291s] writing top-level names to ../../../build/nav2_simple_commander/nav2_simple_commander.egg-info/top_level.txt
[2.307s] reading manifest file '../../../build/nav2_simple_commander/nav2_simple_commander.egg-info/SOURCES.txt'
[2.308s] writing manifest file '../../../build/nav2_simple_commander/nav2_simple_commander.egg-info/SOURCES.txt'
[2.309s] running build
[2.309s] running build_py
[2.322s] running install
[2.322s] running install_lib
[2.327s] running install_data
[2.329s] running install_egg_info
[2.331s] removing '/home/nagisa/fishbot_ws/install/nav2_simple_commander/lib/python3.10/site-packages/nav2_simple_commander-1.0.0-py3.10.egg-info' (and everything under it)
[2.331s] Copying ../../../build/nav2_simple_commander/nav2_simple_commander.egg-info to /home/nagisa/fishbot_ws/install/nav2_simple_commander/lib/python3.10/site-packages/nav2_simple_commander-1.0.0-py3.10.egg-info
[2.347s] running install_scripts
[2.370s] Installing demo_inspection script to /home/nagisa/fishbot_ws/install/nav2_simple_commander/lib/nav2_simple_commander
[2.377s] Installing demo_picking script to /home/nagisa/fishbot_ws/install/nav2_simple_commander/lib/nav2_simple_commander
[2.377s] Installing demo_recoveries script to /home/nagisa/fishbot_ws/install/nav2_simple_commander/lib/nav2_simple_commander
[2.377s] Installing demo_security script to /home/nagisa/fishbot_ws/install/nav2_simple_commander/lib/nav2_simple_commander
[2.377s] Installing example_assisted_teleop script to /home/nagisa/fishbot_ws/install/nav2_simple_commander/lib/nav2_simple_commander
[2.377s] Installing example_follow_path script to /home/nagisa/fishbot_ws/install/nav2_simple_commander/lib/nav2_simple_commander
[2.377s] Installing example_nav_through_poses script to /home/nagisa/fishbot_ws/install/nav2_simple_commander/lib/nav2_simple_commander
[2.377s] Installing example_nav_to_pose script to /home/nagisa/fishbot_ws/install/nav2_simple_commander/lib/nav2_simple_commander
[2.377s] Installing example_waypoint_follower script to /home/nagisa/fishbot_ws/install/nav2_simple_commander/lib/nav2_simple_commander
[2.377s] writing list of installed files to '/home/nagisa/fishbot_ws/build/nav2_simple_commander/install.log'
[2.445s] Invoked command in '/home/nagisa/fishbot_ws/src/navigation2/nav2_simple_commander' returned '0': AMENT_PREFIX_PATH=/home/nagisa/fishbot_ws/install/nav2_msgs:/home/nagisa/fishbot_ws/install/nav2_common:${AMENT_PREFIX_PATH} CMAKE_PREFIX_PATH=/home/nagisa/fishbot_ws/install/nav2_msgs:/home/nagisa/fishbot_ws/install/nav2_common LD_LIBRARY_PATH=/home/nagisa/fishbot_ws/install/nav2_msgs/lib:${LD_LIBRARY_PATH} PYTHONPATH=/home/nagisa/fishbot_ws/build/nav2_simple_commander/prefix_override:/usr/lib/python3/dist-packages/colcon_core/task/python/colcon_distutils_commands:/home/nagisa/fishbot_ws/install/nav2_simple_commander/lib/python3.10/site-packages:/home/nagisa/fishbot_ws/install/nav2_msgs/local/lib/python3.10/dist-packages:/home/nagisa/fishbot_ws/install/nav2_common/local/lib/python3.10/dist-packages:${PYTHONPATH} /usr/bin/python3 -W ignore:setup.py install is deprecated setup.py egg_info --egg-base ../../../build/nav2_simple_commander build --build-base /home/nagisa/fishbot_ws/build/nav2_simple_commander/build install --record /home/nagisa/fishbot_ws/build/nav2_simple_commander/install.log --single-version-externally-managed install_data
