[35m[1mConsolidate compiler generated dependencies of target nav2_behavior_tree[0m
[35m[1mConsolidate compiler generated dependencies of target nav2_controller_cancel_bt_node[0m
[35m[1mConsolidate compiler generated dependencies of target nav2_spin_cancel_bt_node[0m
[35m[1mConsolidate compiler generated dependencies of target nav2_wait_cancel_bt_node[0m
[35m[1mConsolidate compiler generated dependencies of target nav2_assisted_teleop_cancel_bt_node[0m
[35m[1mConsolidate compiler generated dependencies of target nav2_back_up_action_bt_node[0m
[  1%] [32mBuilding CXX object CMakeFiles/nav2_compute_path_to_pose_action_bt_node.dir/plugins/action/compute_path_to_pose_action.cpp.o[0m
[  2%] [32mBuilding CXX object CMakeFiles/nav2_compute_path_through_poses_action_bt_node.dir/plugins/action/compute_path_through_poses_action.cpp.o[0m
[  2%] [32mBuilding CXX object CMakeFiles/nav2_smooth_path_action_bt_node.dir/plugins/action/smooth_path_action.cpp.o[0m
[  3%] [32mBuilding CXX object CMakeFiles/nav2_back_up_cancel_bt_node.dir/plugins/action/back_up_cancel_node.cpp.o[0m
[  3%] [32mBuilding CXX object CMakeFiles/nav2_drive_on_heading_cancel_bt_node.dir/plugins/action/drive_on_heading_cancel_node.cpp.o[0m
[  3%] [32mBuilding CXX object CMakeFiles/nav2_follow_path_action_bt_node.dir/plugins/action/follow_path_action.cpp.o[0m
[  4%] Built target nav2_controller_cancel_bt_node
[  6%] Built target nav2_wait_cancel_bt_node
[  6%] Built target nav2_assisted_teleop_cancel_bt_node
[  7%] Built target nav2_behavior_tree
[  8%] Built target nav2_spin_cancel_bt_node
[  9%] Built target nav2_back_up_action_bt_node
[  9%] [32mBuilding CXX object CMakeFiles/nav2_drive_on_heading_bt_node.dir/plugins/action/drive_on_heading_action.cpp.o[0m
[ 10%] [32mBuilding CXX object CMakeFiles/nav2_assisted_teleop_action_bt_node.dir/plugins/action/assisted_teleop_action.cpp.o[0m
[ 11%] [32mBuilding CXX object CMakeFiles/nav2_spin_action_bt_node.dir/plugins/action/spin_action.cpp.o[0m
[ 12%] [32mBuilding CXX object CMakeFiles/nav2_wait_action_bt_node.dir/plugins/action/wait_action.cpp.o[0m
[ 13%] [32mBuilding CXX object CMakeFiles/nav2_clear_costmap_service_bt_node.dir/plugins/action/clear_costmap_service.cpp.o[0m
[ 14%] [32mBuilding CXX object CMakeFiles/nav2_is_stuck_condition_bt_node.dir/plugins/condition/is_stuck_condition.cpp.o[0m
[ 15%] [32m[1mLinking CXX shared library libnav2_drive_on_heading_cancel_bt_node.so[0m
[ 15%] Built target nav2_drive_on_heading_cancel_bt_node
[ 15%] [32m[1mLinking CXX shared library libnav2_back_up_cancel_bt_node.so[0m
[ 15%] Built target nav2_back_up_cancel_bt_node
[ 15%] [32m[1mLinking CXX shared library libnav2_spin_action_bt_node.so[0m
[ 15%] [32m[1mLinking CXX shared library libnav2_clear_costmap_service_bt_node.so[0m
[ 15%] Built target nav2_clear_costmap_service_bt_node
[ 15%] Built target nav2_spin_action_bt_node
[ 16%] [32m[1mLinking CXX shared library libnav2_drive_on_heading_bt_node.so[0m
[ 16%] Built target nav2_drive_on_heading_bt_node
[ 16%] [32m[1mLinking CXX shared library libnav2_assisted_teleop_action_bt_node.so[0m
[ 16%] [32m[1mLinking CXX shared library libnav2_is_stuck_condition_bt_node.so[0m
[ 16%] Built target nav2_assisted_teleop_action_bt_node
[ 16%] Built target nav2_is_stuck_condition_bt_node
[ 16%] [32m[1mLinking CXX shared library libnav2_wait_action_bt_node.so[0m
[ 16%] Built target nav2_wait_action_bt_node
