[0.022s] Invoking command in '/home/nagisa/fishbot_ws/build/nav2_behavior_tree': AMENT_PREFIX_PATH=/home/nagisa/fishbot_ws/install/nav2_util:/home/nagisa/fishbot_ws/install/nav2_msgs:/home/nagisa/fishbot_ws/install/nav2_common:${AMENT_PREFIX_PATH} CMAKE_PREFIX_PATH=/home/nagisa/fishbot_ws/install/nav2_util:/home/nagisa/fishbot_ws/install/nav2_msgs:/home/nagisa/fishbot_ws/install/nav2_common:/opt/ros/humble LD_LIBRARY_PATH=/home/nagisa/fishbot_ws/install/nav2_util/lib:/home/nagisa/fishbot_ws/install/nav2_msgs/lib:${LD_LIBRARY_PATH} PYTHONPATH=/home/nagisa/fishbot_ws/install/nav2_msgs/local/lib/python3.10/dist-packages:/home/nagisa/fishbot_ws/install/nav2_common/local/lib/python3.10/dist-packages:${PYTHONPATH} /usr/bin/cmake --build /home/nagisa/fishbot_ws/build/nav2_behavior_tree -- -j12 -l12
[0.106s] [35m[1mConsolidate compiler generated dependencies of target nav2_behavior_tree[0m
[0.106s] [35m[1mConsolidate compiler generated dependencies of target nav2_controller_cancel_bt_node[0m
[0.116s] [35m[1mConsolidate compiler generated dependencies of target nav2_spin_cancel_bt_node[0m
[0.117s] [35m[1mConsolidate compiler generated dependencies of target nav2_wait_cancel_bt_node[0m
[0.119s] [35m[1mConsolidate compiler generated dependencies of target nav2_assisted_teleop_cancel_bt_node[0m
[0.124s] [35m[1mConsolidate compiler generated dependencies of target nav2_back_up_action_bt_node[0m
[0.126s] [  1%] [32mBuilding CXX object CMakeFiles/nav2_compute_path_to_pose_action_bt_node.dir/plugins/action/compute_path_to_pose_action.cpp.o[0m
[0.126s] [  2%] [32mBuilding CXX object CMakeFiles/nav2_compute_path_through_poses_action_bt_node.dir/plugins/action/compute_path_through_poses_action.cpp.o[0m
[0.133s] [  2%] [32mBuilding CXX object CMakeFiles/nav2_smooth_path_action_bt_node.dir/plugins/action/smooth_path_action.cpp.o[0m
[0.135s] [  3%] [32mBuilding CXX object CMakeFiles/nav2_back_up_cancel_bt_node.dir/plugins/action/back_up_cancel_node.cpp.o[0m
[0.140s] [  3%] [32mBuilding CXX object CMakeFiles/nav2_drive_on_heading_cancel_bt_node.dir/plugins/action/drive_on_heading_cancel_node.cpp.o[0m
[0.140s] [  3%] [32mBuilding CXX object CMakeFiles/nav2_follow_path_action_bt_node.dir/plugins/action/follow_path_action.cpp.o[0m
[0.140s] [  4%] Built target nav2_controller_cancel_bt_node
[0.146s] [  6%] Built target nav2_wait_cancel_bt_node
[0.146s] [  6%] Built target nav2_assisted_teleop_cancel_bt_node
[0.146s] [  7%] Built target nav2_behavior_tree
[0.151s] [  8%] Built target nav2_spin_cancel_bt_node
[0.157s] [  9%] Built target nav2_back_up_action_bt_node
[0.193s] [  9%] [32mBuilding CXX object CMakeFiles/nav2_drive_on_heading_bt_node.dir/plugins/action/drive_on_heading_action.cpp.o[0m
[0.193s] [ 10%] [32mBuilding CXX object CMakeFiles/nav2_assisted_teleop_action_bt_node.dir/plugins/action/assisted_teleop_action.cpp.o[0m
[0.193s] [ 11%] [32mBuilding CXX object CMakeFiles/nav2_spin_action_bt_node.dir/plugins/action/spin_action.cpp.o[0m
[0.198s] [ 12%] [32mBuilding CXX object CMakeFiles/nav2_wait_action_bt_node.dir/plugins/action/wait_action.cpp.o[0m
[0.207s] [ 13%] [32mBuilding CXX object CMakeFiles/nav2_clear_costmap_service_bt_node.dir/plugins/action/clear_costmap_service.cpp.o[0m
[0.213s] [ 14%] [32mBuilding CXX object CMakeFiles/nav2_is_stuck_condition_bt_node.dir/plugins/condition/is_stuck_condition.cpp.o[0m
[24.078s] [01m[Kc++:[m[K [01;31m[Kfatal error: [m[K已杀死 signal terminated program cc1plus
[24.113s] compilation terminated.
[24.119s] gmake[2]: *** [CMakeFiles/nav2_follow_path_action_bt_node.dir/build.make:76：CMakeFiles/nav2_follow_path_action_bt_node.dir/plugins/action/follow_path_action.cpp.o] 错误 1
[24.215s] gmake[1]: *** [CMakeFiles/Makefile2:698：CMakeFiles/nav2_follow_path_action_bt_node.dir/all] 错误 2
[24.225s] gmake[1]: *** 正在等待未完成的任务....
[28.592s] [01m[Kc++:[m[K [01;31m[Kfatal error: [m[K已杀死 signal terminated program cc1plus
[28.723s] compilation terminated.
[28.723s] gmake[2]: *** [CMakeFiles/nav2_smooth_path_action_bt_node.dir/build.make:76：CMakeFiles/nav2_smooth_path_action_bt_node.dir/plugins/action/smooth_path_action.cpp.o] 错误 1
[28.723s] gmake[1]: *** [CMakeFiles/Makefile2:672：CMakeFiles/nav2_smooth_path_action_bt_node.dir/all] 错误 2
[34.454s] [01m[Kc++:[m[K [01;31m[Kfatal error: [m[K已杀死 signal terminated program cc1plus
[34.458s] compilation terminated.
[34.458s] gmake[2]: *** [CMakeFiles/nav2_compute_path_to_pose_action_bt_node.dir/build.make:76：CMakeFiles/nav2_compute_path_to_pose_action_bt_node.dir/plugins/action/compute_path_to_pose_action.cpp.o] 错误 1
[34.458s] gmake[1]: *** [CMakeFiles/Makefile2:464：CMakeFiles/nav2_compute_path_to_pose_action_bt_node.dir/all] 错误 2
[40.916s] [01m[Kc++:[m[K [01;31m[Kfatal error: [m[K已杀死 signal terminated program cc1plus
[40.937s] compilation terminated.
[40.942s] gmake[2]: *** [CMakeFiles/nav2_compute_path_through_poses_action_bt_node.dir/build.make:76：CMakeFiles/nav2_compute_path_through_poses_action_bt_node.dir/plugins/action/compute_path_through_poses_action.cpp.o] 错误 1
[40.942s] gmake[1]: *** [CMakeFiles/Makefile2:490：CMakeFiles/nav2_compute_path_through_poses_action_bt_node.dir/all] 错误 2
[183.755s] [ 15%] [32m[1mLinking CXX shared library libnav2_drive_on_heading_cancel_bt_node.so[0m
[184.292s] [ 15%] Built target nav2_drive_on_heading_cancel_bt_node
[190.675s] [ 15%] [32m[1mLinking CXX shared library libnav2_back_up_cancel_bt_node.so[0m
[191.009s] [ 15%] Built target nav2_back_up_cancel_bt_node
[196.700s] [ 15%] [32m[1mLinking CXX shared library libnav2_spin_action_bt_node.so[0m
[196.936s] [ 15%] [32m[1mLinking CXX shared library libnav2_clear_costmap_service_bt_node.so[0m
[197.169s] [ 15%] Built target nav2_clear_costmap_service_bt_node
[197.525s] [ 15%] Built target nav2_spin_action_bt_node
[200.991s] [ 16%] [32m[1mLinking CXX shared library libnav2_drive_on_heading_bt_node.so[0m
[201.184s] [ 16%] Built target nav2_drive_on_heading_bt_node
[202.769s] [ 16%] [32m[1mLinking CXX shared library libnav2_assisted_teleop_action_bt_node.so[0m
[202.951s] [ 16%] [32m[1mLinking CXX shared library libnav2_is_stuck_condition_bt_node.so[0m
[202.955s] [ 16%] Built target nav2_assisted_teleop_action_bt_node
[203.167s] [ 16%] Built target nav2_is_stuck_condition_bt_node
[204.501s] [ 16%] [32m[1mLinking CXX shared library libnav2_wait_action_bt_node.so[0m
[204.732s] [ 16%] Built target nav2_wait_action_bt_node
[204.754s] gmake: *** [Makefile:146：all] 错误 2
[204.889s] Invoked command in '/home/nagisa/fishbot_ws/build/nav2_behavior_tree' returned '2': AMENT_PREFIX_PATH=/home/nagisa/fishbot_ws/install/nav2_util:/home/nagisa/fishbot_ws/install/nav2_msgs:/home/nagisa/fishbot_ws/install/nav2_common:${AMENT_PREFIX_PATH} CMAKE_PREFIX_PATH=/home/nagisa/fishbot_ws/install/nav2_util:/home/nagisa/fishbot_ws/install/nav2_msgs:/home/nagisa/fishbot_ws/install/nav2_common:/opt/ros/humble LD_LIBRARY_PATH=/home/nagisa/fishbot_ws/install/nav2_util/lib:/home/nagisa/fishbot_ws/install/nav2_msgs/lib:${LD_LIBRARY_PATH} PYTHONPATH=/home/nagisa/fishbot_ws/install/nav2_msgs/local/lib/python3.10/dist-packages:/home/nagisa/fishbot_ws/install/nav2_common/local/lib/python3.10/dist-packages:${PYTHONPATH} /usr/bin/cmake --build /home/nagisa/fishbot_ws/build/nav2_behavior_tree -- -j12 -l12
