[0.042s] Invoking command in '/home/nagisa/fishbot_ws/build/nav2_controller': AMENT_PREFIX_PATH=/home/nagisa/fishbot_ws/install/nav2_core:/home/nagisa/fishbot_ws/install/nav2_costmap_2d:/home/nagisa/fishbot_ws/install/nav_2d_utils:/home/nagisa/fishbot_ws/install/nav2_map_server:/home/nagisa/fishbot_ws/install/nav2_lifecycle_manager:/home/nagisa/fishbot_ws/install/nav2_util:/home/nagisa/fishbot_ws/install/nav2_voxel_grid:/home/nagisa/fishbot_ws/install/nav2_msgs:/home/nagisa/fishbot_ws/install/nav_2d_msgs:/home/nagisa/fishbot_ws/install/nav2_common:${AMENT_PREFIX_PATH} CMAKE_PREFIX_PATH=/home/nagisa/fishbot_ws/install/nav2_core:/home/nagisa/fishbot_ws/install/nav2_costmap_2d:/home/nagisa/fishbot_ws/install/nav_2d_utils:/home/nagisa/fishbot_ws/install/nav2_map_server:/home/nagisa/fishbot_ws/install/nav2_lifecycle_manager:/home/nagisa/fishbot_ws/install/nav2_util:/home/nagisa/fishbot_ws/install/nav2_voxel_grid:/home/nagisa/fishbot_ws/install/nav2_msgs:/home/nagisa/fishbot_ws/install/nav_2d_msgs:/home/nagisa/fishbot_ws/install/nav2_common:/opt/ros/humble LD_LIBRARY_PATH=/home/nagisa/fishbot_ws/install/nav2_costmap_2d/lib:/home/nagisa/fishbot_ws/install/nav_2d_utils/lib:/home/nagisa/fishbot_ws/install/nav2_map_server/lib:/home/nagisa/fishbot_ws/install/nav2_lifecycle_manager/lib:/home/nagisa/fishbot_ws/install/nav2_util/lib:/home/nagisa/fishbot_ws/install/nav2_voxel_grid/lib:/home/nagisa/fishbot_ws/install/nav2_msgs/lib:/home/nagisa/fishbot_ws/install/nav_2d_msgs/lib:${LD_LIBRARY_PATH} PYTHONPATH=/home/nagisa/fishbot_ws/install/nav2_msgs/local/lib/python3.10/dist-packages:/home/nagisa/fishbot_ws/install/nav_2d_msgs/local/lib/python3.10/dist-packages:/home/nagisa/fishbot_ws/install/nav2_common/local/lib/python3.10/dist-packages:${PYTHONPATH} /usr/bin/cmake --build /home/nagisa/fishbot_ws/build/nav2_controller -- -j12 -l12
[0.118s] [35m[1mConsolidate compiler generated dependencies of target gtest[0m
[0.119s] [35m[1mConsolidate compiler generated dependencies of target gtest_main[0m
[0.119s] [35m[1mConsolidate compiler generated dependencies of target controller_server_core[0m
[0.119s] [35m[1mConsolidate compiler generated dependencies of target simple_goal_checker[0m
[0.121s] [35m[1mConsolidate compiler generated dependencies of target simple_progress_checker[0m
[0.138s] [  9%] Built target gtest_main
[0.139s] [ 18%] Built target gtest
[0.145s] [ 27%] Built target controller_server_core
[0.145s] [ 36%] Built target simple_progress_checker
[0.145s] [ 45%] Built target simple_goal_checker
[0.166s] [35m[1mConsolidate compiler generated dependencies of target pose_progress_checker[0m
[0.166s] [35m[1mConsolidate compiler generated dependencies of target test_dynamic_parameters[0m
[0.166s] [35m[1mConsolidate compiler generated dependencies of target stopped_goal_checker[0m
[0.189s] [ 63%] Built target stopped_goal_checker
[0.189s] [ 63%] Built target pose_progress_checker
[0.189s] [ 72%] Built target test_dynamic_parameters
[0.209s] [35m[1mConsolidate compiler generated dependencies of target gctest[0m
[0.210s] [35m[1mConsolidate compiler generated dependencies of target controller_server[0m
[0.235s] [ 90%] Built target controller_server
[0.235s] [ 90%] Built target gctest
[0.255s] [35m[1mConsolidate compiler generated dependencies of target pctest[0m
[0.279s] [100%] Built target pctest
[0.292s] Invoked command in '/home/nagisa/fishbot_ws/build/nav2_controller' returned '0': AMENT_PREFIX_PATH=/home/nagisa/fishbot_ws/install/nav2_core:/home/nagisa/fishbot_ws/install/nav2_costmap_2d:/home/nagisa/fishbot_ws/install/nav_2d_utils:/home/nagisa/fishbot_ws/install/nav2_map_server:/home/nagisa/fishbot_ws/install/nav2_lifecycle_manager:/home/nagisa/fishbot_ws/install/nav2_util:/home/nagisa/fishbot_ws/install/nav2_voxel_grid:/home/nagisa/fishbot_ws/install/nav2_msgs:/home/nagisa/fishbot_ws/install/nav_2d_msgs:/home/nagisa/fishbot_ws/install/nav2_common:${AMENT_PREFIX_PATH} CMAKE_PREFIX_PATH=/home/nagisa/fishbot_ws/install/nav2_core:/home/nagisa/fishbot_ws/install/nav2_costmap_2d:/home/nagisa/fishbot_ws/install/nav_2d_utils:/home/nagisa/fishbot_ws/install/nav2_map_server:/home/nagisa/fishbot_ws/install/nav2_lifecycle_manager:/home/nagisa/fishbot_ws/install/nav2_util:/home/nagisa/fishbot_ws/install/nav2_voxel_grid:/home/nagisa/fishbot_ws/install/nav2_msgs:/home/nagisa/fishbot_ws/install/nav_2d_msgs:/home/nagisa/fishbot_ws/install/nav2_common:/opt/ros/humble LD_LIBRARY_PATH=/home/nagisa/fishbot_ws/install/nav2_costmap_2d/lib:/home/nagisa/fishbot_ws/install/nav_2d_utils/lib:/home/nagisa/fishbot_ws/install/nav2_map_server/lib:/home/nagisa/fishbot_ws/install/nav2_lifecycle_manager/lib:/home/nagisa/fishbot_ws/install/nav2_util/lib:/home/nagisa/fishbot_ws/install/nav2_voxel_grid/lib:/home/nagisa/fishbot_ws/install/nav2_msgs/lib:/home/nagisa/fishbot_ws/install/nav_2d_msgs/lib:${LD_LIBRARY_PATH} PYTHONPATH=/home/nagisa/fishbot_ws/install/nav2_msgs/local/lib/python3.10/dist-packages:/home/nagisa/fishbot_ws/install/nav_2d_msgs/local/lib/python3.10/dist-packages:/home/nagisa/fishbot_ws/install/nav2_common/local/lib/python3.10/dist-packages:${PYTHONPATH} /usr/bin/cmake --build /home/nagisa/fishbot_ws/build/nav2_controller -- -j12 -l12
[0.408s] Invoking command in '/home/nagisa/fishbot_ws/build/nav2_controller': AMENT_PREFIX_PATH=/home/nagisa/fishbot_ws/install/nav2_core:/home/nagisa/fishbot_ws/install/nav2_costmap_2d:/home/nagisa/fishbot_ws/install/nav_2d_utils:/home/nagisa/fishbot_ws/install/nav2_map_server:/home/nagisa/fishbot_ws/install/nav2_lifecycle_manager:/home/nagisa/fishbot_ws/install/nav2_util:/home/nagisa/fishbot_ws/install/nav2_voxel_grid:/home/nagisa/fishbot_ws/install/nav2_msgs:/home/nagisa/fishbot_ws/install/nav_2d_msgs:/home/nagisa/fishbot_ws/install/nav2_common:${AMENT_PREFIX_PATH} CMAKE_PREFIX_PATH=/home/nagisa/fishbot_ws/install/nav2_core:/home/nagisa/fishbot_ws/install/nav2_costmap_2d:/home/nagisa/fishbot_ws/install/nav_2d_utils:/home/nagisa/fishbot_ws/install/nav2_map_server:/home/nagisa/fishbot_ws/install/nav2_lifecycle_manager:/home/nagisa/fishbot_ws/install/nav2_util:/home/nagisa/fishbot_ws/install/nav2_voxel_grid:/home/nagisa/fishbot_ws/install/nav2_msgs:/home/nagisa/fishbot_ws/install/nav_2d_msgs:/home/nagisa/fishbot_ws/install/nav2_common:/opt/ros/humble LD_LIBRARY_PATH=/home/nagisa/fishbot_ws/install/nav2_costmap_2d/lib:/home/nagisa/fishbot_ws/install/nav_2d_utils/lib:/home/nagisa/fishbot_ws/install/nav2_map_server/lib:/home/nagisa/fishbot_ws/install/nav2_lifecycle_manager/lib:/home/nagisa/fishbot_ws/install/nav2_util/lib:/home/nagisa/fishbot_ws/install/nav2_voxel_grid/lib:/home/nagisa/fishbot_ws/install/nav2_msgs/lib:/home/nagisa/fishbot_ws/install/nav_2d_msgs/lib:${LD_LIBRARY_PATH} PYTHONPATH=/home/nagisa/fishbot_ws/install/nav2_msgs/local/lib/python3.10/dist-packages:/home/nagisa/fishbot_ws/install/nav_2d_msgs/local/lib/python3.10/dist-packages:/home/nagisa/fishbot_ws/install/nav2_common/local/lib/python3.10/dist-packages:${PYTHONPATH} /usr/bin/cmake --install /home/nagisa/fishbot_ws/build/nav2_controller
[0.420s] -- Install configuration: "Release"
[0.422s] -- Up-to-date: /home/nagisa/fishbot_ws/install/nav2_controller/lib/libsimple_progress_checker.so
[0.424s] -- Up-to-date: /home/nagisa/fishbot_ws/install/nav2_controller/lib/libpose_progress_checker.so
[0.426s] -- Up-to-date: /home/nagisa/fishbot_ws/install/nav2_controller/lib/libsimple_goal_checker.so
[0.428s] -- Up-to-date: /home/nagisa/fishbot_ws/install/nav2_controller/lib/libstopped_goal_checker.so
[0.429s] -- Up-to-date: /home/nagisa/fishbot_ws/install/nav2_controller/lib/libcontroller_server_core.so
[0.432s] -- Up-to-date: /home/nagisa/fishbot_ws/install/nav2_controller/lib/nav2_controller/controller_server
[0.432s] -- Up-to-date: /home/nagisa/fishbot_ws/install/nav2_controller/include/
[0.432s] -- Up-to-date: /home/nagisa/fishbot_ws/install/nav2_controller/include//nav2_controller
[0.432s] -- Up-to-date: /home/nagisa/fishbot_ws/install/nav2_controller/include//nav2_controller/plugins
[0.433s] -- Up-to-date: /home/nagisa/fishbot_ws/install/nav2_controller/include//nav2_controller/plugins/simple_progress_checker.hpp
[0.433s] -- Up-to-date: /home/nagisa/fishbot_ws/install/nav2_controller/include//nav2_controller/plugins/simple_goal_checker.hpp
[0.433s] -- Up-to-date: /home/nagisa/fishbot_ws/install/nav2_controller/include//nav2_controller/plugins/pose_progress_checker.hpp
[0.433s] -- Up-to-date: /home/nagisa/fishbot_ws/install/nav2_controller/include//nav2_controller/plugins/stopped_goal_checker.hpp
[0.433s] -- Up-to-date: /home/nagisa/fishbot_ws/install/nav2_controller/include//nav2_controller/controller_server.hpp
[0.434s] -- Up-to-date: /home/nagisa/fishbot_ws/install/nav2_controller/share/nav2_controller/environment/library_path.sh
[0.434s] -- Up-to-date: /home/nagisa/fishbot_ws/install/nav2_controller/share/nav2_controller/environment/library_path.dsv
[0.434s] -- Up-to-date: /home/nagisa/fishbot_ws/install/nav2_controller/share/nav2_controller/plugins.xml
[0.436s] -- Up-to-date: /home/nagisa/fishbot_ws/install/nav2_controller/share/ament_index/resource_index/package_run_dependencies/nav2_controller
[0.436s] -- Up-to-date: /home/nagisa/fishbot_ws/install/nav2_controller/share/ament_index/resource_index/parent_prefix_path/nav2_controller
[0.436s] -- Up-to-date: /home/nagisa/fishbot_ws/install/nav2_controller/share/nav2_controller/environment/ament_prefix_path.sh
[0.436s] -- Up-to-date: /home/nagisa/fishbot_ws/install/nav2_controller/share/nav2_controller/environment/ament_prefix_path.dsv
[0.437s] -- Up-to-date: /home/nagisa/fishbot_ws/install/nav2_controller/share/nav2_controller/environment/path.sh
[0.437s] -- Up-to-date: /home/nagisa/fishbot_ws/install/nav2_controller/share/nav2_controller/environment/path.dsv
[0.437s] -- Up-to-date: /home/nagisa/fishbot_ws/install/nav2_controller/share/nav2_controller/local_setup.bash
[0.437s] -- Up-to-date: /home/nagisa/fishbot_ws/install/nav2_controller/share/nav2_controller/local_setup.sh
[0.437s] -- Up-to-date: /home/nagisa/fishbot_ws/install/nav2_controller/share/nav2_controller/local_setup.zsh
[0.437s] -- Up-to-date: /home/nagisa/fishbot_ws/install/nav2_controller/share/nav2_controller/local_setup.dsv
[0.437s] -- Installing: /home/nagisa/fishbot_ws/install/nav2_controller/share/nav2_controller/package.dsv
[0.438s] -- Up-to-date: /home/nagisa/fishbot_ws/install/nav2_controller/share/ament_index/resource_index/packages/nav2_controller
[0.438s] -- Up-to-date: /home/nagisa/fishbot_ws/install/nav2_controller/share/ament_index/resource_index/nav2_core__pluginlib__plugin/nav2_controller
[0.440s] -- Up-to-date: /home/nagisa/fishbot_ws/install/nav2_controller/share/ament_index/resource_index/rclcpp_components/nav2_controller
[0.440s] -- Up-to-date: /home/nagisa/fishbot_ws/install/nav2_controller/share/nav2_controller/cmake/ament_cmake_export_include_directories-extras.cmake
[0.440s] -- Up-to-date: /home/nagisa/fishbot_ws/install/nav2_controller/share/nav2_controller/cmake/ament_cmake_export_libraries-extras.cmake
[0.440s] -- Up-to-date: /home/nagisa/fishbot_ws/install/nav2_controller/share/nav2_controller/cmake/ament_cmake_export_dependencies-extras.cmake
[0.440s] -- Up-to-date: /home/nagisa/fishbot_ws/install/nav2_controller/share/nav2_controller/cmake/nav2_controllerConfig.cmake
[0.440s] -- Up-to-date: /home/nagisa/fishbot_ws/install/nav2_controller/share/nav2_controller/cmake/nav2_controllerConfig-version.cmake
[0.440s] -- Up-to-date: /home/nagisa/fishbot_ws/install/nav2_controller/share/nav2_controller/package.xml
[0.444s] Invoked command in '/home/nagisa/fishbot_ws/build/nav2_controller' returned '0': AMENT_PREFIX_PATH=/home/nagisa/fishbot_ws/install/nav2_core:/home/nagisa/fishbot_ws/install/nav2_costmap_2d:/home/nagisa/fishbot_ws/install/nav_2d_utils:/home/nagisa/fishbot_ws/install/nav2_map_server:/home/nagisa/fishbot_ws/install/nav2_lifecycle_manager:/home/nagisa/fishbot_ws/install/nav2_util:/home/nagisa/fishbot_ws/install/nav2_voxel_grid:/home/nagisa/fishbot_ws/install/nav2_msgs:/home/nagisa/fishbot_ws/install/nav_2d_msgs:/home/nagisa/fishbot_ws/install/nav2_common:${AMENT_PREFIX_PATH} CMAKE_PREFIX_PATH=/home/nagisa/fishbot_ws/install/nav2_core:/home/nagisa/fishbot_ws/install/nav2_costmap_2d:/home/nagisa/fishbot_ws/install/nav_2d_utils:/home/nagisa/fishbot_ws/install/nav2_map_server:/home/nagisa/fishbot_ws/install/nav2_lifecycle_manager:/home/nagisa/fishbot_ws/install/nav2_util:/home/nagisa/fishbot_ws/install/nav2_voxel_grid:/home/nagisa/fishbot_ws/install/nav2_msgs:/home/nagisa/fishbot_ws/install/nav_2d_msgs:/home/nagisa/fishbot_ws/install/nav2_common:/opt/ros/humble LD_LIBRARY_PATH=/home/nagisa/fishbot_ws/install/nav2_costmap_2d/lib:/home/nagisa/fishbot_ws/install/nav_2d_utils/lib:/home/nagisa/fishbot_ws/install/nav2_map_server/lib:/home/nagisa/fishbot_ws/install/nav2_lifecycle_manager/lib:/home/nagisa/fishbot_ws/install/nav2_util/lib:/home/nagisa/fishbot_ws/install/nav2_voxel_grid/lib:/home/nagisa/fishbot_ws/install/nav2_msgs/lib:/home/nagisa/fishbot_ws/install/nav_2d_msgs/lib:${LD_LIBRARY_PATH} PYTHONPATH=/home/nagisa/fishbot_ws/install/nav2_msgs/local/lib/python3.10/dist-packages:/home/nagisa/fishbot_ws/install/nav_2d_msgs/local/lib/python3.10/dist-packages:/home/nagisa/fishbot_ws/install/nav2_common/local/lib/python3.10/dist-packages:${PYTHONPATH} /usr/bin/cmake --install /home/nagisa/fishbot_ws/build/nav2_controller
