[0.033s] Invoking command in '/home/nagisa/fishbot_ws/build/costmap_queue': AMENT_PREFIX_PATH=/home/nagisa/fishbot_ws/install/nav2_costmap_2d:/home/nagisa/fishbot_ws/install/nav2_map_server:/home/nagisa/fishbot_ws/install/nav2_lifecycle_manager:/home/nagisa/fishbot_ws/install/nav2_util:/home/nagisa/fishbot_ws/install/nav2_voxel_grid:/home/nagisa/fishbot_ws/install/nav2_msgs:/home/nagisa/fishbot_ws/install/nav2_common:${AMENT_PREFIX_PATH} CMAKE_PREFIX_PATH=/home/nagisa/fishbot_ws/install/nav2_costmap_2d:/home/nagisa/fishbot_ws/install/nav2_map_server:/home/nagisa/fishbot_ws/install/nav2_lifecycle_manager:/home/nagisa/fishbot_ws/install/nav2_util:/home/nagisa/fishbot_ws/install/nav2_voxel_grid:/home/nagisa/fishbot_ws/install/nav2_msgs:/home/nagisa/fishbot_ws/install/nav2_common:/opt/ros/humble LD_LIBRARY_PATH=/home/nagisa/fishbot_ws/install/nav2_costmap_2d/lib:/home/nagisa/fishbot_ws/install/nav2_map_server/lib:/home/nagisa/fishbot_ws/install/nav2_lifecycle_manager/lib:/home/nagisa/fishbot_ws/install/nav2_util/lib:/home/nagisa/fishbot_ws/install/nav2_voxel_grid/lib:/home/nagisa/fishbot_ws/install/nav2_msgs/lib:${LD_LIBRARY_PATH} PYTHONPATH=/home/nagisa/fishbot_ws/install/nav2_msgs/local/lib/python3.10/dist-packages:/home/nagisa/fishbot_ws/install/nav2_common/local/lib/python3.10/dist-packages:${PYTHONPATH} /usr/bin/cmake --build /home/nagisa/fishbot_ws/build/costmap_queue -- -j12 -l12
[0.102s] [35m[1mConsolidate compiler generated dependencies of target gtest_main[0m
[0.102s] [35m[1mConsolidate compiler generated dependencies of target costmap_queue[0m
[0.102s] [35m[1mConsolidate compiler generated dependencies of target gtest[0m
[0.118s] [ 18%] Built target gtest_main
[0.120s] [ 36%] Built target gtest
[0.121s] [ 63%] Built target costmap_queue
[0.139s] [35m[1mConsolidate compiler generated dependencies of target mbq_test[0m
[0.140s] [35m[1mConsolidate compiler generated dependencies of target utest[0m
[0.156s] [ 81%] Built target mbq_test
[0.161s] [100%] Built target utest
[0.174s] Invoked command in '/home/nagisa/fishbot_ws/build/costmap_queue' returned '0': AMENT_PREFIX_PATH=/home/nagisa/fishbot_ws/install/nav2_costmap_2d:/home/nagisa/fishbot_ws/install/nav2_map_server:/home/nagisa/fishbot_ws/install/nav2_lifecycle_manager:/home/nagisa/fishbot_ws/install/nav2_util:/home/nagisa/fishbot_ws/install/nav2_voxel_grid:/home/nagisa/fishbot_ws/install/nav2_msgs:/home/nagisa/fishbot_ws/install/nav2_common:${AMENT_PREFIX_PATH} CMAKE_PREFIX_PATH=/home/nagisa/fishbot_ws/install/nav2_costmap_2d:/home/nagisa/fishbot_ws/install/nav2_map_server:/home/nagisa/fishbot_ws/install/nav2_lifecycle_manager:/home/nagisa/fishbot_ws/install/nav2_util:/home/nagisa/fishbot_ws/install/nav2_voxel_grid:/home/nagisa/fishbot_ws/install/nav2_msgs:/home/nagisa/fishbot_ws/install/nav2_common:/opt/ros/humble LD_LIBRARY_PATH=/home/nagisa/fishbot_ws/install/nav2_costmap_2d/lib:/home/nagisa/fishbot_ws/install/nav2_map_server/lib:/home/nagisa/fishbot_ws/install/nav2_lifecycle_manager/lib:/home/nagisa/fishbot_ws/install/nav2_util/lib:/home/nagisa/fishbot_ws/install/nav2_voxel_grid/lib:/home/nagisa/fishbot_ws/install/nav2_msgs/lib:${LD_LIBRARY_PATH} PYTHONPATH=/home/nagisa/fishbot_ws/install/nav2_msgs/local/lib/python3.10/dist-packages:/home/nagisa/fishbot_ws/install/nav2_common/local/lib/python3.10/dist-packages:${PYTHONPATH} /usr/bin/cmake --build /home/nagisa/fishbot_ws/build/costmap_queue -- -j12 -l12
[0.249s] Invoking command in '/home/nagisa/fishbot_ws/build/costmap_queue': AMENT_PREFIX_PATH=/home/nagisa/fishbot_ws/install/nav2_costmap_2d:/home/nagisa/fishbot_ws/install/nav2_map_server:/home/nagisa/fishbot_ws/install/nav2_lifecycle_manager:/home/nagisa/fishbot_ws/install/nav2_util:/home/nagisa/fishbot_ws/install/nav2_voxel_grid:/home/nagisa/fishbot_ws/install/nav2_msgs:/home/nagisa/fishbot_ws/install/nav2_common:${AMENT_PREFIX_PATH} CMAKE_PREFIX_PATH=/home/nagisa/fishbot_ws/install/nav2_costmap_2d:/home/nagisa/fishbot_ws/install/nav2_map_server:/home/nagisa/fishbot_ws/install/nav2_lifecycle_manager:/home/nagisa/fishbot_ws/install/nav2_util:/home/nagisa/fishbot_ws/install/nav2_voxel_grid:/home/nagisa/fishbot_ws/install/nav2_msgs:/home/nagisa/fishbot_ws/install/nav2_common:/opt/ros/humble LD_LIBRARY_PATH=/home/nagisa/fishbot_ws/install/nav2_costmap_2d/lib:/home/nagisa/fishbot_ws/install/nav2_map_server/lib:/home/nagisa/fishbot_ws/install/nav2_lifecycle_manager/lib:/home/nagisa/fishbot_ws/install/nav2_util/lib:/home/nagisa/fishbot_ws/install/nav2_voxel_grid/lib:/home/nagisa/fishbot_ws/install/nav2_msgs/lib:${LD_LIBRARY_PATH} PYTHONPATH=/home/nagisa/fishbot_ws/install/nav2_msgs/local/lib/python3.10/dist-packages:/home/nagisa/fishbot_ws/install/nav2_common/local/lib/python3.10/dist-packages:${PYTHONPATH} /usr/bin/cmake --install /home/nagisa/fishbot_ws/build/costmap_queue
[0.259s] -- Install configuration: "Release"
[0.261s] -- Up-to-date: /home/nagisa/fishbot_ws/install/costmap_queue/lib/libcostmap_queue.so
[0.261s] -- Up-to-date: /home/nagisa/fishbot_ws/install/costmap_queue/include/
[0.262s] -- Up-to-date: /home/nagisa/fishbot_ws/install/costmap_queue/include//costmap_queue
[0.262s] -- Up-to-date: /home/nagisa/fishbot_ws/install/costmap_queue/include//costmap_queue/limited_costmap_queue.hpp
[0.262s] -- Up-to-date: /home/nagisa/fishbot_ws/install/costmap_queue/include//costmap_queue/map_based_queue.hpp
[0.262s] -- Up-to-date: /home/nagisa/fishbot_ws/install/costmap_queue/include//costmap_queue/costmap_queue.hpp
[0.263s] -- Up-to-date: /home/nagisa/fishbot_ws/install/costmap_queue/share/costmap_queue/environment/library_path.sh
[0.263s] -- Up-to-date: /home/nagisa/fishbot_ws/install/costmap_queue/share/costmap_queue/environment/library_path.dsv
[0.264s] -- Up-to-date: /home/nagisa/fishbot_ws/install/costmap_queue/share/ament_index/resource_index/package_run_dependencies/costmap_queue
[0.265s] -- Up-to-date: /home/nagisa/fishbot_ws/install/costmap_queue/share/ament_index/resource_index/parent_prefix_path/costmap_queue
[0.265s] -- Up-to-date: /home/nagisa/fishbot_ws/install/costmap_queue/share/costmap_queue/environment/ament_prefix_path.sh
[0.265s] -- Up-to-date: /home/nagisa/fishbot_ws/install/costmap_queue/share/costmap_queue/environment/ament_prefix_path.dsv
[0.265s] -- Up-to-date: /home/nagisa/fishbot_ws/install/costmap_queue/share/costmap_queue/environment/path.sh
[0.265s] -- Up-to-date: /home/nagisa/fishbot_ws/install/costmap_queue/share/costmap_queue/environment/path.dsv
[0.265s] -- Up-to-date: /home/nagisa/fishbot_ws/install/costmap_queue/share/costmap_queue/local_setup.bash
[0.265s] -- Up-to-date: /home/nagisa/fishbot_ws/install/costmap_queue/share/costmap_queue/local_setup.sh
[0.265s] -- Up-to-date: /home/nagisa/fishbot_ws/install/costmap_queue/share/costmap_queue/local_setup.zsh
[0.265s] -- Up-to-date: /home/nagisa/fishbot_ws/install/costmap_queue/share/costmap_queue/local_setup.dsv
[0.265s] -- Installing: /home/nagisa/fishbot_ws/install/costmap_queue/share/costmap_queue/package.dsv
[0.266s] -- Up-to-date: /home/nagisa/fishbot_ws/install/costmap_queue/share/ament_index/resource_index/packages/costmap_queue
[0.266s] -- Up-to-date: /home/nagisa/fishbot_ws/install/costmap_queue/share/costmap_queue/cmake/ament_cmake_export_include_directories-extras.cmake
[0.266s] -- Up-to-date: /home/nagisa/fishbot_ws/install/costmap_queue/share/costmap_queue/cmake/ament_cmake_export_libraries-extras.cmake
[0.266s] -- Up-to-date: /home/nagisa/fishbot_ws/install/costmap_queue/share/costmap_queue/cmake/costmap_queueConfig.cmake
[0.267s] -- Up-to-date: /home/nagisa/fishbot_ws/install/costmap_queue/share/costmap_queue/cmake/costmap_queueConfig-version.cmake
[0.267s] -- Up-to-date: /home/nagisa/fishbot_ws/install/costmap_queue/share/costmap_queue/package.xml
[0.269s] Invoked command in '/home/nagisa/fishbot_ws/build/costmap_queue' returned '0': AMENT_PREFIX_PATH=/home/nagisa/fishbot_ws/install/nav2_costmap_2d:/home/nagisa/fishbot_ws/install/nav2_map_server:/home/nagisa/fishbot_ws/install/nav2_lifecycle_manager:/home/nagisa/fishbot_ws/install/nav2_util:/home/nagisa/fishbot_ws/install/nav2_voxel_grid:/home/nagisa/fishbot_ws/install/nav2_msgs:/home/nagisa/fishbot_ws/install/nav2_common:${AMENT_PREFIX_PATH} CMAKE_PREFIX_PATH=/home/nagisa/fishbot_ws/install/nav2_costmap_2d:/home/nagisa/fishbot_ws/install/nav2_map_server:/home/nagisa/fishbot_ws/install/nav2_lifecycle_manager:/home/nagisa/fishbot_ws/install/nav2_util:/home/nagisa/fishbot_ws/install/nav2_voxel_grid:/home/nagisa/fishbot_ws/install/nav2_msgs:/home/nagisa/fishbot_ws/install/nav2_common:/opt/ros/humble LD_LIBRARY_PATH=/home/nagisa/fishbot_ws/install/nav2_costmap_2d/lib:/home/nagisa/fishbot_ws/install/nav2_map_server/lib:/home/nagisa/fishbot_ws/install/nav2_lifecycle_manager/lib:/home/nagisa/fishbot_ws/install/nav2_util/lib:/home/nagisa/fishbot_ws/install/nav2_voxel_grid/lib:/home/nagisa/fishbot_ws/install/nav2_msgs/lib:${LD_LIBRARY_PATH} PYTHONPATH=/home/nagisa/fishbot_ws/install/nav2_msgs/local/lib/python3.10/dist-packages:/home/nagisa/fishbot_ws/install/nav2_common/local/lib/python3.10/dist-packages:${PYTHONPATH} /usr/bin/cmake --install /home/nagisa/fishbot_ws/build/costmap_queue
